[2025-02-04T16:23:23.049+0000] {processor.py:186} INFO - Started process (PID=148) to work on /home/airflow/.local/lib/python3.9/site-packages/airflow/example_dags/plugins/decreasing_priority_weight_strategy.py
[2025-02-04T16:23:23.050+0000] {processor.py:914} INFO - Processing file /home/airflow/.local/lib/python3.9/site-packages/airflow/example_dags/plugins/decreasing_priority_weight_strategy.py for tasks to queue
[2025-02-04T16:23:23.053+0000] {logging_mixin.py:190} INFO - [2025-02-04T16:23:23.053+0000] {dagbag.py:588} INFO - Filling up the DagBag from /home/airflow/.local/lib/python3.9/site-packages/airflow/example_dags/plugins/decreasing_priority_weight_strategy.py
[2025-02-04T16:23:23.637+0000] {processor.py:927} WARNING - No viable dags retrieved from /home/airflow/.local/lib/python3.9/site-packages/airflow/example_dags/plugins/decreasing_priority_weight_strategy.py
[2025-02-04T16:23:23.650+0000] {processor.py:208} INFO - Processing /home/airflow/.local/lib/python3.9/site-packages/airflow/example_dags/plugins/decreasing_priority_weight_strategy.py took 0.610 seconds
[2025-02-04T16:23:53.754+0000] {processor.py:186} INFO - Started process (PID=214) to work on /home/airflow/.local/lib/python3.9/site-packages/airflow/example_dags/plugins/decreasing_priority_weight_strategy.py
[2025-02-04T16:23:53.756+0000] {processor.py:914} INFO - Processing file /home/airflow/.local/lib/python3.9/site-packages/airflow/example_dags/plugins/decreasing_priority_weight_strategy.py for tasks to queue
[2025-02-04T16:23:53.759+0000] {logging_mixin.py:190} INFO - [2025-02-04T16:23:53.758+0000] {dagbag.py:588} INFO - Filling up the DagBag from /home/airflow/.local/lib/python3.9/site-packages/airflow/example_dags/plugins/decreasing_priority_weight_strategy.py
[2025-02-04T16:23:53.762+0000] {processor.py:927} WARNING - No viable dags retrieved from /home/airflow/.local/lib/python3.9/site-packages/airflow/example_dags/plugins/decreasing_priority_weight_strategy.py
[2025-02-04T16:23:53.778+0000] {processor.py:208} INFO - Processing /home/airflow/.local/lib/python3.9/site-packages/airflow/example_dags/plugins/decreasing_priority_weight_strategy.py took 0.031 seconds
[2025-02-04T16:24:23.929+0000] {processor.py:186} INFO - Started process (PID=277) to work on /home/airflow/.local/lib/python3.9/site-packages/airflow/example_dags/plugins/decreasing_priority_weight_strategy.py
[2025-02-04T16:24:23.930+0000] {processor.py:914} INFO - Processing file /home/airflow/.local/lib/python3.9/site-packages/airflow/example_dags/plugins/decreasing_priority_weight_strategy.py for tasks to queue
[2025-02-04T16:24:23.933+0000] {logging_mixin.py:190} INFO - [2025-02-04T16:24:23.933+0000] {dagbag.py:588} INFO - Filling up the DagBag from /home/airflow/.local/lib/python3.9/site-packages/airflow/example_dags/plugins/decreasing_priority_weight_strategy.py
[2025-02-04T16:24:23.936+0000] {processor.py:927} WARNING - No viable dags retrieved from /home/airflow/.local/lib/python3.9/site-packages/airflow/example_dags/plugins/decreasing_priority_weight_strategy.py
[2025-02-04T16:24:23.953+0000] {processor.py:208} INFO - Processing /home/airflow/.local/lib/python3.9/site-packages/airflow/example_dags/plugins/decreasing_priority_weight_strategy.py took 0.031 seconds
[2025-02-04T16:24:54.288+0000] {processor.py:186} INFO - Started process (PID=341) to work on /home/airflow/.local/lib/python3.9/site-packages/airflow/example_dags/plugins/decreasing_priority_weight_strategy.py
[2025-02-04T16:24:54.290+0000] {processor.py:914} INFO - Processing file /home/airflow/.local/lib/python3.9/site-packages/airflow/example_dags/plugins/decreasing_priority_weight_strategy.py for tasks to queue
[2025-02-04T16:24:54.293+0000] {logging_mixin.py:190} INFO - [2025-02-04T16:24:54.292+0000] {dagbag.py:588} INFO - Filling up the DagBag from /home/airflow/.local/lib/python3.9/site-packages/airflow/example_dags/plugins/decreasing_priority_weight_strategy.py
[2025-02-04T16:24:54.296+0000] {processor.py:927} WARNING - No viable dags retrieved from /home/airflow/.local/lib/python3.9/site-packages/airflow/example_dags/plugins/decreasing_priority_weight_strategy.py
[2025-02-04T16:24:54.312+0000] {processor.py:208} INFO - Processing /home/airflow/.local/lib/python3.9/site-packages/airflow/example_dags/plugins/decreasing_priority_weight_strategy.py took 0.031 seconds
[2025-02-04T16:25:25.056+0000] {processor.py:186} INFO - Started process (PID=405) to work on /home/airflow/.local/lib/python3.9/site-packages/airflow/example_dags/plugins/decreasing_priority_weight_strategy.py
[2025-02-04T16:25:25.074+0000] {processor.py:914} INFO - Processing file /home/airflow/.local/lib/python3.9/site-packages/airflow/example_dags/plugins/decreasing_priority_weight_strategy.py for tasks to queue
[2025-02-04T16:25:25.077+0000] {logging_mixin.py:190} INFO - [2025-02-04T16:25:25.077+0000] {dagbag.py:588} INFO - Filling up the DagBag from /home/airflow/.local/lib/python3.9/site-packages/airflow/example_dags/plugins/decreasing_priority_weight_strategy.py
[2025-02-04T16:25:25.080+0000] {processor.py:927} WARNING - No viable dags retrieved from /home/airflow/.local/lib/python3.9/site-packages/airflow/example_dags/plugins/decreasing_priority_weight_strategy.py
[2025-02-04T16:25:25.098+0000] {processor.py:208} INFO - Processing /home/airflow/.local/lib/python3.9/site-packages/airflow/example_dags/plugins/decreasing_priority_weight_strategy.py took 0.049 seconds
[2025-02-04T16:25:56.840+0000] {processor.py:186} INFO - Started process (PID=469) to work on /home/airflow/.local/lib/python3.9/site-packages/airflow/example_dags/plugins/decreasing_priority_weight_strategy.py
[2025-02-04T16:25:56.842+0000] {processor.py:914} INFO - Processing file /home/airflow/.local/lib/python3.9/site-packages/airflow/example_dags/plugins/decreasing_priority_weight_strategy.py for tasks to queue
[2025-02-04T16:25:56.844+0000] {logging_mixin.py:190} INFO - [2025-02-04T16:25:56.844+0000] {dagbag.py:588} INFO - Filling up the DagBag from /home/airflow/.local/lib/python3.9/site-packages/airflow/example_dags/plugins/decreasing_priority_weight_strategy.py
[2025-02-04T16:25:56.847+0000] {processor.py:927} WARNING - No viable dags retrieved from /home/airflow/.local/lib/python3.9/site-packages/airflow/example_dags/plugins/decreasing_priority_weight_strategy.py
[2025-02-04T16:25:56.863+0000] {processor.py:208} INFO - Processing /home/airflow/.local/lib/python3.9/site-packages/airflow/example_dags/plugins/decreasing_priority_weight_strategy.py took 0.031 seconds
[2025-02-04T16:26:28.025+0000] {processor.py:186} INFO - Started process (PID=536) to work on /home/airflow/.local/lib/python3.9/site-packages/airflow/example_dags/plugins/decreasing_priority_weight_strategy.py
[2025-02-04T16:26:28.026+0000] {processor.py:914} INFO - Processing file /home/airflow/.local/lib/python3.9/site-packages/airflow/example_dags/plugins/decreasing_priority_weight_strategy.py for tasks to queue
[2025-02-04T16:26:28.028+0000] {logging_mixin.py:190} INFO - [2025-02-04T16:26:28.028+0000] {dagbag.py:588} INFO - Filling up the DagBag from /home/airflow/.local/lib/python3.9/site-packages/airflow/example_dags/plugins/decreasing_priority_weight_strategy.py
[2025-02-04T16:26:28.031+0000] {processor.py:927} WARNING - No viable dags retrieved from /home/airflow/.local/lib/python3.9/site-packages/airflow/example_dags/plugins/decreasing_priority_weight_strategy.py
[2025-02-04T16:26:28.048+0000] {processor.py:208} INFO - Processing /home/airflow/.local/lib/python3.9/site-packages/airflow/example_dags/plugins/decreasing_priority_weight_strategy.py took 0.030 seconds
[2025-02-04T16:26:58.274+0000] {processor.py:186} INFO - Started process (PID=600) to work on /home/airflow/.local/lib/python3.9/site-packages/airflow/example_dags/plugins/decreasing_priority_weight_strategy.py
[2025-02-04T16:26:58.275+0000] {processor.py:914} INFO - Processing file /home/airflow/.local/lib/python3.9/site-packages/airflow/example_dags/plugins/decreasing_priority_weight_strategy.py for tasks to queue
[2025-02-04T16:26:58.278+0000] {logging_mixin.py:190} INFO - [2025-02-04T16:26:58.278+0000] {dagbag.py:588} INFO - Filling up the DagBag from /home/airflow/.local/lib/python3.9/site-packages/airflow/example_dags/plugins/decreasing_priority_weight_strategy.py
[2025-02-04T16:26:58.281+0000] {processor.py:927} WARNING - No viable dags retrieved from /home/airflow/.local/lib/python3.9/site-packages/airflow/example_dags/plugins/decreasing_priority_weight_strategy.py
[2025-02-04T16:26:58.299+0000] {processor.py:208} INFO - Processing /home/airflow/.local/lib/python3.9/site-packages/airflow/example_dags/plugins/decreasing_priority_weight_strategy.py took 0.037 seconds
[2025-02-04T16:27:29.280+0000] {processor.py:186} INFO - Started process (PID=664) to work on /home/airflow/.local/lib/python3.9/site-packages/airflow/example_dags/plugins/decreasing_priority_weight_strategy.py
[2025-02-04T16:27:29.281+0000] {processor.py:914} INFO - Processing file /home/airflow/.local/lib/python3.9/site-packages/airflow/example_dags/plugins/decreasing_priority_weight_strategy.py for tasks to queue
[2025-02-04T16:27:29.283+0000] {logging_mixin.py:190} INFO - [2025-02-04T16:27:29.283+0000] {dagbag.py:588} INFO - Filling up the DagBag from /home/airflow/.local/lib/python3.9/site-packages/airflow/example_dags/plugins/decreasing_priority_weight_strategy.py
[2025-02-04T16:27:29.286+0000] {processor.py:927} WARNING - No viable dags retrieved from /home/airflow/.local/lib/python3.9/site-packages/airflow/example_dags/plugins/decreasing_priority_weight_strategy.py
[2025-02-04T16:27:29.303+0000] {processor.py:208} INFO - Processing /home/airflow/.local/lib/python3.9/site-packages/airflow/example_dags/plugins/decreasing_priority_weight_strategy.py took 0.030 seconds
[2025-02-04T16:28:00.194+0000] {processor.py:186} INFO - Started process (PID=735) to work on /home/airflow/.local/lib/python3.9/site-packages/airflow/example_dags/plugins/decreasing_priority_weight_strategy.py
[2025-02-04T16:28:00.195+0000] {processor.py:914} INFO - Processing file /home/airflow/.local/lib/python3.9/site-packages/airflow/example_dags/plugins/decreasing_priority_weight_strategy.py for tasks to queue
[2025-02-04T16:28:00.198+0000] {logging_mixin.py:190} INFO - [2025-02-04T16:28:00.198+0000] {dagbag.py:588} INFO - Filling up the DagBag from /home/airflow/.local/lib/python3.9/site-packages/airflow/example_dags/plugins/decreasing_priority_weight_strategy.py
[2025-02-04T16:28:00.200+0000] {processor.py:927} WARNING - No viable dags retrieved from /home/airflow/.local/lib/python3.9/site-packages/airflow/example_dags/plugins/decreasing_priority_weight_strategy.py
[2025-02-04T16:28:00.215+0000] {processor.py:208} INFO - Processing /home/airflow/.local/lib/python3.9/site-packages/airflow/example_dags/plugins/decreasing_priority_weight_strategy.py took 0.027 seconds
[2025-02-04T16:28:30.787+0000] {processor.py:186} INFO - Started process (PID=799) to work on /home/airflow/.local/lib/python3.9/site-packages/airflow/example_dags/plugins/decreasing_priority_weight_strategy.py
[2025-02-04T16:28:30.788+0000] {processor.py:914} INFO - Processing file /home/airflow/.local/lib/python3.9/site-packages/airflow/example_dags/plugins/decreasing_priority_weight_strategy.py for tasks to queue
[2025-02-04T16:28:30.791+0000] {logging_mixin.py:190} INFO - [2025-02-04T16:28:30.791+0000] {dagbag.py:588} INFO - Filling up the DagBag from /home/airflow/.local/lib/python3.9/site-packages/airflow/example_dags/plugins/decreasing_priority_weight_strategy.py
[2025-02-04T16:28:30.793+0000] {processor.py:927} WARNING - No viable dags retrieved from /home/airflow/.local/lib/python3.9/site-packages/airflow/example_dags/plugins/decreasing_priority_weight_strategy.py
[2025-02-04T16:28:30.807+0000] {processor.py:208} INFO - Processing /home/airflow/.local/lib/python3.9/site-packages/airflow/example_dags/plugins/decreasing_priority_weight_strategy.py took 0.026 seconds
[2025-02-04T16:29:01.180+0000] {processor.py:186} INFO - Started process (PID=863) to work on /home/airflow/.local/lib/python3.9/site-packages/airflow/example_dags/plugins/decreasing_priority_weight_strategy.py
[2025-02-04T16:29:01.181+0000] {processor.py:914} INFO - Processing file /home/airflow/.local/lib/python3.9/site-packages/airflow/example_dags/plugins/decreasing_priority_weight_strategy.py for tasks to queue
[2025-02-04T16:29:01.184+0000] {logging_mixin.py:190} INFO - [2025-02-04T16:29:01.184+0000] {dagbag.py:588} INFO - Filling up the DagBag from /home/airflow/.local/lib/python3.9/site-packages/airflow/example_dags/plugins/decreasing_priority_weight_strategy.py
[2025-02-04T16:29:01.186+0000] {processor.py:927} WARNING - No viable dags retrieved from /home/airflow/.local/lib/python3.9/site-packages/airflow/example_dags/plugins/decreasing_priority_weight_strategy.py
[2025-02-04T16:29:01.203+0000] {processor.py:208} INFO - Processing /home/airflow/.local/lib/python3.9/site-packages/airflow/example_dags/plugins/decreasing_priority_weight_strategy.py took 0.029 seconds
[2025-02-04T16:29:31.503+0000] {processor.py:186} INFO - Started process (PID=927) to work on /home/airflow/.local/lib/python3.9/site-packages/airflow/example_dags/plugins/decreasing_priority_weight_strategy.py
[2025-02-04T16:29:31.505+0000] {processor.py:914} INFO - Processing file /home/airflow/.local/lib/python3.9/site-packages/airflow/example_dags/plugins/decreasing_priority_weight_strategy.py for tasks to queue
[2025-02-04T16:29:31.508+0000] {logging_mixin.py:190} INFO - [2025-02-04T16:29:31.507+0000] {dagbag.py:588} INFO - Filling up the DagBag from /home/airflow/.local/lib/python3.9/site-packages/airflow/example_dags/plugins/decreasing_priority_weight_strategy.py
[2025-02-04T16:29:31.511+0000] {processor.py:927} WARNING - No viable dags retrieved from /home/airflow/.local/lib/python3.9/site-packages/airflow/example_dags/plugins/decreasing_priority_weight_strategy.py
[2025-02-04T16:29:31.528+0000] {processor.py:208} INFO - Processing /home/airflow/.local/lib/python3.9/site-packages/airflow/example_dags/plugins/decreasing_priority_weight_strategy.py took 0.033 seconds
[2025-02-04T16:30:02.067+0000] {processor.py:186} INFO - Started process (PID=991) to work on /home/airflow/.local/lib/python3.9/site-packages/airflow/example_dags/plugins/decreasing_priority_weight_strategy.py
[2025-02-04T16:30:02.068+0000] {processor.py:914} INFO - Processing file /home/airflow/.local/lib/python3.9/site-packages/airflow/example_dags/plugins/decreasing_priority_weight_strategy.py for tasks to queue
[2025-02-04T16:30:02.071+0000] {logging_mixin.py:190} INFO - [2025-02-04T16:30:02.071+0000] {dagbag.py:588} INFO - Filling up the DagBag from /home/airflow/.local/lib/python3.9/site-packages/airflow/example_dags/plugins/decreasing_priority_weight_strategy.py
[2025-02-04T16:30:02.074+0000] {processor.py:927} WARNING - No viable dags retrieved from /home/airflow/.local/lib/python3.9/site-packages/airflow/example_dags/plugins/decreasing_priority_weight_strategy.py
[2025-02-04T16:30:02.089+0000] {processor.py:208} INFO - Processing /home/airflow/.local/lib/python3.9/site-packages/airflow/example_dags/plugins/decreasing_priority_weight_strategy.py took 0.029 seconds
[2025-02-04T16:30:33.051+0000] {processor.py:186} INFO - Started process (PID=1055) to work on /home/airflow/.local/lib/python3.9/site-packages/airflow/example_dags/plugins/decreasing_priority_weight_strategy.py
[2025-02-04T16:30:33.052+0000] {processor.py:914} INFO - Processing file /home/airflow/.local/lib/python3.9/site-packages/airflow/example_dags/plugins/decreasing_priority_weight_strategy.py for tasks to queue
[2025-02-04T16:30:33.055+0000] {logging_mixin.py:190} INFO - [2025-02-04T16:30:33.055+0000] {dagbag.py:588} INFO - Filling up the DagBag from /home/airflow/.local/lib/python3.9/site-packages/airflow/example_dags/plugins/decreasing_priority_weight_strategy.py
[2025-02-04T16:30:33.058+0000] {processor.py:927} WARNING - No viable dags retrieved from /home/airflow/.local/lib/python3.9/site-packages/airflow/example_dags/plugins/decreasing_priority_weight_strategy.py
[2025-02-04T16:30:33.078+0000] {processor.py:208} INFO - Processing /home/airflow/.local/lib/python3.9/site-packages/airflow/example_dags/plugins/decreasing_priority_weight_strategy.py took 0.034 seconds
[2025-02-04T16:31:03.638+0000] {processor.py:186} INFO - Started process (PID=1119) to work on /home/airflow/.local/lib/python3.9/site-packages/airflow/example_dags/plugins/decreasing_priority_weight_strategy.py
[2025-02-04T16:31:03.640+0000] {processor.py:914} INFO - Processing file /home/airflow/.local/lib/python3.9/site-packages/airflow/example_dags/plugins/decreasing_priority_weight_strategy.py for tasks to queue
[2025-02-04T16:31:03.644+0000] {logging_mixin.py:190} INFO - [2025-02-04T16:31:03.643+0000] {dagbag.py:588} INFO - Filling up the DagBag from /home/airflow/.local/lib/python3.9/site-packages/airflow/example_dags/plugins/decreasing_priority_weight_strategy.py
[2025-02-04T16:31:03.647+0000] {processor.py:927} WARNING - No viable dags retrieved from /home/airflow/.local/lib/python3.9/site-packages/airflow/example_dags/plugins/decreasing_priority_weight_strategy.py
[2025-02-04T16:31:03.672+0000] {processor.py:208} INFO - Processing /home/airflow/.local/lib/python3.9/site-packages/airflow/example_dags/plugins/decreasing_priority_weight_strategy.py took 0.044 seconds
[2025-02-04T16:31:34.732+0000] {processor.py:186} INFO - Started process (PID=1183) to work on /home/airflow/.local/lib/python3.9/site-packages/airflow/example_dags/plugins/decreasing_priority_weight_strategy.py
[2025-02-04T16:31:34.733+0000] {processor.py:914} INFO - Processing file /home/airflow/.local/lib/python3.9/site-packages/airflow/example_dags/plugins/decreasing_priority_weight_strategy.py for tasks to queue
[2025-02-04T16:31:34.737+0000] {logging_mixin.py:190} INFO - [2025-02-04T16:31:34.737+0000] {dagbag.py:588} INFO - Filling up the DagBag from /home/airflow/.local/lib/python3.9/site-packages/airflow/example_dags/plugins/decreasing_priority_weight_strategy.py
[2025-02-04T16:31:34.741+0000] {processor.py:927} WARNING - No viable dags retrieved from /home/airflow/.local/lib/python3.9/site-packages/airflow/example_dags/plugins/decreasing_priority_weight_strategy.py
[2025-02-04T16:31:34.757+0000] {processor.py:208} INFO - Processing /home/airflow/.local/lib/python3.9/site-packages/airflow/example_dags/plugins/decreasing_priority_weight_strategy.py took 0.032 seconds
[2025-02-04T16:32:06.150+0000] {processor.py:186} INFO - Started process (PID=1247) to work on /home/airflow/.local/lib/python3.9/site-packages/airflow/example_dags/plugins/decreasing_priority_weight_strategy.py
[2025-02-04T16:32:06.152+0000] {processor.py:914} INFO - Processing file /home/airflow/.local/lib/python3.9/site-packages/airflow/example_dags/plugins/decreasing_priority_weight_strategy.py for tasks to queue
[2025-02-04T16:32:06.155+0000] {logging_mixin.py:190} INFO - [2025-02-04T16:32:06.155+0000] {dagbag.py:588} INFO - Filling up the DagBag from /home/airflow/.local/lib/python3.9/site-packages/airflow/example_dags/plugins/decreasing_priority_weight_strategy.py
[2025-02-04T16:32:06.158+0000] {processor.py:927} WARNING - No viable dags retrieved from /home/airflow/.local/lib/python3.9/site-packages/airflow/example_dags/plugins/decreasing_priority_weight_strategy.py
[2025-02-04T16:32:06.178+0000] {processor.py:208} INFO - Processing /home/airflow/.local/lib/python3.9/site-packages/airflow/example_dags/plugins/decreasing_priority_weight_strategy.py took 0.035 seconds
[2025-02-04T16:32:37.112+0000] {processor.py:186} INFO - Started process (PID=1311) to work on /home/airflow/.local/lib/python3.9/site-packages/airflow/example_dags/plugins/decreasing_priority_weight_strategy.py
[2025-02-04T16:32:37.114+0000] {processor.py:914} INFO - Processing file /home/airflow/.local/lib/python3.9/site-packages/airflow/example_dags/plugins/decreasing_priority_weight_strategy.py for tasks to queue
[2025-02-04T16:32:37.119+0000] {logging_mixin.py:190} INFO - [2025-02-04T16:32:37.119+0000] {dagbag.py:588} INFO - Filling up the DagBag from /home/airflow/.local/lib/python3.9/site-packages/airflow/example_dags/plugins/decreasing_priority_weight_strategy.py
[2025-02-04T16:32:37.126+0000] {processor.py:927} WARNING - No viable dags retrieved from /home/airflow/.local/lib/python3.9/site-packages/airflow/example_dags/plugins/decreasing_priority_weight_strategy.py
[2025-02-04T16:32:37.144+0000] {processor.py:208} INFO - Processing /home/airflow/.local/lib/python3.9/site-packages/airflow/example_dags/plugins/decreasing_priority_weight_strategy.py took 0.040 seconds
[2025-02-04T16:33:07.346+0000] {processor.py:186} INFO - Started process (PID=1383) to work on /home/airflow/.local/lib/python3.9/site-packages/airflow/example_dags/plugins/decreasing_priority_weight_strategy.py
[2025-02-04T16:33:07.347+0000] {processor.py:914} INFO - Processing file /home/airflow/.local/lib/python3.9/site-packages/airflow/example_dags/plugins/decreasing_priority_weight_strategy.py for tasks to queue
[2025-02-04T16:33:07.350+0000] {logging_mixin.py:190} INFO - [2025-02-04T16:33:07.350+0000] {dagbag.py:588} INFO - Filling up the DagBag from /home/airflow/.local/lib/python3.9/site-packages/airflow/example_dags/plugins/decreasing_priority_weight_strategy.py
[2025-02-04T16:33:07.353+0000] {processor.py:927} WARNING - No viable dags retrieved from /home/airflow/.local/lib/python3.9/site-packages/airflow/example_dags/plugins/decreasing_priority_weight_strategy.py
[2025-02-04T16:33:07.368+0000] {processor.py:208} INFO - Processing /home/airflow/.local/lib/python3.9/site-packages/airflow/example_dags/plugins/decreasing_priority_weight_strategy.py took 0.031 seconds
[2025-02-04T16:33:37.809+0000] {processor.py:186} INFO - Started process (PID=1447) to work on /home/airflow/.local/lib/python3.9/site-packages/airflow/example_dags/plugins/decreasing_priority_weight_strategy.py
[2025-02-04T16:33:37.810+0000] {processor.py:914} INFO - Processing file /home/airflow/.local/lib/python3.9/site-packages/airflow/example_dags/plugins/decreasing_priority_weight_strategy.py for tasks to queue
[2025-02-04T16:33:37.812+0000] {logging_mixin.py:190} INFO - [2025-02-04T16:33:37.812+0000] {dagbag.py:588} INFO - Filling up the DagBag from /home/airflow/.local/lib/python3.9/site-packages/airflow/example_dags/plugins/decreasing_priority_weight_strategy.py
[2025-02-04T16:33:37.815+0000] {processor.py:927} WARNING - No viable dags retrieved from /home/airflow/.local/lib/python3.9/site-packages/airflow/example_dags/plugins/decreasing_priority_weight_strategy.py
[2025-02-04T16:33:37.831+0000] {processor.py:208} INFO - Processing /home/airflow/.local/lib/python3.9/site-packages/airflow/example_dags/plugins/decreasing_priority_weight_strategy.py took 0.030 seconds
[2025-02-04T16:34:08.822+0000] {processor.py:186} INFO - Started process (PID=1511) to work on /home/airflow/.local/lib/python3.9/site-packages/airflow/example_dags/plugins/decreasing_priority_weight_strategy.py
[2025-02-04T16:34:08.824+0000] {processor.py:914} INFO - Processing file /home/airflow/.local/lib/python3.9/site-packages/airflow/example_dags/plugins/decreasing_priority_weight_strategy.py for tasks to queue
[2025-02-04T16:34:08.827+0000] {logging_mixin.py:190} INFO - [2025-02-04T16:34:08.827+0000] {dagbag.py:588} INFO - Filling up the DagBag from /home/airflow/.local/lib/python3.9/site-packages/airflow/example_dags/plugins/decreasing_priority_weight_strategy.py
[2025-02-04T16:34:08.831+0000] {processor.py:927} WARNING - No viable dags retrieved from /home/airflow/.local/lib/python3.9/site-packages/airflow/example_dags/plugins/decreasing_priority_weight_strategy.py
[2025-02-04T16:34:08.266+0000] {processor.py:208} INFO - Processing /home/airflow/.local/lib/python3.9/site-packages/airflow/example_dags/plugins/decreasing_priority_weight_strategy.py took 0.091 seconds
[2025-02-04T16:34:44.057+0000] {processor.py:186} INFO - Started process (PID=1579) to work on /home/airflow/.local/lib/python3.9/site-packages/airflow/example_dags/plugins/decreasing_priority_weight_strategy.py
[2025-02-04T16:34:44.059+0000] {processor.py:914} INFO - Processing file /home/airflow/.local/lib/python3.9/site-packages/airflow/example_dags/plugins/decreasing_priority_weight_strategy.py for tasks to queue
[2025-02-04T16:34:44.063+0000] {logging_mixin.py:190} INFO - [2025-02-04T16:34:44.063+0000] {dagbag.py:588} INFO - Filling up the DagBag from /home/airflow/.local/lib/python3.9/site-packages/airflow/example_dags/plugins/decreasing_priority_weight_strategy.py
[2025-02-04T16:34:44.067+0000] {processor.py:927} WARNING - No viable dags retrieved from /home/airflow/.local/lib/python3.9/site-packages/airflow/example_dags/plugins/decreasing_priority_weight_strategy.py
[2025-02-04T16:34:44.086+0000] {processor.py:208} INFO - Processing /home/airflow/.local/lib/python3.9/site-packages/airflow/example_dags/plugins/decreasing_priority_weight_strategy.py took 0.038 seconds
[2025-02-04T16:35:14.627+0000] {processor.py:186} INFO - Started process (PID=1642) to work on /home/airflow/.local/lib/python3.9/site-packages/airflow/example_dags/plugins/decreasing_priority_weight_strategy.py
[2025-02-04T16:35:14.628+0000] {processor.py:914} INFO - Processing file /home/airflow/.local/lib/python3.9/site-packages/airflow/example_dags/plugins/decreasing_priority_weight_strategy.py for tasks to queue
[2025-02-04T16:35:14.630+0000] {logging_mixin.py:190} INFO - [2025-02-04T16:35:14.630+0000] {dagbag.py:588} INFO - Filling up the DagBag from /home/airflow/.local/lib/python3.9/site-packages/airflow/example_dags/plugins/decreasing_priority_weight_strategy.py
[2025-02-04T16:35:14.633+0000] {processor.py:927} WARNING - No viable dags retrieved from /home/airflow/.local/lib/python3.9/site-packages/airflow/example_dags/plugins/decreasing_priority_weight_strategy.py
[2025-02-04T16:35:14.649+0000] {processor.py:208} INFO - Processing /home/airflow/.local/lib/python3.9/site-packages/airflow/example_dags/plugins/decreasing_priority_weight_strategy.py took 0.028 seconds
[2025-02-04T16:35:45.579+0000] {processor.py:186} INFO - Started process (PID=1706) to work on /home/airflow/.local/lib/python3.9/site-packages/airflow/example_dags/plugins/decreasing_priority_weight_strategy.py
[2025-02-04T16:35:45.580+0000] {processor.py:914} INFO - Processing file /home/airflow/.local/lib/python3.9/site-packages/airflow/example_dags/plugins/decreasing_priority_weight_strategy.py for tasks to queue
[2025-02-04T16:35:45.583+0000] {logging_mixin.py:190} INFO - [2025-02-04T16:35:45.582+0000] {dagbag.py:588} INFO - Filling up the DagBag from /home/airflow/.local/lib/python3.9/site-packages/airflow/example_dags/plugins/decreasing_priority_weight_strategy.py
[2025-02-04T16:35:45.586+0000] {processor.py:927} WARNING - No viable dags retrieved from /home/airflow/.local/lib/python3.9/site-packages/airflow/example_dags/plugins/decreasing_priority_weight_strategy.py
[2025-02-04T16:35:45.602+0000] {processor.py:208} INFO - Processing /home/airflow/.local/lib/python3.9/site-packages/airflow/example_dags/plugins/decreasing_priority_weight_strategy.py took 0.030 seconds
[2025-02-04T16:36:15.844+0000] {processor.py:186} INFO - Started process (PID=1771) to work on /home/airflow/.local/lib/python3.9/site-packages/airflow/example_dags/plugins/decreasing_priority_weight_strategy.py
[2025-02-04T16:36:15.845+0000] {processor.py:914} INFO - Processing file /home/airflow/.local/lib/python3.9/site-packages/airflow/example_dags/plugins/decreasing_priority_weight_strategy.py for tasks to queue
[2025-02-04T16:36:15.848+0000] {logging_mixin.py:190} INFO - [2025-02-04T16:36:15.848+0000] {dagbag.py:588} INFO - Filling up the DagBag from /home/airflow/.local/lib/python3.9/site-packages/airflow/example_dags/plugins/decreasing_priority_weight_strategy.py
[2025-02-04T16:36:15.851+0000] {processor.py:927} WARNING - No viable dags retrieved from /home/airflow/.local/lib/python3.9/site-packages/airflow/example_dags/plugins/decreasing_priority_weight_strategy.py
[2025-02-04T16:36:15.875+0000] {processor.py:208} INFO - Processing /home/airflow/.local/lib/python3.9/site-packages/airflow/example_dags/plugins/decreasing_priority_weight_strategy.py took 0.039 seconds
[2025-02-04T16:36:46.675+0000] {processor.py:186} INFO - Started process (PID=1835) to work on /home/airflow/.local/lib/python3.9/site-packages/airflow/example_dags/plugins/decreasing_priority_weight_strategy.py
[2025-02-04T16:36:46.677+0000] {processor.py:914} INFO - Processing file /home/airflow/.local/lib/python3.9/site-packages/airflow/example_dags/plugins/decreasing_priority_weight_strategy.py for tasks to queue
[2025-02-04T16:36:46.679+0000] {logging_mixin.py:190} INFO - [2025-02-04T16:36:46.679+0000] {dagbag.py:588} INFO - Filling up the DagBag from /home/airflow/.local/lib/python3.9/site-packages/airflow/example_dags/plugins/decreasing_priority_weight_strategy.py
[2025-02-04T16:36:46.682+0000] {processor.py:927} WARNING - No viable dags retrieved from /home/airflow/.local/lib/python3.9/site-packages/airflow/example_dags/plugins/decreasing_priority_weight_strategy.py
[2025-02-04T16:36:46.696+0000] {processor.py:208} INFO - Processing /home/airflow/.local/lib/python3.9/site-packages/airflow/example_dags/plugins/decreasing_priority_weight_strategy.py took 0.029 seconds
[2025-02-04T16:39:28.004+0000] {processor.py:186} INFO - Started process (PID=1936) to work on /home/airflow/.local/lib/python3.9/site-packages/airflow/example_dags/plugins/decreasing_priority_weight_strategy.py
[2025-02-04T16:39:28.005+0000] {processor.py:914} INFO - Processing file /home/airflow/.local/lib/python3.9/site-packages/airflow/example_dags/plugins/decreasing_priority_weight_strategy.py for tasks to queue
[2025-02-04T16:39:28.007+0000] {logging_mixin.py:190} INFO - [2025-02-04T16:39:28.007+0000] {dagbag.py:588} INFO - Filling up the DagBag from /home/airflow/.local/lib/python3.9/site-packages/airflow/example_dags/plugins/decreasing_priority_weight_strategy.py
[2025-02-04T16:39:28.010+0000] {processor.py:927} WARNING - No viable dags retrieved from /home/airflow/.local/lib/python3.9/site-packages/airflow/example_dags/plugins/decreasing_priority_weight_strategy.py
[2025-02-04T16:39:28.024+0000] {processor.py:208} INFO - Processing /home/airflow/.local/lib/python3.9/site-packages/airflow/example_dags/plugins/decreasing_priority_weight_strategy.py took 0.028 seconds
[2025-02-04T16:39:58.363+0000] {processor.py:186} INFO - Started process (PID=2000) to work on /home/airflow/.local/lib/python3.9/site-packages/airflow/example_dags/plugins/decreasing_priority_weight_strategy.py
[2025-02-04T16:39:58.364+0000] {processor.py:914} INFO - Processing file /home/airflow/.local/lib/python3.9/site-packages/airflow/example_dags/plugins/decreasing_priority_weight_strategy.py for tasks to queue
[2025-02-04T16:39:58.366+0000] {logging_mixin.py:190} INFO - [2025-02-04T16:39:58.366+0000] {dagbag.py:588} INFO - Filling up the DagBag from /home/airflow/.local/lib/python3.9/site-packages/airflow/example_dags/plugins/decreasing_priority_weight_strategy.py
[2025-02-04T16:39:58.368+0000] {processor.py:927} WARNING - No viable dags retrieved from /home/airflow/.local/lib/python3.9/site-packages/airflow/example_dags/plugins/decreasing_priority_weight_strategy.py
[2025-02-04T16:39:58.385+0000] {processor.py:208} INFO - Processing /home/airflow/.local/lib/python3.9/site-packages/airflow/example_dags/plugins/decreasing_priority_weight_strategy.py took 0.028 seconds
[2025-02-04T16:40:29.407+0000] {processor.py:186} INFO - Started process (PID=2067) to work on /home/airflow/.local/lib/python3.9/site-packages/airflow/example_dags/plugins/decreasing_priority_weight_strategy.py
[2025-02-04T16:40:29.408+0000] {processor.py:914} INFO - Processing file /home/airflow/.local/lib/python3.9/site-packages/airflow/example_dags/plugins/decreasing_priority_weight_strategy.py for tasks to queue
[2025-02-04T16:40:29.410+0000] {logging_mixin.py:190} INFO - [2025-02-04T16:40:29.410+0000] {dagbag.py:588} INFO - Filling up the DagBag from /home/airflow/.local/lib/python3.9/site-packages/airflow/example_dags/plugins/decreasing_priority_weight_strategy.py
[2025-02-04T16:40:29.413+0000] {processor.py:927} WARNING - No viable dags retrieved from /home/airflow/.local/lib/python3.9/site-packages/airflow/example_dags/plugins/decreasing_priority_weight_strategy.py
[2025-02-04T16:40:29.428+0000] {processor.py:208} INFO - Processing /home/airflow/.local/lib/python3.9/site-packages/airflow/example_dags/plugins/decreasing_priority_weight_strategy.py took 0.028 seconds
[2025-02-04T16:41:00.411+0000] {processor.py:186} INFO - Started process (PID=2131) to work on /home/airflow/.local/lib/python3.9/site-packages/airflow/example_dags/plugins/decreasing_priority_weight_strategy.py
[2025-02-04T16:41:00.413+0000] {processor.py:914} INFO - Processing file /home/airflow/.local/lib/python3.9/site-packages/airflow/example_dags/plugins/decreasing_priority_weight_strategy.py for tasks to queue
[2025-02-04T16:41:00.416+0000] {logging_mixin.py:190} INFO - [2025-02-04T16:41:00.415+0000] {dagbag.py:588} INFO - Filling up the DagBag from /home/airflow/.local/lib/python3.9/site-packages/airflow/example_dags/plugins/decreasing_priority_weight_strategy.py
[2025-02-04T16:41:00.419+0000] {processor.py:927} WARNING - No viable dags retrieved from /home/airflow/.local/lib/python3.9/site-packages/airflow/example_dags/plugins/decreasing_priority_weight_strategy.py
[2025-02-04T16:41:00.434+0000] {processor.py:208} INFO - Processing /home/airflow/.local/lib/python3.9/site-packages/airflow/example_dags/plugins/decreasing_priority_weight_strategy.py took 0.033 seconds
[2025-02-04T16:41:31.501+0000] {processor.py:186} INFO - Started process (PID=2195) to work on /home/airflow/.local/lib/python3.9/site-packages/airflow/example_dags/plugins/decreasing_priority_weight_strategy.py
[2025-02-04T16:41:31.502+0000] {processor.py:914} INFO - Processing file /home/airflow/.local/lib/python3.9/site-packages/airflow/example_dags/plugins/decreasing_priority_weight_strategy.py for tasks to queue
[2025-02-04T16:41:31.504+0000] {logging_mixin.py:190} INFO - [2025-02-04T16:41:31.504+0000] {dagbag.py:588} INFO - Filling up the DagBag from /home/airflow/.local/lib/python3.9/site-packages/airflow/example_dags/plugins/decreasing_priority_weight_strategy.py
[2025-02-04T16:41:31.507+0000] {processor.py:927} WARNING - No viable dags retrieved from /home/airflow/.local/lib/python3.9/site-packages/airflow/example_dags/plugins/decreasing_priority_weight_strategy.py
[2025-02-04T16:41:31.523+0000] {processor.py:208} INFO - Processing /home/airflow/.local/lib/python3.9/site-packages/airflow/example_dags/plugins/decreasing_priority_weight_strategy.py took 0.030 seconds
[2025-02-04T16:42:02.695+0000] {processor.py:186} INFO - Started process (PID=2259) to work on /home/airflow/.local/lib/python3.9/site-packages/airflow/example_dags/plugins/decreasing_priority_weight_strategy.py
[2025-02-04T16:42:02.696+0000] {processor.py:914} INFO - Processing file /home/airflow/.local/lib/python3.9/site-packages/airflow/example_dags/plugins/decreasing_priority_weight_strategy.py for tasks to queue
[2025-02-04T16:42:02.698+0000] {logging_mixin.py:190} INFO - [2025-02-04T16:42:02.698+0000] {dagbag.py:588} INFO - Filling up the DagBag from /home/airflow/.local/lib/python3.9/site-packages/airflow/example_dags/plugins/decreasing_priority_weight_strategy.py
[2025-02-04T16:42:02.701+0000] {processor.py:927} WARNING - No viable dags retrieved from /home/airflow/.local/lib/python3.9/site-packages/airflow/example_dags/plugins/decreasing_priority_weight_strategy.py
[2025-02-04T16:42:02.716+0000] {processor.py:208} INFO - Processing /home/airflow/.local/lib/python3.9/site-packages/airflow/example_dags/plugins/decreasing_priority_weight_strategy.py took 0.027 seconds
[2025-02-04T16:42:33.368+0000] {processor.py:186} INFO - Started process (PID=2323) to work on /home/airflow/.local/lib/python3.9/site-packages/airflow/example_dags/plugins/decreasing_priority_weight_strategy.py
[2025-02-04T16:42:33.370+0000] {processor.py:914} INFO - Processing file /home/airflow/.local/lib/python3.9/site-packages/airflow/example_dags/plugins/decreasing_priority_weight_strategy.py for tasks to queue
[2025-02-04T16:42:33.372+0000] {logging_mixin.py:190} INFO - [2025-02-04T16:42:33.372+0000] {dagbag.py:588} INFO - Filling up the DagBag from /home/airflow/.local/lib/python3.9/site-packages/airflow/example_dags/plugins/decreasing_priority_weight_strategy.py
[2025-02-04T16:42:33.376+0000] {processor.py:927} WARNING - No viable dags retrieved from /home/airflow/.local/lib/python3.9/site-packages/airflow/example_dags/plugins/decreasing_priority_weight_strategy.py
[2025-02-04T16:42:33.393+0000] {processor.py:208} INFO - Processing /home/airflow/.local/lib/python3.9/site-packages/airflow/example_dags/plugins/decreasing_priority_weight_strategy.py took 0.031 seconds
[2025-02-04T16:43:03.831+0000] {processor.py:186} INFO - Started process (PID=2387) to work on /home/airflow/.local/lib/python3.9/site-packages/airflow/example_dags/plugins/decreasing_priority_weight_strategy.py
[2025-02-04T16:43:03.832+0000] {processor.py:914} INFO - Processing file /home/airflow/.local/lib/python3.9/site-packages/airflow/example_dags/plugins/decreasing_priority_weight_strategy.py for tasks to queue
[2025-02-04T16:43:03.834+0000] {logging_mixin.py:190} INFO - [2025-02-04T16:43:03.834+0000] {dagbag.py:588} INFO - Filling up the DagBag from /home/airflow/.local/lib/python3.9/site-packages/airflow/example_dags/plugins/decreasing_priority_weight_strategy.py
[2025-02-04T16:43:03.837+0000] {processor.py:927} WARNING - No viable dags retrieved from /home/airflow/.local/lib/python3.9/site-packages/airflow/example_dags/plugins/decreasing_priority_weight_strategy.py
[2025-02-04T16:43:03.853+0000] {processor.py:208} INFO - Processing /home/airflow/.local/lib/python3.9/site-packages/airflow/example_dags/plugins/decreasing_priority_weight_strategy.py took 0.029 seconds
[2025-02-04T16:43:34.422+0000] {processor.py:186} INFO - Started process (PID=2451) to work on /home/airflow/.local/lib/python3.9/site-packages/airflow/example_dags/plugins/decreasing_priority_weight_strategy.py
[2025-02-04T16:43:34.424+0000] {processor.py:914} INFO - Processing file /home/airflow/.local/lib/python3.9/site-packages/airflow/example_dags/plugins/decreasing_priority_weight_strategy.py for tasks to queue
[2025-02-04T16:43:34.425+0000] {logging_mixin.py:190} INFO - [2025-02-04T16:43:34.425+0000] {dagbag.py:588} INFO - Filling up the DagBag from /home/airflow/.local/lib/python3.9/site-packages/airflow/example_dags/plugins/decreasing_priority_weight_strategy.py
[2025-02-04T16:43:34.428+0000] {processor.py:927} WARNING - No viable dags retrieved from /home/airflow/.local/lib/python3.9/site-packages/airflow/example_dags/plugins/decreasing_priority_weight_strategy.py
[2025-02-04T16:43:34.442+0000] {processor.py:208} INFO - Processing /home/airflow/.local/lib/python3.9/site-packages/airflow/example_dags/plugins/decreasing_priority_weight_strategy.py took 0.027 seconds
[2025-02-04T16:44:05.073+0000] {processor.py:186} INFO - Started process (PID=2515) to work on /home/airflow/.local/lib/python3.9/site-packages/airflow/example_dags/plugins/decreasing_priority_weight_strategy.py
[2025-02-04T16:44:05.074+0000] {processor.py:914} INFO - Processing file /home/airflow/.local/lib/python3.9/site-packages/airflow/example_dags/plugins/decreasing_priority_weight_strategy.py for tasks to queue
[2025-02-04T16:44:05.076+0000] {logging_mixin.py:190} INFO - [2025-02-04T16:44:05.076+0000] {dagbag.py:588} INFO - Filling up the DagBag from /home/airflow/.local/lib/python3.9/site-packages/airflow/example_dags/plugins/decreasing_priority_weight_strategy.py
[2025-02-04T16:44:05.079+0000] {processor.py:927} WARNING - No viable dags retrieved from /home/airflow/.local/lib/python3.9/site-packages/airflow/example_dags/plugins/decreasing_priority_weight_strategy.py
[2025-02-04T16:44:05.095+0000] {processor.py:208} INFO - Processing /home/airflow/.local/lib/python3.9/site-packages/airflow/example_dags/plugins/decreasing_priority_weight_strategy.py took 0.028 seconds
[2025-02-04T16:44:35.385+0000] {processor.py:186} INFO - Started process (PID=2579) to work on /home/airflow/.local/lib/python3.9/site-packages/airflow/example_dags/plugins/decreasing_priority_weight_strategy.py
[2025-02-04T16:44:35.386+0000] {processor.py:914} INFO - Processing file /home/airflow/.local/lib/python3.9/site-packages/airflow/example_dags/plugins/decreasing_priority_weight_strategy.py for tasks to queue
[2025-02-04T16:44:35.388+0000] {logging_mixin.py:190} INFO - [2025-02-04T16:44:35.387+0000] {dagbag.py:588} INFO - Filling up the DagBag from /home/airflow/.local/lib/python3.9/site-packages/airflow/example_dags/plugins/decreasing_priority_weight_strategy.py
[2025-02-04T16:44:35.390+0000] {processor.py:927} WARNING - No viable dags retrieved from /home/airflow/.local/lib/python3.9/site-packages/airflow/example_dags/plugins/decreasing_priority_weight_strategy.py
[2025-02-04T16:44:35.405+0000] {processor.py:208} INFO - Processing /home/airflow/.local/lib/python3.9/site-packages/airflow/example_dags/plugins/decreasing_priority_weight_strategy.py took 0.027 seconds
[2025-02-04T16:45:05.795+0000] {processor.py:186} INFO - Started process (PID=2650) to work on /home/airflow/.local/lib/python3.9/site-packages/airflow/example_dags/plugins/decreasing_priority_weight_strategy.py
[2025-02-04T16:45:05.796+0000] {processor.py:914} INFO - Processing file /home/airflow/.local/lib/python3.9/site-packages/airflow/example_dags/plugins/decreasing_priority_weight_strategy.py for tasks to queue
[2025-02-04T16:45:05.798+0000] {logging_mixin.py:190} INFO - [2025-02-04T16:45:05.798+0000] {dagbag.py:588} INFO - Filling up the DagBag from /home/airflow/.local/lib/python3.9/site-packages/airflow/example_dags/plugins/decreasing_priority_weight_strategy.py
[2025-02-04T16:45:05.801+0000] {processor.py:927} WARNING - No viable dags retrieved from /home/airflow/.local/lib/python3.9/site-packages/airflow/example_dags/plugins/decreasing_priority_weight_strategy.py
[2025-02-04T16:45:05.820+0000] {processor.py:208} INFO - Processing /home/airflow/.local/lib/python3.9/site-packages/airflow/example_dags/plugins/decreasing_priority_weight_strategy.py took 0.033 seconds
[2025-02-04T16:45:36.190+0000] {processor.py:186} INFO - Started process (PID=2714) to work on /home/airflow/.local/lib/python3.9/site-packages/airflow/example_dags/plugins/decreasing_priority_weight_strategy.py
[2025-02-04T16:45:36.192+0000] {processor.py:914} INFO - Processing file /home/airflow/.local/lib/python3.9/site-packages/airflow/example_dags/plugins/decreasing_priority_weight_strategy.py for tasks to queue
[2025-02-04T16:45:36.193+0000] {logging_mixin.py:190} INFO - [2025-02-04T16:45:36.193+0000] {dagbag.py:588} INFO - Filling up the DagBag from /home/airflow/.local/lib/python3.9/site-packages/airflow/example_dags/plugins/decreasing_priority_weight_strategy.py
[2025-02-04T16:45:36.197+0000] {processor.py:927} WARNING - No viable dags retrieved from /home/airflow/.local/lib/python3.9/site-packages/airflow/example_dags/plugins/decreasing_priority_weight_strategy.py
[2025-02-04T16:45:36.212+0000] {processor.py:208} INFO - Processing /home/airflow/.local/lib/python3.9/site-packages/airflow/example_dags/plugins/decreasing_priority_weight_strategy.py took 0.030 seconds
[2025-02-04T16:46:07.551+0000] {processor.py:186} INFO - Started process (PID=2778) to work on /home/airflow/.local/lib/python3.9/site-packages/airflow/example_dags/plugins/decreasing_priority_weight_strategy.py
[2025-02-04T16:46:07.552+0000] {processor.py:914} INFO - Processing file /home/airflow/.local/lib/python3.9/site-packages/airflow/example_dags/plugins/decreasing_priority_weight_strategy.py for tasks to queue
[2025-02-04T16:46:07.554+0000] {logging_mixin.py:190} INFO - [2025-02-04T16:46:07.554+0000] {dagbag.py:588} INFO - Filling up the DagBag from /home/airflow/.local/lib/python3.9/site-packages/airflow/example_dags/plugins/decreasing_priority_weight_strategy.py
[2025-02-04T16:46:07.557+0000] {processor.py:927} WARNING - No viable dags retrieved from /home/airflow/.local/lib/python3.9/site-packages/airflow/example_dags/plugins/decreasing_priority_weight_strategy.py
[2025-02-04T16:46:07.574+0000] {processor.py:208} INFO - Processing /home/airflow/.local/lib/python3.9/site-packages/airflow/example_dags/plugins/decreasing_priority_weight_strategy.py took 0.031 seconds
[2025-02-04T16:46:38.083+0000] {processor.py:186} INFO - Started process (PID=2842) to work on /home/airflow/.local/lib/python3.9/site-packages/airflow/example_dags/plugins/decreasing_priority_weight_strategy.py
[2025-02-04T16:46:38.085+0000] {processor.py:914} INFO - Processing file /home/airflow/.local/lib/python3.9/site-packages/airflow/example_dags/plugins/decreasing_priority_weight_strategy.py for tasks to queue
[2025-02-04T16:46:38.086+0000] {logging_mixin.py:190} INFO - [2025-02-04T16:46:38.086+0000] {dagbag.py:588} INFO - Filling up the DagBag from /home/airflow/.local/lib/python3.9/site-packages/airflow/example_dags/plugins/decreasing_priority_weight_strategy.py
[2025-02-04T16:46:38.089+0000] {processor.py:927} WARNING - No viable dags retrieved from /home/airflow/.local/lib/python3.9/site-packages/airflow/example_dags/plugins/decreasing_priority_weight_strategy.py
[2025-02-04T16:46:38.105+0000] {processor.py:208} INFO - Processing /home/airflow/.local/lib/python3.9/site-packages/airflow/example_dags/plugins/decreasing_priority_weight_strategy.py took 0.029 seconds
[2025-02-04T16:47:13.240+0000] {processor.py:186} INFO - Started process (PID=2906) to work on /home/airflow/.local/lib/python3.9/site-packages/airflow/example_dags/plugins/decreasing_priority_weight_strategy.py
[2025-02-04T16:47:13.242+0000] {processor.py:914} INFO - Processing file /home/airflow/.local/lib/python3.9/site-packages/airflow/example_dags/plugins/decreasing_priority_weight_strategy.py for tasks to queue
[2025-02-04T16:47:13.243+0000] {logging_mixin.py:190} INFO - [2025-02-04T16:47:13.243+0000] {dagbag.py:588} INFO - Filling up the DagBag from /home/airflow/.local/lib/python3.9/site-packages/airflow/example_dags/plugins/decreasing_priority_weight_strategy.py
[2025-02-04T16:47:13.246+0000] {processor.py:927} WARNING - No viable dags retrieved from /home/airflow/.local/lib/python3.9/site-packages/airflow/example_dags/plugins/decreasing_priority_weight_strategy.py
[2025-02-04T16:47:13.263+0000] {processor.py:208} INFO - Processing /home/airflow/.local/lib/python3.9/site-packages/airflow/example_dags/plugins/decreasing_priority_weight_strategy.py took 0.031 seconds
