[2025-02-04T16:23:01.994+0000] {processor.py:186} INFO - Started process (PID=130) to work on /home/airflow/.local/lib/python3.9/site-packages/airflow/example_dags/example_outlet_event_extra.py
[2025-02-04T16:23:05.463+0000] {processor.py:914} INFO - Processing file /home/airflow/.local/lib/python3.9/site-packages/airflow/example_dags/example_outlet_event_extra.py for tasks to queue
[2025-02-04T16:23:05.468+0000] {logging_mixin.py:190} INFO - [2025-02-04T16:23:05.467+0000] {dagbag.py:588} INFO - Filling up the DagBag from /home/airflow/.local/lib/python3.9/site-packages/airflow/example_dags/example_outlet_event_extra.py
[2025-02-04T16:23:05.482+0000] {processor.py:925} INFO - DAG(s) 'dataset_with_extra_by_yield', 'dataset_with_extra_by_context', 'dataset_with_extra_from_classic_operator' retrieved from /home/airflow/.local/lib/python3.9/site-packages/airflow/example_dags/example_outlet_event_extra.py
[2025-02-04T16:23:05.733+0000] {logging_mixin.py:190} INFO - [2025-02-04T16:23:05.733+0000] {override.py:1912} INFO - Created Permission View: can delete on DAG:dataset_with_extra_by_yield
[2025-02-04T16:23:05.750+0000] {logging_mixin.py:190} INFO - [2025-02-04T16:23:05.750+0000] {override.py:1912} INFO - Created Permission View: can edit on DAG:dataset_with_extra_by_yield
[2025-02-04T16:23:05.763+0000] {logging_mixin.py:190} INFO - [2025-02-04T16:23:05.762+0000] {override.py:1912} INFO - Created Permission View: can read on DAG:dataset_with_extra_by_yield
[2025-02-04T16:23:05.782+0000] {logging_mixin.py:190} INFO - [2025-02-04T16:23:05.781+0000] {override.py:1912} INFO - Created Permission View: can delete on DAG Run:dataset_with_extra_by_yield
[2025-02-04T16:23:05.794+0000] {logging_mixin.py:190} INFO - [2025-02-04T16:23:05.794+0000] {override.py:1912} INFO - Created Permission View: menu access on DAG Run:dataset_with_extra_by_yield
[2025-02-04T16:23:05.810+0000] {logging_mixin.py:190} INFO - [2025-02-04T16:23:05.809+0000] {override.py:1912} INFO - Created Permission View: can read on DAG Run:dataset_with_extra_by_yield
[2025-02-04T16:23:05.825+0000] {logging_mixin.py:190} INFO - [2025-02-04T16:23:05.824+0000] {override.py:1912} INFO - Created Permission View: can create on DAG Run:dataset_with_extra_by_yield
[2025-02-04T16:23:05.852+0000] {logging_mixin.py:190} INFO - [2025-02-04T16:23:05.851+0000] {override.py:1912} INFO - Created Permission View: can delete on DAG:dataset_with_extra_by_context
[2025-02-04T16:23:05.868+0000] {logging_mixin.py:190} INFO - [2025-02-04T16:23:05.867+0000] {override.py:1912} INFO - Created Permission View: can edit on DAG:dataset_with_extra_by_context
[2025-02-04T16:23:05.883+0000] {logging_mixin.py:190} INFO - [2025-02-04T16:23:05.882+0000] {override.py:1912} INFO - Created Permission View: can read on DAG:dataset_with_extra_by_context
[2025-02-04T16:23:05.904+0000] {logging_mixin.py:190} INFO - [2025-02-04T16:23:05.903+0000] {override.py:1912} INFO - Created Permission View: can delete on DAG Run:dataset_with_extra_by_context
[2025-02-04T16:23:05.918+0000] {logging_mixin.py:190} INFO - [2025-02-04T16:23:05.918+0000] {override.py:1912} INFO - Created Permission View: menu access on DAG Run:dataset_with_extra_by_context
[2025-02-04T16:23:05.935+0000] {logging_mixin.py:190} INFO - [2025-02-04T16:23:05.934+0000] {override.py:1912} INFO - Created Permission View: can read on DAG Run:dataset_with_extra_by_context
[2025-02-04T16:23:05.951+0000] {logging_mixin.py:190} INFO - [2025-02-04T16:23:05.950+0000] {override.py:1912} INFO - Created Permission View: can create on DAG Run:dataset_with_extra_by_context
[2025-02-04T16:23:05.981+0000] {logging_mixin.py:190} INFO - [2025-02-04T16:23:05.981+0000] {override.py:1912} INFO - Created Permission View: can delete on DAG:dataset_with_extra_from_classic_operator
[2025-02-04T16:23:05.996+0000] {logging_mixin.py:190} INFO - [2025-02-04T16:23:05.996+0000] {override.py:1912} INFO - Created Permission View: can edit on DAG:dataset_with_extra_from_classic_operator
[2025-02-04T16:23:06.012+0000] {logging_mixin.py:190} INFO - [2025-02-04T16:23:06.012+0000] {override.py:1912} INFO - Created Permission View: can read on DAG:dataset_with_extra_from_classic_operator
[2025-02-04T16:23:06.034+0000] {logging_mixin.py:190} INFO - [2025-02-04T16:23:06.033+0000] {override.py:1912} INFO - Created Permission View: can delete on DAG Run:dataset_with_extra_from_classic_operator
[2025-02-04T16:23:06.051+0000] {logging_mixin.py:190} INFO - [2025-02-04T16:23:06.050+0000] {override.py:1912} INFO - Created Permission View: menu access on DAG Run:dataset_with_extra_from_classic_operator
[2025-02-04T16:23:06.066+0000] {logging_mixin.py:190} INFO - [2025-02-04T16:23:06.066+0000] {override.py:1912} INFO - Created Permission View: can read on DAG Run:dataset_with_extra_from_classic_operator
[2025-02-04T16:23:06.081+0000] {logging_mixin.py:190} INFO - [2025-02-04T16:23:06.080+0000] {override.py:1912} INFO - Created Permission View: can create on DAG Run:dataset_with_extra_from_classic_operator
[2025-02-04T16:23:06.082+0000] {logging_mixin.py:190} INFO - [2025-02-04T16:23:06.082+0000] {dag.py:3239} INFO - Sync 3 DAGs
[2025-02-04T16:23:06.097+0000] {logging_mixin.py:190} INFO - [2025-02-04T16:23:06.097+0000] {dag.py:3262} INFO - Creating ORM DAG for dataset_with_extra_from_classic_operator
[2025-02-04T16:23:06.099+0000] {logging_mixin.py:190} INFO - [2025-02-04T16:23:06.098+0000] {dag.py:3262} INFO - Creating ORM DAG for dataset_with_extra_by_context
[2025-02-04T16:23:06.100+0000] {logging_mixin.py:190} INFO - [2025-02-04T16:23:06.099+0000] {dag.py:3262} INFO - Creating ORM DAG for dataset_with_extra_by_yield
[2025-02-04T16:23:06.112+0000] {logging_mixin.py:190} INFO - [2025-02-04T16:23:06.112+0000] {dag.py:4180} INFO - Setting next_dagrun for dataset_with_extra_by_context to 2025-02-03 00:00:00+00:00, run_after=2025-02-04 00:00:00+00:00
[2025-02-04T16:23:06.115+0000] {logging_mixin.py:190} INFO - [2025-02-04T16:23:06.114+0000] {dag.py:4180} INFO - Setting next_dagrun for dataset_with_extra_by_yield to 2025-02-03 00:00:00+00:00, run_after=2025-02-04 00:00:00+00:00
[2025-02-04T16:23:06.117+0000] {logging_mixin.py:190} INFO - [2025-02-04T16:23:06.117+0000] {dag.py:4180} INFO - Setting next_dagrun for dataset_with_extra_from_classic_operator to 2025-02-03 00:00:00+00:00, run_after=2025-02-04 00:00:00+00:00
[2025-02-04T16:23:06.157+0000] {processor.py:208} INFO - Processing /home/airflow/.local/lib/python3.9/site-packages/airflow/example_dags/example_outlet_event_extra.py took 4.170 seconds
[2025-02-04T16:23:36.508+0000] {processor.py:186} INFO - Started process (PID=194) to work on /home/airflow/.local/lib/python3.9/site-packages/airflow/example_dags/example_outlet_event_extra.py
[2025-02-04T16:23:37.859+0000] {processor.py:914} INFO - Processing file /home/airflow/.local/lib/python3.9/site-packages/airflow/example_dags/example_outlet_event_extra.py for tasks to queue
[2025-02-04T16:23:37.862+0000] {logging_mixin.py:190} INFO - [2025-02-04T16:23:37.862+0000] {dagbag.py:588} INFO - Filling up the DagBag from /home/airflow/.local/lib/python3.9/site-packages/airflow/example_dags/example_outlet_event_extra.py
[2025-02-04T16:23:37.885+0000] {processor.py:925} INFO - DAG(s) 'dataset_with_extra_by_yield', 'dataset_with_extra_by_context', 'dataset_with_extra_from_classic_operator' retrieved from /home/airflow/.local/lib/python3.9/site-packages/airflow/example_dags/example_outlet_event_extra.py
[2025-02-04T16:23:38.011+0000] {logging_mixin.py:190} INFO - [2025-02-04T16:23:38.011+0000] {dag.py:3239} INFO - Sync 3 DAGs
[2025-02-04T16:23:41.504+0000] {logging_mixin.py:190} INFO - [2025-02-04T16:23:41.503+0000] {dag.py:4180} INFO - Setting next_dagrun for dataset_with_extra_by_context to 2025-02-03 00:00:00+00:00, run_after=2025-02-04 00:00:00+00:00
[2025-02-04T16:23:41.509+0000] {logging_mixin.py:190} INFO - [2025-02-04T16:23:41.509+0000] {dag.py:4180} INFO - Setting next_dagrun for dataset_with_extra_by_yield to 2025-02-03 00:00:00+00:00, run_after=2025-02-04 00:00:00+00:00
[2025-02-04T16:23:41.512+0000] {logging_mixin.py:190} INFO - [2025-02-04T16:23:41.512+0000] {dag.py:4180} INFO - Setting next_dagrun for dataset_with_extra_from_classic_operator to 2025-02-03 00:00:00+00:00, run_after=2025-02-04 00:00:00+00:00
[2025-02-04T16:23:42.810+0000] {processor.py:208} INFO - Processing /home/airflow/.local/lib/python3.9/site-packages/airflow/example_dags/example_outlet_event_extra.py took 6.309 seconds
[2025-02-04T16:24:13.263+0000] {processor.py:186} INFO - Started process (PID=263) to work on /home/airflow/.local/lib/python3.9/site-packages/airflow/example_dags/example_outlet_event_extra.py
[2025-02-04T16:24:13.264+0000] {processor.py:914} INFO - Processing file /home/airflow/.local/lib/python3.9/site-packages/airflow/example_dags/example_outlet_event_extra.py for tasks to queue
[2025-02-04T16:24:13.267+0000] {logging_mixin.py:190} INFO - [2025-02-04T16:24:13.266+0000] {dagbag.py:588} INFO - Filling up the DagBag from /home/airflow/.local/lib/python3.9/site-packages/airflow/example_dags/example_outlet_event_extra.py
[2025-02-04T16:24:13.280+0000] {processor.py:925} INFO - DAG(s) 'dataset_with_extra_by_context', 'dataset_with_extra_from_classic_operator', 'dataset_with_extra_by_yield' retrieved from /home/airflow/.local/lib/python3.9/site-packages/airflow/example_dags/example_outlet_event_extra.py
[2025-02-04T16:24:13.309+0000] {logging_mixin.py:190} INFO - [2025-02-04T16:24:13.309+0000] {dag.py:3239} INFO - Sync 3 DAGs
[2025-02-04T16:24:13.334+0000] {logging_mixin.py:190} INFO - [2025-02-04T16:24:13.334+0000] {dag.py:4180} INFO - Setting next_dagrun for dataset_with_extra_by_context to 2025-02-03 00:00:00+00:00, run_after=2025-02-04 00:00:00+00:00
[2025-02-04T16:24:13.340+0000] {logging_mixin.py:190} INFO - [2025-02-04T16:24:13.340+0000] {dag.py:4180} INFO - Setting next_dagrun for dataset_with_extra_by_yield to 2025-02-03 00:00:00+00:00, run_after=2025-02-04 00:00:00+00:00
[2025-02-04T16:24:13.344+0000] {logging_mixin.py:190} INFO - [2025-02-04T16:24:13.344+0000] {dag.py:4180} INFO - Setting next_dagrun for dataset_with_extra_from_classic_operator to 2025-02-03 00:00:00+00:00, run_after=2025-02-04 00:00:00+00:00
[2025-02-04T16:24:13.374+0000] {processor.py:208} INFO - Processing /home/airflow/.local/lib/python3.9/site-packages/airflow/example_dags/example_outlet_event_extra.py took 0.117 seconds
[2025-02-04T16:24:44.002+0000] {processor.py:186} INFO - Started process (PID=327) to work on /home/airflow/.local/lib/python3.9/site-packages/airflow/example_dags/example_outlet_event_extra.py
[2025-02-04T16:24:44.003+0000] {processor.py:914} INFO - Processing file /home/airflow/.local/lib/python3.9/site-packages/airflow/example_dags/example_outlet_event_extra.py for tasks to queue
[2025-02-04T16:24:44.007+0000] {logging_mixin.py:190} INFO - [2025-02-04T16:24:44.006+0000] {dagbag.py:588} INFO - Filling up the DagBag from /home/airflow/.local/lib/python3.9/site-packages/airflow/example_dags/example_outlet_event_extra.py
[2025-02-04T16:24:44.024+0000] {processor.py:925} INFO - DAG(s) 'dataset_with_extra_by_context', 'dataset_with_extra_from_classic_operator', 'dataset_with_extra_by_yield' retrieved from /home/airflow/.local/lib/python3.9/site-packages/airflow/example_dags/example_outlet_event_extra.py
[2025-02-04T16:24:44.054+0000] {logging_mixin.py:190} INFO - [2025-02-04T16:24:44.053+0000] {dag.py:3239} INFO - Sync 3 DAGs
[2025-02-04T16:24:44.081+0000] {logging_mixin.py:190} INFO - [2025-02-04T16:24:44.081+0000] {dag.py:4180} INFO - Setting next_dagrun for dataset_with_extra_by_context to 2025-02-03 00:00:00+00:00, run_after=2025-02-04 00:00:00+00:00
[2025-02-04T16:24:44.087+0000] {logging_mixin.py:190} INFO - [2025-02-04T16:24:44.086+0000] {dag.py:4180} INFO - Setting next_dagrun for dataset_with_extra_by_yield to 2025-02-03 00:00:00+00:00, run_after=2025-02-04 00:00:00+00:00
[2025-02-04T16:24:44.091+0000] {logging_mixin.py:190} INFO - [2025-02-04T16:24:44.091+0000] {dag.py:4180} INFO - Setting next_dagrun for dataset_with_extra_from_classic_operator to 2025-02-03 00:00:00+00:00, run_after=2025-02-04 00:00:00+00:00
[2025-02-04T16:24:44.119+0000] {processor.py:208} INFO - Processing /home/airflow/.local/lib/python3.9/site-packages/airflow/example_dags/example_outlet_event_extra.py took 0.124 seconds
[2025-02-04T16:25:14.716+0000] {processor.py:186} INFO - Started process (PID=391) to work on /home/airflow/.local/lib/python3.9/site-packages/airflow/example_dags/example_outlet_event_extra.py
[2025-02-04T16:25:14.718+0000] {processor.py:914} INFO - Processing file /home/airflow/.local/lib/python3.9/site-packages/airflow/example_dags/example_outlet_event_extra.py for tasks to queue
[2025-02-04T16:25:14.721+0000] {logging_mixin.py:190} INFO - [2025-02-04T16:25:14.720+0000] {dagbag.py:588} INFO - Filling up the DagBag from /home/airflow/.local/lib/python3.9/site-packages/airflow/example_dags/example_outlet_event_extra.py
[2025-02-04T16:25:14.760+0000] {processor.py:925} INFO - DAG(s) 'dataset_with_extra_from_classic_operator', 'dataset_with_extra_by_context', 'dataset_with_extra_by_yield' retrieved from /home/airflow/.local/lib/python3.9/site-packages/airflow/example_dags/example_outlet_event_extra.py
[2025-02-04T16:25:14.815+0000] {logging_mixin.py:190} INFO - [2025-02-04T16:25:14.814+0000] {dag.py:3239} INFO - Sync 3 DAGs
[2025-02-04T16:25:14.856+0000] {logging_mixin.py:190} INFO - [2025-02-04T16:25:14.856+0000] {dag.py:4180} INFO - Setting next_dagrun for dataset_with_extra_by_context to 2025-02-03 00:00:00+00:00, run_after=2025-02-04 00:00:00+00:00
[2025-02-04T16:25:14.861+0000] {logging_mixin.py:190} INFO - [2025-02-04T16:25:14.861+0000] {dag.py:4180} INFO - Setting next_dagrun for dataset_with_extra_by_yield to 2025-02-03 00:00:00+00:00, run_after=2025-02-04 00:00:00+00:00
[2025-02-04T16:25:14.864+0000] {logging_mixin.py:190} INFO - [2025-02-04T16:25:14.864+0000] {dag.py:4180} INFO - Setting next_dagrun for dataset_with_extra_from_classic_operator to 2025-02-03 00:00:00+00:00, run_after=2025-02-04 00:00:00+00:00
[2025-02-04T16:25:14.891+0000] {processor.py:208} INFO - Processing /home/airflow/.local/lib/python3.9/site-packages/airflow/example_dags/example_outlet_event_extra.py took 0.189 seconds
[2025-02-04T16:25:45.270+0000] {processor.py:186} INFO - Started process (PID=455) to work on /home/airflow/.local/lib/python3.9/site-packages/airflow/example_dags/example_outlet_event_extra.py
[2025-02-04T16:25:45.271+0000] {processor.py:914} INFO - Processing file /home/airflow/.local/lib/python3.9/site-packages/airflow/example_dags/example_outlet_event_extra.py for tasks to queue
[2025-02-04T16:25:45.274+0000] {logging_mixin.py:190} INFO - [2025-02-04T16:25:45.273+0000] {dagbag.py:588} INFO - Filling up the DagBag from /home/airflow/.local/lib/python3.9/site-packages/airflow/example_dags/example_outlet_event_extra.py
[2025-02-04T16:25:45.288+0000] {processor.py:925} INFO - DAG(s) 'dataset_with_extra_from_classic_operator', 'dataset_with_extra_by_yield', 'dataset_with_extra_by_context' retrieved from /home/airflow/.local/lib/python3.9/site-packages/airflow/example_dags/example_outlet_event_extra.py
[2025-02-04T16:25:45.314+0000] {logging_mixin.py:190} INFO - [2025-02-04T16:25:45.314+0000] {dag.py:3239} INFO - Sync 3 DAGs
[2025-02-04T16:25:45.340+0000] {logging_mixin.py:190} INFO - [2025-02-04T16:25:45.340+0000] {dag.py:4180} INFO - Setting next_dagrun for dataset_with_extra_by_context to 2025-02-03 00:00:00+00:00, run_after=2025-02-04 00:00:00+00:00
[2025-02-04T16:25:45.347+0000] {logging_mixin.py:190} INFO - [2025-02-04T16:25:45.346+0000] {dag.py:4180} INFO - Setting next_dagrun for dataset_with_extra_by_yield to 2025-02-03 00:00:00+00:00, run_after=2025-02-04 00:00:00+00:00
[2025-02-04T16:25:45.350+0000] {logging_mixin.py:190} INFO - [2025-02-04T16:25:45.350+0000] {dag.py:4180} INFO - Setting next_dagrun for dataset_with_extra_from_classic_operator to 2025-02-03 00:00:00+00:00, run_after=2025-02-04 00:00:00+00:00
[2025-02-04T16:25:45.380+0000] {processor.py:208} INFO - Processing /home/airflow/.local/lib/python3.9/site-packages/airflow/example_dags/example_outlet_event_extra.py took 0.116 seconds
[2025-02-04T16:26:15.531+0000] {processor.py:186} INFO - Started process (PID=519) to work on /home/airflow/.local/lib/python3.9/site-packages/airflow/example_dags/example_outlet_event_extra.py
[2025-02-04T16:26:15.532+0000] {processor.py:914} INFO - Processing file /home/airflow/.local/lib/python3.9/site-packages/airflow/example_dags/example_outlet_event_extra.py for tasks to queue
[2025-02-04T16:26:15.534+0000] {logging_mixin.py:190} INFO - [2025-02-04T16:26:15.534+0000] {dagbag.py:588} INFO - Filling up the DagBag from /home/airflow/.local/lib/python3.9/site-packages/airflow/example_dags/example_outlet_event_extra.py
[2025-02-04T16:26:15.548+0000] {processor.py:925} INFO - DAG(s) 'dataset_with_extra_by_context', 'dataset_with_extra_by_yield', 'dataset_with_extra_from_classic_operator' retrieved from /home/airflow/.local/lib/python3.9/site-packages/airflow/example_dags/example_outlet_event_extra.py
[2025-02-04T16:26:15.577+0000] {logging_mixin.py:190} INFO - [2025-02-04T16:26:15.577+0000] {dag.py:3239} INFO - Sync 3 DAGs
[2025-02-04T16:26:15.602+0000] {logging_mixin.py:190} INFO - [2025-02-04T16:26:15.602+0000] {dag.py:4180} INFO - Setting next_dagrun for dataset_with_extra_by_context to 2025-02-03 00:00:00+00:00, run_after=2025-02-04 00:00:00+00:00
[2025-02-04T16:26:15.608+0000] {logging_mixin.py:190} INFO - [2025-02-04T16:26:15.608+0000] {dag.py:4180} INFO - Setting next_dagrun for dataset_with_extra_by_yield to 2025-02-03 00:00:00+00:00, run_after=2025-02-04 00:00:00+00:00
[2025-02-04T16:26:15.611+0000] {logging_mixin.py:190} INFO - [2025-02-04T16:26:15.611+0000] {dag.py:4180} INFO - Setting next_dagrun for dataset_with_extra_from_classic_operator to 2025-02-03 00:00:00+00:00, run_after=2025-02-04 00:00:00+00:00
[2025-02-04T16:26:15.639+0000] {processor.py:208} INFO - Processing /home/airflow/.local/lib/python3.9/site-packages/airflow/example_dags/example_outlet_event_extra.py took 0.115 seconds
[2025-02-04T16:26:45.924+0000] {processor.py:186} INFO - Started process (PID=583) to work on /home/airflow/.local/lib/python3.9/site-packages/airflow/example_dags/example_outlet_event_extra.py
[2025-02-04T16:26:45.925+0000] {processor.py:914} INFO - Processing file /home/airflow/.local/lib/python3.9/site-packages/airflow/example_dags/example_outlet_event_extra.py for tasks to queue
[2025-02-04T16:26:45.928+0000] {logging_mixin.py:190} INFO - [2025-02-04T16:26:45.927+0000] {dagbag.py:588} INFO - Filling up the DagBag from /home/airflow/.local/lib/python3.9/site-packages/airflow/example_dags/example_outlet_event_extra.py
[2025-02-04T16:26:45.943+0000] {processor.py:925} INFO - DAG(s) 'dataset_with_extra_from_classic_operator', 'dataset_with_extra_by_context', 'dataset_with_extra_by_yield' retrieved from /home/airflow/.local/lib/python3.9/site-packages/airflow/example_dags/example_outlet_event_extra.py
[2025-02-04T16:26:45.974+0000] {logging_mixin.py:190} INFO - [2025-02-04T16:26:45.974+0000] {dag.py:3239} INFO - Sync 3 DAGs
[2025-02-04T16:26:46.000+0000] {logging_mixin.py:190} INFO - [2025-02-04T16:26:46.000+0000] {dag.py:4180} INFO - Setting next_dagrun for dataset_with_extra_by_context to 2025-02-03 00:00:00+00:00, run_after=2025-02-04 00:00:00+00:00
[2025-02-04T16:26:46.006+0000] {logging_mixin.py:190} INFO - [2025-02-04T16:26:46.006+0000] {dag.py:4180} INFO - Setting next_dagrun for dataset_with_extra_by_yield to 2025-02-03 00:00:00+00:00, run_after=2025-02-04 00:00:00+00:00
[2025-02-04T16:26:46.010+0000] {logging_mixin.py:190} INFO - [2025-02-04T16:26:46.009+0000] {dag.py:4180} INFO - Setting next_dagrun for dataset_with_extra_from_classic_operator to 2025-02-03 00:00:00+00:00, run_after=2025-02-04 00:00:00+00:00
[2025-02-04T16:26:46.040+0000] {processor.py:208} INFO - Processing /home/airflow/.local/lib/python3.9/site-packages/airflow/example_dags/example_outlet_event_extra.py took 0.124 seconds
[2025-02-04T16:27:17.002+0000] {processor.py:186} INFO - Started process (PID=647) to work on /home/airflow/.local/lib/python3.9/site-packages/airflow/example_dags/example_outlet_event_extra.py
[2025-02-04T16:27:17.004+0000] {processor.py:914} INFO - Processing file /home/airflow/.local/lib/python3.9/site-packages/airflow/example_dags/example_outlet_event_extra.py for tasks to queue
[2025-02-04T16:27:17.006+0000] {logging_mixin.py:190} INFO - [2025-02-04T16:27:17.006+0000] {dagbag.py:588} INFO - Filling up the DagBag from /home/airflow/.local/lib/python3.9/site-packages/airflow/example_dags/example_outlet_event_extra.py
[2025-02-04T16:27:17.021+0000] {processor.py:925} INFO - DAG(s) 'dataset_with_extra_by_yield', 'dataset_with_extra_by_context', 'dataset_with_extra_from_classic_operator' retrieved from /home/airflow/.local/lib/python3.9/site-packages/airflow/example_dags/example_outlet_event_extra.py
[2025-02-04T16:27:17.049+0000] {logging_mixin.py:190} INFO - [2025-02-04T16:27:17.049+0000] {dag.py:3239} INFO - Sync 3 DAGs
[2025-02-04T16:27:17.074+0000] {logging_mixin.py:190} INFO - [2025-02-04T16:27:17.074+0000] {dag.py:4180} INFO - Setting next_dagrun for dataset_with_extra_by_context to 2025-02-03 00:00:00+00:00, run_after=2025-02-04 00:00:00+00:00
[2025-02-04T16:27:17.080+0000] {logging_mixin.py:190} INFO - [2025-02-04T16:27:17.080+0000] {dag.py:4180} INFO - Setting next_dagrun for dataset_with_extra_by_yield to 2025-02-03 00:00:00+00:00, run_after=2025-02-04 00:00:00+00:00
[2025-02-04T16:27:17.084+0000] {logging_mixin.py:190} INFO - [2025-02-04T16:27:17.083+0000] {dag.py:4180} INFO - Setting next_dagrun for dataset_with_extra_from_classic_operator to 2025-02-03 00:00:00+00:00, run_after=2025-02-04 00:00:00+00:00
[2025-02-04T16:27:17.111+0000] {processor.py:208} INFO - Processing /home/airflow/.local/lib/python3.9/site-packages/airflow/example_dags/example_outlet_event_extra.py took 0.116 seconds
[2025-02-04T16:27:47.778+0000] {processor.py:186} INFO - Started process (PID=711) to work on /home/airflow/.local/lib/python3.9/site-packages/airflow/example_dags/example_outlet_event_extra.py
[2025-02-04T16:27:47.779+0000] {processor.py:914} INFO - Processing file /home/airflow/.local/lib/python3.9/site-packages/airflow/example_dags/example_outlet_event_extra.py for tasks to queue
[2025-02-04T16:27:47.782+0000] {logging_mixin.py:190} INFO - [2025-02-04T16:27:47.782+0000] {dagbag.py:588} INFO - Filling up the DagBag from /home/airflow/.local/lib/python3.9/site-packages/airflow/example_dags/example_outlet_event_extra.py
[2025-02-04T16:27:47.982+0000] {processor.py:925} INFO - DAG(s) 'dataset_with_extra_by_yield', 'dataset_with_extra_by_context', 'dataset_with_extra_from_classic_operator' retrieved from /home/airflow/.local/lib/python3.9/site-packages/airflow/example_dags/example_outlet_event_extra.py
[2025-02-04T16:27:48.011+0000] {logging_mixin.py:190} INFO - [2025-02-04T16:27:48.011+0000] {dag.py:3239} INFO - Sync 3 DAGs
[2025-02-04T16:27:48.098+0000] {logging_mixin.py:190} INFO - [2025-02-04T16:27:48.098+0000] {dag.py:4180} INFO - Setting next_dagrun for dataset_with_extra_by_context to 2025-02-03 00:00:00+00:00, run_after=2025-02-04 00:00:00+00:00
[2025-02-04T16:27:48.104+0000] {logging_mixin.py:190} INFO - [2025-02-04T16:27:48.104+0000] {dag.py:4180} INFO - Setting next_dagrun for dataset_with_extra_by_yield to 2025-02-03 00:00:00+00:00, run_after=2025-02-04 00:00:00+00:00
[2025-02-04T16:27:48.108+0000] {logging_mixin.py:190} INFO - [2025-02-04T16:27:48.108+0000] {dag.py:4180} INFO - Setting next_dagrun for dataset_with_extra_from_classic_operator to 2025-02-03 00:00:00+00:00, run_after=2025-02-04 00:00:00+00:00
[2025-02-04T16:27:48.139+0000] {processor.py:208} INFO - Processing /home/airflow/.local/lib/python3.9/site-packages/airflow/example_dags/example_outlet_event_extra.py took 0.514 seconds
[2025-02-04T16:28:18.676+0000] {processor.py:186} INFO - Started process (PID=775) to work on /home/airflow/.local/lib/python3.9/site-packages/airflow/example_dags/example_outlet_event_extra.py
[2025-02-04T16:28:18.678+0000] {processor.py:914} INFO - Processing file /home/airflow/.local/lib/python3.9/site-packages/airflow/example_dags/example_outlet_event_extra.py for tasks to queue
[2025-02-04T16:28:18.681+0000] {logging_mixin.py:190} INFO - [2025-02-04T16:28:18.680+0000] {dagbag.py:588} INFO - Filling up the DagBag from /home/airflow/.local/lib/python3.9/site-packages/airflow/example_dags/example_outlet_event_extra.py
[2025-02-04T16:28:18.695+0000] {processor.py:925} INFO - DAG(s) 'dataset_with_extra_by_yield', 'dataset_with_extra_by_context', 'dataset_with_extra_from_classic_operator' retrieved from /home/airflow/.local/lib/python3.9/site-packages/airflow/example_dags/example_outlet_event_extra.py
[2025-02-04T16:28:18.724+0000] {logging_mixin.py:190} INFO - [2025-02-04T16:28:18.723+0000] {dag.py:3239} INFO - Sync 3 DAGs
[2025-02-04T16:28:18.748+0000] {logging_mixin.py:190} INFO - [2025-02-04T16:28:18.748+0000] {dag.py:4180} INFO - Setting next_dagrun for dataset_with_extra_by_context to 2025-02-03 00:00:00+00:00, run_after=2025-02-04 00:00:00+00:00
[2025-02-04T16:28:18.753+0000] {logging_mixin.py:190} INFO - [2025-02-04T16:28:18.753+0000] {dag.py:4180} INFO - Setting next_dagrun for dataset_with_extra_by_yield to 2025-02-03 00:00:00+00:00, run_after=2025-02-04 00:00:00+00:00
[2025-02-04T16:28:18.757+0000] {logging_mixin.py:190} INFO - [2025-02-04T16:28:18.757+0000] {dag.py:4180} INFO - Setting next_dagrun for dataset_with_extra_from_classic_operator to 2025-02-03 00:00:00+00:00, run_after=2025-02-04 00:00:00+00:00
[2025-02-04T16:28:18.786+0000] {processor.py:208} INFO - Processing /home/airflow/.local/lib/python3.9/site-packages/airflow/example_dags/example_outlet_event_extra.py took 0.116 seconds
[2025-02-04T16:28:49.516+0000] {processor.py:186} INFO - Started process (PID=839) to work on /home/airflow/.local/lib/python3.9/site-packages/airflow/example_dags/example_outlet_event_extra.py
[2025-02-04T16:28:49.517+0000] {processor.py:914} INFO - Processing file /home/airflow/.local/lib/python3.9/site-packages/airflow/example_dags/example_outlet_event_extra.py for tasks to queue
[2025-02-04T16:28:49.521+0000] {logging_mixin.py:190} INFO - [2025-02-04T16:28:49.520+0000] {dagbag.py:588} INFO - Filling up the DagBag from /home/airflow/.local/lib/python3.9/site-packages/airflow/example_dags/example_outlet_event_extra.py
[2025-02-04T16:28:49.543+0000] {processor.py:925} INFO - DAG(s) 'dataset_with_extra_from_classic_operator', 'dataset_with_extra_by_yield', 'dataset_with_extra_by_context' retrieved from /home/airflow/.local/lib/python3.9/site-packages/airflow/example_dags/example_outlet_event_extra.py
[2025-02-04T16:28:49.584+0000] {logging_mixin.py:190} INFO - [2025-02-04T16:28:49.584+0000] {dag.py:3239} INFO - Sync 3 DAGs
[2025-02-04T16:28:49.622+0000] {logging_mixin.py:190} INFO - [2025-02-04T16:28:49.622+0000] {dag.py:4180} INFO - Setting next_dagrun for dataset_with_extra_by_context to 2025-02-03 00:00:00+00:00, run_after=2025-02-04 00:00:00+00:00
[2025-02-04T16:28:49.629+0000] {logging_mixin.py:190} INFO - [2025-02-04T16:28:49.628+0000] {dag.py:4180} INFO - Setting next_dagrun for dataset_with_extra_by_yield to 2025-02-03 00:00:00+00:00, run_after=2025-02-04 00:00:00+00:00
[2025-02-04T16:28:49.633+0000] {logging_mixin.py:190} INFO - [2025-02-04T16:28:49.633+0000] {dag.py:4180} INFO - Setting next_dagrun for dataset_with_extra_from_classic_operator to 2025-02-03 00:00:00+00:00, run_after=2025-02-04 00:00:00+00:00
[2025-02-04T16:28:49.668+0000] {processor.py:208} INFO - Processing /home/airflow/.local/lib/python3.9/site-packages/airflow/example_dags/example_outlet_event_extra.py took 0.162 seconds
[2025-02-04T16:29:19.902+0000] {processor.py:186} INFO - Started process (PID=903) to work on /home/airflow/.local/lib/python3.9/site-packages/airflow/example_dags/example_outlet_event_extra.py
[2025-02-04T16:29:19.903+0000] {processor.py:914} INFO - Processing file /home/airflow/.local/lib/python3.9/site-packages/airflow/example_dags/example_outlet_event_extra.py for tasks to queue
[2025-02-04T16:29:19.906+0000] {logging_mixin.py:190} INFO - [2025-02-04T16:29:19.905+0000] {dagbag.py:588} INFO - Filling up the DagBag from /home/airflow/.local/lib/python3.9/site-packages/airflow/example_dags/example_outlet_event_extra.py
[2025-02-04T16:29:19.923+0000] {processor.py:925} INFO - DAG(s) 'dataset_with_extra_from_classic_operator', 'dataset_with_extra_by_context', 'dataset_with_extra_by_yield' retrieved from /home/airflow/.local/lib/python3.9/site-packages/airflow/example_dags/example_outlet_event_extra.py
[2025-02-04T16:29:19.956+0000] {logging_mixin.py:190} INFO - [2025-02-04T16:29:19.956+0000] {dag.py:3239} INFO - Sync 3 DAGs
[2025-02-04T16:29:19.985+0000] {logging_mixin.py:190} INFO - [2025-02-04T16:29:19.985+0000] {dag.py:4180} INFO - Setting next_dagrun for dataset_with_extra_by_context to 2025-02-03 00:00:00+00:00, run_after=2025-02-04 00:00:00+00:00
[2025-02-04T16:29:19.991+0000] {logging_mixin.py:190} INFO - [2025-02-04T16:29:19.990+0000] {dag.py:4180} INFO - Setting next_dagrun for dataset_with_extra_by_yield to 2025-02-03 00:00:00+00:00, run_after=2025-02-04 00:00:00+00:00
[2025-02-04T16:29:19.994+0000] {logging_mixin.py:190} INFO - [2025-02-04T16:29:19.994+0000] {dag.py:4180} INFO - Setting next_dagrun for dataset_with_extra_from_classic_operator to 2025-02-03 00:00:00+00:00, run_after=2025-02-04 00:00:00+00:00
[2025-02-04T16:29:20.027+0000] {processor.py:208} INFO - Processing /home/airflow/.local/lib/python3.9/site-packages/airflow/example_dags/example_outlet_event_extra.py took 0.133 seconds
[2025-02-04T16:29:50.129+0000] {processor.py:186} INFO - Started process (PID=967) to work on /home/airflow/.local/lib/python3.9/site-packages/airflow/example_dags/example_outlet_event_extra.py
[2025-02-04T16:29:50.131+0000] {processor.py:914} INFO - Processing file /home/airflow/.local/lib/python3.9/site-packages/airflow/example_dags/example_outlet_event_extra.py for tasks to queue
[2025-02-04T16:29:50.134+0000] {logging_mixin.py:190} INFO - [2025-02-04T16:29:50.134+0000] {dagbag.py:588} INFO - Filling up the DagBag from /home/airflow/.local/lib/python3.9/site-packages/airflow/example_dags/example_outlet_event_extra.py
[2025-02-04T16:29:50.149+0000] {processor.py:925} INFO - DAG(s) 'dataset_with_extra_from_classic_operator', 'dataset_with_extra_by_yield', 'dataset_with_extra_by_context' retrieved from /home/airflow/.local/lib/python3.9/site-packages/airflow/example_dags/example_outlet_event_extra.py
[2025-02-04T16:29:50.183+0000] {logging_mixin.py:190} INFO - [2025-02-04T16:29:50.183+0000] {dag.py:3239} INFO - Sync 3 DAGs
[2025-02-04T16:29:50.228+0000] {logging_mixin.py:190} INFO - [2025-02-04T16:29:50.227+0000] {dag.py:4180} INFO - Setting next_dagrun for dataset_with_extra_by_context to 2025-02-03 00:00:00+00:00, run_after=2025-02-04 00:00:00+00:00
[2025-02-04T16:29:50.236+0000] {logging_mixin.py:190} INFO - [2025-02-04T16:29:50.236+0000] {dag.py:4180} INFO - Setting next_dagrun for dataset_with_extra_by_yield to 2025-02-03 00:00:00+00:00, run_after=2025-02-04 00:00:00+00:00
[2025-02-04T16:29:50.244+0000] {logging_mixin.py:190} INFO - [2025-02-04T16:29:50.244+0000] {dag.py:4180} INFO - Setting next_dagrun for dataset_with_extra_from_classic_operator to 2025-02-03 00:00:00+00:00, run_after=2025-02-04 00:00:00+00:00
[2025-02-04T16:29:50.279+0000] {processor.py:208} INFO - Processing /home/airflow/.local/lib/python3.9/site-packages/airflow/example_dags/example_outlet_event_extra.py took 0.157 seconds
[2025-02-04T16:30:20.453+0000] {processor.py:186} INFO - Started process (PID=1038) to work on /home/airflow/.local/lib/python3.9/site-packages/airflow/example_dags/example_outlet_event_extra.py
[2025-02-04T16:30:20.454+0000] {processor.py:914} INFO - Processing file /home/airflow/.local/lib/python3.9/site-packages/airflow/example_dags/example_outlet_event_extra.py for tasks to queue
[2025-02-04T16:30:20.458+0000] {logging_mixin.py:190} INFO - [2025-02-04T16:30:20.457+0000] {dagbag.py:588} INFO - Filling up the DagBag from /home/airflow/.local/lib/python3.9/site-packages/airflow/example_dags/example_outlet_event_extra.py
[2025-02-04T16:30:20.473+0000] {processor.py:925} INFO - DAG(s) 'dataset_with_extra_by_context', 'dataset_with_extra_by_yield', 'dataset_with_extra_from_classic_operator' retrieved from /home/airflow/.local/lib/python3.9/site-packages/airflow/example_dags/example_outlet_event_extra.py
[2025-02-04T16:30:20.503+0000] {logging_mixin.py:190} INFO - [2025-02-04T16:30:20.503+0000] {dag.py:3239} INFO - Sync 3 DAGs
[2025-02-04T16:30:20.528+0000] {logging_mixin.py:190} INFO - [2025-02-04T16:30:20.527+0000] {dag.py:4180} INFO - Setting next_dagrun for dataset_with_extra_by_context to 2025-02-03 00:00:00+00:00, run_after=2025-02-04 00:00:00+00:00
[2025-02-04T16:30:20.533+0000] {logging_mixin.py:190} INFO - [2025-02-04T16:30:20.533+0000] {dag.py:4180} INFO - Setting next_dagrun for dataset_with_extra_by_yield to 2025-02-03 00:00:00+00:00, run_after=2025-02-04 00:00:00+00:00
[2025-02-04T16:30:20.539+0000] {logging_mixin.py:190} INFO - [2025-02-04T16:30:20.539+0000] {dag.py:4180} INFO - Setting next_dagrun for dataset_with_extra_from_classic_operator to 2025-02-03 00:00:00+00:00, run_after=2025-02-04 00:00:00+00:00
[2025-02-04T16:30:20.570+0000] {processor.py:208} INFO - Processing /home/airflow/.local/lib/python3.9/site-packages/airflow/example_dags/example_outlet_event_extra.py took 0.124 seconds
[2025-02-04T16:30:51.309+0000] {processor.py:186} INFO - Started process (PID=1102) to work on /home/airflow/.local/lib/python3.9/site-packages/airflow/example_dags/example_outlet_event_extra.py
[2025-02-04T16:30:51.310+0000] {processor.py:914} INFO - Processing file /home/airflow/.local/lib/python3.9/site-packages/airflow/example_dags/example_outlet_event_extra.py for tasks to queue
[2025-02-04T16:30:51.313+0000] {logging_mixin.py:190} INFO - [2025-02-04T16:30:51.312+0000] {dagbag.py:588} INFO - Filling up the DagBag from /home/airflow/.local/lib/python3.9/site-packages/airflow/example_dags/example_outlet_event_extra.py
[2025-02-04T16:30:51.332+0000] {processor.py:925} INFO - DAG(s) 'dataset_with_extra_by_yield', 'dataset_with_extra_from_classic_operator', 'dataset_with_extra_by_context' retrieved from /home/airflow/.local/lib/python3.9/site-packages/airflow/example_dags/example_outlet_event_extra.py
[2025-02-04T16:30:51.366+0000] {logging_mixin.py:190} INFO - [2025-02-04T16:30:51.366+0000] {dag.py:3239} INFO - Sync 3 DAGs
[2025-02-04T16:30:51.396+0000] {logging_mixin.py:190} INFO - [2025-02-04T16:30:51.396+0000] {dag.py:4180} INFO - Setting next_dagrun for dataset_with_extra_by_context to 2025-02-03 00:00:00+00:00, run_after=2025-02-04 00:00:00+00:00
[2025-02-04T16:30:51.403+0000] {logging_mixin.py:190} INFO - [2025-02-04T16:30:51.402+0000] {dag.py:4180} INFO - Setting next_dagrun for dataset_with_extra_by_yield to 2025-02-03 00:00:00+00:00, run_after=2025-02-04 00:00:00+00:00
[2025-02-04T16:30:51.409+0000] {logging_mixin.py:190} INFO - [2025-02-04T16:30:51.408+0000] {dag.py:4180} INFO - Setting next_dagrun for dataset_with_extra_from_classic_operator to 2025-02-03 00:00:00+00:00, run_after=2025-02-04 00:00:00+00:00
[2025-02-04T16:30:51.445+0000] {processor.py:208} INFO - Processing /home/airflow/.local/lib/python3.9/site-packages/airflow/example_dags/example_outlet_event_extra.py took 0.144 seconds
[2025-02-04T16:31:22.012+0000] {processor.py:186} INFO - Started process (PID=1166) to work on /home/airflow/.local/lib/python3.9/site-packages/airflow/example_dags/example_outlet_event_extra.py
[2025-02-04T16:31:22.013+0000] {processor.py:914} INFO - Processing file /home/airflow/.local/lib/python3.9/site-packages/airflow/example_dags/example_outlet_event_extra.py for tasks to queue
[2025-02-04T16:31:22.017+0000] {logging_mixin.py:190} INFO - [2025-02-04T16:31:22.016+0000] {dagbag.py:588} INFO - Filling up the DagBag from /home/airflow/.local/lib/python3.9/site-packages/airflow/example_dags/example_outlet_event_extra.py
[2025-02-04T16:31:22.042+0000] {processor.py:925} INFO - DAG(s) 'dataset_with_extra_by_context', 'dataset_with_extra_from_classic_operator', 'dataset_with_extra_by_yield' retrieved from /home/airflow/.local/lib/python3.9/site-packages/airflow/example_dags/example_outlet_event_extra.py
[2025-02-04T16:31:22.076+0000] {logging_mixin.py:190} INFO - [2025-02-04T16:31:22.075+0000] {dag.py:3239} INFO - Sync 3 DAGs
[2025-02-04T16:31:22.099+0000] {logging_mixin.py:190} INFO - [2025-02-04T16:31:22.099+0000] {dag.py:4180} INFO - Setting next_dagrun for dataset_with_extra_by_context to 2025-02-03 00:00:00+00:00, run_after=2025-02-04 00:00:00+00:00
[2025-02-04T16:31:22.105+0000] {logging_mixin.py:190} INFO - [2025-02-04T16:31:22.105+0000] {dag.py:4180} INFO - Setting next_dagrun for dataset_with_extra_by_yield to 2025-02-03 00:00:00+00:00, run_after=2025-02-04 00:00:00+00:00
[2025-02-04T16:31:22.108+0000] {logging_mixin.py:190} INFO - [2025-02-04T16:31:22.108+0000] {dag.py:4180} INFO - Setting next_dagrun for dataset_with_extra_from_classic_operator to 2025-02-03 00:00:00+00:00, run_after=2025-02-04 00:00:00+00:00
[2025-02-04T16:31:22.139+0000] {processor.py:208} INFO - Processing /home/airflow/.local/lib/python3.9/site-packages/airflow/example_dags/example_outlet_event_extra.py took 0.134 seconds
[2025-02-04T16:31:52.782+0000] {processor.py:186} INFO - Started process (PID=1230) to work on /home/airflow/.local/lib/python3.9/site-packages/airflow/example_dags/example_outlet_event_extra.py
[2025-02-04T16:31:52.784+0000] {processor.py:914} INFO - Processing file /home/airflow/.local/lib/python3.9/site-packages/airflow/example_dags/example_outlet_event_extra.py for tasks to queue
[2025-02-04T16:31:52.786+0000] {logging_mixin.py:190} INFO - [2025-02-04T16:31:52.786+0000] {dagbag.py:588} INFO - Filling up the DagBag from /home/airflow/.local/lib/python3.9/site-packages/airflow/example_dags/example_outlet_event_extra.py
[2025-02-04T16:31:52.803+0000] {processor.py:925} INFO - DAG(s) 'dataset_with_extra_by_context', 'dataset_with_extra_from_classic_operator', 'dataset_with_extra_by_yield' retrieved from /home/airflow/.local/lib/python3.9/site-packages/airflow/example_dags/example_outlet_event_extra.py
[2025-02-04T16:31:52.834+0000] {logging_mixin.py:190} INFO - [2025-02-04T16:31:52.834+0000] {dag.py:3239} INFO - Sync 3 DAGs
[2025-02-04T16:31:52.859+0000] {logging_mixin.py:190} INFO - [2025-02-04T16:31:52.859+0000] {dag.py:4180} INFO - Setting next_dagrun for dataset_with_extra_by_context to 2025-02-03 00:00:00+00:00, run_after=2025-02-04 00:00:00+00:00
[2025-02-04T16:31:52.865+0000] {logging_mixin.py:190} INFO - [2025-02-04T16:31:52.864+0000] {dag.py:4180} INFO - Setting next_dagrun for dataset_with_extra_by_yield to 2025-02-03 00:00:00+00:00, run_after=2025-02-04 00:00:00+00:00
[2025-02-04T16:31:52.868+0000] {logging_mixin.py:190} INFO - [2025-02-04T16:31:52.868+0000] {dag.py:4180} INFO - Setting next_dagrun for dataset_with_extra_from_classic_operator to 2025-02-03 00:00:00+00:00, run_after=2025-02-04 00:00:00+00:00
[2025-02-04T16:31:52.899+0000] {processor.py:208} INFO - Processing /home/airflow/.local/lib/python3.9/site-packages/airflow/example_dags/example_outlet_event_extra.py took 0.126 seconds
[2025-02-04T16:32:23.357+0000] {processor.py:186} INFO - Started process (PID=1294) to work on /home/airflow/.local/lib/python3.9/site-packages/airflow/example_dags/example_outlet_event_extra.py
[2025-02-04T16:32:23.359+0000] {processor.py:914} INFO - Processing file /home/airflow/.local/lib/python3.9/site-packages/airflow/example_dags/example_outlet_event_extra.py for tasks to queue
[2025-02-04T16:32:23.361+0000] {logging_mixin.py:190} INFO - [2025-02-04T16:32:23.361+0000] {dagbag.py:588} INFO - Filling up the DagBag from /home/airflow/.local/lib/python3.9/site-packages/airflow/example_dags/example_outlet_event_extra.py
[2025-02-04T16:32:23.376+0000] {processor.py:925} INFO - DAG(s) 'dataset_with_extra_by_context', 'dataset_with_extra_by_yield', 'dataset_with_extra_from_classic_operator' retrieved from /home/airflow/.local/lib/python3.9/site-packages/airflow/example_dags/example_outlet_event_extra.py
[2025-02-04T16:32:23.408+0000] {logging_mixin.py:190} INFO - [2025-02-04T16:32:23.407+0000] {dag.py:3239} INFO - Sync 3 DAGs
[2025-02-04T16:32:23.433+0000] {logging_mixin.py:190} INFO - [2025-02-04T16:32:23.432+0000] {dag.py:4180} INFO - Setting next_dagrun for dataset_with_extra_by_context to 2025-02-03 00:00:00+00:00, run_after=2025-02-04 00:00:00+00:00
[2025-02-04T16:32:23.440+0000] {logging_mixin.py:190} INFO - [2025-02-04T16:32:23.439+0000] {dag.py:4180} INFO - Setting next_dagrun for dataset_with_extra_by_yield to 2025-02-03 00:00:00+00:00, run_after=2025-02-04 00:00:00+00:00
[2025-02-04T16:32:23.445+0000] {logging_mixin.py:190} INFO - [2025-02-04T16:32:23.444+0000] {dag.py:4180} INFO - Setting next_dagrun for dataset_with_extra_from_classic_operator to 2025-02-03 00:00:00+00:00, run_after=2025-02-04 00:00:00+00:00
[2025-02-04T16:32:23.486+0000] {processor.py:208} INFO - Processing /home/airflow/.local/lib/python3.9/site-packages/airflow/example_dags/example_outlet_event_extra.py took 0.136 seconds
[2025-02-04T16:32:53.644+0000] {processor.py:186} INFO - Started process (PID=1358) to work on /home/airflow/.local/lib/python3.9/site-packages/airflow/example_dags/example_outlet_event_extra.py
[2025-02-04T16:32:53.646+0000] {processor.py:914} INFO - Processing file /home/airflow/.local/lib/python3.9/site-packages/airflow/example_dags/example_outlet_event_extra.py for tasks to queue
[2025-02-04T16:32:53.649+0000] {logging_mixin.py:190} INFO - [2025-02-04T16:32:53.649+0000] {dagbag.py:588} INFO - Filling up the DagBag from /home/airflow/.local/lib/python3.9/site-packages/airflow/example_dags/example_outlet_event_extra.py
[2025-02-04T16:32:53.666+0000] {processor.py:925} INFO - DAG(s) 'dataset_with_extra_by_context', 'dataset_with_extra_by_yield', 'dataset_with_extra_from_classic_operator' retrieved from /home/airflow/.local/lib/python3.9/site-packages/airflow/example_dags/example_outlet_event_extra.py
[2025-02-04T16:32:53.694+0000] {logging_mixin.py:190} INFO - [2025-02-04T16:32:53.694+0000] {dag.py:3239} INFO - Sync 3 DAGs
[2025-02-04T16:32:53.721+0000] {logging_mixin.py:190} INFO - [2025-02-04T16:32:53.721+0000] {dag.py:4180} INFO - Setting next_dagrun for dataset_with_extra_by_context to 2025-02-03 00:00:00+00:00, run_after=2025-02-04 00:00:00+00:00
[2025-02-04T16:32:53.727+0000] {logging_mixin.py:190} INFO - [2025-02-04T16:32:53.727+0000] {dag.py:4180} INFO - Setting next_dagrun for dataset_with_extra_by_yield to 2025-02-03 00:00:00+00:00, run_after=2025-02-04 00:00:00+00:00
[2025-02-04T16:32:53.730+0000] {logging_mixin.py:190} INFO - [2025-02-04T16:32:53.730+0000] {dag.py:4180} INFO - Setting next_dagrun for dataset_with_extra_from_classic_operator to 2025-02-03 00:00:00+00:00, run_after=2025-02-04 00:00:00+00:00
[2025-02-04T16:32:53.758+0000] {processor.py:208} INFO - Processing /home/airflow/.local/lib/python3.9/site-packages/airflow/example_dags/example_outlet_event_extra.py took 0.123 seconds
[2025-02-04T16:33:24.352+0000] {processor.py:186} INFO - Started process (PID=1423) to work on /home/airflow/.local/lib/python3.9/site-packages/airflow/example_dags/example_outlet_event_extra.py
[2025-02-04T16:33:24.354+0000] {processor.py:914} INFO - Processing file /home/airflow/.local/lib/python3.9/site-packages/airflow/example_dags/example_outlet_event_extra.py for tasks to queue
[2025-02-04T16:33:24.357+0000] {logging_mixin.py:190} INFO - [2025-02-04T16:33:24.357+0000] {dagbag.py:588} INFO - Filling up the DagBag from /home/airflow/.local/lib/python3.9/site-packages/airflow/example_dags/example_outlet_event_extra.py
[2025-02-04T16:33:24.370+0000] {processor.py:925} INFO - DAG(s) 'dataset_with_extra_from_classic_operator', 'dataset_with_extra_by_context', 'dataset_with_extra_by_yield' retrieved from /home/airflow/.local/lib/python3.9/site-packages/airflow/example_dags/example_outlet_event_extra.py
[2025-02-04T16:33:24.400+0000] {logging_mixin.py:190} INFO - [2025-02-04T16:33:24.400+0000] {dag.py:3239} INFO - Sync 3 DAGs
[2025-02-04T16:33:24.425+0000] {logging_mixin.py:190} INFO - [2025-02-04T16:33:24.425+0000] {dag.py:4180} INFO - Setting next_dagrun for dataset_with_extra_by_context to 2025-02-03 00:00:00+00:00, run_after=2025-02-04 00:00:00+00:00
[2025-02-04T16:33:24.431+0000] {logging_mixin.py:190} INFO - [2025-02-04T16:33:24.430+0000] {dag.py:4180} INFO - Setting next_dagrun for dataset_with_extra_by_yield to 2025-02-03 00:00:00+00:00, run_after=2025-02-04 00:00:00+00:00
[2025-02-04T16:33:24.434+0000] {logging_mixin.py:190} INFO - [2025-02-04T16:33:24.434+0000] {dag.py:4180} INFO - Setting next_dagrun for dataset_with_extra_from_classic_operator to 2025-02-03 00:00:00+00:00, run_after=2025-02-04 00:00:00+00:00
[2025-02-04T16:33:24.466+0000] {processor.py:208} INFO - Processing /home/airflow/.local/lib/python3.9/site-packages/airflow/example_dags/example_outlet_event_extra.py took 0.122 seconds
[2025-02-04T16:33:55.311+0000] {processor.py:186} INFO - Started process (PID=1487) to work on /home/airflow/.local/lib/python3.9/site-packages/airflow/example_dags/example_outlet_event_extra.py
[2025-02-04T16:33:55.313+0000] {processor.py:914} INFO - Processing file /home/airflow/.local/lib/python3.9/site-packages/airflow/example_dags/example_outlet_event_extra.py for tasks to queue
[2025-02-04T16:33:55.316+0000] {logging_mixin.py:190} INFO - [2025-02-04T16:33:55.316+0000] {dagbag.py:588} INFO - Filling up the DagBag from /home/airflow/.local/lib/python3.9/site-packages/airflow/example_dags/example_outlet_event_extra.py
[2025-02-04T16:33:55.334+0000] {processor.py:925} INFO - DAG(s) 'dataset_with_extra_by_yield', 'dataset_with_extra_by_context', 'dataset_with_extra_from_classic_operator' retrieved from /home/airflow/.local/lib/python3.9/site-packages/airflow/example_dags/example_outlet_event_extra.py
[2025-02-04T16:33:55.362+0000] {logging_mixin.py:190} INFO - [2025-02-04T16:33:55.362+0000] {dag.py:3239} INFO - Sync 3 DAGs
[2025-02-04T16:33:55.388+0000] {logging_mixin.py:190} INFO - [2025-02-04T16:33:55.388+0000] {dag.py:4180} INFO - Setting next_dagrun for dataset_with_extra_by_context to 2025-02-03 00:00:00+00:00, run_after=2025-02-04 00:00:00+00:00
[2025-02-04T16:33:55.394+0000] {logging_mixin.py:190} INFO - [2025-02-04T16:33:55.393+0000] {dag.py:4180} INFO - Setting next_dagrun for dataset_with_extra_by_yield to 2025-02-03 00:00:00+00:00, run_after=2025-02-04 00:00:00+00:00
[2025-02-04T16:33:55.397+0000] {logging_mixin.py:190} INFO - [2025-02-04T16:33:55.397+0000] {dag.py:4180} INFO - Setting next_dagrun for dataset_with_extra_from_classic_operator to 2025-02-03 00:00:00+00:00, run_after=2025-02-04 00:00:00+00:00
[2025-02-04T16:33:55.427+0000] {processor.py:208} INFO - Processing /home/airflow/.local/lib/python3.9/site-packages/airflow/example_dags/example_outlet_event_extra.py took 0.122 seconds
[2025-02-04T16:34:25.766+0000] {processor.py:186} INFO - Started process (PID=1551) to work on /home/airflow/.local/lib/python3.9/site-packages/airflow/example_dags/example_outlet_event_extra.py
[2025-02-04T16:34:25.768+0000] {processor.py:914} INFO - Processing file /home/airflow/.local/lib/python3.9/site-packages/airflow/example_dags/example_outlet_event_extra.py for tasks to queue
[2025-02-04T16:34:25.771+0000] {logging_mixin.py:190} INFO - [2025-02-04T16:34:25.770+0000] {dagbag.py:588} INFO - Filling up the DagBag from /home/airflow/.local/lib/python3.9/site-packages/airflow/example_dags/example_outlet_event_extra.py
[2025-02-04T16:34:25.787+0000] {processor.py:925} INFO - DAG(s) 'dataset_with_extra_by_yield', 'dataset_with_extra_by_context', 'dataset_with_extra_from_classic_operator' retrieved from /home/airflow/.local/lib/python3.9/site-packages/airflow/example_dags/example_outlet_event_extra.py
[2025-02-04T16:34:25.821+0000] {logging_mixin.py:190} INFO - [2025-02-04T16:34:25.820+0000] {dag.py:3239} INFO - Sync 3 DAGs
[2025-02-04T16:34:25.848+0000] {logging_mixin.py:190} INFO - [2025-02-04T16:34:25.848+0000] {dag.py:4180} INFO - Setting next_dagrun for dataset_with_extra_by_context to 2025-02-03 00:00:00+00:00, run_after=2025-02-04 00:00:00+00:00
[2025-02-04T16:34:25.854+0000] {logging_mixin.py:190} INFO - [2025-02-04T16:34:25.854+0000] {dag.py:4180} INFO - Setting next_dagrun for dataset_with_extra_by_yield to 2025-02-03 00:00:00+00:00, run_after=2025-02-04 00:00:00+00:00
[2025-02-04T16:34:25.857+0000] {logging_mixin.py:190} INFO - [2025-02-04T16:34:25.857+0000] {dag.py:4180} INFO - Setting next_dagrun for dataset_with_extra_from_classic_operator to 2025-02-03 00:00:00+00:00, run_after=2025-02-04 00:00:00+00:00
[2025-02-04T16:34:26.032+0000] {processor.py:208} INFO - Processing /home/airflow/.local/lib/python3.9/site-packages/airflow/example_dags/example_outlet_event_extra.py took 0.275 seconds
[2025-02-04T16:34:56.358+0000] {processor.py:186} INFO - Started process (PID=1615) to work on /home/airflow/.local/lib/python3.9/site-packages/airflow/example_dags/example_outlet_event_extra.py
[2025-02-04T16:34:56.360+0000] {processor.py:914} INFO - Processing file /home/airflow/.local/lib/python3.9/site-packages/airflow/example_dags/example_outlet_event_extra.py for tasks to queue
[2025-02-04T16:34:56.363+0000] {logging_mixin.py:190} INFO - [2025-02-04T16:34:56.363+0000] {dagbag.py:588} INFO - Filling up the DagBag from /home/airflow/.local/lib/python3.9/site-packages/airflow/example_dags/example_outlet_event_extra.py
[2025-02-04T16:34:56.378+0000] {processor.py:925} INFO - DAG(s) 'dataset_with_extra_by_context', 'dataset_with_extra_by_yield', 'dataset_with_extra_from_classic_operator' retrieved from /home/airflow/.local/lib/python3.9/site-packages/airflow/example_dags/example_outlet_event_extra.py
[2025-02-04T16:34:56.411+0000] {logging_mixin.py:190} INFO - [2025-02-04T16:34:56.411+0000] {dag.py:3239} INFO - Sync 3 DAGs
[2025-02-04T16:34:56.441+0000] {logging_mixin.py:190} INFO - [2025-02-04T16:34:56.440+0000] {dag.py:4180} INFO - Setting next_dagrun for dataset_with_extra_by_context to 2025-02-03 00:00:00+00:00, run_after=2025-02-04 00:00:00+00:00
[2025-02-04T16:34:56.447+0000] {logging_mixin.py:190} INFO - [2025-02-04T16:34:56.446+0000] {dag.py:4180} INFO - Setting next_dagrun for dataset_with_extra_by_yield to 2025-02-03 00:00:00+00:00, run_after=2025-02-04 00:00:00+00:00
[2025-02-04T16:34:56.450+0000] {logging_mixin.py:190} INFO - [2025-02-04T16:34:56.450+0000] {dag.py:4180} INFO - Setting next_dagrun for dataset_with_extra_from_classic_operator to 2025-02-03 00:00:00+00:00, run_after=2025-02-04 00:00:00+00:00
[2025-02-04T16:34:56.483+0000] {processor.py:208} INFO - Processing /home/airflow/.local/lib/python3.9/site-packages/airflow/example_dags/example_outlet_event_extra.py took 0.132 seconds
[2025-02-04T16:35:27.319+0000] {processor.py:186} INFO - Started process (PID=1679) to work on /home/airflow/.local/lib/python3.9/site-packages/airflow/example_dags/example_outlet_event_extra.py
[2025-02-04T16:35:27.320+0000] {processor.py:914} INFO - Processing file /home/airflow/.local/lib/python3.9/site-packages/airflow/example_dags/example_outlet_event_extra.py for tasks to queue
[2025-02-04T16:35:27.323+0000] {logging_mixin.py:190} INFO - [2025-02-04T16:35:27.323+0000] {dagbag.py:588} INFO - Filling up the DagBag from /home/airflow/.local/lib/python3.9/site-packages/airflow/example_dags/example_outlet_event_extra.py
[2025-02-04T16:35:27.340+0000] {processor.py:925} INFO - DAG(s) 'dataset_with_extra_from_classic_operator', 'dataset_with_extra_by_context', 'dataset_with_extra_by_yield' retrieved from /home/airflow/.local/lib/python3.9/site-packages/airflow/example_dags/example_outlet_event_extra.py
[2025-02-04T16:35:27.373+0000] {logging_mixin.py:190} INFO - [2025-02-04T16:35:27.373+0000] {dag.py:3239} INFO - Sync 3 DAGs
[2025-02-04T16:35:27.405+0000] {logging_mixin.py:190} INFO - [2025-02-04T16:35:27.405+0000] {dag.py:4180} INFO - Setting next_dagrun for dataset_with_extra_by_context to 2025-02-03 00:00:00+00:00, run_after=2025-02-04 00:00:00+00:00
[2025-02-04T16:35:27.411+0000] {logging_mixin.py:190} INFO - [2025-02-04T16:35:27.411+0000] {dag.py:4180} INFO - Setting next_dagrun for dataset_with_extra_by_yield to 2025-02-03 00:00:00+00:00, run_after=2025-02-04 00:00:00+00:00
[2025-02-04T16:35:27.415+0000] {logging_mixin.py:190} INFO - [2025-02-04T16:35:27.415+0000] {dag.py:4180} INFO - Setting next_dagrun for dataset_with_extra_from_classic_operator to 2025-02-03 00:00:00+00:00, run_after=2025-02-04 00:00:00+00:00
[2025-02-04T16:35:27.450+0000] {processor.py:208} INFO - Processing /home/airflow/.local/lib/python3.9/site-packages/airflow/example_dags/example_outlet_event_extra.py took 0.138 seconds
[2025-02-04T16:35:58.472+0000] {processor.py:186} INFO - Started process (PID=1751) to work on /home/airflow/.local/lib/python3.9/site-packages/airflow/example_dags/example_outlet_event_extra.py
[2025-02-04T16:35:58.474+0000] {processor.py:914} INFO - Processing file /home/airflow/.local/lib/python3.9/site-packages/airflow/example_dags/example_outlet_event_extra.py for tasks to queue
[2025-02-04T16:35:58.476+0000] {logging_mixin.py:190} INFO - [2025-02-04T16:35:58.476+0000] {dagbag.py:588} INFO - Filling up the DagBag from /home/airflow/.local/lib/python3.9/site-packages/airflow/example_dags/example_outlet_event_extra.py
[2025-02-04T16:35:58.489+0000] {processor.py:925} INFO - DAG(s) 'dataset_with_extra_by_yield', 'dataset_with_extra_by_context', 'dataset_with_extra_from_classic_operator' retrieved from /home/airflow/.local/lib/python3.9/site-packages/airflow/example_dags/example_outlet_event_extra.py
[2025-02-04T16:35:58.516+0000] {logging_mixin.py:190} INFO - [2025-02-04T16:35:58.516+0000] {dag.py:3239} INFO - Sync 3 DAGs
[2025-02-04T16:35:58.539+0000] {logging_mixin.py:190} INFO - [2025-02-04T16:35:58.539+0000] {dag.py:4180} INFO - Setting next_dagrun for dataset_with_extra_by_context to 2025-02-03 00:00:00+00:00, run_after=2025-02-04 00:00:00+00:00
[2025-02-04T16:35:58.545+0000] {logging_mixin.py:190} INFO - [2025-02-04T16:35:58.545+0000] {dag.py:4180} INFO - Setting next_dagrun for dataset_with_extra_by_yield to 2025-02-03 00:00:00+00:00, run_after=2025-02-04 00:00:00+00:00
[2025-02-04T16:35:58.548+0000] {logging_mixin.py:190} INFO - [2025-02-04T16:35:58.548+0000] {dag.py:4180} INFO - Setting next_dagrun for dataset_with_extra_from_classic_operator to 2025-02-03 00:00:00+00:00, run_after=2025-02-04 00:00:00+00:00
[2025-02-04T16:35:58.577+0000] {processor.py:208} INFO - Processing /home/airflow/.local/lib/python3.9/site-packages/airflow/example_dags/example_outlet_event_extra.py took 0.110 seconds
[2025-02-04T16:36:28.760+0000] {processor.py:186} INFO - Started process (PID=1815) to work on /home/airflow/.local/lib/python3.9/site-packages/airflow/example_dags/example_outlet_event_extra.py
[2025-02-04T16:36:28.761+0000] {processor.py:914} INFO - Processing file /home/airflow/.local/lib/python3.9/site-packages/airflow/example_dags/example_outlet_event_extra.py for tasks to queue
[2025-02-04T16:36:28.763+0000] {logging_mixin.py:190} INFO - [2025-02-04T16:36:28.763+0000] {dagbag.py:588} INFO - Filling up the DagBag from /home/airflow/.local/lib/python3.9/site-packages/airflow/example_dags/example_outlet_event_extra.py
[2025-02-04T16:36:28.776+0000] {processor.py:925} INFO - DAG(s) 'dataset_with_extra_by_yield', 'dataset_with_extra_from_classic_operator', 'dataset_with_extra_by_context' retrieved from /home/airflow/.local/lib/python3.9/site-packages/airflow/example_dags/example_outlet_event_extra.py
[2025-02-04T16:36:28.802+0000] {logging_mixin.py:190} INFO - [2025-02-04T16:36:28.802+0000] {dag.py:3239} INFO - Sync 3 DAGs
[2025-02-04T16:36:28.827+0000] {logging_mixin.py:190} INFO - [2025-02-04T16:36:28.826+0000] {dag.py:4180} INFO - Setting next_dagrun for dataset_with_extra_by_context to 2025-02-03 00:00:00+00:00, run_after=2025-02-04 00:00:00+00:00
[2025-02-04T16:36:28.832+0000] {logging_mixin.py:190} INFO - [2025-02-04T16:36:28.832+0000] {dag.py:4180} INFO - Setting next_dagrun for dataset_with_extra_by_yield to 2025-02-03 00:00:00+00:00, run_after=2025-02-04 00:00:00+00:00
[2025-02-04T16:36:28.835+0000] {logging_mixin.py:190} INFO - [2025-02-04T16:36:28.835+0000] {dag.py:4180} INFO - Setting next_dagrun for dataset_with_extra_from_classic_operator to 2025-02-03 00:00:00+00:00, run_after=2025-02-04 00:00:00+00:00
[2025-02-04T16:36:28.864+0000] {processor.py:208} INFO - Processing /home/airflow/.local/lib/python3.9/site-packages/airflow/example_dags/example_outlet_event_extra.py took 0.111 seconds
[2025-02-04T16:36:59.166+0000] {processor.py:186} INFO - Started process (PID=1879) to work on /home/airflow/.local/lib/python3.9/site-packages/airflow/example_dags/example_outlet_event_extra.py
[2025-02-04T16:36:59.167+0000] {processor.py:914} INFO - Processing file /home/airflow/.local/lib/python3.9/site-packages/airflow/example_dags/example_outlet_event_extra.py for tasks to queue
[2025-02-04T16:36:59.170+0000] {logging_mixin.py:190} INFO - [2025-02-04T16:36:59.170+0000] {dagbag.py:588} INFO - Filling up the DagBag from /home/airflow/.local/lib/python3.9/site-packages/airflow/example_dags/example_outlet_event_extra.py
[2025-02-04T16:36:59.184+0000] {processor.py:925} INFO - DAG(s) 'dataset_with_extra_by_context', 'dataset_with_extra_by_yield', 'dataset_with_extra_from_classic_operator' retrieved from /home/airflow/.local/lib/python3.9/site-packages/airflow/example_dags/example_outlet_event_extra.py
[2025-02-04T16:36:59.211+0000] {logging_mixin.py:190} INFO - [2025-02-04T16:36:59.211+0000] {dag.py:3239} INFO - Sync 3 DAGs
[2025-02-04T16:36:59.237+0000] {logging_mixin.py:190} INFO - [2025-02-04T16:36:59.236+0000] {dag.py:4180} INFO - Setting next_dagrun for dataset_with_extra_by_context to 2025-02-03 00:00:00+00:00, run_after=2025-02-04 00:00:00+00:00
[2025-02-04T16:36:59.242+0000] {logging_mixin.py:190} INFO - [2025-02-04T16:36:59.242+0000] {dag.py:4180} INFO - Setting next_dagrun for dataset_with_extra_by_yield to 2025-02-03 00:00:00+00:00, run_after=2025-02-04 00:00:00+00:00
[2025-02-04T16:36:59.246+0000] {logging_mixin.py:190} INFO - [2025-02-04T16:36:59.246+0000] {dag.py:4180} INFO - Setting next_dagrun for dataset_with_extra_from_classic_operator to 2025-02-03 00:00:00+00:00, run_after=2025-02-04 00:00:00+00:00
[2025-02-04T16:36:59.276+0000] {processor.py:208} INFO - Processing /home/airflow/.local/lib/python3.9/site-packages/airflow/example_dags/example_outlet_event_extra.py took 0.116 seconds
[2025-02-04T16:39:27.240+0000] {processor.py:186} INFO - Started process (PID=1925) to work on /home/airflow/.local/lib/python3.9/site-packages/airflow/example_dags/example_outlet_event_extra.py
[2025-02-04T16:39:27.242+0000] {processor.py:914} INFO - Processing file /home/airflow/.local/lib/python3.9/site-packages/airflow/example_dags/example_outlet_event_extra.py for tasks to queue
[2025-02-04T16:39:27.244+0000] {logging_mixin.py:190} INFO - [2025-02-04T16:39:27.244+0000] {dagbag.py:588} INFO - Filling up the DagBag from /home/airflow/.local/lib/python3.9/site-packages/airflow/example_dags/example_outlet_event_extra.py
[2025-02-04T16:39:27.264+0000] {processor.py:925} INFO - DAG(s) 'dataset_with_extra_by_yield', 'dataset_with_extra_from_classic_operator', 'dataset_with_extra_by_context' retrieved from /home/airflow/.local/lib/python3.9/site-packages/airflow/example_dags/example_outlet_event_extra.py
[2025-02-04T16:39:27.294+0000] {logging_mixin.py:190} INFO - [2025-02-04T16:39:27.294+0000] {dag.py:3239} INFO - Sync 3 DAGs
[2025-02-04T16:39:27.319+0000] {logging_mixin.py:190} INFO - [2025-02-04T16:39:27.319+0000] {dag.py:4180} INFO - Setting next_dagrun for dataset_with_extra_by_context to 2025-02-03 00:00:00+00:00, run_after=2025-02-04 00:00:00+00:00
[2025-02-04T16:39:27.324+0000] {logging_mixin.py:190} INFO - [2025-02-04T16:39:27.324+0000] {dag.py:4180} INFO - Setting next_dagrun for dataset_with_extra_by_yield to 2025-02-03 00:00:00+00:00, run_after=2025-02-04 00:00:00+00:00
[2025-02-04T16:39:27.328+0000] {logging_mixin.py:190} INFO - [2025-02-04T16:39:27.327+0000] {dag.py:4180} INFO - Setting next_dagrun for dataset_with_extra_from_classic_operator to 2025-02-03 00:00:00+00:00, run_after=2025-02-04 00:00:00+00:00
[2025-02-04T16:39:27.359+0000] {processor.py:208} INFO - Processing /home/airflow/.local/lib/python3.9/site-packages/airflow/example_dags/example_outlet_event_extra.py took 0.126 seconds
[2025-02-04T16:39:57.567+0000] {processor.py:186} INFO - Started process (PID=1989) to work on /home/airflow/.local/lib/python3.9/site-packages/airflow/example_dags/example_outlet_event_extra.py
[2025-02-04T16:39:57.569+0000] {processor.py:914} INFO - Processing file /home/airflow/.local/lib/python3.9/site-packages/airflow/example_dags/example_outlet_event_extra.py for tasks to queue
[2025-02-04T16:39:57.571+0000] {logging_mixin.py:190} INFO - [2025-02-04T16:39:57.570+0000] {dagbag.py:588} INFO - Filling up the DagBag from /home/airflow/.local/lib/python3.9/site-packages/airflow/example_dags/example_outlet_event_extra.py
[2025-02-04T16:39:57.589+0000] {processor.py:925} INFO - DAG(s) 'dataset_with_extra_by_yield', 'dataset_with_extra_from_classic_operator', 'dataset_with_extra_by_context' retrieved from /home/airflow/.local/lib/python3.9/site-packages/airflow/example_dags/example_outlet_event_extra.py
[2025-02-04T16:39:57.635+0000] {logging_mixin.py:190} INFO - [2025-02-04T16:39:57.635+0000] {dag.py:3239} INFO - Sync 3 DAGs
[2025-02-04T16:39:57.657+0000] {logging_mixin.py:190} INFO - [2025-02-04T16:39:57.657+0000] {dag.py:4180} INFO - Setting next_dagrun for dataset_with_extra_by_context to 2025-02-03 00:00:00+00:00, run_after=2025-02-04 00:00:00+00:00
[2025-02-04T16:39:57.662+0000] {logging_mixin.py:190} INFO - [2025-02-04T16:39:57.662+0000] {dag.py:4180} INFO - Setting next_dagrun for dataset_with_extra_by_yield to 2025-02-03 00:00:00+00:00, run_after=2025-02-04 00:00:00+00:00
[2025-02-04T16:39:57.665+0000] {logging_mixin.py:190} INFO - [2025-02-04T16:39:57.665+0000] {dag.py:4180} INFO - Setting next_dagrun for dataset_with_extra_from_classic_operator to 2025-02-03 00:00:00+00:00, run_after=2025-02-04 00:00:00+00:00
[2025-02-04T16:39:57.689+0000] {processor.py:208} INFO - Processing /home/airflow/.local/lib/python3.9/site-packages/airflow/example_dags/example_outlet_event_extra.py took 0.128 seconds
[2025-02-04T16:40:28.611+0000] {processor.py:186} INFO - Started process (PID=2053) to work on /home/airflow/.local/lib/python3.9/site-packages/airflow/example_dags/example_outlet_event_extra.py
[2025-02-04T16:40:28.612+0000] {processor.py:914} INFO - Processing file /home/airflow/.local/lib/python3.9/site-packages/airflow/example_dags/example_outlet_event_extra.py for tasks to queue
[2025-02-04T16:40:28.614+0000] {logging_mixin.py:190} INFO - [2025-02-04T16:40:28.614+0000] {dagbag.py:588} INFO - Filling up the DagBag from /home/airflow/.local/lib/python3.9/site-packages/airflow/example_dags/example_outlet_event_extra.py
[2025-02-04T16:40:28.630+0000] {processor.py:925} INFO - DAG(s) 'dataset_with_extra_from_classic_operator', 'dataset_with_extra_by_context', 'dataset_with_extra_by_yield' retrieved from /home/airflow/.local/lib/python3.9/site-packages/airflow/example_dags/example_outlet_event_extra.py
[2025-02-04T16:40:28.658+0000] {logging_mixin.py:190} INFO - [2025-02-04T16:40:28.658+0000] {dag.py:3239} INFO - Sync 3 DAGs
[2025-02-04T16:40:28.681+0000] {logging_mixin.py:190} INFO - [2025-02-04T16:40:28.681+0000] {dag.py:4180} INFO - Setting next_dagrun for dataset_with_extra_by_context to 2025-02-03 00:00:00+00:00, run_after=2025-02-04 00:00:00+00:00
[2025-02-04T16:40:28.687+0000] {logging_mixin.py:190} INFO - [2025-02-04T16:40:28.687+0000] {dag.py:4180} INFO - Setting next_dagrun for dataset_with_extra_by_yield to 2025-02-03 00:00:00+00:00, run_after=2025-02-04 00:00:00+00:00
[2025-02-04T16:40:28.690+0000] {logging_mixin.py:190} INFO - [2025-02-04T16:40:28.690+0000] {dag.py:4180} INFO - Setting next_dagrun for dataset_with_extra_from_classic_operator to 2025-02-03 00:00:00+00:00, run_after=2025-02-04 00:00:00+00:00
[2025-02-04T16:40:28.719+0000] {processor.py:208} INFO - Processing /home/airflow/.local/lib/python3.9/site-packages/airflow/example_dags/example_outlet_event_extra.py took 0.114 seconds
[2025-02-04T16:40:59.356+0000] {processor.py:186} INFO - Started process (PID=2117) to work on /home/airflow/.local/lib/python3.9/site-packages/airflow/example_dags/example_outlet_event_extra.py
[2025-02-04T16:40:59.357+0000] {processor.py:914} INFO - Processing file /home/airflow/.local/lib/python3.9/site-packages/airflow/example_dags/example_outlet_event_extra.py for tasks to queue
[2025-02-04T16:40:59.359+0000] {logging_mixin.py:190} INFO - [2025-02-04T16:40:59.359+0000] {dagbag.py:588} INFO - Filling up the DagBag from /home/airflow/.local/lib/python3.9/site-packages/airflow/example_dags/example_outlet_event_extra.py
[2025-02-04T16:40:59.375+0000] {processor.py:925} INFO - DAG(s) 'dataset_with_extra_by_context', 'dataset_with_extra_by_yield', 'dataset_with_extra_from_classic_operator' retrieved from /home/airflow/.local/lib/python3.9/site-packages/airflow/example_dags/example_outlet_event_extra.py
[2025-02-04T16:40:59.403+0000] {logging_mixin.py:190} INFO - [2025-02-04T16:40:59.403+0000] {dag.py:3239} INFO - Sync 3 DAGs
[2025-02-04T16:40:59.428+0000] {logging_mixin.py:190} INFO - [2025-02-04T16:40:59.427+0000] {dag.py:4180} INFO - Setting next_dagrun for dataset_with_extra_by_context to 2025-02-03 00:00:00+00:00, run_after=2025-02-04 00:00:00+00:00
[2025-02-04T16:40:59.434+0000] {logging_mixin.py:190} INFO - [2025-02-04T16:40:59.433+0000] {dag.py:4180} INFO - Setting next_dagrun for dataset_with_extra_by_yield to 2025-02-03 00:00:00+00:00, run_after=2025-02-04 00:00:00+00:00
[2025-02-04T16:40:59.437+0000] {logging_mixin.py:190} INFO - [2025-02-04T16:40:59.437+0000] {dag.py:4180} INFO - Setting next_dagrun for dataset_with_extra_from_classic_operator to 2025-02-03 00:00:00+00:00, run_after=2025-02-04 00:00:00+00:00
[2025-02-04T16:40:59.466+0000] {processor.py:208} INFO - Processing /home/airflow/.local/lib/python3.9/site-packages/airflow/example_dags/example_outlet_event_extra.py took 0.117 seconds
[2025-02-04T16:41:30.653+0000] {processor.py:186} INFO - Started process (PID=2181) to work on /home/airflow/.local/lib/python3.9/site-packages/airflow/example_dags/example_outlet_event_extra.py
[2025-02-04T16:41:30.654+0000] {processor.py:914} INFO - Processing file /home/airflow/.local/lib/python3.9/site-packages/airflow/example_dags/example_outlet_event_extra.py for tasks to queue
[2025-02-04T16:41:30.656+0000] {logging_mixin.py:190} INFO - [2025-02-04T16:41:30.655+0000] {dagbag.py:588} INFO - Filling up the DagBag from /home/airflow/.local/lib/python3.9/site-packages/airflow/example_dags/example_outlet_event_extra.py
[2025-02-04T16:41:30.672+0000] {processor.py:925} INFO - DAG(s) 'dataset_with_extra_from_classic_operator', 'dataset_with_extra_by_context', 'dataset_with_extra_by_yield' retrieved from /home/airflow/.local/lib/python3.9/site-packages/airflow/example_dags/example_outlet_event_extra.py
[2025-02-04T16:41:30.697+0000] {logging_mixin.py:190} INFO - [2025-02-04T16:41:30.697+0000] {dag.py:3239} INFO - Sync 3 DAGs
[2025-02-04T16:41:30.726+0000] {logging_mixin.py:190} INFO - [2025-02-04T16:41:30.726+0000] {dag.py:4180} INFO - Setting next_dagrun for dataset_with_extra_by_context to 2025-02-03 00:00:00+00:00, run_after=2025-02-04 00:00:00+00:00
[2025-02-04T16:41:30.732+0000] {logging_mixin.py:190} INFO - [2025-02-04T16:41:30.732+0000] {dag.py:4180} INFO - Setting next_dagrun for dataset_with_extra_by_yield to 2025-02-03 00:00:00+00:00, run_after=2025-02-04 00:00:00+00:00
[2025-02-04T16:41:30.735+0000] {logging_mixin.py:190} INFO - [2025-02-04T16:41:30.735+0000] {dag.py:4180} INFO - Setting next_dagrun for dataset_with_extra_from_classic_operator to 2025-02-03 00:00:00+00:00, run_after=2025-02-04 00:00:00+00:00
[2025-02-04T16:41:30.761+0000] {processor.py:208} INFO - Processing /home/airflow/.local/lib/python3.9/site-packages/airflow/example_dags/example_outlet_event_extra.py took 0.115 seconds
[2025-02-04T16:42:01.801+0000] {processor.py:186} INFO - Started process (PID=2245) to work on /home/airflow/.local/lib/python3.9/site-packages/airflow/example_dags/example_outlet_event_extra.py
[2025-02-04T16:42:01.802+0000] {processor.py:914} INFO - Processing file /home/airflow/.local/lib/python3.9/site-packages/airflow/example_dags/example_outlet_event_extra.py for tasks to queue
[2025-02-04T16:42:01.804+0000] {logging_mixin.py:190} INFO - [2025-02-04T16:42:01.804+0000] {dagbag.py:588} INFO - Filling up the DagBag from /home/airflow/.local/lib/python3.9/site-packages/airflow/example_dags/example_outlet_event_extra.py
[2025-02-04T16:42:01.817+0000] {processor.py:925} INFO - DAG(s) 'dataset_with_extra_from_classic_operator', 'dataset_with_extra_by_yield', 'dataset_with_extra_by_context' retrieved from /home/airflow/.local/lib/python3.9/site-packages/airflow/example_dags/example_outlet_event_extra.py
[2025-02-04T16:42:01.844+0000] {logging_mixin.py:190} INFO - [2025-02-04T16:42:01.844+0000] {dag.py:3239} INFO - Sync 3 DAGs
[2025-02-04T16:42:01.867+0000] {logging_mixin.py:190} INFO - [2025-02-04T16:42:01.867+0000] {dag.py:4180} INFO - Setting next_dagrun for dataset_with_extra_by_context to 2025-02-03 00:00:00+00:00, run_after=2025-02-04 00:00:00+00:00
[2025-02-04T16:42:01.873+0000] {logging_mixin.py:190} INFO - [2025-02-04T16:42:01.873+0000] {dag.py:4180} INFO - Setting next_dagrun for dataset_with_extra_by_yield to 2025-02-03 00:00:00+00:00, run_after=2025-02-04 00:00:00+00:00
[2025-02-04T16:42:01.876+0000] {logging_mixin.py:190} INFO - [2025-02-04T16:42:01.876+0000] {dag.py:4180} INFO - Setting next_dagrun for dataset_with_extra_from_classic_operator to 2025-02-03 00:00:00+00:00, run_after=2025-02-04 00:00:00+00:00
[2025-02-04T16:42:01.903+0000] {processor.py:208} INFO - Processing /home/airflow/.local/lib/python3.9/site-packages/airflow/example_dags/example_outlet_event_extra.py took 0.108 seconds
[2025-02-04T16:42:32.326+0000] {processor.py:186} INFO - Started process (PID=2309) to work on /home/airflow/.local/lib/python3.9/site-packages/airflow/example_dags/example_outlet_event_extra.py
[2025-02-04T16:42:32.327+0000] {processor.py:914} INFO - Processing file /home/airflow/.local/lib/python3.9/site-packages/airflow/example_dags/example_outlet_event_extra.py for tasks to queue
[2025-02-04T16:42:32.329+0000] {logging_mixin.py:190} INFO - [2025-02-04T16:42:32.328+0000] {dagbag.py:588} INFO - Filling up the DagBag from /home/airflow/.local/lib/python3.9/site-packages/airflow/example_dags/example_outlet_event_extra.py
[2025-02-04T16:42:32.345+0000] {processor.py:925} INFO - DAG(s) 'dataset_with_extra_from_classic_operator', 'dataset_with_extra_by_yield', 'dataset_with_extra_by_context' retrieved from /home/airflow/.local/lib/python3.9/site-packages/airflow/example_dags/example_outlet_event_extra.py
[2025-02-04T16:42:32.376+0000] {logging_mixin.py:190} INFO - [2025-02-04T16:42:32.376+0000] {dag.py:3239} INFO - Sync 3 DAGs
[2025-02-04T16:42:32.401+0000] {logging_mixin.py:190} INFO - [2025-02-04T16:42:32.401+0000] {dag.py:4180} INFO - Setting next_dagrun for dataset_with_extra_by_context to 2025-02-03 00:00:00+00:00, run_after=2025-02-04 00:00:00+00:00
[2025-02-04T16:42:32.409+0000] {logging_mixin.py:190} INFO - [2025-02-04T16:42:32.408+0000] {dag.py:4180} INFO - Setting next_dagrun for dataset_with_extra_by_yield to 2025-02-03 00:00:00+00:00, run_after=2025-02-04 00:00:00+00:00
[2025-02-04T16:42:32.412+0000] {logging_mixin.py:190} INFO - [2025-02-04T16:42:32.412+0000] {dag.py:4180} INFO - Setting next_dagrun for dataset_with_extra_from_classic_operator to 2025-02-03 00:00:00+00:00, run_after=2025-02-04 00:00:00+00:00
[2025-02-04T16:42:32.442+0000] {processor.py:208} INFO - Processing /home/airflow/.local/lib/python3.9/site-packages/airflow/example_dags/example_outlet_event_extra.py took 0.124 seconds
[2025-02-04T16:43:02.879+0000] {processor.py:186} INFO - Started process (PID=2374) to work on /home/airflow/.local/lib/python3.9/site-packages/airflow/example_dags/example_outlet_event_extra.py
[2025-02-04T16:43:02.881+0000] {processor.py:914} INFO - Processing file /home/airflow/.local/lib/python3.9/site-packages/airflow/example_dags/example_outlet_event_extra.py for tasks to queue
[2025-02-04T16:43:02.882+0000] {logging_mixin.py:190} INFO - [2025-02-04T16:43:02.882+0000] {dagbag.py:588} INFO - Filling up the DagBag from /home/airflow/.local/lib/python3.9/site-packages/airflow/example_dags/example_outlet_event_extra.py
[2025-02-04T16:43:02.902+0000] {processor.py:925} INFO - DAG(s) 'dataset_with_extra_by_yield', 'dataset_with_extra_by_context', 'dataset_with_extra_from_classic_operator' retrieved from /home/airflow/.local/lib/python3.9/site-packages/airflow/example_dags/example_outlet_event_extra.py
[2025-02-04T16:43:02.936+0000] {logging_mixin.py:190} INFO - [2025-02-04T16:43:02.936+0000] {dag.py:3239} INFO - Sync 3 DAGs
[2025-02-04T16:43:02.969+0000] {logging_mixin.py:190} INFO - [2025-02-04T16:43:02.969+0000] {dag.py:4180} INFO - Setting next_dagrun for dataset_with_extra_by_context to 2025-02-03 00:00:00+00:00, run_after=2025-02-04 00:00:00+00:00
[2025-02-04T16:43:02.974+0000] {logging_mixin.py:190} INFO - [2025-02-04T16:43:02.974+0000] {dag.py:4180} INFO - Setting next_dagrun for dataset_with_extra_by_yield to 2025-02-03 00:00:00+00:00, run_after=2025-02-04 00:00:00+00:00
[2025-02-04T16:43:02.979+0000] {logging_mixin.py:190} INFO - [2025-02-04T16:43:02.978+0000] {dag.py:4180} INFO - Setting next_dagrun for dataset_with_extra_from_classic_operator to 2025-02-03 00:00:00+00:00, run_after=2025-02-04 00:00:00+00:00
[2025-02-04T16:43:03.005+0000] {processor.py:208} INFO - Processing /home/airflow/.local/lib/python3.9/site-packages/airflow/example_dags/example_outlet_event_extra.py took 0.134 seconds
[2025-02-04T16:43:33.564+0000] {processor.py:186} INFO - Started process (PID=2438) to work on /home/airflow/.local/lib/python3.9/site-packages/airflow/example_dags/example_outlet_event_extra.py
[2025-02-04T16:43:33.566+0000] {processor.py:914} INFO - Processing file /home/airflow/.local/lib/python3.9/site-packages/airflow/example_dags/example_outlet_event_extra.py for tasks to queue
[2025-02-04T16:43:33.567+0000] {logging_mixin.py:190} INFO - [2025-02-04T16:43:33.567+0000] {dagbag.py:588} INFO - Filling up the DagBag from /home/airflow/.local/lib/python3.9/site-packages/airflow/example_dags/example_outlet_event_extra.py
[2025-02-04T16:43:33.586+0000] {processor.py:925} INFO - DAG(s) 'dataset_with_extra_by_context', 'dataset_with_extra_from_classic_operator', 'dataset_with_extra_by_yield' retrieved from /home/airflow/.local/lib/python3.9/site-packages/airflow/example_dags/example_outlet_event_extra.py
[2025-02-04T16:43:33.620+0000] {logging_mixin.py:190} INFO - [2025-02-04T16:43:33.620+0000] {dag.py:3239} INFO - Sync 3 DAGs
[2025-02-04T16:43:33.646+0000] {logging_mixin.py:190} INFO - [2025-02-04T16:43:33.645+0000] {dag.py:4180} INFO - Setting next_dagrun for dataset_with_extra_by_context to 2025-02-03 00:00:00+00:00, run_after=2025-02-04 00:00:00+00:00
[2025-02-04T16:43:33.652+0000] {logging_mixin.py:190} INFO - [2025-02-04T16:43:33.651+0000] {dag.py:4180} INFO - Setting next_dagrun for dataset_with_extra_by_yield to 2025-02-03 00:00:00+00:00, run_after=2025-02-04 00:00:00+00:00
[2025-02-04T16:43:33.655+0000] {logging_mixin.py:190} INFO - [2025-02-04T16:43:33.655+0000] {dag.py:4180} INFO - Setting next_dagrun for dataset_with_extra_from_classic_operator to 2025-02-03 00:00:00+00:00, run_after=2025-02-04 00:00:00+00:00
[2025-02-04T16:43:33.698+0000] {processor.py:208} INFO - Processing /home/airflow/.local/lib/python3.9/site-packages/airflow/example_dags/example_outlet_event_extra.py took 0.142 seconds
[2025-02-04T16:44:04.018+0000] {processor.py:186} INFO - Started process (PID=2502) to work on /home/airflow/.local/lib/python3.9/site-packages/airflow/example_dags/example_outlet_event_extra.py
[2025-02-04T16:44:04.020+0000] {processor.py:914} INFO - Processing file /home/airflow/.local/lib/python3.9/site-packages/airflow/example_dags/example_outlet_event_extra.py for tasks to queue
[2025-02-04T16:44:04.022+0000] {logging_mixin.py:190} INFO - [2025-02-04T16:44:04.021+0000] {dagbag.py:588} INFO - Filling up the DagBag from /home/airflow/.local/lib/python3.9/site-packages/airflow/example_dags/example_outlet_event_extra.py
[2025-02-04T16:44:04.037+0000] {processor.py:925} INFO - DAG(s) 'dataset_with_extra_by_context', 'dataset_with_extra_from_classic_operator', 'dataset_with_extra_by_yield' retrieved from /home/airflow/.local/lib/python3.9/site-packages/airflow/example_dags/example_outlet_event_extra.py
[2025-02-04T16:44:04.069+0000] {logging_mixin.py:190} INFO - [2025-02-04T16:44:04.069+0000] {dag.py:3239} INFO - Sync 3 DAGs
[2025-02-04T16:44:04.095+0000] {logging_mixin.py:190} INFO - [2025-02-04T16:44:04.095+0000] {dag.py:4180} INFO - Setting next_dagrun for dataset_with_extra_by_context to 2025-02-03 00:00:00+00:00, run_after=2025-02-04 00:00:00+00:00
[2025-02-04T16:44:04.101+0000] {logging_mixin.py:190} INFO - [2025-02-04T16:44:04.100+0000] {dag.py:4180} INFO - Setting next_dagrun for dataset_with_extra_by_yield to 2025-02-03 00:00:00+00:00, run_after=2025-02-04 00:00:00+00:00
[2025-02-04T16:44:04.104+0000] {logging_mixin.py:190} INFO - [2025-02-04T16:44:04.104+0000] {dag.py:4180} INFO - Setting next_dagrun for dataset_with_extra_from_classic_operator to 2025-02-03 00:00:00+00:00, run_after=2025-02-04 00:00:00+00:00
[2025-02-04T16:44:04.158+0000] {processor.py:208} INFO - Processing /home/airflow/.local/lib/python3.9/site-packages/airflow/example_dags/example_outlet_event_extra.py took 0.147 seconds
[2025-02-04T16:44:34.310+0000] {processor.py:186} INFO - Started process (PID=2566) to work on /home/airflow/.local/lib/python3.9/site-packages/airflow/example_dags/example_outlet_event_extra.py
[2025-02-04T16:44:34.312+0000] {processor.py:914} INFO - Processing file /home/airflow/.local/lib/python3.9/site-packages/airflow/example_dags/example_outlet_event_extra.py for tasks to queue
[2025-02-04T16:44:34.313+0000] {logging_mixin.py:190} INFO - [2025-02-04T16:44:34.313+0000] {dagbag.py:588} INFO - Filling up the DagBag from /home/airflow/.local/lib/python3.9/site-packages/airflow/example_dags/example_outlet_event_extra.py
[2025-02-04T16:44:34.329+0000] {processor.py:925} INFO - DAG(s) 'dataset_with_extra_from_classic_operator', 'dataset_with_extra_by_context', 'dataset_with_extra_by_yield' retrieved from /home/airflow/.local/lib/python3.9/site-packages/airflow/example_dags/example_outlet_event_extra.py
[2025-02-04T16:44:34.360+0000] {logging_mixin.py:190} INFO - [2025-02-04T16:44:34.360+0000] {dag.py:3239} INFO - Sync 3 DAGs
[2025-02-04T16:44:34.385+0000] {logging_mixin.py:190} INFO - [2025-02-04T16:44:34.385+0000] {dag.py:4180} INFO - Setting next_dagrun for dataset_with_extra_by_context to 2025-02-03 00:00:00+00:00, run_after=2025-02-04 00:00:00+00:00
[2025-02-04T16:44:34.391+0000] {logging_mixin.py:190} INFO - [2025-02-04T16:44:34.391+0000] {dag.py:4180} INFO - Setting next_dagrun for dataset_with_extra_by_yield to 2025-02-03 00:00:00+00:00, run_after=2025-02-04 00:00:00+00:00
[2025-02-04T16:44:34.395+0000] {logging_mixin.py:190} INFO - [2025-02-04T16:44:34.395+0000] {dag.py:4180} INFO - Setting next_dagrun for dataset_with_extra_from_classic_operator to 2025-02-03 00:00:00+00:00, run_after=2025-02-04 00:00:00+00:00
[2025-02-04T16:44:34.428+0000] {processor.py:208} INFO - Processing /home/airflow/.local/lib/python3.9/site-packages/airflow/example_dags/example_outlet_event_extra.py took 0.124 seconds
[2025-02-04T16:45:04.966+0000] {processor.py:186} INFO - Started process (PID=2637) to work on /home/airflow/.local/lib/python3.9/site-packages/airflow/example_dags/example_outlet_event_extra.py
[2025-02-04T16:45:04.968+0000] {processor.py:914} INFO - Processing file /home/airflow/.local/lib/python3.9/site-packages/airflow/example_dags/example_outlet_event_extra.py for tasks to queue
[2025-02-04T16:45:04.969+0000] {logging_mixin.py:190} INFO - [2025-02-04T16:45:04.969+0000] {dagbag.py:588} INFO - Filling up the DagBag from /home/airflow/.local/lib/python3.9/site-packages/airflow/example_dags/example_outlet_event_extra.py
[2025-02-04T16:45:04.987+0000] {processor.py:925} INFO - DAG(s) 'dataset_with_extra_from_classic_operator', 'dataset_with_extra_by_yield', 'dataset_with_extra_by_context' retrieved from /home/airflow/.local/lib/python3.9/site-packages/airflow/example_dags/example_outlet_event_extra.py
[2025-02-04T16:45:05.020+0000] {logging_mixin.py:190} INFO - [2025-02-04T16:45:05.020+0000] {dag.py:3239} INFO - Sync 3 DAGs
[2025-02-04T16:45:05.046+0000] {logging_mixin.py:190} INFO - [2025-02-04T16:45:05.046+0000] {dag.py:4180} INFO - Setting next_dagrun for dataset_with_extra_by_context to 2025-02-03 00:00:00+00:00, run_after=2025-02-04 00:00:00+00:00
[2025-02-04T16:45:05.052+0000] {logging_mixin.py:190} INFO - [2025-02-04T16:45:05.052+0000] {dag.py:4180} INFO - Setting next_dagrun for dataset_with_extra_by_yield to 2025-02-03 00:00:00+00:00, run_after=2025-02-04 00:00:00+00:00
[2025-02-04T16:45:05.056+0000] {logging_mixin.py:190} INFO - [2025-02-04T16:45:05.055+0000] {dag.py:4180} INFO - Setting next_dagrun for dataset_with_extra_from_classic_operator to 2025-02-03 00:00:00+00:00, run_after=2025-02-04 00:00:00+00:00
[2025-02-04T16:45:05.085+0000] {processor.py:208} INFO - Processing /home/airflow/.local/lib/python3.9/site-packages/airflow/example_dags/example_outlet_event_extra.py took 0.127 seconds
[2025-02-04T16:45:35.359+0000] {processor.py:186} INFO - Started process (PID=2701) to work on /home/airflow/.local/lib/python3.9/site-packages/airflow/example_dags/example_outlet_event_extra.py
[2025-02-04T16:45:35.360+0000] {processor.py:914} INFO - Processing file /home/airflow/.local/lib/python3.9/site-packages/airflow/example_dags/example_outlet_event_extra.py for tasks to queue
[2025-02-04T16:45:35.362+0000] {logging_mixin.py:190} INFO - [2025-02-04T16:45:35.362+0000] {dagbag.py:588} INFO - Filling up the DagBag from /home/airflow/.local/lib/python3.9/site-packages/airflow/example_dags/example_outlet_event_extra.py
[2025-02-04T16:45:35.377+0000] {processor.py:925} INFO - DAG(s) 'dataset_with_extra_by_yield', 'dataset_with_extra_by_context', 'dataset_with_extra_from_classic_operator' retrieved from /home/airflow/.local/lib/python3.9/site-packages/airflow/example_dags/example_outlet_event_extra.py
[2025-02-04T16:45:35.409+0000] {logging_mixin.py:190} INFO - [2025-02-04T16:45:35.409+0000] {dag.py:3239} INFO - Sync 3 DAGs
[2025-02-04T16:45:35.435+0000] {logging_mixin.py:190} INFO - [2025-02-04T16:45:35.435+0000] {dag.py:4180} INFO - Setting next_dagrun for dataset_with_extra_by_context to 2025-02-03 00:00:00+00:00, run_after=2025-02-04 00:00:00+00:00
[2025-02-04T16:45:35.441+0000] {logging_mixin.py:190} INFO - [2025-02-04T16:45:35.441+0000] {dag.py:4180} INFO - Setting next_dagrun for dataset_with_extra_by_yield to 2025-02-03 00:00:00+00:00, run_after=2025-02-04 00:00:00+00:00
[2025-02-04T16:45:35.445+0000] {logging_mixin.py:190} INFO - [2025-02-04T16:45:35.444+0000] {dag.py:4180} INFO - Setting next_dagrun for dataset_with_extra_from_classic_operator to 2025-02-03 00:00:00+00:00, run_after=2025-02-04 00:00:00+00:00
[2025-02-04T16:45:35.479+0000] {processor.py:208} INFO - Processing /home/airflow/.local/lib/python3.9/site-packages/airflow/example_dags/example_outlet_event_extra.py took 0.126 seconds
[2025-02-04T16:46:06.758+0000] {processor.py:186} INFO - Started process (PID=2767) to work on /home/airflow/.local/lib/python3.9/site-packages/airflow/example_dags/example_outlet_event_extra.py
[2025-02-04T16:46:06.759+0000] {processor.py:914} INFO - Processing file /home/airflow/.local/lib/python3.9/site-packages/airflow/example_dags/example_outlet_event_extra.py for tasks to queue
[2025-02-04T16:46:06.760+0000] {logging_mixin.py:190} INFO - [2025-02-04T16:46:06.760+0000] {dagbag.py:588} INFO - Filling up the DagBag from /home/airflow/.local/lib/python3.9/site-packages/airflow/example_dags/example_outlet_event_extra.py
[2025-02-04T16:46:06.777+0000] {processor.py:925} INFO - DAG(s) 'dataset_with_extra_by_yield', 'dataset_with_extra_by_context', 'dataset_with_extra_from_classic_operator' retrieved from /home/airflow/.local/lib/python3.9/site-packages/airflow/example_dags/example_outlet_event_extra.py
[2025-02-04T16:46:06.808+0000] {logging_mixin.py:190} INFO - [2025-02-04T16:46:06.807+0000] {dag.py:3239} INFO - Sync 3 DAGs
[2025-02-04T16:46:06.835+0000] {logging_mixin.py:190} INFO - [2025-02-04T16:46:06.835+0000] {dag.py:4180} INFO - Setting next_dagrun for dataset_with_extra_by_context to 2025-02-03 00:00:00+00:00, run_after=2025-02-04 00:00:00+00:00
[2025-02-04T16:46:06.841+0000] {logging_mixin.py:190} INFO - [2025-02-04T16:46:06.841+0000] {dag.py:4180} INFO - Setting next_dagrun for dataset_with_extra_by_yield to 2025-02-03 00:00:00+00:00, run_after=2025-02-04 00:00:00+00:00
[2025-02-04T16:46:06.845+0000] {logging_mixin.py:190} INFO - [2025-02-04T16:46:06.845+0000] {dag.py:4180} INFO - Setting next_dagrun for dataset_with_extra_from_classic_operator to 2025-02-03 00:00:00+00:00, run_after=2025-02-04 00:00:00+00:00
[2025-02-04T16:46:06.876+0000] {processor.py:208} INFO - Processing /home/airflow/.local/lib/python3.9/site-packages/airflow/example_dags/example_outlet_event_extra.py took 0.125 seconds
[2025-02-04T16:46:37.342+0000] {processor.py:186} INFO - Started process (PID=2831) to work on /home/airflow/.local/lib/python3.9/site-packages/airflow/example_dags/example_outlet_event_extra.py
[2025-02-04T16:46:37.344+0000] {processor.py:914} INFO - Processing file /home/airflow/.local/lib/python3.9/site-packages/airflow/example_dags/example_outlet_event_extra.py for tasks to queue
[2025-02-04T16:46:37.346+0000] {logging_mixin.py:190} INFO - [2025-02-04T16:46:37.346+0000] {dagbag.py:588} INFO - Filling up the DagBag from /home/airflow/.local/lib/python3.9/site-packages/airflow/example_dags/example_outlet_event_extra.py
[2025-02-04T16:46:37.363+0000] {processor.py:925} INFO - DAG(s) 'dataset_with_extra_by_context', 'dataset_with_extra_by_yield', 'dataset_with_extra_from_classic_operator' retrieved from /home/airflow/.local/lib/python3.9/site-packages/airflow/example_dags/example_outlet_event_extra.py
[2025-02-04T16:46:37.396+0000] {logging_mixin.py:190} INFO - [2025-02-04T16:46:37.396+0000] {dag.py:3239} INFO - Sync 3 DAGs
[2025-02-04T16:46:37.429+0000] {logging_mixin.py:190} INFO - [2025-02-04T16:46:37.429+0000] {dag.py:4180} INFO - Setting next_dagrun for dataset_with_extra_by_context to 2025-02-03 00:00:00+00:00, run_after=2025-02-04 00:00:00+00:00
[2025-02-04T16:46:37.436+0000] {logging_mixin.py:190} INFO - [2025-02-04T16:46:37.435+0000] {dag.py:4180} INFO - Setting next_dagrun for dataset_with_extra_by_yield to 2025-02-03 00:00:00+00:00, run_after=2025-02-04 00:00:00+00:00
[2025-02-04T16:46:37.440+0000] {logging_mixin.py:190} INFO - [2025-02-04T16:46:37.439+0000] {dag.py:4180} INFO - Setting next_dagrun for dataset_with_extra_from_classic_operator to 2025-02-03 00:00:00+00:00, run_after=2025-02-04 00:00:00+00:00
[2025-02-04T16:46:37.472+0000] {processor.py:208} INFO - Processing /home/airflow/.local/lib/python3.9/site-packages/airflow/example_dags/example_outlet_event_extra.py took 0.136 seconds
[2025-02-04T16:47:12.338+0000] {processor.py:186} INFO - Started process (PID=2895) to work on /home/airflow/.local/lib/python3.9/site-packages/airflow/example_dags/example_outlet_event_extra.py
[2025-02-04T16:47:12.340+0000] {processor.py:914} INFO - Processing file /home/airflow/.local/lib/python3.9/site-packages/airflow/example_dags/example_outlet_event_extra.py for tasks to queue
[2025-02-04T16:47:12.342+0000] {logging_mixin.py:190} INFO - [2025-02-04T16:47:12.342+0000] {dagbag.py:588} INFO - Filling up the DagBag from /home/airflow/.local/lib/python3.9/site-packages/airflow/example_dags/example_outlet_event_extra.py
[2025-02-04T16:47:12.371+0000] {processor.py:925} INFO - DAG(s) 'dataset_with_extra_from_classic_operator', 'dataset_with_extra_by_context', 'dataset_with_extra_by_yield' retrieved from /home/airflow/.local/lib/python3.9/site-packages/airflow/example_dags/example_outlet_event_extra.py
[2025-02-04T16:47:12.413+0000] {logging_mixin.py:190} INFO - [2025-02-04T16:47:12.412+0000] {dag.py:3239} INFO - Sync 3 DAGs
[2025-02-04T16:47:12.449+0000] {logging_mixin.py:190} INFO - [2025-02-04T16:47:12.449+0000] {dag.py:4180} INFO - Setting next_dagrun for dataset_with_extra_by_context to 2025-02-03 00:00:00+00:00, run_after=2025-02-04 00:00:00+00:00
[2025-02-04T16:47:12.458+0000] {logging_mixin.py:190} INFO - [2025-02-04T16:47:12.458+0000] {dag.py:4180} INFO - Setting next_dagrun for dataset_with_extra_by_yield to 2025-02-03 00:00:00+00:00, run_after=2025-02-04 00:00:00+00:00
[2025-02-04T16:47:12.463+0000] {logging_mixin.py:190} INFO - [2025-02-04T16:47:12.463+0000] {dag.py:4180} INFO - Setting next_dagrun for dataset_with_extra_from_classic_operator to 2025-02-03 00:00:00+00:00, run_after=2025-02-04 00:00:00+00:00
[2025-02-04T16:47:12.493+0000] {processor.py:208} INFO - Processing /home/airflow/.local/lib/python3.9/site-packages/airflow/example_dags/example_outlet_event_extra.py took 0.161 seconds
