[2025-02-04T16:23:00.354+0000] {processor.py:186} INFO - Started process (PID=129) to work on /home/airflow/.local/lib/python3.9/site-packages/airflow/example_dags/example_display_name.py
[2025-02-04T16:23:00.356+0000] {processor.py:914} INFO - Processing file /home/airflow/.local/lib/python3.9/site-packages/airflow/example_dags/example_display_name.py for tasks to queue
[2025-02-04T16:23:00.358+0000] {logging_mixin.py:190} INFO - [2025-02-04T16:23:00.358+0000] {dagbag.py:588} INFO - Filling up the DagBag from /home/airflow/.local/lib/python3.9/site-packages/airflow/example_dags/example_display_name.py
[2025-02-04T16:23:00.369+0000] {processor.py:925} INFO - DAG(s) 'example_display_name' retrieved from /home/airflow/.local/lib/python3.9/site-packages/airflow/example_dags/example_display_name.py
[2025-02-04T16:23:00.473+0000] {logging_mixin.py:190} INFO - [2025-02-04T16:23:00.473+0000] {override.py:1912} INFO - Created Permission View: can delete on DAG:example_display_name
[2025-02-04T16:23:00.492+0000] {logging_mixin.py:190} INFO - [2025-02-04T16:23:00.491+0000] {override.py:1912} INFO - Created Permission View: can edit on DAG:example_display_name
[2025-02-04T16:23:00.505+0000] {logging_mixin.py:190} INFO - [2025-02-04T16:23:00.504+0000] {override.py:1912} INFO - Created Permission View: can read on DAG:example_display_name
[2025-02-04T16:23:00.530+0000] {logging_mixin.py:190} INFO - [2025-02-04T16:23:00.529+0000] {override.py:1912} INFO - Created Permission View: can delete on DAG Run:example_display_name
[2025-02-04T16:23:00.543+0000] {logging_mixin.py:190} INFO - [2025-02-04T16:23:00.543+0000] {override.py:1912} INFO - Created Permission View: menu access on DAG Run:example_display_name
[2025-02-04T16:23:00.557+0000] {logging_mixin.py:190} INFO - [2025-02-04T16:23:00.557+0000] {override.py:1912} INFO - Created Permission View: can read on DAG Run:example_display_name
[2025-02-04T16:23:00.571+0000] {logging_mixin.py:190} INFO - [2025-02-04T16:23:00.571+0000] {override.py:1912} INFO - Created Permission View: can create on DAG Run:example_display_name
[2025-02-04T16:23:00.572+0000] {logging_mixin.py:190} INFO - [2025-02-04T16:23:00.572+0000] {dag.py:3239} INFO - Sync 1 DAGs
[2025-02-04T16:23:00.586+0000] {logging_mixin.py:190} INFO - [2025-02-04T16:23:00.586+0000] {dag.py:3262} INFO - Creating ORM DAG for example_display_name
[2025-02-04T16:23:00.588+0000] {logging_mixin.py:190} INFO - [2025-02-04T16:23:00.588+0000] {dag.py:4180} INFO - Setting next_dagrun for example_display_name to None, run_after=None
[2025-02-04T16:23:00.612+0000] {processor.py:208} INFO - Processing /home/airflow/.local/lib/python3.9/site-packages/airflow/example_dags/example_display_name.py took 0.267 seconds
[2025-02-04T16:23:34.709+0000] {processor.py:186} INFO - Started process (PID=193) to work on /home/airflow/.local/lib/python3.9/site-packages/airflow/example_dags/example_display_name.py
[2025-02-04T16:23:34.710+0000] {processor.py:914} INFO - Processing file /home/airflow/.local/lib/python3.9/site-packages/airflow/example_dags/example_display_name.py for tasks to queue
[2025-02-04T16:23:34.713+0000] {logging_mixin.py:190} INFO - [2025-02-04T16:23:34.713+0000] {dagbag.py:588} INFO - Filling up the DagBag from /home/airflow/.local/lib/python3.9/site-packages/airflow/example_dags/example_display_name.py
[2025-02-04T16:23:34.722+0000] {processor.py:925} INFO - DAG(s) 'example_display_name' retrieved from /home/airflow/.local/lib/python3.9/site-packages/airflow/example_dags/example_display_name.py
[2025-02-04T16:23:35.416+0000] {logging_mixin.py:190} INFO - [2025-02-04T16:23:35.415+0000] {dag.py:3239} INFO - Sync 1 DAGs
[2025-02-04T16:23:35.428+0000] {logging_mixin.py:190} INFO - [2025-02-04T16:23:35.428+0000] {dag.py:4180} INFO - Setting next_dagrun for example_display_name to None, run_after=None
[2025-02-04T16:23:35.455+0000] {processor.py:208} INFO - Processing /home/airflow/.local/lib/python3.9/site-packages/airflow/example_dags/example_display_name.py took 0.752 seconds
[2025-02-04T16:24:06.076+0000] {processor.py:186} INFO - Started process (PID=256) to work on /home/airflow/.local/lib/python3.9/site-packages/airflow/example_dags/example_display_name.py
[2025-02-04T16:24:06.077+0000] {processor.py:914} INFO - Processing file /home/airflow/.local/lib/python3.9/site-packages/airflow/example_dags/example_display_name.py for tasks to queue
[2025-02-04T16:24:06.080+0000] {logging_mixin.py:190} INFO - [2025-02-04T16:24:06.080+0000] {dagbag.py:588} INFO - Filling up the DagBag from /home/airflow/.local/lib/python3.9/site-packages/airflow/example_dags/example_display_name.py
[2025-02-04T16:24:06.088+0000] {processor.py:925} INFO - DAG(s) 'example_display_name' retrieved from /home/airflow/.local/lib/python3.9/site-packages/airflow/example_dags/example_display_name.py
[2025-02-04T16:24:06.110+0000] {logging_mixin.py:190} INFO - [2025-02-04T16:24:06.110+0000] {dag.py:3239} INFO - Sync 1 DAGs
[2025-02-04T16:24:06.125+0000] {logging_mixin.py:190} INFO - [2025-02-04T16:24:06.124+0000] {dag.py:4180} INFO - Setting next_dagrun for example_display_name to None, run_after=None
[2025-02-04T16:24:06.150+0000] {processor.py:208} INFO - Processing /home/airflow/.local/lib/python3.9/site-packages/airflow/example_dags/example_display_name.py took 0.081 seconds
[2025-02-04T16:24:36.888+0000] {processor.py:186} INFO - Started process (PID=319) to work on /home/airflow/.local/lib/python3.9/site-packages/airflow/example_dags/example_display_name.py
[2025-02-04T16:24:36.889+0000] {processor.py:914} INFO - Processing file /home/airflow/.local/lib/python3.9/site-packages/airflow/example_dags/example_display_name.py for tasks to queue
[2025-02-04T16:24:36.892+0000] {logging_mixin.py:190} INFO - [2025-02-04T16:24:36.892+0000] {dagbag.py:588} INFO - Filling up the DagBag from /home/airflow/.local/lib/python3.9/site-packages/airflow/example_dags/example_display_name.py
[2025-02-04T16:24:36.901+0000] {processor.py:925} INFO - DAG(s) 'example_display_name' retrieved from /home/airflow/.local/lib/python3.9/site-packages/airflow/example_dags/example_display_name.py
[2025-02-04T16:24:36.922+0000] {logging_mixin.py:190} INFO - [2025-02-04T16:24:36.921+0000] {dag.py:3239} INFO - Sync 1 DAGs
[2025-02-04T16:24:36.935+0000] {logging_mixin.py:190} INFO - [2025-02-04T16:24:36.935+0000] {dag.py:4180} INFO - Setting next_dagrun for example_display_name to None, run_after=None
[2025-02-04T16:24:36.963+0000] {processor.py:208} INFO - Processing /home/airflow/.local/lib/python3.9/site-packages/airflow/example_dags/example_display_name.py took 0.081 seconds
[2025-02-04T16:25:07.531+0000] {processor.py:186} INFO - Started process (PID=383) to work on /home/airflow/.local/lib/python3.9/site-packages/airflow/example_dags/example_display_name.py
[2025-02-04T16:25:07.533+0000] {processor.py:914} INFO - Processing file /home/airflow/.local/lib/python3.9/site-packages/airflow/example_dags/example_display_name.py for tasks to queue
[2025-02-04T16:25:07.536+0000] {logging_mixin.py:190} INFO - [2025-02-04T16:25:07.536+0000] {dagbag.py:588} INFO - Filling up the DagBag from /home/airflow/.local/lib/python3.9/site-packages/airflow/example_dags/example_display_name.py
[2025-02-04T16:25:07.545+0000] {processor.py:925} INFO - DAG(s) 'example_display_name' retrieved from /home/airflow/.local/lib/python3.9/site-packages/airflow/example_dags/example_display_name.py
[2025-02-04T16:25:07.565+0000] {logging_mixin.py:190} INFO - [2025-02-04T16:25:07.564+0000] {dag.py:3239} INFO - Sync 1 DAGs
[2025-02-04T16:25:07.579+0000] {logging_mixin.py:190} INFO - [2025-02-04T16:25:07.578+0000] {dag.py:4180} INFO - Setting next_dagrun for example_display_name to None, run_after=None
[2025-02-04T16:25:07.666+0000] {processor.py:208} INFO - Processing /home/airflow/.local/lib/python3.9/site-packages/airflow/example_dags/example_display_name.py took 0.142 seconds
[2025-02-04T16:25:37.950+0000] {processor.py:186} INFO - Started process (PID=454) to work on /home/airflow/.local/lib/python3.9/site-packages/airflow/example_dags/example_display_name.py
[2025-02-04T16:25:37.951+0000] {processor.py:914} INFO - Processing file /home/airflow/.local/lib/python3.9/site-packages/airflow/example_dags/example_display_name.py for tasks to queue
[2025-02-04T16:25:37.955+0000] {logging_mixin.py:190} INFO - [2025-02-04T16:25:37.954+0000] {dagbag.py:588} INFO - Filling up the DagBag from /home/airflow/.local/lib/python3.9/site-packages/airflow/example_dags/example_display_name.py
[2025-02-04T16:25:37.965+0000] {processor.py:925} INFO - DAG(s) 'example_display_name' retrieved from /home/airflow/.local/lib/python3.9/site-packages/airflow/example_dags/example_display_name.py
[2025-02-04T16:25:37.989+0000] {logging_mixin.py:190} INFO - [2025-02-04T16:25:37.989+0000] {dag.py:3239} INFO - Sync 1 DAGs
[2025-02-04T16:25:38.005+0000] {logging_mixin.py:190} INFO - [2025-02-04T16:25:38.005+0000] {dag.py:4180} INFO - Setting next_dagrun for example_display_name to None, run_after=None
[2025-02-04T16:25:38.034+0000] {processor.py:208} INFO - Processing /home/airflow/.local/lib/python3.9/site-packages/airflow/example_dags/example_display_name.py took 0.091 seconds
[2025-02-04T16:26:08.236+0000] {processor.py:186} INFO - Started process (PID=518) to work on /home/airflow/.local/lib/python3.9/site-packages/airflow/example_dags/example_display_name.py
[2025-02-04T16:26:08.238+0000] {processor.py:914} INFO - Processing file /home/airflow/.local/lib/python3.9/site-packages/airflow/example_dags/example_display_name.py for tasks to queue
[2025-02-04T16:26:08.240+0000] {logging_mixin.py:190} INFO - [2025-02-04T16:26:08.240+0000] {dagbag.py:588} INFO - Filling up the DagBag from /home/airflow/.local/lib/python3.9/site-packages/airflow/example_dags/example_display_name.py
[2025-02-04T16:26:08.248+0000] {processor.py:925} INFO - DAG(s) 'example_display_name' retrieved from /home/airflow/.local/lib/python3.9/site-packages/airflow/example_dags/example_display_name.py
[2025-02-04T16:26:08.271+0000] {logging_mixin.py:190} INFO - [2025-02-04T16:26:08.271+0000] {dag.py:3239} INFO - Sync 1 DAGs
[2025-02-04T16:26:08.286+0000] {logging_mixin.py:190} INFO - [2025-02-04T16:26:08.286+0000] {dag.py:4180} INFO - Setting next_dagrun for example_display_name to None, run_after=None
[2025-02-04T16:26:08.313+0000] {processor.py:208} INFO - Processing /home/airflow/.local/lib/python3.9/site-packages/airflow/example_dags/example_display_name.py took 0.083 seconds
[2025-02-04T16:26:38.814+0000] {processor.py:186} INFO - Started process (PID=582) to work on /home/airflow/.local/lib/python3.9/site-packages/airflow/example_dags/example_display_name.py
[2025-02-04T16:26:38.816+0000] {processor.py:914} INFO - Processing file /home/airflow/.local/lib/python3.9/site-packages/airflow/example_dags/example_display_name.py for tasks to queue
[2025-02-04T16:26:38.819+0000] {logging_mixin.py:190} INFO - [2025-02-04T16:26:38.819+0000] {dagbag.py:588} INFO - Filling up the DagBag from /home/airflow/.local/lib/python3.9/site-packages/airflow/example_dags/example_display_name.py
[2025-02-04T16:26:38.830+0000] {processor.py:925} INFO - DAG(s) 'example_display_name' retrieved from /home/airflow/.local/lib/python3.9/site-packages/airflow/example_dags/example_display_name.py
[2025-02-04T16:26:38.850+0000] {logging_mixin.py:190} INFO - [2025-02-04T16:26:38.849+0000] {dag.py:3239} INFO - Sync 1 DAGs
[2025-02-04T16:26:38.865+0000] {logging_mixin.py:190} INFO - [2025-02-04T16:26:38.865+0000] {dag.py:4180} INFO - Setting next_dagrun for example_display_name to None, run_after=None
[2025-02-04T16:26:38.892+0000] {processor.py:208} INFO - Processing /home/airflow/.local/lib/python3.9/site-packages/airflow/example_dags/example_display_name.py took 0.086 seconds
[2025-02-04T16:27:09.772+0000] {processor.py:186} INFO - Started process (PID=646) to work on /home/airflow/.local/lib/python3.9/site-packages/airflow/example_dags/example_display_name.py
[2025-02-04T16:27:09.774+0000] {processor.py:914} INFO - Processing file /home/airflow/.local/lib/python3.9/site-packages/airflow/example_dags/example_display_name.py for tasks to queue
[2025-02-04T16:27:09.776+0000] {logging_mixin.py:190} INFO - [2025-02-04T16:27:09.776+0000] {dagbag.py:588} INFO - Filling up the DagBag from /home/airflow/.local/lib/python3.9/site-packages/airflow/example_dags/example_display_name.py
[2025-02-04T16:27:09.785+0000] {processor.py:925} INFO - DAG(s) 'example_display_name' retrieved from /home/airflow/.local/lib/python3.9/site-packages/airflow/example_dags/example_display_name.py
[2025-02-04T16:27:09.807+0000] {logging_mixin.py:190} INFO - [2025-02-04T16:27:09.807+0000] {dag.py:3239} INFO - Sync 1 DAGs
[2025-02-04T16:27:09.826+0000] {logging_mixin.py:190} INFO - [2025-02-04T16:27:09.825+0000] {dag.py:4180} INFO - Setting next_dagrun for example_display_name to None, run_after=None
[2025-02-04T16:27:09.865+0000] {processor.py:208} INFO - Processing /home/airflow/.local/lib/python3.9/site-packages/airflow/example_dags/example_display_name.py took 0.099 seconds
[2025-02-04T16:27:40.545+0000] {processor.py:186} INFO - Started process (PID=710) to work on /home/airflow/.local/lib/python3.9/site-packages/airflow/example_dags/example_display_name.py
[2025-02-04T16:27:40.546+0000] {processor.py:914} INFO - Processing file /home/airflow/.local/lib/python3.9/site-packages/airflow/example_dags/example_display_name.py for tasks to queue
[2025-02-04T16:27:40.549+0000] {logging_mixin.py:190} INFO - [2025-02-04T16:27:40.548+0000] {dagbag.py:588} INFO - Filling up the DagBag from /home/airflow/.local/lib/python3.9/site-packages/airflow/example_dags/example_display_name.py
[2025-02-04T16:27:40.557+0000] {processor.py:925} INFO - DAG(s) 'example_display_name' retrieved from /home/airflow/.local/lib/python3.9/site-packages/airflow/example_dags/example_display_name.py
[2025-02-04T16:27:40.577+0000] {logging_mixin.py:190} INFO - [2025-02-04T16:27:40.576+0000] {dag.py:3239} INFO - Sync 1 DAGs
[2025-02-04T16:27:40.590+0000] {logging_mixin.py:190} INFO - [2025-02-04T16:27:40.590+0000] {dag.py:4180} INFO - Setting next_dagrun for example_display_name to None, run_after=None
[2025-02-04T16:27:40.616+0000] {processor.py:208} INFO - Processing /home/airflow/.local/lib/python3.9/site-packages/airflow/example_dags/example_display_name.py took 0.078 seconds
[2025-02-04T16:28:11.610+0000] {processor.py:186} INFO - Started process (PID=774) to work on /home/airflow/.local/lib/python3.9/site-packages/airflow/example_dags/example_display_name.py
[2025-02-04T16:28:11.611+0000] {processor.py:914} INFO - Processing file /home/airflow/.local/lib/python3.9/site-packages/airflow/example_dags/example_display_name.py for tasks to queue
[2025-02-04T16:28:11.614+0000] {logging_mixin.py:190} INFO - [2025-02-04T16:28:11.614+0000] {dagbag.py:588} INFO - Filling up the DagBag from /home/airflow/.local/lib/python3.9/site-packages/airflow/example_dags/example_display_name.py
[2025-02-04T16:28:11.626+0000] {processor.py:925} INFO - DAG(s) 'example_display_name' retrieved from /home/airflow/.local/lib/python3.9/site-packages/airflow/example_dags/example_display_name.py
[2025-02-04T16:28:11.653+0000] {logging_mixin.py:190} INFO - [2025-02-04T16:28:11.653+0000] {dag.py:3239} INFO - Sync 1 DAGs
[2025-02-04T16:28:11.670+0000] {logging_mixin.py:190} INFO - [2025-02-04T16:28:11.670+0000] {dag.py:4180} INFO - Setting next_dagrun for example_display_name to None, run_after=None
[2025-02-04T16:28:11.695+0000] {processor.py:208} INFO - Processing /home/airflow/.local/lib/python3.9/site-packages/airflow/example_dags/example_display_name.py took 0.092 seconds
[2025-02-04T16:28:42.418+0000] {processor.py:186} INFO - Started process (PID=838) to work on /home/airflow/.local/lib/python3.9/site-packages/airflow/example_dags/example_display_name.py
[2025-02-04T16:28:42.419+0000] {processor.py:914} INFO - Processing file /home/airflow/.local/lib/python3.9/site-packages/airflow/example_dags/example_display_name.py for tasks to queue
[2025-02-04T16:28:42.422+0000] {logging_mixin.py:190} INFO - [2025-02-04T16:28:42.421+0000] {dagbag.py:588} INFO - Filling up the DagBag from /home/airflow/.local/lib/python3.9/site-packages/airflow/example_dags/example_display_name.py
[2025-02-04T16:28:42.432+0000] {processor.py:925} INFO - DAG(s) 'example_display_name' retrieved from /home/airflow/.local/lib/python3.9/site-packages/airflow/example_dags/example_display_name.py
[2025-02-04T16:28:42.459+0000] {logging_mixin.py:190} INFO - [2025-02-04T16:28:42.458+0000] {dag.py:3239} INFO - Sync 1 DAGs
[2025-02-04T16:28:42.481+0000] {logging_mixin.py:190} INFO - [2025-02-04T16:28:42.480+0000] {dag.py:4180} INFO - Setting next_dagrun for example_display_name to None, run_after=None
[2025-02-04T16:28:42.511+0000] {processor.py:208} INFO - Processing /home/airflow/.local/lib/python3.9/site-packages/airflow/example_dags/example_display_name.py took 0.101 seconds
[2025-02-04T16:29:12.817+0000] {processor.py:186} INFO - Started process (PID=902) to work on /home/airflow/.local/lib/python3.9/site-packages/airflow/example_dags/example_display_name.py
[2025-02-04T16:29:12.818+0000] {processor.py:914} INFO - Processing file /home/airflow/.local/lib/python3.9/site-packages/airflow/example_dags/example_display_name.py for tasks to queue
[2025-02-04T16:29:12.821+0000] {logging_mixin.py:190} INFO - [2025-02-04T16:29:12.821+0000] {dagbag.py:588} INFO - Filling up the DagBag from /home/airflow/.local/lib/python3.9/site-packages/airflow/example_dags/example_display_name.py
[2025-02-04T16:29:12.831+0000] {processor.py:925} INFO - DAG(s) 'example_display_name' retrieved from /home/airflow/.local/lib/python3.9/site-packages/airflow/example_dags/example_display_name.py
[2025-02-04T16:29:12.857+0000] {logging_mixin.py:190} INFO - [2025-02-04T16:29:12.857+0000] {dag.py:3239} INFO - Sync 1 DAGs
[2025-02-04T16:29:12.874+0000] {logging_mixin.py:190} INFO - [2025-02-04T16:29:12.874+0000] {dag.py:4180} INFO - Setting next_dagrun for example_display_name to None, run_after=None
[2025-02-04T16:29:12.908+0000] {processor.py:208} INFO - Processing /home/airflow/.local/lib/python3.9/site-packages/airflow/example_dags/example_display_name.py took 0.099 seconds
[2025-02-04T16:29:43.036+0000] {processor.py:186} INFO - Started process (PID=966) to work on /home/airflow/.local/lib/python3.9/site-packages/airflow/example_dags/example_display_name.py
[2025-02-04T16:29:43.037+0000] {processor.py:914} INFO - Processing file /home/airflow/.local/lib/python3.9/site-packages/airflow/example_dags/example_display_name.py for tasks to queue
[2025-02-04T16:29:43.040+0000] {logging_mixin.py:190} INFO - [2025-02-04T16:29:43.040+0000] {dagbag.py:588} INFO - Filling up the DagBag from /home/airflow/.local/lib/python3.9/site-packages/airflow/example_dags/example_display_name.py
[2025-02-04T16:29:43.048+0000] {processor.py:925} INFO - DAG(s) 'example_display_name' retrieved from /home/airflow/.local/lib/python3.9/site-packages/airflow/example_dags/example_display_name.py
[2025-02-04T16:29:43.070+0000] {logging_mixin.py:190} INFO - [2025-02-04T16:29:43.070+0000] {dag.py:3239} INFO - Sync 1 DAGs
[2025-02-04T16:29:43.085+0000] {logging_mixin.py:190} INFO - [2025-02-04T16:29:43.085+0000] {dag.py:4180} INFO - Setting next_dagrun for example_display_name to None, run_after=None
[2025-02-04T16:29:43.113+0000] {processor.py:208} INFO - Processing /home/airflow/.local/lib/python3.9/site-packages/airflow/example_dags/example_display_name.py took 0.085 seconds
[2025-02-04T16:30:13.351+0000] {processor.py:186} INFO - Started process (PID=1030) to work on /home/airflow/.local/lib/python3.9/site-packages/airflow/example_dags/example_display_name.py
[2025-02-04T16:30:13.352+0000] {processor.py:914} INFO - Processing file /home/airflow/.local/lib/python3.9/site-packages/airflow/example_dags/example_display_name.py for tasks to queue
[2025-02-04T16:30:13.354+0000] {logging_mixin.py:190} INFO - [2025-02-04T16:30:13.354+0000] {dagbag.py:588} INFO - Filling up the DagBag from /home/airflow/.local/lib/python3.9/site-packages/airflow/example_dags/example_display_name.py
[2025-02-04T16:30:13.363+0000] {processor.py:925} INFO - DAG(s) 'example_display_name' retrieved from /home/airflow/.local/lib/python3.9/site-packages/airflow/example_dags/example_display_name.py
[2025-02-04T16:30:13.386+0000] {logging_mixin.py:190} INFO - [2025-02-04T16:30:13.386+0000] {dag.py:3239} INFO - Sync 1 DAGs
[2025-02-04T16:30:13.401+0000] {logging_mixin.py:190} INFO - [2025-02-04T16:30:13.401+0000] {dag.py:4180} INFO - Setting next_dagrun for example_display_name to None, run_after=None
[2025-02-04T16:30:13.428+0000] {processor.py:208} INFO - Processing /home/airflow/.local/lib/python3.9/site-packages/airflow/example_dags/example_display_name.py took 0.084 seconds
[2025-02-04T16:30:43.924+0000] {processor.py:186} INFO - Started process (PID=1094) to work on /home/airflow/.local/lib/python3.9/site-packages/airflow/example_dags/example_display_name.py
[2025-02-04T16:30:43.925+0000] {processor.py:914} INFO - Processing file /home/airflow/.local/lib/python3.9/site-packages/airflow/example_dags/example_display_name.py for tasks to queue
[2025-02-04T16:30:43.928+0000] {logging_mixin.py:190} INFO - [2025-02-04T16:30:43.927+0000] {dagbag.py:588} INFO - Filling up the DagBag from /home/airflow/.local/lib/python3.9/site-packages/airflow/example_dags/example_display_name.py
[2025-02-04T16:30:43.935+0000] {processor.py:925} INFO - DAG(s) 'example_display_name' retrieved from /home/airflow/.local/lib/python3.9/site-packages/airflow/example_dags/example_display_name.py
[2025-02-04T16:30:43.958+0000] {logging_mixin.py:190} INFO - [2025-02-04T16:30:43.958+0000] {dag.py:3239} INFO - Sync 1 DAGs
[2025-02-04T16:30:43.972+0000] {logging_mixin.py:190} INFO - [2025-02-04T16:30:43.971+0000] {dag.py:4180} INFO - Setting next_dagrun for example_display_name to None, run_after=None
[2025-02-04T16:30:43.999+0000] {processor.py:208} INFO - Processing /home/airflow/.local/lib/python3.9/site-packages/airflow/example_dags/example_display_name.py took 0.083 seconds
[2025-02-04T16:31:14.877+0000] {processor.py:186} INFO - Started process (PID=1165) to work on /home/airflow/.local/lib/python3.9/site-packages/airflow/example_dags/example_display_name.py
[2025-02-04T16:31:14.879+0000] {processor.py:914} INFO - Processing file /home/airflow/.local/lib/python3.9/site-packages/airflow/example_dags/example_display_name.py for tasks to queue
[2025-02-04T16:31:14.882+0000] {logging_mixin.py:190} INFO - [2025-02-04T16:31:14.882+0000] {dagbag.py:588} INFO - Filling up the DagBag from /home/airflow/.local/lib/python3.9/site-packages/airflow/example_dags/example_display_name.py
[2025-02-04T16:31:14.891+0000] {processor.py:925} INFO - DAG(s) 'example_display_name' retrieved from /home/airflow/.local/lib/python3.9/site-packages/airflow/example_dags/example_display_name.py
[2025-02-04T16:31:14.918+0000] {logging_mixin.py:190} INFO - [2025-02-04T16:31:14.918+0000] {dag.py:3239} INFO - Sync 1 DAGs
[2025-02-04T16:31:14.937+0000] {logging_mixin.py:190} INFO - [2025-02-04T16:31:14.937+0000] {dag.py:4180} INFO - Setting next_dagrun for example_display_name to None, run_after=None
[2025-02-04T16:31:14.969+0000] {processor.py:208} INFO - Processing /home/airflow/.local/lib/python3.9/site-packages/airflow/example_dags/example_display_name.py took 0.101 seconds
[2025-02-04T16:31:45.751+0000] {processor.py:186} INFO - Started process (PID=1229) to work on /home/airflow/.local/lib/python3.9/site-packages/airflow/example_dags/example_display_name.py
[2025-02-04T16:31:45.752+0000] {processor.py:914} INFO - Processing file /home/airflow/.local/lib/python3.9/site-packages/airflow/example_dags/example_display_name.py for tasks to queue
[2025-02-04T16:31:45.755+0000] {logging_mixin.py:190} INFO - [2025-02-04T16:31:45.755+0000] {dagbag.py:588} INFO - Filling up the DagBag from /home/airflow/.local/lib/python3.9/site-packages/airflow/example_dags/example_display_name.py
[2025-02-04T16:31:45.765+0000] {processor.py:925} INFO - DAG(s) 'example_display_name' retrieved from /home/airflow/.local/lib/python3.9/site-packages/airflow/example_dags/example_display_name.py
[2025-02-04T16:31:45.785+0000] {logging_mixin.py:190} INFO - [2025-02-04T16:31:45.784+0000] {dag.py:3239} INFO - Sync 1 DAGs
[2025-02-04T16:31:45.799+0000] {logging_mixin.py:190} INFO - [2025-02-04T16:31:45.799+0000] {dag.py:4180} INFO - Setting next_dagrun for example_display_name to None, run_after=None
[2025-02-04T16:31:45.826+0000] {processor.py:208} INFO - Processing /home/airflow/.local/lib/python3.9/site-packages/airflow/example_dags/example_display_name.py took 0.081 seconds
[2025-02-04T16:32:16.222+0000] {processor.py:186} INFO - Started process (PID=1293) to work on /home/airflow/.local/lib/python3.9/site-packages/airflow/example_dags/example_display_name.py
[2025-02-04T16:32:16.224+0000] {processor.py:914} INFO - Processing file /home/airflow/.local/lib/python3.9/site-packages/airflow/example_dags/example_display_name.py for tasks to queue
[2025-02-04T16:32:16.227+0000] {logging_mixin.py:190} INFO - [2025-02-04T16:32:16.226+0000] {dagbag.py:588} INFO - Filling up the DagBag from /home/airflow/.local/lib/python3.9/site-packages/airflow/example_dags/example_display_name.py
[2025-02-04T16:32:16.236+0000] {processor.py:925} INFO - DAG(s) 'example_display_name' retrieved from /home/airflow/.local/lib/python3.9/site-packages/airflow/example_dags/example_display_name.py
[2025-02-04T16:32:16.259+0000] {logging_mixin.py:190} INFO - [2025-02-04T16:32:16.258+0000] {dag.py:3239} INFO - Sync 1 DAGs
[2025-02-04T16:32:16.276+0000] {logging_mixin.py:190} INFO - [2025-02-04T16:32:16.275+0000] {dag.py:4180} INFO - Setting next_dagrun for example_display_name to None, run_after=None
[2025-02-04T16:32:16.312+0000] {processor.py:208} INFO - Processing /home/airflow/.local/lib/python3.9/site-packages/airflow/example_dags/example_display_name.py took 0.097 seconds
[2025-02-04T16:32:46.377+0000] {processor.py:186} INFO - Started process (PID=1357) to work on /home/airflow/.local/lib/python3.9/site-packages/airflow/example_dags/example_display_name.py
[2025-02-04T16:32:46.378+0000] {processor.py:914} INFO - Processing file /home/airflow/.local/lib/python3.9/site-packages/airflow/example_dags/example_display_name.py for tasks to queue
[2025-02-04T16:32:46.381+0000] {logging_mixin.py:190} INFO - [2025-02-04T16:32:46.380+0000] {dagbag.py:588} INFO - Filling up the DagBag from /home/airflow/.local/lib/python3.9/site-packages/airflow/example_dags/example_display_name.py
[2025-02-04T16:32:46.389+0000] {processor.py:925} INFO - DAG(s) 'example_display_name' retrieved from /home/airflow/.local/lib/python3.9/site-packages/airflow/example_dags/example_display_name.py
[2025-02-04T16:32:46.412+0000] {logging_mixin.py:190} INFO - [2025-02-04T16:32:46.412+0000] {dag.py:3239} INFO - Sync 1 DAGs
[2025-02-04T16:32:46.432+0000] {logging_mixin.py:190} INFO - [2025-02-04T16:32:46.432+0000] {dag.py:4180} INFO - Setting next_dagrun for example_display_name to None, run_after=None
[2025-02-04T16:32:46.463+0000] {processor.py:208} INFO - Processing /home/airflow/.local/lib/python3.9/site-packages/airflow/example_dags/example_display_name.py took 0.094 seconds
[2025-02-04T16:33:17.250+0000] {processor.py:186} INFO - Started process (PID=1422) to work on /home/airflow/.local/lib/python3.9/site-packages/airflow/example_dags/example_display_name.py
[2025-02-04T16:33:17.252+0000] {processor.py:914} INFO - Processing file /home/airflow/.local/lib/python3.9/site-packages/airflow/example_dags/example_display_name.py for tasks to queue
[2025-02-04T16:33:17.254+0000] {logging_mixin.py:190} INFO - [2025-02-04T16:33:17.254+0000] {dagbag.py:588} INFO - Filling up the DagBag from /home/airflow/.local/lib/python3.9/site-packages/airflow/example_dags/example_display_name.py
[2025-02-04T16:33:17.262+0000] {processor.py:925} INFO - DAG(s) 'example_display_name' retrieved from /home/airflow/.local/lib/python3.9/site-packages/airflow/example_dags/example_display_name.py
[2025-02-04T16:33:17.283+0000] {logging_mixin.py:190} INFO - [2025-02-04T16:33:17.283+0000] {dag.py:3239} INFO - Sync 1 DAGs
[2025-02-04T16:33:17.298+0000] {logging_mixin.py:190} INFO - [2025-02-04T16:33:17.298+0000] {dag.py:4180} INFO - Setting next_dagrun for example_display_name to None, run_after=None
[2025-02-04T16:33:17.325+0000] {processor.py:208} INFO - Processing /home/airflow/.local/lib/python3.9/site-packages/airflow/example_dags/example_display_name.py took 0.081 seconds
[2025-02-04T16:33:48.029+0000] {processor.py:186} INFO - Started process (PID=1486) to work on /home/airflow/.local/lib/python3.9/site-packages/airflow/example_dags/example_display_name.py
[2025-02-04T16:33:48.030+0000] {processor.py:914} INFO - Processing file /home/airflow/.local/lib/python3.9/site-packages/airflow/example_dags/example_display_name.py for tasks to queue
[2025-02-04T16:33:48.032+0000] {logging_mixin.py:190} INFO - [2025-02-04T16:33:48.032+0000] {dagbag.py:588} INFO - Filling up the DagBag from /home/airflow/.local/lib/python3.9/site-packages/airflow/example_dags/example_display_name.py
[2025-02-04T16:33:48.040+0000] {processor.py:925} INFO - DAG(s) 'example_display_name' retrieved from /home/airflow/.local/lib/python3.9/site-packages/airflow/example_dags/example_display_name.py
[2025-02-04T16:33:48.062+0000] {logging_mixin.py:190} INFO - [2025-02-04T16:33:48.062+0000] {dag.py:3239} INFO - Sync 1 DAGs
[2025-02-04T16:33:48.076+0000] {logging_mixin.py:190} INFO - [2025-02-04T16:33:48.076+0000] {dag.py:4180} INFO - Setting next_dagrun for example_display_name to None, run_after=None
[2025-02-04T16:33:48.102+0000] {processor.py:208} INFO - Processing /home/airflow/.local/lib/python3.9/site-packages/airflow/example_dags/example_display_name.py took 0.080 seconds
[2025-02-04T16:34:20.662+0000] {processor.py:186} INFO - Started process (PID=1550) to work on /home/airflow/.local/lib/python3.9/site-packages/airflow/example_dags/example_display_name.py
[2025-02-04T16:34:20.663+0000] {processor.py:914} INFO - Processing file /home/airflow/.local/lib/python3.9/site-packages/airflow/example_dags/example_display_name.py for tasks to queue
[2025-02-04T16:34:20.666+0000] {logging_mixin.py:190} INFO - [2025-02-04T16:34:20.665+0000] {dagbag.py:588} INFO - Filling up the DagBag from /home/airflow/.local/lib/python3.9/site-packages/airflow/example_dags/example_display_name.py
[2025-02-04T16:34:20.674+0000] {processor.py:925} INFO - DAG(s) 'example_display_name' retrieved from /home/airflow/.local/lib/python3.9/site-packages/airflow/example_dags/example_display_name.py
[2025-02-04T16:34:20.695+0000] {logging_mixin.py:190} INFO - [2025-02-04T16:34:20.695+0000] {dag.py:3239} INFO - Sync 1 DAGs
[2025-02-04T16:34:20.709+0000] {logging_mixin.py:190} INFO - [2025-02-04T16:34:20.708+0000] {dag.py:4180} INFO - Setting next_dagrun for example_display_name to None, run_after=None
[2025-02-04T16:34:20.734+0000] {processor.py:208} INFO - Processing /home/airflow/.local/lib/python3.9/site-packages/airflow/example_dags/example_display_name.py took 0.079 seconds
[2025-02-04T16:34:51.301+0000] {processor.py:186} INFO - Started process (PID=1614) to work on /home/airflow/.local/lib/python3.9/site-packages/airflow/example_dags/example_display_name.py
[2025-02-04T16:34:51.302+0000] {processor.py:914} INFO - Processing file /home/airflow/.local/lib/python3.9/site-packages/airflow/example_dags/example_display_name.py for tasks to queue
[2025-02-04T16:34:51.305+0000] {logging_mixin.py:190} INFO - [2025-02-04T16:34:51.304+0000] {dagbag.py:588} INFO - Filling up the DagBag from /home/airflow/.local/lib/python3.9/site-packages/airflow/example_dags/example_display_name.py
[2025-02-04T16:34:51.312+0000] {processor.py:925} INFO - DAG(s) 'example_display_name' retrieved from /home/airflow/.local/lib/python3.9/site-packages/airflow/example_dags/example_display_name.py
[2025-02-04T16:34:51.333+0000] {logging_mixin.py:190} INFO - [2025-02-04T16:34:51.333+0000] {dag.py:3239} INFO - Sync 1 DAGs
[2025-02-04T16:34:51.347+0000] {logging_mixin.py:190} INFO - [2025-02-04T16:34:51.347+0000] {dag.py:4180} INFO - Setting next_dagrun for example_display_name to None, run_after=None
[2025-02-04T16:34:51.371+0000] {processor.py:208} INFO - Processing /home/airflow/.local/lib/python3.9/site-packages/airflow/example_dags/example_display_name.py took 0.077 seconds
[2025-02-04T16:35:22.135+0000] {processor.py:186} INFO - Started process (PID=1678) to work on /home/airflow/.local/lib/python3.9/site-packages/airflow/example_dags/example_display_name.py
[2025-02-04T16:35:22.136+0000] {processor.py:914} INFO - Processing file /home/airflow/.local/lib/python3.9/site-packages/airflow/example_dags/example_display_name.py for tasks to queue
[2025-02-04T16:35:22.140+0000] {logging_mixin.py:190} INFO - [2025-02-04T16:35:22.139+0000] {dagbag.py:588} INFO - Filling up the DagBag from /home/airflow/.local/lib/python3.9/site-packages/airflow/example_dags/example_display_name.py
[2025-02-04T16:35:22.147+0000] {processor.py:925} INFO - DAG(s) 'example_display_name' retrieved from /home/airflow/.local/lib/python3.9/site-packages/airflow/example_dags/example_display_name.py
[2025-02-04T16:35:22.169+0000] {logging_mixin.py:190} INFO - [2025-02-04T16:35:22.169+0000] {dag.py:3239} INFO - Sync 1 DAGs
[2025-02-04T16:35:22.184+0000] {logging_mixin.py:190} INFO - [2025-02-04T16:35:22.184+0000] {dag.py:4180} INFO - Setting next_dagrun for example_display_name to None, run_after=None
[2025-02-04T16:35:22.214+0000] {processor.py:208} INFO - Processing /home/airflow/.local/lib/python3.9/site-packages/airflow/example_dags/example_display_name.py took 0.085 seconds
[2025-02-04T16:35:52.312+0000] {processor.py:186} INFO - Started process (PID=1742) to work on /home/airflow/.local/lib/python3.9/site-packages/airflow/example_dags/example_display_name.py
[2025-02-04T16:35:52.313+0000] {processor.py:914} INFO - Processing file /home/airflow/.local/lib/python3.9/site-packages/airflow/example_dags/example_display_name.py for tasks to queue
[2025-02-04T16:35:52.316+0000] {logging_mixin.py:190} INFO - [2025-02-04T16:35:52.315+0000] {dagbag.py:588} INFO - Filling up the DagBag from /home/airflow/.local/lib/python3.9/site-packages/airflow/example_dags/example_display_name.py
[2025-02-04T16:35:52.323+0000] {processor.py:925} INFO - DAG(s) 'example_display_name' retrieved from /home/airflow/.local/lib/python3.9/site-packages/airflow/example_dags/example_display_name.py
[2025-02-04T16:35:52.346+0000] {logging_mixin.py:190} INFO - [2025-02-04T16:35:52.345+0000] {dag.py:3239} INFO - Sync 1 DAGs
[2025-02-04T16:35:52.360+0000] {logging_mixin.py:190} INFO - [2025-02-04T16:35:52.360+0000] {dag.py:4180} INFO - Setting next_dagrun for example_display_name to None, run_after=None
[2025-02-04T16:35:52.393+0000] {processor.py:208} INFO - Processing /home/airflow/.local/lib/python3.9/site-packages/airflow/example_dags/example_display_name.py took 0.087 seconds
[2025-02-04T16:36:22.592+0000] {processor.py:186} INFO - Started process (PID=1807) to work on /home/airflow/.local/lib/python3.9/site-packages/airflow/example_dags/example_display_name.py
[2025-02-04T16:36:22.593+0000] {processor.py:914} INFO - Processing file /home/airflow/.local/lib/python3.9/site-packages/airflow/example_dags/example_display_name.py for tasks to queue
[2025-02-04T16:36:22.596+0000] {logging_mixin.py:190} INFO - [2025-02-04T16:36:22.596+0000] {dagbag.py:588} INFO - Filling up the DagBag from /home/airflow/.local/lib/python3.9/site-packages/airflow/example_dags/example_display_name.py
[2025-02-04T16:36:22.606+0000] {processor.py:925} INFO - DAG(s) 'example_display_name' retrieved from /home/airflow/.local/lib/python3.9/site-packages/airflow/example_dags/example_display_name.py
[2025-02-04T16:36:22.626+0000] {logging_mixin.py:190} INFO - [2025-02-04T16:36:22.626+0000] {dag.py:3239} INFO - Sync 1 DAGs
[2025-02-04T16:36:22.640+0000] {logging_mixin.py:190} INFO - [2025-02-04T16:36:22.639+0000] {dag.py:4180} INFO - Setting next_dagrun for example_display_name to None, run_after=None
[2025-02-04T16:36:22.664+0000] {processor.py:208} INFO - Processing /home/airflow/.local/lib/python3.9/site-packages/airflow/example_dags/example_display_name.py took 0.078 seconds
[2025-02-04T16:36:53.046+0000] {processor.py:186} INFO - Started process (PID=1871) to work on /home/airflow/.local/lib/python3.9/site-packages/airflow/example_dags/example_display_name.py
[2025-02-04T16:36:53.048+0000] {processor.py:914} INFO - Processing file /home/airflow/.local/lib/python3.9/site-packages/airflow/example_dags/example_display_name.py for tasks to queue
[2025-02-04T16:36:53.050+0000] {logging_mixin.py:190} INFO - [2025-02-04T16:36:53.050+0000] {dagbag.py:588} INFO - Filling up the DagBag from /home/airflow/.local/lib/python3.9/site-packages/airflow/example_dags/example_display_name.py
[2025-02-04T16:36:53.059+0000] {processor.py:925} INFO - DAG(s) 'example_display_name' retrieved from /home/airflow/.local/lib/python3.9/site-packages/airflow/example_dags/example_display_name.py
[2025-02-04T16:36:53.081+0000] {logging_mixin.py:190} INFO - [2025-02-04T16:36:53.081+0000] {dag.py:3239} INFO - Sync 1 DAGs
[2025-02-04T16:36:53.095+0000] {logging_mixin.py:190} INFO - [2025-02-04T16:36:53.095+0000] {dag.py:4180} INFO - Setting next_dagrun for example_display_name to None, run_after=None
[2025-02-04T16:36:53.118+0000] {processor.py:208} INFO - Processing /home/airflow/.local/lib/python3.9/site-packages/airflow/example_dags/example_display_name.py took 0.078 seconds
[2025-02-04T16:39:27.051+0000] {processor.py:186} INFO - Started process (PID=1924) to work on /home/airflow/.local/lib/python3.9/site-packages/airflow/example_dags/example_display_name.py
[2025-02-04T16:39:27.053+0000] {processor.py:914} INFO - Processing file /home/airflow/.local/lib/python3.9/site-packages/airflow/example_dags/example_display_name.py for tasks to queue
[2025-02-04T16:39:27.054+0000] {logging_mixin.py:190} INFO - [2025-02-04T16:39:27.054+0000] {dagbag.py:588} INFO - Filling up the DagBag from /home/airflow/.local/lib/python3.9/site-packages/airflow/example_dags/example_display_name.py
[2025-02-04T16:39:27.063+0000] {processor.py:925} INFO - DAG(s) 'example_display_name' retrieved from /home/airflow/.local/lib/python3.9/site-packages/airflow/example_dags/example_display_name.py
[2025-02-04T16:39:27.086+0000] {logging_mixin.py:190} INFO - [2025-02-04T16:39:27.086+0000] {dag.py:3239} INFO - Sync 1 DAGs
[2025-02-04T16:39:27.101+0000] {logging_mixin.py:190} INFO - [2025-02-04T16:39:27.101+0000] {dag.py:4180} INFO - Setting next_dagrun for example_display_name to None, run_after=None
[2025-02-04T16:39:27.197+0000] {processor.py:208} INFO - Processing /home/airflow/.local/lib/python3.9/site-packages/airflow/example_dags/example_display_name.py took 0.151 seconds
[2025-02-04T16:39:57.494+0000] {processor.py:186} INFO - Started process (PID=1988) to work on /home/airflow/.local/lib/python3.9/site-packages/airflow/example_dags/example_display_name.py
[2025-02-04T16:39:57.504+0000] {processor.py:914} INFO - Processing file /home/airflow/.local/lib/python3.9/site-packages/airflow/example_dags/example_display_name.py for tasks to queue
[2025-02-04T16:39:57.505+0000] {logging_mixin.py:190} INFO - [2025-02-04T16:39:57.505+0000] {dagbag.py:588} INFO - Filling up the DagBag from /home/airflow/.local/lib/python3.9/site-packages/airflow/example_dags/example_display_name.py
[2025-02-04T16:39:57.515+0000] {processor.py:925} INFO - DAG(s) 'example_display_name' retrieved from /home/airflow/.local/lib/python3.9/site-packages/airflow/example_dags/example_display_name.py
[2025-02-04T16:39:57.534+0000] {logging_mixin.py:190} INFO - [2025-02-04T16:39:57.534+0000] {dag.py:3239} INFO - Sync 1 DAGs
[2025-02-04T16:39:57.549+0000] {logging_mixin.py:190} INFO - [2025-02-04T16:39:57.548+0000] {dag.py:4180} INFO - Setting next_dagrun for example_display_name to None, run_after=None
[2025-02-04T16:39:57.575+0000] {processor.py:208} INFO - Processing /home/airflow/.local/lib/python3.9/site-packages/airflow/example_dags/example_display_name.py took 0.090 seconds
[2025-02-04T16:40:28.520+0000] {processor.py:186} INFO - Started process (PID=2052) to work on /home/airflow/.local/lib/python3.9/site-packages/airflow/example_dags/example_display_name.py
[2025-02-04T16:40:28.522+0000] {processor.py:914} INFO - Processing file /home/airflow/.local/lib/python3.9/site-packages/airflow/example_dags/example_display_name.py for tasks to queue
[2025-02-04T16:40:28.524+0000] {logging_mixin.py:190} INFO - [2025-02-04T16:40:28.524+0000] {dagbag.py:588} INFO - Filling up the DagBag from /home/airflow/.local/lib/python3.9/site-packages/airflow/example_dags/example_display_name.py
[2025-02-04T16:40:28.532+0000] {processor.py:925} INFO - DAG(s) 'example_display_name' retrieved from /home/airflow/.local/lib/python3.9/site-packages/airflow/example_dags/example_display_name.py
[2025-02-04T16:40:28.554+0000] {logging_mixin.py:190} INFO - [2025-02-04T16:40:28.553+0000] {dag.py:3239} INFO - Sync 1 DAGs
[2025-02-04T16:40:28.568+0000] {logging_mixin.py:190} INFO - [2025-02-04T16:40:28.567+0000] {dag.py:4180} INFO - Setting next_dagrun for example_display_name to None, run_after=None
[2025-02-04T16:40:28.593+0000] {processor.py:208} INFO - Processing /home/airflow/.local/lib/python3.9/site-packages/airflow/example_dags/example_display_name.py took 0.079 seconds
[2025-02-04T16:40:59.272+0000] {processor.py:186} INFO - Started process (PID=2116) to work on /home/airflow/.local/lib/python3.9/site-packages/airflow/example_dags/example_display_name.py
[2025-02-04T16:40:59.273+0000] {processor.py:914} INFO - Processing file /home/airflow/.local/lib/python3.9/site-packages/airflow/example_dags/example_display_name.py for tasks to queue
[2025-02-04T16:40:59.274+0000] {logging_mixin.py:190} INFO - [2025-02-04T16:40:59.274+0000] {dagbag.py:588} INFO - Filling up the DagBag from /home/airflow/.local/lib/python3.9/site-packages/airflow/example_dags/example_display_name.py
[2025-02-04T16:40:59.283+0000] {processor.py:925} INFO - DAG(s) 'example_display_name' retrieved from /home/airflow/.local/lib/python3.9/site-packages/airflow/example_dags/example_display_name.py
[2025-02-04T16:40:59.303+0000] {logging_mixin.py:190} INFO - [2025-02-04T16:40:59.303+0000] {dag.py:3239} INFO - Sync 1 DAGs
[2025-02-04T16:40:59.318+0000] {logging_mixin.py:190} INFO - [2025-02-04T16:40:59.317+0000] {dag.py:4180} INFO - Setting next_dagrun for example_display_name to None, run_after=None
[2025-02-04T16:40:59.343+0000] {processor.py:208} INFO - Processing /home/airflow/.local/lib/python3.9/site-packages/airflow/example_dags/example_display_name.py took 0.078 seconds
[2025-02-04T16:41:30.634+0000] {processor.py:186} INFO - Started process (PID=2180) to work on /home/airflow/.local/lib/python3.9/site-packages/airflow/example_dags/example_display_name.py
[2025-02-04T16:41:30.636+0000] {processor.py:914} INFO - Processing file /home/airflow/.local/lib/python3.9/site-packages/airflow/example_dags/example_display_name.py for tasks to queue
[2025-02-04T16:41:30.638+0000] {logging_mixin.py:190} INFO - [2025-02-04T16:41:30.637+0000] {dagbag.py:588} INFO - Filling up the DagBag from /home/airflow/.local/lib/python3.9/site-packages/airflow/example_dags/example_display_name.py
[2025-02-04T16:41:30.647+0000] {processor.py:925} INFO - DAG(s) 'example_display_name' retrieved from /home/airflow/.local/lib/python3.9/site-packages/airflow/example_dags/example_display_name.py
[2025-02-04T16:41:30.667+0000] {logging_mixin.py:190} INFO - [2025-02-04T16:41:30.667+0000] {dag.py:3239} INFO - Sync 1 DAGs
[2025-02-04T16:41:30.681+0000] {logging_mixin.py:190} INFO - [2025-02-04T16:41:30.681+0000] {dag.py:4180} INFO - Setting next_dagrun for example_display_name to None, run_after=None
[2025-02-04T16:41:30.705+0000] {processor.py:208} INFO - Processing /home/airflow/.local/lib/python3.9/site-packages/airflow/example_dags/example_display_name.py took 0.079 seconds
[2025-02-04T16:42:01.690+0000] {processor.py:186} INFO - Started process (PID=2244) to work on /home/airflow/.local/lib/python3.9/site-packages/airflow/example_dags/example_display_name.py
[2025-02-04T16:42:01.691+0000] {processor.py:914} INFO - Processing file /home/airflow/.local/lib/python3.9/site-packages/airflow/example_dags/example_display_name.py for tasks to queue
[2025-02-04T16:42:01.692+0000] {logging_mixin.py:190} INFO - [2025-02-04T16:42:01.692+0000] {dagbag.py:588} INFO - Filling up the DagBag from /home/airflow/.local/lib/python3.9/site-packages/airflow/example_dags/example_display_name.py
[2025-02-04T16:42:01.700+0000] {processor.py:925} INFO - DAG(s) 'example_display_name' retrieved from /home/airflow/.local/lib/python3.9/site-packages/airflow/example_dags/example_display_name.py
[2025-02-04T16:42:01.722+0000] {logging_mixin.py:190} INFO - [2025-02-04T16:42:01.722+0000] {dag.py:3239} INFO - Sync 1 DAGs
[2025-02-04T16:42:01.736+0000] {logging_mixin.py:190} INFO - [2025-02-04T16:42:01.736+0000] {dag.py:4180} INFO - Setting next_dagrun for example_display_name to None, run_after=None
[2025-02-04T16:42:01.767+0000] {processor.py:208} INFO - Processing /home/airflow/.local/lib/python3.9/site-packages/airflow/example_dags/example_display_name.py took 0.083 seconds
[2025-02-04T16:42:32.184+0000] {processor.py:186} INFO - Started process (PID=2308) to work on /home/airflow/.local/lib/python3.9/site-packages/airflow/example_dags/example_display_name.py
[2025-02-04T16:42:32.185+0000] {processor.py:914} INFO - Processing file /home/airflow/.local/lib/python3.9/site-packages/airflow/example_dags/example_display_name.py for tasks to queue
[2025-02-04T16:42:32.188+0000] {logging_mixin.py:190} INFO - [2025-02-04T16:42:32.187+0000] {dagbag.py:588} INFO - Filling up the DagBag from /home/airflow/.local/lib/python3.9/site-packages/airflow/example_dags/example_display_name.py
[2025-02-04T16:42:32.199+0000] {processor.py:925} INFO - DAG(s) 'example_display_name' retrieved from /home/airflow/.local/lib/python3.9/site-packages/airflow/example_dags/example_display_name.py
[2025-02-04T16:42:32.228+0000] {logging_mixin.py:190} INFO - [2025-02-04T16:42:32.228+0000] {dag.py:3239} INFO - Sync 1 DAGs
[2025-02-04T16:42:32.249+0000] {logging_mixin.py:190} INFO - [2025-02-04T16:42:32.248+0000] {dag.py:4180} INFO - Setting next_dagrun for example_display_name to None, run_after=None
[2025-02-04T16:42:32.277+0000] {processor.py:208} INFO - Processing /home/airflow/.local/lib/python3.9/site-packages/airflow/example_dags/example_display_name.py took 0.103 seconds
[2025-02-04T16:43:02.552+0000] {processor.py:186} INFO - Started process (PID=2372) to work on /home/airflow/.local/lib/python3.9/site-packages/airflow/example_dags/example_display_name.py
[2025-02-04T16:43:02.554+0000] {processor.py:914} INFO - Processing file /home/airflow/.local/lib/python3.9/site-packages/airflow/example_dags/example_display_name.py for tasks to queue
[2025-02-04T16:43:02.555+0000] {logging_mixin.py:190} INFO - [2025-02-04T16:43:02.555+0000] {dagbag.py:588} INFO - Filling up the DagBag from /home/airflow/.local/lib/python3.9/site-packages/airflow/example_dags/example_display_name.py
[2025-02-04T16:43:02.564+0000] {processor.py:925} INFO - DAG(s) 'example_display_name' retrieved from /home/airflow/.local/lib/python3.9/site-packages/airflow/example_dags/example_display_name.py
[2025-02-04T16:43:02.586+0000] {logging_mixin.py:190} INFO - [2025-02-04T16:43:02.586+0000] {dag.py:3239} INFO - Sync 1 DAGs
[2025-02-04T16:43:02.604+0000] {logging_mixin.py:190} INFO - [2025-02-04T16:43:02.604+0000] {dag.py:4180} INFO - Setting next_dagrun for example_display_name to None, run_after=None
[2025-02-04T16:43:02.666+0000] {processor.py:208} INFO - Processing /home/airflow/.local/lib/python3.9/site-packages/airflow/example_dags/example_display_name.py took 0.120 seconds
[2025-02-04T16:43:33.278+0000] {processor.py:186} INFO - Started process (PID=2436) to work on /home/airflow/.local/lib/python3.9/site-packages/airflow/example_dags/example_display_name.py
[2025-02-04T16:43:33.280+0000] {processor.py:914} INFO - Processing file /home/airflow/.local/lib/python3.9/site-packages/airflow/example_dags/example_display_name.py for tasks to queue
[2025-02-04T16:43:33.281+0000] {logging_mixin.py:190} INFO - [2025-02-04T16:43:33.281+0000] {dagbag.py:588} INFO - Filling up the DagBag from /home/airflow/.local/lib/python3.9/site-packages/airflow/example_dags/example_display_name.py
[2025-02-04T16:43:33.290+0000] {processor.py:925} INFO - DAG(s) 'example_display_name' retrieved from /home/airflow/.local/lib/python3.9/site-packages/airflow/example_dags/example_display_name.py
[2025-02-04T16:43:33.313+0000] {logging_mixin.py:190} INFO - [2025-02-04T16:43:33.313+0000] {dag.py:3239} INFO - Sync 1 DAGs
[2025-02-04T16:43:33.328+0000] {logging_mixin.py:190} INFO - [2025-02-04T16:43:33.328+0000] {dag.py:4180} INFO - Setting next_dagrun for example_display_name to None, run_after=None
[2025-02-04T16:43:33.364+0000] {processor.py:208} INFO - Processing /home/airflow/.local/lib/python3.9/site-packages/airflow/example_dags/example_display_name.py took 0.092 seconds
[2025-02-04T16:44:03.901+0000] {processor.py:186} INFO - Started process (PID=2500) to work on /home/airflow/.local/lib/python3.9/site-packages/airflow/example_dags/example_display_name.py
[2025-02-04T16:44:03.903+0000] {processor.py:914} INFO - Processing file /home/airflow/.local/lib/python3.9/site-packages/airflow/example_dags/example_display_name.py for tasks to queue
[2025-02-04T16:44:03.905+0000] {logging_mixin.py:190} INFO - [2025-02-04T16:44:03.905+0000] {dagbag.py:588} INFO - Filling up the DagBag from /home/airflow/.local/lib/python3.9/site-packages/airflow/example_dags/example_display_name.py
[2025-02-04T16:44:03.914+0000] {processor.py:925} INFO - DAG(s) 'example_display_name' retrieved from /home/airflow/.local/lib/python3.9/site-packages/airflow/example_dags/example_display_name.py
[2025-02-04T16:44:03.937+0000] {logging_mixin.py:190} INFO - [2025-02-04T16:44:03.936+0000] {dag.py:3239} INFO - Sync 1 DAGs
[2025-02-04T16:44:03.954+0000] {logging_mixin.py:190} INFO - [2025-02-04T16:44:03.953+0000] {dag.py:4180} INFO - Setting next_dagrun for example_display_name to None, run_after=None
[2025-02-04T16:44:03.982+0000] {processor.py:208} INFO - Processing /home/airflow/.local/lib/python3.9/site-packages/airflow/example_dags/example_display_name.py took 0.088 seconds
[2025-02-04T16:44:34.194+0000] {processor.py:186} INFO - Started process (PID=2564) to work on /home/airflow/.local/lib/python3.9/site-packages/airflow/example_dags/example_display_name.py
[2025-02-04T16:44:34.195+0000] {processor.py:914} INFO - Processing file /home/airflow/.local/lib/python3.9/site-packages/airflow/example_dags/example_display_name.py for tasks to queue
[2025-02-04T16:44:34.197+0000] {logging_mixin.py:190} INFO - [2025-02-04T16:44:34.197+0000] {dagbag.py:588} INFO - Filling up the DagBag from /home/airflow/.local/lib/python3.9/site-packages/airflow/example_dags/example_display_name.py
[2025-02-04T16:44:34.206+0000] {processor.py:925} INFO - DAG(s) 'example_display_name' retrieved from /home/airflow/.local/lib/python3.9/site-packages/airflow/example_dags/example_display_name.py
[2025-02-04T16:44:34.227+0000] {logging_mixin.py:190} INFO - [2025-02-04T16:44:34.227+0000] {dag.py:3239} INFO - Sync 1 DAGs
[2025-02-04T16:44:34.242+0000] {logging_mixin.py:190} INFO - [2025-02-04T16:44:34.241+0000] {dag.py:4180} INFO - Setting next_dagrun for example_display_name to None, run_after=None
[2025-02-04T16:44:34.267+0000] {processor.py:208} INFO - Processing /home/airflow/.local/lib/python3.9/site-packages/airflow/example_dags/example_display_name.py took 0.080 seconds
[2025-02-04T16:45:04.843+0000] {processor.py:186} INFO - Started process (PID=2629) to work on /home/airflow/.local/lib/python3.9/site-packages/airflow/example_dags/example_display_name.py
[2025-02-04T16:45:04.845+0000] {processor.py:914} INFO - Processing file /home/airflow/.local/lib/python3.9/site-packages/airflow/example_dags/example_display_name.py for tasks to queue
[2025-02-04T16:45:04.846+0000] {logging_mixin.py:190} INFO - [2025-02-04T16:45:04.846+0000] {dagbag.py:588} INFO - Filling up the DagBag from /home/airflow/.local/lib/python3.9/site-packages/airflow/example_dags/example_display_name.py
[2025-02-04T16:45:04.854+0000] {processor.py:925} INFO - DAG(s) 'example_display_name' retrieved from /home/airflow/.local/lib/python3.9/site-packages/airflow/example_dags/example_display_name.py
[2025-02-04T16:45:04.880+0000] {logging_mixin.py:190} INFO - [2025-02-04T16:45:04.880+0000] {dag.py:3239} INFO - Sync 1 DAGs
[2025-02-04T16:45:04.901+0000] {logging_mixin.py:190} INFO - [2025-02-04T16:45:04.901+0000] {dag.py:4180} INFO - Setting next_dagrun for example_display_name to None, run_after=None
[2025-02-04T16:45:04.927+0000] {processor.py:208} INFO - Processing /home/airflow/.local/lib/python3.9/site-packages/airflow/example_dags/example_display_name.py took 0.090 seconds
[2025-02-04T16:45:35.300+0000] {processor.py:186} INFO - Started process (PID=2700) to work on /home/airflow/.local/lib/python3.9/site-packages/airflow/example_dags/example_display_name.py
[2025-02-04T16:45:35.301+0000] {processor.py:914} INFO - Processing file /home/airflow/.local/lib/python3.9/site-packages/airflow/example_dags/example_display_name.py for tasks to queue
[2025-02-04T16:45:35.303+0000] {logging_mixin.py:190} INFO - [2025-02-04T16:45:35.303+0000] {dagbag.py:588} INFO - Filling up the DagBag from /home/airflow/.local/lib/python3.9/site-packages/airflow/example_dags/example_display_name.py
[2025-02-04T16:45:35.312+0000] {processor.py:925} INFO - DAG(s) 'example_display_name' retrieved from /home/airflow/.local/lib/python3.9/site-packages/airflow/example_dags/example_display_name.py
[2025-02-04T16:45:35.334+0000] {logging_mixin.py:190} INFO - [2025-02-04T16:45:35.334+0000] {dag.py:3239} INFO - Sync 1 DAGs
[2025-02-04T16:45:35.351+0000] {logging_mixin.py:190} INFO - [2025-02-04T16:45:35.351+0000] {dag.py:4180} INFO - Setting next_dagrun for example_display_name to None, run_after=None
[2025-02-04T16:45:35.377+0000] {processor.py:208} INFO - Processing /home/airflow/.local/lib/python3.9/site-packages/airflow/example_dags/example_display_name.py took 0.084 seconds
[2025-02-04T16:46:06.708+0000] {processor.py:186} INFO - Started process (PID=2766) to work on /home/airflow/.local/lib/python3.9/site-packages/airflow/example_dags/example_display_name.py
[2025-02-04T16:46:06.710+0000] {processor.py:914} INFO - Processing file /home/airflow/.local/lib/python3.9/site-packages/airflow/example_dags/example_display_name.py for tasks to queue
[2025-02-04T16:46:06.711+0000] {logging_mixin.py:190} INFO - [2025-02-04T16:46:06.711+0000] {dagbag.py:588} INFO - Filling up the DagBag from /home/airflow/.local/lib/python3.9/site-packages/airflow/example_dags/example_display_name.py
[2025-02-04T16:46:06.720+0000] {processor.py:925} INFO - DAG(s) 'example_display_name' retrieved from /home/airflow/.local/lib/python3.9/site-packages/airflow/example_dags/example_display_name.py
[2025-02-04T16:46:06.741+0000] {logging_mixin.py:190} INFO - [2025-02-04T16:46:06.741+0000] {dag.py:3239} INFO - Sync 1 DAGs
[2025-02-04T16:46:06.757+0000] {logging_mixin.py:190} INFO - [2025-02-04T16:46:06.757+0000] {dag.py:4180} INFO - Setting next_dagrun for example_display_name to None, run_after=None
[2025-02-04T16:46:06.784+0000] {processor.py:208} INFO - Processing /home/airflow/.local/lib/python3.9/site-packages/airflow/example_dags/example_display_name.py took 0.083 seconds
[2025-02-04T16:46:37.271+0000] {processor.py:186} INFO - Started process (PID=2830) to work on /home/airflow/.local/lib/python3.9/site-packages/airflow/example_dags/example_display_name.py
[2025-02-04T16:46:37.273+0000] {processor.py:914} INFO - Processing file /home/airflow/.local/lib/python3.9/site-packages/airflow/example_dags/example_display_name.py for tasks to queue
[2025-02-04T16:46:37.275+0000] {logging_mixin.py:190} INFO - [2025-02-04T16:46:37.275+0000] {dagbag.py:588} INFO - Filling up the DagBag from /home/airflow/.local/lib/python3.9/site-packages/airflow/example_dags/example_display_name.py
[2025-02-04T16:46:37.283+0000] {processor.py:925} INFO - DAG(s) 'example_display_name' retrieved from /home/airflow/.local/lib/python3.9/site-packages/airflow/example_dags/example_display_name.py
[2025-02-04T16:46:37.307+0000] {logging_mixin.py:190} INFO - [2025-02-04T16:46:37.307+0000] {dag.py:3239} INFO - Sync 1 DAGs
[2025-02-04T16:46:37.324+0000] {logging_mixin.py:190} INFO - [2025-02-04T16:46:37.324+0000] {dag.py:4180} INFO - Setting next_dagrun for example_display_name to None, run_after=None
[2025-02-04T16:46:37.353+0000] {processor.py:208} INFO - Processing /home/airflow/.local/lib/python3.9/site-packages/airflow/example_dags/example_display_name.py took 0.088 seconds
[2025-02-04T16:47:12.262+0000] {processor.py:186} INFO - Started process (PID=2894) to work on /home/airflow/.local/lib/python3.9/site-packages/airflow/example_dags/example_display_name.py
[2025-02-04T16:47:12.264+0000] {processor.py:914} INFO - Processing file /home/airflow/.local/lib/python3.9/site-packages/airflow/example_dags/example_display_name.py for tasks to queue
[2025-02-04T16:47:12.265+0000] {logging_mixin.py:190} INFO - [2025-02-04T16:47:12.265+0000] {dagbag.py:588} INFO - Filling up the DagBag from /home/airflow/.local/lib/python3.9/site-packages/airflow/example_dags/example_display_name.py
[2025-02-04T16:47:12.275+0000] {processor.py:925} INFO - DAG(s) 'example_display_name' retrieved from /home/airflow/.local/lib/python3.9/site-packages/airflow/example_dags/example_display_name.py
[2025-02-04T16:47:12.296+0000] {logging_mixin.py:190} INFO - [2025-02-04T16:47:12.296+0000] {dag.py:3239} INFO - Sync 1 DAGs
[2025-02-04T16:47:12.312+0000] {logging_mixin.py:190} INFO - [2025-02-04T16:47:12.312+0000] {dag.py:4180} INFO - Setting next_dagrun for example_display_name to None, run_after=None
[2025-02-04T16:47:12.336+0000] {processor.py:208} INFO - Processing /home/airflow/.local/lib/python3.9/site-packages/airflow/example_dags/example_display_name.py took 0.080 seconds
[2025-02-04T16:47:52.912+0000] {processor.py:186} INFO - Started process (PID=2958) to work on /home/airflow/.local/lib/python3.9/site-packages/airflow/example_dags/example_display_name.py
[2025-02-04T16:47:52.914+0000] {processor.py:914} INFO - Processing file /home/airflow/.local/lib/python3.9/site-packages/airflow/example_dags/example_display_name.py for tasks to queue
[2025-02-04T16:47:52.916+0000] {logging_mixin.py:190} INFO - [2025-02-04T16:47:52.915+0000] {dagbag.py:588} INFO - Filling up the DagBag from /home/airflow/.local/lib/python3.9/site-packages/airflow/example_dags/example_display_name.py
[2025-02-04T16:47:52.927+0000] {processor.py:925} INFO - DAG(s) 'example_display_name' retrieved from /home/airflow/.local/lib/python3.9/site-packages/airflow/example_dags/example_display_name.py
[2025-02-04T16:47:52.955+0000] {logging_mixin.py:190} INFO - [2025-02-04T16:47:52.955+0000] {dag.py:3239} INFO - Sync 1 DAGs
[2025-02-04T16:47:52.977+0000] {logging_mixin.py:190} INFO - [2025-02-04T16:47:52.977+0000] {dag.py:4180} INFO - Setting next_dagrun for example_display_name to None, run_after=None
[2025-02-04T16:47:53.013+0000] {processor.py:208} INFO - Processing /home/airflow/.local/lib/python3.9/site-packages/airflow/example_dags/example_display_name.py took 0.108 seconds
[2025-02-04T16:48:23.457+0000] {processor.py:186} INFO - Started process (PID=3023) to work on /home/airflow/.local/lib/python3.9/site-packages/airflow/example_dags/example_display_name.py
[2025-02-04T16:48:23.458+0000] {processor.py:914} INFO - Processing file /home/airflow/.local/lib/python3.9/site-packages/airflow/example_dags/example_display_name.py for tasks to queue
[2025-02-04T16:48:23.460+0000] {logging_mixin.py:190} INFO - [2025-02-04T16:48:23.459+0000] {dagbag.py:588} INFO - Filling up the DagBag from /home/airflow/.local/lib/python3.9/site-packages/airflow/example_dags/example_display_name.py
[2025-02-04T16:48:23.468+0000] {processor.py:925} INFO - DAG(s) 'example_display_name' retrieved from /home/airflow/.local/lib/python3.9/site-packages/airflow/example_dags/example_display_name.py
[2025-02-04T16:48:23.491+0000] {logging_mixin.py:190} INFO - [2025-02-04T16:48:23.491+0000] {dag.py:3239} INFO - Sync 1 DAGs
[2025-02-04T16:48:23.507+0000] {logging_mixin.py:190} INFO - [2025-02-04T16:48:23.506+0000] {dag.py:4180} INFO - Setting next_dagrun for example_display_name to None, run_after=None
[2025-02-04T16:48:23.541+0000] {processor.py:208} INFO - Processing /home/airflow/.local/lib/python3.9/site-packages/airflow/example_dags/example_display_name.py took 0.091 seconds
[2025-02-04T16:48:53.616+0000] {processor.py:186} INFO - Started process (PID=3087) to work on /home/airflow/.local/lib/python3.9/site-packages/airflow/example_dags/example_display_name.py
[2025-02-04T16:48:53.617+0000] {processor.py:914} INFO - Processing file /home/airflow/.local/lib/python3.9/site-packages/airflow/example_dags/example_display_name.py for tasks to queue
[2025-02-04T16:48:53.619+0000] {logging_mixin.py:190} INFO - [2025-02-04T16:48:53.619+0000] {dagbag.py:588} INFO - Filling up the DagBag from /home/airflow/.local/lib/python3.9/site-packages/airflow/example_dags/example_display_name.py
[2025-02-04T16:48:53.628+0000] {processor.py:925} INFO - DAG(s) 'example_display_name' retrieved from /home/airflow/.local/lib/python3.9/site-packages/airflow/example_dags/example_display_name.py
[2025-02-04T16:48:53.650+0000] {logging_mixin.py:190} INFO - [2025-02-04T16:48:53.649+0000] {dag.py:3239} INFO - Sync 1 DAGs
[2025-02-04T16:48:53.665+0000] {logging_mixin.py:190} INFO - [2025-02-04T16:48:53.664+0000] {dag.py:4180} INFO - Setting next_dagrun for example_display_name to None, run_after=None
[2025-02-04T16:48:53.691+0000] {processor.py:208} INFO - Processing /home/airflow/.local/lib/python3.9/site-packages/airflow/example_dags/example_display_name.py took 0.082 seconds
[2025-02-04T16:49:24.034+0000] {processor.py:186} INFO - Started process (PID=3158) to work on /home/airflow/.local/lib/python3.9/site-packages/airflow/example_dags/example_display_name.py
[2025-02-04T16:49:24.035+0000] {processor.py:914} INFO - Processing file /home/airflow/.local/lib/python3.9/site-packages/airflow/example_dags/example_display_name.py for tasks to queue
[2025-02-04T16:49:24.036+0000] {logging_mixin.py:190} INFO - [2025-02-04T16:49:24.036+0000] {dagbag.py:588} INFO - Filling up the DagBag from /home/airflow/.local/lib/python3.9/site-packages/airflow/example_dags/example_display_name.py
[2025-02-04T16:49:24.045+0000] {processor.py:925} INFO - DAG(s) 'example_display_name' retrieved from /home/airflow/.local/lib/python3.9/site-packages/airflow/example_dags/example_display_name.py
[2025-02-04T16:49:24.066+0000] {logging_mixin.py:190} INFO - [2025-02-04T16:49:24.066+0000] {dag.py:3239} INFO - Sync 1 DAGs
[2025-02-04T16:49:24.081+0000] {logging_mixin.py:190} INFO - [2025-02-04T16:49:24.081+0000] {dag.py:4180} INFO - Setting next_dagrun for example_display_name to None, run_after=None
[2025-02-04T16:49:24.108+0000] {processor.py:208} INFO - Processing /home/airflow/.local/lib/python3.9/site-packages/airflow/example_dags/example_display_name.py took 0.081 seconds
[2025-02-04T16:49:54.328+0000] {processor.py:186} INFO - Started process (PID=3222) to work on /home/airflow/.local/lib/python3.9/site-packages/airflow/example_dags/example_display_name.py
[2025-02-04T16:49:54.330+0000] {processor.py:914} INFO - Processing file /home/airflow/.local/lib/python3.9/site-packages/airflow/example_dags/example_display_name.py for tasks to queue
[2025-02-04T16:49:54.332+0000] {logging_mixin.py:190} INFO - [2025-02-04T16:49:54.331+0000] {dagbag.py:588} INFO - Filling up the DagBag from /home/airflow/.local/lib/python3.9/site-packages/airflow/example_dags/example_display_name.py
[2025-02-04T16:49:54.342+0000] {processor.py:925} INFO - DAG(s) 'example_display_name' retrieved from /home/airflow/.local/lib/python3.9/site-packages/airflow/example_dags/example_display_name.py
[2025-02-04T16:49:54.365+0000] {logging_mixin.py:190} INFO - [2025-02-04T16:49:54.365+0000] {dag.py:3239} INFO - Sync 1 DAGs
[2025-02-04T16:49:54.380+0000] {logging_mixin.py:190} INFO - [2025-02-04T16:49:54.380+0000] {dag.py:4180} INFO - Setting next_dagrun for example_display_name to None, run_after=None
[2025-02-04T16:49:54.406+0000] {processor.py:208} INFO - Processing /home/airflow/.local/lib/python3.9/site-packages/airflow/example_dags/example_display_name.py took 0.084 seconds
