[2025-02-04T16:22:37.722+0000] {processor.py:186} INFO - Started process (PID=88) to work on /home/airflow/.local/lib/python3.9/site-packages/airflow/example_dags/example_skip_dag.py
[2025-02-04T16:22:37.723+0000] {processor.py:914} INFO - Processing file /home/airflow/.local/lib/python3.9/site-packages/airflow/example_dags/example_skip_dag.py for tasks to queue
[2025-02-04T16:22:37.726+0000] {logging_mixin.py:190} INFO - [2025-02-04T16:22:37.726+0000] {dagbag.py:588} INFO - Filling up the DagBag from /home/airflow/.local/lib/python3.9/site-packages/airflow/example_dags/example_skip_dag.py
[2025-02-04T16:22:38.166+0000] {processor.py:925} INFO - DAG(s) 'example_skip_dag' retrieved from /home/airflow/.local/lib/python3.9/site-packages/airflow/example_dags/example_skip_dag.py
[2025-02-04T16:22:42.486+0000] {logging_mixin.py:190} INFO - [2025-02-04T16:22:42.485+0000] {override.py:1912} INFO - Created Permission View: can delete on DAG:example_skip_dag
[2025-02-04T16:22:42.509+0000] {logging_mixin.py:190} INFO - [2025-02-04T16:22:42.508+0000] {override.py:1912} INFO - Created Permission View: can edit on DAG:example_skip_dag
[2025-02-04T16:22:42.524+0000] {logging_mixin.py:190} INFO - [2025-02-04T16:22:42.524+0000] {override.py:1912} INFO - Created Permission View: can read on DAG:example_skip_dag
[2025-02-04T16:22:42.544+0000] {logging_mixin.py:190} INFO - [2025-02-04T16:22:42.544+0000] {override.py:1912} INFO - Created Permission View: can delete on DAG Run:example_skip_dag
[2025-02-04T16:22:42.558+0000] {logging_mixin.py:190} INFO - [2025-02-04T16:22:42.558+0000] {override.py:1912} INFO - Created Permission View: menu access on DAG Run:example_skip_dag
[2025-02-04T16:22:42.570+0000] {logging_mixin.py:190} INFO - [2025-02-04T16:22:42.570+0000] {override.py:1912} INFO - Created Permission View: can read on DAG Run:example_skip_dag
[2025-02-04T16:22:42.583+0000] {logging_mixin.py:190} INFO - [2025-02-04T16:22:42.583+0000] {override.py:1912} INFO - Created Permission View: can create on DAG Run:example_skip_dag
[2025-02-04T16:22:42.584+0000] {logging_mixin.py:190} INFO - [2025-02-04T16:22:42.584+0000] {dag.py:3239} INFO - Sync 1 DAGs
[2025-02-04T16:22:42.598+0000] {logging_mixin.py:190} INFO - [2025-02-04T16:22:42.597+0000] {dag.py:3262} INFO - Creating ORM DAG for example_skip_dag
[2025-02-04T16:22:42.608+0000] {logging_mixin.py:190} INFO - [2025-02-04T16:22:42.608+0000] {dag.py:4180} INFO - Setting next_dagrun for example_skip_dag to 2025-02-03 00:00:00+00:00, run_after=2025-02-04 00:00:00+00:00
[2025-02-04T16:22:42.632+0000] {processor.py:208} INFO - Processing /home/airflow/.local/lib/python3.9/site-packages/airflow/example_dags/example_skip_dag.py took 4.917 seconds
[2025-02-04T16:23:27.862+0000] {processor.py:186} INFO - Started process (PID=159) to work on /home/airflow/.local/lib/python3.9/site-packages/airflow/example_dags/example_skip_dag.py
[2025-02-04T16:23:27.863+0000] {processor.py:914} INFO - Processing file /home/airflow/.local/lib/python3.9/site-packages/airflow/example_dags/example_skip_dag.py for tasks to queue
[2025-02-04T16:23:27.867+0000] {logging_mixin.py:190} INFO - [2025-02-04T16:23:27.866+0000] {dagbag.py:588} INFO - Filling up the DagBag from /home/airflow/.local/lib/python3.9/site-packages/airflow/example_dags/example_skip_dag.py
[2025-02-04T16:23:27.875+0000] {processor.py:925} INFO - DAG(s) 'example_skip_dag' retrieved from /home/airflow/.local/lib/python3.9/site-packages/airflow/example_dags/example_skip_dag.py
[2025-02-04T16:23:27.900+0000] {logging_mixin.py:190} INFO - [2025-02-04T16:23:27.899+0000] {dag.py:3239} INFO - Sync 1 DAGs
[2025-02-04T16:23:27.923+0000] {logging_mixin.py:190} INFO - [2025-02-04T16:23:27.923+0000] {dag.py:4180} INFO - Setting next_dagrun for example_skip_dag to 2025-02-03 00:00:00+00:00, run_after=2025-02-04 00:00:00+00:00
[2025-02-04T16:23:27.953+0000] {processor.py:208} INFO - Processing /home/airflow/.local/lib/python3.9/site-packages/airflow/example_dags/example_skip_dag.py took 0.098 seconds
[2025-02-04T16:23:58.393+0000] {processor.py:186} INFO - Started process (PID=222) to work on /home/airflow/.local/lib/python3.9/site-packages/airflow/example_dags/example_skip_dag.py
[2025-02-04T16:23:58.394+0000] {processor.py:914} INFO - Processing file /home/airflow/.local/lib/python3.9/site-packages/airflow/example_dags/example_skip_dag.py for tasks to queue
[2025-02-04T16:23:58.397+0000] {logging_mixin.py:190} INFO - [2025-02-04T16:23:58.397+0000] {dagbag.py:588} INFO - Filling up the DagBag from /home/airflow/.local/lib/python3.9/site-packages/airflow/example_dags/example_skip_dag.py
[2025-02-04T16:23:58.406+0000] {processor.py:925} INFO - DAG(s) 'example_skip_dag' retrieved from /home/airflow/.local/lib/python3.9/site-packages/airflow/example_dags/example_skip_dag.py
[2025-02-04T16:23:58.431+0000] {logging_mixin.py:190} INFO - [2025-02-04T16:23:58.431+0000] {dag.py:3239} INFO - Sync 1 DAGs
[2025-02-04T16:23:58.464+0000] {logging_mixin.py:190} INFO - [2025-02-04T16:23:58.463+0000] {dag.py:4180} INFO - Setting next_dagrun for example_skip_dag to 2025-02-03 00:00:00+00:00, run_after=2025-02-04 00:00:00+00:00
[2025-02-04T16:23:58.491+0000] {processor.py:208} INFO - Processing /home/airflow/.local/lib/python3.9/site-packages/airflow/example_dags/example_skip_dag.py took 0.105 seconds
[2025-02-04T16:24:28.921+0000] {processor.py:186} INFO - Started process (PID=285) to work on /home/airflow/.local/lib/python3.9/site-packages/airflow/example_dags/example_skip_dag.py
[2025-02-04T16:24:28.923+0000] {processor.py:914} INFO - Processing file /home/airflow/.local/lib/python3.9/site-packages/airflow/example_dags/example_skip_dag.py for tasks to queue
[2025-02-04T16:24:28.926+0000] {logging_mixin.py:190} INFO - [2025-02-04T16:24:28.926+0000] {dagbag.py:588} INFO - Filling up the DagBag from /home/airflow/.local/lib/python3.9/site-packages/airflow/example_dags/example_skip_dag.py
[2025-02-04T16:24:28.939+0000] {processor.py:925} INFO - DAG(s) 'example_skip_dag' retrieved from /home/airflow/.local/lib/python3.9/site-packages/airflow/example_dags/example_skip_dag.py
[2025-02-04T16:24:28.965+0000] {logging_mixin.py:190} INFO - [2025-02-04T16:24:28.965+0000] {dag.py:3239} INFO - Sync 1 DAGs
[2025-02-04T16:24:28.991+0000] {logging_mixin.py:190} INFO - [2025-02-04T16:24:28.991+0000] {dag.py:4180} INFO - Setting next_dagrun for example_skip_dag to 2025-02-03 00:00:00+00:00, run_after=2025-02-04 00:00:00+00:00
[2025-02-04T16:24:29.026+0000] {processor.py:208} INFO - Processing /home/airflow/.local/lib/python3.9/site-packages/airflow/example_dags/example_skip_dag.py took 0.112 seconds
[2025-02-04T16:24:59.963+0000] {processor.py:186} INFO - Started process (PID=349) to work on /home/airflow/.local/lib/python3.9/site-packages/airflow/example_dags/example_skip_dag.py
[2025-02-04T16:24:59.964+0000] {processor.py:914} INFO - Processing file /home/airflow/.local/lib/python3.9/site-packages/airflow/example_dags/example_skip_dag.py for tasks to queue
[2025-02-04T16:24:59.967+0000] {logging_mixin.py:190} INFO - [2025-02-04T16:24:59.967+0000] {dagbag.py:588} INFO - Filling up the DagBag from /home/airflow/.local/lib/python3.9/site-packages/airflow/example_dags/example_skip_dag.py
[2025-02-04T16:24:59.977+0000] {processor.py:925} INFO - DAG(s) 'example_skip_dag' retrieved from /home/airflow/.local/lib/python3.9/site-packages/airflow/example_dags/example_skip_dag.py
[2025-02-04T16:25:00.003+0000] {logging_mixin.py:190} INFO - [2025-02-04T16:25:00.002+0000] {dag.py:3239} INFO - Sync 1 DAGs
[2025-02-04T16:25:00.027+0000] {logging_mixin.py:190} INFO - [2025-02-04T16:25:00.026+0000] {dag.py:4180} INFO - Setting next_dagrun for example_skip_dag to 2025-02-03 00:00:00+00:00, run_after=2025-02-04 00:00:00+00:00
[2025-02-04T16:25:00.055+0000] {processor.py:208} INFO - Processing /home/airflow/.local/lib/python3.9/site-packages/airflow/example_dags/example_skip_dag.py took 0.099 seconds
[2025-02-04T16:25:30.932+0000] {processor.py:186} INFO - Started process (PID=413) to work on /home/airflow/.local/lib/python3.9/site-packages/airflow/example_dags/example_skip_dag.py
[2025-02-04T16:25:30.969+0000] {processor.py:914} INFO - Processing file /home/airflow/.local/lib/python3.9/site-packages/airflow/example_dags/example_skip_dag.py for tasks to queue
[2025-02-04T16:25:30.972+0000] {logging_mixin.py:190} INFO - [2025-02-04T16:25:30.972+0000] {dagbag.py:588} INFO - Filling up the DagBag from /home/airflow/.local/lib/python3.9/site-packages/airflow/example_dags/example_skip_dag.py
[2025-02-04T16:25:30.981+0000] {processor.py:925} INFO - DAG(s) 'example_skip_dag' retrieved from /home/airflow/.local/lib/python3.9/site-packages/airflow/example_dags/example_skip_dag.py
[2025-02-04T16:25:31.009+0000] {logging_mixin.py:190} INFO - [2025-02-04T16:25:31.008+0000] {dag.py:3239} INFO - Sync 1 DAGs
[2025-02-04T16:25:31.036+0000] {logging_mixin.py:190} INFO - [2025-02-04T16:25:31.036+0000] {dag.py:4180} INFO - Setting next_dagrun for example_skip_dag to 2025-02-03 00:00:00+00:00, run_after=2025-02-04 00:00:00+00:00
[2025-02-04T16:25:31.066+0000] {processor.py:208} INFO - Processing /home/airflow/.local/lib/python3.9/site-packages/airflow/example_dags/example_skip_dag.py took 0.141 seconds
[2025-02-04T16:26:01.422+0000] {processor.py:186} INFO - Started process (PID=477) to work on /home/airflow/.local/lib/python3.9/site-packages/airflow/example_dags/example_skip_dag.py
[2025-02-04T16:26:01.423+0000] {processor.py:914} INFO - Processing file /home/airflow/.local/lib/python3.9/site-packages/airflow/example_dags/example_skip_dag.py for tasks to queue
[2025-02-04T16:26:01.426+0000] {logging_mixin.py:190} INFO - [2025-02-04T16:26:01.425+0000] {dagbag.py:588} INFO - Filling up the DagBag from /home/airflow/.local/lib/python3.9/site-packages/airflow/example_dags/example_skip_dag.py
[2025-02-04T16:26:01.434+0000] {processor.py:925} INFO - DAG(s) 'example_skip_dag' retrieved from /home/airflow/.local/lib/python3.9/site-packages/airflow/example_dags/example_skip_dag.py
[2025-02-04T16:26:01.458+0000] {logging_mixin.py:190} INFO - [2025-02-04T16:26:01.458+0000] {dag.py:3239} INFO - Sync 1 DAGs
[2025-02-04T16:26:01.479+0000] {logging_mixin.py:190} INFO - [2025-02-04T16:26:01.479+0000] {dag.py:4180} INFO - Setting next_dagrun for example_skip_dag to 2025-02-03 00:00:00+00:00, run_after=2025-02-04 00:00:00+00:00
[2025-02-04T16:26:01.504+0000] {processor.py:208} INFO - Processing /home/airflow/.local/lib/python3.9/site-packages/airflow/example_dags/example_skip_dag.py took 0.089 seconds
[2025-02-04T16:26:31.697+0000] {processor.py:186} INFO - Started process (PID=541) to work on /home/airflow/.local/lib/python3.9/site-packages/airflow/example_dags/example_skip_dag.py
[2025-02-04T16:26:31.698+0000] {processor.py:914} INFO - Processing file /home/airflow/.local/lib/python3.9/site-packages/airflow/example_dags/example_skip_dag.py for tasks to queue
[2025-02-04T16:26:31.701+0000] {logging_mixin.py:190} INFO - [2025-02-04T16:26:31.701+0000] {dagbag.py:588} INFO - Filling up the DagBag from /home/airflow/.local/lib/python3.9/site-packages/airflow/example_dags/example_skip_dag.py
[2025-02-04T16:26:31.710+0000] {processor.py:925} INFO - DAG(s) 'example_skip_dag' retrieved from /home/airflow/.local/lib/python3.9/site-packages/airflow/example_dags/example_skip_dag.py
[2025-02-04T16:26:31.733+0000] {logging_mixin.py:190} INFO - [2025-02-04T16:26:31.733+0000] {dag.py:3239} INFO - Sync 1 DAGs
[2025-02-04T16:26:31.755+0000] {logging_mixin.py:190} INFO - [2025-02-04T16:26:31.755+0000] {dag.py:4180} INFO - Setting next_dagrun for example_skip_dag to 2025-02-03 00:00:00+00:00, run_after=2025-02-04 00:00:00+00:00
[2025-02-04T16:26:31.781+0000] {processor.py:208} INFO - Processing /home/airflow/.local/lib/python3.9/site-packages/airflow/example_dags/example_skip_dag.py took 0.090 seconds
[2025-02-04T16:27:02.695+0000] {processor.py:186} INFO - Started process (PID=612) to work on /home/airflow/.local/lib/python3.9/site-packages/airflow/example_dags/example_skip_dag.py
[2025-02-04T16:27:02.697+0000] {processor.py:914} INFO - Processing file /home/airflow/.local/lib/python3.9/site-packages/airflow/example_dags/example_skip_dag.py for tasks to queue
[2025-02-04T16:27:02.700+0000] {logging_mixin.py:190} INFO - [2025-02-04T16:27:02.699+0000] {dagbag.py:588} INFO - Filling up the DagBag from /home/airflow/.local/lib/python3.9/site-packages/airflow/example_dags/example_skip_dag.py
[2025-02-04T16:27:02.708+0000] {processor.py:925} INFO - DAG(s) 'example_skip_dag' retrieved from /home/airflow/.local/lib/python3.9/site-packages/airflow/example_dags/example_skip_dag.py
[2025-02-04T16:27:02.735+0000] {logging_mixin.py:190} INFO - [2025-02-04T16:27:02.735+0000] {dag.py:3239} INFO - Sync 1 DAGs
[2025-02-04T16:27:02.759+0000] {logging_mixin.py:190} INFO - [2025-02-04T16:27:02.758+0000] {dag.py:4180} INFO - Setting next_dagrun for example_skip_dag to 2025-02-03 00:00:00+00:00, run_after=2025-02-04 00:00:00+00:00
[2025-02-04T16:27:02.787+0000] {processor.py:208} INFO - Processing /home/airflow/.local/lib/python3.9/site-packages/airflow/example_dags/example_skip_dag.py took 0.098 seconds
[2025-02-04T16:27:33.584+0000] {processor.py:186} INFO - Started process (PID=676) to work on /home/airflow/.local/lib/python3.9/site-packages/airflow/example_dags/example_skip_dag.py
[2025-02-04T16:27:33.586+0000] {processor.py:914} INFO - Processing file /home/airflow/.local/lib/python3.9/site-packages/airflow/example_dags/example_skip_dag.py for tasks to queue
[2025-02-04T16:27:33.590+0000] {logging_mixin.py:190} INFO - [2025-02-04T16:27:33.589+0000] {dagbag.py:588} INFO - Filling up the DagBag from /home/airflow/.local/lib/python3.9/site-packages/airflow/example_dags/example_skip_dag.py
[2025-02-04T16:27:33.599+0000] {processor.py:925} INFO - DAG(s) 'example_skip_dag' retrieved from /home/airflow/.local/lib/python3.9/site-packages/airflow/example_dags/example_skip_dag.py
[2025-02-04T16:27:33.625+0000] {logging_mixin.py:190} INFO - [2025-02-04T16:27:33.625+0000] {dag.py:3239} INFO - Sync 1 DAGs
[2025-02-04T16:27:33.647+0000] {logging_mixin.py:190} INFO - [2025-02-04T16:27:33.647+0000] {dag.py:4180} INFO - Setting next_dagrun for example_skip_dag to 2025-02-03 00:00:00+00:00, run_after=2025-02-04 00:00:00+00:00
[2025-02-04T16:27:33.674+0000] {processor.py:208} INFO - Processing /home/airflow/.local/lib/python3.9/site-packages/airflow/example_dags/example_skip_dag.py took 0.098 seconds
[2025-02-04T16:28:04.460+0000] {processor.py:186} INFO - Started process (PID=740) to work on /home/airflow/.local/lib/python3.9/site-packages/airflow/example_dags/example_skip_dag.py
[2025-02-04T16:28:04.462+0000] {processor.py:914} INFO - Processing file /home/airflow/.local/lib/python3.9/site-packages/airflow/example_dags/example_skip_dag.py for tasks to queue
[2025-02-04T16:28:04.465+0000] {logging_mixin.py:190} INFO - [2025-02-04T16:28:04.464+0000] {dagbag.py:588} INFO - Filling up the DagBag from /home/airflow/.local/lib/python3.9/site-packages/airflow/example_dags/example_skip_dag.py
[2025-02-04T16:28:04.475+0000] {processor.py:925} INFO - DAG(s) 'example_skip_dag' retrieved from /home/airflow/.local/lib/python3.9/site-packages/airflow/example_dags/example_skip_dag.py
[2025-02-04T16:28:04.507+0000] {logging_mixin.py:190} INFO - [2025-02-04T16:28:04.507+0000] {dag.py:3239} INFO - Sync 1 DAGs
[2025-02-04T16:28:04.542+0000] {logging_mixin.py:190} INFO - [2025-02-04T16:28:04.542+0000] {dag.py:4180} INFO - Setting next_dagrun for example_skip_dag to 2025-02-03 00:00:00+00:00, run_after=2025-02-04 00:00:00+00:00
[2025-02-04T16:28:04.569+0000] {processor.py:208} INFO - Processing /home/airflow/.local/lib/python3.9/site-packages/airflow/example_dags/example_skip_dag.py took 0.118 seconds
[2025-02-04T16:28:34.979+0000] {processor.py:186} INFO - Started process (PID=804) to work on /home/airflow/.local/lib/python3.9/site-packages/airflow/example_dags/example_skip_dag.py
[2025-02-04T16:28:34.980+0000] {processor.py:914} INFO - Processing file /home/airflow/.local/lib/python3.9/site-packages/airflow/example_dags/example_skip_dag.py for tasks to queue
[2025-02-04T16:28:34.982+0000] {logging_mixin.py:190} INFO - [2025-02-04T16:28:34.982+0000] {dagbag.py:588} INFO - Filling up the DagBag from /home/airflow/.local/lib/python3.9/site-packages/airflow/example_dags/example_skip_dag.py
[2025-02-04T16:28:34.990+0000] {processor.py:925} INFO - DAG(s) 'example_skip_dag' retrieved from /home/airflow/.local/lib/python3.9/site-packages/airflow/example_dags/example_skip_dag.py
[2025-02-04T16:28:35.015+0000] {logging_mixin.py:190} INFO - [2025-02-04T16:28:35.014+0000] {dag.py:3239} INFO - Sync 1 DAGs
[2025-02-04T16:28:35.038+0000] {logging_mixin.py:190} INFO - [2025-02-04T16:28:35.038+0000] {dag.py:4180} INFO - Setting next_dagrun for example_skip_dag to 2025-02-03 00:00:00+00:00, run_after=2025-02-04 00:00:00+00:00
[2025-02-04T16:28:35.065+0000] {processor.py:208} INFO - Processing /home/airflow/.local/lib/python3.9/site-packages/airflow/example_dags/example_skip_dag.py took 0.093 seconds
[2025-02-04T16:29:05.468+0000] {processor.py:186} INFO - Started process (PID=868) to work on /home/airflow/.local/lib/python3.9/site-packages/airflow/example_dags/example_skip_dag.py
[2025-02-04T16:29:05.470+0000] {processor.py:914} INFO - Processing file /home/airflow/.local/lib/python3.9/site-packages/airflow/example_dags/example_skip_dag.py for tasks to queue
[2025-02-04T16:29:05.473+0000] {logging_mixin.py:190} INFO - [2025-02-04T16:29:05.473+0000] {dagbag.py:588} INFO - Filling up the DagBag from /home/airflow/.local/lib/python3.9/site-packages/airflow/example_dags/example_skip_dag.py
[2025-02-04T16:29:05.481+0000] {processor.py:925} INFO - DAG(s) 'example_skip_dag' retrieved from /home/airflow/.local/lib/python3.9/site-packages/airflow/example_dags/example_skip_dag.py
[2025-02-04T16:29:05.507+0000] {logging_mixin.py:190} INFO - [2025-02-04T16:29:05.507+0000] {dag.py:3239} INFO - Sync 1 DAGs
[2025-02-04T16:29:05.531+0000] {logging_mixin.py:190} INFO - [2025-02-04T16:29:05.531+0000] {dag.py:4180} INFO - Setting next_dagrun for example_skip_dag to 2025-02-03 00:00:00+00:00, run_after=2025-02-04 00:00:00+00:00
[2025-02-04T16:29:05.558+0000] {processor.py:208} INFO - Processing /home/airflow/.local/lib/python3.9/site-packages/airflow/example_dags/example_skip_dag.py took 0.097 seconds
[2025-02-04T16:29:35.935+0000] {processor.py:186} INFO - Started process (PID=932) to work on /home/airflow/.local/lib/python3.9/site-packages/airflow/example_dags/example_skip_dag.py
[2025-02-04T16:29:35.936+0000] {processor.py:914} INFO - Processing file /home/airflow/.local/lib/python3.9/site-packages/airflow/example_dags/example_skip_dag.py for tasks to queue
[2025-02-04T16:29:35.939+0000] {logging_mixin.py:190} INFO - [2025-02-04T16:29:35.939+0000] {dagbag.py:588} INFO - Filling up the DagBag from /home/airflow/.local/lib/python3.9/site-packages/airflow/example_dags/example_skip_dag.py
[2025-02-04T16:29:35.947+0000] {processor.py:925} INFO - DAG(s) 'example_skip_dag' retrieved from /home/airflow/.local/lib/python3.9/site-packages/airflow/example_dags/example_skip_dag.py
[2025-02-04T16:29:35.972+0000] {logging_mixin.py:190} INFO - [2025-02-04T16:29:35.972+0000] {dag.py:3239} INFO - Sync 1 DAGs
[2025-02-04T16:29:36.001+0000] {logging_mixin.py:190} INFO - [2025-02-04T16:29:36.000+0000] {dag.py:4180} INFO - Setting next_dagrun for example_skip_dag to 2025-02-03 00:00:00+00:00, run_after=2025-02-04 00:00:00+00:00
[2025-02-04T16:29:36.032+0000] {processor.py:208} INFO - Processing /home/airflow/.local/lib/python3.9/site-packages/airflow/example_dags/example_skip_dag.py took 0.105 seconds
[2025-02-04T16:30:06.254+0000] {processor.py:186} INFO - Started process (PID=996) to work on /home/airflow/.local/lib/python3.9/site-packages/airflow/example_dags/example_skip_dag.py
[2025-02-04T16:30:06.255+0000] {processor.py:914} INFO - Processing file /home/airflow/.local/lib/python3.9/site-packages/airflow/example_dags/example_skip_dag.py for tasks to queue
[2025-02-04T16:30:06.259+0000] {logging_mixin.py:190} INFO - [2025-02-04T16:30:06.258+0000] {dagbag.py:588} INFO - Filling up the DagBag from /home/airflow/.local/lib/python3.9/site-packages/airflow/example_dags/example_skip_dag.py
[2025-02-04T16:30:06.267+0000] {processor.py:925} INFO - DAG(s) 'example_skip_dag' retrieved from /home/airflow/.local/lib/python3.9/site-packages/airflow/example_dags/example_skip_dag.py
[2025-02-04T16:30:06.292+0000] {logging_mixin.py:190} INFO - [2025-02-04T16:30:06.292+0000] {dag.py:3239} INFO - Sync 1 DAGs
[2025-02-04T16:30:06.324+0000] {logging_mixin.py:190} INFO - [2025-02-04T16:30:06.324+0000] {dag.py:4180} INFO - Setting next_dagrun for example_skip_dag to 2025-02-03 00:00:00+00:00, run_after=2025-02-04 00:00:00+00:00
[2025-02-04T16:30:06.355+0000] {processor.py:208} INFO - Processing /home/airflow/.local/lib/python3.9/site-packages/airflow/example_dags/example_skip_dag.py took 0.107 seconds
[2025-02-04T16:30:37.264+0000] {processor.py:186} INFO - Started process (PID=1060) to work on /home/airflow/.local/lib/python3.9/site-packages/airflow/example_dags/example_skip_dag.py
[2025-02-04T16:30:37.265+0000] {processor.py:914} INFO - Processing file /home/airflow/.local/lib/python3.9/site-packages/airflow/example_dags/example_skip_dag.py for tasks to queue
[2025-02-04T16:30:37.269+0000] {logging_mixin.py:190} INFO - [2025-02-04T16:30:37.269+0000] {dagbag.py:588} INFO - Filling up the DagBag from /home/airflow/.local/lib/python3.9/site-packages/airflow/example_dags/example_skip_dag.py
[2025-02-04T16:30:37.277+0000] {processor.py:925} INFO - DAG(s) 'example_skip_dag' retrieved from /home/airflow/.local/lib/python3.9/site-packages/airflow/example_dags/example_skip_dag.py
[2025-02-04T16:30:37.302+0000] {logging_mixin.py:190} INFO - [2025-02-04T16:30:37.301+0000] {dag.py:3239} INFO - Sync 1 DAGs
[2025-02-04T16:30:37.326+0000] {logging_mixin.py:190} INFO - [2025-02-04T16:30:37.326+0000] {dag.py:4180} INFO - Setting next_dagrun for example_skip_dag to 2025-02-03 00:00:00+00:00, run_after=2025-02-04 00:00:00+00:00
[2025-02-04T16:30:37.358+0000] {processor.py:208} INFO - Processing /home/airflow/.local/lib/python3.9/site-packages/airflow/example_dags/example_skip_dag.py took 0.102 seconds
[2025-02-04T16:31:07.821+0000] {processor.py:186} INFO - Started process (PID=1124) to work on /home/airflow/.local/lib/python3.9/site-packages/airflow/example_dags/example_skip_dag.py
[2025-02-04T16:31:07.823+0000] {processor.py:914} INFO - Processing file /home/airflow/.local/lib/python3.9/site-packages/airflow/example_dags/example_skip_dag.py for tasks to queue
[2025-02-04T16:31:07.828+0000] {logging_mixin.py:190} INFO - [2025-02-04T16:31:07.827+0000] {dagbag.py:588} INFO - Filling up the DagBag from /home/airflow/.local/lib/python3.9/site-packages/airflow/example_dags/example_skip_dag.py
[2025-02-04T16:31:07.840+0000] {processor.py:925} INFO - DAG(s) 'example_skip_dag' retrieved from /home/airflow/.local/lib/python3.9/site-packages/airflow/example_dags/example_skip_dag.py
[2025-02-04T16:31:07.866+0000] {logging_mixin.py:190} INFO - [2025-02-04T16:31:07.865+0000] {dag.py:3239} INFO - Sync 1 DAGs
[2025-02-04T16:31:07.891+0000] {logging_mixin.py:190} INFO - [2025-02-04T16:31:07.891+0000] {dag.py:4180} INFO - Setting next_dagrun for example_skip_dag to 2025-02-03 00:00:00+00:00, run_after=2025-02-04 00:00:00+00:00
[2025-02-04T16:31:07.929+0000] {processor.py:208} INFO - Processing /home/airflow/.local/lib/python3.9/site-packages/airflow/example_dags/example_skip_dag.py took 0.118 seconds
[2025-02-04T16:31:38.079+0000] {processor.py:186} INFO - Started process (PID=1188) to work on /home/airflow/.local/lib/python3.9/site-packages/airflow/example_dags/example_skip_dag.py
[2025-02-04T16:31:38.081+0000] {processor.py:914} INFO - Processing file /home/airflow/.local/lib/python3.9/site-packages/airflow/example_dags/example_skip_dag.py for tasks to queue
[2025-02-04T16:31:38.084+0000] {logging_mixin.py:190} INFO - [2025-02-04T16:31:38.084+0000] {dagbag.py:588} INFO - Filling up the DagBag from /home/airflow/.local/lib/python3.9/site-packages/airflow/example_dags/example_skip_dag.py
[2025-02-04T16:31:38.093+0000] {processor.py:925} INFO - DAG(s) 'example_skip_dag' retrieved from /home/airflow/.local/lib/python3.9/site-packages/airflow/example_dags/example_skip_dag.py
[2025-02-04T16:31:38.117+0000] {logging_mixin.py:190} INFO - [2025-02-04T16:31:38.117+0000] {dag.py:3239} INFO - Sync 1 DAGs
[2025-02-04T16:31:38.141+0000] {logging_mixin.py:190} INFO - [2025-02-04T16:31:38.141+0000] {dag.py:4180} INFO - Setting next_dagrun for example_skip_dag to 2025-02-03 00:00:00+00:00, run_after=2025-02-04 00:00:00+00:00
[2025-02-04T16:31:38.170+0000] {processor.py:208} INFO - Processing /home/airflow/.local/lib/python3.9/site-packages/airflow/example_dags/example_skip_dag.py took 0.097 seconds
[2025-02-04T16:32:08.348+0000] {processor.py:186} INFO - Started process (PID=1252) to work on /home/airflow/.local/lib/python3.9/site-packages/airflow/example_dags/example_skip_dag.py
[2025-02-04T16:32:08.349+0000] {processor.py:914} INFO - Processing file /home/airflow/.local/lib/python3.9/site-packages/airflow/example_dags/example_skip_dag.py for tasks to queue
[2025-02-04T16:32:08.353+0000] {logging_mixin.py:190} INFO - [2025-02-04T16:32:08.353+0000] {dagbag.py:588} INFO - Filling up the DagBag from /home/airflow/.local/lib/python3.9/site-packages/airflow/example_dags/example_skip_dag.py
[2025-02-04T16:32:08.362+0000] {processor.py:925} INFO - DAG(s) 'example_skip_dag' retrieved from /home/airflow/.local/lib/python3.9/site-packages/airflow/example_dags/example_skip_dag.py
[2025-02-04T16:32:08.388+0000] {logging_mixin.py:190} INFO - [2025-02-04T16:32:08.387+0000] {dag.py:3239} INFO - Sync 1 DAGs
[2025-02-04T16:32:08.412+0000] {logging_mixin.py:190} INFO - [2025-02-04T16:32:08.411+0000] {dag.py:4180} INFO - Setting next_dagrun for example_skip_dag to 2025-02-03 00:00:00+00:00, run_after=2025-02-04 00:00:00+00:00
[2025-02-04T16:32:08.441+0000] {processor.py:208} INFO - Processing /home/airflow/.local/lib/python3.9/site-packages/airflow/example_dags/example_skip_dag.py took 0.100 seconds
[2025-02-04T16:32:39.402+0000] {processor.py:186} INFO - Started process (PID=1323) to work on /home/airflow/.local/lib/python3.9/site-packages/airflow/example_dags/example_skip_dag.py
[2025-02-04T16:32:39.403+0000] {processor.py:914} INFO - Processing file /home/airflow/.local/lib/python3.9/site-packages/airflow/example_dags/example_skip_dag.py for tasks to queue
[2025-02-04T16:32:39.406+0000] {logging_mixin.py:190} INFO - [2025-02-04T16:32:39.406+0000] {dagbag.py:588} INFO - Filling up the DagBag from /home/airflow/.local/lib/python3.9/site-packages/airflow/example_dags/example_skip_dag.py
[2025-02-04T16:32:39.415+0000] {processor.py:925} INFO - DAG(s) 'example_skip_dag' retrieved from /home/airflow/.local/lib/python3.9/site-packages/airflow/example_dags/example_skip_dag.py
[2025-02-04T16:32:39.439+0000] {logging_mixin.py:190} INFO - [2025-02-04T16:32:39.439+0000] {dag.py:3239} INFO - Sync 1 DAGs
[2025-02-04T16:32:39.463+0000] {logging_mixin.py:190} INFO - [2025-02-04T16:32:39.463+0000] {dag.py:4180} INFO - Setting next_dagrun for example_skip_dag to 2025-02-03 00:00:00+00:00, run_after=2025-02-04 00:00:00+00:00
[2025-02-04T16:32:39.494+0000] {processor.py:208} INFO - Processing /home/airflow/.local/lib/python3.9/site-packages/airflow/example_dags/example_skip_dag.py took 0.098 seconds
[2025-02-04T16:33:09.562+0000] {processor.py:186} INFO - Started process (PID=1388) to work on /home/airflow/.local/lib/python3.9/site-packages/airflow/example_dags/example_skip_dag.py
[2025-02-04T16:33:09.564+0000] {processor.py:914} INFO - Processing file /home/airflow/.local/lib/python3.9/site-packages/airflow/example_dags/example_skip_dag.py for tasks to queue
[2025-02-04T16:33:09.567+0000] {logging_mixin.py:190} INFO - [2025-02-04T16:33:09.566+0000] {dagbag.py:588} INFO - Filling up the DagBag from /home/airflow/.local/lib/python3.9/site-packages/airflow/example_dags/example_skip_dag.py
[2025-02-04T16:33:09.575+0000] {processor.py:925} INFO - DAG(s) 'example_skip_dag' retrieved from /home/airflow/.local/lib/python3.9/site-packages/airflow/example_dags/example_skip_dag.py
[2025-02-04T16:33:09.601+0000] {logging_mixin.py:190} INFO - [2025-02-04T16:33:09.601+0000] {dag.py:3239} INFO - Sync 1 DAGs
[2025-02-04T16:33:09.629+0000] {logging_mixin.py:190} INFO - [2025-02-04T16:33:09.629+0000] {dag.py:4180} INFO - Setting next_dagrun for example_skip_dag to 2025-02-03 00:00:00+00:00, run_after=2025-02-04 00:00:00+00:00
[2025-02-04T16:33:09.660+0000] {processor.py:208} INFO - Processing /home/airflow/.local/lib/python3.9/site-packages/airflow/example_dags/example_skip_dag.py took 0.105 seconds
[2025-02-04T16:33:40.073+0000] {processor.py:186} INFO - Started process (PID=1452) to work on /home/airflow/.local/lib/python3.9/site-packages/airflow/example_dags/example_skip_dag.py
[2025-02-04T16:33:40.074+0000] {processor.py:914} INFO - Processing file /home/airflow/.local/lib/python3.9/site-packages/airflow/example_dags/example_skip_dag.py for tasks to queue
[2025-02-04T16:33:40.077+0000] {logging_mixin.py:190} INFO - [2025-02-04T16:33:40.077+0000] {dagbag.py:588} INFO - Filling up the DagBag from /home/airflow/.local/lib/python3.9/site-packages/airflow/example_dags/example_skip_dag.py
[2025-02-04T16:33:40.086+0000] {processor.py:925} INFO - DAG(s) 'example_skip_dag' retrieved from /home/airflow/.local/lib/python3.9/site-packages/airflow/example_dags/example_skip_dag.py
[2025-02-04T16:33:40.109+0000] {logging_mixin.py:190} INFO - [2025-02-04T16:33:40.108+0000] {dag.py:3239} INFO - Sync 1 DAGs
[2025-02-04T16:33:40.841+0000] {logging_mixin.py:190} INFO - [2025-02-04T16:33:40.841+0000] {dag.py:4180} INFO - Setting next_dagrun for example_skip_dag to 2025-02-03 00:00:00+00:00, run_after=2025-02-04 00:00:00+00:00
[2025-02-04T16:33:39.242+0000] {processor.py:208} INFO - Processing /home/airflow/.local/lib/python3.9/site-packages/airflow/example_dags/example_skip_dag.py took 1.214 seconds
[2025-02-04T16:34:10.415+0000] {processor.py:186} INFO - Started process (PID=1516) to work on /home/airflow/.local/lib/python3.9/site-packages/airflow/example_dags/example_skip_dag.py
[2025-02-04T16:34:10.416+0000] {processor.py:914} INFO - Processing file /home/airflow/.local/lib/python3.9/site-packages/airflow/example_dags/example_skip_dag.py for tasks to queue
[2025-02-04T16:34:10.419+0000] {logging_mixin.py:190} INFO - [2025-02-04T16:34:10.419+0000] {dagbag.py:588} INFO - Filling up the DagBag from /home/airflow/.local/lib/python3.9/site-packages/airflow/example_dags/example_skip_dag.py
[2025-02-04T16:34:10.427+0000] {processor.py:925} INFO - DAG(s) 'example_skip_dag' retrieved from /home/airflow/.local/lib/python3.9/site-packages/airflow/example_dags/example_skip_dag.py
[2025-02-04T16:34:10.451+0000] {logging_mixin.py:190} INFO - [2025-02-04T16:34:10.451+0000] {dag.py:3239} INFO - Sync 1 DAGs
[2025-02-04T16:34:10.474+0000] {logging_mixin.py:190} INFO - [2025-02-04T16:34:10.474+0000] {dag.py:4180} INFO - Setting next_dagrun for example_skip_dag to 2025-02-03 00:00:00+00:00, run_after=2025-02-04 00:00:00+00:00
[2025-02-04T16:34:10.501+0000] {processor.py:208} INFO - Processing /home/airflow/.local/lib/python3.9/site-packages/airflow/example_dags/example_skip_dag.py took 0.094 seconds
[2025-02-04T16:34:41.541+0000] {processor.py:186} INFO - Started process (PID=1570) to work on /home/airflow/.local/lib/python3.9/site-packages/airflow/example_dags/example_skip_dag.py
[2025-02-04T16:34:41.542+0000] {processor.py:914} INFO - Processing file /home/airflow/.local/lib/python3.9/site-packages/airflow/example_dags/example_skip_dag.py for tasks to queue
[2025-02-04T16:34:41.544+0000] {logging_mixin.py:190} INFO - [2025-02-04T16:34:41.544+0000] {dagbag.py:588} INFO - Filling up the DagBag from /home/airflow/.local/lib/python3.9/site-packages/airflow/example_dags/example_skip_dag.py
[2025-02-04T16:34:41.552+0000] {processor.py:925} INFO - DAG(s) 'example_skip_dag' retrieved from /home/airflow/.local/lib/python3.9/site-packages/airflow/example_dags/example_skip_dag.py
[2025-02-04T16:34:41.576+0000] {logging_mixin.py:190} INFO - [2025-02-04T16:34:41.576+0000] {dag.py:3239} INFO - Sync 1 DAGs
[2025-02-04T16:34:41.616+0000] {logging_mixin.py:190} INFO - [2025-02-04T16:34:41.616+0000] {dag.py:4180} INFO - Setting next_dagrun for example_skip_dag to 2025-02-03 00:00:00+00:00, run_after=2025-02-04 00:00:00+00:00
[2025-02-04T16:34:41.651+0000] {processor.py:208} INFO - Processing /home/airflow/.local/lib/python3.9/site-packages/airflow/example_dags/example_skip_dag.py took 0.117 seconds
[2025-02-04T16:35:12.107+0000] {processor.py:186} INFO - Started process (PID=1634) to work on /home/airflow/.local/lib/python3.9/site-packages/airflow/example_dags/example_skip_dag.py
[2025-02-04T16:35:12.108+0000] {processor.py:914} INFO - Processing file /home/airflow/.local/lib/python3.9/site-packages/airflow/example_dags/example_skip_dag.py for tasks to queue
[2025-02-04T16:35:12.111+0000] {logging_mixin.py:190} INFO - [2025-02-04T16:35:12.111+0000] {dagbag.py:588} INFO - Filling up the DagBag from /home/airflow/.local/lib/python3.9/site-packages/airflow/example_dags/example_skip_dag.py
[2025-02-04T16:35:12.120+0000] {processor.py:925} INFO - DAG(s) 'example_skip_dag' retrieved from /home/airflow/.local/lib/python3.9/site-packages/airflow/example_dags/example_skip_dag.py
[2025-02-04T16:35:12.144+0000] {logging_mixin.py:190} INFO - [2025-02-04T16:35:12.143+0000] {dag.py:3239} INFO - Sync 1 DAGs
[2025-02-04T16:35:12.169+0000] {logging_mixin.py:190} INFO - [2025-02-04T16:35:12.169+0000] {dag.py:4180} INFO - Setting next_dagrun for example_skip_dag to 2025-02-03 00:00:00+00:00, run_after=2025-02-04 00:00:00+00:00
[2025-02-04T16:35:12.196+0000] {processor.py:208} INFO - Processing /home/airflow/.local/lib/python3.9/site-packages/airflow/example_dags/example_skip_dag.py took 0.096 seconds
[2025-02-04T16:35:43.339+0000] {processor.py:186} INFO - Started process (PID=1698) to work on /home/airflow/.local/lib/python3.9/site-packages/airflow/example_dags/example_skip_dag.py
[2025-02-04T16:35:43.340+0000] {processor.py:914} INFO - Processing file /home/airflow/.local/lib/python3.9/site-packages/airflow/example_dags/example_skip_dag.py for tasks to queue
[2025-02-04T16:35:43.343+0000] {logging_mixin.py:190} INFO - [2025-02-04T16:35:43.343+0000] {dagbag.py:588} INFO - Filling up the DagBag from /home/airflow/.local/lib/python3.9/site-packages/airflow/example_dags/example_skip_dag.py
[2025-02-04T16:35:43.352+0000] {processor.py:925} INFO - DAG(s) 'example_skip_dag' retrieved from /home/airflow/.local/lib/python3.9/site-packages/airflow/example_dags/example_skip_dag.py
[2025-02-04T16:35:43.376+0000] {logging_mixin.py:190} INFO - [2025-02-04T16:35:43.375+0000] {dag.py:3239} INFO - Sync 1 DAGs
[2025-02-04T16:35:43.398+0000] {logging_mixin.py:190} INFO - [2025-02-04T16:35:43.398+0000] {dag.py:4180} INFO - Setting next_dagrun for example_skip_dag to 2025-02-03 00:00:00+00:00, run_after=2025-02-04 00:00:00+00:00
[2025-02-04T16:35:43.424+0000] {processor.py:208} INFO - Processing /home/airflow/.local/lib/python3.9/site-packages/airflow/example_dags/example_skip_dag.py took 0.092 seconds
[2025-02-04T16:36:14.353+0000] {processor.py:186} INFO - Started process (PID=1763) to work on /home/airflow/.local/lib/python3.9/site-packages/airflow/example_dags/example_skip_dag.py
[2025-02-04T16:36:14.354+0000] {processor.py:914} INFO - Processing file /home/airflow/.local/lib/python3.9/site-packages/airflow/example_dags/example_skip_dag.py for tasks to queue
[2025-02-04T16:36:14.357+0000] {logging_mixin.py:190} INFO - [2025-02-04T16:36:14.357+0000] {dagbag.py:588} INFO - Filling up the DagBag from /home/airflow/.local/lib/python3.9/site-packages/airflow/example_dags/example_skip_dag.py
[2025-02-04T16:36:14.366+0000] {processor.py:925} INFO - DAG(s) 'example_skip_dag' retrieved from /home/airflow/.local/lib/python3.9/site-packages/airflow/example_dags/example_skip_dag.py
[2025-02-04T16:36:14.393+0000] {logging_mixin.py:190} INFO - [2025-02-04T16:36:14.392+0000] {dag.py:3239} INFO - Sync 1 DAGs
[2025-02-04T16:36:14.417+0000] {logging_mixin.py:190} INFO - [2025-02-04T16:36:14.417+0000] {dag.py:4180} INFO - Setting next_dagrun for example_skip_dag to 2025-02-03 00:00:00+00:00, run_after=2025-02-04 00:00:00+00:00
[2025-02-04T16:36:14.445+0000] {processor.py:208} INFO - Processing /home/airflow/.local/lib/python3.9/site-packages/airflow/example_dags/example_skip_dag.py took 0.099 seconds
[2025-02-04T16:36:45.181+0000] {processor.py:186} INFO - Started process (PID=1827) to work on /home/airflow/.local/lib/python3.9/site-packages/airflow/example_dags/example_skip_dag.py
[2025-02-04T16:36:45.182+0000] {processor.py:914} INFO - Processing file /home/airflow/.local/lib/python3.9/site-packages/airflow/example_dags/example_skip_dag.py for tasks to queue
[2025-02-04T16:36:45.185+0000] {logging_mixin.py:190} INFO - [2025-02-04T16:36:45.185+0000] {dagbag.py:588} INFO - Filling up the DagBag from /home/airflow/.local/lib/python3.9/site-packages/airflow/example_dags/example_skip_dag.py
[2025-02-04T16:36:45.194+0000] {processor.py:925} INFO - DAG(s) 'example_skip_dag' retrieved from /home/airflow/.local/lib/python3.9/site-packages/airflow/example_dags/example_skip_dag.py
[2025-02-04T16:36:45.219+0000] {logging_mixin.py:190} INFO - [2025-02-04T16:36:45.218+0000] {dag.py:3239} INFO - Sync 1 DAGs
[2025-02-04T16:36:45.243+0000] {logging_mixin.py:190} INFO - [2025-02-04T16:36:45.242+0000] {dag.py:4180} INFO - Setting next_dagrun for example_skip_dag to 2025-02-03 00:00:00+00:00, run_after=2025-02-04 00:00:00+00:00
[2025-02-04T16:36:45.268+0000] {processor.py:208} INFO - Processing /home/airflow/.local/lib/python3.9/site-packages/airflow/example_dags/example_skip_dag.py took 0.095 seconds
[2025-02-04T16:39:23.659+0000] {processor.py:186} INFO - Started process (PID=1890) to work on /home/airflow/.local/lib/python3.9/site-packages/airflow/example_dags/example_skip_dag.py
[2025-02-04T16:39:23.661+0000] {processor.py:914} INFO - Processing file /home/airflow/.local/lib/python3.9/site-packages/airflow/example_dags/example_skip_dag.py for tasks to queue
[2025-02-04T16:39:23.662+0000] {logging_mixin.py:190} INFO - [2025-02-04T16:39:23.662+0000] {dagbag.py:588} INFO - Filling up the DagBag from /home/airflow/.local/lib/python3.9/site-packages/airflow/example_dags/example_skip_dag.py
[2025-02-04T16:39:23.672+0000] {processor.py:925} INFO - DAG(s) 'example_skip_dag' retrieved from /home/airflow/.local/lib/python3.9/site-packages/airflow/example_dags/example_skip_dag.py
[2025-02-04T16:39:23.698+0000] {logging_mixin.py:190} INFO - [2025-02-04T16:39:23.697+0000] {dag.py:3239} INFO - Sync 1 DAGs
[2025-02-04T16:39:23.725+0000] {logging_mixin.py:190} INFO - [2025-02-04T16:39:23.724+0000] {dag.py:4180} INFO - Setting next_dagrun for example_skip_dag to 2025-02-03 00:00:00+00:00, run_after=2025-02-04 00:00:00+00:00
[2025-02-04T16:39:23.765+0000] {processor.py:208} INFO - Processing /home/airflow/.local/lib/python3.9/site-packages/airflow/example_dags/example_skip_dag.py took 0.112 seconds
[2025-02-04T16:39:53.907+0000] {processor.py:186} INFO - Started process (PID=1954) to work on /home/airflow/.local/lib/python3.9/site-packages/airflow/example_dags/example_skip_dag.py
[2025-02-04T16:39:53.909+0000] {processor.py:914} INFO - Processing file /home/airflow/.local/lib/python3.9/site-packages/airflow/example_dags/example_skip_dag.py for tasks to queue
[2025-02-04T16:39:53.911+0000] {logging_mixin.py:190} INFO - [2025-02-04T16:39:53.910+0000] {dagbag.py:588} INFO - Filling up the DagBag from /home/airflow/.local/lib/python3.9/site-packages/airflow/example_dags/example_skip_dag.py
[2025-02-04T16:39:53.921+0000] {processor.py:925} INFO - DAG(s) 'example_skip_dag' retrieved from /home/airflow/.local/lib/python3.9/site-packages/airflow/example_dags/example_skip_dag.py
[2025-02-04T16:39:53.943+0000] {logging_mixin.py:190} INFO - [2025-02-04T16:39:53.943+0000] {dag.py:3239} INFO - Sync 1 DAGs
[2025-02-04T16:39:53.966+0000] {logging_mixin.py:190} INFO - [2025-02-04T16:39:53.966+0000] {dag.py:4180} INFO - Setting next_dagrun for example_skip_dag to 2025-02-03 00:00:00+00:00, run_after=2025-02-04 00:00:00+00:00
[2025-02-04T16:39:53.991+0000] {processor.py:208} INFO - Processing /home/airflow/.local/lib/python3.9/site-packages/airflow/example_dags/example_skip_dag.py took 0.090 seconds
[2025-02-04T16:40:25.048+0000] {processor.py:186} INFO - Started process (PID=2018) to work on /home/airflow/.local/lib/python3.9/site-packages/airflow/example_dags/example_skip_dag.py
[2025-02-04T16:40:25.049+0000] {processor.py:914} INFO - Processing file /home/airflow/.local/lib/python3.9/site-packages/airflow/example_dags/example_skip_dag.py for tasks to queue
[2025-02-04T16:40:25.051+0000] {logging_mixin.py:190} INFO - [2025-02-04T16:40:25.051+0000] {dagbag.py:588} INFO - Filling up the DagBag from /home/airflow/.local/lib/python3.9/site-packages/airflow/example_dags/example_skip_dag.py
[2025-02-04T16:40:25.061+0000] {processor.py:925} INFO - DAG(s) 'example_skip_dag' retrieved from /home/airflow/.local/lib/python3.9/site-packages/airflow/example_dags/example_skip_dag.py
[2025-02-04T16:40:25.100+0000] {logging_mixin.py:190} INFO - [2025-02-04T16:40:25.099+0000] {dag.py:3239} INFO - Sync 1 DAGs
[2025-02-04T16:40:25.137+0000] {logging_mixin.py:190} INFO - [2025-02-04T16:40:25.137+0000] {dag.py:4180} INFO - Setting next_dagrun for example_skip_dag to 2025-02-03 00:00:00+00:00, run_after=2025-02-04 00:00:00+00:00
[2025-02-04T16:40:25.169+0000] {processor.py:208} INFO - Processing /home/airflow/.local/lib/python3.9/site-packages/airflow/example_dags/example_skip_dag.py took 0.127 seconds
[2025-02-04T16:40:56.089+0000] {processor.py:186} INFO - Started process (PID=2082) to work on /home/airflow/.local/lib/python3.9/site-packages/airflow/example_dags/example_skip_dag.py
[2025-02-04T16:40:56.090+0000] {processor.py:914} INFO - Processing file /home/airflow/.local/lib/python3.9/site-packages/airflow/example_dags/example_skip_dag.py for tasks to queue
[2025-02-04T16:40:56.092+0000] {logging_mixin.py:190} INFO - [2025-02-04T16:40:56.092+0000] {dagbag.py:588} INFO - Filling up the DagBag from /home/airflow/.local/lib/python3.9/site-packages/airflow/example_dags/example_skip_dag.py
[2025-02-04T16:40:56.102+0000] {processor.py:925} INFO - DAG(s) 'example_skip_dag' retrieved from /home/airflow/.local/lib/python3.9/site-packages/airflow/example_dags/example_skip_dag.py
[2025-02-04T16:40:56.124+0000] {logging_mixin.py:190} INFO - [2025-02-04T16:40:56.124+0000] {dag.py:3239} INFO - Sync 1 DAGs
[2025-02-04T16:40:56.146+0000] {logging_mixin.py:190} INFO - [2025-02-04T16:40:56.146+0000] {dag.py:4180} INFO - Setting next_dagrun for example_skip_dag to 2025-02-03 00:00:00+00:00, run_after=2025-02-04 00:00:00+00:00
[2025-02-04T16:40:56.171+0000] {processor.py:208} INFO - Processing /home/airflow/.local/lib/python3.9/site-packages/airflow/example_dags/example_skip_dag.py took 0.088 seconds
[2025-02-04T16:41:27.021+0000] {processor.py:186} INFO - Started process (PID=2146) to work on /home/airflow/.local/lib/python3.9/site-packages/airflow/example_dags/example_skip_dag.py
[2025-02-04T16:41:27.023+0000] {processor.py:914} INFO - Processing file /home/airflow/.local/lib/python3.9/site-packages/airflow/example_dags/example_skip_dag.py for tasks to queue
[2025-02-04T16:41:27.024+0000] {logging_mixin.py:190} INFO - [2025-02-04T16:41:27.024+0000] {dagbag.py:588} INFO - Filling up the DagBag from /home/airflow/.local/lib/python3.9/site-packages/airflow/example_dags/example_skip_dag.py
[2025-02-04T16:41:27.035+0000] {processor.py:925} INFO - DAG(s) 'example_skip_dag' retrieved from /home/airflow/.local/lib/python3.9/site-packages/airflow/example_dags/example_skip_dag.py
[2025-02-04T16:41:27.057+0000] {logging_mixin.py:190} INFO - [2025-02-04T16:41:27.057+0000] {dag.py:3239} INFO - Sync 1 DAGs
[2025-02-04T16:41:27.079+0000] {logging_mixin.py:190} INFO - [2025-02-04T16:41:27.079+0000] {dag.py:4180} INFO - Setting next_dagrun for example_skip_dag to 2025-02-03 00:00:00+00:00, run_after=2025-02-04 00:00:00+00:00
[2025-02-04T16:41:27.105+0000] {processor.py:208} INFO - Processing /home/airflow/.local/lib/python3.9/site-packages/airflow/example_dags/example_skip_dag.py took 0.090 seconds
[2025-02-04T16:41:57.334+0000] {processor.py:186} INFO - Started process (PID=2210) to work on /home/airflow/.local/lib/python3.9/site-packages/airflow/example_dags/example_skip_dag.py
[2025-02-04T16:41:57.335+0000] {processor.py:914} INFO - Processing file /home/airflow/.local/lib/python3.9/site-packages/airflow/example_dags/example_skip_dag.py for tasks to queue
[2025-02-04T16:41:57.337+0000] {logging_mixin.py:190} INFO - [2025-02-04T16:41:57.337+0000] {dagbag.py:588} INFO - Filling up the DagBag from /home/airflow/.local/lib/python3.9/site-packages/airflow/example_dags/example_skip_dag.py
[2025-02-04T16:41:57.346+0000] {processor.py:925} INFO - DAG(s) 'example_skip_dag' retrieved from /home/airflow/.local/lib/python3.9/site-packages/airflow/example_dags/example_skip_dag.py
[2025-02-04T16:41:57.367+0000] {logging_mixin.py:190} INFO - [2025-02-04T16:41:57.367+0000] {dag.py:3239} INFO - Sync 1 DAGs
[2025-02-04T16:41:57.387+0000] {logging_mixin.py:190} INFO - [2025-02-04T16:41:57.387+0000] {dag.py:4180} INFO - Setting next_dagrun for example_skip_dag to 2025-02-03 00:00:00+00:00, run_after=2025-02-04 00:00:00+00:00
[2025-02-04T16:41:57.410+0000] {processor.py:208} INFO - Processing /home/airflow/.local/lib/python3.9/site-packages/airflow/example_dags/example_skip_dag.py took 0.083 seconds
[2025-02-04T16:42:28.375+0000] {processor.py:186} INFO - Started process (PID=2274) to work on /home/airflow/.local/lib/python3.9/site-packages/airflow/example_dags/example_skip_dag.py
[2025-02-04T16:42:28.376+0000] {processor.py:914} INFO - Processing file /home/airflow/.local/lib/python3.9/site-packages/airflow/example_dags/example_skip_dag.py for tasks to queue
[2025-02-04T16:42:28.378+0000] {logging_mixin.py:190} INFO - [2025-02-04T16:42:28.377+0000] {dagbag.py:588} INFO - Filling up the DagBag from /home/airflow/.local/lib/python3.9/site-packages/airflow/example_dags/example_skip_dag.py
[2025-02-04T16:42:28.389+0000] {processor.py:925} INFO - DAG(s) 'example_skip_dag' retrieved from /home/airflow/.local/lib/python3.9/site-packages/airflow/example_dags/example_skip_dag.py
[2025-02-04T16:42:28.419+0000] {logging_mixin.py:190} INFO - [2025-02-04T16:42:28.418+0000] {dag.py:3239} INFO - Sync 1 DAGs
[2025-02-04T16:42:28.447+0000] {logging_mixin.py:190} INFO - [2025-02-04T16:42:28.447+0000] {dag.py:4180} INFO - Setting next_dagrun for example_skip_dag to 2025-02-03 00:00:00+00:00, run_after=2025-02-04 00:00:00+00:00
[2025-02-04T16:42:28.479+0000] {processor.py:208} INFO - Processing /home/airflow/.local/lib/python3.9/site-packages/airflow/example_dags/example_skip_dag.py took 0.111 seconds
[2025-02-04T16:42:59.123+0000] {processor.py:186} INFO - Started process (PID=2338) to work on /home/airflow/.local/lib/python3.9/site-packages/airflow/example_dags/example_skip_dag.py
[2025-02-04T16:42:59.125+0000] {processor.py:914} INFO - Processing file /home/airflow/.local/lib/python3.9/site-packages/airflow/example_dags/example_skip_dag.py for tasks to queue
[2025-02-04T16:42:59.126+0000] {logging_mixin.py:190} INFO - [2025-02-04T16:42:59.126+0000] {dagbag.py:588} INFO - Filling up the DagBag from /home/airflow/.local/lib/python3.9/site-packages/airflow/example_dags/example_skip_dag.py
[2025-02-04T16:42:59.136+0000] {processor.py:925} INFO - DAG(s) 'example_skip_dag' retrieved from /home/airflow/.local/lib/python3.9/site-packages/airflow/example_dags/example_skip_dag.py
[2025-02-04T16:42:59.159+0000] {logging_mixin.py:190} INFO - [2025-02-04T16:42:59.158+0000] {dag.py:3239} INFO - Sync 1 DAGs
[2025-02-04T16:42:59.187+0000] {logging_mixin.py:190} INFO - [2025-02-04T16:42:59.187+0000] {dag.py:4180} INFO - Setting next_dagrun for example_skip_dag to 2025-02-03 00:00:00+00:00, run_after=2025-02-04 00:00:00+00:00
[2025-02-04T16:42:59.216+0000] {processor.py:208} INFO - Processing /home/airflow/.local/lib/python3.9/site-packages/airflow/example_dags/example_skip_dag.py took 0.100 seconds
[2025-02-04T16:43:29.280+0000] {processor.py:186} INFO - Started process (PID=2402) to work on /home/airflow/.local/lib/python3.9/site-packages/airflow/example_dags/example_skip_dag.py
[2025-02-04T16:43:29.281+0000] {processor.py:914} INFO - Processing file /home/airflow/.local/lib/python3.9/site-packages/airflow/example_dags/example_skip_dag.py for tasks to queue
[2025-02-04T16:43:29.283+0000] {logging_mixin.py:190} INFO - [2025-02-04T16:43:29.282+0000] {dagbag.py:588} INFO - Filling up the DagBag from /home/airflow/.local/lib/python3.9/site-packages/airflow/example_dags/example_skip_dag.py
[2025-02-04T16:43:29.292+0000] {processor.py:925} INFO - DAG(s) 'example_skip_dag' retrieved from /home/airflow/.local/lib/python3.9/site-packages/airflow/example_dags/example_skip_dag.py
[2025-02-04T16:43:29.316+0000] {logging_mixin.py:190} INFO - [2025-02-04T16:43:29.315+0000] {dag.py:3239} INFO - Sync 1 DAGs
[2025-02-04T16:43:29.340+0000] {logging_mixin.py:190} INFO - [2025-02-04T16:43:29.340+0000] {dag.py:4180} INFO - Setting next_dagrun for example_skip_dag to 2025-02-03 00:00:00+00:00, run_after=2025-02-04 00:00:00+00:00
[2025-02-04T16:43:29.382+0000] {processor.py:208} INFO - Processing /home/airflow/.local/lib/python3.9/site-packages/airflow/example_dags/example_skip_dag.py took 0.108 seconds
[2025-02-04T16:44:00.110+0000] {processor.py:186} INFO - Started process (PID=2466) to work on /home/airflow/.local/lib/python3.9/site-packages/airflow/example_dags/example_skip_dag.py
[2025-02-04T16:44:00.112+0000] {processor.py:914} INFO - Processing file /home/airflow/.local/lib/python3.9/site-packages/airflow/example_dags/example_skip_dag.py for tasks to queue
[2025-02-04T16:44:00.114+0000] {logging_mixin.py:190} INFO - [2025-02-04T16:44:00.114+0000] {dagbag.py:588} INFO - Filling up the DagBag from /home/airflow/.local/lib/python3.9/site-packages/airflow/example_dags/example_skip_dag.py
[2025-02-04T16:44:00.130+0000] {processor.py:925} INFO - DAG(s) 'example_skip_dag' retrieved from /home/airflow/.local/lib/python3.9/site-packages/airflow/example_dags/example_skip_dag.py
[2025-02-04T16:44:00.160+0000] {logging_mixin.py:190} INFO - [2025-02-04T16:44:00.160+0000] {dag.py:3239} INFO - Sync 1 DAGs
[2025-02-04T16:44:00.184+0000] {logging_mixin.py:190} INFO - [2025-02-04T16:44:00.184+0000] {dag.py:4180} INFO - Setting next_dagrun for example_skip_dag to 2025-02-03 00:00:00+00:00, run_after=2025-02-04 00:00:00+00:00
[2025-02-04T16:44:00.214+0000] {processor.py:208} INFO - Processing /home/airflow/.local/lib/python3.9/site-packages/airflow/example_dags/example_skip_dag.py took 0.112 seconds
[2025-02-04T16:44:30.318+0000] {processor.py:186} INFO - Started process (PID=2530) to work on /home/airflow/.local/lib/python3.9/site-packages/airflow/example_dags/example_skip_dag.py
[2025-02-04T16:44:30.320+0000] {processor.py:914} INFO - Processing file /home/airflow/.local/lib/python3.9/site-packages/airflow/example_dags/example_skip_dag.py for tasks to queue
[2025-02-04T16:44:30.322+0000] {logging_mixin.py:190} INFO - [2025-02-04T16:44:30.322+0000] {dagbag.py:588} INFO - Filling up the DagBag from /home/airflow/.local/lib/python3.9/site-packages/airflow/example_dags/example_skip_dag.py
[2025-02-04T16:44:30.332+0000] {processor.py:925} INFO - DAG(s) 'example_skip_dag' retrieved from /home/airflow/.local/lib/python3.9/site-packages/airflow/example_dags/example_skip_dag.py
[2025-02-04T16:44:30.356+0000] {logging_mixin.py:190} INFO - [2025-02-04T16:44:30.356+0000] {dag.py:3239} INFO - Sync 1 DAGs
[2025-02-04T16:44:30.380+0000] {logging_mixin.py:190} INFO - [2025-02-04T16:44:30.380+0000] {dag.py:4180} INFO - Setting next_dagrun for example_skip_dag to 2025-02-03 00:00:00+00:00, run_after=2025-02-04 00:00:00+00:00
[2025-02-04T16:44:30.406+0000] {processor.py:208} INFO - Processing /home/airflow/.local/lib/python3.9/site-packages/airflow/example_dags/example_skip_dag.py took 0.094 seconds
[2025-02-04T16:45:00.948+0000] {processor.py:186} INFO - Started process (PID=2594) to work on /home/airflow/.local/lib/python3.9/site-packages/airflow/example_dags/example_skip_dag.py
[2025-02-04T16:45:00.949+0000] {processor.py:914} INFO - Processing file /home/airflow/.local/lib/python3.9/site-packages/airflow/example_dags/example_skip_dag.py for tasks to queue
[2025-02-04T16:45:00.951+0000] {logging_mixin.py:190} INFO - [2025-02-04T16:45:00.951+0000] {dagbag.py:588} INFO - Filling up the DagBag from /home/airflow/.local/lib/python3.9/site-packages/airflow/example_dags/example_skip_dag.py
[2025-02-04T16:45:00.961+0000] {processor.py:925} INFO - DAG(s) 'example_skip_dag' retrieved from /home/airflow/.local/lib/python3.9/site-packages/airflow/example_dags/example_skip_dag.py
[2025-02-04T16:45:00.985+0000] {logging_mixin.py:190} INFO - [2025-02-04T16:45:00.984+0000] {dag.py:3239} INFO - Sync 1 DAGs
[2025-02-04T16:45:01.007+0000] {logging_mixin.py:190} INFO - [2025-02-04T16:45:01.007+0000] {dag.py:4180} INFO - Setting next_dagrun for example_skip_dag to 2025-02-03 00:00:00+00:00, run_after=2025-02-04 00:00:00+00:00
[2025-02-04T16:45:01.035+0000] {processor.py:208} INFO - Processing /home/airflow/.local/lib/python3.9/site-packages/airflow/example_dags/example_skip_dag.py took 0.095 seconds
[2025-02-04T16:45:31.282+0000] {processor.py:186} INFO - Started process (PID=2658) to work on /home/airflow/.local/lib/python3.9/site-packages/airflow/example_dags/example_skip_dag.py
[2025-02-04T16:45:31.283+0000] {processor.py:914} INFO - Processing file /home/airflow/.local/lib/python3.9/site-packages/airflow/example_dags/example_skip_dag.py for tasks to queue
[2025-02-04T16:45:31.285+0000] {logging_mixin.py:190} INFO - [2025-02-04T16:45:31.284+0000] {dagbag.py:588} INFO - Filling up the DagBag from /home/airflow/.local/lib/python3.9/site-packages/airflow/example_dags/example_skip_dag.py
[2025-02-04T16:45:31.294+0000] {processor.py:925} INFO - DAG(s) 'example_skip_dag' retrieved from /home/airflow/.local/lib/python3.9/site-packages/airflow/example_dags/example_skip_dag.py
[2025-02-04T16:45:31.318+0000] {logging_mixin.py:190} INFO - [2025-02-04T16:45:31.318+0000] {dag.py:3239} INFO - Sync 1 DAGs
[2025-02-04T16:45:31.342+0000] {logging_mixin.py:190} INFO - [2025-02-04T16:45:31.341+0000] {dag.py:4180} INFO - Setting next_dagrun for example_skip_dag to 2025-02-03 00:00:00+00:00, run_after=2025-02-04 00:00:00+00:00
[2025-02-04T16:45:31.369+0000] {processor.py:208} INFO - Processing /home/airflow/.local/lib/python3.9/site-packages/airflow/example_dags/example_skip_dag.py took 0.093 seconds
[2025-02-04T16:46:03.989+0000] {processor.py:186} INFO - Started process (PID=2729) to work on /home/airflow/.local/lib/python3.9/site-packages/airflow/example_dags/example_skip_dag.py
[2025-02-04T16:46:03.990+0000] {processor.py:914} INFO - Processing file /home/airflow/.local/lib/python3.9/site-packages/airflow/example_dags/example_skip_dag.py for tasks to queue
[2025-02-04T16:46:03.992+0000] {logging_mixin.py:190} INFO - [2025-02-04T16:46:03.992+0000] {dagbag.py:588} INFO - Filling up the DagBag from /home/airflow/.local/lib/python3.9/site-packages/airflow/example_dags/example_skip_dag.py
[2025-02-04T16:46:04.005+0000] {processor.py:925} INFO - DAG(s) 'example_skip_dag' retrieved from /home/airflow/.local/lib/python3.9/site-packages/airflow/example_dags/example_skip_dag.py
[2025-02-04T16:46:04.033+0000] {logging_mixin.py:190} INFO - [2025-02-04T16:46:04.032+0000] {dag.py:3239} INFO - Sync 1 DAGs
[2025-02-04T16:46:04.066+0000] {logging_mixin.py:190} INFO - [2025-02-04T16:46:04.065+0000] {dag.py:4180} INFO - Setting next_dagrun for example_skip_dag to 2025-02-03 00:00:00+00:00, run_after=2025-02-04 00:00:00+00:00
[2025-02-04T16:46:04.097+0000] {processor.py:208} INFO - Processing /home/airflow/.local/lib/python3.9/site-packages/airflow/example_dags/example_skip_dag.py took 0.116 seconds
[2025-02-04T16:46:34.058+0000] {processor.py:186} INFO - Started process (PID=2793) to work on /home/airflow/.local/lib/python3.9/site-packages/airflow/example_dags/example_skip_dag.py
[2025-02-04T16:46:34.059+0000] {processor.py:914} INFO - Processing file /home/airflow/.local/lib/python3.9/site-packages/airflow/example_dags/example_skip_dag.py for tasks to queue
[2025-02-04T16:46:34.060+0000] {logging_mixin.py:190} INFO - [2025-02-04T16:46:34.060+0000] {dagbag.py:588} INFO - Filling up the DagBag from /home/airflow/.local/lib/python3.9/site-packages/airflow/example_dags/example_skip_dag.py
[2025-02-04T16:46:34.073+0000] {processor.py:925} INFO - DAG(s) 'example_skip_dag' retrieved from /home/airflow/.local/lib/python3.9/site-packages/airflow/example_dags/example_skip_dag.py
[2025-02-04T16:46:34.097+0000] {logging_mixin.py:190} INFO - [2025-02-04T16:46:34.097+0000] {dag.py:3239} INFO - Sync 1 DAGs
[2025-02-04T16:46:34.120+0000] {logging_mixin.py:190} INFO - [2025-02-04T16:46:34.120+0000] {dag.py:4180} INFO - Setting next_dagrun for example_skip_dag to 2025-02-03 00:00:00+00:00, run_after=2025-02-04 00:00:00+00:00
[2025-02-04T16:46:34.147+0000] {processor.py:208} INFO - Processing /home/airflow/.local/lib/python3.9/site-packages/airflow/example_dags/example_skip_dag.py took 0.096 seconds
[2025-02-04T16:47:08.903+0000] {processor.py:186} INFO - Started process (PID=2860) to work on /home/airflow/.local/lib/python3.9/site-packages/airflow/example_dags/example_skip_dag.py
[2025-02-04T16:47:08.904+0000] {processor.py:914} INFO - Processing file /home/airflow/.local/lib/python3.9/site-packages/airflow/example_dags/example_skip_dag.py for tasks to queue
[2025-02-04T16:47:08.906+0000] {logging_mixin.py:190} INFO - [2025-02-04T16:47:08.906+0000] {dagbag.py:588} INFO - Filling up the DagBag from /home/airflow/.local/lib/python3.9/site-packages/airflow/example_dags/example_skip_dag.py
[2025-02-04T16:47:08.915+0000] {processor.py:925} INFO - DAG(s) 'example_skip_dag' retrieved from /home/airflow/.local/lib/python3.9/site-packages/airflow/example_dags/example_skip_dag.py
[2025-02-04T16:47:08.939+0000] {logging_mixin.py:190} INFO - [2025-02-04T16:47:08.939+0000] {dag.py:3239} INFO - Sync 1 DAGs
[2025-02-04T16:47:08.979+0000] {logging_mixin.py:190} INFO - [2025-02-04T16:47:08.979+0000] {dag.py:4180} INFO - Setting next_dagrun for example_skip_dag to 2025-02-03 00:00:00+00:00, run_after=2025-02-04 00:00:00+00:00
[2025-02-04T16:47:09.004+0000] {processor.py:208} INFO - Processing /home/airflow/.local/lib/python3.9/site-packages/airflow/example_dags/example_skip_dag.py took 0.108 seconds
[2025-02-04T16:47:49.743+0000] {processor.py:186} INFO - Started process (PID=2924) to work on /home/airflow/.local/lib/python3.9/site-packages/airflow/example_dags/example_skip_dag.py
[2025-02-04T16:47:49.745+0000] {processor.py:914} INFO - Processing file /home/airflow/.local/lib/python3.9/site-packages/airflow/example_dags/example_skip_dag.py for tasks to queue
[2025-02-04T16:47:49.747+0000] {logging_mixin.py:190} INFO - [2025-02-04T16:47:49.747+0000] {dagbag.py:588} INFO - Filling up the DagBag from /home/airflow/.local/lib/python3.9/site-packages/airflow/example_dags/example_skip_dag.py
[2025-02-04T16:47:49.757+0000] {processor.py:925} INFO - DAG(s) 'example_skip_dag' retrieved from /home/airflow/.local/lib/python3.9/site-packages/airflow/example_dags/example_skip_dag.py
[2025-02-04T16:47:49.899+0000] {logging_mixin.py:190} INFO - [2025-02-04T16:47:49.899+0000] {dag.py:3239} INFO - Sync 1 DAGs
[2025-02-04T16:47:49.923+0000] {logging_mixin.py:190} INFO - [2025-02-04T16:47:49.923+0000] {dag.py:4180} INFO - Setting next_dagrun for example_skip_dag to 2025-02-03 00:00:00+00:00, run_after=2025-02-04 00:00:00+00:00
[2025-02-04T16:47:49.958+0000] {processor.py:208} INFO - Processing /home/airflow/.local/lib/python3.9/site-packages/airflow/example_dags/example_skip_dag.py took 0.223 seconds
[2025-02-04T16:48:20.660+0000] {processor.py:186} INFO - Started process (PID=2989) to work on /home/airflow/.local/lib/python3.9/site-packages/airflow/example_dags/example_skip_dag.py
[2025-02-04T16:48:20.662+0000] {processor.py:914} INFO - Processing file /home/airflow/.local/lib/python3.9/site-packages/airflow/example_dags/example_skip_dag.py for tasks to queue
[2025-02-04T16:48:20.664+0000] {logging_mixin.py:190} INFO - [2025-02-04T16:48:20.664+0000] {dagbag.py:588} INFO - Filling up the DagBag from /home/airflow/.local/lib/python3.9/site-packages/airflow/example_dags/example_skip_dag.py
[2025-02-04T16:48:20.677+0000] {processor.py:925} INFO - DAG(s) 'example_skip_dag' retrieved from /home/airflow/.local/lib/python3.9/site-packages/airflow/example_dags/example_skip_dag.py
[2025-02-04T16:48:20.701+0000] {logging_mixin.py:190} INFO - [2025-02-04T16:48:20.701+0000] {dag.py:3239} INFO - Sync 1 DAGs
[2025-02-04T16:48:20.737+0000] {logging_mixin.py:190} INFO - [2025-02-04T16:48:20.737+0000] {dag.py:4180} INFO - Setting next_dagrun for example_skip_dag to 2025-02-03 00:00:00+00:00, run_after=2025-02-04 00:00:00+00:00
[2025-02-04T16:48:20.763+0000] {processor.py:208} INFO - Processing /home/airflow/.local/lib/python3.9/site-packages/airflow/example_dags/example_skip_dag.py took 0.110 seconds
[2025-02-04T16:48:50.898+0000] {processor.py:186} INFO - Started process (PID=3053) to work on /home/airflow/.local/lib/python3.9/site-packages/airflow/example_dags/example_skip_dag.py
[2025-02-04T16:48:50.899+0000] {processor.py:914} INFO - Processing file /home/airflow/.local/lib/python3.9/site-packages/airflow/example_dags/example_skip_dag.py for tasks to queue
[2025-02-04T16:48:50.900+0000] {logging_mixin.py:190} INFO - [2025-02-04T16:48:50.900+0000] {dagbag.py:588} INFO - Filling up the DagBag from /home/airflow/.local/lib/python3.9/site-packages/airflow/example_dags/example_skip_dag.py
[2025-02-04T16:48:50.909+0000] {processor.py:925} INFO - DAG(s) 'example_skip_dag' retrieved from /home/airflow/.local/lib/python3.9/site-packages/airflow/example_dags/example_skip_dag.py
[2025-02-04T16:48:50.933+0000] {logging_mixin.py:190} INFO - [2025-02-04T16:48:50.932+0000] {dag.py:3239} INFO - Sync 1 DAGs
[2025-02-04T16:48:50.954+0000] {logging_mixin.py:190} INFO - [2025-02-04T16:48:50.954+0000] {dag.py:4180} INFO - Setting next_dagrun for example_skip_dag to 2025-02-03 00:00:00+00:00, run_after=2025-02-04 00:00:00+00:00
[2025-02-04T16:48:50.978+0000] {processor.py:208} INFO - Processing /home/airflow/.local/lib/python3.9/site-packages/airflow/example_dags/example_skip_dag.py took 0.086 seconds
[2025-02-04T16:49:21.076+0000] {processor.py:186} INFO - Started process (PID=3117) to work on /home/airflow/.local/lib/python3.9/site-packages/airflow/example_dags/example_skip_dag.py
[2025-02-04T16:49:21.077+0000] {processor.py:914} INFO - Processing file /home/airflow/.local/lib/python3.9/site-packages/airflow/example_dags/example_skip_dag.py for tasks to queue
[2025-02-04T16:49:21.079+0000] {logging_mixin.py:190} INFO - [2025-02-04T16:49:21.079+0000] {dagbag.py:588} INFO - Filling up the DagBag from /home/airflow/.local/lib/python3.9/site-packages/airflow/example_dags/example_skip_dag.py
[2025-02-04T16:49:21.090+0000] {processor.py:925} INFO - DAG(s) 'example_skip_dag' retrieved from /home/airflow/.local/lib/python3.9/site-packages/airflow/example_dags/example_skip_dag.py
[2025-02-04T16:49:21.117+0000] {logging_mixin.py:190} INFO - [2025-02-04T16:49:21.117+0000] {dag.py:3239} INFO - Sync 1 DAGs
[2025-02-04T16:49:21.143+0000] {logging_mixin.py:190} INFO - [2025-02-04T16:49:21.142+0000] {dag.py:4180} INFO - Setting next_dagrun for example_skip_dag to 2025-02-03 00:00:00+00:00, run_after=2025-02-04 00:00:00+00:00
[2025-02-04T16:49:21.168+0000] {processor.py:208} INFO - Processing /home/airflow/.local/lib/python3.9/site-packages/airflow/example_dags/example_skip_dag.py took 0.101 seconds
[2025-02-04T16:49:51.243+0000] {processor.py:186} INFO - Started process (PID=3188) to work on /home/airflow/.local/lib/python3.9/site-packages/airflow/example_dags/example_skip_dag.py
[2025-02-04T16:49:51.244+0000] {processor.py:914} INFO - Processing file /home/airflow/.local/lib/python3.9/site-packages/airflow/example_dags/example_skip_dag.py for tasks to queue
[2025-02-04T16:49:51.246+0000] {logging_mixin.py:190} INFO - [2025-02-04T16:49:51.246+0000] {dagbag.py:588} INFO - Filling up the DagBag from /home/airflow/.local/lib/python3.9/site-packages/airflow/example_dags/example_skip_dag.py
[2025-02-04T16:49:51.255+0000] {processor.py:925} INFO - DAG(s) 'example_skip_dag' retrieved from /home/airflow/.local/lib/python3.9/site-packages/airflow/example_dags/example_skip_dag.py
[2025-02-04T16:49:51.278+0000] {logging_mixin.py:190} INFO - [2025-02-04T16:49:51.277+0000] {dag.py:3239} INFO - Sync 1 DAGs
[2025-02-04T16:49:51.299+0000] {logging_mixin.py:190} INFO - [2025-02-04T16:49:51.299+0000] {dag.py:4180} INFO - Setting next_dagrun for example_skip_dag to 2025-02-03 00:00:00+00:00, run_after=2025-02-04 00:00:00+00:00
[2025-02-04T16:49:51.325+0000] {processor.py:208} INFO - Processing /home/airflow/.local/lib/python3.9/site-packages/airflow/example_dags/example_skip_dag.py took 0.089 seconds
