[2025-02-04T16:22:45.040+0000] {processor.py:186} INFO - Started process (PID=96) to work on /home/airflow/.local/lib/python3.9/site-packages/airflow/example_dags/example_sla_dag.py
[2025-02-04T16:22:45.041+0000] {processor.py:914} INFO - Processing file /home/airflow/.local/lib/python3.9/site-packages/airflow/example_dags/example_sla_dag.py for tasks to queue
[2025-02-04T16:22:45.044+0000] {logging_mixin.py:190} INFO - [2025-02-04T16:22:45.044+0000] {dagbag.py:588} INFO - Filling up the DagBag from /home/airflow/.local/lib/python3.9/site-packages/airflow/example_dags/example_sla_dag.py
[2025-02-04T16:22:45.110+0000] {processor.py:925} INFO - DAG(s) 'example_sla_dag' retrieved from /home/airflow/.local/lib/python3.9/site-packages/airflow/example_dags/example_sla_dag.py
[2025-02-04T16:22:45.214+0000] {logging_mixin.py:190} INFO - [2025-02-04T16:22:45.213+0000] {override.py:1912} INFO - Created Permission View: can delete on DAG:example_sla_dag
[2025-02-04T16:22:45.231+0000] {logging_mixin.py:190} INFO - [2025-02-04T16:22:45.230+0000] {override.py:1912} INFO - Created Permission View: can edit on DAG:example_sla_dag
[2025-02-04T16:22:45.245+0000] {logging_mixin.py:190} INFO - [2025-02-04T16:22:45.245+0000] {override.py:1912} INFO - Created Permission View: can read on DAG:example_sla_dag
[2025-02-04T16:22:45.267+0000] {logging_mixin.py:190} INFO - [2025-02-04T16:22:45.266+0000] {override.py:1912} INFO - Created Permission View: can delete on DAG Run:example_sla_dag
[2025-02-04T16:22:45.281+0000] {logging_mixin.py:190} INFO - [2025-02-04T16:22:45.281+0000] {override.py:1912} INFO - Created Permission View: menu access on DAG Run:example_sla_dag
[2025-02-04T16:22:45.296+0000] {logging_mixin.py:190} INFO - [2025-02-04T16:22:45.296+0000] {override.py:1912} INFO - Created Permission View: can read on DAG Run:example_sla_dag
[2025-02-04T16:22:45.311+0000] {logging_mixin.py:190} INFO - [2025-02-04T16:22:45.310+0000] {override.py:1912} INFO - Created Permission View: can create on DAG Run:example_sla_dag
[2025-02-04T16:22:45.312+0000] {logging_mixin.py:190} INFO - [2025-02-04T16:22:45.312+0000] {dag.py:3239} INFO - Sync 1 DAGs
[2025-02-04T16:22:45.326+0000] {logging_mixin.py:190} INFO - [2025-02-04T16:22:45.326+0000] {dag.py:3262} INFO - Creating ORM DAG for example_sla_dag
[2025-02-04T16:22:45.340+0000] {logging_mixin.py:190} INFO - [2025-02-04T16:22:45.339+0000] {dag.py:4180} INFO - Setting next_dagrun for example_sla_dag to 2025-02-04 16:20:00+00:00, run_after=2025-02-04 16:22:00+00:00
[2025-02-04T16:22:45.362+0000] {processor.py:208} INFO - Processing /home/airflow/.local/lib/python3.9/site-packages/airflow/example_dags/example_sla_dag.py took 0.329 seconds
[2025-02-04T16:23:29.074+0000] {processor.py:186} INFO - Started process (PID=167) to work on /home/airflow/.local/lib/python3.9/site-packages/airflow/example_dags/example_sla_dag.py
[2025-02-04T16:23:29.075+0000] {processor.py:914} INFO - Processing file /home/airflow/.local/lib/python3.9/site-packages/airflow/example_dags/example_sla_dag.py for tasks to queue
[2025-02-04T16:23:29.078+0000] {logging_mixin.py:190} INFO - [2025-02-04T16:23:29.078+0000] {dagbag.py:588} INFO - Filling up the DagBag from /home/airflow/.local/lib/python3.9/site-packages/airflow/example_dags/example_sla_dag.py
[2025-02-04T16:23:29.088+0000] {processor.py:925} INFO - DAG(s) 'example_sla_dag' retrieved from /home/airflow/.local/lib/python3.9/site-packages/airflow/example_dags/example_sla_dag.py
[2025-02-04T16:23:29.109+0000] {logging_mixin.py:190} INFO - [2025-02-04T16:23:29.108+0000] {dag.py:3239} INFO - Sync 1 DAGs
[2025-02-04T16:23:29.133+0000] {logging_mixin.py:190} INFO - [2025-02-04T16:23:29.132+0000] {dag.py:4180} INFO - Setting next_dagrun for example_sla_dag to 2025-02-04 16:20:00+00:00, run_after=2025-02-04 16:22:00+00:00
[2025-02-04T16:23:29.159+0000] {processor.py:208} INFO - Processing /home/airflow/.local/lib/python3.9/site-packages/airflow/example_dags/example_sla_dag.py took 0.091 seconds
[2025-02-04T16:23:59.914+0000] {processor.py:186} INFO - Started process (PID=230) to work on /home/airflow/.local/lib/python3.9/site-packages/airflow/example_dags/example_sla_dag.py
[2025-02-04T16:23:59.915+0000] {processor.py:914} INFO - Processing file /home/airflow/.local/lib/python3.9/site-packages/airflow/example_dags/example_sla_dag.py for tasks to queue
[2025-02-04T16:23:59.918+0000] {logging_mixin.py:190} INFO - [2025-02-04T16:23:59.918+0000] {dagbag.py:588} INFO - Filling up the DagBag from /home/airflow/.local/lib/python3.9/site-packages/airflow/example_dags/example_sla_dag.py
[2025-02-04T16:23:59.929+0000] {processor.py:925} INFO - DAG(s) 'example_sla_dag' retrieved from /home/airflow/.local/lib/python3.9/site-packages/airflow/example_dags/example_sla_dag.py
[2025-02-04T16:23:59.951+0000] {logging_mixin.py:190} INFO - [2025-02-04T16:23:59.951+0000] {dag.py:3239} INFO - Sync 1 DAGs
[2025-02-04T16:23:59.977+0000] {logging_mixin.py:190} INFO - [2025-02-04T16:23:59.977+0000] {dag.py:4180} INFO - Setting next_dagrun for example_sla_dag to 2025-02-04 16:20:00+00:00, run_after=2025-02-04 16:22:00+00:00
[2025-02-04T16:24:00.005+0000] {processor.py:208} INFO - Processing /home/airflow/.local/lib/python3.9/site-packages/airflow/example_dags/example_sla_dag.py took 0.097 seconds
[2025-02-04T16:24:30.708+0000] {processor.py:186} INFO - Started process (PID=293) to work on /home/airflow/.local/lib/python3.9/site-packages/airflow/example_dags/example_sla_dag.py
[2025-02-04T16:24:30.710+0000] {processor.py:914} INFO - Processing file /home/airflow/.local/lib/python3.9/site-packages/airflow/example_dags/example_sla_dag.py for tasks to queue
[2025-02-04T16:24:30.713+0000] {logging_mixin.py:190} INFO - [2025-02-04T16:24:30.712+0000] {dagbag.py:588} INFO - Filling up the DagBag from /home/airflow/.local/lib/python3.9/site-packages/airflow/example_dags/example_sla_dag.py
[2025-02-04T16:24:30.723+0000] {processor.py:925} INFO - DAG(s) 'example_sla_dag' retrieved from /home/airflow/.local/lib/python3.9/site-packages/airflow/example_dags/example_sla_dag.py
[2025-02-04T16:24:30.746+0000] {logging_mixin.py:190} INFO - [2025-02-04T16:24:30.745+0000] {dag.py:3239} INFO - Sync 1 DAGs
[2025-02-04T16:24:30.771+0000] {logging_mixin.py:190} INFO - [2025-02-04T16:24:30.771+0000] {dag.py:4180} INFO - Setting next_dagrun for example_sla_dag to 2025-02-04 16:22:00+00:00, run_after=2025-02-04 16:24:00+00:00
[2025-02-04T16:24:30.800+0000] {processor.py:208} INFO - Processing /home/airflow/.local/lib/python3.9/site-packages/airflow/example_dags/example_sla_dag.py took 0.098 seconds
[2025-02-04T16:25:01.469+0000] {processor.py:186} INFO - Started process (PID=357) to work on /home/airflow/.local/lib/python3.9/site-packages/airflow/example_dags/example_sla_dag.py
[2025-02-04T16:25:01.470+0000] {processor.py:914} INFO - Processing file /home/airflow/.local/lib/python3.9/site-packages/airflow/example_dags/example_sla_dag.py for tasks to queue
[2025-02-04T16:25:01.473+0000] {logging_mixin.py:190} INFO - [2025-02-04T16:25:01.473+0000] {dagbag.py:588} INFO - Filling up the DagBag from /home/airflow/.local/lib/python3.9/site-packages/airflow/example_dags/example_sla_dag.py
[2025-02-04T16:25:01.484+0000] {processor.py:925} INFO - DAG(s) 'example_sla_dag' retrieved from /home/airflow/.local/lib/python3.9/site-packages/airflow/example_dags/example_sla_dag.py
[2025-02-04T16:25:01.505+0000] {logging_mixin.py:190} INFO - [2025-02-04T16:25:01.504+0000] {dag.py:3239} INFO - Sync 1 DAGs
[2025-02-04T16:25:01.531+0000] {logging_mixin.py:190} INFO - [2025-02-04T16:25:01.531+0000] {dag.py:4180} INFO - Setting next_dagrun for example_sla_dag to 2025-02-04 16:22:00+00:00, run_after=2025-02-04 16:24:00+00:00
[2025-02-04T16:25:01.559+0000] {processor.py:208} INFO - Processing /home/airflow/.local/lib/python3.9/site-packages/airflow/example_dags/example_sla_dag.py took 0.098 seconds
[2025-02-04T16:25:31.729+0000] {processor.py:186} INFO - Started process (PID=421) to work on /home/airflow/.local/lib/python3.9/site-packages/airflow/example_dags/example_sla_dag.py
[2025-02-04T16:25:31.730+0000] {processor.py:914} INFO - Processing file /home/airflow/.local/lib/python3.9/site-packages/airflow/example_dags/example_sla_dag.py for tasks to queue
[2025-02-04T16:25:31.735+0000] {logging_mixin.py:190} INFO - [2025-02-04T16:25:31.735+0000] {dagbag.py:588} INFO - Filling up the DagBag from /home/airflow/.local/lib/python3.9/site-packages/airflow/example_dags/example_sla_dag.py
[2025-02-04T16:25:31.753+0000] {processor.py:925} INFO - DAG(s) 'example_sla_dag' retrieved from /home/airflow/.local/lib/python3.9/site-packages/airflow/example_dags/example_sla_dag.py
[2025-02-04T16:25:31.780+0000] {logging_mixin.py:190} INFO - [2025-02-04T16:25:31.780+0000] {dag.py:3239} INFO - Sync 1 DAGs
[2025-02-04T16:25:32.045+0000] {logging_mixin.py:190} INFO - [2025-02-04T16:25:32.044+0000] {dag.py:4180} INFO - Setting next_dagrun for example_sla_dag to 2025-02-04 16:22:00+00:00, run_after=2025-02-04 16:24:00+00:00
[2025-02-04T16:25:32.073+0000] {processor.py:208} INFO - Processing /home/airflow/.local/lib/python3.9/site-packages/airflow/example_dags/example_sla_dag.py took 0.351 seconds
[2025-02-04T16:26:02.414+0000] {processor.py:186} INFO - Started process (PID=485) to work on /home/airflow/.local/lib/python3.9/site-packages/airflow/example_dags/example_sla_dag.py
[2025-02-04T16:26:02.415+0000] {processor.py:914} INFO - Processing file /home/airflow/.local/lib/python3.9/site-packages/airflow/example_dags/example_sla_dag.py for tasks to queue
[2025-02-04T16:26:02.418+0000] {logging_mixin.py:190} INFO - [2025-02-04T16:26:02.417+0000] {dagbag.py:588} INFO - Filling up the DagBag from /home/airflow/.local/lib/python3.9/site-packages/airflow/example_dags/example_sla_dag.py
[2025-02-04T16:26:02.429+0000] {processor.py:925} INFO - DAG(s) 'example_sla_dag' retrieved from /home/airflow/.local/lib/python3.9/site-packages/airflow/example_dags/example_sla_dag.py
[2025-02-04T16:26:02.450+0000] {logging_mixin.py:190} INFO - [2025-02-04T16:26:02.450+0000] {dag.py:3239} INFO - Sync 1 DAGs
[2025-02-04T16:26:02.477+0000] {logging_mixin.py:190} INFO - [2025-02-04T16:26:02.477+0000] {dag.py:4180} INFO - Setting next_dagrun for example_sla_dag to 2025-02-04 16:24:00+00:00, run_after=2025-02-04 16:26:00+00:00
[2025-02-04T16:26:02.508+0000] {processor.py:208} INFO - Processing /home/airflow/.local/lib/python3.9/site-packages/airflow/example_dags/example_sla_dag.py took 0.100 seconds
[2025-02-04T16:26:33.303+0000] {processor.py:186} INFO - Started process (PID=549) to work on /home/airflow/.local/lib/python3.9/site-packages/airflow/example_dags/example_sla_dag.py
[2025-02-04T16:26:33.304+0000] {processor.py:914} INFO - Processing file /home/airflow/.local/lib/python3.9/site-packages/airflow/example_dags/example_sla_dag.py for tasks to queue
[2025-02-04T16:26:33.307+0000] {logging_mixin.py:190} INFO - [2025-02-04T16:26:33.307+0000] {dagbag.py:588} INFO - Filling up the DagBag from /home/airflow/.local/lib/python3.9/site-packages/airflow/example_dags/example_sla_dag.py
[2025-02-04T16:26:33.320+0000] {processor.py:925} INFO - DAG(s) 'example_sla_dag' retrieved from /home/airflow/.local/lib/python3.9/site-packages/airflow/example_dags/example_sla_dag.py
[2025-02-04T16:26:33.347+0000] {logging_mixin.py:190} INFO - [2025-02-04T16:26:33.346+0000] {dag.py:3239} INFO - Sync 1 DAGs
[2025-02-04T16:26:33.384+0000] {logging_mixin.py:190} INFO - [2025-02-04T16:26:33.383+0000] {dag.py:4180} INFO - Setting next_dagrun for example_sla_dag to 2025-02-04 16:24:00+00:00, run_after=2025-02-04 16:26:00+00:00
[2025-02-04T16:26:33.411+0000] {processor.py:208} INFO - Processing /home/airflow/.local/lib/python3.9/site-packages/airflow/example_dags/example_sla_dag.py took 0.116 seconds
[2025-02-04T16:27:04.426+0000] {processor.py:186} INFO - Started process (PID=620) to work on /home/airflow/.local/lib/python3.9/site-packages/airflow/example_dags/example_sla_dag.py
[2025-02-04T16:27:04.428+0000] {processor.py:914} INFO - Processing file /home/airflow/.local/lib/python3.9/site-packages/airflow/example_dags/example_sla_dag.py for tasks to queue
[2025-02-04T16:27:04.432+0000] {logging_mixin.py:190} INFO - [2025-02-04T16:27:04.432+0000] {dagbag.py:588} INFO - Filling up the DagBag from /home/airflow/.local/lib/python3.9/site-packages/airflow/example_dags/example_sla_dag.py
[2025-02-04T16:27:04.448+0000] {processor.py:925} INFO - DAG(s) 'example_sla_dag' retrieved from /home/airflow/.local/lib/python3.9/site-packages/airflow/example_dags/example_sla_dag.py
[2025-02-04T16:27:04.474+0000] {logging_mixin.py:190} INFO - [2025-02-04T16:27:04.474+0000] {dag.py:3239} INFO - Sync 1 DAGs
[2025-02-04T16:27:04.524+0000] {logging_mixin.py:190} INFO - [2025-02-04T16:27:04.523+0000] {dag.py:4180} INFO - Setting next_dagrun for example_sla_dag to 2025-02-04 16:24:00+00:00, run_after=2025-02-04 16:26:00+00:00
[2025-02-04T16:27:04.564+0000] {processor.py:208} INFO - Processing /home/airflow/.local/lib/python3.9/site-packages/airflow/example_dags/example_sla_dag.py took 0.147 seconds
[2025-02-04T16:27:35.181+0000] {processor.py:186} INFO - Started process (PID=684) to work on /home/airflow/.local/lib/python3.9/site-packages/airflow/example_dags/example_sla_dag.py
[2025-02-04T16:27:35.183+0000] {processor.py:914} INFO - Processing file /home/airflow/.local/lib/python3.9/site-packages/airflow/example_dags/example_sla_dag.py for tasks to queue
[2025-02-04T16:27:35.187+0000] {logging_mixin.py:190} INFO - [2025-02-04T16:27:35.186+0000] {dagbag.py:588} INFO - Filling up the DagBag from /home/airflow/.local/lib/python3.9/site-packages/airflow/example_dags/example_sla_dag.py
[2025-02-04T16:27:35.199+0000] {processor.py:925} INFO - DAG(s) 'example_sla_dag' retrieved from /home/airflow/.local/lib/python3.9/site-packages/airflow/example_dags/example_sla_dag.py
[2025-02-04T16:27:35.230+0000] {logging_mixin.py:190} INFO - [2025-02-04T16:27:35.229+0000] {dag.py:3239} INFO - Sync 1 DAGs
[2025-02-04T16:27:35.263+0000] {logging_mixin.py:190} INFO - [2025-02-04T16:27:35.263+0000] {dag.py:4180} INFO - Setting next_dagrun for example_sla_dag to 2025-02-04 16:24:00+00:00, run_after=2025-02-04 16:26:00+00:00
[2025-02-04T16:27:35.290+0000] {processor.py:208} INFO - Processing /home/airflow/.local/lib/python3.9/site-packages/airflow/example_dags/example_sla_dag.py took 0.117 seconds
[2025-02-04T16:28:06.166+0000] {processor.py:186} INFO - Started process (PID=748) to work on /home/airflow/.local/lib/python3.9/site-packages/airflow/example_dags/example_sla_dag.py
[2025-02-04T16:28:06.168+0000] {processor.py:914} INFO - Processing file /home/airflow/.local/lib/python3.9/site-packages/airflow/example_dags/example_sla_dag.py for tasks to queue
[2025-02-04T16:28:06.171+0000] {logging_mixin.py:190} INFO - [2025-02-04T16:28:06.170+0000] {dagbag.py:588} INFO - Filling up the DagBag from /home/airflow/.local/lib/python3.9/site-packages/airflow/example_dags/example_sla_dag.py
[2025-02-04T16:28:06.183+0000] {processor.py:925} INFO - DAG(s) 'example_sla_dag' retrieved from /home/airflow/.local/lib/python3.9/site-packages/airflow/example_dags/example_sla_dag.py
[2025-02-04T16:28:06.206+0000] {logging_mixin.py:190} INFO - [2025-02-04T16:28:06.206+0000] {dag.py:3239} INFO - Sync 1 DAGs
[2025-02-04T16:28:06.234+0000] {logging_mixin.py:190} INFO - [2025-02-04T16:28:06.234+0000] {dag.py:4180} INFO - Setting next_dagrun for example_sla_dag to 2025-02-04 16:26:00+00:00, run_after=2025-02-04 16:28:00+00:00
[2025-02-04T16:28:06.287+0000] {processor.py:208} INFO - Processing /home/airflow/.local/lib/python3.9/site-packages/airflow/example_dags/example_sla_dag.py took 0.128 seconds
[2025-02-04T16:28:36.604+0000] {processor.py:186} INFO - Started process (PID=812) to work on /home/airflow/.local/lib/python3.9/site-packages/airflow/example_dags/example_sla_dag.py
[2025-02-04T16:28:36.606+0000] {processor.py:914} INFO - Processing file /home/airflow/.local/lib/python3.9/site-packages/airflow/example_dags/example_sla_dag.py for tasks to queue
[2025-02-04T16:28:36.609+0000] {logging_mixin.py:190} INFO - [2025-02-04T16:28:36.609+0000] {dagbag.py:588} INFO - Filling up the DagBag from /home/airflow/.local/lib/python3.9/site-packages/airflow/example_dags/example_sla_dag.py
[2025-02-04T16:28:36.622+0000] {processor.py:925} INFO - DAG(s) 'example_sla_dag' retrieved from /home/airflow/.local/lib/python3.9/site-packages/airflow/example_dags/example_sla_dag.py
[2025-02-04T16:28:36.644+0000] {logging_mixin.py:190} INFO - [2025-02-04T16:28:36.644+0000] {dag.py:3239} INFO - Sync 1 DAGs
[2025-02-04T16:28:36.671+0000] {logging_mixin.py:190} INFO - [2025-02-04T16:28:36.670+0000] {dag.py:4180} INFO - Setting next_dagrun for example_sla_dag to 2025-02-04 16:26:00+00:00, run_after=2025-02-04 16:28:00+00:00
[2025-02-04T16:28:36.698+0000] {processor.py:208} INFO - Processing /home/airflow/.local/lib/python3.9/site-packages/airflow/example_dags/example_sla_dag.py took 0.101 seconds
[2025-02-04T16:29:07.423+0000] {processor.py:186} INFO - Started process (PID=876) to work on /home/airflow/.local/lib/python3.9/site-packages/airflow/example_dags/example_sla_dag.py
[2025-02-04T16:29:07.424+0000] {processor.py:914} INFO - Processing file /home/airflow/.local/lib/python3.9/site-packages/airflow/example_dags/example_sla_dag.py for tasks to queue
[2025-02-04T16:29:07.427+0000] {logging_mixin.py:190} INFO - [2025-02-04T16:29:07.427+0000] {dagbag.py:588} INFO - Filling up the DagBag from /home/airflow/.local/lib/python3.9/site-packages/airflow/example_dags/example_sla_dag.py
[2025-02-04T16:29:07.440+0000] {processor.py:925} INFO - DAG(s) 'example_sla_dag' retrieved from /home/airflow/.local/lib/python3.9/site-packages/airflow/example_dags/example_sla_dag.py
[2025-02-04T16:29:07.462+0000] {logging_mixin.py:190} INFO - [2025-02-04T16:29:07.462+0000] {dag.py:3239} INFO - Sync 1 DAGs
[2025-02-04T16:29:07.491+0000] {logging_mixin.py:190} INFO - [2025-02-04T16:29:07.491+0000] {dag.py:4180} INFO - Setting next_dagrun for example_sla_dag to 2025-02-04 16:26:00+00:00, run_after=2025-02-04 16:28:00+00:00
[2025-02-04T16:29:07.518+0000] {processor.py:208} INFO - Processing /home/airflow/.local/lib/python3.9/site-packages/airflow/example_dags/example_sla_dag.py took 0.102 seconds
[2025-02-04T16:29:37.730+0000] {processor.py:186} INFO - Started process (PID=940) to work on /home/airflow/.local/lib/python3.9/site-packages/airflow/example_dags/example_sla_dag.py
[2025-02-04T16:29:37.732+0000] {processor.py:914} INFO - Processing file /home/airflow/.local/lib/python3.9/site-packages/airflow/example_dags/example_sla_dag.py for tasks to queue
[2025-02-04T16:29:37.735+0000] {logging_mixin.py:190} INFO - [2025-02-04T16:29:37.735+0000] {dagbag.py:588} INFO - Filling up the DagBag from /home/airflow/.local/lib/python3.9/site-packages/airflow/example_dags/example_sla_dag.py
[2025-02-04T16:29:37.748+0000] {processor.py:925} INFO - DAG(s) 'example_sla_dag' retrieved from /home/airflow/.local/lib/python3.9/site-packages/airflow/example_dags/example_sla_dag.py
[2025-02-04T16:29:37.772+0000] {logging_mixin.py:190} INFO - [2025-02-04T16:29:37.772+0000] {dag.py:3239} INFO - Sync 1 DAGs
[2025-02-04T16:29:37.801+0000] {logging_mixin.py:190} INFO - [2025-02-04T16:29:37.801+0000] {dag.py:4180} INFO - Setting next_dagrun for example_sla_dag to 2025-02-04 16:26:00+00:00, run_after=2025-02-04 16:28:00+00:00
[2025-02-04T16:29:37.830+0000] {processor.py:208} INFO - Processing /home/airflow/.local/lib/python3.9/site-packages/airflow/example_dags/example_sla_dag.py took 0.107 seconds
[2025-02-04T16:30:08.122+0000] {processor.py:186} INFO - Started process (PID=1004) to work on /home/airflow/.local/lib/python3.9/site-packages/airflow/example_dags/example_sla_dag.py
[2025-02-04T16:30:08.123+0000] {processor.py:914} INFO - Processing file /home/airflow/.local/lib/python3.9/site-packages/airflow/example_dags/example_sla_dag.py for tasks to queue
[2025-02-04T16:30:08.126+0000] {logging_mixin.py:190} INFO - [2025-02-04T16:30:08.126+0000] {dagbag.py:588} INFO - Filling up the DagBag from /home/airflow/.local/lib/python3.9/site-packages/airflow/example_dags/example_sla_dag.py
[2025-02-04T16:30:08.141+0000] {processor.py:925} INFO - DAG(s) 'example_sla_dag' retrieved from /home/airflow/.local/lib/python3.9/site-packages/airflow/example_dags/example_sla_dag.py
[2025-02-04T16:30:08.166+0000] {logging_mixin.py:190} INFO - [2025-02-04T16:30:08.165+0000] {dag.py:3239} INFO - Sync 1 DAGs
[2025-02-04T16:30:08.196+0000] {logging_mixin.py:190} INFO - [2025-02-04T16:30:08.196+0000] {dag.py:4180} INFO - Setting next_dagrun for example_sla_dag to 2025-02-04 16:28:00+00:00, run_after=2025-02-04 16:30:00+00:00
[2025-02-04T16:30:08.229+0000] {processor.py:208} INFO - Processing /home/airflow/.local/lib/python3.9/site-packages/airflow/example_dags/example_sla_dag.py took 0.116 seconds
[2025-02-04T16:30:38.860+0000] {processor.py:186} INFO - Started process (PID=1068) to work on /home/airflow/.local/lib/python3.9/site-packages/airflow/example_dags/example_sla_dag.py
[2025-02-04T16:30:38.861+0000] {processor.py:914} INFO - Processing file /home/airflow/.local/lib/python3.9/site-packages/airflow/example_dags/example_sla_dag.py for tasks to queue
[2025-02-04T16:30:38.864+0000] {logging_mixin.py:190} INFO - [2025-02-04T16:30:38.864+0000] {dagbag.py:588} INFO - Filling up the DagBag from /home/airflow/.local/lib/python3.9/site-packages/airflow/example_dags/example_sla_dag.py
[2025-02-04T16:30:38.877+0000] {processor.py:925} INFO - DAG(s) 'example_sla_dag' retrieved from /home/airflow/.local/lib/python3.9/site-packages/airflow/example_dags/example_sla_dag.py
[2025-02-04T16:30:38.898+0000] {logging_mixin.py:190} INFO - [2025-02-04T16:30:38.898+0000] {dag.py:3239} INFO - Sync 1 DAGs
[2025-02-04T16:30:38.927+0000] {logging_mixin.py:190} INFO - [2025-02-04T16:30:38.927+0000] {dag.py:4180} INFO - Setting next_dagrun for example_sla_dag to 2025-02-04 16:28:00+00:00, run_after=2025-02-04 16:30:00+00:00
[2025-02-04T16:30:38.956+0000] {processor.py:208} INFO - Processing /home/airflow/.local/lib/python3.9/site-packages/airflow/example_dags/example_sla_dag.py took 0.103 seconds
[2025-02-04T16:31:09.498+0000] {processor.py:186} INFO - Started process (PID=1132) to work on /home/airflow/.local/lib/python3.9/site-packages/airflow/example_dags/example_sla_dag.py
[2025-02-04T16:31:09.500+0000] {processor.py:914} INFO - Processing file /home/airflow/.local/lib/python3.9/site-packages/airflow/example_dags/example_sla_dag.py for tasks to queue
[2025-02-04T16:31:09.503+0000] {logging_mixin.py:190} INFO - [2025-02-04T16:31:09.503+0000] {dagbag.py:588} INFO - Filling up the DagBag from /home/airflow/.local/lib/python3.9/site-packages/airflow/example_dags/example_sla_dag.py
[2025-02-04T16:31:09.531+0000] {processor.py:925} INFO - DAG(s) 'example_sla_dag' retrieved from /home/airflow/.local/lib/python3.9/site-packages/airflow/example_dags/example_sla_dag.py
[2025-02-04T16:31:09.593+0000] {logging_mixin.py:190} INFO - [2025-02-04T16:31:09.593+0000] {dag.py:3239} INFO - Sync 1 DAGs
[2025-02-04T16:31:09.675+0000] {logging_mixin.py:190} INFO - [2025-02-04T16:31:09.675+0000] {dag.py:4180} INFO - Setting next_dagrun for example_sla_dag to 2025-02-04 16:28:00+00:00, run_after=2025-02-04 16:30:00+00:00
[2025-02-04T16:31:09.767+0000] {processor.py:208} INFO - Processing /home/airflow/.local/lib/python3.9/site-packages/airflow/example_dags/example_sla_dag.py took 0.277 seconds
[2025-02-04T16:31:40.763+0000] {processor.py:186} INFO - Started process (PID=1196) to work on /home/airflow/.local/lib/python3.9/site-packages/airflow/example_dags/example_sla_dag.py
[2025-02-04T16:31:40.764+0000] {processor.py:914} INFO - Processing file /home/airflow/.local/lib/python3.9/site-packages/airflow/example_dags/example_sla_dag.py for tasks to queue
[2025-02-04T16:31:40.768+0000] {logging_mixin.py:190} INFO - [2025-02-04T16:31:40.767+0000] {dagbag.py:588} INFO - Filling up the DagBag from /home/airflow/.local/lib/python3.9/site-packages/airflow/example_dags/example_sla_dag.py
[2025-02-04T16:31:40.779+0000] {processor.py:925} INFO - DAG(s) 'example_sla_dag' retrieved from /home/airflow/.local/lib/python3.9/site-packages/airflow/example_dags/example_sla_dag.py
[2025-02-04T16:31:40.803+0000] {logging_mixin.py:190} INFO - [2025-02-04T16:31:40.802+0000] {dag.py:3239} INFO - Sync 1 DAGs
[2025-02-04T16:31:40.832+0000] {logging_mixin.py:190} INFO - [2025-02-04T16:31:40.832+0000] {dag.py:4180} INFO - Setting next_dagrun for example_sla_dag to 2025-02-04 16:28:00+00:00, run_after=2025-02-04 16:30:00+00:00
[2025-02-04T16:31:40.860+0000] {processor.py:208} INFO - Processing /home/airflow/.local/lib/python3.9/site-packages/airflow/example_dags/example_sla_dag.py took 0.104 seconds
[2025-02-04T16:32:11.035+0000] {processor.py:186} INFO - Started process (PID=1267) to work on /home/airflow/.local/lib/python3.9/site-packages/airflow/example_dags/example_sla_dag.py
[2025-02-04T16:32:11.037+0000] {processor.py:914} INFO - Processing file /home/airflow/.local/lib/python3.9/site-packages/airflow/example_dags/example_sla_dag.py for tasks to queue
[2025-02-04T16:32:11.040+0000] {logging_mixin.py:190} INFO - [2025-02-04T16:32:11.039+0000] {dagbag.py:588} INFO - Filling up the DagBag from /home/airflow/.local/lib/python3.9/site-packages/airflow/example_dags/example_sla_dag.py
[2025-02-04T16:32:11.052+0000] {processor.py:925} INFO - DAG(s) 'example_sla_dag' retrieved from /home/airflow/.local/lib/python3.9/site-packages/airflow/example_dags/example_sla_dag.py
[2025-02-04T16:32:11.075+0000] {logging_mixin.py:190} INFO - [2025-02-04T16:32:11.075+0000] {dag.py:3239} INFO - Sync 1 DAGs
[2025-02-04T16:32:11.103+0000] {logging_mixin.py:190} INFO - [2025-02-04T16:32:11.103+0000] {dag.py:4180} INFO - Setting next_dagrun for example_sla_dag to 2025-02-04 16:30:00+00:00, run_after=2025-02-04 16:32:00+00:00
[2025-02-04T16:32:11.134+0000] {processor.py:208} INFO - Processing /home/airflow/.local/lib/python3.9/site-packages/airflow/example_dags/example_sla_dag.py took 0.105 seconds
[2025-02-04T16:32:41.340+0000] {processor.py:186} INFO - Started process (PID=1331) to work on /home/airflow/.local/lib/python3.9/site-packages/airflow/example_dags/example_sla_dag.py
[2025-02-04T16:32:41.341+0000] {processor.py:914} INFO - Processing file /home/airflow/.local/lib/python3.9/site-packages/airflow/example_dags/example_sla_dag.py for tasks to queue
[2025-02-04T16:32:41.345+0000] {logging_mixin.py:190} INFO - [2025-02-04T16:32:41.345+0000] {dagbag.py:588} INFO - Filling up the DagBag from /home/airflow/.local/lib/python3.9/site-packages/airflow/example_dags/example_sla_dag.py
[2025-02-04T16:32:41.362+0000] {processor.py:925} INFO - DAG(s) 'example_sla_dag' retrieved from /home/airflow/.local/lib/python3.9/site-packages/airflow/example_dags/example_sla_dag.py
[2025-02-04T16:32:41.386+0000] {logging_mixin.py:190} INFO - [2025-02-04T16:32:41.385+0000] {dag.py:3239} INFO - Sync 1 DAGs
[2025-02-04T16:32:41.417+0000] {logging_mixin.py:190} INFO - [2025-02-04T16:32:41.417+0000] {dag.py:4180} INFO - Setting next_dagrun for example_sla_dag to 2025-02-04 16:30:00+00:00, run_after=2025-02-04 16:32:00+00:00
[2025-02-04T16:32:41.448+0000] {processor.py:208} INFO - Processing /home/airflow/.local/lib/python3.9/site-packages/airflow/example_dags/example_sla_dag.py took 0.116 seconds
[2025-02-04T16:33:12.228+0000] {processor.py:186} INFO - Started process (PID=1396) to work on /home/airflow/.local/lib/python3.9/site-packages/airflow/example_dags/example_sla_dag.py
[2025-02-04T16:33:12.229+0000] {processor.py:914} INFO - Processing file /home/airflow/.local/lib/python3.9/site-packages/airflow/example_dags/example_sla_dag.py for tasks to queue
[2025-02-04T16:33:12.232+0000] {logging_mixin.py:190} INFO - [2025-02-04T16:33:12.232+0000] {dagbag.py:588} INFO - Filling up the DagBag from /home/airflow/.local/lib/python3.9/site-packages/airflow/example_dags/example_sla_dag.py
[2025-02-04T16:33:12.243+0000] {processor.py:925} INFO - DAG(s) 'example_sla_dag' retrieved from /home/airflow/.local/lib/python3.9/site-packages/airflow/example_dags/example_sla_dag.py
[2025-02-04T16:33:12.265+0000] {logging_mixin.py:190} INFO - [2025-02-04T16:33:12.265+0000] {dag.py:3239} INFO - Sync 1 DAGs
[2025-02-04T16:33:12.292+0000] {logging_mixin.py:190} INFO - [2025-02-04T16:33:12.292+0000] {dag.py:4180} INFO - Setting next_dagrun for example_sla_dag to 2025-02-04 16:30:00+00:00, run_after=2025-02-04 16:32:00+00:00
[2025-02-04T16:33:12.318+0000] {processor.py:208} INFO - Processing /home/airflow/.local/lib/python3.9/site-packages/airflow/example_dags/example_sla_dag.py took 0.097 seconds
[2025-02-04T16:33:42.930+0000] {processor.py:186} INFO - Started process (PID=1460) to work on /home/airflow/.local/lib/python3.9/site-packages/airflow/example_dags/example_sla_dag.py
[2025-02-04T16:33:42.932+0000] {processor.py:914} INFO - Processing file /home/airflow/.local/lib/python3.9/site-packages/airflow/example_dags/example_sla_dag.py for tasks to queue
[2025-02-04T16:33:42.934+0000] {logging_mixin.py:190} INFO - [2025-02-04T16:33:42.934+0000] {dagbag.py:588} INFO - Filling up the DagBag from /home/airflow/.local/lib/python3.9/site-packages/airflow/example_dags/example_sla_dag.py
[2025-02-04T16:33:42.946+0000] {processor.py:925} INFO - DAG(s) 'example_sla_dag' retrieved from /home/airflow/.local/lib/python3.9/site-packages/airflow/example_dags/example_sla_dag.py
[2025-02-04T16:33:42.968+0000] {logging_mixin.py:190} INFO - [2025-02-04T16:33:42.968+0000] {dag.py:3239} INFO - Sync 1 DAGs
[2025-02-04T16:33:42.994+0000] {logging_mixin.py:190} INFO - [2025-02-04T16:33:42.993+0000] {dag.py:4180} INFO - Setting next_dagrun for example_sla_dag to 2025-02-04 16:30:00+00:00, run_after=2025-02-04 16:32:00+00:00
[2025-02-04T16:33:43.021+0000] {processor.py:208} INFO - Processing /home/airflow/.local/lib/python3.9/site-packages/airflow/example_dags/example_sla_dag.py took 0.097 seconds
[2025-02-04T16:34:13.270+0000] {processor.py:186} INFO - Started process (PID=1524) to work on /home/airflow/.local/lib/python3.9/site-packages/airflow/example_dags/example_sla_dag.py
[2025-02-04T16:34:13.271+0000] {processor.py:914} INFO - Processing file /home/airflow/.local/lib/python3.9/site-packages/airflow/example_dags/example_sla_dag.py for tasks to queue
[2025-02-04T16:34:13.275+0000] {logging_mixin.py:190} INFO - [2025-02-04T16:34:13.274+0000] {dagbag.py:588} INFO - Filling up the DagBag from /home/airflow/.local/lib/python3.9/site-packages/airflow/example_dags/example_sla_dag.py
[2025-02-04T16:34:13.288+0000] {processor.py:925} INFO - DAG(s) 'example_sla_dag' retrieved from /home/airflow/.local/lib/python3.9/site-packages/airflow/example_dags/example_sla_dag.py
[2025-02-04T16:34:13.314+0000] {logging_mixin.py:190} INFO - [2025-02-04T16:34:13.314+0000] {dag.py:3239} INFO - Sync 1 DAGs
[2025-02-04T16:34:13.343+0000] {logging_mixin.py:190} INFO - [2025-02-04T16:34:13.343+0000] {dag.py:4180} INFO - Setting next_dagrun for example_sla_dag to 2025-02-04 16:32:00+00:00, run_after=2025-02-04 16:34:00+00:00
[2025-02-04T16:34:13.366+0000] {processor.py:208} INFO - Processing /home/airflow/.local/lib/python3.9/site-packages/airflow/example_dags/example_sla_dag.py took 0.104 seconds
[2025-02-04T16:34:46.779+0000] {processor.py:186} INFO - Started process (PID=1588) to work on /home/airflow/.local/lib/python3.9/site-packages/airflow/example_dags/example_sla_dag.py
[2025-02-04T16:34:46.780+0000] {processor.py:914} INFO - Processing file /home/airflow/.local/lib/python3.9/site-packages/airflow/example_dags/example_sla_dag.py for tasks to queue
[2025-02-04T16:34:46.783+0000] {logging_mixin.py:190} INFO - [2025-02-04T16:34:46.783+0000] {dagbag.py:588} INFO - Filling up the DagBag from /home/airflow/.local/lib/python3.9/site-packages/airflow/example_dags/example_sla_dag.py
[2025-02-04T16:34:46.795+0000] {processor.py:925} INFO - DAG(s) 'example_sla_dag' retrieved from /home/airflow/.local/lib/python3.9/site-packages/airflow/example_dags/example_sla_dag.py
[2025-02-04T16:34:46.816+0000] {logging_mixin.py:190} INFO - [2025-02-04T16:34:46.816+0000] {dag.py:3239} INFO - Sync 1 DAGs
[2025-02-04T16:34:46.843+0000] {logging_mixin.py:190} INFO - [2025-02-04T16:34:46.843+0000] {dag.py:4180} INFO - Setting next_dagrun for example_sla_dag to 2025-02-04 16:32:00+00:00, run_after=2025-02-04 16:34:00+00:00
[2025-02-04T16:34:46.873+0000] {processor.py:208} INFO - Processing /home/airflow/.local/lib/python3.9/site-packages/airflow/example_dags/example_sla_dag.py took 0.100 seconds
[2025-02-04T16:35:17.374+0000] {processor.py:186} INFO - Started process (PID=1652) to work on /home/airflow/.local/lib/python3.9/site-packages/airflow/example_dags/example_sla_dag.py
[2025-02-04T16:35:17.375+0000] {processor.py:914} INFO - Processing file /home/airflow/.local/lib/python3.9/site-packages/airflow/example_dags/example_sla_dag.py for tasks to queue
[2025-02-04T16:35:17.378+0000] {logging_mixin.py:190} INFO - [2025-02-04T16:35:17.378+0000] {dagbag.py:588} INFO - Filling up the DagBag from /home/airflow/.local/lib/python3.9/site-packages/airflow/example_dags/example_sla_dag.py
[2025-02-04T16:35:17.389+0000] {processor.py:925} INFO - DAG(s) 'example_sla_dag' retrieved from /home/airflow/.local/lib/python3.9/site-packages/airflow/example_dags/example_sla_dag.py
[2025-02-04T16:35:17.410+0000] {logging_mixin.py:190} INFO - [2025-02-04T16:35:17.410+0000] {dag.py:3239} INFO - Sync 1 DAGs
[2025-02-04T16:35:17.436+0000] {logging_mixin.py:190} INFO - [2025-02-04T16:35:17.436+0000] {dag.py:4180} INFO - Setting next_dagrun for example_sla_dag to 2025-02-04 16:32:00+00:00, run_after=2025-02-04 16:34:00+00:00
[2025-02-04T16:35:17.464+0000] {processor.py:208} INFO - Processing /home/airflow/.local/lib/python3.9/site-packages/airflow/example_dags/example_sla_dag.py took 0.097 seconds
[2025-02-04T16:35:48.405+0000] {processor.py:186} INFO - Started process (PID=1716) to work on /home/airflow/.local/lib/python3.9/site-packages/airflow/example_dags/example_sla_dag.py
[2025-02-04T16:35:48.407+0000] {processor.py:914} INFO - Processing file /home/airflow/.local/lib/python3.9/site-packages/airflow/example_dags/example_sla_dag.py for tasks to queue
[2025-02-04T16:35:48.410+0000] {logging_mixin.py:190} INFO - [2025-02-04T16:35:48.409+0000] {dagbag.py:588} INFO - Filling up the DagBag from /home/airflow/.local/lib/python3.9/site-packages/airflow/example_dags/example_sla_dag.py
[2025-02-04T16:35:48.421+0000] {processor.py:925} INFO - DAG(s) 'example_sla_dag' retrieved from /home/airflow/.local/lib/python3.9/site-packages/airflow/example_dags/example_sla_dag.py
[2025-02-04T16:35:48.444+0000] {logging_mixin.py:190} INFO - [2025-02-04T16:35:48.444+0000] {dag.py:3239} INFO - Sync 1 DAGs
[2025-02-04T16:35:48.473+0000] {logging_mixin.py:190} INFO - [2025-02-04T16:35:48.472+0000] {dag.py:4180} INFO - Setting next_dagrun for example_sla_dag to 2025-02-04 16:32:00+00:00, run_after=2025-02-04 16:34:00+00:00
[2025-02-04T16:35:48.499+0000] {processor.py:208} INFO - Processing /home/airflow/.local/lib/python3.9/site-packages/airflow/example_dags/example_sla_dag.py took 0.100 seconds
[2025-02-04T16:36:18.647+0000] {processor.py:186} INFO - Started process (PID=1781) to work on /home/airflow/.local/lib/python3.9/site-packages/airflow/example_dags/example_sla_dag.py
[2025-02-04T16:36:18.649+0000] {processor.py:914} INFO - Processing file /home/airflow/.local/lib/python3.9/site-packages/airflow/example_dags/example_sla_dag.py for tasks to queue
[2025-02-04T16:36:18.651+0000] {logging_mixin.py:190} INFO - [2025-02-04T16:36:18.651+0000] {dagbag.py:588} INFO - Filling up the DagBag from /home/airflow/.local/lib/python3.9/site-packages/airflow/example_dags/example_sla_dag.py
[2025-02-04T16:36:18.660+0000] {processor.py:925} INFO - DAG(s) 'example_sla_dag' retrieved from /home/airflow/.local/lib/python3.9/site-packages/airflow/example_dags/example_sla_dag.py
[2025-02-04T16:36:18.685+0000] {logging_mixin.py:190} INFO - [2025-02-04T16:36:18.684+0000] {dag.py:3239} INFO - Sync 1 DAGs
[2025-02-04T16:36:18.711+0000] {logging_mixin.py:190} INFO - [2025-02-04T16:36:18.711+0000] {dag.py:4180} INFO - Setting next_dagrun for example_sla_dag to 2025-02-04 16:34:00+00:00, run_after=2025-02-04 16:36:00+00:00
[2025-02-04T16:36:18.737+0000] {processor.py:208} INFO - Processing /home/airflow/.local/lib/python3.9/site-packages/airflow/example_dags/example_sla_dag.py took 0.096 seconds
[2025-02-04T16:36:49.241+0000] {processor.py:186} INFO - Started process (PID=1845) to work on /home/airflow/.local/lib/python3.9/site-packages/airflow/example_dags/example_sla_dag.py
[2025-02-04T16:36:49.242+0000] {processor.py:914} INFO - Processing file /home/airflow/.local/lib/python3.9/site-packages/airflow/example_dags/example_sla_dag.py for tasks to queue
[2025-02-04T16:36:49.245+0000] {logging_mixin.py:190} INFO - [2025-02-04T16:36:49.245+0000] {dagbag.py:588} INFO - Filling up the DagBag from /home/airflow/.local/lib/python3.9/site-packages/airflow/example_dags/example_sla_dag.py
[2025-02-04T16:36:49.256+0000] {processor.py:925} INFO - DAG(s) 'example_sla_dag' retrieved from /home/airflow/.local/lib/python3.9/site-packages/airflow/example_dags/example_sla_dag.py
[2025-02-04T16:36:49.282+0000] {logging_mixin.py:190} INFO - [2025-02-04T16:36:49.281+0000] {dag.py:3239} INFO - Sync 1 DAGs
[2025-02-04T16:36:49.307+0000] {logging_mixin.py:190} INFO - [2025-02-04T16:36:49.307+0000] {dag.py:4180} INFO - Setting next_dagrun for example_sla_dag to 2025-02-04 16:34:00+00:00, run_after=2025-02-04 16:36:00+00:00
[2025-02-04T16:36:49.331+0000] {processor.py:208} INFO - Processing /home/airflow/.local/lib/python3.9/site-packages/airflow/example_dags/example_sla_dag.py took 0.096 seconds
[2025-02-04T16:39:24.527+0000] {processor.py:186} INFO - Started process (PID=1898) to work on /home/airflow/.local/lib/python3.9/site-packages/airflow/example_dags/example_sla_dag.py
[2025-02-04T16:39:24.528+0000] {processor.py:914} INFO - Processing file /home/airflow/.local/lib/python3.9/site-packages/airflow/example_dags/example_sla_dag.py for tasks to queue
[2025-02-04T16:39:24.529+0000] {logging_mixin.py:190} INFO - [2025-02-04T16:39:24.529+0000] {dagbag.py:588} INFO - Filling up the DagBag from /home/airflow/.local/lib/python3.9/site-packages/airflow/example_dags/example_sla_dag.py
[2025-02-04T16:39:24.541+0000] {processor.py:925} INFO - DAG(s) 'example_sla_dag' retrieved from /home/airflow/.local/lib/python3.9/site-packages/airflow/example_dags/example_sla_dag.py
[2025-02-04T16:39:24.591+0000] {logging_mixin.py:190} INFO - [2025-02-04T16:39:24.590+0000] {dag.py:3239} INFO - Sync 1 DAGs
[2025-02-04T16:39:24.634+0000] {logging_mixin.py:190} INFO - [2025-02-04T16:39:24.634+0000] {dag.py:4180} INFO - Setting next_dagrun for example_sla_dag to 2025-02-04 16:36:00+00:00, run_after=2025-02-04 16:38:00+00:00
[2025-02-04T16:39:24.679+0000] {processor.py:208} INFO - Processing /home/airflow/.local/lib/python3.9/site-packages/airflow/example_dags/example_sla_dag.py took 0.160 seconds
[2025-02-04T16:39:55.614+0000] {processor.py:186} INFO - Started process (PID=1962) to work on /home/airflow/.local/lib/python3.9/site-packages/airflow/example_dags/example_sla_dag.py
[2025-02-04T16:39:55.615+0000] {processor.py:914} INFO - Processing file /home/airflow/.local/lib/python3.9/site-packages/airflow/example_dags/example_sla_dag.py for tasks to queue
[2025-02-04T16:39:55.616+0000] {logging_mixin.py:190} INFO - [2025-02-04T16:39:55.616+0000] {dagbag.py:588} INFO - Filling up the DagBag from /home/airflow/.local/lib/python3.9/site-packages/airflow/example_dags/example_sla_dag.py
[2025-02-04T16:39:55.626+0000] {processor.py:925} INFO - DAG(s) 'example_sla_dag' retrieved from /home/airflow/.local/lib/python3.9/site-packages/airflow/example_dags/example_sla_dag.py
[2025-02-04T16:39:55.646+0000] {logging_mixin.py:190} INFO - [2025-02-04T16:39:55.646+0000] {dag.py:3239} INFO - Sync 1 DAGs
[2025-02-04T16:39:55.672+0000] {logging_mixin.py:190} INFO - [2025-02-04T16:39:55.672+0000] {dag.py:4180} INFO - Setting next_dagrun for example_sla_dag to 2025-02-04 16:36:00+00:00, run_after=2025-02-04 16:38:00+00:00
[2025-02-04T16:39:55.695+0000] {processor.py:208} INFO - Processing /home/airflow/.local/lib/python3.9/site-packages/airflow/example_dags/example_sla_dag.py took 0.088 seconds
[2025-02-04T16:40:26.705+0000] {processor.py:186} INFO - Started process (PID=2026) to work on /home/airflow/.local/lib/python3.9/site-packages/airflow/example_dags/example_sla_dag.py
[2025-02-04T16:40:26.707+0000] {processor.py:914} INFO - Processing file /home/airflow/.local/lib/python3.9/site-packages/airflow/example_dags/example_sla_dag.py for tasks to queue
[2025-02-04T16:40:26.709+0000] {logging_mixin.py:190} INFO - [2025-02-04T16:40:26.708+0000] {dagbag.py:588} INFO - Filling up the DagBag from /home/airflow/.local/lib/python3.9/site-packages/airflow/example_dags/example_sla_dag.py
[2025-02-04T16:40:26.721+0000] {processor.py:925} INFO - DAG(s) 'example_sla_dag' retrieved from /home/airflow/.local/lib/python3.9/site-packages/airflow/example_dags/example_sla_dag.py
[2025-02-04T16:40:26.744+0000] {logging_mixin.py:190} INFO - [2025-02-04T16:40:26.744+0000] {dag.py:3239} INFO - Sync 1 DAGs
[2025-02-04T16:40:26.773+0000] {logging_mixin.py:190} INFO - [2025-02-04T16:40:26.773+0000] {dag.py:4180} INFO - Setting next_dagrun for example_sla_dag to 2025-02-04 16:38:00+00:00, run_after=2025-02-04 16:40:00+00:00
[2025-02-04T16:40:26.800+0000] {processor.py:208} INFO - Processing /home/airflow/.local/lib/python3.9/site-packages/airflow/example_dags/example_sla_dag.py took 0.105 seconds
[2025-02-04T16:40:57.614+0000] {processor.py:186} INFO - Started process (PID=2090) to work on /home/airflow/.local/lib/python3.9/site-packages/airflow/example_dags/example_sla_dag.py
[2025-02-04T16:40:57.615+0000] {processor.py:914} INFO - Processing file /home/airflow/.local/lib/python3.9/site-packages/airflow/example_dags/example_sla_dag.py for tasks to queue
[2025-02-04T16:40:57.617+0000] {logging_mixin.py:190} INFO - [2025-02-04T16:40:57.616+0000] {dagbag.py:588} INFO - Filling up the DagBag from /home/airflow/.local/lib/python3.9/site-packages/airflow/example_dags/example_sla_dag.py
[2025-02-04T16:40:57.630+0000] {processor.py:925} INFO - DAG(s) 'example_sla_dag' retrieved from /home/airflow/.local/lib/python3.9/site-packages/airflow/example_dags/example_sla_dag.py
[2025-02-04T16:40:57.653+0000] {logging_mixin.py:190} INFO - [2025-02-04T16:40:57.653+0000] {dag.py:3239} INFO - Sync 1 DAGs
[2025-02-04T16:40:57.687+0000] {logging_mixin.py:190} INFO - [2025-02-04T16:40:57.687+0000] {dag.py:4180} INFO - Setting next_dagrun for example_sla_dag to 2025-02-04 16:38:00+00:00, run_after=2025-02-04 16:40:00+00:00
[2025-02-04T16:40:57.719+0000] {processor.py:208} INFO - Processing /home/airflow/.local/lib/python3.9/site-packages/airflow/example_dags/example_sla_dag.py took 0.111 seconds
[2025-02-04T16:41:28.546+0000] {processor.py:186} INFO - Started process (PID=2154) to work on /home/airflow/.local/lib/python3.9/site-packages/airflow/example_dags/example_sla_dag.py
[2025-02-04T16:41:28.548+0000] {processor.py:914} INFO - Processing file /home/airflow/.local/lib/python3.9/site-packages/airflow/example_dags/example_sla_dag.py for tasks to queue
[2025-02-04T16:41:28.549+0000] {logging_mixin.py:190} INFO - [2025-02-04T16:41:28.549+0000] {dagbag.py:588} INFO - Filling up the DagBag from /home/airflow/.local/lib/python3.9/site-packages/airflow/example_dags/example_sla_dag.py
[2025-02-04T16:41:28.561+0000] {processor.py:925} INFO - DAG(s) 'example_sla_dag' retrieved from /home/airflow/.local/lib/python3.9/site-packages/airflow/example_dags/example_sla_dag.py
[2025-02-04T16:41:28.581+0000] {logging_mixin.py:190} INFO - [2025-02-04T16:41:28.581+0000] {dag.py:3239} INFO - Sync 1 DAGs
[2025-02-04T16:41:28.608+0000] {logging_mixin.py:190} INFO - [2025-02-04T16:41:28.608+0000] {dag.py:4180} INFO - Setting next_dagrun for example_sla_dag to 2025-02-04 16:38:00+00:00, run_after=2025-02-04 16:40:00+00:00
[2025-02-04T16:41:28.634+0000] {processor.py:208} INFO - Processing /home/airflow/.local/lib/python3.9/site-packages/airflow/example_dags/example_sla_dag.py took 0.094 seconds
[2025-02-04T16:41:58.907+0000] {processor.py:186} INFO - Started process (PID=2218) to work on /home/airflow/.local/lib/python3.9/site-packages/airflow/example_dags/example_sla_dag.py
[2025-02-04T16:41:58.908+0000] {processor.py:914} INFO - Processing file /home/airflow/.local/lib/python3.9/site-packages/airflow/example_dags/example_sla_dag.py for tasks to queue
[2025-02-04T16:41:58.910+0000] {logging_mixin.py:190} INFO - [2025-02-04T16:41:58.910+0000] {dagbag.py:588} INFO - Filling up the DagBag from /home/airflow/.local/lib/python3.9/site-packages/airflow/example_dags/example_sla_dag.py
[2025-02-04T16:41:58.923+0000] {processor.py:925} INFO - DAG(s) 'example_sla_dag' retrieved from /home/airflow/.local/lib/python3.9/site-packages/airflow/example_dags/example_sla_dag.py
[2025-02-04T16:41:58.948+0000] {logging_mixin.py:190} INFO - [2025-02-04T16:41:58.947+0000] {dag.py:3239} INFO - Sync 1 DAGs
[2025-02-04T16:41:58.979+0000] {logging_mixin.py:190} INFO - [2025-02-04T16:41:58.979+0000] {dag.py:4180} INFO - Setting next_dagrun for example_sla_dag to 2025-02-04 16:38:00+00:00, run_after=2025-02-04 16:40:00+00:00
[2025-02-04T16:41:59.007+0000] {processor.py:208} INFO - Processing /home/airflow/.local/lib/python3.9/site-packages/airflow/example_dags/example_sla_dag.py took 0.108 seconds
[2025-02-04T16:42:29.345+0000] {processor.py:186} INFO - Started process (PID=2282) to work on /home/airflow/.local/lib/python3.9/site-packages/airflow/example_dags/example_sla_dag.py
[2025-02-04T16:42:29.347+0000] {processor.py:914} INFO - Processing file /home/airflow/.local/lib/python3.9/site-packages/airflow/example_dags/example_sla_dag.py for tasks to queue
[2025-02-04T16:42:29.348+0000] {logging_mixin.py:190} INFO - [2025-02-04T16:42:29.348+0000] {dagbag.py:588} INFO - Filling up the DagBag from /home/airflow/.local/lib/python3.9/site-packages/airflow/example_dags/example_sla_dag.py
[2025-02-04T16:42:29.363+0000] {processor.py:925} INFO - DAG(s) 'example_sla_dag' retrieved from /home/airflow/.local/lib/python3.9/site-packages/airflow/example_dags/example_sla_dag.py
[2025-02-04T16:42:29.385+0000] {logging_mixin.py:190} INFO - [2025-02-04T16:42:29.385+0000] {dag.py:3239} INFO - Sync 1 DAGs
[2025-02-04T16:42:29.414+0000] {logging_mixin.py:190} INFO - [2025-02-04T16:42:29.414+0000] {dag.py:4180} INFO - Setting next_dagrun for example_sla_dag to 2025-02-04 16:40:00+00:00, run_after=2025-02-04 16:42:00+00:00
[2025-02-04T16:42:29.443+0000] {processor.py:208} INFO - Processing /home/airflow/.local/lib/python3.9/site-packages/airflow/example_dags/example_sla_dag.py took 0.106 seconds
[2025-02-04T16:42:59.747+0000] {processor.py:186} INFO - Started process (PID=2346) to work on /home/airflow/.local/lib/python3.9/site-packages/airflow/example_dags/example_sla_dag.py
[2025-02-04T16:42:59.748+0000] {processor.py:914} INFO - Processing file /home/airflow/.local/lib/python3.9/site-packages/airflow/example_dags/example_sla_dag.py for tasks to queue
[2025-02-04T16:42:59.751+0000] {logging_mixin.py:190} INFO - [2025-02-04T16:42:59.750+0000] {dagbag.py:588} INFO - Filling up the DagBag from /home/airflow/.local/lib/python3.9/site-packages/airflow/example_dags/example_sla_dag.py
[2025-02-04T16:42:59.763+0000] {processor.py:925} INFO - DAG(s) 'example_sla_dag' retrieved from /home/airflow/.local/lib/python3.9/site-packages/airflow/example_dags/example_sla_dag.py
[2025-02-04T16:42:59.788+0000] {logging_mixin.py:190} INFO - [2025-02-04T16:42:59.787+0000] {dag.py:3239} INFO - Sync 1 DAGs
[2025-02-04T16:42:59.822+0000] {logging_mixin.py:190} INFO - [2025-02-04T16:42:59.822+0000] {dag.py:4180} INFO - Setting next_dagrun for example_sla_dag to 2025-02-04 16:40:00+00:00, run_after=2025-02-04 16:42:00+00:00
[2025-02-04T16:42:59.851+0000] {processor.py:208} INFO - Processing /home/airflow/.local/lib/python3.9/site-packages/airflow/example_dags/example_sla_dag.py took 0.113 seconds
[2025-02-04T16:43:30.015+0000] {processor.py:186} INFO - Started process (PID=2410) to work on /home/airflow/.local/lib/python3.9/site-packages/airflow/example_dags/example_sla_dag.py
[2025-02-04T16:43:30.017+0000] {processor.py:914} INFO - Processing file /home/airflow/.local/lib/python3.9/site-packages/airflow/example_dags/example_sla_dag.py for tasks to queue
[2025-02-04T16:43:30.019+0000] {logging_mixin.py:190} INFO - [2025-02-04T16:43:30.019+0000] {dagbag.py:588} INFO - Filling up the DagBag from /home/airflow/.local/lib/python3.9/site-packages/airflow/example_dags/example_sla_dag.py
[2025-02-04T16:43:30.032+0000] {processor.py:925} INFO - DAG(s) 'example_sla_dag' retrieved from /home/airflow/.local/lib/python3.9/site-packages/airflow/example_dags/example_sla_dag.py
[2025-02-04T16:43:30.054+0000] {logging_mixin.py:190} INFO - [2025-02-04T16:43:30.054+0000] {dag.py:3239} INFO - Sync 1 DAGs
[2025-02-04T16:43:30.085+0000] {logging_mixin.py:190} INFO - [2025-02-04T16:43:30.085+0000] {dag.py:4180} INFO - Setting next_dagrun for example_sla_dag to 2025-02-04 16:40:00+00:00, run_after=2025-02-04 16:42:00+00:00
[2025-02-04T16:43:30.122+0000] {processor.py:208} INFO - Processing /home/airflow/.local/lib/python3.9/site-packages/airflow/example_dags/example_sla_dag.py took 0.113 seconds
[2025-02-04T16:44:00.888+0000] {processor.py:186} INFO - Started process (PID=2474) to work on /home/airflow/.local/lib/python3.9/site-packages/airflow/example_dags/example_sla_dag.py
[2025-02-04T16:44:00.889+0000] {processor.py:914} INFO - Processing file /home/airflow/.local/lib/python3.9/site-packages/airflow/example_dags/example_sla_dag.py for tasks to queue
[2025-02-04T16:44:00.891+0000] {logging_mixin.py:190} INFO - [2025-02-04T16:44:00.890+0000] {dagbag.py:588} INFO - Filling up the DagBag from /home/airflow/.local/lib/python3.9/site-packages/airflow/example_dags/example_sla_dag.py
[2025-02-04T16:44:00.905+0000] {processor.py:925} INFO - DAG(s) 'example_sla_dag' retrieved from /home/airflow/.local/lib/python3.9/site-packages/airflow/example_dags/example_sla_dag.py
[2025-02-04T16:44:00.929+0000] {logging_mixin.py:190} INFO - [2025-02-04T16:44:00.929+0000] {dag.py:3239} INFO - Sync 1 DAGs
[2025-02-04T16:44:00.959+0000] {logging_mixin.py:190} INFO - [2025-02-04T16:44:00.959+0000] {dag.py:4180} INFO - Setting next_dagrun for example_sla_dag to 2025-02-04 16:42:00+00:00, run_after=2025-02-04 16:44:00+00:00
[2025-02-04T16:44:00.988+0000] {processor.py:208} INFO - Processing /home/airflow/.local/lib/python3.9/site-packages/airflow/example_dags/example_sla_dag.py took 0.110 seconds
[2025-02-04T16:44:31.078+0000] {processor.py:186} INFO - Started process (PID=2538) to work on /home/airflow/.local/lib/python3.9/site-packages/airflow/example_dags/example_sla_dag.py
[2025-02-04T16:44:31.080+0000] {processor.py:914} INFO - Processing file /home/airflow/.local/lib/python3.9/site-packages/airflow/example_dags/example_sla_dag.py for tasks to queue
[2025-02-04T16:44:31.082+0000] {logging_mixin.py:190} INFO - [2025-02-04T16:44:31.081+0000] {dagbag.py:588} INFO - Filling up the DagBag from /home/airflow/.local/lib/python3.9/site-packages/airflow/example_dags/example_sla_dag.py
[2025-02-04T16:44:31.094+0000] {processor.py:925} INFO - DAG(s) 'example_sla_dag' retrieved from /home/airflow/.local/lib/python3.9/site-packages/airflow/example_dags/example_sla_dag.py
[2025-02-04T16:44:31.113+0000] {logging_mixin.py:190} INFO - [2025-02-04T16:44:31.113+0000] {dag.py:3239} INFO - Sync 1 DAGs
[2025-02-04T16:44:31.139+0000] {logging_mixin.py:190} INFO - [2025-02-04T16:44:31.139+0000] {dag.py:4180} INFO - Setting next_dagrun for example_sla_dag to 2025-02-04 16:42:00+00:00, run_after=2025-02-04 16:44:00+00:00
[2025-02-04T16:44:31.169+0000] {processor.py:208} INFO - Processing /home/airflow/.local/lib/python3.9/site-packages/airflow/example_dags/example_sla_dag.py took 0.099 seconds
[2025-02-04T16:45:01.851+0000] {processor.py:186} INFO - Started process (PID=2602) to work on /home/airflow/.local/lib/python3.9/site-packages/airflow/example_dags/example_sla_dag.py
[2025-02-04T16:45:01.852+0000] {processor.py:914} INFO - Processing file /home/airflow/.local/lib/python3.9/site-packages/airflow/example_dags/example_sla_dag.py for tasks to queue
[2025-02-04T16:45:01.853+0000] {logging_mixin.py:190} INFO - [2025-02-04T16:45:01.853+0000] {dagbag.py:588} INFO - Filling up the DagBag from /home/airflow/.local/lib/python3.9/site-packages/airflow/example_dags/example_sla_dag.py
[2025-02-04T16:45:01.864+0000] {processor.py:925} INFO - DAG(s) 'example_sla_dag' retrieved from /home/airflow/.local/lib/python3.9/site-packages/airflow/example_dags/example_sla_dag.py
[2025-02-04T16:45:01.885+0000] {logging_mixin.py:190} INFO - [2025-02-04T16:45:01.884+0000] {dag.py:3239} INFO - Sync 1 DAGs
[2025-02-04T16:45:01.908+0000] {logging_mixin.py:190} INFO - [2025-02-04T16:45:01.908+0000] {dag.py:4180} INFO - Setting next_dagrun for example_sla_dag to 2025-02-04 16:42:00+00:00, run_after=2025-02-04 16:44:00+00:00
[2025-02-04T16:45:01.933+0000] {processor.py:208} INFO - Processing /home/airflow/.local/lib/python3.9/site-packages/airflow/example_dags/example_sla_dag.py took 0.089 seconds
[2025-02-04T16:45:32.076+0000] {processor.py:186} INFO - Started process (PID=2666) to work on /home/airflow/.local/lib/python3.9/site-packages/airflow/example_dags/example_sla_dag.py
[2025-02-04T16:45:32.089+0000] {processor.py:914} INFO - Processing file /home/airflow/.local/lib/python3.9/site-packages/airflow/example_dags/example_sla_dag.py for tasks to queue
[2025-02-04T16:45:32.092+0000] {logging_mixin.py:190} INFO - [2025-02-04T16:45:32.091+0000] {dagbag.py:588} INFO - Filling up the DagBag from /home/airflow/.local/lib/python3.9/site-packages/airflow/example_dags/example_sla_dag.py
[2025-02-04T16:45:32.107+0000] {processor.py:925} INFO - DAG(s) 'example_sla_dag' retrieved from /home/airflow/.local/lib/python3.9/site-packages/airflow/example_dags/example_sla_dag.py
[2025-02-04T16:45:32.134+0000] {logging_mixin.py:190} INFO - [2025-02-04T16:45:32.133+0000] {dag.py:3239} INFO - Sync 1 DAGs
[2025-02-04T16:45:32.160+0000] {logging_mixin.py:190} INFO - [2025-02-04T16:45:32.160+0000] {dag.py:4180} INFO - Setting next_dagrun for example_sla_dag to 2025-02-04 16:42:00+00:00, run_after=2025-02-04 16:44:00+00:00
[2025-02-04T16:45:32.184+0000] {processor.py:208} INFO - Processing /home/airflow/.local/lib/python3.9/site-packages/airflow/example_dags/example_sla_dag.py took 0.118 seconds
[2025-02-04T16:46:04.725+0000] {processor.py:186} INFO - Started process (PID=2737) to work on /home/airflow/.local/lib/python3.9/site-packages/airflow/example_dags/example_sla_dag.py
[2025-02-04T16:46:04.726+0000] {processor.py:914} INFO - Processing file /home/airflow/.local/lib/python3.9/site-packages/airflow/example_dags/example_sla_dag.py for tasks to queue
[2025-02-04T16:46:04.728+0000] {logging_mixin.py:190} INFO - [2025-02-04T16:46:04.727+0000] {dagbag.py:588} INFO - Filling up the DagBag from /home/airflow/.local/lib/python3.9/site-packages/airflow/example_dags/example_sla_dag.py
[2025-02-04T16:46:04.738+0000] {processor.py:925} INFO - DAG(s) 'example_sla_dag' retrieved from /home/airflow/.local/lib/python3.9/site-packages/airflow/example_dags/example_sla_dag.py
[2025-02-04T16:46:04.759+0000] {logging_mixin.py:190} INFO - [2025-02-04T16:46:04.759+0000] {dag.py:3239} INFO - Sync 1 DAGs
[2025-02-04T16:46:04.790+0000] {logging_mixin.py:190} INFO - [2025-02-04T16:46:04.789+0000] {dag.py:4180} INFO - Setting next_dagrun for example_sla_dag to 2025-02-04 16:44:00+00:00, run_after=2025-02-04 16:46:00+00:00
[2025-02-04T16:46:04.825+0000] {processor.py:208} INFO - Processing /home/airflow/.local/lib/python3.9/site-packages/airflow/example_dags/example_sla_dag.py took 0.107 seconds
[2025-02-04T16:46:34.826+0000] {processor.py:186} INFO - Started process (PID=2801) to work on /home/airflow/.local/lib/python3.9/site-packages/airflow/example_dags/example_sla_dag.py
[2025-02-04T16:46:34.827+0000] {processor.py:914} INFO - Processing file /home/airflow/.local/lib/python3.9/site-packages/airflow/example_dags/example_sla_dag.py for tasks to queue
[2025-02-04T16:46:34.828+0000] {logging_mixin.py:190} INFO - [2025-02-04T16:46:34.828+0000] {dagbag.py:588} INFO - Filling up the DagBag from /home/airflow/.local/lib/python3.9/site-packages/airflow/example_dags/example_sla_dag.py
[2025-02-04T16:46:34.841+0000] {processor.py:925} INFO - DAG(s) 'example_sla_dag' retrieved from /home/airflow/.local/lib/python3.9/site-packages/airflow/example_dags/example_sla_dag.py
[2025-02-04T16:46:34.862+0000] {logging_mixin.py:190} INFO - [2025-02-04T16:46:34.861+0000] {dag.py:3239} INFO - Sync 1 DAGs
[2025-02-04T16:46:34.891+0000] {logging_mixin.py:190} INFO - [2025-02-04T16:46:34.890+0000] {dag.py:4180} INFO - Setting next_dagrun for example_sla_dag to 2025-02-04 16:44:00+00:00, run_after=2025-02-04 16:46:00+00:00
[2025-02-04T16:46:34.917+0000] {processor.py:208} INFO - Processing /home/airflow/.local/lib/python3.9/site-packages/airflow/example_dags/example_sla_dag.py took 0.098 seconds
[2025-02-04T16:47:09.793+0000] {processor.py:186} INFO - Started process (PID=2868) to work on /home/airflow/.local/lib/python3.9/site-packages/airflow/example_dags/example_sla_dag.py
[2025-02-04T16:47:09.794+0000] {processor.py:914} INFO - Processing file /home/airflow/.local/lib/python3.9/site-packages/airflow/example_dags/example_sla_dag.py for tasks to queue
[2025-02-04T16:47:09.796+0000] {logging_mixin.py:190} INFO - [2025-02-04T16:47:09.796+0000] {dagbag.py:588} INFO - Filling up the DagBag from /home/airflow/.local/lib/python3.9/site-packages/airflow/example_dags/example_sla_dag.py
[2025-02-04T16:47:09.890+0000] {processor.py:925} INFO - DAG(s) 'example_sla_dag' retrieved from /home/airflow/.local/lib/python3.9/site-packages/airflow/example_dags/example_sla_dag.py
[2025-02-04T16:47:10.060+0000] {logging_mixin.py:190} INFO - [2025-02-04T16:47:10.059+0000] {dag.py:3239} INFO - Sync 1 DAGs
[2025-02-04T16:47:10.086+0000] {logging_mixin.py:190} INFO - [2025-02-04T16:47:10.085+0000] {dag.py:4180} INFO - Setting next_dagrun for example_sla_dag to 2025-02-04 16:44:00+00:00, run_after=2025-02-04 16:46:00+00:00
[2025-02-04T16:47:10.111+0000] {processor.py:208} INFO - Processing /home/airflow/.local/lib/python3.9/site-packages/airflow/example_dags/example_sla_dag.py took 0.325 seconds
[2025-02-04T16:47:50.671+0000] {processor.py:186} INFO - Started process (PID=2932) to work on /home/airflow/.local/lib/python3.9/site-packages/airflow/example_dags/example_sla_dag.py
[2025-02-04T16:47:50.673+0000] {processor.py:914} INFO - Processing file /home/airflow/.local/lib/python3.9/site-packages/airflow/example_dags/example_sla_dag.py for tasks to queue
[2025-02-04T16:47:50.674+0000] {logging_mixin.py:190} INFO - [2025-02-04T16:47:50.674+0000] {dagbag.py:588} INFO - Filling up the DagBag from /home/airflow/.local/lib/python3.9/site-packages/airflow/example_dags/example_sla_dag.py
[2025-02-04T16:47:50.688+0000] {processor.py:925} INFO - DAG(s) 'example_sla_dag' retrieved from /home/airflow/.local/lib/python3.9/site-packages/airflow/example_dags/example_sla_dag.py
[2025-02-04T16:47:50.709+0000] {logging_mixin.py:190} INFO - [2025-02-04T16:47:50.709+0000] {dag.py:3239} INFO - Sync 1 DAGs
[2025-02-04T16:47:50.751+0000] {logging_mixin.py:190} INFO - [2025-02-04T16:47:50.751+0000] {dag.py:4180} INFO - Setting next_dagrun for example_sla_dag to 2025-02-04 16:44:00+00:00, run_after=2025-02-04 16:46:00+00:00
[2025-02-04T16:47:50.780+0000] {processor.py:208} INFO - Processing /home/airflow/.local/lib/python3.9/site-packages/airflow/example_dags/example_sla_dag.py took 0.116 seconds
