[2025-02-04T16:22:58.177+0000] {processor.py:186} INFO - Started process (PID=124) to work on /home/airflow/.local/lib/python3.9/site-packages/airflow/example_dags/example_latest_only.py
[2025-02-04T16:22:58.179+0000] {processor.py:914} INFO - Processing file /home/airflow/.local/lib/python3.9/site-packages/airflow/example_dags/example_latest_only.py for tasks to queue
[2025-02-04T16:22:58.182+0000] {logging_mixin.py:190} INFO - [2025-02-04T16:22:58.182+0000] {dagbag.py:588} INFO - Filling up the DagBag from /home/airflow/.local/lib/python3.9/site-packages/airflow/example_dags/example_latest_only.py
[2025-02-04T16:22:58.227+0000] {processor.py:925} INFO - DAG(s) 'latest_only' retrieved from /home/airflow/.local/lib/python3.9/site-packages/airflow/example_dags/example_latest_only.py
[2025-02-04T16:22:58.329+0000] {logging_mixin.py:190} INFO - [2025-02-04T16:22:58.328+0000] {override.py:1912} INFO - Created Permission View: can delete on DAG:latest_only
[2025-02-04T16:22:58.345+0000] {logging_mixin.py:190} INFO - [2025-02-04T16:22:58.345+0000] {override.py:1912} INFO - Created Permission View: can edit on DAG:latest_only
[2025-02-04T16:22:58.359+0000] {logging_mixin.py:190} INFO - [2025-02-04T16:22:58.359+0000] {override.py:1912} INFO - Created Permission View: can read on DAG:latest_only
[2025-02-04T16:22:58.381+0000] {logging_mixin.py:190} INFO - [2025-02-04T16:22:58.381+0000] {override.py:1912} INFO - Created Permission View: can delete on DAG Run:latest_only
[2025-02-04T16:22:58.394+0000] {logging_mixin.py:190} INFO - [2025-02-04T16:22:58.394+0000] {override.py:1912} INFO - Created Permission View: menu access on DAG Run:latest_only
[2025-02-04T16:22:58.408+0000] {logging_mixin.py:190} INFO - [2025-02-04T16:22:58.407+0000] {override.py:1912} INFO - Created Permission View: can read on DAG Run:latest_only
[2025-02-04T16:22:58.423+0000] {logging_mixin.py:190} INFO - [2025-02-04T16:22:58.422+0000] {override.py:1912} INFO - Created Permission View: can create on DAG Run:latest_only
[2025-02-04T16:22:58.424+0000] {logging_mixin.py:190} INFO - [2025-02-04T16:22:58.423+0000] {dag.py:3239} INFO - Sync 1 DAGs
[2025-02-04T16:22:58.437+0000] {logging_mixin.py:190} INFO - [2025-02-04T16:22:58.437+0000] {dag.py:3262} INFO - Creating ORM DAG for latest_only
[2025-02-04T16:22:58.447+0000] {logging_mixin.py:190} INFO - [2025-02-04T16:22:58.446+0000] {dag.py:4180} INFO - Setting next_dagrun for latest_only to 2025-02-04 12:00:00+00:00, run_after=2025-02-04 16:00:00+00:00
[2025-02-04T16:22:58.471+0000] {processor.py:208} INFO - Processing /home/airflow/.local/lib/python3.9/site-packages/airflow/example_dags/example_latest_only.py took 0.300 seconds
[2025-02-04T16:23:34.154+0000] {processor.py:186} INFO - Started process (PID=188) to work on /home/airflow/.local/lib/python3.9/site-packages/airflow/example_dags/example_latest_only.py
[2025-02-04T16:23:34.156+0000] {processor.py:914} INFO - Processing file /home/airflow/.local/lib/python3.9/site-packages/airflow/example_dags/example_latest_only.py for tasks to queue
[2025-02-04T16:23:34.159+0000] {logging_mixin.py:190} INFO - [2025-02-04T16:23:34.159+0000] {dagbag.py:588} INFO - Filling up the DagBag from /home/airflow/.local/lib/python3.9/site-packages/airflow/example_dags/example_latest_only.py
[2025-02-04T16:23:34.167+0000] {processor.py:925} INFO - DAG(s) 'latest_only' retrieved from /home/airflow/.local/lib/python3.9/site-packages/airflow/example_dags/example_latest_only.py
[2025-02-04T16:23:34.737+0000] {logging_mixin.py:190} INFO - [2025-02-04T16:23:34.737+0000] {dag.py:3239} INFO - Sync 1 DAGs
[2025-02-04T16:23:34.760+0000] {logging_mixin.py:190} INFO - [2025-02-04T16:23:34.760+0000] {dag.py:4180} INFO - Setting next_dagrun for latest_only to 2025-02-04 12:00:00+00:00, run_after=2025-02-04 16:00:00+00:00
[2025-02-04T16:23:34.786+0000] {processor.py:208} INFO - Processing /home/airflow/.local/lib/python3.9/site-packages/airflow/example_dags/example_latest_only.py took 0.644 seconds
[2025-02-04T16:24:05.007+0000] {processor.py:186} INFO - Started process (PID=255) to work on /home/airflow/.local/lib/python3.9/site-packages/airflow/example_dags/example_latest_only.py
[2025-02-04T16:24:05.008+0000] {processor.py:914} INFO - Processing file /home/airflow/.local/lib/python3.9/site-packages/airflow/example_dags/example_latest_only.py for tasks to queue
[2025-02-04T16:24:05.011+0000] {logging_mixin.py:190} INFO - [2025-02-04T16:24:05.011+0000] {dagbag.py:588} INFO - Filling up the DagBag from /home/airflow/.local/lib/python3.9/site-packages/airflow/example_dags/example_latest_only.py
[2025-02-04T16:24:05.020+0000] {processor.py:925} INFO - DAG(s) 'latest_only' retrieved from /home/airflow/.local/lib/python3.9/site-packages/airflow/example_dags/example_latest_only.py
[2025-02-04T16:24:05.042+0000] {logging_mixin.py:190} INFO - [2025-02-04T16:24:05.042+0000] {dag.py:3239} INFO - Sync 1 DAGs
[2025-02-04T16:24:05.066+0000] {logging_mixin.py:190} INFO - [2025-02-04T16:24:05.066+0000] {dag.py:4180} INFO - Setting next_dagrun for latest_only to 2025-02-04 12:00:00+00:00, run_after=2025-02-04 16:00:00+00:00
[2025-02-04T16:24:05.093+0000] {processor.py:208} INFO - Processing /home/airflow/.local/lib/python3.9/site-packages/airflow/example_dags/example_latest_only.py took 0.092 seconds
[2025-02-04T16:24:35.535+0000] {processor.py:186} INFO - Started process (PID=314) to work on /home/airflow/.local/lib/python3.9/site-packages/airflow/example_dags/example_latest_only.py
[2025-02-04T16:24:35.536+0000] {processor.py:914} INFO - Processing file /home/airflow/.local/lib/python3.9/site-packages/airflow/example_dags/example_latest_only.py for tasks to queue
[2025-02-04T16:24:35.539+0000] {logging_mixin.py:190} INFO - [2025-02-04T16:24:35.539+0000] {dagbag.py:588} INFO - Filling up the DagBag from /home/airflow/.local/lib/python3.9/site-packages/airflow/example_dags/example_latest_only.py
[2025-02-04T16:24:35.547+0000] {processor.py:925} INFO - DAG(s) 'latest_only' retrieved from /home/airflow/.local/lib/python3.9/site-packages/airflow/example_dags/example_latest_only.py
[2025-02-04T16:24:35.570+0000] {logging_mixin.py:190} INFO - [2025-02-04T16:24:35.570+0000] {dag.py:3239} INFO - Sync 1 DAGs
[2025-02-04T16:24:35.597+0000] {logging_mixin.py:190} INFO - [2025-02-04T16:24:35.596+0000] {dag.py:4180} INFO - Setting next_dagrun for latest_only to 2025-02-04 12:00:00+00:00, run_after=2025-02-04 16:00:00+00:00
[2025-02-04T16:24:35.625+0000] {processor.py:208} INFO - Processing /home/airflow/.local/lib/python3.9/site-packages/airflow/example_dags/example_latest_only.py took 0.097 seconds
[2025-02-04T16:25:06.207+0000] {processor.py:186} INFO - Started process (PID=378) to work on /home/airflow/.local/lib/python3.9/site-packages/airflow/example_dags/example_latest_only.py
[2025-02-04T16:25:06.209+0000] {processor.py:914} INFO - Processing file /home/airflow/.local/lib/python3.9/site-packages/airflow/example_dags/example_latest_only.py for tasks to queue
[2025-02-04T16:25:06.212+0000] {logging_mixin.py:190} INFO - [2025-02-04T16:25:06.211+0000] {dagbag.py:588} INFO - Filling up the DagBag from /home/airflow/.local/lib/python3.9/site-packages/airflow/example_dags/example_latest_only.py
[2025-02-04T16:25:06.220+0000] {processor.py:925} INFO - DAG(s) 'latest_only' retrieved from /home/airflow/.local/lib/python3.9/site-packages/airflow/example_dags/example_latest_only.py
[2025-02-04T16:25:06.242+0000] {logging_mixin.py:190} INFO - [2025-02-04T16:25:06.242+0000] {dag.py:3239} INFO - Sync 1 DAGs
[2025-02-04T16:25:06.267+0000] {logging_mixin.py:190} INFO - [2025-02-04T16:25:06.266+0000] {dag.py:4180} INFO - Setting next_dagrun for latest_only to 2025-02-04 12:00:00+00:00, run_after=2025-02-04 16:00:00+00:00
[2025-02-04T16:25:06.298+0000] {processor.py:208} INFO - Processing /home/airflow/.local/lib/python3.9/site-packages/airflow/example_dags/example_latest_only.py took 0.098 seconds
[2025-02-04T16:25:36.630+0000] {processor.py:186} INFO - Started process (PID=442) to work on /home/airflow/.local/lib/python3.9/site-packages/airflow/example_dags/example_latest_only.py
[2025-02-04T16:25:36.632+0000] {processor.py:914} INFO - Processing file /home/airflow/.local/lib/python3.9/site-packages/airflow/example_dags/example_latest_only.py for tasks to queue
[2025-02-04T16:25:36.635+0000] {logging_mixin.py:190} INFO - [2025-02-04T16:25:36.634+0000] {dagbag.py:588} INFO - Filling up the DagBag from /home/airflow/.local/lib/python3.9/site-packages/airflow/example_dags/example_latest_only.py
[2025-02-04T16:25:36.643+0000] {processor.py:925} INFO - DAG(s) 'latest_only' retrieved from /home/airflow/.local/lib/python3.9/site-packages/airflow/example_dags/example_latest_only.py
[2025-02-04T16:25:36.662+0000] {logging_mixin.py:190} INFO - [2025-02-04T16:25:36.662+0000] {dag.py:3239} INFO - Sync 1 DAGs
[2025-02-04T16:25:36.686+0000] {logging_mixin.py:190} INFO - [2025-02-04T16:25:36.685+0000] {dag.py:4180} INFO - Setting next_dagrun for latest_only to 2025-02-04 12:00:00+00:00, run_after=2025-02-04 16:00:00+00:00
[2025-02-04T16:25:36.711+0000] {processor.py:208} INFO - Processing /home/airflow/.local/lib/python3.9/site-packages/airflow/example_dags/example_latest_only.py took 0.089 seconds
[2025-02-04T16:26:06.941+0000] {processor.py:186} INFO - Started process (PID=513) to work on /home/airflow/.local/lib/python3.9/site-packages/airflow/example_dags/example_latest_only.py
[2025-02-04T16:26:06.943+0000] {processor.py:914} INFO - Processing file /home/airflow/.local/lib/python3.9/site-packages/airflow/example_dags/example_latest_only.py for tasks to queue
[2025-02-04T16:26:06.945+0000] {logging_mixin.py:190} INFO - [2025-02-04T16:26:06.945+0000] {dagbag.py:588} INFO - Filling up the DagBag from /home/airflow/.local/lib/python3.9/site-packages/airflow/example_dags/example_latest_only.py
[2025-02-04T16:26:06.953+0000] {processor.py:925} INFO - DAG(s) 'latest_only' retrieved from /home/airflow/.local/lib/python3.9/site-packages/airflow/example_dags/example_latest_only.py
[2025-02-04T16:26:06.973+0000] {logging_mixin.py:190} INFO - [2025-02-04T16:26:06.973+0000] {dag.py:3239} INFO - Sync 1 DAGs
[2025-02-04T16:26:07.000+0000] {logging_mixin.py:190} INFO - [2025-02-04T16:26:07.000+0000] {dag.py:4180} INFO - Setting next_dagrun for latest_only to 2025-02-04 12:00:00+00:00, run_after=2025-02-04 16:00:00+00:00
[2025-02-04T16:26:07.029+0000] {processor.py:208} INFO - Processing /home/airflow/.local/lib/python3.9/site-packages/airflow/example_dags/example_latest_only.py took 0.095 seconds
[2025-02-04T16:26:38.305+0000] {processor.py:186} INFO - Started process (PID=577) to work on /home/airflow/.local/lib/python3.9/site-packages/airflow/example_dags/example_latest_only.py
[2025-02-04T16:26:38.307+0000] {processor.py:914} INFO - Processing file /home/airflow/.local/lib/python3.9/site-packages/airflow/example_dags/example_latest_only.py for tasks to queue
[2025-02-04T16:26:38.310+0000] {logging_mixin.py:190} INFO - [2025-02-04T16:26:38.310+0000] {dagbag.py:588} INFO - Filling up the DagBag from /home/airflow/.local/lib/python3.9/site-packages/airflow/example_dags/example_latest_only.py
[2025-02-04T16:26:38.319+0000] {processor.py:925} INFO - DAG(s) 'latest_only' retrieved from /home/airflow/.local/lib/python3.9/site-packages/airflow/example_dags/example_latest_only.py
[2025-02-04T16:26:38.342+0000] {logging_mixin.py:190} INFO - [2025-02-04T16:26:38.342+0000] {dag.py:3239} INFO - Sync 1 DAGs
[2025-02-04T16:26:38.365+0000] {logging_mixin.py:190} INFO - [2025-02-04T16:26:38.364+0000] {dag.py:4180} INFO - Setting next_dagrun for latest_only to 2025-02-04 12:00:00+00:00, run_after=2025-02-04 16:00:00+00:00
[2025-02-04T16:26:38.392+0000] {processor.py:208} INFO - Processing /home/airflow/.local/lib/python3.9/site-packages/airflow/example_dags/example_latest_only.py took 0.094 seconds
[2025-02-04T16:27:09.154+0000] {processor.py:186} INFO - Started process (PID=641) to work on /home/airflow/.local/lib/python3.9/site-packages/airflow/example_dags/example_latest_only.py
[2025-02-04T16:27:09.155+0000] {processor.py:914} INFO - Processing file /home/airflow/.local/lib/python3.9/site-packages/airflow/example_dags/example_latest_only.py for tasks to queue
[2025-02-04T16:27:09.159+0000] {logging_mixin.py:190} INFO - [2025-02-04T16:27:09.158+0000] {dagbag.py:588} INFO - Filling up the DagBag from /home/airflow/.local/lib/python3.9/site-packages/airflow/example_dags/example_latest_only.py
[2025-02-04T16:27:09.167+0000] {processor.py:925} INFO - DAG(s) 'latest_only' retrieved from /home/airflow/.local/lib/python3.9/site-packages/airflow/example_dags/example_latest_only.py
[2025-02-04T16:27:09.188+0000] {logging_mixin.py:190} INFO - [2025-02-04T16:27:09.188+0000] {dag.py:3239} INFO - Sync 1 DAGs
[2025-02-04T16:27:09.210+0000] {logging_mixin.py:190} INFO - [2025-02-04T16:27:09.210+0000] {dag.py:4180} INFO - Setting next_dagrun for latest_only to 2025-02-04 12:00:00+00:00, run_after=2025-02-04 16:00:00+00:00
[2025-02-04T16:27:09.238+0000] {processor.py:208} INFO - Processing /home/airflow/.local/lib/python3.9/site-packages/airflow/example_dags/example_latest_only.py took 0.090 seconds
[2025-02-04T16:27:40.042+0000] {processor.py:186} INFO - Started process (PID=705) to work on /home/airflow/.local/lib/python3.9/site-packages/airflow/example_dags/example_latest_only.py
[2025-02-04T16:27:40.043+0000] {processor.py:914} INFO - Processing file /home/airflow/.local/lib/python3.9/site-packages/airflow/example_dags/example_latest_only.py for tasks to queue
[2025-02-04T16:27:40.046+0000] {logging_mixin.py:190} INFO - [2025-02-04T16:27:40.046+0000] {dagbag.py:588} INFO - Filling up the DagBag from /home/airflow/.local/lib/python3.9/site-packages/airflow/example_dags/example_latest_only.py
[2025-02-04T16:27:40.056+0000] {processor.py:925} INFO - DAG(s) 'latest_only' retrieved from /home/airflow/.local/lib/python3.9/site-packages/airflow/example_dags/example_latest_only.py
[2025-02-04T16:27:40.084+0000] {logging_mixin.py:190} INFO - [2025-02-04T16:27:40.083+0000] {dag.py:3239} INFO - Sync 1 DAGs
[2025-02-04T16:27:40.109+0000] {logging_mixin.py:190} INFO - [2025-02-04T16:27:40.109+0000] {dag.py:4180} INFO - Setting next_dagrun for latest_only to 2025-02-04 12:00:00+00:00, run_after=2025-02-04 16:00:00+00:00
[2025-02-04T16:27:40.135+0000] {processor.py:208} INFO - Processing /home/airflow/.local/lib/python3.9/site-packages/airflow/example_dags/example_latest_only.py took 0.100 seconds
[2025-02-04T16:28:10.762+0000] {processor.py:186} INFO - Started process (PID=769) to work on /home/airflow/.local/lib/python3.9/site-packages/airflow/example_dags/example_latest_only.py
[2025-02-04T16:28:10.763+0000] {processor.py:914} INFO - Processing file /home/airflow/.local/lib/python3.9/site-packages/airflow/example_dags/example_latest_only.py for tasks to queue
[2025-02-04T16:28:10.767+0000] {logging_mixin.py:190} INFO - [2025-02-04T16:28:10.766+0000] {dagbag.py:588} INFO - Filling up the DagBag from /home/airflow/.local/lib/python3.9/site-packages/airflow/example_dags/example_latest_only.py
[2025-02-04T16:28:10.775+0000] {processor.py:925} INFO - DAG(s) 'latest_only' retrieved from /home/airflow/.local/lib/python3.9/site-packages/airflow/example_dags/example_latest_only.py
[2025-02-04T16:28:10.917+0000] {logging_mixin.py:190} INFO - [2025-02-04T16:28:10.917+0000] {dag.py:3239} INFO - Sync 1 DAGs
[2025-02-04T16:28:10.942+0000] {logging_mixin.py:190} INFO - [2025-02-04T16:28:10.941+0000] {dag.py:4180} INFO - Setting next_dagrun for latest_only to 2025-02-04 12:00:00+00:00, run_after=2025-02-04 16:00:00+00:00
[2025-02-04T16:28:10.973+0000] {processor.py:208} INFO - Processing /home/airflow/.local/lib/python3.9/site-packages/airflow/example_dags/example_latest_only.py took 0.218 seconds
[2025-02-04T16:28:41.023+0000] {processor.py:186} INFO - Started process (PID=833) to work on /home/airflow/.local/lib/python3.9/site-packages/airflow/example_dags/example_latest_only.py
[2025-02-04T16:28:41.024+0000] {processor.py:914} INFO - Processing file /home/airflow/.local/lib/python3.9/site-packages/airflow/example_dags/example_latest_only.py for tasks to queue
[2025-02-04T16:28:41.028+0000] {logging_mixin.py:190} INFO - [2025-02-04T16:28:41.027+0000] {dagbag.py:588} INFO - Filling up the DagBag from /home/airflow/.local/lib/python3.9/site-packages/airflow/example_dags/example_latest_only.py
[2025-02-04T16:28:41.036+0000] {processor.py:925} INFO - DAG(s) 'latest_only' retrieved from /home/airflow/.local/lib/python3.9/site-packages/airflow/example_dags/example_latest_only.py
[2025-02-04T16:28:41.059+0000] {logging_mixin.py:190} INFO - [2025-02-04T16:28:41.058+0000] {dag.py:3239} INFO - Sync 1 DAGs
[2025-02-04T16:28:41.083+0000] {logging_mixin.py:190} INFO - [2025-02-04T16:28:41.083+0000] {dag.py:4180} INFO - Setting next_dagrun for latest_only to 2025-02-04 12:00:00+00:00, run_after=2025-02-04 16:00:00+00:00
[2025-02-04T16:28:41.112+0000] {processor.py:208} INFO - Processing /home/airflow/.local/lib/python3.9/site-packages/airflow/example_dags/example_latest_only.py took 0.096 seconds
[2025-02-04T16:29:11.374+0000] {processor.py:186} INFO - Started process (PID=897) to work on /home/airflow/.local/lib/python3.9/site-packages/airflow/example_dags/example_latest_only.py
[2025-02-04T16:29:11.376+0000] {processor.py:914} INFO - Processing file /home/airflow/.local/lib/python3.9/site-packages/airflow/example_dags/example_latest_only.py for tasks to queue
[2025-02-04T16:29:11.380+0000] {logging_mixin.py:190} INFO - [2025-02-04T16:29:11.379+0000] {dagbag.py:588} INFO - Filling up the DagBag from /home/airflow/.local/lib/python3.9/site-packages/airflow/example_dags/example_latest_only.py
[2025-02-04T16:29:11.388+0000] {processor.py:925} INFO - DAG(s) 'latest_only' retrieved from /home/airflow/.local/lib/python3.9/site-packages/airflow/example_dags/example_latest_only.py
[2025-02-04T16:29:11.411+0000] {logging_mixin.py:190} INFO - [2025-02-04T16:29:11.411+0000] {dag.py:3239} INFO - Sync 1 DAGs
[2025-02-04T16:29:11.440+0000] {logging_mixin.py:190} INFO - [2025-02-04T16:29:11.439+0000] {dag.py:4180} INFO - Setting next_dagrun for latest_only to 2025-02-04 12:00:00+00:00, run_after=2025-02-04 16:00:00+00:00
[2025-02-04T16:29:11.474+0000] {processor.py:208} INFO - Processing /home/airflow/.local/lib/python3.9/site-packages/airflow/example_dags/example_latest_only.py took 0.106 seconds
[2025-02-04T16:29:41.627+0000] {processor.py:186} INFO - Started process (PID=961) to work on /home/airflow/.local/lib/python3.9/site-packages/airflow/example_dags/example_latest_only.py
[2025-02-04T16:29:41.629+0000] {processor.py:914} INFO - Processing file /home/airflow/.local/lib/python3.9/site-packages/airflow/example_dags/example_latest_only.py for tasks to queue
[2025-02-04T16:29:41.632+0000] {logging_mixin.py:190} INFO - [2025-02-04T16:29:41.631+0000] {dagbag.py:588} INFO - Filling up the DagBag from /home/airflow/.local/lib/python3.9/site-packages/airflow/example_dags/example_latest_only.py
[2025-02-04T16:29:41.639+0000] {processor.py:925} INFO - DAG(s) 'latest_only' retrieved from /home/airflow/.local/lib/python3.9/site-packages/airflow/example_dags/example_latest_only.py
[2025-02-04T16:29:41.665+0000] {logging_mixin.py:190} INFO - [2025-02-04T16:29:41.665+0000] {dag.py:3239} INFO - Sync 1 DAGs
[2025-02-04T16:29:41.692+0000] {logging_mixin.py:190} INFO - [2025-02-04T16:29:41.692+0000] {dag.py:4180} INFO - Setting next_dagrun for latest_only to 2025-02-04 12:00:00+00:00, run_after=2025-02-04 16:00:00+00:00
[2025-02-04T16:29:41.723+0000] {processor.py:208} INFO - Processing /home/airflow/.local/lib/python3.9/site-packages/airflow/example_dags/example_latest_only.py took 0.105 seconds
[2025-02-04T16:30:11.922+0000] {processor.py:186} INFO - Started process (PID=1025) to work on /home/airflow/.local/lib/python3.9/site-packages/airflow/example_dags/example_latest_only.py
[2025-02-04T16:30:11.924+0000] {processor.py:914} INFO - Processing file /home/airflow/.local/lib/python3.9/site-packages/airflow/example_dags/example_latest_only.py for tasks to queue
[2025-02-04T16:30:11.927+0000] {logging_mixin.py:190} INFO - [2025-02-04T16:30:11.927+0000] {dagbag.py:588} INFO - Filling up the DagBag from /home/airflow/.local/lib/python3.9/site-packages/airflow/example_dags/example_latest_only.py
[2025-02-04T16:30:11.936+0000] {processor.py:925} INFO - DAG(s) 'latest_only' retrieved from /home/airflow/.local/lib/python3.9/site-packages/airflow/example_dags/example_latest_only.py
[2025-02-04T16:30:11.960+0000] {logging_mixin.py:190} INFO - [2025-02-04T16:30:11.959+0000] {dag.py:3239} INFO - Sync 1 DAGs
[2025-02-04T16:30:11.993+0000] {logging_mixin.py:190} INFO - [2025-02-04T16:30:11.993+0000] {dag.py:4180} INFO - Setting next_dagrun for latest_only to 2025-02-04 12:00:00+00:00, run_after=2025-02-04 16:00:00+00:00
[2025-02-04T16:30:12.036+0000] {processor.py:208} INFO - Processing /home/airflow/.local/lib/python3.9/site-packages/airflow/example_dags/example_latest_only.py took 0.122 seconds
[2025-02-04T16:30:42.522+0000] {processor.py:186} INFO - Started process (PID=1089) to work on /home/airflow/.local/lib/python3.9/site-packages/airflow/example_dags/example_latest_only.py
[2025-02-04T16:30:42.523+0000] {processor.py:914} INFO - Processing file /home/airflow/.local/lib/python3.9/site-packages/airflow/example_dags/example_latest_only.py for tasks to queue
[2025-02-04T16:30:42.526+0000] {logging_mixin.py:190} INFO - [2025-02-04T16:30:42.526+0000] {dagbag.py:588} INFO - Filling up the DagBag from /home/airflow/.local/lib/python3.9/site-packages/airflow/example_dags/example_latest_only.py
[2025-02-04T16:30:42.536+0000] {processor.py:925} INFO - DAG(s) 'latest_only' retrieved from /home/airflow/.local/lib/python3.9/site-packages/airflow/example_dags/example_latest_only.py
[2025-02-04T16:30:42.558+0000] {logging_mixin.py:190} INFO - [2025-02-04T16:30:42.558+0000] {dag.py:3239} INFO - Sync 1 DAGs
[2025-02-04T16:30:42.583+0000] {logging_mixin.py:190} INFO - [2025-02-04T16:30:42.582+0000] {dag.py:4180} INFO - Setting next_dagrun for latest_only to 2025-02-04 12:00:00+00:00, run_after=2025-02-04 16:00:00+00:00
[2025-02-04T16:30:42.612+0000] {processor.py:208} INFO - Processing /home/airflow/.local/lib/python3.9/site-packages/airflow/example_dags/example_latest_only.py took 0.098 seconds
[2025-02-04T16:31:13.388+0000] {processor.py:186} INFO - Started process (PID=1153) to work on /home/airflow/.local/lib/python3.9/site-packages/airflow/example_dags/example_latest_only.py
[2025-02-04T16:31:13.390+0000] {processor.py:914} INFO - Processing file /home/airflow/.local/lib/python3.9/site-packages/airflow/example_dags/example_latest_only.py for tasks to queue
[2025-02-04T16:31:13.393+0000] {logging_mixin.py:190} INFO - [2025-02-04T16:31:13.392+0000] {dagbag.py:588} INFO - Filling up the DagBag from /home/airflow/.local/lib/python3.9/site-packages/airflow/example_dags/example_latest_only.py
[2025-02-04T16:31:13.401+0000] {processor.py:925} INFO - DAG(s) 'latest_only' retrieved from /home/airflow/.local/lib/python3.9/site-packages/airflow/example_dags/example_latest_only.py
[2025-02-04T16:31:13.427+0000] {logging_mixin.py:190} INFO - [2025-02-04T16:31:13.427+0000] {dag.py:3239} INFO - Sync 1 DAGs
[2025-02-04T16:31:13.468+0000] {logging_mixin.py:190} INFO - [2025-02-04T16:31:13.467+0000] {dag.py:4180} INFO - Setting next_dagrun for latest_only to 2025-02-04 12:00:00+00:00, run_after=2025-02-04 16:00:00+00:00
[2025-02-04T16:31:13.499+0000] {processor.py:208} INFO - Processing /home/airflow/.local/lib/python3.9/site-packages/airflow/example_dags/example_latest_only.py took 0.117 seconds
[2025-02-04T16:31:44.368+0000] {processor.py:186} INFO - Started process (PID=1224) to work on /home/airflow/.local/lib/python3.9/site-packages/airflow/example_dags/example_latest_only.py
[2025-02-04T16:31:44.370+0000] {processor.py:914} INFO - Processing file /home/airflow/.local/lib/python3.9/site-packages/airflow/example_dags/example_latest_only.py for tasks to queue
[2025-02-04T16:31:44.373+0000] {logging_mixin.py:190} INFO - [2025-02-04T16:31:44.372+0000] {dagbag.py:588} INFO - Filling up the DagBag from /home/airflow/.local/lib/python3.9/site-packages/airflow/example_dags/example_latest_only.py
[2025-02-04T16:31:44.381+0000] {processor.py:925} INFO - DAG(s) 'latest_only' retrieved from /home/airflow/.local/lib/python3.9/site-packages/airflow/example_dags/example_latest_only.py
[2025-02-04T16:31:44.402+0000] {logging_mixin.py:190} INFO - [2025-02-04T16:31:44.402+0000] {dag.py:3239} INFO - Sync 1 DAGs
[2025-02-04T16:31:44.427+0000] {logging_mixin.py:190} INFO - [2025-02-04T16:31:44.426+0000] {dag.py:4180} INFO - Setting next_dagrun for latest_only to 2025-02-04 12:00:00+00:00, run_after=2025-02-04 16:00:00+00:00
[2025-02-04T16:31:44.456+0000] {processor.py:208} INFO - Processing /home/airflow/.local/lib/python3.9/site-packages/airflow/example_dags/example_latest_only.py took 0.094 seconds
[2025-02-04T16:32:14.752+0000] {processor.py:186} INFO - Started process (PID=1288) to work on /home/airflow/.local/lib/python3.9/site-packages/airflow/example_dags/example_latest_only.py
[2025-02-04T16:32:14.755+0000] {processor.py:914} INFO - Processing file /home/airflow/.local/lib/python3.9/site-packages/airflow/example_dags/example_latest_only.py for tasks to queue
[2025-02-04T16:32:14.760+0000] {logging_mixin.py:190} INFO - [2025-02-04T16:32:14.759+0000] {dagbag.py:588} INFO - Filling up the DagBag from /home/airflow/.local/lib/python3.9/site-packages/airflow/example_dags/example_latest_only.py
[2025-02-04T16:32:14.773+0000] {processor.py:925} INFO - DAG(s) 'latest_only' retrieved from /home/airflow/.local/lib/python3.9/site-packages/airflow/example_dags/example_latest_only.py
[2025-02-04T16:32:14.801+0000] {logging_mixin.py:190} INFO - [2025-02-04T16:32:14.800+0000] {dag.py:3239} INFO - Sync 1 DAGs
[2025-02-04T16:32:14.831+0000] {logging_mixin.py:190} INFO - [2025-02-04T16:32:14.831+0000] {dag.py:4180} INFO - Setting next_dagrun for latest_only to 2025-02-04 12:00:00+00:00, run_after=2025-02-04 16:00:00+00:00
[2025-02-04T16:32:14.861+0000] {processor.py:208} INFO - Processing /home/airflow/.local/lib/python3.9/site-packages/airflow/example_dags/example_latest_only.py took 0.117 seconds
[2025-02-04T16:32:44.965+0000] {processor.py:186} INFO - Started process (PID=1352) to work on /home/airflow/.local/lib/python3.9/site-packages/airflow/example_dags/example_latest_only.py
[2025-02-04T16:32:44.967+0000] {processor.py:914} INFO - Processing file /home/airflow/.local/lib/python3.9/site-packages/airflow/example_dags/example_latest_only.py for tasks to queue
[2025-02-04T16:32:44.970+0000] {logging_mixin.py:190} INFO - [2025-02-04T16:32:44.969+0000] {dagbag.py:588} INFO - Filling up the DagBag from /home/airflow/.local/lib/python3.9/site-packages/airflow/example_dags/example_latest_only.py
[2025-02-04T16:32:44.977+0000] {processor.py:925} INFO - DAG(s) 'latest_only' retrieved from /home/airflow/.local/lib/python3.9/site-packages/airflow/example_dags/example_latest_only.py
[2025-02-04T16:32:44.999+0000] {logging_mixin.py:190} INFO - [2025-02-04T16:32:44.999+0000] {dag.py:3239} INFO - Sync 1 DAGs
[2025-02-04T16:32:45.031+0000] {logging_mixin.py:190} INFO - [2025-02-04T16:32:45.030+0000] {dag.py:4180} INFO - Setting next_dagrun for latest_only to 2025-02-04 12:00:00+00:00, run_after=2025-02-04 16:00:00+00:00
[2025-02-04T16:32:45.064+0000] {processor.py:208} INFO - Processing /home/airflow/.local/lib/python3.9/site-packages/airflow/example_dags/example_latest_only.py took 0.105 seconds
[2025-02-04T16:33:15.846+0000] {processor.py:186} INFO - Started process (PID=1417) to work on /home/airflow/.local/lib/python3.9/site-packages/airflow/example_dags/example_latest_only.py
[2025-02-04T16:33:15.847+0000] {processor.py:914} INFO - Processing file /home/airflow/.local/lib/python3.9/site-packages/airflow/example_dags/example_latest_only.py for tasks to queue
[2025-02-04T16:33:15.850+0000] {logging_mixin.py:190} INFO - [2025-02-04T16:33:15.850+0000] {dagbag.py:588} INFO - Filling up the DagBag from /home/airflow/.local/lib/python3.9/site-packages/airflow/example_dags/example_latest_only.py
[2025-02-04T16:33:15.859+0000] {processor.py:925} INFO - DAG(s) 'latest_only' retrieved from /home/airflow/.local/lib/python3.9/site-packages/airflow/example_dags/example_latest_only.py
[2025-02-04T16:33:15.881+0000] {logging_mixin.py:190} INFO - [2025-02-04T16:33:15.881+0000] {dag.py:3239} INFO - Sync 1 DAGs
[2025-02-04T16:33:15.907+0000] {logging_mixin.py:190} INFO - [2025-02-04T16:33:15.906+0000] {dag.py:4180} INFO - Setting next_dagrun for latest_only to 2025-02-04 12:00:00+00:00, run_after=2025-02-04 16:00:00+00:00
[2025-02-04T16:33:15.936+0000] {processor.py:208} INFO - Processing /home/airflow/.local/lib/python3.9/site-packages/airflow/example_dags/example_latest_only.py took 0.095 seconds
[2025-02-04T16:33:46.651+0000] {processor.py:186} INFO - Started process (PID=1481) to work on /home/airflow/.local/lib/python3.9/site-packages/airflow/example_dags/example_latest_only.py
[2025-02-04T16:33:46.652+0000] {processor.py:914} INFO - Processing file /home/airflow/.local/lib/python3.9/site-packages/airflow/example_dags/example_latest_only.py for tasks to queue
[2025-02-04T16:33:46.654+0000] {logging_mixin.py:190} INFO - [2025-02-04T16:33:46.654+0000] {dagbag.py:588} INFO - Filling up the DagBag from /home/airflow/.local/lib/python3.9/site-packages/airflow/example_dags/example_latest_only.py
[2025-02-04T16:33:46.661+0000] {processor.py:925} INFO - DAG(s) 'latest_only' retrieved from /home/airflow/.local/lib/python3.9/site-packages/airflow/example_dags/example_latest_only.py
[2025-02-04T16:33:46.683+0000] {logging_mixin.py:190} INFO - [2025-02-04T16:33:46.683+0000] {dag.py:3239} INFO - Sync 1 DAGs
[2025-02-04T16:33:46.706+0000] {logging_mixin.py:190} INFO - [2025-02-04T16:33:46.706+0000] {dag.py:4180} INFO - Setting next_dagrun for latest_only to 2025-02-04 12:00:00+00:00, run_after=2025-02-04 16:00:00+00:00
[2025-02-04T16:33:46.735+0000] {processor.py:208} INFO - Processing /home/airflow/.local/lib/python3.9/site-packages/airflow/example_dags/example_latest_only.py took 0.090 seconds
[2025-02-04T16:34:17.876+0000] {processor.py:186} INFO - Started process (PID=1545) to work on /home/airflow/.local/lib/python3.9/site-packages/airflow/example_dags/example_latest_only.py
[2025-02-04T16:34:17.877+0000] {processor.py:914} INFO - Processing file /home/airflow/.local/lib/python3.9/site-packages/airflow/example_dags/example_latest_only.py for tasks to queue
[2025-02-04T16:34:17.880+0000] {logging_mixin.py:190} INFO - [2025-02-04T16:34:17.880+0000] {dagbag.py:588} INFO - Filling up the DagBag from /home/airflow/.local/lib/python3.9/site-packages/airflow/example_dags/example_latest_only.py
[2025-02-04T16:34:17.887+0000] {processor.py:925} INFO - DAG(s) 'latest_only' retrieved from /home/airflow/.local/lib/python3.9/site-packages/airflow/example_dags/example_latest_only.py
[2025-02-04T16:34:17.908+0000] {logging_mixin.py:190} INFO - [2025-02-04T16:34:17.907+0000] {dag.py:3239} INFO - Sync 1 DAGs
[2025-02-04T16:34:17.929+0000] {logging_mixin.py:190} INFO - [2025-02-04T16:34:17.929+0000] {dag.py:4180} INFO - Setting next_dagrun for latest_only to 2025-02-04 12:00:00+00:00, run_after=2025-02-04 16:00:00+00:00
[2025-02-04T16:34:17.957+0000] {processor.py:208} INFO - Processing /home/airflow/.local/lib/python3.9/site-packages/airflow/example_dags/example_latest_only.py took 0.088 seconds
[2025-02-04T16:34:49.756+0000] {processor.py:186} INFO - Started process (PID=1609) to work on /home/airflow/.local/lib/python3.9/site-packages/airflow/example_dags/example_latest_only.py
[2025-02-04T16:34:49.757+0000] {processor.py:914} INFO - Processing file /home/airflow/.local/lib/python3.9/site-packages/airflow/example_dags/example_latest_only.py for tasks to queue
[2025-02-04T16:34:49.760+0000] {logging_mixin.py:190} INFO - [2025-02-04T16:34:49.759+0000] {dagbag.py:588} INFO - Filling up the DagBag from /home/airflow/.local/lib/python3.9/site-packages/airflow/example_dags/example_latest_only.py
[2025-02-04T16:34:49.767+0000] {processor.py:925} INFO - DAG(s) 'latest_only' retrieved from /home/airflow/.local/lib/python3.9/site-packages/airflow/example_dags/example_latest_only.py
[2025-02-04T16:34:49.790+0000] {logging_mixin.py:190} INFO - [2025-02-04T16:34:49.790+0000] {dag.py:3239} INFO - Sync 1 DAGs
[2025-02-04T16:34:49.814+0000] {logging_mixin.py:190} INFO - [2025-02-04T16:34:49.814+0000] {dag.py:4180} INFO - Setting next_dagrun for latest_only to 2025-02-04 12:00:00+00:00, run_after=2025-02-04 16:00:00+00:00
[2025-02-04T16:34:49.840+0000] {processor.py:208} INFO - Processing /home/airflow/.local/lib/python3.9/site-packages/airflow/example_dags/example_latest_only.py took 0.091 seconds
[2025-02-04T16:35:19.951+0000] {processor.py:186} INFO - Started process (PID=1673) to work on /home/airflow/.local/lib/python3.9/site-packages/airflow/example_dags/example_latest_only.py
[2025-02-04T16:35:19.952+0000] {processor.py:914} INFO - Processing file /home/airflow/.local/lib/python3.9/site-packages/airflow/example_dags/example_latest_only.py for tasks to queue
[2025-02-04T16:35:19.955+0000] {logging_mixin.py:190} INFO - [2025-02-04T16:35:19.954+0000] {dagbag.py:588} INFO - Filling up the DagBag from /home/airflow/.local/lib/python3.9/site-packages/airflow/example_dags/example_latest_only.py
[2025-02-04T16:35:19.964+0000] {processor.py:925} INFO - DAG(s) 'latest_only' retrieved from /home/airflow/.local/lib/python3.9/site-packages/airflow/example_dags/example_latest_only.py
[2025-02-04T16:35:19.987+0000] {logging_mixin.py:190} INFO - [2025-02-04T16:35:19.986+0000] {dag.py:3239} INFO - Sync 1 DAGs
[2025-02-04T16:35:20.015+0000] {logging_mixin.py:190} INFO - [2025-02-04T16:35:20.015+0000] {dag.py:4180} INFO - Setting next_dagrun for latest_only to 2025-02-04 12:00:00+00:00, run_after=2025-02-04 16:00:00+00:00
[2025-02-04T16:35:20.040+0000] {processor.py:208} INFO - Processing /home/airflow/.local/lib/python3.9/site-packages/airflow/example_dags/example_latest_only.py took 0.098 seconds
[2025-02-04T16:35:51.039+0000] {processor.py:186} INFO - Started process (PID=1737) to work on /home/airflow/.local/lib/python3.9/site-packages/airflow/example_dags/example_latest_only.py
[2025-02-04T16:35:51.040+0000] {processor.py:914} INFO - Processing file /home/airflow/.local/lib/python3.9/site-packages/airflow/example_dags/example_latest_only.py for tasks to queue
[2025-02-04T16:35:51.043+0000] {logging_mixin.py:190} INFO - [2025-02-04T16:35:51.043+0000] {dagbag.py:588} INFO - Filling up the DagBag from /home/airflow/.local/lib/python3.9/site-packages/airflow/example_dags/example_latest_only.py
[2025-02-04T16:35:51.051+0000] {processor.py:925} INFO - DAG(s) 'latest_only' retrieved from /home/airflow/.local/lib/python3.9/site-packages/airflow/example_dags/example_latest_only.py
[2025-02-04T16:35:51.075+0000] {logging_mixin.py:190} INFO - [2025-02-04T16:35:51.075+0000] {dag.py:3239} INFO - Sync 1 DAGs
[2025-02-04T16:35:51.099+0000] {logging_mixin.py:190} INFO - [2025-02-04T16:35:51.098+0000] {dag.py:4180} INFO - Setting next_dagrun for latest_only to 2025-02-04 12:00:00+00:00, run_after=2025-02-04 16:00:00+00:00
[2025-02-04T16:35:51.123+0000] {processor.py:208} INFO - Processing /home/airflow/.local/lib/python3.9/site-packages/airflow/example_dags/example_latest_only.py took 0.092 seconds
[2025-02-04T16:36:21.355+0000] {processor.py:186} INFO - Started process (PID=1802) to work on /home/airflow/.local/lib/python3.9/site-packages/airflow/example_dags/example_latest_only.py
[2025-02-04T16:36:21.356+0000] {processor.py:914} INFO - Processing file /home/airflow/.local/lib/python3.9/site-packages/airflow/example_dags/example_latest_only.py for tasks to queue
[2025-02-04T16:36:21.359+0000] {logging_mixin.py:190} INFO - [2025-02-04T16:36:21.359+0000] {dagbag.py:588} INFO - Filling up the DagBag from /home/airflow/.local/lib/python3.9/site-packages/airflow/example_dags/example_latest_only.py
[2025-02-04T16:36:21.368+0000] {processor.py:925} INFO - DAG(s) 'latest_only' retrieved from /home/airflow/.local/lib/python3.9/site-packages/airflow/example_dags/example_latest_only.py
[2025-02-04T16:36:21.389+0000] {logging_mixin.py:190} INFO - [2025-02-04T16:36:21.389+0000] {dag.py:3239} INFO - Sync 1 DAGs
[2025-02-04T16:36:21.413+0000] {logging_mixin.py:190} INFO - [2025-02-04T16:36:21.413+0000] {dag.py:4180} INFO - Setting next_dagrun for latest_only to 2025-02-04 12:00:00+00:00, run_after=2025-02-04 16:00:00+00:00
[2025-02-04T16:36:21.437+0000] {processor.py:208} INFO - Processing /home/airflow/.local/lib/python3.9/site-packages/airflow/example_dags/example_latest_only.py took 0.090 seconds
[2025-02-04T16:36:52.766+0000] {processor.py:186} INFO - Started process (PID=1866) to work on /home/airflow/.local/lib/python3.9/site-packages/airflow/example_dags/example_latest_only.py
[2025-02-04T16:36:52.767+0000] {processor.py:914} INFO - Processing file /home/airflow/.local/lib/python3.9/site-packages/airflow/example_dags/example_latest_only.py for tasks to queue
[2025-02-04T16:36:52.770+0000] {logging_mixin.py:190} INFO - [2025-02-04T16:36:52.769+0000] {dagbag.py:588} INFO - Filling up the DagBag from /home/airflow/.local/lib/python3.9/site-packages/airflow/example_dags/example_latest_only.py
[2025-02-04T16:36:52.777+0000] {processor.py:925} INFO - DAG(s) 'latest_only' retrieved from /home/airflow/.local/lib/python3.9/site-packages/airflow/example_dags/example_latest_only.py
[2025-02-04T16:36:52.798+0000] {logging_mixin.py:190} INFO - [2025-02-04T16:36:52.798+0000] {dag.py:3239} INFO - Sync 1 DAGs
[2025-02-04T16:36:52.821+0000] {logging_mixin.py:190} INFO - [2025-02-04T16:36:52.821+0000] {dag.py:4180} INFO - Setting next_dagrun for latest_only to 2025-02-04 12:00:00+00:00, run_after=2025-02-04 16:00:00+00:00
[2025-02-04T16:36:52.846+0000] {processor.py:208} INFO - Processing /home/airflow/.local/lib/python3.9/site-packages/airflow/example_dags/example_latest_only.py took 0.087 seconds
[2025-02-04T16:39:26.348+0000] {processor.py:186} INFO - Started process (PID=1919) to work on /home/airflow/.local/lib/python3.9/site-packages/airflow/example_dags/example_latest_only.py
[2025-02-04T16:39:26.350+0000] {processor.py:914} INFO - Processing file /home/airflow/.local/lib/python3.9/site-packages/airflow/example_dags/example_latest_only.py for tasks to queue
[2025-02-04T16:39:26.352+0000] {logging_mixin.py:190} INFO - [2025-02-04T16:39:26.351+0000] {dagbag.py:588} INFO - Filling up the DagBag from /home/airflow/.local/lib/python3.9/site-packages/airflow/example_dags/example_latest_only.py
[2025-02-04T16:39:26.361+0000] {processor.py:925} INFO - DAG(s) 'latest_only' retrieved from /home/airflow/.local/lib/python3.9/site-packages/airflow/example_dags/example_latest_only.py
[2025-02-04T16:39:26.385+0000] {logging_mixin.py:190} INFO - [2025-02-04T16:39:26.384+0000] {dag.py:3239} INFO - Sync 1 DAGs
[2025-02-04T16:39:26.411+0000] {logging_mixin.py:190} INFO - [2025-02-04T16:39:26.411+0000] {dag.py:4180} INFO - Setting next_dagrun for latest_only to 2025-02-04 12:00:00+00:00, run_after=2025-02-04 16:00:00+00:00
[2025-02-04T16:39:26.447+0000] {processor.py:208} INFO - Processing /home/airflow/.local/lib/python3.9/site-packages/airflow/example_dags/example_latest_only.py took 0.108 seconds
[2025-02-04T16:39:57.155+0000] {processor.py:186} INFO - Started process (PID=1983) to work on /home/airflow/.local/lib/python3.9/site-packages/airflow/example_dags/example_latest_only.py
[2025-02-04T16:39:57.163+0000] {processor.py:914} INFO - Processing file /home/airflow/.local/lib/python3.9/site-packages/airflow/example_dags/example_latest_only.py for tasks to queue
[2025-02-04T16:39:57.168+0000] {logging_mixin.py:190} INFO - [2025-02-04T16:39:57.168+0000] {dagbag.py:588} INFO - Filling up the DagBag from /home/airflow/.local/lib/python3.9/site-packages/airflow/example_dags/example_latest_only.py
[2025-02-04T16:39:57.187+0000] {processor.py:925} INFO - DAG(s) 'latest_only' retrieved from /home/airflow/.local/lib/python3.9/site-packages/airflow/example_dags/example_latest_only.py
[2025-02-04T16:39:57.219+0000] {logging_mixin.py:190} INFO - [2025-02-04T16:39:57.219+0000] {dag.py:3239} INFO - Sync 1 DAGs
[2025-02-04T16:39:57.241+0000] {logging_mixin.py:190} INFO - [2025-02-04T16:39:57.240+0000] {dag.py:4180} INFO - Setting next_dagrun for latest_only to 2025-02-04 12:00:00+00:00, run_after=2025-02-04 16:00:00+00:00
[2025-02-04T16:39:57.260+0000] {processor.py:208} INFO - Processing /home/airflow/.local/lib/python3.9/site-packages/airflow/example_dags/example_latest_only.py took 0.113 seconds
[2025-02-04T16:40:28.273+0000] {processor.py:186} INFO - Started process (PID=2047) to work on /home/airflow/.local/lib/python3.9/site-packages/airflow/example_dags/example_latest_only.py
[2025-02-04T16:40:28.275+0000] {processor.py:914} INFO - Processing file /home/airflow/.local/lib/python3.9/site-packages/airflow/example_dags/example_latest_only.py for tasks to queue
[2025-02-04T16:40:28.277+0000] {logging_mixin.py:190} INFO - [2025-02-04T16:40:28.277+0000] {dagbag.py:588} INFO - Filling up the DagBag from /home/airflow/.local/lib/python3.9/site-packages/airflow/example_dags/example_latest_only.py
[2025-02-04T16:40:28.286+0000] {processor.py:925} INFO - DAG(s) 'latest_only' retrieved from /home/airflow/.local/lib/python3.9/site-packages/airflow/example_dags/example_latest_only.py
[2025-02-04T16:40:28.306+0000] {logging_mixin.py:190} INFO - [2025-02-04T16:40:28.305+0000] {dag.py:3239} INFO - Sync 1 DAGs
[2025-02-04T16:40:28.328+0000] {logging_mixin.py:190} INFO - [2025-02-04T16:40:28.328+0000] {dag.py:4180} INFO - Setting next_dagrun for latest_only to 2025-02-04 12:00:00+00:00, run_after=2025-02-04 16:00:00+00:00
[2025-02-04T16:40:28.353+0000] {processor.py:208} INFO - Processing /home/airflow/.local/lib/python3.9/site-packages/airflow/example_dags/example_latest_only.py took 0.087 seconds
[2025-02-04T16:40:59.020+0000] {processor.py:186} INFO - Started process (PID=2111) to work on /home/airflow/.local/lib/python3.9/site-packages/airflow/example_dags/example_latest_only.py
[2025-02-04T16:40:59.021+0000] {processor.py:914} INFO - Processing file /home/airflow/.local/lib/python3.9/site-packages/airflow/example_dags/example_latest_only.py for tasks to queue
[2025-02-04T16:40:59.023+0000] {logging_mixin.py:190} INFO - [2025-02-04T16:40:59.022+0000] {dagbag.py:588} INFO - Filling up the DagBag from /home/airflow/.local/lib/python3.9/site-packages/airflow/example_dags/example_latest_only.py
[2025-02-04T16:40:59.031+0000] {processor.py:925} INFO - DAG(s) 'latest_only' retrieved from /home/airflow/.local/lib/python3.9/site-packages/airflow/example_dags/example_latest_only.py
[2025-02-04T16:40:59.052+0000] {logging_mixin.py:190} INFO - [2025-02-04T16:40:59.051+0000] {dag.py:3239} INFO - Sync 1 DAGs
[2025-02-04T16:40:59.075+0000] {logging_mixin.py:190} INFO - [2025-02-04T16:40:59.074+0000] {dag.py:4180} INFO - Setting next_dagrun for latest_only to 2025-02-04 12:00:00+00:00, run_after=2025-02-04 16:00:00+00:00
[2025-02-04T16:40:59.099+0000] {processor.py:208} INFO - Processing /home/airflow/.local/lib/python3.9/site-packages/airflow/example_dags/example_latest_only.py took 0.087 seconds
[2025-02-04T16:41:30.263+0000] {processor.py:186} INFO - Started process (PID=2175) to work on /home/airflow/.local/lib/python3.9/site-packages/airflow/example_dags/example_latest_only.py
[2025-02-04T16:41:30.264+0000] {processor.py:914} INFO - Processing file /home/airflow/.local/lib/python3.9/site-packages/airflow/example_dags/example_latest_only.py for tasks to queue
[2025-02-04T16:41:30.266+0000] {logging_mixin.py:190} INFO - [2025-02-04T16:41:30.266+0000] {dagbag.py:588} INFO - Filling up the DagBag from /home/airflow/.local/lib/python3.9/site-packages/airflow/example_dags/example_latest_only.py
[2025-02-04T16:41:30.279+0000] {processor.py:925} INFO - DAG(s) 'latest_only' retrieved from /home/airflow/.local/lib/python3.9/site-packages/airflow/example_dags/example_latest_only.py
[2025-02-04T16:41:30.309+0000] {logging_mixin.py:190} INFO - [2025-02-04T16:41:30.309+0000] {dag.py:3239} INFO - Sync 1 DAGs
[2025-02-04T16:41:30.342+0000] {logging_mixin.py:190} INFO - [2025-02-04T16:41:30.342+0000] {dag.py:4180} INFO - Setting next_dagrun for latest_only to 2025-02-04 12:00:00+00:00, run_after=2025-02-04 16:00:00+00:00
[2025-02-04T16:41:30.364+0000] {processor.py:208} INFO - Processing /home/airflow/.local/lib/python3.9/site-packages/airflow/example_dags/example_latest_only.py took 0.110 seconds
[2025-02-04T16:42:01.346+0000] {processor.py:186} INFO - Started process (PID=2239) to work on /home/airflow/.local/lib/python3.9/site-packages/airflow/example_dags/example_latest_only.py
[2025-02-04T16:42:01.347+0000] {processor.py:914} INFO - Processing file /home/airflow/.local/lib/python3.9/site-packages/airflow/example_dags/example_latest_only.py for tasks to queue
[2025-02-04T16:42:01.349+0000] {logging_mixin.py:190} INFO - [2025-02-04T16:42:01.348+0000] {dagbag.py:588} INFO - Filling up the DagBag from /home/airflow/.local/lib/python3.9/site-packages/airflow/example_dags/example_latest_only.py
[2025-02-04T16:42:01.356+0000] {processor.py:925} INFO - DAG(s) 'latest_only' retrieved from /home/airflow/.local/lib/python3.9/site-packages/airflow/example_dags/example_latest_only.py
[2025-02-04T16:42:01.377+0000] {logging_mixin.py:190} INFO - [2025-02-04T16:42:01.376+0000] {dag.py:3239} INFO - Sync 1 DAGs
[2025-02-04T16:42:01.397+0000] {logging_mixin.py:190} INFO - [2025-02-04T16:42:01.396+0000] {dag.py:4180} INFO - Setting next_dagrun for latest_only to 2025-02-04 12:00:00+00:00, run_after=2025-02-04 16:00:00+00:00
[2025-02-04T16:42:01.420+0000] {processor.py:208} INFO - Processing /home/airflow/.local/lib/python3.9/site-packages/airflow/example_dags/example_latest_only.py took 0.080 seconds
[2025-02-04T16:42:31.764+0000] {processor.py:186} INFO - Started process (PID=2303) to work on /home/airflow/.local/lib/python3.9/site-packages/airflow/example_dags/example_latest_only.py
[2025-02-04T16:42:31.766+0000] {processor.py:914} INFO - Processing file /home/airflow/.local/lib/python3.9/site-packages/airflow/example_dags/example_latest_only.py for tasks to queue
[2025-02-04T16:42:31.767+0000] {logging_mixin.py:190} INFO - [2025-02-04T16:42:31.767+0000] {dagbag.py:588} INFO - Filling up the DagBag from /home/airflow/.local/lib/python3.9/site-packages/airflow/example_dags/example_latest_only.py
[2025-02-04T16:42:31.778+0000] {processor.py:925} INFO - DAG(s) 'latest_only' retrieved from /home/airflow/.local/lib/python3.9/site-packages/airflow/example_dags/example_latest_only.py
[2025-02-04T16:42:31.800+0000] {logging_mixin.py:190} INFO - [2025-02-04T16:42:31.799+0000] {dag.py:3239} INFO - Sync 1 DAGs
[2025-02-04T16:42:31.830+0000] {logging_mixin.py:190} INFO - [2025-02-04T16:42:31.830+0000] {dag.py:4180} INFO - Setting next_dagrun for latest_only to 2025-02-04 12:00:00+00:00, run_after=2025-02-04 16:00:00+00:00
[2025-02-04T16:42:31.861+0000] {processor.py:208} INFO - Processing /home/airflow/.local/lib/python3.9/site-packages/airflow/example_dags/example_latest_only.py took 0.103 seconds
[2025-02-04T16:43:02.196+0000] {processor.py:186} INFO - Started process (PID=2367) to work on /home/airflow/.local/lib/python3.9/site-packages/airflow/example_dags/example_latest_only.py
[2025-02-04T16:43:02.198+0000] {processor.py:914} INFO - Processing file /home/airflow/.local/lib/python3.9/site-packages/airflow/example_dags/example_latest_only.py for tasks to queue
[2025-02-04T16:43:02.199+0000] {logging_mixin.py:190} INFO - [2025-02-04T16:43:02.199+0000] {dagbag.py:588} INFO - Filling up the DagBag from /home/airflow/.local/lib/python3.9/site-packages/airflow/example_dags/example_latest_only.py
[2025-02-04T16:43:02.207+0000] {processor.py:925} INFO - DAG(s) 'latest_only' retrieved from /home/airflow/.local/lib/python3.9/site-packages/airflow/example_dags/example_latest_only.py
[2025-02-04T16:43:02.227+0000] {logging_mixin.py:190} INFO - [2025-02-04T16:43:02.227+0000] {dag.py:3239} INFO - Sync 1 DAGs
[2025-02-04T16:43:02.248+0000] {logging_mixin.py:190} INFO - [2025-02-04T16:43:02.248+0000] {dag.py:4180} INFO - Setting next_dagrun for latest_only to 2025-02-04 12:00:00+00:00, run_after=2025-02-04 16:00:00+00:00
[2025-02-04T16:43:02.274+0000] {processor.py:208} INFO - Processing /home/airflow/.local/lib/python3.9/site-packages/airflow/example_dags/example_latest_only.py took 0.084 seconds
[2025-02-04T16:43:32.893+0000] {processor.py:186} INFO - Started process (PID=2431) to work on /home/airflow/.local/lib/python3.9/site-packages/airflow/example_dags/example_latest_only.py
[2025-02-04T16:43:32.895+0000] {processor.py:914} INFO - Processing file /home/airflow/.local/lib/python3.9/site-packages/airflow/example_dags/example_latest_only.py for tasks to queue
[2025-02-04T16:43:32.896+0000] {logging_mixin.py:190} INFO - [2025-02-04T16:43:32.896+0000] {dagbag.py:588} INFO - Filling up the DagBag from /home/airflow/.local/lib/python3.9/site-packages/airflow/example_dags/example_latest_only.py
[2025-02-04T16:43:32.906+0000] {processor.py:925} INFO - DAG(s) 'latest_only' retrieved from /home/airflow/.local/lib/python3.9/site-packages/airflow/example_dags/example_latest_only.py
[2025-02-04T16:43:32.929+0000] {logging_mixin.py:190} INFO - [2025-02-04T16:43:32.928+0000] {dag.py:3239} INFO - Sync 1 DAGs
[2025-02-04T16:43:32.959+0000] {logging_mixin.py:190} INFO - [2025-02-04T16:43:32.958+0000] {dag.py:4180} INFO - Setting next_dagrun for latest_only to 2025-02-04 12:00:00+00:00, run_after=2025-02-04 16:00:00+00:00
[2025-02-04T16:43:32.991+0000] {processor.py:208} INFO - Processing /home/airflow/.local/lib/python3.9/site-packages/airflow/example_dags/example_latest_only.py took 0.105 seconds
[2025-02-04T16:44:03.587+0000] {processor.py:186} INFO - Started process (PID=2495) to work on /home/airflow/.local/lib/python3.9/site-packages/airflow/example_dags/example_latest_only.py
[2025-02-04T16:44:03.589+0000] {processor.py:914} INFO - Processing file /home/airflow/.local/lib/python3.9/site-packages/airflow/example_dags/example_latest_only.py for tasks to queue
[2025-02-04T16:44:03.591+0000] {logging_mixin.py:190} INFO - [2025-02-04T16:44:03.590+0000] {dagbag.py:588} INFO - Filling up the DagBag from /home/airflow/.local/lib/python3.9/site-packages/airflow/example_dags/example_latest_only.py
[2025-02-04T16:44:03.600+0000] {processor.py:925} INFO - DAG(s) 'latest_only' retrieved from /home/airflow/.local/lib/python3.9/site-packages/airflow/example_dags/example_latest_only.py
[2025-02-04T16:44:03.636+0000] {logging_mixin.py:190} INFO - [2025-02-04T16:44:03.635+0000] {dag.py:3239} INFO - Sync 1 DAGs
[2025-02-04T16:44:03.669+0000] {logging_mixin.py:190} INFO - [2025-02-04T16:44:03.669+0000] {dag.py:4180} INFO - Setting next_dagrun for latest_only to 2025-02-04 12:00:00+00:00, run_after=2025-02-04 16:00:00+00:00
[2025-02-04T16:44:03.697+0000] {processor.py:208} INFO - Processing /home/airflow/.local/lib/python3.9/site-packages/airflow/example_dags/example_latest_only.py took 0.118 seconds
[2025-02-04T16:44:33.812+0000] {processor.py:186} INFO - Started process (PID=2559) to work on /home/airflow/.local/lib/python3.9/site-packages/airflow/example_dags/example_latest_only.py
[2025-02-04T16:44:33.813+0000] {processor.py:914} INFO - Processing file /home/airflow/.local/lib/python3.9/site-packages/airflow/example_dags/example_latest_only.py for tasks to queue
[2025-02-04T16:44:33.815+0000] {logging_mixin.py:190} INFO - [2025-02-04T16:44:33.814+0000] {dagbag.py:588} INFO - Filling up the DagBag from /home/airflow/.local/lib/python3.9/site-packages/airflow/example_dags/example_latest_only.py
[2025-02-04T16:44:33.824+0000] {processor.py:925} INFO - DAG(s) 'latest_only' retrieved from /home/airflow/.local/lib/python3.9/site-packages/airflow/example_dags/example_latest_only.py
[2025-02-04T16:44:33.845+0000] {logging_mixin.py:190} INFO - [2025-02-04T16:44:33.844+0000] {dag.py:3239} INFO - Sync 1 DAGs
[2025-02-04T16:44:33.872+0000] {logging_mixin.py:190} INFO - [2025-02-04T16:44:33.871+0000] {dag.py:4180} INFO - Setting next_dagrun for latest_only to 2025-02-04 12:00:00+00:00, run_after=2025-02-04 16:00:00+00:00
[2025-02-04T16:44:33.898+0000] {processor.py:208} INFO - Processing /home/airflow/.local/lib/python3.9/site-packages/airflow/example_dags/example_latest_only.py took 0.092 seconds
[2025-02-04T16:45:04.351+0000] {processor.py:186} INFO - Started process (PID=2623) to work on /home/airflow/.local/lib/python3.9/site-packages/airflow/example_dags/example_latest_only.py
[2025-02-04T16:45:04.353+0000] {processor.py:914} INFO - Processing file /home/airflow/.local/lib/python3.9/site-packages/airflow/example_dags/example_latest_only.py for tasks to queue
[2025-02-04T16:45:04.354+0000] {logging_mixin.py:190} INFO - [2025-02-04T16:45:04.354+0000] {dagbag.py:588} INFO - Filling up the DagBag from /home/airflow/.local/lib/python3.9/site-packages/airflow/example_dags/example_latest_only.py
[2025-02-04T16:45:04.362+0000] {processor.py:925} INFO - DAG(s) 'latest_only' retrieved from /home/airflow/.local/lib/python3.9/site-packages/airflow/example_dags/example_latest_only.py
[2025-02-04T16:45:04.382+0000] {logging_mixin.py:190} INFO - [2025-02-04T16:45:04.381+0000] {dag.py:3239} INFO - Sync 1 DAGs
[2025-02-04T16:45:04.405+0000] {logging_mixin.py:190} INFO - [2025-02-04T16:45:04.404+0000] {dag.py:4180} INFO - Setting next_dagrun for latest_only to 2025-02-04 12:00:00+00:00, run_after=2025-02-04 16:00:00+00:00
[2025-02-04T16:45:04.430+0000] {processor.py:208} INFO - Processing /home/airflow/.local/lib/python3.9/site-packages/airflow/example_dags/example_latest_only.py took 0.085 seconds
[2025-02-04T16:45:34.882+0000] {processor.py:186} INFO - Started process (PID=2694) to work on /home/airflow/.local/lib/python3.9/site-packages/airflow/example_dags/example_latest_only.py
[2025-02-04T16:45:34.883+0000] {processor.py:914} INFO - Processing file /home/airflow/.local/lib/python3.9/site-packages/airflow/example_dags/example_latest_only.py for tasks to queue
[2025-02-04T16:45:34.885+0000] {logging_mixin.py:190} INFO - [2025-02-04T16:45:34.885+0000] {dagbag.py:588} INFO - Filling up the DagBag from /home/airflow/.local/lib/python3.9/site-packages/airflow/example_dags/example_latest_only.py
[2025-02-04T16:45:34.893+0000] {processor.py:925} INFO - DAG(s) 'latest_only' retrieved from /home/airflow/.local/lib/python3.9/site-packages/airflow/example_dags/example_latest_only.py
[2025-02-04T16:45:34.918+0000] {logging_mixin.py:190} INFO - [2025-02-04T16:45:34.917+0000] {dag.py:3239} INFO - Sync 1 DAGs
[2025-02-04T16:45:34.943+0000] {logging_mixin.py:190} INFO - [2025-02-04T16:45:34.943+0000] {dag.py:4180} INFO - Setting next_dagrun for latest_only to 2025-02-04 12:00:00+00:00, run_after=2025-02-04 16:00:00+00:00
[2025-02-04T16:45:34.970+0000] {processor.py:208} INFO - Processing /home/airflow/.local/lib/python3.9/site-packages/airflow/example_dags/example_latest_only.py took 0.094 seconds
[2025-02-04T16:46:06.395+0000] {processor.py:186} INFO - Started process (PID=2761) to work on /home/airflow/.local/lib/python3.9/site-packages/airflow/example_dags/example_latest_only.py
[2025-02-04T16:46:06.397+0000] {processor.py:914} INFO - Processing file /home/airflow/.local/lib/python3.9/site-packages/airflow/example_dags/example_latest_only.py for tasks to queue
[2025-02-04T16:46:06.398+0000] {logging_mixin.py:190} INFO - [2025-02-04T16:46:06.398+0000] {dagbag.py:588} INFO - Filling up the DagBag from /home/airflow/.local/lib/python3.9/site-packages/airflow/example_dags/example_latest_only.py
[2025-02-04T16:46:06.407+0000] {processor.py:925} INFO - DAG(s) 'latest_only' retrieved from /home/airflow/.local/lib/python3.9/site-packages/airflow/example_dags/example_latest_only.py
[2025-02-04T16:46:06.431+0000] {logging_mixin.py:190} INFO - [2025-02-04T16:46:06.431+0000] {dag.py:3239} INFO - Sync 1 DAGs
[2025-02-04T16:46:06.457+0000] {logging_mixin.py:190} INFO - [2025-02-04T16:46:06.457+0000] {dag.py:4180} INFO - Setting next_dagrun for latest_only to 2025-02-04 12:00:00+00:00, run_after=2025-02-04 16:00:00+00:00
[2025-02-04T16:46:06.484+0000] {processor.py:208} INFO - Processing /home/airflow/.local/lib/python3.9/site-packages/airflow/example_dags/example_latest_only.py took 0.096 seconds
[2025-02-04T16:46:36.944+0000] {processor.py:186} INFO - Started process (PID=2825) to work on /home/airflow/.local/lib/python3.9/site-packages/airflow/example_dags/example_latest_only.py
[2025-02-04T16:46:36.945+0000] {processor.py:914} INFO - Processing file /home/airflow/.local/lib/python3.9/site-packages/airflow/example_dags/example_latest_only.py for tasks to queue
[2025-02-04T16:46:36.947+0000] {logging_mixin.py:190} INFO - [2025-02-04T16:46:36.947+0000] {dagbag.py:588} INFO - Filling up the DagBag from /home/airflow/.local/lib/python3.9/site-packages/airflow/example_dags/example_latest_only.py
[2025-02-04T16:46:36.956+0000] {processor.py:925} INFO - DAG(s) 'latest_only' retrieved from /home/airflow/.local/lib/python3.9/site-packages/airflow/example_dags/example_latest_only.py
[2025-02-04T16:46:36.979+0000] {logging_mixin.py:190} INFO - [2025-02-04T16:46:36.979+0000] {dag.py:3239} INFO - Sync 1 DAGs
[2025-02-04T16:46:37.007+0000] {logging_mixin.py:190} INFO - [2025-02-04T16:46:37.006+0000] {dag.py:4180} INFO - Setting next_dagrun for latest_only to 2025-02-04 12:00:00+00:00, run_after=2025-02-04 16:00:00+00:00
[2025-02-04T16:46:37.034+0000] {processor.py:208} INFO - Processing /home/airflow/.local/lib/python3.9/site-packages/airflow/example_dags/example_latest_only.py took 0.097 seconds
[2025-02-04T16:47:11.973+0000] {processor.py:186} INFO - Started process (PID=2889) to work on /home/airflow/.local/lib/python3.9/site-packages/airflow/example_dags/example_latest_only.py
[2025-02-04T16:47:11.975+0000] {processor.py:914} INFO - Processing file /home/airflow/.local/lib/python3.9/site-packages/airflow/example_dags/example_latest_only.py for tasks to queue
[2025-02-04T16:47:11.976+0000] {logging_mixin.py:190} INFO - [2025-02-04T16:47:11.976+0000] {dagbag.py:588} INFO - Filling up the DagBag from /home/airflow/.local/lib/python3.9/site-packages/airflow/example_dags/example_latest_only.py
[2025-02-04T16:47:11.985+0000] {processor.py:925} INFO - DAG(s) 'latest_only' retrieved from /home/airflow/.local/lib/python3.9/site-packages/airflow/example_dags/example_latest_only.py
[2025-02-04T16:47:12.008+0000] {logging_mixin.py:190} INFO - [2025-02-04T16:47:12.008+0000] {dag.py:3239} INFO - Sync 1 DAGs
[2025-02-04T16:47:12.031+0000] {logging_mixin.py:190} INFO - [2025-02-04T16:47:12.031+0000] {dag.py:4180} INFO - Setting next_dagrun for latest_only to 2025-02-04 12:00:00+00:00, run_after=2025-02-04 16:00:00+00:00
[2025-02-04T16:47:12.055+0000] {processor.py:208} INFO - Processing /home/airflow/.local/lib/python3.9/site-packages/airflow/example_dags/example_latest_only.py took 0.089 seconds
[2025-02-04T16:47:52.483+0000] {processor.py:186} INFO - Started process (PID=2953) to work on /home/airflow/.local/lib/python3.9/site-packages/airflow/example_dags/example_latest_only.py
[2025-02-04T16:47:52.485+0000] {processor.py:914} INFO - Processing file /home/airflow/.local/lib/python3.9/site-packages/airflow/example_dags/example_latest_only.py for tasks to queue
[2025-02-04T16:47:52.486+0000] {logging_mixin.py:190} INFO - [2025-02-04T16:47:52.486+0000] {dagbag.py:588} INFO - Filling up the DagBag from /home/airflow/.local/lib/python3.9/site-packages/airflow/example_dags/example_latest_only.py
[2025-02-04T16:47:52.497+0000] {processor.py:925} INFO - DAG(s) 'latest_only' retrieved from /home/airflow/.local/lib/python3.9/site-packages/airflow/example_dags/example_latest_only.py
[2025-02-04T16:47:52.522+0000] {logging_mixin.py:190} INFO - [2025-02-04T16:47:52.522+0000] {dag.py:3239} INFO - Sync 1 DAGs
[2025-02-04T16:47:52.563+0000] {logging_mixin.py:190} INFO - [2025-02-04T16:47:52.563+0000] {dag.py:4180} INFO - Setting next_dagrun for latest_only to 2025-02-04 12:00:00+00:00, run_after=2025-02-04 16:00:00+00:00
[2025-02-04T16:47:52.594+0000] {processor.py:208} INFO - Processing /home/airflow/.local/lib/python3.9/site-packages/airflow/example_dags/example_latest_only.py took 0.121 seconds
[2025-02-04T16:48:23.083+0000] {processor.py:186} INFO - Started process (PID=3018) to work on /home/airflow/.local/lib/python3.9/site-packages/airflow/example_dags/example_latest_only.py
[2025-02-04T16:48:23.085+0000] {processor.py:914} INFO - Processing file /home/airflow/.local/lib/python3.9/site-packages/airflow/example_dags/example_latest_only.py for tasks to queue
[2025-02-04T16:48:23.086+0000] {logging_mixin.py:190} INFO - [2025-02-04T16:48:23.086+0000] {dagbag.py:588} INFO - Filling up the DagBag from /home/airflow/.local/lib/python3.9/site-packages/airflow/example_dags/example_latest_only.py
[2025-02-04T16:48:23.097+0000] {processor.py:925} INFO - DAG(s) 'latest_only' retrieved from /home/airflow/.local/lib/python3.9/site-packages/airflow/example_dags/example_latest_only.py
[2025-02-04T16:48:23.119+0000] {logging_mixin.py:190} INFO - [2025-02-04T16:48:23.119+0000] {dag.py:3239} INFO - Sync 1 DAGs
[2025-02-04T16:48:23.142+0000] {logging_mixin.py:190} INFO - [2025-02-04T16:48:23.141+0000] {dag.py:4180} INFO - Setting next_dagrun for latest_only to 2025-02-04 12:00:00+00:00, run_after=2025-02-04 16:00:00+00:00
[2025-02-04T16:48:23.167+0000] {processor.py:208} INFO - Processing /home/airflow/.local/lib/python3.9/site-packages/airflow/example_dags/example_latest_only.py took 0.094 seconds
[2025-02-04T16:48:53.209+0000] {processor.py:186} INFO - Started process (PID=3082) to work on /home/airflow/.local/lib/python3.9/site-packages/airflow/example_dags/example_latest_only.py
[2025-02-04T16:48:53.210+0000] {processor.py:914} INFO - Processing file /home/airflow/.local/lib/python3.9/site-packages/airflow/example_dags/example_latest_only.py for tasks to queue
[2025-02-04T16:48:53.212+0000] {logging_mixin.py:190} INFO - [2025-02-04T16:48:53.212+0000] {dagbag.py:588} INFO - Filling up the DagBag from /home/airflow/.local/lib/python3.9/site-packages/airflow/example_dags/example_latest_only.py
[2025-02-04T16:48:53.224+0000] {processor.py:925} INFO - DAG(s) 'latest_only' retrieved from /home/airflow/.local/lib/python3.9/site-packages/airflow/example_dags/example_latest_only.py
[2025-02-04T16:48:53.246+0000] {logging_mixin.py:190} INFO - [2025-02-04T16:48:53.245+0000] {dag.py:3239} INFO - Sync 1 DAGs
[2025-02-04T16:48:53.270+0000] {logging_mixin.py:190} INFO - [2025-02-04T16:48:53.269+0000] {dag.py:4180} INFO - Setting next_dagrun for latest_only to 2025-02-04 12:00:00+00:00, run_after=2025-02-04 16:00:00+00:00
[2025-02-04T16:48:53.299+0000] {processor.py:208} INFO - Processing /home/airflow/.local/lib/python3.9/site-packages/airflow/example_dags/example_latest_only.py took 0.096 seconds
[2025-02-04T16:49:23.660+0000] {processor.py:186} INFO - Started process (PID=3153) to work on /home/airflow/.local/lib/python3.9/site-packages/airflow/example_dags/example_latest_only.py
[2025-02-04T16:49:23.661+0000] {processor.py:914} INFO - Processing file /home/airflow/.local/lib/python3.9/site-packages/airflow/example_dags/example_latest_only.py for tasks to queue
[2025-02-04T16:49:23.663+0000] {logging_mixin.py:190} INFO - [2025-02-04T16:49:23.662+0000] {dagbag.py:588} INFO - Filling up the DagBag from /home/airflow/.local/lib/python3.9/site-packages/airflow/example_dags/example_latest_only.py
[2025-02-04T16:49:23.670+0000] {processor.py:925} INFO - DAG(s) 'latest_only' retrieved from /home/airflow/.local/lib/python3.9/site-packages/airflow/example_dags/example_latest_only.py
[2025-02-04T16:49:23.691+0000] {logging_mixin.py:190} INFO - [2025-02-04T16:49:23.690+0000] {dag.py:3239} INFO - Sync 1 DAGs
[2025-02-04T16:49:23.713+0000] {logging_mixin.py:190} INFO - [2025-02-04T16:49:23.712+0000] {dag.py:4180} INFO - Setting next_dagrun for latest_only to 2025-02-04 12:00:00+00:00, run_after=2025-02-04 16:00:00+00:00
[2025-02-04T16:49:23.738+0000] {processor.py:208} INFO - Processing /home/airflow/.local/lib/python3.9/site-packages/airflow/example_dags/example_latest_only.py took 0.084 seconds
[2025-02-04T16:49:53.969+0000] {processor.py:186} INFO - Started process (PID=3217) to work on /home/airflow/.local/lib/python3.9/site-packages/airflow/example_dags/example_latest_only.py
[2025-02-04T16:49:53.970+0000] {processor.py:914} INFO - Processing file /home/airflow/.local/lib/python3.9/site-packages/airflow/example_dags/example_latest_only.py for tasks to queue
[2025-02-04T16:49:53.972+0000] {logging_mixin.py:190} INFO - [2025-02-04T16:49:53.972+0000] {dagbag.py:588} INFO - Filling up the DagBag from /home/airflow/.local/lib/python3.9/site-packages/airflow/example_dags/example_latest_only.py
[2025-02-04T16:49:53.982+0000] {processor.py:925} INFO - DAG(s) 'latest_only' retrieved from /home/airflow/.local/lib/python3.9/site-packages/airflow/example_dags/example_latest_only.py
[2025-02-04T16:49:54.001+0000] {logging_mixin.py:190} INFO - [2025-02-04T16:49:54.001+0000] {dag.py:3239} INFO - Sync 1 DAGs
[2025-02-04T16:49:54.025+0000] {logging_mixin.py:190} INFO - [2025-02-04T16:49:54.024+0000] {dag.py:4180} INFO - Setting next_dagrun for latest_only to 2025-02-04 12:00:00+00:00, run_after=2025-02-04 16:00:00+00:00
[2025-02-04T16:49:54.052+0000] {processor.py:208} INFO - Processing /home/airflow/.local/lib/python3.9/site-packages/airflow/example_dags/example_latest_only.py took 0.091 seconds
