[2025-02-04T16:22:50.293+0000] {processor.py:186} INFO - Started process (PID=114) to work on /home/airflow/.local/lib/python3.9/site-packages/airflow/example_dags/example_dag_decorator.py
[2025-02-04T16:22:50.295+0000] {processor.py:914} INFO - Processing file /home/airflow/.local/lib/python3.9/site-packages/airflow/example_dags/example_dag_decorator.py for tasks to queue
[2025-02-04T16:22:50.298+0000] {logging_mixin.py:190} INFO - [2025-02-04T16:22:50.297+0000] {dagbag.py:588} INFO - Filling up the DagBag from /home/airflow/.local/lib/python3.9/site-packages/airflow/example_dags/example_dag_decorator.py
[2025-02-04T16:22:50.780+0000] {processor.py:925} INFO - DAG(s) 'example_dag_decorator' retrieved from /home/airflow/.local/lib/python3.9/site-packages/airflow/example_dags/example_dag_decorator.py
[2025-02-04T16:22:51.694+0000] {logging_mixin.py:190} INFO - [2025-02-04T16:22:51.693+0000] {override.py:1912} INFO - Created Permission View: can delete on DAG:example_dag_decorator
[2025-02-04T16:22:51.712+0000] {logging_mixin.py:190} INFO - [2025-02-04T16:22:51.711+0000] {override.py:1912} INFO - Created Permission View: can edit on DAG:example_dag_decorator
[2025-02-04T16:22:51.727+0000] {logging_mixin.py:190} INFO - [2025-02-04T16:22:51.726+0000] {override.py:1912} INFO - Created Permission View: can read on DAG:example_dag_decorator
[2025-02-04T16:22:51.752+0000] {logging_mixin.py:190} INFO - [2025-02-04T16:22:51.751+0000] {override.py:1912} INFO - Created Permission View: can delete on DAG Run:example_dag_decorator
[2025-02-04T16:22:51.767+0000] {logging_mixin.py:190} INFO - [2025-02-04T16:22:51.767+0000] {override.py:1912} INFO - Created Permission View: menu access on DAG Run:example_dag_decorator
[2025-02-04T16:22:51.785+0000] {logging_mixin.py:190} INFO - [2025-02-04T16:22:51.784+0000] {override.py:1912} INFO - Created Permission View: can read on DAG Run:example_dag_decorator
[2025-02-04T16:22:51.799+0000] {logging_mixin.py:190} INFO - [2025-02-04T16:22:51.798+0000] {override.py:1912} INFO - Created Permission View: can create on DAG Run:example_dag_decorator
[2025-02-04T16:22:51.800+0000] {logging_mixin.py:190} INFO - [2025-02-04T16:22:51.800+0000] {dag.py:3239} INFO - Sync 1 DAGs
[2025-02-04T16:22:51.818+0000] {logging_mixin.py:190} INFO - [2025-02-04T16:22:51.818+0000] {dag.py:3262} INFO - Creating ORM DAG for example_dag_decorator
[2025-02-04T16:22:51.820+0000] {logging_mixin.py:190} INFO - [2025-02-04T16:22:51.820+0000] {dag.py:4180} INFO - Setting next_dagrun for example_dag_decorator to None, run_after=None
[2025-02-04T16:22:51.849+0000] {processor.py:208} INFO - Processing /home/airflow/.local/lib/python3.9/site-packages/airflow/example_dags/example_dag_decorator.py took 1.561 seconds
[2025-02-04T16:23:33.144+0000] {processor.py:186} INFO - Started process (PID=178) to work on /home/airflow/.local/lib/python3.9/site-packages/airflow/example_dags/example_dag_decorator.py
[2025-02-04T16:23:33.145+0000] {processor.py:914} INFO - Processing file /home/airflow/.local/lib/python3.9/site-packages/airflow/example_dags/example_dag_decorator.py for tasks to queue
[2025-02-04T16:23:33.148+0000] {logging_mixin.py:190} INFO - [2025-02-04T16:23:33.148+0000] {dagbag.py:588} INFO - Filling up the DagBag from /home/airflow/.local/lib/python3.9/site-packages/airflow/example_dags/example_dag_decorator.py
[2025-02-04T16:23:33.161+0000] {processor.py:925} INFO - DAG(s) 'example_dag_decorator' retrieved from /home/airflow/.local/lib/python3.9/site-packages/airflow/example_dags/example_dag_decorator.py
[2025-02-04T16:23:33.269+0000] {logging_mixin.py:190} INFO - [2025-02-04T16:23:33.268+0000] {dag.py:3239} INFO - Sync 1 DAGs
[2025-02-04T16:23:33.280+0000] {logging_mixin.py:190} INFO - [2025-02-04T16:23:33.280+0000] {dag.py:4180} INFO - Setting next_dagrun for example_dag_decorator to None, run_after=None
[2025-02-04T16:23:33.305+0000] {processor.py:208} INFO - Processing /home/airflow/.local/lib/python3.9/site-packages/airflow/example_dags/example_dag_decorator.py took 0.168 seconds
[2025-02-04T16:24:03.905+0000] {processor.py:186} INFO - Started process (PID=241) to work on /home/airflow/.local/lib/python3.9/site-packages/airflow/example_dags/example_dag_decorator.py
[2025-02-04T16:24:03.906+0000] {processor.py:914} INFO - Processing file /home/airflow/.local/lib/python3.9/site-packages/airflow/example_dags/example_dag_decorator.py for tasks to queue
[2025-02-04T16:24:03.909+0000] {logging_mixin.py:190} INFO - [2025-02-04T16:24:03.909+0000] {dagbag.py:588} INFO - Filling up the DagBag from /home/airflow/.local/lib/python3.9/site-packages/airflow/example_dags/example_dag_decorator.py
[2025-02-04T16:24:03.925+0000] {processor.py:925} INFO - DAG(s) 'example_dag_decorator' retrieved from /home/airflow/.local/lib/python3.9/site-packages/airflow/example_dags/example_dag_decorator.py
[2025-02-04T16:24:04.045+0000] {logging_mixin.py:190} INFO - [2025-02-04T16:24:04.045+0000] {dag.py:3239} INFO - Sync 1 DAGs
[2025-02-04T16:24:04.060+0000] {logging_mixin.py:190} INFO - [2025-02-04T16:24:04.060+0000] {dag.py:4180} INFO - Setting next_dagrun for example_dag_decorator to None, run_after=None
[2025-02-04T16:24:04.093+0000] {processor.py:208} INFO - Processing /home/airflow/.local/lib/python3.9/site-packages/airflow/example_dags/example_dag_decorator.py took 0.196 seconds
[2025-02-04T16:24:34.637+0000] {processor.py:186} INFO - Started process (PID=305) to work on /home/airflow/.local/lib/python3.9/site-packages/airflow/example_dags/example_dag_decorator.py
[2025-02-04T16:24:34.639+0000] {processor.py:914} INFO - Processing file /home/airflow/.local/lib/python3.9/site-packages/airflow/example_dags/example_dag_decorator.py for tasks to queue
[2025-02-04T16:24:34.642+0000] {logging_mixin.py:190} INFO - [2025-02-04T16:24:34.642+0000] {dagbag.py:588} INFO - Filling up the DagBag from /home/airflow/.local/lib/python3.9/site-packages/airflow/example_dags/example_dag_decorator.py
[2025-02-04T16:24:34.654+0000] {processor.py:925} INFO - DAG(s) 'example_dag_decorator' retrieved from /home/airflow/.local/lib/python3.9/site-packages/airflow/example_dags/example_dag_decorator.py
[2025-02-04T16:24:34.776+0000] {logging_mixin.py:190} INFO - [2025-02-04T16:24:34.776+0000] {dag.py:3239} INFO - Sync 1 DAGs
[2025-02-04T16:24:34.789+0000] {logging_mixin.py:190} INFO - [2025-02-04T16:24:34.789+0000] {dag.py:4180} INFO - Setting next_dagrun for example_dag_decorator to None, run_after=None
[2025-02-04T16:24:34.817+0000] {processor.py:208} INFO - Processing /home/airflow/.local/lib/python3.9/site-packages/airflow/example_dags/example_dag_decorator.py took 0.187 seconds
[2025-02-04T16:25:05.463+0000] {processor.py:186} INFO - Started process (PID=368) to work on /home/airflow/.local/lib/python3.9/site-packages/airflow/example_dags/example_dag_decorator.py
[2025-02-04T16:25:05.465+0000] {processor.py:914} INFO - Processing file /home/airflow/.local/lib/python3.9/site-packages/airflow/example_dags/example_dag_decorator.py for tasks to queue
[2025-02-04T16:25:05.467+0000] {logging_mixin.py:190} INFO - [2025-02-04T16:25:05.467+0000] {dagbag.py:588} INFO - Filling up the DagBag from /home/airflow/.local/lib/python3.9/site-packages/airflow/example_dags/example_dag_decorator.py
[2025-02-04T16:25:05.481+0000] {processor.py:925} INFO - DAG(s) 'example_dag_decorator' retrieved from /home/airflow/.local/lib/python3.9/site-packages/airflow/example_dags/example_dag_decorator.py
[2025-02-04T16:25:05.609+0000] {logging_mixin.py:190} INFO - [2025-02-04T16:25:05.608+0000] {dag.py:3239} INFO - Sync 1 DAGs
[2025-02-04T16:25:05.626+0000] {logging_mixin.py:190} INFO - [2025-02-04T16:25:05.625+0000] {dag.py:4180} INFO - Setting next_dagrun for example_dag_decorator to None, run_after=None
[2025-02-04T16:25:05.656+0000] {processor.py:208} INFO - Processing /home/airflow/.local/lib/python3.9/site-packages/airflow/example_dags/example_dag_decorator.py took 0.199 seconds
[2025-02-04T16:25:35.844+0000] {processor.py:186} INFO - Started process (PID=432) to work on /home/airflow/.local/lib/python3.9/site-packages/airflow/example_dags/example_dag_decorator.py
[2025-02-04T16:25:35.846+0000] {processor.py:914} INFO - Processing file /home/airflow/.local/lib/python3.9/site-packages/airflow/example_dags/example_dag_decorator.py for tasks to queue
[2025-02-04T16:25:35.849+0000] {logging_mixin.py:190} INFO - [2025-02-04T16:25:35.849+0000] {dagbag.py:588} INFO - Filling up the DagBag from /home/airflow/.local/lib/python3.9/site-packages/airflow/example_dags/example_dag_decorator.py
[2025-02-04T16:25:35.866+0000] {processor.py:925} INFO - DAG(s) 'example_dag_decorator' retrieved from /home/airflow/.local/lib/python3.9/site-packages/airflow/example_dags/example_dag_decorator.py
[2025-02-04T16:25:35.984+0000] {logging_mixin.py:190} INFO - [2025-02-04T16:25:35.984+0000] {dag.py:3239} INFO - Sync 1 DAGs
[2025-02-04T16:25:36.001+0000] {logging_mixin.py:190} INFO - [2025-02-04T16:25:36.000+0000] {dag.py:4180} INFO - Setting next_dagrun for example_dag_decorator to None, run_after=None
[2025-02-04T16:25:36.030+0000] {processor.py:208} INFO - Processing /home/airflow/.local/lib/python3.9/site-packages/airflow/example_dags/example_dag_decorator.py took 0.193 seconds
[2025-02-04T16:26:06.205+0000] {processor.py:186} INFO - Started process (PID=503) to work on /home/airflow/.local/lib/python3.9/site-packages/airflow/example_dags/example_dag_decorator.py
[2025-02-04T16:26:06.207+0000] {processor.py:914} INFO - Processing file /home/airflow/.local/lib/python3.9/site-packages/airflow/example_dags/example_dag_decorator.py for tasks to queue
[2025-02-04T16:26:06.211+0000] {logging_mixin.py:190} INFO - [2025-02-04T16:26:06.210+0000] {dagbag.py:588} INFO - Filling up the DagBag from /home/airflow/.local/lib/python3.9/site-packages/airflow/example_dags/example_dag_decorator.py
[2025-02-04T16:26:06.224+0000] {processor.py:925} INFO - DAG(s) 'example_dag_decorator' retrieved from /home/airflow/.local/lib/python3.9/site-packages/airflow/example_dags/example_dag_decorator.py
[2025-02-04T16:26:06.346+0000] {logging_mixin.py:190} INFO - [2025-02-04T16:26:06.346+0000] {dag.py:3239} INFO - Sync 1 DAGs
[2025-02-04T16:26:06.362+0000] {logging_mixin.py:190} INFO - [2025-02-04T16:26:06.362+0000] {dag.py:4180} INFO - Setting next_dagrun for example_dag_decorator to None, run_after=None
[2025-02-04T16:26:06.395+0000] {processor.py:208} INFO - Processing /home/airflow/.local/lib/python3.9/site-packages/airflow/example_dags/example_dag_decorator.py took 0.196 seconds
[2025-02-04T16:26:37.232+0000] {processor.py:186} INFO - Started process (PID=567) to work on /home/airflow/.local/lib/python3.9/site-packages/airflow/example_dags/example_dag_decorator.py
[2025-02-04T16:26:37.235+0000] {processor.py:914} INFO - Processing file /home/airflow/.local/lib/python3.9/site-packages/airflow/example_dags/example_dag_decorator.py for tasks to queue
[2025-02-04T16:26:37.248+0000] {logging_mixin.py:190} INFO - [2025-02-04T16:26:37.247+0000] {dagbag.py:588} INFO - Filling up the DagBag from /home/airflow/.local/lib/python3.9/site-packages/airflow/example_dags/example_dag_decorator.py
[2025-02-04T16:26:37.282+0000] {processor.py:925} INFO - DAG(s) 'example_dag_decorator' retrieved from /home/airflow/.local/lib/python3.9/site-packages/airflow/example_dags/example_dag_decorator.py
[2025-02-04T16:26:37.451+0000] {logging_mixin.py:190} INFO - [2025-02-04T16:26:37.451+0000] {dag.py:3239} INFO - Sync 1 DAGs
[2025-02-04T16:26:37.466+0000] {logging_mixin.py:190} INFO - [2025-02-04T16:26:37.465+0000] {dag.py:4180} INFO - Setting next_dagrun for example_dag_decorator to None, run_after=None
[2025-02-04T16:26:37.495+0000] {processor.py:208} INFO - Processing /home/airflow/.local/lib/python3.9/site-packages/airflow/example_dags/example_dag_decorator.py took 0.273 seconds
[2025-02-04T16:27:08.386+0000] {processor.py:186} INFO - Started process (PID=631) to work on /home/airflow/.local/lib/python3.9/site-packages/airflow/example_dags/example_dag_decorator.py
[2025-02-04T16:27:08.387+0000] {processor.py:914} INFO - Processing file /home/airflow/.local/lib/python3.9/site-packages/airflow/example_dags/example_dag_decorator.py for tasks to queue
[2025-02-04T16:27:08.390+0000] {logging_mixin.py:190} INFO - [2025-02-04T16:27:08.390+0000] {dagbag.py:588} INFO - Filling up the DagBag from /home/airflow/.local/lib/python3.9/site-packages/airflow/example_dags/example_dag_decorator.py
[2025-02-04T16:27:08.402+0000] {processor.py:925} INFO - DAG(s) 'example_dag_decorator' retrieved from /home/airflow/.local/lib/python3.9/site-packages/airflow/example_dags/example_dag_decorator.py
[2025-02-04T16:27:08.517+0000] {logging_mixin.py:190} INFO - [2025-02-04T16:27:08.516+0000] {dag.py:3239} INFO - Sync 1 DAGs
[2025-02-04T16:27:08.531+0000] {logging_mixin.py:190} INFO - [2025-02-04T16:27:08.530+0000] {dag.py:4180} INFO - Setting next_dagrun for example_dag_decorator to None, run_after=None
[2025-02-04T16:27:08.558+0000] {processor.py:208} INFO - Processing /home/airflow/.local/lib/python3.9/site-packages/airflow/example_dags/example_dag_decorator.py took 0.178 seconds
[2025-02-04T16:27:38.674+0000] {processor.py:186} INFO - Started process (PID=699) to work on /home/airflow/.local/lib/python3.9/site-packages/airflow/example_dags/example_dag_decorator.py
[2025-02-04T16:27:38.675+0000] {processor.py:914} INFO - Processing file /home/airflow/.local/lib/python3.9/site-packages/airflow/example_dags/example_dag_decorator.py for tasks to queue
[2025-02-04T16:27:38.677+0000] {logging_mixin.py:190} INFO - [2025-02-04T16:27:38.677+0000] {dagbag.py:588} INFO - Filling up the DagBag from /home/airflow/.local/lib/python3.9/site-packages/airflow/example_dags/example_dag_decorator.py
[2025-02-04T16:27:38.690+0000] {processor.py:925} INFO - DAG(s) 'example_dag_decorator' retrieved from /home/airflow/.local/lib/python3.9/site-packages/airflow/example_dags/example_dag_decorator.py
[2025-02-04T16:27:38.805+0000] {logging_mixin.py:190} INFO - [2025-02-04T16:27:38.805+0000] {dag.py:3239} INFO - Sync 1 DAGs
[2025-02-04T16:27:38.819+0000] {logging_mixin.py:190} INFO - [2025-02-04T16:27:38.818+0000] {dag.py:4180} INFO - Setting next_dagrun for example_dag_decorator to None, run_after=None
[2025-02-04T16:27:38.847+0000] {processor.py:208} INFO - Processing /home/airflow/.local/lib/python3.9/site-packages/airflow/example_dags/example_dag_decorator.py took 0.180 seconds
[2025-02-04T16:28:09.981+0000] {processor.py:186} INFO - Started process (PID=764) to work on /home/airflow/.local/lib/python3.9/site-packages/airflow/example_dags/example_dag_decorator.py
[2025-02-04T16:28:09.982+0000] {processor.py:914} INFO - Processing file /home/airflow/.local/lib/python3.9/site-packages/airflow/example_dags/example_dag_decorator.py for tasks to queue
[2025-02-04T16:28:09.985+0000] {logging_mixin.py:190} INFO - [2025-02-04T16:28:09.984+0000] {dagbag.py:588} INFO - Filling up the DagBag from /home/airflow/.local/lib/python3.9/site-packages/airflow/example_dags/example_dag_decorator.py
[2025-02-04T16:28:09.998+0000] {processor.py:925} INFO - DAG(s) 'example_dag_decorator' retrieved from /home/airflow/.local/lib/python3.9/site-packages/airflow/example_dags/example_dag_decorator.py
[2025-02-04T16:28:10.119+0000] {logging_mixin.py:190} INFO - [2025-02-04T16:28:10.119+0000] {dag.py:3239} INFO - Sync 1 DAGs
[2025-02-04T16:28:10.278+0000] {logging_mixin.py:190} INFO - [2025-02-04T16:28:10.277+0000] {dag.py:4180} INFO - Setting next_dagrun for example_dag_decorator to None, run_after=None
[2025-02-04T16:28:10.586+0000] {processor.py:208} INFO - Processing /home/airflow/.local/lib/python3.9/site-packages/airflow/example_dags/example_dag_decorator.py took 0.612 seconds
[2025-02-04T16:28:40.767+0000] {processor.py:186} INFO - Started process (PID=829) to work on /home/airflow/.local/lib/python3.9/site-packages/airflow/example_dags/example_dag_decorator.py
[2025-02-04T16:28:40.768+0000] {processor.py:914} INFO - Processing file /home/airflow/.local/lib/python3.9/site-packages/airflow/example_dags/example_dag_decorator.py for tasks to queue
[2025-02-04T16:28:40.771+0000] {logging_mixin.py:190} INFO - [2025-02-04T16:28:40.771+0000] {dagbag.py:588} INFO - Filling up the DagBag from /home/airflow/.local/lib/python3.9/site-packages/airflow/example_dags/example_dag_decorator.py
[2025-02-04T16:28:40.784+0000] {processor.py:925} INFO - DAG(s) 'example_dag_decorator' retrieved from /home/airflow/.local/lib/python3.9/site-packages/airflow/example_dags/example_dag_decorator.py
[2025-02-04T16:28:40.912+0000] {logging_mixin.py:190} INFO - [2025-02-04T16:28:40.912+0000] {dag.py:3239} INFO - Sync 1 DAGs
[2025-02-04T16:28:40.928+0000] {logging_mixin.py:190} INFO - [2025-02-04T16:28:40.928+0000] {dag.py:4180} INFO - Setting next_dagrun for example_dag_decorator to None, run_after=None
[2025-02-04T16:28:40.958+0000] {processor.py:208} INFO - Processing /home/airflow/.local/lib/python3.9/site-packages/airflow/example_dags/example_dag_decorator.py took 0.198 seconds
[2025-02-04T16:29:11.147+0000] {processor.py:186} INFO - Started process (PID=894) to work on /home/airflow/.local/lib/python3.9/site-packages/airflow/example_dags/example_dag_decorator.py
[2025-02-04T16:29:11.148+0000] {processor.py:914} INFO - Processing file /home/airflow/.local/lib/python3.9/site-packages/airflow/example_dags/example_dag_decorator.py for tasks to queue
[2025-02-04T16:29:11.151+0000] {logging_mixin.py:190} INFO - [2025-02-04T16:29:11.151+0000] {dagbag.py:588} INFO - Filling up the DagBag from /home/airflow/.local/lib/python3.9/site-packages/airflow/example_dags/example_dag_decorator.py
[2025-02-04T16:29:11.165+0000] {processor.py:925} INFO - DAG(s) 'example_dag_decorator' retrieved from /home/airflow/.local/lib/python3.9/site-packages/airflow/example_dags/example_dag_decorator.py
[2025-02-04T16:29:11.285+0000] {logging_mixin.py:190} INFO - [2025-02-04T16:29:11.285+0000] {dag.py:3239} INFO - Sync 1 DAGs
[2025-02-04T16:29:11.300+0000] {logging_mixin.py:190} INFO - [2025-02-04T16:29:11.299+0000] {dag.py:4180} INFO - Setting next_dagrun for example_dag_decorator to None, run_after=None
[2025-02-04T16:29:11.330+0000] {processor.py:208} INFO - Processing /home/airflow/.local/lib/python3.9/site-packages/airflow/example_dags/example_dag_decorator.py took 0.190 seconds
[2025-02-04T16:29:41.467+0000] {processor.py:186} INFO - Started process (PID=959) to work on /home/airflow/.local/lib/python3.9/site-packages/airflow/example_dags/example_dag_decorator.py
[2025-02-04T16:29:41.468+0000] {processor.py:914} INFO - Processing file /home/airflow/.local/lib/python3.9/site-packages/airflow/example_dags/example_dag_decorator.py for tasks to queue
[2025-02-04T16:29:41.471+0000] {logging_mixin.py:190} INFO - [2025-02-04T16:29:41.471+0000] {dagbag.py:588} INFO - Filling up the DagBag from /home/airflow/.local/lib/python3.9/site-packages/airflow/example_dags/example_dag_decorator.py
[2025-02-04T16:29:41.485+0000] {processor.py:925} INFO - DAG(s) 'example_dag_decorator' retrieved from /home/airflow/.local/lib/python3.9/site-packages/airflow/example_dags/example_dag_decorator.py
[2025-02-04T16:29:41.607+0000] {logging_mixin.py:190} INFO - [2025-02-04T16:29:41.607+0000] {dag.py:3239} INFO - Sync 1 DAGs
[2025-02-04T16:29:41.622+0000] {logging_mixin.py:190} INFO - [2025-02-04T16:29:41.621+0000] {dag.py:4180} INFO - Setting next_dagrun for example_dag_decorator to None, run_after=None
[2025-02-04T16:29:41.652+0000] {processor.py:208} INFO - Processing /home/airflow/.local/lib/python3.9/site-packages/airflow/example_dags/example_dag_decorator.py took 0.192 seconds
[2025-02-04T16:30:11.790+0000] {processor.py:186} INFO - Started process (PID=1023) to work on /home/airflow/.local/lib/python3.9/site-packages/airflow/example_dags/example_dag_decorator.py
[2025-02-04T16:30:11.791+0000] {processor.py:914} INFO - Processing file /home/airflow/.local/lib/python3.9/site-packages/airflow/example_dags/example_dag_decorator.py for tasks to queue
[2025-02-04T16:30:11.795+0000] {logging_mixin.py:190} INFO - [2025-02-04T16:30:11.794+0000] {dagbag.py:588} INFO - Filling up the DagBag from /home/airflow/.local/lib/python3.9/site-packages/airflow/example_dags/example_dag_decorator.py
[2025-02-04T16:30:11.810+0000] {processor.py:925} INFO - DAG(s) 'example_dag_decorator' retrieved from /home/airflow/.local/lib/python3.9/site-packages/airflow/example_dags/example_dag_decorator.py
[2025-02-04T16:30:11.934+0000] {logging_mixin.py:190} INFO - [2025-02-04T16:30:11.934+0000] {dag.py:3239} INFO - Sync 1 DAGs
[2025-02-04T16:30:11.948+0000] {logging_mixin.py:190} INFO - [2025-02-04T16:30:11.948+0000] {dag.py:4180} INFO - Setting next_dagrun for example_dag_decorator to None, run_after=None
[2025-02-04T16:30:11.980+0000] {processor.py:208} INFO - Processing /home/airflow/.local/lib/python3.9/site-packages/airflow/example_dags/example_dag_decorator.py took 0.199 seconds
[2025-02-04T16:30:42.376+0000] {processor.py:186} INFO - Started process (PID=1087) to work on /home/airflow/.local/lib/python3.9/site-packages/airflow/example_dags/example_dag_decorator.py
[2025-02-04T16:30:42.377+0000] {processor.py:914} INFO - Processing file /home/airflow/.local/lib/python3.9/site-packages/airflow/example_dags/example_dag_decorator.py for tasks to queue
[2025-02-04T16:30:42.380+0000] {logging_mixin.py:190} INFO - [2025-02-04T16:30:42.380+0000] {dagbag.py:588} INFO - Filling up the DagBag from /home/airflow/.local/lib/python3.9/site-packages/airflow/example_dags/example_dag_decorator.py
[2025-02-04T16:30:42.394+0000] {processor.py:925} INFO - DAG(s) 'example_dag_decorator' retrieved from /home/airflow/.local/lib/python3.9/site-packages/airflow/example_dags/example_dag_decorator.py
[2025-02-04T16:30:42.550+0000] {logging_mixin.py:190} INFO - [2025-02-04T16:30:42.549+0000] {dag.py:3239} INFO - Sync 1 DAGs
[2025-02-04T16:30:42.564+0000] {logging_mixin.py:190} INFO - [2025-02-04T16:30:42.563+0000] {dag.py:4180} INFO - Setting next_dagrun for example_dag_decorator to None, run_after=None
[2025-02-04T16:30:42.594+0000] {processor.py:208} INFO - Processing /home/airflow/.local/lib/python3.9/site-packages/airflow/example_dags/example_dag_decorator.py took 0.225 seconds
[2025-02-04T16:31:12.963+0000] {processor.py:186} INFO - Started process (PID=1148) to work on /home/airflow/.local/lib/python3.9/site-packages/airflow/example_dags/example_dag_decorator.py
[2025-02-04T16:31:12.964+0000] {processor.py:914} INFO - Processing file /home/airflow/.local/lib/python3.9/site-packages/airflow/example_dags/example_dag_decorator.py for tasks to queue
[2025-02-04T16:31:12.970+0000] {logging_mixin.py:190} INFO - [2025-02-04T16:31:12.969+0000] {dagbag.py:588} INFO - Filling up the DagBag from /home/airflow/.local/lib/python3.9/site-packages/airflow/example_dags/example_dag_decorator.py
[2025-02-04T16:31:12.989+0000] {processor.py:925} INFO - DAG(s) 'example_dag_decorator' retrieved from /home/airflow/.local/lib/python3.9/site-packages/airflow/example_dags/example_dag_decorator.py
[2025-02-04T16:31:13.139+0000] {logging_mixin.py:190} INFO - [2025-02-04T16:31:13.139+0000] {dag.py:3239} INFO - Sync 1 DAGs
[2025-02-04T16:31:13.160+0000] {logging_mixin.py:190} INFO - [2025-02-04T16:31:13.159+0000] {dag.py:4180} INFO - Setting next_dagrun for example_dag_decorator to None, run_after=None
[2025-02-04T16:31:13.194+0000] {processor.py:208} INFO - Processing /home/airflow/.local/lib/python3.9/site-packages/airflow/example_dags/example_dag_decorator.py took 0.238 seconds
[2025-02-04T16:31:44.006+0000] {processor.py:186} INFO - Started process (PID=1220) to work on /home/airflow/.local/lib/python3.9/site-packages/airflow/example_dags/example_dag_decorator.py
[2025-02-04T16:31:44.008+0000] {processor.py:914} INFO - Processing file /home/airflow/.local/lib/python3.9/site-packages/airflow/example_dags/example_dag_decorator.py for tasks to queue
[2025-02-04T16:31:44.011+0000] {logging_mixin.py:190} INFO - [2025-02-04T16:31:44.011+0000] {dagbag.py:588} INFO - Filling up the DagBag from /home/airflow/.local/lib/python3.9/site-packages/airflow/example_dags/example_dag_decorator.py
[2025-02-04T16:31:44.029+0000] {processor.py:925} INFO - DAG(s) 'example_dag_decorator' retrieved from /home/airflow/.local/lib/python3.9/site-packages/airflow/example_dags/example_dag_decorator.py
[2025-02-04T16:31:44.161+0000] {logging_mixin.py:190} INFO - [2025-02-04T16:31:44.160+0000] {dag.py:3239} INFO - Sync 1 DAGs
[2025-02-04T16:31:44.175+0000] {logging_mixin.py:190} INFO - [2025-02-04T16:31:44.175+0000] {dag.py:4180} INFO - Setting next_dagrun for example_dag_decorator to None, run_after=None
[2025-02-04T16:31:44.205+0000] {processor.py:208} INFO - Processing /home/airflow/.local/lib/python3.9/site-packages/airflow/example_dags/example_dag_decorator.py took 0.209 seconds
[2025-02-04T16:32:14.254+0000] {processor.py:186} INFO - Started process (PID=1284) to work on /home/airflow/.local/lib/python3.9/site-packages/airflow/example_dags/example_dag_decorator.py
[2025-02-04T16:32:14.255+0000] {processor.py:914} INFO - Processing file /home/airflow/.local/lib/python3.9/site-packages/airflow/example_dags/example_dag_decorator.py for tasks to queue
[2025-02-04T16:32:14.258+0000] {logging_mixin.py:190} INFO - [2025-02-04T16:32:14.258+0000] {dagbag.py:588} INFO - Filling up the DagBag from /home/airflow/.local/lib/python3.9/site-packages/airflow/example_dags/example_dag_decorator.py
[2025-02-04T16:32:14.272+0000] {processor.py:925} INFO - DAG(s) 'example_dag_decorator' retrieved from /home/airflow/.local/lib/python3.9/site-packages/airflow/example_dags/example_dag_decorator.py
[2025-02-04T16:32:14.449+0000] {logging_mixin.py:190} INFO - [2025-02-04T16:32:14.448+0000] {dag.py:3239} INFO - Sync 1 DAGs
[2025-02-04T16:32:14.467+0000] {logging_mixin.py:190} INFO - [2025-02-04T16:32:14.467+0000] {dag.py:4180} INFO - Setting next_dagrun for example_dag_decorator to None, run_after=None
[2025-02-04T16:32:14.501+0000] {processor.py:208} INFO - Processing /home/airflow/.local/lib/python3.9/site-packages/airflow/example_dags/example_dag_decorator.py took 0.254 seconds
[2025-02-04T16:32:44.556+0000] {processor.py:186} INFO - Started process (PID=1347) to work on /home/airflow/.local/lib/python3.9/site-packages/airflow/example_dags/example_dag_decorator.py
[2025-02-04T16:32:44.557+0000] {processor.py:914} INFO - Processing file /home/airflow/.local/lib/python3.9/site-packages/airflow/example_dags/example_dag_decorator.py for tasks to queue
[2025-02-04T16:32:44.561+0000] {logging_mixin.py:190} INFO - [2025-02-04T16:32:44.560+0000] {dagbag.py:588} INFO - Filling up the DagBag from /home/airflow/.local/lib/python3.9/site-packages/airflow/example_dags/example_dag_decorator.py
[2025-02-04T16:32:44.575+0000] {processor.py:925} INFO - DAG(s) 'example_dag_decorator' retrieved from /home/airflow/.local/lib/python3.9/site-packages/airflow/example_dags/example_dag_decorator.py
[2025-02-04T16:32:44.706+0000] {logging_mixin.py:190} INFO - [2025-02-04T16:32:44.706+0000] {dag.py:3239} INFO - Sync 1 DAGs
[2025-02-04T16:32:44.722+0000] {logging_mixin.py:190} INFO - [2025-02-04T16:32:44.722+0000] {dag.py:4180} INFO - Setting next_dagrun for example_dag_decorator to None, run_after=None
[2025-02-04T16:32:44.755+0000] {processor.py:208} INFO - Processing /home/airflow/.local/lib/python3.9/site-packages/airflow/example_dags/example_dag_decorator.py took 0.207 seconds
[2025-02-04T16:33:15.608+0000] {processor.py:186} INFO - Started process (PID=1415) to work on /home/airflow/.local/lib/python3.9/site-packages/airflow/example_dags/example_dag_decorator.py
[2025-02-04T16:33:15.609+0000] {processor.py:914} INFO - Processing file /home/airflow/.local/lib/python3.9/site-packages/airflow/example_dags/example_dag_decorator.py for tasks to queue
[2025-02-04T16:33:15.612+0000] {logging_mixin.py:190} INFO - [2025-02-04T16:33:15.612+0000] {dagbag.py:588} INFO - Filling up the DagBag from /home/airflow/.local/lib/python3.9/site-packages/airflow/example_dags/example_dag_decorator.py
[2025-02-04T16:33:15.626+0000] {processor.py:925} INFO - DAG(s) 'example_dag_decorator' retrieved from /home/airflow/.local/lib/python3.9/site-packages/airflow/example_dags/example_dag_decorator.py
[2025-02-04T16:33:15.766+0000] {logging_mixin.py:190} INFO - [2025-02-04T16:33:15.766+0000] {dag.py:3239} INFO - Sync 1 DAGs
[2025-02-04T16:33:15.778+0000] {logging_mixin.py:190} INFO - [2025-02-04T16:33:15.778+0000] {dag.py:4180} INFO - Setting next_dagrun for example_dag_decorator to None, run_after=None
[2025-02-04T16:33:15.809+0000] {processor.py:208} INFO - Processing /home/airflow/.local/lib/python3.9/site-packages/airflow/example_dags/example_dag_decorator.py took 0.208 seconds
[2025-02-04T16:33:46.178+0000] {processor.py:186} INFO - Started process (PID=1476) to work on /home/airflow/.local/lib/python3.9/site-packages/airflow/example_dags/example_dag_decorator.py
[2025-02-04T16:33:46.180+0000] {processor.py:914} INFO - Processing file /home/airflow/.local/lib/python3.9/site-packages/airflow/example_dags/example_dag_decorator.py for tasks to queue
[2025-02-04T16:33:46.183+0000] {logging_mixin.py:190} INFO - [2025-02-04T16:33:46.182+0000] {dagbag.py:588} INFO - Filling up the DagBag from /home/airflow/.local/lib/python3.9/site-packages/airflow/example_dags/example_dag_decorator.py
[2025-02-04T16:33:46.196+0000] {processor.py:925} INFO - DAG(s) 'example_dag_decorator' retrieved from /home/airflow/.local/lib/python3.9/site-packages/airflow/example_dags/example_dag_decorator.py
[2025-02-04T16:33:46.312+0000] {logging_mixin.py:190} INFO - [2025-02-04T16:33:46.312+0000] {dag.py:3239} INFO - Sync 1 DAGs
[2025-02-04T16:33:46.325+0000] {logging_mixin.py:190} INFO - [2025-02-04T16:33:46.325+0000] {dag.py:4180} INFO - Setting next_dagrun for example_dag_decorator to None, run_after=None
[2025-02-04T16:33:46.360+0000] {processor.py:208} INFO - Processing /home/airflow/.local/lib/python3.9/site-packages/airflow/example_dags/example_dag_decorator.py took 0.188 seconds
[2025-02-04T16:34:16.665+0000] {processor.py:186} INFO - Started process (PID=1536) to work on /home/airflow/.local/lib/python3.9/site-packages/airflow/example_dags/example_dag_decorator.py
[2025-02-04T16:34:16.667+0000] {processor.py:914} INFO - Processing file /home/airflow/.local/lib/python3.9/site-packages/airflow/example_dags/example_dag_decorator.py for tasks to queue
[2025-02-04T16:34:16.670+0000] {logging_mixin.py:190} INFO - [2025-02-04T16:34:16.669+0000] {dagbag.py:588} INFO - Filling up the DagBag from /home/airflow/.local/lib/python3.9/site-packages/airflow/example_dags/example_dag_decorator.py
[2025-02-04T16:34:16.682+0000] {processor.py:925} INFO - DAG(s) 'example_dag_decorator' retrieved from /home/airflow/.local/lib/python3.9/site-packages/airflow/example_dags/example_dag_decorator.py
[2025-02-04T16:34:16.800+0000] {logging_mixin.py:190} INFO - [2025-02-04T16:34:16.800+0000] {dag.py:3239} INFO - Sync 1 DAGs
[2025-02-04T16:34:16.813+0000] {logging_mixin.py:190} INFO - [2025-02-04T16:34:16.812+0000] {dag.py:4180} INFO - Setting next_dagrun for example_dag_decorator to None, run_after=None
[2025-02-04T16:34:16.841+0000] {processor.py:208} INFO - Processing /home/airflow/.local/lib/python3.9/site-packages/airflow/example_dags/example_dag_decorator.py took 0.183 seconds
[2025-02-04T16:34:48.110+0000] {processor.py:186} INFO - Started process (PID=1599) to work on /home/airflow/.local/lib/python3.9/site-packages/airflow/example_dags/example_dag_decorator.py
[2025-02-04T16:34:48.112+0000] {processor.py:914} INFO - Processing file /home/airflow/.local/lib/python3.9/site-packages/airflow/example_dags/example_dag_decorator.py for tasks to queue
[2025-02-04T16:34:48.114+0000] {logging_mixin.py:190} INFO - [2025-02-04T16:34:48.114+0000] {dagbag.py:588} INFO - Filling up the DagBag from /home/airflow/.local/lib/python3.9/site-packages/airflow/example_dags/example_dag_decorator.py
[2025-02-04T16:34:48.130+0000] {processor.py:925} INFO - DAG(s) 'example_dag_decorator' retrieved from /home/airflow/.local/lib/python3.9/site-packages/airflow/example_dags/example_dag_decorator.py
[2025-02-04T16:34:48.825+0000] {logging_mixin.py:190} INFO - [2025-02-04T16:34:48.824+0000] {dag.py:3239} INFO - Sync 1 DAGs
[2025-02-04T16:34:48.837+0000] {logging_mixin.py:190} INFO - [2025-02-04T16:34:48.837+0000] {dag.py:4180} INFO - Setting next_dagrun for example_dag_decorator to None, run_after=None
[2025-02-04T16:34:48.866+0000] {processor.py:208} INFO - Processing /home/airflow/.local/lib/python3.9/site-packages/airflow/example_dags/example_dag_decorator.py took 0.763 seconds
[2025-02-04T16:35:19.150+0000] {processor.py:186} INFO - Started process (PID=1663) to work on /home/airflow/.local/lib/python3.9/site-packages/airflow/example_dags/example_dag_decorator.py
[2025-02-04T16:35:19.151+0000] {processor.py:914} INFO - Processing file /home/airflow/.local/lib/python3.9/site-packages/airflow/example_dags/example_dag_decorator.py for tasks to queue
[2025-02-04T16:35:19.154+0000] {logging_mixin.py:190} INFO - [2025-02-04T16:35:19.154+0000] {dagbag.py:588} INFO - Filling up the DagBag from /home/airflow/.local/lib/python3.9/site-packages/airflow/example_dags/example_dag_decorator.py
[2025-02-04T16:35:19.172+0000] {processor.py:925} INFO - DAG(s) 'example_dag_decorator' retrieved from /home/airflow/.local/lib/python3.9/site-packages/airflow/example_dags/example_dag_decorator.py
[2025-02-04T16:35:19.300+0000] {logging_mixin.py:190} INFO - [2025-02-04T16:35:19.300+0000] {dag.py:3239} INFO - Sync 1 DAGs
[2025-02-04T16:35:19.315+0000] {logging_mixin.py:190} INFO - [2025-02-04T16:35:19.315+0000] {dag.py:4180} INFO - Setting next_dagrun for example_dag_decorator to None, run_after=None
[2025-02-04T16:35:19.341+0000] {processor.py:208} INFO - Processing /home/airflow/.local/lib/python3.9/site-packages/airflow/example_dags/example_dag_decorator.py took 0.198 seconds
[2025-02-04T16:35:50.065+0000] {processor.py:186} INFO - Started process (PID=1727) to work on /home/airflow/.local/lib/python3.9/site-packages/airflow/example_dags/example_dag_decorator.py
[2025-02-04T16:35:50.066+0000] {processor.py:914} INFO - Processing file /home/airflow/.local/lib/python3.9/site-packages/airflow/example_dags/example_dag_decorator.py for tasks to queue
[2025-02-04T16:35:50.070+0000] {logging_mixin.py:190} INFO - [2025-02-04T16:35:50.069+0000] {dagbag.py:588} INFO - Filling up the DagBag from /home/airflow/.local/lib/python3.9/site-packages/airflow/example_dags/example_dag_decorator.py
[2025-02-04T16:35:50.084+0000] {processor.py:925} INFO - DAG(s) 'example_dag_decorator' retrieved from /home/airflow/.local/lib/python3.9/site-packages/airflow/example_dags/example_dag_decorator.py
[2025-02-04T16:35:50.275+0000] {logging_mixin.py:190} INFO - [2025-02-04T16:35:50.275+0000] {dag.py:3239} INFO - Sync 1 DAGs
[2025-02-04T16:35:50.289+0000] {logging_mixin.py:190} INFO - [2025-02-04T16:35:50.288+0000] {dag.py:4180} INFO - Setting next_dagrun for example_dag_decorator to None, run_after=None
[2025-02-04T16:35:50.319+0000] {processor.py:208} INFO - Processing /home/airflow/.local/lib/python3.9/site-packages/airflow/example_dags/example_dag_decorator.py took 0.263 seconds
[2025-02-04T16:36:20.489+0000] {processor.py:186} INFO - Started process (PID=1792) to work on /home/airflow/.local/lib/python3.9/site-packages/airflow/example_dags/example_dag_decorator.py
[2025-02-04T16:36:20.490+0000] {processor.py:914} INFO - Processing file /home/airflow/.local/lib/python3.9/site-packages/airflow/example_dags/example_dag_decorator.py for tasks to queue
[2025-02-04T16:36:20.492+0000] {logging_mixin.py:190} INFO - [2025-02-04T16:36:20.492+0000] {dagbag.py:588} INFO - Filling up the DagBag from /home/airflow/.local/lib/python3.9/site-packages/airflow/example_dags/example_dag_decorator.py
[2025-02-04T16:36:20.508+0000] {processor.py:925} INFO - DAG(s) 'example_dag_decorator' retrieved from /home/airflow/.local/lib/python3.9/site-packages/airflow/example_dags/example_dag_decorator.py
[2025-02-04T16:36:20.628+0000] {logging_mixin.py:190} INFO - [2025-02-04T16:36:20.627+0000] {dag.py:3239} INFO - Sync 1 DAGs
[2025-02-04T16:36:20.641+0000] {logging_mixin.py:190} INFO - [2025-02-04T16:36:20.641+0000] {dag.py:4180} INFO - Setting next_dagrun for example_dag_decorator to None, run_after=None
[2025-02-04T16:36:20.667+0000] {processor.py:208} INFO - Processing /home/airflow/.local/lib/python3.9/site-packages/airflow/example_dags/example_dag_decorator.py took 0.185 seconds
[2025-02-04T16:36:51.998+0000] {processor.py:186} INFO - Started process (PID=1856) to work on /home/airflow/.local/lib/python3.9/site-packages/airflow/example_dags/example_dag_decorator.py
[2025-02-04T16:36:51.999+0000] {processor.py:914} INFO - Processing file /home/airflow/.local/lib/python3.9/site-packages/airflow/example_dags/example_dag_decorator.py for tasks to queue
[2025-02-04T16:36:52.002+0000] {logging_mixin.py:190} INFO - [2025-02-04T16:36:52.002+0000] {dagbag.py:588} INFO - Filling up the DagBag from /home/airflow/.local/lib/python3.9/site-packages/airflow/example_dags/example_dag_decorator.py
[2025-02-04T16:36:52.015+0000] {processor.py:925} INFO - DAG(s) 'example_dag_decorator' retrieved from /home/airflow/.local/lib/python3.9/site-packages/airflow/example_dags/example_dag_decorator.py
[2025-02-04T16:36:52.179+0000] {logging_mixin.py:190} INFO - [2025-02-04T16:36:52.179+0000] {dag.py:3239} INFO - Sync 1 DAGs
[2025-02-04T16:36:52.199+0000] {logging_mixin.py:190} INFO - [2025-02-04T16:36:52.199+0000] {dag.py:4180} INFO - Setting next_dagrun for example_dag_decorator to None, run_after=None
[2025-02-04T16:36:52.226+0000] {processor.py:208} INFO - Processing /home/airflow/.local/lib/python3.9/site-packages/airflow/example_dags/example_dag_decorator.py took 0.234 seconds
[2025-02-04T16:39:25.472+0000] {processor.py:186} INFO - Started process (PID=1909) to work on /home/airflow/.local/lib/python3.9/site-packages/airflow/example_dags/example_dag_decorator.py
[2025-02-04T16:39:25.473+0000] {processor.py:914} INFO - Processing file /home/airflow/.local/lib/python3.9/site-packages/airflow/example_dags/example_dag_decorator.py for tasks to queue
[2025-02-04T16:39:25.474+0000] {logging_mixin.py:190} INFO - [2025-02-04T16:39:25.474+0000] {dagbag.py:588} INFO - Filling up the DagBag from /home/airflow/.local/lib/python3.9/site-packages/airflow/example_dags/example_dag_decorator.py
[2025-02-04T16:39:25.487+0000] {processor.py:925} INFO - DAG(s) 'example_dag_decorator' retrieved from /home/airflow/.local/lib/python3.9/site-packages/airflow/example_dags/example_dag_decorator.py
[2025-02-04T16:39:25.613+0000] {logging_mixin.py:190} INFO - [2025-02-04T16:39:25.613+0000] {dag.py:3239} INFO - Sync 1 DAGs
[2025-02-04T16:39:25.631+0000] {logging_mixin.py:190} INFO - [2025-02-04T16:39:25.631+0000] {dag.py:4180} INFO - Setting next_dagrun for example_dag_decorator to None, run_after=None
[2025-02-04T16:39:25.656+0000] {processor.py:208} INFO - Processing /home/airflow/.local/lib/python3.9/site-packages/airflow/example_dags/example_dag_decorator.py took 0.190 seconds
[2025-02-04T16:39:56.445+0000] {processor.py:186} INFO - Started process (PID=1973) to work on /home/airflow/.local/lib/python3.9/site-packages/airflow/example_dags/example_dag_decorator.py
[2025-02-04T16:39:56.446+0000] {processor.py:914} INFO - Processing file /home/airflow/.local/lib/python3.9/site-packages/airflow/example_dags/example_dag_decorator.py for tasks to queue
[2025-02-04T16:39:56.447+0000] {logging_mixin.py:190} INFO - [2025-02-04T16:39:56.447+0000] {dagbag.py:588} INFO - Filling up the DagBag from /home/airflow/.local/lib/python3.9/site-packages/airflow/example_dags/example_dag_decorator.py
[2025-02-04T16:39:56.458+0000] {processor.py:925} INFO - DAG(s) 'example_dag_decorator' retrieved from /home/airflow/.local/lib/python3.9/site-packages/airflow/example_dags/example_dag_decorator.py
[2025-02-04T16:39:56.565+0000] {logging_mixin.py:190} INFO - [2025-02-04T16:39:56.564+0000] {dag.py:3239} INFO - Sync 1 DAGs
[2025-02-04T16:39:56.576+0000] {logging_mixin.py:190} INFO - [2025-02-04T16:39:56.576+0000] {dag.py:4180} INFO - Setting next_dagrun for example_dag_decorator to None, run_after=None
[2025-02-04T16:39:56.602+0000] {processor.py:208} INFO - Processing /home/airflow/.local/lib/python3.9/site-packages/airflow/example_dags/example_dag_decorator.py took 0.163 seconds
[2025-02-04T16:40:27.537+0000] {processor.py:186} INFO - Started process (PID=2037) to work on /home/airflow/.local/lib/python3.9/site-packages/airflow/example_dags/example_dag_decorator.py
[2025-02-04T16:40:27.538+0000] {processor.py:914} INFO - Processing file /home/airflow/.local/lib/python3.9/site-packages/airflow/example_dags/example_dag_decorator.py for tasks to queue
[2025-02-04T16:40:27.540+0000] {logging_mixin.py:190} INFO - [2025-02-04T16:40:27.540+0000] {dagbag.py:588} INFO - Filling up the DagBag from /home/airflow/.local/lib/python3.9/site-packages/airflow/example_dags/example_dag_decorator.py
[2025-02-04T16:40:27.553+0000] {processor.py:925} INFO - DAG(s) 'example_dag_decorator' retrieved from /home/airflow/.local/lib/python3.9/site-packages/airflow/example_dags/example_dag_decorator.py
[2025-02-04T16:40:27.680+0000] {logging_mixin.py:190} INFO - [2025-02-04T16:40:27.680+0000] {dag.py:3239} INFO - Sync 1 DAGs
[2025-02-04T16:40:27.693+0000] {logging_mixin.py:190} INFO - [2025-02-04T16:40:27.692+0000] {dag.py:4180} INFO - Setting next_dagrun for example_dag_decorator to None, run_after=None
[2025-02-04T16:40:27.719+0000] {processor.py:208} INFO - Processing /home/airflow/.local/lib/python3.9/site-packages/airflow/example_dags/example_dag_decorator.py took 0.189 seconds
[2025-02-04T16:40:58.359+0000] {processor.py:186} INFO - Started process (PID=2101) to work on /home/airflow/.local/lib/python3.9/site-packages/airflow/example_dags/example_dag_decorator.py
[2025-02-04T16:40:58.360+0000] {processor.py:914} INFO - Processing file /home/airflow/.local/lib/python3.9/site-packages/airflow/example_dags/example_dag_decorator.py for tasks to queue
[2025-02-04T16:40:58.361+0000] {logging_mixin.py:190} INFO - [2025-02-04T16:40:58.361+0000] {dagbag.py:588} INFO - Filling up the DagBag from /home/airflow/.local/lib/python3.9/site-packages/airflow/example_dags/example_dag_decorator.py
[2025-02-04T16:40:58.376+0000] {processor.py:925} INFO - DAG(s) 'example_dag_decorator' retrieved from /home/airflow/.local/lib/python3.9/site-packages/airflow/example_dags/example_dag_decorator.py
[2025-02-04T16:40:58.483+0000] {logging_mixin.py:190} INFO - [2025-02-04T16:40:58.483+0000] {dag.py:3239} INFO - Sync 1 DAGs
[2025-02-04T16:40:58.497+0000] {logging_mixin.py:190} INFO - [2025-02-04T16:40:58.497+0000] {dag.py:4180} INFO - Setting next_dagrun for example_dag_decorator to None, run_after=None
[2025-02-04T16:40:58.522+0000] {processor.py:208} INFO - Processing /home/airflow/.local/lib/python3.9/site-packages/airflow/example_dags/example_dag_decorator.py took 0.170 seconds
[2025-02-04T16:41:29.389+0000] {processor.py:186} INFO - Started process (PID=2165) to work on /home/airflow/.local/lib/python3.9/site-packages/airflow/example_dags/example_dag_decorator.py
[2025-02-04T16:41:29.390+0000] {processor.py:914} INFO - Processing file /home/airflow/.local/lib/python3.9/site-packages/airflow/example_dags/example_dag_decorator.py for tasks to queue
[2025-02-04T16:41:29.392+0000] {logging_mixin.py:190} INFO - [2025-02-04T16:41:29.391+0000] {dagbag.py:588} INFO - Filling up the DagBag from /home/airflow/.local/lib/python3.9/site-packages/airflow/example_dags/example_dag_decorator.py
[2025-02-04T16:41:29.404+0000] {processor.py:925} INFO - DAG(s) 'example_dag_decorator' retrieved from /home/airflow/.local/lib/python3.9/site-packages/airflow/example_dags/example_dag_decorator.py
[2025-02-04T16:41:29.518+0000] {logging_mixin.py:190} INFO - [2025-02-04T16:41:29.518+0000] {dag.py:3239} INFO - Sync 1 DAGs
[2025-02-04T16:41:29.533+0000] {logging_mixin.py:190} INFO - [2025-02-04T16:41:29.532+0000] {dag.py:4180} INFO - Setting next_dagrun for example_dag_decorator to None, run_after=None
[2025-02-04T16:41:29.562+0000] {processor.py:208} INFO - Processing /home/airflow/.local/lib/python3.9/site-packages/airflow/example_dags/example_dag_decorator.py took 0.180 seconds
[2025-02-04T16:41:59.644+0000] {processor.py:186} INFO - Started process (PID=2230) to work on /home/airflow/.local/lib/python3.9/site-packages/airflow/example_dags/example_dag_decorator.py
[2025-02-04T16:41:59.645+0000] {processor.py:914} INFO - Processing file /home/airflow/.local/lib/python3.9/site-packages/airflow/example_dags/example_dag_decorator.py for tasks to queue
[2025-02-04T16:41:59.647+0000] {logging_mixin.py:190} INFO - [2025-02-04T16:41:59.647+0000] {dagbag.py:588} INFO - Filling up the DagBag from /home/airflow/.local/lib/python3.9/site-packages/airflow/example_dags/example_dag_decorator.py
[2025-02-04T16:41:59.659+0000] {processor.py:925} INFO - DAG(s) 'example_dag_decorator' retrieved from /home/airflow/.local/lib/python3.9/site-packages/airflow/example_dags/example_dag_decorator.py
[2025-02-04T16:41:59.767+0000] {logging_mixin.py:190} INFO - [2025-02-04T16:41:59.766+0000] {dag.py:3239} INFO - Sync 1 DAGs
[2025-02-04T16:41:59.779+0000] {logging_mixin.py:190} INFO - [2025-02-04T16:41:59.779+0000] {dag.py:4180} INFO - Setting next_dagrun for example_dag_decorator to None, run_after=None
[2025-02-04T16:41:59.803+0000] {processor.py:208} INFO - Processing /home/airflow/.local/lib/python3.9/site-packages/airflow/example_dags/example_dag_decorator.py took 0.165 seconds
[2025-02-04T16:42:30.275+0000] {processor.py:186} INFO - Started process (PID=2293) to work on /home/airflow/.local/lib/python3.9/site-packages/airflow/example_dags/example_dag_decorator.py
[2025-02-04T16:42:30.276+0000] {processor.py:914} INFO - Processing file /home/airflow/.local/lib/python3.9/site-packages/airflow/example_dags/example_dag_decorator.py for tasks to queue
[2025-02-04T16:42:30.278+0000] {logging_mixin.py:190} INFO - [2025-02-04T16:42:30.278+0000] {dagbag.py:588} INFO - Filling up the DagBag from /home/airflow/.local/lib/python3.9/site-packages/airflow/example_dags/example_dag_decorator.py
[2025-02-04T16:42:30.293+0000] {processor.py:925} INFO - DAG(s) 'example_dag_decorator' retrieved from /home/airflow/.local/lib/python3.9/site-packages/airflow/example_dags/example_dag_decorator.py
[2025-02-04T16:42:30.424+0000] {logging_mixin.py:190} INFO - [2025-02-04T16:42:30.423+0000] {dag.py:3239} INFO - Sync 1 DAGs
[2025-02-04T16:42:30.441+0000] {logging_mixin.py:190} INFO - [2025-02-04T16:42:30.441+0000] {dag.py:4180} INFO - Setting next_dagrun for example_dag_decorator to None, run_after=None
[2025-02-04T16:42:30.472+0000] {processor.py:208} INFO - Processing /home/airflow/.local/lib/python3.9/site-packages/airflow/example_dags/example_dag_decorator.py took 0.205 seconds
[2025-02-04T16:43:00.609+0000] {processor.py:186} INFO - Started process (PID=2359) to work on /home/airflow/.local/lib/python3.9/site-packages/airflow/example_dags/example_dag_decorator.py
[2025-02-04T16:43:00.610+0000] {processor.py:914} INFO - Processing file /home/airflow/.local/lib/python3.9/site-packages/airflow/example_dags/example_dag_decorator.py for tasks to queue
[2025-02-04T16:43:00.613+0000] {logging_mixin.py:190} INFO - [2025-02-04T16:43:00.612+0000] {dagbag.py:588} INFO - Filling up the DagBag from /home/airflow/.local/lib/python3.9/site-packages/airflow/example_dags/example_dag_decorator.py
[2025-02-04T16:43:00.627+0000] {processor.py:925} INFO - DAG(s) 'example_dag_decorator' retrieved from /home/airflow/.local/lib/python3.9/site-packages/airflow/example_dags/example_dag_decorator.py
[2025-02-04T16:43:00.743+0000] {logging_mixin.py:190} INFO - [2025-02-04T16:43:00.742+0000] {dag.py:3239} INFO - Sync 1 DAGs
[2025-02-04T16:43:00.760+0000] {logging_mixin.py:190} INFO - [2025-02-04T16:43:00.759+0000] {dag.py:4180} INFO - Setting next_dagrun for example_dag_decorator to None, run_after=None
[2025-02-04T16:43:00.787+0000] {processor.py:208} INFO - Processing /home/airflow/.local/lib/python3.9/site-packages/airflow/example_dags/example_dag_decorator.py took 0.186 seconds
[2025-02-04T16:43:31.240+0000] {processor.py:186} INFO - Started process (PID=2423) to work on /home/airflow/.local/lib/python3.9/site-packages/airflow/example_dags/example_dag_decorator.py
[2025-02-04T16:43:31.242+0000] {processor.py:914} INFO - Processing file /home/airflow/.local/lib/python3.9/site-packages/airflow/example_dags/example_dag_decorator.py for tasks to queue
[2025-02-04T16:43:31.244+0000] {logging_mixin.py:190} INFO - [2025-02-04T16:43:31.244+0000] {dagbag.py:588} INFO - Filling up the DagBag from /home/airflow/.local/lib/python3.9/site-packages/airflow/example_dags/example_dag_decorator.py
[2025-02-04T16:43:31.258+0000] {processor.py:925} INFO - DAG(s) 'example_dag_decorator' retrieved from /home/airflow/.local/lib/python3.9/site-packages/airflow/example_dags/example_dag_decorator.py
[2025-02-04T16:43:31.387+0000] {logging_mixin.py:190} INFO - [2025-02-04T16:43:31.387+0000] {dag.py:3239} INFO - Sync 1 DAGs
[2025-02-04T16:43:31.403+0000] {logging_mixin.py:190} INFO - [2025-02-04T16:43:31.402+0000] {dag.py:4180} INFO - Setting next_dagrun for example_dag_decorator to None, run_after=None
[2025-02-04T16:43:31.436+0000] {processor.py:208} INFO - Processing /home/airflow/.local/lib/python3.9/site-packages/airflow/example_dags/example_dag_decorator.py took 0.202 seconds
[2025-02-04T16:44:01.750+0000] {processor.py:186} INFO - Started process (PID=2487) to work on /home/airflow/.local/lib/python3.9/site-packages/airflow/example_dags/example_dag_decorator.py
[2025-02-04T16:44:01.751+0000] {processor.py:914} INFO - Processing file /home/airflow/.local/lib/python3.9/site-packages/airflow/example_dags/example_dag_decorator.py for tasks to queue
[2025-02-04T16:44:01.753+0000] {logging_mixin.py:190} INFO - [2025-02-04T16:44:01.753+0000] {dagbag.py:588} INFO - Filling up the DagBag from /home/airflow/.local/lib/python3.9/site-packages/airflow/example_dags/example_dag_decorator.py
[2025-02-04T16:44:01.771+0000] {processor.py:925} INFO - DAG(s) 'example_dag_decorator' retrieved from /home/airflow/.local/lib/python3.9/site-packages/airflow/example_dags/example_dag_decorator.py
[2025-02-04T16:44:01.894+0000] {logging_mixin.py:190} INFO - [2025-02-04T16:44:01.894+0000] {dag.py:3239} INFO - Sync 1 DAGs
[2025-02-04T16:44:02.006+0000] {logging_mixin.py:190} INFO - [2025-02-04T16:44:02.005+0000] {dag.py:4180} INFO - Setting next_dagrun for example_dag_decorator to None, run_after=None
[2025-02-04T16:44:02.033+0000] {processor.py:208} INFO - Processing /home/airflow/.local/lib/python3.9/site-packages/airflow/example_dags/example_dag_decorator.py took 0.291 seconds
[2025-02-04T16:44:32.186+0000] {processor.py:186} INFO - Started process (PID=2552) to work on /home/airflow/.local/lib/python3.9/site-packages/airflow/example_dags/example_dag_decorator.py
[2025-02-04T16:44:32.187+0000] {processor.py:914} INFO - Processing file /home/airflow/.local/lib/python3.9/site-packages/airflow/example_dags/example_dag_decorator.py for tasks to queue
[2025-02-04T16:44:32.189+0000] {logging_mixin.py:190} INFO - [2025-02-04T16:44:32.189+0000] {dagbag.py:588} INFO - Filling up the DagBag from /home/airflow/.local/lib/python3.9/site-packages/airflow/example_dags/example_dag_decorator.py
[2025-02-04T16:44:32.202+0000] {processor.py:925} INFO - DAG(s) 'example_dag_decorator' retrieved from /home/airflow/.local/lib/python3.9/site-packages/airflow/example_dags/example_dag_decorator.py
[2025-02-04T16:44:32.313+0000] {logging_mixin.py:190} INFO - [2025-02-04T16:44:32.313+0000] {dag.py:3239} INFO - Sync 1 DAGs
[2025-02-04T16:44:32.328+0000] {logging_mixin.py:190} INFO - [2025-02-04T16:44:32.328+0000] {dag.py:4180} INFO - Setting next_dagrun for example_dag_decorator to None, run_after=None
[2025-02-04T16:44:32.355+0000] {processor.py:208} INFO - Processing /home/airflow/.local/lib/python3.9/site-packages/airflow/example_dags/example_dag_decorator.py took 0.176 seconds
[2025-02-04T16:45:02.862+0000] {processor.py:186} INFO - Started process (PID=2616) to work on /home/airflow/.local/lib/python3.9/site-packages/airflow/example_dags/example_dag_decorator.py
[2025-02-04T16:45:02.863+0000] {processor.py:914} INFO - Processing file /home/airflow/.local/lib/python3.9/site-packages/airflow/example_dags/example_dag_decorator.py for tasks to queue
[2025-02-04T16:45:02.864+0000] {logging_mixin.py:190} INFO - [2025-02-04T16:45:02.864+0000] {dagbag.py:588} INFO - Filling up the DagBag from /home/airflow/.local/lib/python3.9/site-packages/airflow/example_dags/example_dag_decorator.py
[2025-02-04T16:45:02.877+0000] {processor.py:925} INFO - DAG(s) 'example_dag_decorator' retrieved from /home/airflow/.local/lib/python3.9/site-packages/airflow/example_dags/example_dag_decorator.py
[2025-02-04T16:45:02.995+0000] {logging_mixin.py:190} INFO - [2025-02-04T16:45:02.994+0000] {dag.py:3239} INFO - Sync 1 DAGs
[2025-02-04T16:45:03.009+0000] {logging_mixin.py:190} INFO - [2025-02-04T16:45:03.008+0000] {dag.py:4180} INFO - Setting next_dagrun for example_dag_decorator to None, run_after=None
[2025-02-04T16:45:03.035+0000] {processor.py:208} INFO - Processing /home/airflow/.local/lib/python3.9/site-packages/airflow/example_dags/example_dag_decorator.py took 0.181 seconds
[2025-02-04T16:45:33.226+0000] {processor.py:186} INFO - Started process (PID=2686) to work on /home/airflow/.local/lib/python3.9/site-packages/airflow/example_dags/example_dag_decorator.py
[2025-02-04T16:45:33.227+0000] {processor.py:914} INFO - Processing file /home/airflow/.local/lib/python3.9/site-packages/airflow/example_dags/example_dag_decorator.py for tasks to queue
[2025-02-04T16:45:33.229+0000] {logging_mixin.py:190} INFO - [2025-02-04T16:45:33.228+0000] {dagbag.py:588} INFO - Filling up the DagBag from /home/airflow/.local/lib/python3.9/site-packages/airflow/example_dags/example_dag_decorator.py
[2025-02-04T16:45:33.242+0000] {processor.py:925} INFO - DAG(s) 'example_dag_decorator' retrieved from /home/airflow/.local/lib/python3.9/site-packages/airflow/example_dags/example_dag_decorator.py
[2025-02-04T16:45:33.369+0000] {logging_mixin.py:190} INFO - [2025-02-04T16:45:33.369+0000] {dag.py:3239} INFO - Sync 1 DAGs
[2025-02-04T16:45:33.387+0000] {logging_mixin.py:190} INFO - [2025-02-04T16:45:33.387+0000] {dag.py:4180} INFO - Setting next_dagrun for example_dag_decorator to None, run_after=None
[2025-02-04T16:45:33.414+0000] {processor.py:208} INFO - Processing /home/airflow/.local/lib/python3.9/site-packages/airflow/example_dags/example_dag_decorator.py took 0.195 seconds
[2025-02-04T16:46:05.471+0000] {processor.py:186} INFO - Started process (PID=2748) to work on /home/airflow/.local/lib/python3.9/site-packages/airflow/example_dags/example_dag_decorator.py
[2025-02-04T16:46:05.473+0000] {processor.py:914} INFO - Processing file /home/airflow/.local/lib/python3.9/site-packages/airflow/example_dags/example_dag_decorator.py for tasks to queue
[2025-02-04T16:46:05.475+0000] {logging_mixin.py:190} INFO - [2025-02-04T16:46:05.474+0000] {dagbag.py:588} INFO - Filling up the DagBag from /home/airflow/.local/lib/python3.9/site-packages/airflow/example_dags/example_dag_decorator.py
[2025-02-04T16:46:05.488+0000] {processor.py:925} INFO - DAG(s) 'example_dag_decorator' retrieved from /home/airflow/.local/lib/python3.9/site-packages/airflow/example_dags/example_dag_decorator.py
[2025-02-04T16:46:05.610+0000] {logging_mixin.py:190} INFO - [2025-02-04T16:46:05.610+0000] {dag.py:3239} INFO - Sync 1 DAGs
[2025-02-04T16:46:05.681+0000] {logging_mixin.py:190} INFO - [2025-02-04T16:46:05.681+0000] {dag.py:4180} INFO - Setting next_dagrun for example_dag_decorator to None, run_after=None
[2025-02-04T16:46:05.709+0000] {processor.py:208} INFO - Processing /home/airflow/.local/lib/python3.9/site-packages/airflow/example_dags/example_dag_decorator.py took 0.244 seconds
[2025-02-04T16:46:35.861+0000] {processor.py:186} INFO - Started process (PID=2813) to work on /home/airflow/.local/lib/python3.9/site-packages/airflow/example_dags/example_dag_decorator.py
[2025-02-04T16:46:35.862+0000] {processor.py:914} INFO - Processing file /home/airflow/.local/lib/python3.9/site-packages/airflow/example_dags/example_dag_decorator.py for tasks to queue
[2025-02-04T16:46:35.865+0000] {logging_mixin.py:190} INFO - [2025-02-04T16:46:35.864+0000] {dagbag.py:588} INFO - Filling up the DagBag from /home/airflow/.local/lib/python3.9/site-packages/airflow/example_dags/example_dag_decorator.py
[2025-02-04T16:46:35.879+0000] {processor.py:925} INFO - DAG(s) 'example_dag_decorator' retrieved from /home/airflow/.local/lib/python3.9/site-packages/airflow/example_dags/example_dag_decorator.py
[2025-02-04T16:46:36.001+0000] {logging_mixin.py:190} INFO - [2025-02-04T16:46:36.000+0000] {dag.py:3239} INFO - Sync 1 DAGs
[2025-02-04T16:46:36.017+0000] {logging_mixin.py:190} INFO - [2025-02-04T16:46:36.016+0000] {dag.py:4180} INFO - Setting next_dagrun for example_dag_decorator to None, run_after=None
[2025-02-04T16:46:36.042+0000] {processor.py:208} INFO - Processing /home/airflow/.local/lib/python3.9/site-packages/airflow/example_dags/example_dag_decorator.py took 0.188 seconds
[2025-02-04T16:47:11.041+0000] {processor.py:186} INFO - Started process (PID=2879) to work on /home/airflow/.local/lib/python3.9/site-packages/airflow/example_dags/example_dag_decorator.py
[2025-02-04T16:47:11.043+0000] {processor.py:914} INFO - Processing file /home/airflow/.local/lib/python3.9/site-packages/airflow/example_dags/example_dag_decorator.py for tasks to queue
[2025-02-04T16:47:11.044+0000] {logging_mixin.py:190} INFO - [2025-02-04T16:47:11.044+0000] {dagbag.py:588} INFO - Filling up the DagBag from /home/airflow/.local/lib/python3.9/site-packages/airflow/example_dags/example_dag_decorator.py
[2025-02-04T16:47:11.057+0000] {processor.py:925} INFO - DAG(s) 'example_dag_decorator' retrieved from /home/airflow/.local/lib/python3.9/site-packages/airflow/example_dags/example_dag_decorator.py
[2025-02-04T16:47:11.493+0000] {logging_mixin.py:190} INFO - [2025-02-04T16:47:11.492+0000] {dag.py:3239} INFO - Sync 1 DAGs
[2025-02-04T16:47:11.509+0000] {logging_mixin.py:190} INFO - [2025-02-04T16:47:11.509+0000] {dag.py:4180} INFO - Setting next_dagrun for example_dag_decorator to None, run_after=None
[2025-02-04T16:47:11.539+0000] {processor.py:208} INFO - Processing /home/airflow/.local/lib/python3.9/site-packages/airflow/example_dags/example_dag_decorator.py took 0.504 seconds
[2025-02-04T16:47:51.575+0000] {processor.py:186} INFO - Started process (PID=2943) to work on /home/airflow/.local/lib/python3.9/site-packages/airflow/example_dags/example_dag_decorator.py
[2025-02-04T16:47:51.576+0000] {processor.py:914} INFO - Processing file /home/airflow/.local/lib/python3.9/site-packages/airflow/example_dags/example_dag_decorator.py for tasks to queue
[2025-02-04T16:47:51.578+0000] {logging_mixin.py:190} INFO - [2025-02-04T16:47:51.578+0000] {dagbag.py:588} INFO - Filling up the DagBag from /home/airflow/.local/lib/python3.9/site-packages/airflow/example_dags/example_dag_decorator.py
[2025-02-04T16:47:51.592+0000] {processor.py:925} INFO - DAG(s) 'example_dag_decorator' retrieved from /home/airflow/.local/lib/python3.9/site-packages/airflow/example_dags/example_dag_decorator.py
[2025-02-04T16:47:51.724+0000] {logging_mixin.py:190} INFO - [2025-02-04T16:47:51.724+0000] {dag.py:3239} INFO - Sync 1 DAGs
[2025-02-04T16:47:51.738+0000] {logging_mixin.py:190} INFO - [2025-02-04T16:47:51.738+0000] {dag.py:4180} INFO - Setting next_dagrun for example_dag_decorator to None, run_after=None
[2025-02-04T16:47:51.764+0000] {processor.py:208} INFO - Processing /home/airflow/.local/lib/python3.9/site-packages/airflow/example_dags/example_dag_decorator.py took 0.197 seconds
[2025-02-04T16:48:22.172+0000] {processor.py:186} INFO - Started process (PID=3008) to work on /home/airflow/.local/lib/python3.9/site-packages/airflow/example_dags/example_dag_decorator.py
[2025-02-04T16:48:22.173+0000] {processor.py:914} INFO - Processing file /home/airflow/.local/lib/python3.9/site-packages/airflow/example_dags/example_dag_decorator.py for tasks to queue
[2025-02-04T16:48:22.174+0000] {logging_mixin.py:190} INFO - [2025-02-04T16:48:22.174+0000] {dagbag.py:588} INFO - Filling up the DagBag from /home/airflow/.local/lib/python3.9/site-packages/airflow/example_dags/example_dag_decorator.py
[2025-02-04T16:48:22.187+0000] {processor.py:925} INFO - DAG(s) 'example_dag_decorator' retrieved from /home/airflow/.local/lib/python3.9/site-packages/airflow/example_dags/example_dag_decorator.py
[2025-02-04T16:48:22.320+0000] {logging_mixin.py:190} INFO - [2025-02-04T16:48:22.320+0000] {dag.py:3239} INFO - Sync 1 DAGs
[2025-02-04T16:48:22.337+0000] {logging_mixin.py:190} INFO - [2025-02-04T16:48:22.336+0000] {dag.py:4180} INFO - Setting next_dagrun for example_dag_decorator to None, run_after=None
[2025-02-04T16:48:22.368+0000] {processor.py:208} INFO - Processing /home/airflow/.local/lib/python3.9/site-packages/airflow/example_dags/example_dag_decorator.py took 0.204 seconds
[2025-02-04T16:48:52.468+0000] {processor.py:186} INFO - Started process (PID=3073) to work on /home/airflow/.local/lib/python3.9/site-packages/airflow/example_dags/example_dag_decorator.py
[2025-02-04T16:48:52.469+0000] {processor.py:914} INFO - Processing file /home/airflow/.local/lib/python3.9/site-packages/airflow/example_dags/example_dag_decorator.py for tasks to queue
[2025-02-04T16:48:52.471+0000] {logging_mixin.py:190} INFO - [2025-02-04T16:48:52.471+0000] {dagbag.py:588} INFO - Filling up the DagBag from /home/airflow/.local/lib/python3.9/site-packages/airflow/example_dags/example_dag_decorator.py
[2025-02-04T16:48:52.488+0000] {processor.py:925} INFO - DAG(s) 'example_dag_decorator' retrieved from /home/airflow/.local/lib/python3.9/site-packages/airflow/example_dags/example_dag_decorator.py
[2025-02-04T16:48:52.600+0000] {logging_mixin.py:190} INFO - [2025-02-04T16:48:52.599+0000] {dag.py:3239} INFO - Sync 1 DAGs
[2025-02-04T16:48:52.616+0000] {logging_mixin.py:190} INFO - [2025-02-04T16:48:52.615+0000] {dag.py:4180} INFO - Setting next_dagrun for example_dag_decorator to None, run_after=None
[2025-02-04T16:48:52.642+0000] {processor.py:208} INFO - Processing /home/airflow/.local/lib/python3.9/site-packages/airflow/example_dags/example_dag_decorator.py took 0.182 seconds
[2025-02-04T16:49:22.736+0000] {processor.py:186} INFO - Started process (PID=3136) to work on /home/airflow/.local/lib/python3.9/site-packages/airflow/example_dags/example_dag_decorator.py
[2025-02-04T16:49:22.738+0000] {processor.py:914} INFO - Processing file /home/airflow/.local/lib/python3.9/site-packages/airflow/example_dags/example_dag_decorator.py for tasks to queue
[2025-02-04T16:49:22.740+0000] {logging_mixin.py:190} INFO - [2025-02-04T16:49:22.739+0000] {dagbag.py:588} INFO - Filling up the DagBag from /home/airflow/.local/lib/python3.9/site-packages/airflow/example_dags/example_dag_decorator.py
[2025-02-04T16:49:22.753+0000] {processor.py:925} INFO - DAG(s) 'example_dag_decorator' retrieved from /home/airflow/.local/lib/python3.9/site-packages/airflow/example_dags/example_dag_decorator.py
[2025-02-04T16:49:22.891+0000] {logging_mixin.py:190} INFO - [2025-02-04T16:49:22.891+0000] {dag.py:3239} INFO - Sync 1 DAGs
[2025-02-04T16:49:22.905+0000] {logging_mixin.py:190} INFO - [2025-02-04T16:49:22.904+0000] {dag.py:4180} INFO - Setting next_dagrun for example_dag_decorator to None, run_after=None
[2025-02-04T16:49:22.930+0000] {processor.py:208} INFO - Processing /home/airflow/.local/lib/python3.9/site-packages/airflow/example_dags/example_dag_decorator.py took 0.201 seconds
[2025-02-04T16:49:53.024+0000] {processor.py:186} INFO - Started process (PID=3207) to work on /home/airflow/.local/lib/python3.9/site-packages/airflow/example_dags/example_dag_decorator.py
[2025-02-04T16:49:53.025+0000] {processor.py:914} INFO - Processing file /home/airflow/.local/lib/python3.9/site-packages/airflow/example_dags/example_dag_decorator.py for tasks to queue
[2025-02-04T16:49:53.026+0000] {logging_mixin.py:190} INFO - [2025-02-04T16:49:53.026+0000] {dagbag.py:588} INFO - Filling up the DagBag from /home/airflow/.local/lib/python3.9/site-packages/airflow/example_dags/example_dag_decorator.py
[2025-02-04T16:49:53.039+0000] {processor.py:925} INFO - DAG(s) 'example_dag_decorator' retrieved from /home/airflow/.local/lib/python3.9/site-packages/airflow/example_dags/example_dag_decorator.py
[2025-02-04T16:49:53.155+0000] {logging_mixin.py:190} INFO - [2025-02-04T16:49:53.154+0000] {dag.py:3239} INFO - Sync 1 DAGs
[2025-02-04T16:49:53.170+0000] {logging_mixin.py:190} INFO - [2025-02-04T16:49:53.170+0000] {dag.py:4180} INFO - Setting next_dagrun for example_dag_decorator to None, run_after=None
[2025-02-04T16:49:53.199+0000] {processor.py:208} INFO - Processing /home/airflow/.local/lib/python3.9/site-packages/airflow/example_dags/example_dag_decorator.py took 0.183 seconds
