[2025-02-04T16:22:47.223+0000] {processor.py:186} INFO - Started process (PID=109) to work on /home/airflow/.local/lib/python3.9/site-packages/airflow/example_dags/example_dynamic_task_mapping.py
[2025-02-04T16:22:47.224+0000] {processor.py:914} INFO - Processing file /home/airflow/.local/lib/python3.9/site-packages/airflow/example_dags/example_dynamic_task_mapping.py for tasks to queue
[2025-02-04T16:22:47.227+0000] {logging_mixin.py:190} INFO - [2025-02-04T16:22:47.226+0000] {dagbag.py:588} INFO - Filling up the DagBag from /home/airflow/.local/lib/python3.9/site-packages/airflow/example_dags/example_dynamic_task_mapping.py
[2025-02-04T16:22:47.848+0000] {processor.py:925} INFO - DAG(s) 'example_dynamic_task_mapping' retrieved from /home/airflow/.local/lib/python3.9/site-packages/airflow/example_dags/example_dynamic_task_mapping.py
[2025-02-04T16:22:48.091+0000] {logging_mixin.py:190} INFO - [2025-02-04T16:22:48.090+0000] {override.py:1912} INFO - Created Permission View: can delete on DAG:example_dynamic_task_mapping
[2025-02-04T16:22:48.109+0000] {logging_mixin.py:190} INFO - [2025-02-04T16:22:48.109+0000] {override.py:1912} INFO - Created Permission View: can edit on DAG:example_dynamic_task_mapping
[2025-02-04T16:22:48.125+0000] {logging_mixin.py:190} INFO - [2025-02-04T16:22:48.124+0000] {override.py:1912} INFO - Created Permission View: can read on DAG:example_dynamic_task_mapping
[2025-02-04T16:22:48.146+0000] {logging_mixin.py:190} INFO - [2025-02-04T16:22:48.145+0000] {override.py:1912} INFO - Created Permission View: can delete on DAG Run:example_dynamic_task_mapping
[2025-02-04T16:22:48.159+0000] {logging_mixin.py:190} INFO - [2025-02-04T16:22:48.159+0000] {override.py:1912} INFO - Created Permission View: menu access on DAG Run:example_dynamic_task_mapping
[2025-02-04T16:22:48.173+0000] {logging_mixin.py:190} INFO - [2025-02-04T16:22:48.173+0000] {override.py:1912} INFO - Created Permission View: can read on DAG Run:example_dynamic_task_mapping
[2025-02-04T16:22:48.187+0000] {logging_mixin.py:190} INFO - [2025-02-04T16:22:48.187+0000] {override.py:1912} INFO - Created Permission View: can create on DAG Run:example_dynamic_task_mapping
[2025-02-04T16:22:48.189+0000] {logging_mixin.py:190} INFO - [2025-02-04T16:22:48.188+0000] {dag.py:3239} INFO - Sync 1 DAGs
[2025-02-04T16:22:48.202+0000] {logging_mixin.py:190} INFO - [2025-02-04T16:22:48.201+0000] {dag.py:3262} INFO - Creating ORM DAG for example_dynamic_task_mapping
[2025-02-04T16:22:48.203+0000] {logging_mixin.py:190} INFO - [2025-02-04T16:22:48.203+0000] {dag.py:4180} INFO - Setting next_dagrun for example_dynamic_task_mapping to None, run_after=None
[2025-02-04T16:22:48.224+0000] {processor.py:208} INFO - Processing /home/airflow/.local/lib/python3.9/site-packages/airflow/example_dags/example_dynamic_task_mapping.py took 1.008 seconds
[2025-02-04T16:23:32.833+0000] {processor.py:186} INFO - Started process (PID=173) to work on /home/airflow/.local/lib/python3.9/site-packages/airflow/example_dags/example_dynamic_task_mapping.py
[2025-02-04T16:23:32.835+0000] {processor.py:914} INFO - Processing file /home/airflow/.local/lib/python3.9/site-packages/airflow/example_dags/example_dynamic_task_mapping.py for tasks to queue
[2025-02-04T16:23:32.839+0000] {logging_mixin.py:190} INFO - [2025-02-04T16:23:32.839+0000] {dagbag.py:588} INFO - Filling up the DagBag from /home/airflow/.local/lib/python3.9/site-packages/airflow/example_dags/example_dynamic_task_mapping.py
[2025-02-04T16:23:32.852+0000] {processor.py:925} INFO - DAG(s) 'example_dynamic_task_mapping' retrieved from /home/airflow/.local/lib/python3.9/site-packages/airflow/example_dags/example_dynamic_task_mapping.py
[2025-02-04T16:23:32.886+0000] {logging_mixin.py:190} INFO - [2025-02-04T16:23:32.885+0000] {dag.py:3239} INFO - Sync 1 DAGs
[2025-02-04T16:23:32.912+0000] {logging_mixin.py:190} INFO - [2025-02-04T16:23:32.911+0000] {dag.py:4180} INFO - Setting next_dagrun for example_dynamic_task_mapping to None, run_after=None
[2025-02-04T16:23:32.941+0000] {processor.py:208} INFO - Processing /home/airflow/.local/lib/python3.9/site-packages/airflow/example_dags/example_dynamic_task_mapping.py took 0.117 seconds
[2025-02-04T16:24:03.333+0000] {processor.py:186} INFO - Started process (PID=236) to work on /home/airflow/.local/lib/python3.9/site-packages/airflow/example_dags/example_dynamic_task_mapping.py
[2025-02-04T16:24:03.335+0000] {processor.py:914} INFO - Processing file /home/airflow/.local/lib/python3.9/site-packages/airflow/example_dags/example_dynamic_task_mapping.py for tasks to queue
[2025-02-04T16:24:03.339+0000] {logging_mixin.py:190} INFO - [2025-02-04T16:24:03.338+0000] {dagbag.py:588} INFO - Filling up the DagBag from /home/airflow/.local/lib/python3.9/site-packages/airflow/example_dags/example_dynamic_task_mapping.py
[2025-02-04T16:24:03.348+0000] {processor.py:925} INFO - DAG(s) 'example_dynamic_task_mapping' retrieved from /home/airflow/.local/lib/python3.9/site-packages/airflow/example_dags/example_dynamic_task_mapping.py
[2025-02-04T16:24:03.373+0000] {logging_mixin.py:190} INFO - [2025-02-04T16:24:03.372+0000] {dag.py:3239} INFO - Sync 1 DAGs
[2025-02-04T16:24:03.386+0000] {logging_mixin.py:190} INFO - [2025-02-04T16:24:03.386+0000] {dag.py:4180} INFO - Setting next_dagrun for example_dynamic_task_mapping to None, run_after=None
[2025-02-04T16:24:03.411+0000] {processor.py:208} INFO - Processing /home/airflow/.local/lib/python3.9/site-packages/airflow/example_dags/example_dynamic_task_mapping.py took 0.085 seconds
[2025-02-04T16:24:34.128+0000] {processor.py:186} INFO - Started process (PID=299) to work on /home/airflow/.local/lib/python3.9/site-packages/airflow/example_dags/example_dynamic_task_mapping.py
[2025-02-04T16:24:34.129+0000] {processor.py:914} INFO - Processing file /home/airflow/.local/lib/python3.9/site-packages/airflow/example_dags/example_dynamic_task_mapping.py for tasks to queue
[2025-02-04T16:24:34.132+0000] {logging_mixin.py:190} INFO - [2025-02-04T16:24:34.132+0000] {dagbag.py:588} INFO - Filling up the DagBag from /home/airflow/.local/lib/python3.9/site-packages/airflow/example_dags/example_dynamic_task_mapping.py
[2025-02-04T16:24:34.141+0000] {processor.py:925} INFO - DAG(s) 'example_dynamic_task_mapping' retrieved from /home/airflow/.local/lib/python3.9/site-packages/airflow/example_dags/example_dynamic_task_mapping.py
[2025-02-04T16:24:34.164+0000] {logging_mixin.py:190} INFO - [2025-02-04T16:24:34.164+0000] {dag.py:3239} INFO - Sync 1 DAGs
[2025-02-04T16:24:34.179+0000] {logging_mixin.py:190} INFO - [2025-02-04T16:24:34.178+0000] {dag.py:4180} INFO - Setting next_dagrun for example_dynamic_task_mapping to None, run_after=None
[2025-02-04T16:24:34.206+0000] {processor.py:208} INFO - Processing /home/airflow/.local/lib/python3.9/site-packages/airflow/example_dags/example_dynamic_task_mapping.py took 0.085 seconds
[2025-02-04T16:25:04.936+0000] {processor.py:186} INFO - Started process (PID=363) to work on /home/airflow/.local/lib/python3.9/site-packages/airflow/example_dags/example_dynamic_task_mapping.py
[2025-02-04T16:25:04.938+0000] {processor.py:914} INFO - Processing file /home/airflow/.local/lib/python3.9/site-packages/airflow/example_dags/example_dynamic_task_mapping.py for tasks to queue
[2025-02-04T16:25:04.941+0000] {logging_mixin.py:190} INFO - [2025-02-04T16:25:04.941+0000] {dagbag.py:588} INFO - Filling up the DagBag from /home/airflow/.local/lib/python3.9/site-packages/airflow/example_dags/example_dynamic_task_mapping.py
[2025-02-04T16:25:04.951+0000] {processor.py:925} INFO - DAG(s) 'example_dynamic_task_mapping' retrieved from /home/airflow/.local/lib/python3.9/site-packages/airflow/example_dags/example_dynamic_task_mapping.py
[2025-02-04T16:25:04.983+0000] {logging_mixin.py:190} INFO - [2025-02-04T16:25:04.982+0000] {dag.py:3239} INFO - Sync 1 DAGs
[2025-02-04T16:25:05.002+0000] {logging_mixin.py:190} INFO - [2025-02-04T16:25:05.001+0000] {dag.py:4180} INFO - Setting next_dagrun for example_dynamic_task_mapping to None, run_after=None
[2025-02-04T16:25:05.030+0000] {processor.py:208} INFO - Processing /home/airflow/.local/lib/python3.9/site-packages/airflow/example_dags/example_dynamic_task_mapping.py took 0.100 seconds
[2025-02-04T16:25:35.465+0000] {processor.py:186} INFO - Started process (PID=427) to work on /home/airflow/.local/lib/python3.9/site-packages/airflow/example_dags/example_dynamic_task_mapping.py
[2025-02-04T16:25:35.467+0000] {processor.py:914} INFO - Processing file /home/airflow/.local/lib/python3.9/site-packages/airflow/example_dags/example_dynamic_task_mapping.py for tasks to queue
[2025-02-04T16:25:35.472+0000] {logging_mixin.py:190} INFO - [2025-02-04T16:25:35.472+0000] {dagbag.py:588} INFO - Filling up the DagBag from /home/airflow/.local/lib/python3.9/site-packages/airflow/example_dags/example_dynamic_task_mapping.py
[2025-02-04T16:25:35.485+0000] {processor.py:925} INFO - DAG(s) 'example_dynamic_task_mapping' retrieved from /home/airflow/.local/lib/python3.9/site-packages/airflow/example_dags/example_dynamic_task_mapping.py
[2025-02-04T16:25:35.509+0000] {logging_mixin.py:190} INFO - [2025-02-04T16:25:35.508+0000] {dag.py:3239} INFO - Sync 1 DAGs
[2025-02-04T16:25:35.524+0000] {logging_mixin.py:190} INFO - [2025-02-04T16:25:35.523+0000] {dag.py:4180} INFO - Setting next_dagrun for example_dynamic_task_mapping to None, run_after=None
[2025-02-04T16:25:35.551+0000] {processor.py:208} INFO - Processing /home/airflow/.local/lib/python3.9/site-packages/airflow/example_dags/example_dynamic_task_mapping.py took 0.096 seconds
[2025-02-04T16:26:05.838+0000] {processor.py:186} INFO - Started process (PID=498) to work on /home/airflow/.local/lib/python3.9/site-packages/airflow/example_dags/example_dynamic_task_mapping.py
[2025-02-04T16:26:05.840+0000] {processor.py:914} INFO - Processing file /home/airflow/.local/lib/python3.9/site-packages/airflow/example_dags/example_dynamic_task_mapping.py for tasks to queue
[2025-02-04T16:26:05.843+0000] {logging_mixin.py:190} INFO - [2025-02-04T16:26:05.842+0000] {dagbag.py:588} INFO - Filling up the DagBag from /home/airflow/.local/lib/python3.9/site-packages/airflow/example_dags/example_dynamic_task_mapping.py
[2025-02-04T16:26:05.851+0000] {processor.py:925} INFO - DAG(s) 'example_dynamic_task_mapping' retrieved from /home/airflow/.local/lib/python3.9/site-packages/airflow/example_dags/example_dynamic_task_mapping.py
[2025-02-04T16:26:05.874+0000] {logging_mixin.py:190} INFO - [2025-02-04T16:26:05.873+0000] {dag.py:3239} INFO - Sync 1 DAGs
[2025-02-04T16:26:05.888+0000] {logging_mixin.py:190} INFO - [2025-02-04T16:26:05.888+0000] {dag.py:4180} INFO - Setting next_dagrun for example_dynamic_task_mapping to None, run_after=None
[2025-02-04T16:26:05.916+0000] {processor.py:208} INFO - Processing /home/airflow/.local/lib/python3.9/site-packages/airflow/example_dags/example_dynamic_task_mapping.py took 0.084 seconds
[2025-02-04T16:26:36.753+0000] {processor.py:186} INFO - Started process (PID=562) to work on /home/airflow/.local/lib/python3.9/site-packages/airflow/example_dags/example_dynamic_task_mapping.py
[2025-02-04T16:26:36.755+0000] {processor.py:914} INFO - Processing file /home/airflow/.local/lib/python3.9/site-packages/airflow/example_dags/example_dynamic_task_mapping.py for tasks to queue
[2025-02-04T16:26:36.758+0000] {logging_mixin.py:190} INFO - [2025-02-04T16:26:36.757+0000] {dagbag.py:588} INFO - Filling up the DagBag from /home/airflow/.local/lib/python3.9/site-packages/airflow/example_dags/example_dynamic_task_mapping.py
[2025-02-04T16:26:36.768+0000] {processor.py:925} INFO - DAG(s) 'example_dynamic_task_mapping' retrieved from /home/airflow/.local/lib/python3.9/site-packages/airflow/example_dags/example_dynamic_task_mapping.py
[2025-02-04T16:26:36.802+0000] {logging_mixin.py:190} INFO - [2025-02-04T16:26:36.802+0000] {dag.py:3239} INFO - Sync 1 DAGs
[2025-02-04T16:26:36.820+0000] {logging_mixin.py:190} INFO - [2025-02-04T16:26:36.819+0000] {dag.py:4180} INFO - Setting next_dagrun for example_dynamic_task_mapping to None, run_after=None
[2025-02-04T16:26:36.847+0000] {processor.py:208} INFO - Processing /home/airflow/.local/lib/python3.9/site-packages/airflow/example_dags/example_dynamic_task_mapping.py took 0.102 seconds
[2025-02-04T16:27:06.903+0000] {processor.py:186} INFO - Started process (PID=626) to work on /home/airflow/.local/lib/python3.9/site-packages/airflow/example_dags/example_dynamic_task_mapping.py
[2025-02-04T16:27:06.905+0000] {processor.py:914} INFO - Processing file /home/airflow/.local/lib/python3.9/site-packages/airflow/example_dags/example_dynamic_task_mapping.py for tasks to queue
[2025-02-04T16:27:06.908+0000] {logging_mixin.py:190} INFO - [2025-02-04T16:27:06.907+0000] {dagbag.py:588} INFO - Filling up the DagBag from /home/airflow/.local/lib/python3.9/site-packages/airflow/example_dags/example_dynamic_task_mapping.py
[2025-02-04T16:27:06.917+0000] {processor.py:925} INFO - DAG(s) 'example_dynamic_task_mapping' retrieved from /home/airflow/.local/lib/python3.9/site-packages/airflow/example_dags/example_dynamic_task_mapping.py
[2025-02-04T16:27:06.939+0000] {logging_mixin.py:190} INFO - [2025-02-04T16:27:06.939+0000] {dag.py:3239} INFO - Sync 1 DAGs
[2025-02-04T16:27:06.962+0000] {logging_mixin.py:190} INFO - [2025-02-04T16:27:06.962+0000] {dag.py:4180} INFO - Setting next_dagrun for example_dynamic_task_mapping to None, run_after=None
[2025-02-04T16:27:06.996+0000] {processor.py:208} INFO - Processing /home/airflow/.local/lib/python3.9/site-packages/airflow/example_dags/example_dynamic_task_mapping.py took 0.099 seconds
[2025-02-04T16:27:37.690+0000] {processor.py:186} INFO - Started process (PID=690) to work on /home/airflow/.local/lib/python3.9/site-packages/airflow/example_dags/example_dynamic_task_mapping.py
[2025-02-04T16:27:37.890+0000] {processor.py:914} INFO - Processing file /home/airflow/.local/lib/python3.9/site-packages/airflow/example_dags/example_dynamic_task_mapping.py for tasks to queue
[2025-02-04T16:27:37.896+0000] {logging_mixin.py:190} INFO - [2025-02-04T16:27:37.896+0000] {dagbag.py:588} INFO - Filling up the DagBag from /home/airflow/.local/lib/python3.9/site-packages/airflow/example_dags/example_dynamic_task_mapping.py
[2025-02-04T16:27:37.905+0000] {processor.py:925} INFO - DAG(s) 'example_dynamic_task_mapping' retrieved from /home/airflow/.local/lib/python3.9/site-packages/airflow/example_dags/example_dynamic_task_mapping.py
[2025-02-04T16:27:37.928+0000] {logging_mixin.py:190} INFO - [2025-02-04T16:27:37.928+0000] {dag.py:3239} INFO - Sync 1 DAGs
[2025-02-04T16:27:37.942+0000] {logging_mixin.py:190} INFO - [2025-02-04T16:27:37.942+0000] {dag.py:4180} INFO - Setting next_dagrun for example_dynamic_task_mapping to None, run_after=None
[2025-02-04T16:27:37.969+0000] {processor.py:208} INFO - Processing /home/airflow/.local/lib/python3.9/site-packages/airflow/example_dags/example_dynamic_task_mapping.py took 0.285 seconds
[2025-02-04T16:28:08.870+0000] {processor.py:186} INFO - Started process (PID=754) to work on /home/airflow/.local/lib/python3.9/site-packages/airflow/example_dags/example_dynamic_task_mapping.py
[2025-02-04T16:28:08.871+0000] {processor.py:914} INFO - Processing file /home/airflow/.local/lib/python3.9/site-packages/airflow/example_dags/example_dynamic_task_mapping.py for tasks to queue
[2025-02-04T16:28:08.876+0000] {logging_mixin.py:190} INFO - [2025-02-04T16:28:08.875+0000] {dagbag.py:588} INFO - Filling up the DagBag from /home/airflow/.local/lib/python3.9/site-packages/airflow/example_dags/example_dynamic_task_mapping.py
[2025-02-04T16:28:08.895+0000] {processor.py:925} INFO - DAG(s) 'example_dynamic_task_mapping' retrieved from /home/airflow/.local/lib/python3.9/site-packages/airflow/example_dags/example_dynamic_task_mapping.py
[2025-02-04T16:28:08.937+0000] {logging_mixin.py:190} INFO - [2025-02-04T16:28:08.936+0000] {dag.py:3239} INFO - Sync 1 DAGs
[2025-02-04T16:28:08.957+0000] {logging_mixin.py:190} INFO - [2025-02-04T16:28:08.956+0000] {dag.py:4180} INFO - Setting next_dagrun for example_dynamic_task_mapping to None, run_after=None
[2025-02-04T16:28:09.004+0000] {processor.py:208} INFO - Processing /home/airflow/.local/lib/python3.9/site-packages/airflow/example_dags/example_dynamic_task_mapping.py took 0.145 seconds
[2025-02-04T16:28:39.189+0000] {processor.py:186} INFO - Started process (PID=818) to work on /home/airflow/.local/lib/python3.9/site-packages/airflow/example_dags/example_dynamic_task_mapping.py
[2025-02-04T16:28:39.190+0000] {processor.py:914} INFO - Processing file /home/airflow/.local/lib/python3.9/site-packages/airflow/example_dags/example_dynamic_task_mapping.py for tasks to queue
[2025-02-04T16:28:39.192+0000] {logging_mixin.py:190} INFO - [2025-02-04T16:28:39.192+0000] {dagbag.py:588} INFO - Filling up the DagBag from /home/airflow/.local/lib/python3.9/site-packages/airflow/example_dags/example_dynamic_task_mapping.py
[2025-02-04T16:28:39.202+0000] {processor.py:925} INFO - DAG(s) 'example_dynamic_task_mapping' retrieved from /home/airflow/.local/lib/python3.9/site-packages/airflow/example_dags/example_dynamic_task_mapping.py
[2025-02-04T16:28:39.225+0000] {logging_mixin.py:190} INFO - [2025-02-04T16:28:39.225+0000] {dag.py:3239} INFO - Sync 1 DAGs
[2025-02-04T16:28:39.239+0000] {logging_mixin.py:190} INFO - [2025-02-04T16:28:39.239+0000] {dag.py:4180} INFO - Setting next_dagrun for example_dynamic_task_mapping to None, run_after=None
[2025-02-04T16:28:39.265+0000] {processor.py:208} INFO - Processing /home/airflow/.local/lib/python3.9/site-packages/airflow/example_dags/example_dynamic_task_mapping.py took 0.083 seconds
[2025-02-04T16:29:09.867+0000] {processor.py:186} INFO - Started process (PID=882) to work on /home/airflow/.local/lib/python3.9/site-packages/airflow/example_dags/example_dynamic_task_mapping.py
[2025-02-04T16:29:09.868+0000] {processor.py:914} INFO - Processing file /home/airflow/.local/lib/python3.9/site-packages/airflow/example_dags/example_dynamic_task_mapping.py for tasks to queue
[2025-02-04T16:29:09.871+0000] {logging_mixin.py:190} INFO - [2025-02-04T16:29:09.871+0000] {dagbag.py:588} INFO - Filling up the DagBag from /home/airflow/.local/lib/python3.9/site-packages/airflow/example_dags/example_dynamic_task_mapping.py
[2025-02-04T16:29:09.882+0000] {processor.py:925} INFO - DAG(s) 'example_dynamic_task_mapping' retrieved from /home/airflow/.local/lib/python3.9/site-packages/airflow/example_dags/example_dynamic_task_mapping.py
[2025-02-04T16:29:09.906+0000] {logging_mixin.py:190} INFO - [2025-02-04T16:29:09.906+0000] {dag.py:3239} INFO - Sync 1 DAGs
[2025-02-04T16:29:09.923+0000] {logging_mixin.py:190} INFO - [2025-02-04T16:29:09.922+0000] {dag.py:4180} INFO - Setting next_dagrun for example_dynamic_task_mapping to None, run_after=None
[2025-02-04T16:29:09.975+0000] {processor.py:208} INFO - Processing /home/airflow/.local/lib/python3.9/site-packages/airflow/example_dags/example_dynamic_task_mapping.py took 0.115 seconds
[2025-02-04T16:29:40.305+0000] {processor.py:186} INFO - Started process (PID=946) to work on /home/airflow/.local/lib/python3.9/site-packages/airflow/example_dags/example_dynamic_task_mapping.py
[2025-02-04T16:29:40.306+0000] {processor.py:914} INFO - Processing file /home/airflow/.local/lib/python3.9/site-packages/airflow/example_dags/example_dynamic_task_mapping.py for tasks to queue
[2025-02-04T16:29:40.309+0000] {logging_mixin.py:190} INFO - [2025-02-04T16:29:40.309+0000] {dagbag.py:588} INFO - Filling up the DagBag from /home/airflow/.local/lib/python3.9/site-packages/airflow/example_dags/example_dynamic_task_mapping.py
[2025-02-04T16:29:40.318+0000] {processor.py:925} INFO - DAG(s) 'example_dynamic_task_mapping' retrieved from /home/airflow/.local/lib/python3.9/site-packages/airflow/example_dags/example_dynamic_task_mapping.py
[2025-02-04T16:29:40.342+0000] {logging_mixin.py:190} INFO - [2025-02-04T16:29:40.342+0000] {dag.py:3239} INFO - Sync 1 DAGs
[2025-02-04T16:29:40.360+0000] {logging_mixin.py:190} INFO - [2025-02-04T16:29:40.359+0000] {dag.py:4180} INFO - Setting next_dagrun for example_dynamic_task_mapping to None, run_after=None
[2025-02-04T16:29:40.387+0000] {processor.py:208} INFO - Processing /home/airflow/.local/lib/python3.9/site-packages/airflow/example_dags/example_dynamic_task_mapping.py took 0.089 seconds
[2025-02-04T16:30:10.616+0000] {processor.py:186} INFO - Started process (PID=1010) to work on /home/airflow/.local/lib/python3.9/site-packages/airflow/example_dags/example_dynamic_task_mapping.py
[2025-02-04T16:30:10.618+0000] {processor.py:914} INFO - Processing file /home/airflow/.local/lib/python3.9/site-packages/airflow/example_dags/example_dynamic_task_mapping.py for tasks to queue
[2025-02-04T16:30:10.621+0000] {logging_mixin.py:190} INFO - [2025-02-04T16:30:10.621+0000] {dagbag.py:588} INFO - Filling up the DagBag from /home/airflow/.local/lib/python3.9/site-packages/airflow/example_dags/example_dynamic_task_mapping.py
[2025-02-04T16:30:10.630+0000] {processor.py:925} INFO - DAG(s) 'example_dynamic_task_mapping' retrieved from /home/airflow/.local/lib/python3.9/site-packages/airflow/example_dags/example_dynamic_task_mapping.py
[2025-02-04T16:30:10.654+0000] {logging_mixin.py:190} INFO - [2025-02-04T16:30:10.654+0000] {dag.py:3239} INFO - Sync 1 DAGs
[2025-02-04T16:30:10.670+0000] {logging_mixin.py:190} INFO - [2025-02-04T16:30:10.670+0000] {dag.py:4180} INFO - Setting next_dagrun for example_dynamic_task_mapping to None, run_after=None
[2025-02-04T16:30:10.698+0000] {processor.py:208} INFO - Processing /home/airflow/.local/lib/python3.9/site-packages/airflow/example_dags/example_dynamic_task_mapping.py took 0.088 seconds
[2025-02-04T16:30:41.275+0000] {processor.py:186} INFO - Started process (PID=1074) to work on /home/airflow/.local/lib/python3.9/site-packages/airflow/example_dags/example_dynamic_task_mapping.py
[2025-02-04T16:30:41.276+0000] {processor.py:914} INFO - Processing file /home/airflow/.local/lib/python3.9/site-packages/airflow/example_dags/example_dynamic_task_mapping.py for tasks to queue
[2025-02-04T16:30:41.279+0000] {logging_mixin.py:190} INFO - [2025-02-04T16:30:41.279+0000] {dagbag.py:588} INFO - Filling up the DagBag from /home/airflow/.local/lib/python3.9/site-packages/airflow/example_dags/example_dynamic_task_mapping.py
[2025-02-04T16:30:41.288+0000] {processor.py:925} INFO - DAG(s) 'example_dynamic_task_mapping' retrieved from /home/airflow/.local/lib/python3.9/site-packages/airflow/example_dags/example_dynamic_task_mapping.py
[2025-02-04T16:30:41.312+0000] {logging_mixin.py:190} INFO - [2025-02-04T16:30:41.312+0000] {dag.py:3239} INFO - Sync 1 DAGs
[2025-02-04T16:30:41.328+0000] {logging_mixin.py:190} INFO - [2025-02-04T16:30:41.327+0000] {dag.py:4180} INFO - Setting next_dagrun for example_dynamic_task_mapping to None, run_after=None
[2025-02-04T16:30:41.359+0000] {processor.py:208} INFO - Processing /home/airflow/.local/lib/python3.9/site-packages/airflow/example_dags/example_dynamic_task_mapping.py took 0.090 seconds
[2025-02-04T16:31:12.208+0000] {processor.py:186} INFO - Started process (PID=1138) to work on /home/airflow/.local/lib/python3.9/site-packages/airflow/example_dags/example_dynamic_task_mapping.py
[2025-02-04T16:31:12.210+0000] {processor.py:914} INFO - Processing file /home/airflow/.local/lib/python3.9/site-packages/airflow/example_dags/example_dynamic_task_mapping.py for tasks to queue
[2025-02-04T16:31:12.212+0000] {logging_mixin.py:190} INFO - [2025-02-04T16:31:12.212+0000] {dagbag.py:588} INFO - Filling up the DagBag from /home/airflow/.local/lib/python3.9/site-packages/airflow/example_dags/example_dynamic_task_mapping.py
[2025-02-04T16:31:12.224+0000] {processor.py:925} INFO - DAG(s) 'example_dynamic_task_mapping' retrieved from /home/airflow/.local/lib/python3.9/site-packages/airflow/example_dags/example_dynamic_task_mapping.py
[2025-02-04T16:31:12.249+0000] {logging_mixin.py:190} INFO - [2025-02-04T16:31:12.249+0000] {dag.py:3239} INFO - Sync 1 DAGs
[2025-02-04T16:31:12.274+0000] {logging_mixin.py:190} INFO - [2025-02-04T16:31:12.274+0000] {dag.py:4180} INFO - Setting next_dagrun for example_dynamic_task_mapping to None, run_after=None
[2025-02-04T16:31:12.303+0000] {processor.py:208} INFO - Processing /home/airflow/.local/lib/python3.9/site-packages/airflow/example_dags/example_dynamic_task_mapping.py took 0.104 seconds
[2025-02-04T16:31:43.250+0000] {processor.py:186} INFO - Started process (PID=1209) to work on /home/airflow/.local/lib/python3.9/site-packages/airflow/example_dags/example_dynamic_task_mapping.py
[2025-02-04T16:31:43.252+0000] {processor.py:914} INFO - Processing file /home/airflow/.local/lib/python3.9/site-packages/airflow/example_dags/example_dynamic_task_mapping.py for tasks to queue
[2025-02-04T16:31:43.255+0000] {logging_mixin.py:190} INFO - [2025-02-04T16:31:43.255+0000] {dagbag.py:588} INFO - Filling up the DagBag from /home/airflow/.local/lib/python3.9/site-packages/airflow/example_dags/example_dynamic_task_mapping.py
[2025-02-04T16:31:43.266+0000] {processor.py:925} INFO - DAG(s) 'example_dynamic_task_mapping' retrieved from /home/airflow/.local/lib/python3.9/site-packages/airflow/example_dags/example_dynamic_task_mapping.py
[2025-02-04T16:31:43.290+0000] {logging_mixin.py:190} INFO - [2025-02-04T16:31:43.289+0000] {dag.py:3239} INFO - Sync 1 DAGs
[2025-02-04T16:31:43.304+0000] {logging_mixin.py:190} INFO - [2025-02-04T16:31:43.304+0000] {dag.py:4180} INFO - Setting next_dagrun for example_dynamic_task_mapping to None, run_after=None
[2025-02-04T16:31:43.334+0000] {processor.py:208} INFO - Processing /home/airflow/.local/lib/python3.9/site-packages/airflow/example_dags/example_dynamic_task_mapping.py took 0.092 seconds
[2025-02-04T16:32:13.467+0000] {processor.py:186} INFO - Started process (PID=1273) to work on /home/airflow/.local/lib/python3.9/site-packages/airflow/example_dags/example_dynamic_task_mapping.py
[2025-02-04T16:32:13.468+0000] {processor.py:914} INFO - Processing file /home/airflow/.local/lib/python3.9/site-packages/airflow/example_dags/example_dynamic_task_mapping.py for tasks to queue
[2025-02-04T16:32:13.471+0000] {logging_mixin.py:190} INFO - [2025-02-04T16:32:13.471+0000] {dagbag.py:588} INFO - Filling up the DagBag from /home/airflow/.local/lib/python3.9/site-packages/airflow/example_dags/example_dynamic_task_mapping.py
[2025-02-04T16:32:13.481+0000] {processor.py:925} INFO - DAG(s) 'example_dynamic_task_mapping' retrieved from /home/airflow/.local/lib/python3.9/site-packages/airflow/example_dags/example_dynamic_task_mapping.py
[2025-02-04T16:32:13.504+0000] {logging_mixin.py:190} INFO - [2025-02-04T16:32:13.503+0000] {dag.py:3239} INFO - Sync 1 DAGs
[2025-02-04T16:32:13.517+0000] {logging_mixin.py:190} INFO - [2025-02-04T16:32:13.517+0000] {dag.py:4180} INFO - Setting next_dagrun for example_dynamic_task_mapping to None, run_after=None
[2025-02-04T16:32:13.546+0000] {processor.py:208} INFO - Processing /home/airflow/.local/lib/python3.9/site-packages/airflow/example_dags/example_dynamic_task_mapping.py took 0.086 seconds
[2025-02-04T16:32:43.824+0000] {processor.py:186} INFO - Started process (PID=1337) to work on /home/airflow/.local/lib/python3.9/site-packages/airflow/example_dags/example_dynamic_task_mapping.py
[2025-02-04T16:32:43.825+0000] {processor.py:914} INFO - Processing file /home/airflow/.local/lib/python3.9/site-packages/airflow/example_dags/example_dynamic_task_mapping.py for tasks to queue
[2025-02-04T16:32:43.829+0000] {logging_mixin.py:190} INFO - [2025-02-04T16:32:43.829+0000] {dagbag.py:588} INFO - Filling up the DagBag from /home/airflow/.local/lib/python3.9/site-packages/airflow/example_dags/example_dynamic_task_mapping.py
[2025-02-04T16:32:43.838+0000] {processor.py:925} INFO - DAG(s) 'example_dynamic_task_mapping' retrieved from /home/airflow/.local/lib/python3.9/site-packages/airflow/example_dags/example_dynamic_task_mapping.py
[2025-02-04T16:32:43.862+0000] {logging_mixin.py:190} INFO - [2025-02-04T16:32:43.862+0000] {dag.py:3239} INFO - Sync 1 DAGs
[2025-02-04T16:32:43.878+0000] {logging_mixin.py:190} INFO - [2025-02-04T16:32:43.878+0000] {dag.py:4180} INFO - Setting next_dagrun for example_dynamic_task_mapping to None, run_after=None
[2025-02-04T16:32:43.906+0000] {processor.py:208} INFO - Processing /home/airflow/.local/lib/python3.9/site-packages/airflow/example_dags/example_dynamic_task_mapping.py took 0.089 seconds
[2025-02-04T16:33:14.751+0000] {processor.py:186} INFO - Started process (PID=1403) to work on /home/airflow/.local/lib/python3.9/site-packages/airflow/example_dags/example_dynamic_task_mapping.py
[2025-02-04T16:33:14.753+0000] {processor.py:914} INFO - Processing file /home/airflow/.local/lib/python3.9/site-packages/airflow/example_dags/example_dynamic_task_mapping.py for tasks to queue
[2025-02-04T16:33:14.756+0000] {logging_mixin.py:190} INFO - [2025-02-04T16:33:14.755+0000] {dagbag.py:588} INFO - Filling up the DagBag from /home/airflow/.local/lib/python3.9/site-packages/airflow/example_dags/example_dynamic_task_mapping.py
[2025-02-04T16:33:14.764+0000] {processor.py:925} INFO - DAG(s) 'example_dynamic_task_mapping' retrieved from /home/airflow/.local/lib/python3.9/site-packages/airflow/example_dags/example_dynamic_task_mapping.py
[2025-02-04T16:33:14.787+0000] {logging_mixin.py:190} INFO - [2025-02-04T16:33:14.786+0000] {dag.py:3239} INFO - Sync 1 DAGs
[2025-02-04T16:33:14.802+0000] {logging_mixin.py:190} INFO - [2025-02-04T16:33:14.801+0000] {dag.py:4180} INFO - Setting next_dagrun for example_dynamic_task_mapping to None, run_after=None
[2025-02-04T16:33:14.830+0000] {processor.py:208} INFO - Processing /home/airflow/.local/lib/python3.9/site-packages/airflow/example_dags/example_dynamic_task_mapping.py took 0.085 seconds
[2025-02-04T16:33:45.496+0000] {processor.py:186} INFO - Started process (PID=1467) to work on /home/airflow/.local/lib/python3.9/site-packages/airflow/example_dags/example_dynamic_task_mapping.py
[2025-02-04T16:33:45.497+0000] {processor.py:914} INFO - Processing file /home/airflow/.local/lib/python3.9/site-packages/airflow/example_dags/example_dynamic_task_mapping.py for tasks to queue
[2025-02-04T16:33:45.500+0000] {logging_mixin.py:190} INFO - [2025-02-04T16:33:45.499+0000] {dagbag.py:588} INFO - Filling up the DagBag from /home/airflow/.local/lib/python3.9/site-packages/airflow/example_dags/example_dynamic_task_mapping.py
[2025-02-04T16:33:45.508+0000] {processor.py:925} INFO - DAG(s) 'example_dynamic_task_mapping' retrieved from /home/airflow/.local/lib/python3.9/site-packages/airflow/example_dags/example_dynamic_task_mapping.py
[2025-02-04T16:33:45.531+0000] {logging_mixin.py:190} INFO - [2025-02-04T16:33:45.530+0000] {dag.py:3239} INFO - Sync 1 DAGs
[2025-02-04T16:33:45.546+0000] {logging_mixin.py:190} INFO - [2025-02-04T16:33:45.546+0000] {dag.py:4180} INFO - Setting next_dagrun for example_dynamic_task_mapping to None, run_after=None
[2025-02-04T16:33:45.576+0000] {processor.py:208} INFO - Processing /home/airflow/.local/lib/python3.9/site-packages/airflow/example_dags/example_dynamic_task_mapping.py took 0.086 seconds
[2025-02-04T16:34:15.823+0000] {processor.py:186} INFO - Started process (PID=1531) to work on /home/airflow/.local/lib/python3.9/site-packages/airflow/example_dags/example_dynamic_task_mapping.py
[2025-02-04T16:34:15.825+0000] {processor.py:914} INFO - Processing file /home/airflow/.local/lib/python3.9/site-packages/airflow/example_dags/example_dynamic_task_mapping.py for tasks to queue
[2025-02-04T16:34:15.827+0000] {logging_mixin.py:190} INFO - [2025-02-04T16:34:15.827+0000] {dagbag.py:588} INFO - Filling up the DagBag from /home/airflow/.local/lib/python3.9/site-packages/airflow/example_dags/example_dynamic_task_mapping.py
[2025-02-04T16:34:15.835+0000] {processor.py:925} INFO - DAG(s) 'example_dynamic_task_mapping' retrieved from /home/airflow/.local/lib/python3.9/site-packages/airflow/example_dags/example_dynamic_task_mapping.py
[2025-02-04T16:34:16.267+0000] {logging_mixin.py:190} INFO - [2025-02-04T16:34:16.267+0000] {dag.py:3239} INFO - Sync 1 DAGs
[2025-02-04T16:34:16.281+0000] {logging_mixin.py:190} INFO - [2025-02-04T16:34:16.281+0000] {dag.py:4180} INFO - Setting next_dagrun for example_dynamic_task_mapping to None, run_after=None
[2025-02-04T16:34:16.307+0000] {processor.py:208} INFO - Processing /home/airflow/.local/lib/python3.9/site-packages/airflow/example_dags/example_dynamic_task_mapping.py took 0.491 seconds
[2025-02-04T16:34:47.280+0000] {processor.py:186} INFO - Started process (PID=1594) to work on /home/airflow/.local/lib/python3.9/site-packages/airflow/example_dags/example_dynamic_task_mapping.py
[2025-02-04T16:34:47.282+0000] {processor.py:914} INFO - Processing file /home/airflow/.local/lib/python3.9/site-packages/airflow/example_dags/example_dynamic_task_mapping.py for tasks to queue
[2025-02-04T16:34:47.285+0000] {logging_mixin.py:190} INFO - [2025-02-04T16:34:47.284+0000] {dagbag.py:588} INFO - Filling up the DagBag from /home/airflow/.local/lib/python3.9/site-packages/airflow/example_dags/example_dynamic_task_mapping.py
[2025-02-04T16:34:47.297+0000] {processor.py:925} INFO - DAG(s) 'example_dynamic_task_mapping' retrieved from /home/airflow/.local/lib/python3.9/site-packages/airflow/example_dags/example_dynamic_task_mapping.py
[2025-02-04T16:34:47.320+0000] {logging_mixin.py:190} INFO - [2025-02-04T16:34:47.320+0000] {dag.py:3239} INFO - Sync 1 DAGs
[2025-02-04T16:34:47.335+0000] {logging_mixin.py:190} INFO - [2025-02-04T16:34:47.334+0000] {dag.py:4180} INFO - Setting next_dagrun for example_dynamic_task_mapping to None, run_after=None
[2025-02-04T16:34:47.362+0000] {processor.py:208} INFO - Processing /home/airflow/.local/lib/python3.9/site-packages/airflow/example_dags/example_dynamic_task_mapping.py took 0.089 seconds
[2025-02-04T16:35:17.898+0000] {processor.py:186} INFO - Started process (PID=1658) to work on /home/airflow/.local/lib/python3.9/site-packages/airflow/example_dags/example_dynamic_task_mapping.py
[2025-02-04T16:35:17.899+0000] {processor.py:914} INFO - Processing file /home/airflow/.local/lib/python3.9/site-packages/airflow/example_dags/example_dynamic_task_mapping.py for tasks to queue
[2025-02-04T16:35:17.902+0000] {logging_mixin.py:190} INFO - [2025-02-04T16:35:17.902+0000] {dagbag.py:588} INFO - Filling up the DagBag from /home/airflow/.local/lib/python3.9/site-packages/airflow/example_dags/example_dynamic_task_mapping.py
[2025-02-04T16:35:17.911+0000] {processor.py:925} INFO - DAG(s) 'example_dynamic_task_mapping' retrieved from /home/airflow/.local/lib/python3.9/site-packages/airflow/example_dags/example_dynamic_task_mapping.py
[2025-02-04T16:35:17.931+0000] {logging_mixin.py:190} INFO - [2025-02-04T16:35:17.930+0000] {dag.py:3239} INFO - Sync 1 DAGs
[2025-02-04T16:35:17.945+0000] {logging_mixin.py:190} INFO - [2025-02-04T16:35:17.944+0000] {dag.py:4180} INFO - Setting next_dagrun for example_dynamic_task_mapping to None, run_after=None
[2025-02-04T16:35:17.968+0000] {processor.py:208} INFO - Processing /home/airflow/.local/lib/python3.9/site-packages/airflow/example_dags/example_dynamic_task_mapping.py took 0.076 seconds
[2025-02-04T16:35:48.797+0000] {processor.py:186} INFO - Started process (PID=1722) to work on /home/airflow/.local/lib/python3.9/site-packages/airflow/example_dags/example_dynamic_task_mapping.py
[2025-02-04T16:35:48.798+0000] {processor.py:914} INFO - Processing file /home/airflow/.local/lib/python3.9/site-packages/airflow/example_dags/example_dynamic_task_mapping.py for tasks to queue
[2025-02-04T16:35:48.801+0000] {logging_mixin.py:190} INFO - [2025-02-04T16:35:48.801+0000] {dagbag.py:588} INFO - Filling up the DagBag from /home/airflow/.local/lib/python3.9/site-packages/airflow/example_dags/example_dynamic_task_mapping.py
[2025-02-04T16:35:48.813+0000] {processor.py:925} INFO - DAG(s) 'example_dynamic_task_mapping' retrieved from /home/airflow/.local/lib/python3.9/site-packages/airflow/example_dags/example_dynamic_task_mapping.py
[2025-02-04T16:35:48.835+0000] {logging_mixin.py:190} INFO - [2025-02-04T16:35:48.835+0000] {dag.py:3239} INFO - Sync 1 DAGs
[2025-02-04T16:35:48.850+0000] {logging_mixin.py:190} INFO - [2025-02-04T16:35:48.850+0000] {dag.py:4180} INFO - Setting next_dagrun for example_dynamic_task_mapping to None, run_after=None
[2025-02-04T16:35:48.877+0000] {processor.py:208} INFO - Processing /home/airflow/.local/lib/python3.9/site-packages/airflow/example_dags/example_dynamic_task_mapping.py took 0.087 seconds
[2025-02-04T16:36:19.139+0000] {processor.py:186} INFO - Started process (PID=1787) to work on /home/airflow/.local/lib/python3.9/site-packages/airflow/example_dags/example_dynamic_task_mapping.py
[2025-02-04T16:36:19.140+0000] {processor.py:914} INFO - Processing file /home/airflow/.local/lib/python3.9/site-packages/airflow/example_dags/example_dynamic_task_mapping.py for tasks to queue
[2025-02-04T16:36:19.142+0000] {logging_mixin.py:190} INFO - [2025-02-04T16:36:19.142+0000] {dagbag.py:588} INFO - Filling up the DagBag from /home/airflow/.local/lib/python3.9/site-packages/airflow/example_dags/example_dynamic_task_mapping.py
[2025-02-04T16:36:19.150+0000] {processor.py:925} INFO - DAG(s) 'example_dynamic_task_mapping' retrieved from /home/airflow/.local/lib/python3.9/site-packages/airflow/example_dags/example_dynamic_task_mapping.py
[2025-02-04T16:36:19.170+0000] {logging_mixin.py:190} INFO - [2025-02-04T16:36:19.170+0000] {dag.py:3239} INFO - Sync 1 DAGs
[2025-02-04T16:36:19.183+0000] {logging_mixin.py:190} INFO - [2025-02-04T16:36:19.183+0000] {dag.py:4180} INFO - Setting next_dagrun for example_dynamic_task_mapping to None, run_after=None
[2025-02-04T16:36:19.209+0000] {processor.py:208} INFO - Processing /home/airflow/.local/lib/python3.9/site-packages/airflow/example_dags/example_dynamic_task_mapping.py took 0.076 seconds
[2025-02-04T16:36:51.467+0000] {processor.py:186} INFO - Started process (PID=1851) to work on /home/airflow/.local/lib/python3.9/site-packages/airflow/example_dags/example_dynamic_task_mapping.py
[2025-02-04T16:36:51.469+0000] {processor.py:914} INFO - Processing file /home/airflow/.local/lib/python3.9/site-packages/airflow/example_dags/example_dynamic_task_mapping.py for tasks to queue
[2025-02-04T16:36:51.471+0000] {logging_mixin.py:190} INFO - [2025-02-04T16:36:51.471+0000] {dagbag.py:588} INFO - Filling up the DagBag from /home/airflow/.local/lib/python3.9/site-packages/airflow/example_dags/example_dynamic_task_mapping.py
[2025-02-04T16:36:51.479+0000] {processor.py:925} INFO - DAG(s) 'example_dynamic_task_mapping' retrieved from /home/airflow/.local/lib/python3.9/site-packages/airflow/example_dags/example_dynamic_task_mapping.py
[2025-02-04T16:36:51.499+0000] {logging_mixin.py:190} INFO - [2025-02-04T16:36:51.499+0000] {dag.py:3239} INFO - Sync 1 DAGs
[2025-02-04T16:36:51.731+0000] {logging_mixin.py:190} INFO - [2025-02-04T16:36:51.731+0000] {dag.py:4180} INFO - Setting next_dagrun for example_dynamic_task_mapping to None, run_after=None
[2025-02-04T16:36:51.755+0000] {processor.py:208} INFO - Processing /home/airflow/.local/lib/python3.9/site-packages/airflow/example_dags/example_dynamic_task_mapping.py took 0.294 seconds
[2025-02-04T16:39:25.050+0000] {processor.py:186} INFO - Started process (PID=1904) to work on /home/airflow/.local/lib/python3.9/site-packages/airflow/example_dags/example_dynamic_task_mapping.py
[2025-02-04T16:39:25.052+0000] {processor.py:914} INFO - Processing file /home/airflow/.local/lib/python3.9/site-packages/airflow/example_dags/example_dynamic_task_mapping.py for tasks to queue
[2025-02-04T16:39:25.054+0000] {logging_mixin.py:190} INFO - [2025-02-04T16:39:25.053+0000] {dagbag.py:588} INFO - Filling up the DagBag from /home/airflow/.local/lib/python3.9/site-packages/airflow/example_dags/example_dynamic_task_mapping.py
[2025-02-04T16:39:25.065+0000] {processor.py:925} INFO - DAG(s) 'example_dynamic_task_mapping' retrieved from /home/airflow/.local/lib/python3.9/site-packages/airflow/example_dags/example_dynamic_task_mapping.py
[2025-02-04T16:39:25.084+0000] {logging_mixin.py:190} INFO - [2025-02-04T16:39:25.084+0000] {dag.py:3239} INFO - Sync 1 DAGs
[2025-02-04T16:39:25.099+0000] {logging_mixin.py:190} INFO - [2025-02-04T16:39:25.099+0000] {dag.py:4180} INFO - Setting next_dagrun for example_dynamic_task_mapping to None, run_after=None
[2025-02-04T16:39:25.124+0000] {processor.py:208} INFO - Processing /home/airflow/.local/lib/python3.9/site-packages/airflow/example_dags/example_dynamic_task_mapping.py took 0.081 seconds
[2025-02-04T16:39:55.963+0000] {processor.py:186} INFO - Started process (PID=1968) to work on /home/airflow/.local/lib/python3.9/site-packages/airflow/example_dags/example_dynamic_task_mapping.py
[2025-02-04T16:39:55.965+0000] {processor.py:914} INFO - Processing file /home/airflow/.local/lib/python3.9/site-packages/airflow/example_dags/example_dynamic_task_mapping.py for tasks to queue
[2025-02-04T16:39:55.966+0000] {logging_mixin.py:190} INFO - [2025-02-04T16:39:55.966+0000] {dagbag.py:588} INFO - Filling up the DagBag from /home/airflow/.local/lib/python3.9/site-packages/airflow/example_dags/example_dynamic_task_mapping.py
[2025-02-04T16:39:55.974+0000] {processor.py:925} INFO - DAG(s) 'example_dynamic_task_mapping' retrieved from /home/airflow/.local/lib/python3.9/site-packages/airflow/example_dags/example_dynamic_task_mapping.py
[2025-02-04T16:39:55.994+0000] {logging_mixin.py:190} INFO - [2025-02-04T16:39:55.994+0000] {dag.py:3239} INFO - Sync 1 DAGs
[2025-02-04T16:39:56.007+0000] {logging_mixin.py:190} INFO - [2025-02-04T16:39:56.006+0000] {dag.py:4180} INFO - Setting next_dagrun for example_dynamic_task_mapping to None, run_after=None
[2025-02-04T16:39:56.029+0000] {processor.py:208} INFO - Processing /home/airflow/.local/lib/python3.9/site-packages/airflow/example_dags/example_dynamic_task_mapping.py took 0.071 seconds
[2025-02-04T16:40:27.149+0000] {processor.py:186} INFO - Started process (PID=2032) to work on /home/airflow/.local/lib/python3.9/site-packages/airflow/example_dags/example_dynamic_task_mapping.py
[2025-02-04T16:40:27.150+0000] {processor.py:914} INFO - Processing file /home/airflow/.local/lib/python3.9/site-packages/airflow/example_dags/example_dynamic_task_mapping.py for tasks to queue
[2025-02-04T16:40:27.152+0000] {logging_mixin.py:190} INFO - [2025-02-04T16:40:27.152+0000] {dagbag.py:588} INFO - Filling up the DagBag from /home/airflow/.local/lib/python3.9/site-packages/airflow/example_dags/example_dynamic_task_mapping.py
[2025-02-04T16:40:27.162+0000] {processor.py:925} INFO - DAG(s) 'example_dynamic_task_mapping' retrieved from /home/airflow/.local/lib/python3.9/site-packages/airflow/example_dags/example_dynamic_task_mapping.py
[2025-02-04T16:40:27.182+0000] {logging_mixin.py:190} INFO - [2025-02-04T16:40:27.181+0000] {dag.py:3239} INFO - Sync 1 DAGs
[2025-02-04T16:40:27.196+0000] {logging_mixin.py:190} INFO - [2025-02-04T16:40:27.195+0000] {dag.py:4180} INFO - Setting next_dagrun for example_dynamic_task_mapping to None, run_after=None
[2025-02-04T16:40:27.221+0000] {processor.py:208} INFO - Processing /home/airflow/.local/lib/python3.9/site-packages/airflow/example_dags/example_dynamic_task_mapping.py took 0.079 seconds
[2025-02-04T16:40:58.035+0000] {processor.py:186} INFO - Started process (PID=2096) to work on /home/airflow/.local/lib/python3.9/site-packages/airflow/example_dags/example_dynamic_task_mapping.py
[2025-02-04T16:40:58.036+0000] {processor.py:914} INFO - Processing file /home/airflow/.local/lib/python3.9/site-packages/airflow/example_dags/example_dynamic_task_mapping.py for tasks to queue
[2025-02-04T16:40:58.038+0000] {logging_mixin.py:190} INFO - [2025-02-04T16:40:58.038+0000] {dagbag.py:588} INFO - Filling up the DagBag from /home/airflow/.local/lib/python3.9/site-packages/airflow/example_dags/example_dynamic_task_mapping.py
[2025-02-04T16:40:58.047+0000] {processor.py:925} INFO - DAG(s) 'example_dynamic_task_mapping' retrieved from /home/airflow/.local/lib/python3.9/site-packages/airflow/example_dags/example_dynamic_task_mapping.py
[2025-02-04T16:40:58.070+0000] {logging_mixin.py:190} INFO - [2025-02-04T16:40:58.070+0000] {dag.py:3239} INFO - Sync 1 DAGs
[2025-02-04T16:40:58.084+0000] {logging_mixin.py:190} INFO - [2025-02-04T16:40:58.084+0000] {dag.py:4180} INFO - Setting next_dagrun for example_dynamic_task_mapping to None, run_after=None
[2025-02-04T16:40:58.110+0000] {processor.py:208} INFO - Processing /home/airflow/.local/lib/python3.9/site-packages/airflow/example_dags/example_dynamic_task_mapping.py took 0.081 seconds
[2025-02-04T16:41:28.943+0000] {processor.py:186} INFO - Started process (PID=2160) to work on /home/airflow/.local/lib/python3.9/site-packages/airflow/example_dags/example_dynamic_task_mapping.py
[2025-02-04T16:41:28.945+0000] {processor.py:914} INFO - Processing file /home/airflow/.local/lib/python3.9/site-packages/airflow/example_dags/example_dynamic_task_mapping.py for tasks to queue
[2025-02-04T16:41:28.946+0000] {logging_mixin.py:190} INFO - [2025-02-04T16:41:28.946+0000] {dagbag.py:588} INFO - Filling up the DagBag from /home/airflow/.local/lib/python3.9/site-packages/airflow/example_dags/example_dynamic_task_mapping.py
[2025-02-04T16:41:28.956+0000] {processor.py:925} INFO - DAG(s) 'example_dynamic_task_mapping' retrieved from /home/airflow/.local/lib/python3.9/site-packages/airflow/example_dags/example_dynamic_task_mapping.py
[2025-02-04T16:41:28.978+0000] {logging_mixin.py:190} INFO - [2025-02-04T16:41:28.977+0000] {dag.py:3239} INFO - Sync 1 DAGs
[2025-02-04T16:41:28.994+0000] {logging_mixin.py:190} INFO - [2025-02-04T16:41:28.993+0000] {dag.py:4180} INFO - Setting next_dagrun for example_dynamic_task_mapping to None, run_after=None
[2025-02-04T16:41:29.055+0000] {processor.py:208} INFO - Processing /home/airflow/.local/lib/python3.9/site-packages/airflow/example_dags/example_dynamic_task_mapping.py took 0.119 seconds
[2025-02-04T16:41:59.297+0000] {processor.py:186} INFO - Started process (PID=2224) to work on /home/airflow/.local/lib/python3.9/site-packages/airflow/example_dags/example_dynamic_task_mapping.py
[2025-02-04T16:41:59.299+0000] {processor.py:914} INFO - Processing file /home/airflow/.local/lib/python3.9/site-packages/airflow/example_dags/example_dynamic_task_mapping.py for tasks to queue
[2025-02-04T16:41:59.301+0000] {logging_mixin.py:190} INFO - [2025-02-04T16:41:59.300+0000] {dagbag.py:588} INFO - Filling up the DagBag from /home/airflow/.local/lib/python3.9/site-packages/airflow/example_dags/example_dynamic_task_mapping.py
[2025-02-04T16:41:59.311+0000] {processor.py:925} INFO - DAG(s) 'example_dynamic_task_mapping' retrieved from /home/airflow/.local/lib/python3.9/site-packages/airflow/example_dags/example_dynamic_task_mapping.py
[2025-02-04T16:41:59.331+0000] {logging_mixin.py:190} INFO - [2025-02-04T16:41:59.330+0000] {dag.py:3239} INFO - Sync 1 DAGs
[2025-02-04T16:41:59.345+0000] {logging_mixin.py:190} INFO - [2025-02-04T16:41:59.345+0000] {dag.py:4180} INFO - Setting next_dagrun for example_dynamic_task_mapping to None, run_after=None
[2025-02-04T16:41:59.370+0000] {processor.py:208} INFO - Processing /home/airflow/.local/lib/python3.9/site-packages/airflow/example_dags/example_dynamic_task_mapping.py took 0.078 seconds
[2025-02-04T16:42:29.892+0000] {processor.py:186} INFO - Started process (PID=2288) to work on /home/airflow/.local/lib/python3.9/site-packages/airflow/example_dags/example_dynamic_task_mapping.py
[2025-02-04T16:42:29.893+0000] {processor.py:914} INFO - Processing file /home/airflow/.local/lib/python3.9/site-packages/airflow/example_dags/example_dynamic_task_mapping.py for tasks to queue
[2025-02-04T16:42:29.895+0000] {logging_mixin.py:190} INFO - [2025-02-04T16:42:29.894+0000] {dagbag.py:588} INFO - Filling up the DagBag from /home/airflow/.local/lib/python3.9/site-packages/airflow/example_dags/example_dynamic_task_mapping.py
[2025-02-04T16:42:29.906+0000] {processor.py:925} INFO - DAG(s) 'example_dynamic_task_mapping' retrieved from /home/airflow/.local/lib/python3.9/site-packages/airflow/example_dags/example_dynamic_task_mapping.py
[2025-02-04T16:42:29.930+0000] {logging_mixin.py:190} INFO - [2025-02-04T16:42:29.929+0000] {dag.py:3239} INFO - Sync 1 DAGs
[2025-02-04T16:42:29.945+0000] {logging_mixin.py:190} INFO - [2025-02-04T16:42:29.945+0000] {dag.py:4180} INFO - Setting next_dagrun for example_dynamic_task_mapping to None, run_after=None
[2025-02-04T16:42:29.972+0000] {processor.py:208} INFO - Processing /home/airflow/.local/lib/python3.9/site-packages/airflow/example_dags/example_dynamic_task_mapping.py took 0.089 seconds
[2025-02-04T16:43:00.291+0000] {processor.py:186} INFO - Started process (PID=2354) to work on /home/airflow/.local/lib/python3.9/site-packages/airflow/example_dags/example_dynamic_task_mapping.py
[2025-02-04T16:43:00.292+0000] {processor.py:914} INFO - Processing file /home/airflow/.local/lib/python3.9/site-packages/airflow/example_dags/example_dynamic_task_mapping.py for tasks to queue
[2025-02-04T16:43:00.294+0000] {logging_mixin.py:190} INFO - [2025-02-04T16:43:00.294+0000] {dagbag.py:588} INFO - Filling up the DagBag from /home/airflow/.local/lib/python3.9/site-packages/airflow/example_dags/example_dynamic_task_mapping.py
[2025-02-04T16:43:00.305+0000] {processor.py:925} INFO - DAG(s) 'example_dynamic_task_mapping' retrieved from /home/airflow/.local/lib/python3.9/site-packages/airflow/example_dags/example_dynamic_task_mapping.py
[2025-02-04T16:43:00.329+0000] {logging_mixin.py:190} INFO - [2025-02-04T16:43:00.329+0000] {dag.py:3239} INFO - Sync 1 DAGs
[2025-02-04T16:43:00.343+0000] {logging_mixin.py:190} INFO - [2025-02-04T16:43:00.343+0000] {dag.py:4180} INFO - Setting next_dagrun for example_dynamic_task_mapping to None, run_after=None
[2025-02-04T16:43:00.370+0000] {processor.py:208} INFO - Processing /home/airflow/.local/lib/python3.9/site-packages/airflow/example_dags/example_dynamic_task_mapping.py took 0.086 seconds
[2025-02-04T16:43:30.852+0000] {processor.py:186} INFO - Started process (PID=2418) to work on /home/airflow/.local/lib/python3.9/site-packages/airflow/example_dags/example_dynamic_task_mapping.py
[2025-02-04T16:43:30.854+0000] {processor.py:914} INFO - Processing file /home/airflow/.local/lib/python3.9/site-packages/airflow/example_dags/example_dynamic_task_mapping.py for tasks to queue
[2025-02-04T16:43:30.855+0000] {logging_mixin.py:190} INFO - [2025-02-04T16:43:30.855+0000] {dagbag.py:588} INFO - Filling up the DagBag from /home/airflow/.local/lib/python3.9/site-packages/airflow/example_dags/example_dynamic_task_mapping.py
[2025-02-04T16:43:30.867+0000] {processor.py:925} INFO - DAG(s) 'example_dynamic_task_mapping' retrieved from /home/airflow/.local/lib/python3.9/site-packages/airflow/example_dags/example_dynamic_task_mapping.py
[2025-02-04T16:43:30.909+0000] {logging_mixin.py:190} INFO - [2025-02-04T16:43:30.909+0000] {dag.py:3239} INFO - Sync 1 DAGs
[2025-02-04T16:43:30.927+0000] {logging_mixin.py:190} INFO - [2025-02-04T16:43:30.926+0000] {dag.py:4180} INFO - Setting next_dagrun for example_dynamic_task_mapping to None, run_after=None
[2025-02-04T16:43:30.959+0000] {processor.py:208} INFO - Processing /home/airflow/.local/lib/python3.9/site-packages/airflow/example_dags/example_dynamic_task_mapping.py took 0.125 seconds
[2025-02-04T16:44:01.424+0000] {processor.py:186} INFO - Started process (PID=2482) to work on /home/airflow/.local/lib/python3.9/site-packages/airflow/example_dags/example_dynamic_task_mapping.py
[2025-02-04T16:44:01.426+0000] {processor.py:914} INFO - Processing file /home/airflow/.local/lib/python3.9/site-packages/airflow/example_dags/example_dynamic_task_mapping.py for tasks to queue
[2025-02-04T16:44:01.427+0000] {logging_mixin.py:190} INFO - [2025-02-04T16:44:01.427+0000] {dagbag.py:588} INFO - Filling up the DagBag from /home/airflow/.local/lib/python3.9/site-packages/airflow/example_dags/example_dynamic_task_mapping.py
[2025-02-04T16:44:01.437+0000] {processor.py:925} INFO - DAG(s) 'example_dynamic_task_mapping' retrieved from /home/airflow/.local/lib/python3.9/site-packages/airflow/example_dags/example_dynamic_task_mapping.py
[2025-02-04T16:44:01.458+0000] {logging_mixin.py:190} INFO - [2025-02-04T16:44:01.457+0000] {dag.py:3239} INFO - Sync 1 DAGs
[2025-02-04T16:44:01.471+0000] {logging_mixin.py:190} INFO - [2025-02-04T16:44:01.471+0000] {dag.py:4180} INFO - Setting next_dagrun for example_dynamic_task_mapping to None, run_after=None
[2025-02-04T16:44:01.499+0000] {processor.py:208} INFO - Processing /home/airflow/.local/lib/python3.9/site-packages/airflow/example_dags/example_dynamic_task_mapping.py took 0.082 seconds
[2025-02-04T16:44:31.711+0000] {processor.py:186} INFO - Started process (PID=2546) to work on /home/airflow/.local/lib/python3.9/site-packages/airflow/example_dags/example_dynamic_task_mapping.py
[2025-02-04T16:44:31.712+0000] {processor.py:914} INFO - Processing file /home/airflow/.local/lib/python3.9/site-packages/airflow/example_dags/example_dynamic_task_mapping.py for tasks to queue
[2025-02-04T16:44:31.714+0000] {logging_mixin.py:190} INFO - [2025-02-04T16:44:31.713+0000] {dagbag.py:588} INFO - Filling up the DagBag from /home/airflow/.local/lib/python3.9/site-packages/airflow/example_dags/example_dynamic_task_mapping.py
[2025-02-04T16:44:31.726+0000] {processor.py:925} INFO - DAG(s) 'example_dynamic_task_mapping' retrieved from /home/airflow/.local/lib/python3.9/site-packages/airflow/example_dags/example_dynamic_task_mapping.py
[2025-02-04T16:44:31.748+0000] {logging_mixin.py:190} INFO - [2025-02-04T16:44:31.748+0000] {dag.py:3239} INFO - Sync 1 DAGs
[2025-02-04T16:44:31.764+0000] {logging_mixin.py:190} INFO - [2025-02-04T16:44:31.764+0000] {dag.py:4180} INFO - Setting next_dagrun for example_dynamic_task_mapping to None, run_after=None
[2025-02-04T16:44:31.792+0000] {processor.py:208} INFO - Processing /home/airflow/.local/lib/python3.9/site-packages/airflow/example_dags/example_dynamic_task_mapping.py took 0.088 seconds
[2025-02-04T16:45:02.369+0000] {processor.py:186} INFO - Started process (PID=2610) to work on /home/airflow/.local/lib/python3.9/site-packages/airflow/example_dags/example_dynamic_task_mapping.py
[2025-02-04T16:45:02.370+0000] {processor.py:914} INFO - Processing file /home/airflow/.local/lib/python3.9/site-packages/airflow/example_dags/example_dynamic_task_mapping.py for tasks to queue
[2025-02-04T16:45:02.372+0000] {logging_mixin.py:190} INFO - [2025-02-04T16:45:02.371+0000] {dagbag.py:588} INFO - Filling up the DagBag from /home/airflow/.local/lib/python3.9/site-packages/airflow/example_dags/example_dynamic_task_mapping.py
[2025-02-04T16:45:02.382+0000] {processor.py:925} INFO - DAG(s) 'example_dynamic_task_mapping' retrieved from /home/airflow/.local/lib/python3.9/site-packages/airflow/example_dags/example_dynamic_task_mapping.py
[2025-02-04T16:45:02.401+0000] {logging_mixin.py:190} INFO - [2025-02-04T16:45:02.401+0000] {dag.py:3239} INFO - Sync 1 DAGs
[2025-02-04T16:45:02.416+0000] {logging_mixin.py:190} INFO - [2025-02-04T16:45:02.415+0000] {dag.py:4180} INFO - Setting next_dagrun for example_dynamic_task_mapping to None, run_after=None
[2025-02-04T16:45:02.444+0000] {processor.py:208} INFO - Processing /home/airflow/.local/lib/python3.9/site-packages/airflow/example_dags/example_dynamic_task_mapping.py took 0.082 seconds
[2025-02-04T16:45:32.834+0000] {processor.py:186} INFO - Started process (PID=2680) to work on /home/airflow/.local/lib/python3.9/site-packages/airflow/example_dags/example_dynamic_task_mapping.py
[2025-02-04T16:45:32.836+0000] {processor.py:914} INFO - Processing file /home/airflow/.local/lib/python3.9/site-packages/airflow/example_dags/example_dynamic_task_mapping.py for tasks to queue
[2025-02-04T16:45:32.838+0000] {logging_mixin.py:190} INFO - [2025-02-04T16:45:32.837+0000] {dagbag.py:588} INFO - Filling up the DagBag from /home/airflow/.local/lib/python3.9/site-packages/airflow/example_dags/example_dynamic_task_mapping.py
[2025-02-04T16:45:32.862+0000] {processor.py:925} INFO - DAG(s) 'example_dynamic_task_mapping' retrieved from /home/airflow/.local/lib/python3.9/site-packages/airflow/example_dags/example_dynamic_task_mapping.py
[2025-02-04T16:45:32.899+0000] {logging_mixin.py:190} INFO - [2025-02-04T16:45:32.899+0000] {dag.py:3239} INFO - Sync 1 DAGs
[2025-02-04T16:45:32.916+0000] {logging_mixin.py:190} INFO - [2025-02-04T16:45:32.915+0000] {dag.py:4180} INFO - Setting next_dagrun for example_dynamic_task_mapping to None, run_after=None
[2025-02-04T16:45:32.947+0000] {processor.py:208} INFO - Processing /home/airflow/.local/lib/python3.9/site-packages/airflow/example_dags/example_dynamic_task_mapping.py took 0.128 seconds
[2025-02-04T16:46:05.138+0000] {processor.py:186} INFO - Started process (PID=2743) to work on /home/airflow/.local/lib/python3.9/site-packages/airflow/example_dags/example_dynamic_task_mapping.py
[2025-02-04T16:46:05.140+0000] {processor.py:914} INFO - Processing file /home/airflow/.local/lib/python3.9/site-packages/airflow/example_dags/example_dynamic_task_mapping.py for tasks to queue
[2025-02-04T16:46:05.141+0000] {logging_mixin.py:190} INFO - [2025-02-04T16:46:05.141+0000] {dagbag.py:588} INFO - Filling up the DagBag from /home/airflow/.local/lib/python3.9/site-packages/airflow/example_dags/example_dynamic_task_mapping.py
[2025-02-04T16:46:05.151+0000] {processor.py:925} INFO - DAG(s) 'example_dynamic_task_mapping' retrieved from /home/airflow/.local/lib/python3.9/site-packages/airflow/example_dags/example_dynamic_task_mapping.py
[2025-02-04T16:46:05.175+0000] {logging_mixin.py:190} INFO - [2025-02-04T16:46:05.174+0000] {dag.py:3239} INFO - Sync 1 DAGs
[2025-02-04T16:46:05.192+0000] {logging_mixin.py:190} INFO - [2025-02-04T16:46:05.191+0000] {dag.py:4180} INFO - Setting next_dagrun for example_dynamic_task_mapping to None, run_after=None
[2025-02-04T16:46:05.218+0000] {processor.py:208} INFO - Processing /home/airflow/.local/lib/python3.9/site-packages/airflow/example_dags/example_dynamic_task_mapping.py took 0.086 seconds
[2025-02-04T16:46:35.482+0000] {processor.py:186} INFO - Started process (PID=2807) to work on /home/airflow/.local/lib/python3.9/site-packages/airflow/example_dags/example_dynamic_task_mapping.py
[2025-02-04T16:46:35.484+0000] {processor.py:914} INFO - Processing file /home/airflow/.local/lib/python3.9/site-packages/airflow/example_dags/example_dynamic_task_mapping.py for tasks to queue
[2025-02-04T16:46:35.486+0000] {logging_mixin.py:190} INFO - [2025-02-04T16:46:35.486+0000] {dagbag.py:588} INFO - Filling up the DagBag from /home/airflow/.local/lib/python3.9/site-packages/airflow/example_dags/example_dynamic_task_mapping.py
[2025-02-04T16:46:35.504+0000] {processor.py:925} INFO - DAG(s) 'example_dynamic_task_mapping' retrieved from /home/airflow/.local/lib/python3.9/site-packages/airflow/example_dags/example_dynamic_task_mapping.py
[2025-02-04T16:46:35.532+0000] {logging_mixin.py:190} INFO - [2025-02-04T16:46:35.532+0000] {dag.py:3239} INFO - Sync 1 DAGs
[2025-02-04T16:46:35.555+0000] {logging_mixin.py:190} INFO - [2025-02-04T16:46:35.554+0000] {dag.py:4180} INFO - Setting next_dagrun for example_dynamic_task_mapping to None, run_after=None
[2025-02-04T16:46:35.582+0000] {processor.py:208} INFO - Processing /home/airflow/.local/lib/python3.9/site-packages/airflow/example_dags/example_dynamic_task_mapping.py took 0.112 seconds
[2025-02-04T16:47:10.417+0000] {processor.py:186} INFO - Started process (PID=2874) to work on /home/airflow/.local/lib/python3.9/site-packages/airflow/example_dags/example_dynamic_task_mapping.py
[2025-02-04T16:47:10.419+0000] {processor.py:914} INFO - Processing file /home/airflow/.local/lib/python3.9/site-packages/airflow/example_dags/example_dynamic_task_mapping.py for tasks to queue
[2025-02-04T16:47:10.421+0000] {logging_mixin.py:190} INFO - [2025-02-04T16:47:10.420+0000] {dagbag.py:588} INFO - Filling up the DagBag from /home/airflow/.local/lib/python3.9/site-packages/airflow/example_dags/example_dynamic_task_mapping.py
[2025-02-04T16:47:10.433+0000] {processor.py:925} INFO - DAG(s) 'example_dynamic_task_mapping' retrieved from /home/airflow/.local/lib/python3.9/site-packages/airflow/example_dags/example_dynamic_task_mapping.py
[2025-02-04T16:47:10.455+0000] {logging_mixin.py:190} INFO - [2025-02-04T16:47:10.455+0000] {dag.py:3239} INFO - Sync 1 DAGs
[2025-02-04T16:47:10.470+0000] {logging_mixin.py:190} INFO - [2025-02-04T16:47:10.470+0000] {dag.py:4180} INFO - Setting next_dagrun for example_dynamic_task_mapping to None, run_after=None
[2025-02-04T16:47:10.498+0000] {processor.py:208} INFO - Processing /home/airflow/.local/lib/python3.9/site-packages/airflow/example_dags/example_dynamic_task_mapping.py took 0.088 seconds
[2025-02-04T16:47:51.114+0000] {processor.py:186} INFO - Started process (PID=2938) to work on /home/airflow/.local/lib/python3.9/site-packages/airflow/example_dags/example_dynamic_task_mapping.py
[2025-02-04T16:47:51.116+0000] {processor.py:914} INFO - Processing file /home/airflow/.local/lib/python3.9/site-packages/airflow/example_dags/example_dynamic_task_mapping.py for tasks to queue
[2025-02-04T16:47:51.118+0000] {logging_mixin.py:190} INFO - [2025-02-04T16:47:51.118+0000] {dagbag.py:588} INFO - Filling up the DagBag from /home/airflow/.local/lib/python3.9/site-packages/airflow/example_dags/example_dynamic_task_mapping.py
[2025-02-04T16:47:51.131+0000] {processor.py:925} INFO - DAG(s) 'example_dynamic_task_mapping' retrieved from /home/airflow/.local/lib/python3.9/site-packages/airflow/example_dags/example_dynamic_task_mapping.py
[2025-02-04T16:47:51.159+0000] {logging_mixin.py:190} INFO - [2025-02-04T16:47:51.158+0000] {dag.py:3239} INFO - Sync 1 DAGs
[2025-02-04T16:47:51.181+0000] {logging_mixin.py:190} INFO - [2025-02-04T16:47:51.180+0000] {dag.py:4180} INFO - Setting next_dagrun for example_dynamic_task_mapping to None, run_after=None
[2025-02-04T16:47:51.218+0000] {processor.py:208} INFO - Processing /home/airflow/.local/lib/python3.9/site-packages/airflow/example_dags/example_dynamic_task_mapping.py took 0.111 seconds
