[2025-02-04T16:23:06.325+0000] {processor.py:186} INFO - Started process (PID=131) to work on /home/airflow/.local/lib/python3.9/site-packages/airflow/example_dags/example_workday_timetable.py
[2025-02-04T16:23:06.327+0000] {processor.py:914} INFO - Processing file /home/airflow/.local/lib/python3.9/site-packages/airflow/example_dags/example_workday_timetable.py for tasks to queue
[2025-02-04T16:23:06.330+0000] {logging_mixin.py:190} INFO - [2025-02-04T16:23:06.330+0000] {dagbag.py:588} INFO - Filling up the DagBag from /home/airflow/.local/lib/python3.9/site-packages/airflow/example_dags/example_workday_timetable.py
[2025-02-04T16:23:06.336+0000] {processor.py:925} INFO - DAG(s) 'example_workday_timetable' retrieved from /home/airflow/.local/lib/python3.9/site-packages/airflow/example_dags/example_workday_timetable.py
[2025-02-04T16:23:06.446+0000] {logging_mixin.py:190} INFO - [2025-02-04T16:23:06.445+0000] {override.py:1912} INFO - Created Permission View: can delete on DAG:example_workday_timetable
[2025-02-04T16:23:06.464+0000] {logging_mixin.py:190} INFO - [2025-02-04T16:23:06.463+0000] {override.py:1912} INFO - Created Permission View: can edit on DAG:example_workday_timetable
[2025-02-04T16:23:06.478+0000] {logging_mixin.py:190} INFO - [2025-02-04T16:23:06.477+0000] {override.py:1912} INFO - Created Permission View: can read on DAG:example_workday_timetable
[2025-02-04T16:23:06.499+0000] {logging_mixin.py:190} INFO - [2025-02-04T16:23:06.498+0000] {override.py:1912} INFO - Created Permission View: can delete on DAG Run:example_workday_timetable
[2025-02-04T16:23:06.513+0000] {logging_mixin.py:190} INFO - [2025-02-04T16:23:06.512+0000] {override.py:1912} INFO - Created Permission View: menu access on DAG Run:example_workday_timetable
[2025-02-04T16:23:06.527+0000] {logging_mixin.py:190} INFO - [2025-02-04T16:23:06.527+0000] {override.py:1912} INFO - Created Permission View: can read on DAG Run:example_workday_timetable
[2025-02-04T16:23:06.542+0000] {logging_mixin.py:190} INFO - [2025-02-04T16:23:06.541+0000] {override.py:1912} INFO - Created Permission View: can create on DAG Run:example_workday_timetable
[2025-02-04T16:23:06.543+0000] {logging_mixin.py:190} INFO - [2025-02-04T16:23:06.543+0000] {dag.py:3239} INFO - Sync 1 DAGs
[2025-02-04T16:23:06.557+0000] {logging_mixin.py:190} INFO - [2025-02-04T16:23:06.556+0000] {dag.py:3262} INFO - Creating ORM DAG for example_workday_timetable
[2025-02-04T16:23:07.076+0000] {logging_mixin.py:190} INFO - [2025-02-04T16:23:07.076+0000] {dag.py:4180} INFO - Setting next_dagrun for example_workday_timetable to 2021-01-04 00:00:00+00:00, run_after=2021-01-05 00:00:00+00:00
[2025-02-04T16:23:07.102+0000] {processor.py:208} INFO - Processing /home/airflow/.local/lib/python3.9/site-packages/airflow/example_dags/example_workday_timetable.py took 0.782 seconds
[2025-02-04T16:23:37.873+0000] {processor.py:186} INFO - Started process (PID=195) to work on /home/airflow/.local/lib/python3.9/site-packages/airflow/example_dags/example_workday_timetable.py
[2025-02-04T16:23:37.874+0000] {processor.py:914} INFO - Processing file /home/airflow/.local/lib/python3.9/site-packages/airflow/example_dags/example_workday_timetable.py for tasks to queue
[2025-02-04T16:23:37.883+0000] {logging_mixin.py:190} INFO - [2025-02-04T16:23:37.882+0000] {dagbag.py:588} INFO - Filling up the DagBag from /home/airflow/.local/lib/python3.9/site-packages/airflow/example_dags/example_workday_timetable.py
[2025-02-04T16:23:44.704+0000] {processor.py:925} INFO - DAG(s) 'example_workday_timetable' retrieved from /home/airflow/.local/lib/python3.9/site-packages/airflow/example_dags/example_workday_timetable.py
[2025-02-04T16:23:44.729+0000] {logging_mixin.py:190} INFO - [2025-02-04T16:23:44.728+0000] {dag.py:3239} INFO - Sync 1 DAGs
[2025-02-04T16:23:44.821+0000] {logging_mixin.py:190} INFO - [2025-02-04T16:23:44.821+0000] {dag.py:4180} INFO - Setting next_dagrun for example_workday_timetable to 2021-01-04 00:00:00+00:00, run_after=2021-01-05 00:00:00+00:00
[2025-02-04T16:23:44.858+0000] {processor.py:208} INFO - Processing /home/airflow/.local/lib/python3.9/site-packages/airflow/example_dags/example_workday_timetable.py took 6.994 seconds
[2025-02-04T16:24:15.835+0000] {processor.py:186} INFO - Started process (PID=264) to work on /home/airflow/.local/lib/python3.9/site-packages/airflow/example_dags/example_workday_timetable.py
[2025-02-04T16:24:15.836+0000] {processor.py:914} INFO - Processing file /home/airflow/.local/lib/python3.9/site-packages/airflow/example_dags/example_workday_timetable.py for tasks to queue
[2025-02-04T16:24:15.839+0000] {logging_mixin.py:190} INFO - [2025-02-04T16:24:15.838+0000] {dagbag.py:588} INFO - Filling up the DagBag from /home/airflow/.local/lib/python3.9/site-packages/airflow/example_dags/example_workday_timetable.py
[2025-02-04T16:24:15.845+0000] {processor.py:925} INFO - DAG(s) 'example_workday_timetable' retrieved from /home/airflow/.local/lib/python3.9/site-packages/airflow/example_dags/example_workday_timetable.py
[2025-02-04T16:24:15.868+0000] {logging_mixin.py:190} INFO - [2025-02-04T16:24:15.868+0000] {dag.py:3239} INFO - Sync 1 DAGs
[2025-02-04T16:24:15.928+0000] {logging_mixin.py:190} INFO - [2025-02-04T16:24:15.927+0000] {dag.py:4180} INFO - Setting next_dagrun for example_workday_timetable to 2021-01-04 00:00:00+00:00, run_after=2021-01-05 00:00:00+00:00
[2025-02-04T16:24:15.955+0000] {processor.py:208} INFO - Processing /home/airflow/.local/lib/python3.9/site-packages/airflow/example_dags/example_workday_timetable.py took 0.129 seconds
[2025-02-04T16:24:46.091+0000] {processor.py:186} INFO - Started process (PID=328) to work on /home/airflow/.local/lib/python3.9/site-packages/airflow/example_dags/example_workday_timetable.py
[2025-02-04T16:24:46.092+0000] {processor.py:914} INFO - Processing file /home/airflow/.local/lib/python3.9/site-packages/airflow/example_dags/example_workday_timetable.py for tasks to queue
[2025-02-04T16:24:46.095+0000] {logging_mixin.py:190} INFO - [2025-02-04T16:24:46.095+0000] {dagbag.py:588} INFO - Filling up the DagBag from /home/airflow/.local/lib/python3.9/site-packages/airflow/example_dags/example_workday_timetable.py
[2025-02-04T16:24:46.103+0000] {processor.py:925} INFO - DAG(s) 'example_workday_timetable' retrieved from /home/airflow/.local/lib/python3.9/site-packages/airflow/example_dags/example_workday_timetable.py
[2025-02-04T16:24:46.129+0000] {logging_mixin.py:190} INFO - [2025-02-04T16:24:46.128+0000] {dag.py:3239} INFO - Sync 1 DAGs
[2025-02-04T16:24:46.196+0000] {logging_mixin.py:190} INFO - [2025-02-04T16:24:46.195+0000] {dag.py:4180} INFO - Setting next_dagrun for example_workday_timetable to 2021-01-04 00:00:00+00:00, run_after=2021-01-05 00:00:00+00:00
[2025-02-04T16:24:46.226+0000] {processor.py:208} INFO - Processing /home/airflow/.local/lib/python3.9/site-packages/airflow/example_dags/example_workday_timetable.py took 0.142 seconds
[2025-02-04T16:25:17.090+0000] {processor.py:186} INFO - Started process (PID=392) to work on /home/airflow/.local/lib/python3.9/site-packages/airflow/example_dags/example_workday_timetable.py
[2025-02-04T16:25:17.599+0000] {processor.py:914} INFO - Processing file /home/airflow/.local/lib/python3.9/site-packages/airflow/example_dags/example_workday_timetable.py for tasks to queue
[2025-02-04T16:25:17.602+0000] {logging_mixin.py:190} INFO - [2025-02-04T16:25:17.602+0000] {dagbag.py:588} INFO - Filling up the DagBag from /home/airflow/.local/lib/python3.9/site-packages/airflow/example_dags/example_workday_timetable.py
[2025-02-04T16:25:17.609+0000] {processor.py:925} INFO - DAG(s) 'example_workday_timetable' retrieved from /home/airflow/.local/lib/python3.9/site-packages/airflow/example_dags/example_workday_timetable.py
[2025-02-04T16:25:17.637+0000] {logging_mixin.py:190} INFO - [2025-02-04T16:25:17.637+0000] {dag.py:3239} INFO - Sync 1 DAGs
[2025-02-04T16:25:17.724+0000] {logging_mixin.py:190} INFO - [2025-02-04T16:25:17.724+0000] {dag.py:4180} INFO - Setting next_dagrun for example_workday_timetable to 2021-01-04 00:00:00+00:00, run_after=2021-01-05 00:00:00+00:00
[2025-02-04T16:25:17.757+0000] {processor.py:208} INFO - Processing /home/airflow/.local/lib/python3.9/site-packages/airflow/example_dags/example_workday_timetable.py took 0.676 seconds
[2025-02-04T16:25:48.446+0000] {processor.py:186} INFO - Started process (PID=457) to work on /home/airflow/.local/lib/python3.9/site-packages/airflow/example_dags/example_workday_timetable.py
[2025-02-04T16:25:48.448+0000] {processor.py:914} INFO - Processing file /home/airflow/.local/lib/python3.9/site-packages/airflow/example_dags/example_workday_timetable.py for tasks to queue
[2025-02-04T16:25:48.450+0000] {logging_mixin.py:190} INFO - [2025-02-04T16:25:48.450+0000] {dagbag.py:588} INFO - Filling up the DagBag from /home/airflow/.local/lib/python3.9/site-packages/airflow/example_dags/example_workday_timetable.py
[2025-02-04T16:25:48.457+0000] {processor.py:925} INFO - DAG(s) 'example_workday_timetable' retrieved from /home/airflow/.local/lib/python3.9/site-packages/airflow/example_dags/example_workday_timetable.py
[2025-02-04T16:25:48.480+0000] {logging_mixin.py:190} INFO - [2025-02-04T16:25:48.480+0000] {dag.py:3239} INFO - Sync 1 DAGs
[2025-02-04T16:25:48.554+0000] {logging_mixin.py:190} INFO - [2025-02-04T16:25:48.553+0000] {dag.py:4180} INFO - Setting next_dagrun for example_workday_timetable to 2021-01-04 00:00:00+00:00, run_after=2021-01-05 00:00:00+00:00
[2025-02-04T16:25:48.582+0000] {processor.py:208} INFO - Processing /home/airflow/.local/lib/python3.9/site-packages/airflow/example_dags/example_workday_timetable.py took 0.143 seconds
[2025-02-04T16:26:18.949+0000] {processor.py:186} INFO - Started process (PID=521) to work on /home/airflow/.local/lib/python3.9/site-packages/airflow/example_dags/example_workday_timetable.py
[2025-02-04T16:26:18.950+0000] {processor.py:914} INFO - Processing file /home/airflow/.local/lib/python3.9/site-packages/airflow/example_dags/example_workday_timetable.py for tasks to queue
[2025-02-04T16:26:18.953+0000] {logging_mixin.py:190} INFO - [2025-02-04T16:26:18.953+0000] {dagbag.py:588} INFO - Filling up the DagBag from /home/airflow/.local/lib/python3.9/site-packages/airflow/example_dags/example_workday_timetable.py
[2025-02-04T16:26:18.960+0000] {processor.py:925} INFO - DAG(s) 'example_workday_timetable' retrieved from /home/airflow/.local/lib/python3.9/site-packages/airflow/example_dags/example_workday_timetable.py
[2025-02-04T16:26:18.984+0000] {logging_mixin.py:190} INFO - [2025-02-04T16:26:18.984+0000] {dag.py:3239} INFO - Sync 1 DAGs
[2025-02-04T16:26:19.048+0000] {logging_mixin.py:190} INFO - [2025-02-04T16:26:19.047+0000] {dag.py:4180} INFO - Setting next_dagrun for example_workday_timetable to 2021-01-04 00:00:00+00:00, run_after=2021-01-05 00:00:00+00:00
[2025-02-04T16:26:19.077+0000] {processor.py:208} INFO - Processing /home/airflow/.local/lib/python3.9/site-packages/airflow/example_dags/example_workday_timetable.py took 0.135 seconds
[2025-02-04T16:26:50.449+0000] {processor.py:186} INFO - Started process (PID=585) to work on /home/airflow/.local/lib/python3.9/site-packages/airflow/example_dags/example_workday_timetable.py
[2025-02-04T16:26:50.451+0000] {processor.py:914} INFO - Processing file /home/airflow/.local/lib/python3.9/site-packages/airflow/example_dags/example_workday_timetable.py for tasks to queue
[2025-02-04T16:26:50.454+0000] {logging_mixin.py:190} INFO - [2025-02-04T16:26:50.454+0000] {dagbag.py:588} INFO - Filling up the DagBag from /home/airflow/.local/lib/python3.9/site-packages/airflow/example_dags/example_workday_timetable.py
[2025-02-04T16:26:50.461+0000] {processor.py:925} INFO - DAG(s) 'example_workday_timetable' retrieved from /home/airflow/.local/lib/python3.9/site-packages/airflow/example_dags/example_workday_timetable.py
[2025-02-04T16:26:50.483+0000] {logging_mixin.py:190} INFO - [2025-02-04T16:26:50.482+0000] {dag.py:3239} INFO - Sync 1 DAGs
[2025-02-04T16:26:50.531+0000] {logging_mixin.py:190} INFO - [2025-02-04T16:26:50.531+0000] {dag.py:4180} INFO - Setting next_dagrun for example_workday_timetable to 2021-01-04 00:00:00+00:00, run_after=2021-01-05 00:00:00+00:00
[2025-02-04T16:26:50.561+0000] {processor.py:208} INFO - Processing /home/airflow/.local/lib/python3.9/site-packages/airflow/example_dags/example_workday_timetable.py took 0.118 seconds
[2025-02-04T16:27:21.207+0000] {processor.py:186} INFO - Started process (PID=649) to work on /home/airflow/.local/lib/python3.9/site-packages/airflow/example_dags/example_workday_timetable.py
[2025-02-04T16:27:21.208+0000] {processor.py:914} INFO - Processing file /home/airflow/.local/lib/python3.9/site-packages/airflow/example_dags/example_workday_timetable.py for tasks to queue
[2025-02-04T16:27:21.211+0000] {logging_mixin.py:190} INFO - [2025-02-04T16:27:21.211+0000] {dagbag.py:588} INFO - Filling up the DagBag from /home/airflow/.local/lib/python3.9/site-packages/airflow/example_dags/example_workday_timetable.py
[2025-02-04T16:27:21.219+0000] {processor.py:925} INFO - DAG(s) 'example_workday_timetable' retrieved from /home/airflow/.local/lib/python3.9/site-packages/airflow/example_dags/example_workday_timetable.py
[2025-02-04T16:27:21.245+0000] {logging_mixin.py:190} INFO - [2025-02-04T16:27:21.245+0000] {dag.py:3239} INFO - Sync 1 DAGs
[2025-02-04T16:27:21.300+0000] {logging_mixin.py:190} INFO - [2025-02-04T16:27:21.300+0000] {dag.py:4180} INFO - Setting next_dagrun for example_workday_timetable to 2021-01-04 00:00:00+00:00, run_after=2021-01-05 00:00:00+00:00
[2025-02-04T16:27:21.330+0000] {processor.py:208} INFO - Processing /home/airflow/.local/lib/python3.9/site-packages/airflow/example_dags/example_workday_timetable.py took 0.130 seconds
[2025-02-04T16:27:51.793+0000] {processor.py:186} INFO - Started process (PID=713) to work on /home/airflow/.local/lib/python3.9/site-packages/airflow/example_dags/example_workday_timetable.py
[2025-02-04T16:27:51.794+0000] {processor.py:914} INFO - Processing file /home/airflow/.local/lib/python3.9/site-packages/airflow/example_dags/example_workday_timetable.py for tasks to queue
[2025-02-04T16:27:51.796+0000] {logging_mixin.py:190} INFO - [2025-02-04T16:27:51.796+0000] {dagbag.py:588} INFO - Filling up the DagBag from /home/airflow/.local/lib/python3.9/site-packages/airflow/example_dags/example_workday_timetable.py
[2025-02-04T16:27:51.805+0000] {processor.py:925} INFO - DAG(s) 'example_workday_timetable' retrieved from /home/airflow/.local/lib/python3.9/site-packages/airflow/example_dags/example_workday_timetable.py
[2025-02-04T16:27:51.828+0000] {logging_mixin.py:190} INFO - [2025-02-04T16:27:51.827+0000] {dag.py:3239} INFO - Sync 1 DAGs
[2025-02-04T16:27:52.094+0000] {logging_mixin.py:190} INFO - [2025-02-04T16:27:52.093+0000] {dag.py:4180} INFO - Setting next_dagrun for example_workday_timetable to 2021-01-04 00:00:00+00:00, run_after=2021-01-05 00:00:00+00:00
[2025-02-04T16:27:52.127+0000] {processor.py:208} INFO - Processing /home/airflow/.local/lib/python3.9/site-packages/airflow/example_dags/example_workday_timetable.py took 0.342 seconds
[2025-02-04T16:28:22.897+0000] {processor.py:186} INFO - Started process (PID=777) to work on /home/airflow/.local/lib/python3.9/site-packages/airflow/example_dags/example_workday_timetable.py
[2025-02-04T16:28:22.898+0000] {processor.py:914} INFO - Processing file /home/airflow/.local/lib/python3.9/site-packages/airflow/example_dags/example_workday_timetable.py for tasks to queue
[2025-02-04T16:28:22.901+0000] {logging_mixin.py:190} INFO - [2025-02-04T16:28:22.900+0000] {dagbag.py:588} INFO - Filling up the DagBag from /home/airflow/.local/lib/python3.9/site-packages/airflow/example_dags/example_workday_timetable.py
[2025-02-04T16:28:22.908+0000] {processor.py:925} INFO - DAG(s) 'example_workday_timetable' retrieved from /home/airflow/.local/lib/python3.9/site-packages/airflow/example_dags/example_workday_timetable.py
[2025-02-04T16:28:22.929+0000] {logging_mixin.py:190} INFO - [2025-02-04T16:28:22.929+0000] {dag.py:3239} INFO - Sync 1 DAGs
[2025-02-04T16:28:22.986+0000] {logging_mixin.py:190} INFO - [2025-02-04T16:28:22.986+0000] {dag.py:4180} INFO - Setting next_dagrun for example_workday_timetable to 2021-01-04 00:00:00+00:00, run_after=2021-01-05 00:00:00+00:00
[2025-02-04T16:28:23.012+0000] {processor.py:208} INFO - Processing /home/airflow/.local/lib/python3.9/site-packages/airflow/example_dags/example_workday_timetable.py took 0.122 seconds
[2025-02-04T16:28:53.750+0000] {processor.py:186} INFO - Started process (PID=841) to work on /home/airflow/.local/lib/python3.9/site-packages/airflow/example_dags/example_workday_timetable.py
[2025-02-04T16:28:53.752+0000] {processor.py:914} INFO - Processing file /home/airflow/.local/lib/python3.9/site-packages/airflow/example_dags/example_workday_timetable.py for tasks to queue
[2025-02-04T16:28:53.755+0000] {logging_mixin.py:190} INFO - [2025-02-04T16:28:53.754+0000] {dagbag.py:588} INFO - Filling up the DagBag from /home/airflow/.local/lib/python3.9/site-packages/airflow/example_dags/example_workday_timetable.py
[2025-02-04T16:28:53.762+0000] {processor.py:925} INFO - DAG(s) 'example_workday_timetable' retrieved from /home/airflow/.local/lib/python3.9/site-packages/airflow/example_dags/example_workday_timetable.py
[2025-02-04T16:28:53.788+0000] {logging_mixin.py:190} INFO - [2025-02-04T16:28:53.787+0000] {dag.py:3239} INFO - Sync 1 DAGs
[2025-02-04T16:28:53.846+0000] {logging_mixin.py:190} INFO - [2025-02-04T16:28:53.846+0000] {dag.py:4180} INFO - Setting next_dagrun for example_workday_timetable to 2021-01-04 00:00:00+00:00, run_after=2021-01-05 00:00:00+00:00
[2025-02-04T16:28:53.875+0000] {processor.py:208} INFO - Processing /home/airflow/.local/lib/python3.9/site-packages/airflow/example_dags/example_workday_timetable.py took 0.132 seconds
[2025-02-04T16:29:24.418+0000] {processor.py:186} INFO - Started process (PID=912) to work on /home/airflow/.local/lib/python3.9/site-packages/airflow/example_dags/example_workday_timetable.py
[2025-02-04T16:29:24.419+0000] {processor.py:914} INFO - Processing file /home/airflow/.local/lib/python3.9/site-packages/airflow/example_dags/example_workday_timetable.py for tasks to queue
[2025-02-04T16:29:24.422+0000] {logging_mixin.py:190} INFO - [2025-02-04T16:29:24.421+0000] {dagbag.py:588} INFO - Filling up the DagBag from /home/airflow/.local/lib/python3.9/site-packages/airflow/example_dags/example_workday_timetable.py
[2025-02-04T16:29:24.429+0000] {processor.py:925} INFO - DAG(s) 'example_workday_timetable' retrieved from /home/airflow/.local/lib/python3.9/site-packages/airflow/example_dags/example_workday_timetable.py
[2025-02-04T16:29:24.476+0000] {logging_mixin.py:190} INFO - [2025-02-04T16:29:24.476+0000] {dag.py:3239} INFO - Sync 1 DAGs
[2025-02-04T16:29:24.554+0000] {logging_mixin.py:190} INFO - [2025-02-04T16:29:24.554+0000] {dag.py:4180} INFO - Setting next_dagrun for example_workday_timetable to 2021-01-04 00:00:00+00:00, run_after=2021-01-05 00:00:00+00:00
[2025-02-04T16:29:24.585+0000] {processor.py:208} INFO - Processing /home/airflow/.local/lib/python3.9/site-packages/airflow/example_dags/example_workday_timetable.py took 0.176 seconds
[2025-02-04T16:29:55.157+0000] {processor.py:186} INFO - Started process (PID=976) to work on /home/airflow/.local/lib/python3.9/site-packages/airflow/example_dags/example_workday_timetable.py
[2025-02-04T16:29:55.159+0000] {processor.py:914} INFO - Processing file /home/airflow/.local/lib/python3.9/site-packages/airflow/example_dags/example_workday_timetable.py for tasks to queue
[2025-02-04T16:29:55.162+0000] {logging_mixin.py:190} INFO - [2025-02-04T16:29:55.161+0000] {dagbag.py:588} INFO - Filling up the DagBag from /home/airflow/.local/lib/python3.9/site-packages/airflow/example_dags/example_workday_timetable.py
[2025-02-04T16:29:55.168+0000] {processor.py:925} INFO - DAG(s) 'example_workday_timetable' retrieved from /home/airflow/.local/lib/python3.9/site-packages/airflow/example_dags/example_workday_timetable.py
[2025-02-04T16:29:55.196+0000] {logging_mixin.py:190} INFO - [2025-02-04T16:29:55.195+0000] {dag.py:3239} INFO - Sync 1 DAGs
[2025-02-04T16:29:55.256+0000] {logging_mixin.py:190} INFO - [2025-02-04T16:29:55.256+0000] {dag.py:4180} INFO - Setting next_dagrun for example_workday_timetable to 2021-01-04 00:00:00+00:00, run_after=2021-01-05 00:00:00+00:00
[2025-02-04T16:29:55.288+0000] {processor.py:208} INFO - Processing /home/airflow/.local/lib/python3.9/site-packages/airflow/example_dags/example_workday_timetable.py took 0.139 seconds
[2025-02-04T16:30:25.729+0000] {processor.py:186} INFO - Started process (PID=1040) to work on /home/airflow/.local/lib/python3.9/site-packages/airflow/example_dags/example_workday_timetable.py
[2025-02-04T16:30:25.730+0000] {processor.py:914} INFO - Processing file /home/airflow/.local/lib/python3.9/site-packages/airflow/example_dags/example_workday_timetable.py for tasks to queue
[2025-02-04T16:30:25.732+0000] {logging_mixin.py:190} INFO - [2025-02-04T16:30:25.732+0000] {dagbag.py:588} INFO - Filling up the DagBag from /home/airflow/.local/lib/python3.9/site-packages/airflow/example_dags/example_workday_timetable.py
[2025-02-04T16:30:25.739+0000] {processor.py:925} INFO - DAG(s) 'example_workday_timetable' retrieved from /home/airflow/.local/lib/python3.9/site-packages/airflow/example_dags/example_workday_timetable.py
[2025-02-04T16:30:25.764+0000] {logging_mixin.py:190} INFO - [2025-02-04T16:30:25.763+0000] {dag.py:3239} INFO - Sync 1 DAGs
[2025-02-04T16:30:25.820+0000] {logging_mixin.py:190} INFO - [2025-02-04T16:30:25.820+0000] {dag.py:4180} INFO - Setting next_dagrun for example_workday_timetable to 2021-01-04 00:00:00+00:00, run_after=2021-01-05 00:00:00+00:00
[2025-02-04T16:30:25.850+0000] {processor.py:208} INFO - Processing /home/airflow/.local/lib/python3.9/site-packages/airflow/example_dags/example_workday_timetable.py took 0.129 seconds
[2025-02-04T16:30:56.397+0000] {processor.py:186} INFO - Started process (PID=1104) to work on /home/airflow/.local/lib/python3.9/site-packages/airflow/example_dags/example_workday_timetable.py
[2025-02-04T16:30:56.399+0000] {processor.py:914} INFO - Processing file /home/airflow/.local/lib/python3.9/site-packages/airflow/example_dags/example_workday_timetable.py for tasks to queue
[2025-02-04T16:30:56.402+0000] {logging_mixin.py:190} INFO - [2025-02-04T16:30:56.402+0000] {dagbag.py:588} INFO - Filling up the DagBag from /home/airflow/.local/lib/python3.9/site-packages/airflow/example_dags/example_workday_timetable.py
[2025-02-04T16:30:56.409+0000] {processor.py:925} INFO - DAG(s) 'example_workday_timetable' retrieved from /home/airflow/.local/lib/python3.9/site-packages/airflow/example_dags/example_workday_timetable.py
[2025-02-04T16:30:56.434+0000] {logging_mixin.py:190} INFO - [2025-02-04T16:30:56.433+0000] {dag.py:3239} INFO - Sync 1 DAGs
[2025-02-04T16:30:56.494+0000] {logging_mixin.py:190} INFO - [2025-02-04T16:30:56.494+0000] {dag.py:4180} INFO - Setting next_dagrun for example_workday_timetable to 2021-01-04 00:00:00+00:00, run_after=2021-01-05 00:00:00+00:00
[2025-02-04T16:30:56.524+0000] {processor.py:208} INFO - Processing /home/airflow/.local/lib/python3.9/site-packages/airflow/example_dags/example_workday_timetable.py took 0.135 seconds
[2025-02-04T16:31:27.220+0000] {processor.py:186} INFO - Started process (PID=1168) to work on /home/airflow/.local/lib/python3.9/site-packages/airflow/example_dags/example_workday_timetable.py
[2025-02-04T16:31:27.222+0000] {processor.py:914} INFO - Processing file /home/airflow/.local/lib/python3.9/site-packages/airflow/example_dags/example_workday_timetable.py for tasks to queue
[2025-02-04T16:31:27.224+0000] {logging_mixin.py:190} INFO - [2025-02-04T16:31:27.224+0000] {dagbag.py:588} INFO - Filling up the DagBag from /home/airflow/.local/lib/python3.9/site-packages/airflow/example_dags/example_workday_timetable.py
[2025-02-04T16:31:27.231+0000] {processor.py:925} INFO - DAG(s) 'example_workday_timetable' retrieved from /home/airflow/.local/lib/python3.9/site-packages/airflow/example_dags/example_workday_timetable.py
[2025-02-04T16:31:27.254+0000] {logging_mixin.py:190} INFO - [2025-02-04T16:31:27.253+0000] {dag.py:3239} INFO - Sync 1 DAGs
[2025-02-04T16:31:27.309+0000] {logging_mixin.py:190} INFO - [2025-02-04T16:31:27.309+0000] {dag.py:4180} INFO - Setting next_dagrun for example_workday_timetable to 2021-01-04 00:00:00+00:00, run_after=2021-01-05 00:00:00+00:00
[2025-02-04T16:31:27.338+0000] {processor.py:208} INFO - Processing /home/airflow/.local/lib/python3.9/site-packages/airflow/example_dags/example_workday_timetable.py took 0.124 seconds
[2025-02-04T16:31:57.995+0000] {processor.py:186} INFO - Started process (PID=1232) to work on /home/airflow/.local/lib/python3.9/site-packages/airflow/example_dags/example_workday_timetable.py
[2025-02-04T16:31:57.997+0000] {processor.py:914} INFO - Processing file /home/airflow/.local/lib/python3.9/site-packages/airflow/example_dags/example_workday_timetable.py for tasks to queue
[2025-02-04T16:31:58.006+0000] {logging_mixin.py:190} INFO - [2025-02-04T16:31:58.005+0000] {dagbag.py:588} INFO - Filling up the DagBag from /home/airflow/.local/lib/python3.9/site-packages/airflow/example_dags/example_workday_timetable.py
[2025-02-04T16:31:58.016+0000] {processor.py:925} INFO - DAG(s) 'example_workday_timetable' retrieved from /home/airflow/.local/lib/python3.9/site-packages/airflow/example_dags/example_workday_timetable.py
[2025-02-04T16:31:58.044+0000] {logging_mixin.py:190} INFO - [2025-02-04T16:31:58.043+0000] {dag.py:3239} INFO - Sync 1 DAGs
[2025-02-04T16:31:58.112+0000] {logging_mixin.py:190} INFO - [2025-02-04T16:31:58.112+0000] {dag.py:4180} INFO - Setting next_dagrun for example_workday_timetable to 2021-01-04 00:00:00+00:00, run_after=2021-01-05 00:00:00+00:00
[2025-02-04T16:31:58.147+0000] {processor.py:208} INFO - Processing /home/airflow/.local/lib/python3.9/site-packages/airflow/example_dags/example_workday_timetable.py took 0.159 seconds
[2025-02-04T16:32:28.579+0000] {processor.py:186} INFO - Started process (PID=1296) to work on /home/airflow/.local/lib/python3.9/site-packages/airflow/example_dags/example_workday_timetable.py
[2025-02-04T16:32:28.580+0000] {processor.py:914} INFO - Processing file /home/airflow/.local/lib/python3.9/site-packages/airflow/example_dags/example_workday_timetable.py for tasks to queue
[2025-02-04T16:32:28.583+0000] {logging_mixin.py:190} INFO - [2025-02-04T16:32:28.582+0000] {dagbag.py:588} INFO - Filling up the DagBag from /home/airflow/.local/lib/python3.9/site-packages/airflow/example_dags/example_workday_timetable.py
[2025-02-04T16:32:28.589+0000] {processor.py:925} INFO - DAG(s) 'example_workday_timetable' retrieved from /home/airflow/.local/lib/python3.9/site-packages/airflow/example_dags/example_workday_timetable.py
[2025-02-04T16:32:28.612+0000] {logging_mixin.py:190} INFO - [2025-02-04T16:32:28.611+0000] {dag.py:3239} INFO - Sync 1 DAGs
[2025-02-04T16:32:28.666+0000] {logging_mixin.py:190} INFO - [2025-02-04T16:32:28.666+0000] {dag.py:4180} INFO - Setting next_dagrun for example_workday_timetable to 2021-01-04 00:00:00+00:00, run_after=2021-01-05 00:00:00+00:00
[2025-02-04T16:32:28.694+0000] {processor.py:208} INFO - Processing /home/airflow/.local/lib/python3.9/site-packages/airflow/example_dags/example_workday_timetable.py took 0.122 seconds
[2025-02-04T16:32:58.837+0000] {processor.py:186} INFO - Started process (PID=1360) to work on /home/airflow/.local/lib/python3.9/site-packages/airflow/example_dags/example_workday_timetable.py
[2025-02-04T16:32:58.838+0000] {processor.py:914} INFO - Processing file /home/airflow/.local/lib/python3.9/site-packages/airflow/example_dags/example_workday_timetable.py for tasks to queue
[2025-02-04T16:32:58.841+0000] {logging_mixin.py:190} INFO - [2025-02-04T16:32:58.841+0000] {dagbag.py:588} INFO - Filling up the DagBag from /home/airflow/.local/lib/python3.9/site-packages/airflow/example_dags/example_workday_timetable.py
[2025-02-04T16:32:58.848+0000] {processor.py:925} INFO - DAG(s) 'example_workday_timetable' retrieved from /home/airflow/.local/lib/python3.9/site-packages/airflow/example_dags/example_workday_timetable.py
[2025-02-04T16:32:58.871+0000] {logging_mixin.py:190} INFO - [2025-02-04T16:32:58.870+0000] {dag.py:3239} INFO - Sync 1 DAGs
[2025-02-04T16:32:58.926+0000] {logging_mixin.py:190} INFO - [2025-02-04T16:32:58.926+0000] {dag.py:4180} INFO - Setting next_dagrun for example_workday_timetable to 2021-01-04 00:00:00+00:00, run_after=2021-01-05 00:00:00+00:00
[2025-02-04T16:32:58.953+0000] {processor.py:208} INFO - Processing /home/airflow/.local/lib/python3.9/site-packages/airflow/example_dags/example_workday_timetable.py took 0.123 seconds
[2025-02-04T16:33:29.565+0000] {processor.py:186} INFO - Started process (PID=1425) to work on /home/airflow/.local/lib/python3.9/site-packages/airflow/example_dags/example_workday_timetable.py
[2025-02-04T16:33:29.567+0000] {processor.py:914} INFO - Processing file /home/airflow/.local/lib/python3.9/site-packages/airflow/example_dags/example_workday_timetable.py for tasks to queue
[2025-02-04T16:33:29.569+0000] {logging_mixin.py:190} INFO - [2025-02-04T16:33:29.569+0000] {dagbag.py:588} INFO - Filling up the DagBag from /home/airflow/.local/lib/python3.9/site-packages/airflow/example_dags/example_workday_timetable.py
[2025-02-04T16:33:29.575+0000] {processor.py:925} INFO - DAG(s) 'example_workday_timetable' retrieved from /home/airflow/.local/lib/python3.9/site-packages/airflow/example_dags/example_workday_timetable.py
[2025-02-04T16:33:29.595+0000] {logging_mixin.py:190} INFO - [2025-02-04T16:33:29.594+0000] {dag.py:3239} INFO - Sync 1 DAGs
[2025-02-04T16:33:29.644+0000] {logging_mixin.py:190} INFO - [2025-02-04T16:33:29.644+0000] {dag.py:4180} INFO - Setting next_dagrun for example_workday_timetable to 2021-01-04 00:00:00+00:00, run_after=2021-01-05 00:00:00+00:00
[2025-02-04T16:33:29.671+0000] {processor.py:208} INFO - Processing /home/airflow/.local/lib/python3.9/site-packages/airflow/example_dags/example_workday_timetable.py took 0.112 seconds
[2025-02-04T16:34:00.285+0000] {processor.py:186} INFO - Started process (PID=1489) to work on /home/airflow/.local/lib/python3.9/site-packages/airflow/example_dags/example_workday_timetable.py
[2025-02-04T16:34:00.286+0000] {processor.py:914} INFO - Processing file /home/airflow/.local/lib/python3.9/site-packages/airflow/example_dags/example_workday_timetable.py for tasks to queue
[2025-02-04T16:34:00.288+0000] {logging_mixin.py:190} INFO - [2025-02-04T16:34:00.288+0000] {dagbag.py:588} INFO - Filling up the DagBag from /home/airflow/.local/lib/python3.9/site-packages/airflow/example_dags/example_workday_timetable.py
[2025-02-04T16:34:00.295+0000] {processor.py:925} INFO - DAG(s) 'example_workday_timetable' retrieved from /home/airflow/.local/lib/python3.9/site-packages/airflow/example_dags/example_workday_timetable.py
[2025-02-04T16:34:00.319+0000] {logging_mixin.py:190} INFO - [2025-02-04T16:34:00.319+0000] {dag.py:3239} INFO - Sync 1 DAGs
[2025-02-04T16:34:00.392+0000] {logging_mixin.py:190} INFO - [2025-02-04T16:34:00.392+0000] {dag.py:4180} INFO - Setting next_dagrun for example_workday_timetable to 2021-01-04 00:00:00+00:00, run_after=2021-01-05 00:00:00+00:00
[2025-02-04T16:34:00.426+0000] {processor.py:208} INFO - Processing /home/airflow/.local/lib/python3.9/site-packages/airflow/example_dags/example_workday_timetable.py took 0.148 seconds
[2025-02-04T16:34:30.877+0000] {processor.py:186} INFO - Started process (PID=1553) to work on /home/airflow/.local/lib/python3.9/site-packages/airflow/example_dags/example_workday_timetable.py
[2025-02-04T16:34:30.878+0000] {processor.py:914} INFO - Processing file /home/airflow/.local/lib/python3.9/site-packages/airflow/example_dags/example_workday_timetable.py for tasks to queue
[2025-02-04T16:34:30.881+0000] {logging_mixin.py:190} INFO - [2025-02-04T16:34:30.880+0000] {dagbag.py:588} INFO - Filling up the DagBag from /home/airflow/.local/lib/python3.9/site-packages/airflow/example_dags/example_workday_timetable.py
[2025-02-04T16:34:30.887+0000] {processor.py:925} INFO - DAG(s) 'example_workday_timetable' retrieved from /home/airflow/.local/lib/python3.9/site-packages/airflow/example_dags/example_workday_timetable.py
[2025-02-04T16:34:30.908+0000] {logging_mixin.py:190} INFO - [2025-02-04T16:34:30.907+0000] {dag.py:3239} INFO - Sync 1 DAGs
[2025-02-04T16:34:30.963+0000] {logging_mixin.py:190} INFO - [2025-02-04T16:34:30.963+0000] {dag.py:4180} INFO - Setting next_dagrun for example_workday_timetable to 2021-01-04 00:00:00+00:00, run_after=2021-01-05 00:00:00+00:00
[2025-02-04T16:34:30.989+0000] {processor.py:208} INFO - Processing /home/airflow/.local/lib/python3.9/site-packages/airflow/example_dags/example_workday_timetable.py took 0.119 seconds
[2025-02-04T16:35:01.601+0000] {processor.py:186} INFO - Started process (PID=1624) to work on /home/airflow/.local/lib/python3.9/site-packages/airflow/example_dags/example_workday_timetable.py
[2025-02-04T16:35:01.602+0000] {processor.py:914} INFO - Processing file /home/airflow/.local/lib/python3.9/site-packages/airflow/example_dags/example_workday_timetable.py for tasks to queue
[2025-02-04T16:35:01.605+0000] {logging_mixin.py:190} INFO - [2025-02-04T16:35:01.604+0000] {dagbag.py:588} INFO - Filling up the DagBag from /home/airflow/.local/lib/python3.9/site-packages/airflow/example_dags/example_workday_timetable.py
[2025-02-04T16:35:01.611+0000] {processor.py:925} INFO - DAG(s) 'example_workday_timetable' retrieved from /home/airflow/.local/lib/python3.9/site-packages/airflow/example_dags/example_workday_timetable.py
[2025-02-04T16:35:01.639+0000] {logging_mixin.py:190} INFO - [2025-02-04T16:35:01.638+0000] {dag.py:3239} INFO - Sync 1 DAGs
[2025-02-04T16:35:01.699+0000] {logging_mixin.py:190} INFO - [2025-02-04T16:35:01.698+0000] {dag.py:4180} INFO - Setting next_dagrun for example_workday_timetable to 2021-01-04 00:00:00+00:00, run_after=2021-01-05 00:00:00+00:00
[2025-02-04T16:35:01.737+0000] {processor.py:208} INFO - Processing /home/airflow/.local/lib/python3.9/site-packages/airflow/example_dags/example_workday_timetable.py took 0.142 seconds
[2025-02-04T16:35:32.407+0000] {processor.py:186} INFO - Started process (PID=1688) to work on /home/airflow/.local/lib/python3.9/site-packages/airflow/example_dags/example_workday_timetable.py
[2025-02-04T16:35:32.408+0000] {processor.py:914} INFO - Processing file /home/airflow/.local/lib/python3.9/site-packages/airflow/example_dags/example_workday_timetable.py for tasks to queue
[2025-02-04T16:35:32.411+0000] {logging_mixin.py:190} INFO - [2025-02-04T16:35:32.410+0000] {dagbag.py:588} INFO - Filling up the DagBag from /home/airflow/.local/lib/python3.9/site-packages/airflow/example_dags/example_workday_timetable.py
[2025-02-04T16:35:32.417+0000] {processor.py:925} INFO - DAG(s) 'example_workday_timetable' retrieved from /home/airflow/.local/lib/python3.9/site-packages/airflow/example_dags/example_workday_timetable.py
[2025-02-04T16:35:32.438+0000] {logging_mixin.py:190} INFO - [2025-02-04T16:35:32.438+0000] {dag.py:3239} INFO - Sync 1 DAGs
[2025-02-04T16:35:32.494+0000] {logging_mixin.py:190} INFO - [2025-02-04T16:35:32.494+0000] {dag.py:4180} INFO - Setting next_dagrun for example_workday_timetable to 2021-01-04 00:00:00+00:00, run_after=2021-01-05 00:00:00+00:00
[2025-02-04T16:35:32.562+0000] {processor.py:208} INFO - Processing /home/airflow/.local/lib/python3.9/site-packages/airflow/example_dags/example_workday_timetable.py took 0.161 seconds
[2025-02-04T16:36:03.091+0000] {processor.py:186} INFO - Started process (PID=1753) to work on /home/airflow/.local/lib/python3.9/site-packages/airflow/example_dags/example_workday_timetable.py
[2025-02-04T16:36:03.092+0000] {processor.py:914} INFO - Processing file /home/airflow/.local/lib/python3.9/site-packages/airflow/example_dags/example_workday_timetable.py for tasks to queue
[2025-02-04T16:36:03.095+0000] {logging_mixin.py:190} INFO - [2025-02-04T16:36:03.094+0000] {dagbag.py:588} INFO - Filling up the DagBag from /home/airflow/.local/lib/python3.9/site-packages/airflow/example_dags/example_workday_timetable.py
[2025-02-04T16:36:03.100+0000] {processor.py:925} INFO - DAG(s) 'example_workday_timetable' retrieved from /home/airflow/.local/lib/python3.9/site-packages/airflow/example_dags/example_workday_timetable.py
[2025-02-04T16:36:03.121+0000] {logging_mixin.py:190} INFO - [2025-02-04T16:36:03.120+0000] {dag.py:3239} INFO - Sync 1 DAGs
[2025-02-04T16:36:03.169+0000] {logging_mixin.py:190} INFO - [2025-02-04T16:36:03.168+0000] {dag.py:4180} INFO - Setting next_dagrun for example_workday_timetable to 2021-01-04 00:00:00+00:00, run_after=2021-01-05 00:00:00+00:00
[2025-02-04T16:36:03.194+0000] {processor.py:208} INFO - Processing /home/airflow/.local/lib/python3.9/site-packages/airflow/example_dags/example_workday_timetable.py took 0.109 seconds
[2025-02-04T16:36:33.258+0000] {processor.py:186} INFO - Started process (PID=1817) to work on /home/airflow/.local/lib/python3.9/site-packages/airflow/example_dags/example_workday_timetable.py
[2025-02-04T16:36:33.259+0000] {processor.py:914} INFO - Processing file /home/airflow/.local/lib/python3.9/site-packages/airflow/example_dags/example_workday_timetable.py for tasks to queue
[2025-02-04T16:36:33.262+0000] {logging_mixin.py:190} INFO - [2025-02-04T16:36:33.262+0000] {dagbag.py:588} INFO - Filling up the DagBag from /home/airflow/.local/lib/python3.9/site-packages/airflow/example_dags/example_workday_timetable.py
[2025-02-04T16:36:33.268+0000] {processor.py:925} INFO - DAG(s) 'example_workday_timetable' retrieved from /home/airflow/.local/lib/python3.9/site-packages/airflow/example_dags/example_workday_timetable.py
[2025-02-04T16:36:33.288+0000] {logging_mixin.py:190} INFO - [2025-02-04T16:36:33.288+0000] {dag.py:3239} INFO - Sync 1 DAGs
[2025-02-04T16:36:33.336+0000] {logging_mixin.py:190} INFO - [2025-02-04T16:36:33.335+0000] {dag.py:4180} INFO - Setting next_dagrun for example_workday_timetable to 2021-01-04 00:00:00+00:00, run_after=2021-01-05 00:00:00+00:00
[2025-02-04T16:36:33.362+0000] {processor.py:208} INFO - Processing /home/airflow/.local/lib/python3.9/site-packages/airflow/example_dags/example_workday_timetable.py took 0.111 seconds
[2025-02-04T16:39:27.402+0000] {processor.py:186} INFO - Started process (PID=1926) to work on /home/airflow/.local/lib/python3.9/site-packages/airflow/example_dags/example_workday_timetable.py
[2025-02-04T16:39:27.403+0000] {processor.py:914} INFO - Processing file /home/airflow/.local/lib/python3.9/site-packages/airflow/example_dags/example_workday_timetable.py for tasks to queue
[2025-02-04T16:39:27.405+0000] {logging_mixin.py:190} INFO - [2025-02-04T16:39:27.404+0000] {dagbag.py:588} INFO - Filling up the DagBag from /home/airflow/.local/lib/python3.9/site-packages/airflow/example_dags/example_workday_timetable.py
[2025-02-04T16:39:27.411+0000] {processor.py:925} INFO - DAG(s) 'example_workday_timetable' retrieved from /home/airflow/.local/lib/python3.9/site-packages/airflow/example_dags/example_workday_timetable.py
[2025-02-04T16:39:27.434+0000] {logging_mixin.py:190} INFO - [2025-02-04T16:39:27.433+0000] {dag.py:3239} INFO - Sync 1 DAGs
[2025-02-04T16:39:27.489+0000] {logging_mixin.py:190} INFO - [2025-02-04T16:39:27.489+0000] {dag.py:4180} INFO - Setting next_dagrun for example_workday_timetable to 2021-01-04 00:00:00+00:00, run_after=2021-01-05 00:00:00+00:00
[2025-02-04T16:39:27.519+0000] {processor.py:208} INFO - Processing /home/airflow/.local/lib/python3.9/site-packages/airflow/example_dags/example_workday_timetable.py took 0.123 seconds
[2025-02-04T16:39:57.658+0000] {processor.py:186} INFO - Started process (PID=1990) to work on /home/airflow/.local/lib/python3.9/site-packages/airflow/example_dags/example_workday_timetable.py
[2025-02-04T16:39:57.659+0000] {processor.py:914} INFO - Processing file /home/airflow/.local/lib/python3.9/site-packages/airflow/example_dags/example_workday_timetable.py for tasks to queue
[2025-02-04T16:39:57.660+0000] {logging_mixin.py:190} INFO - [2025-02-04T16:39:57.660+0000] {dagbag.py:588} INFO - Filling up the DagBag from /home/airflow/.local/lib/python3.9/site-packages/airflow/example_dags/example_workday_timetable.py
[2025-02-04T16:39:57.665+0000] {processor.py:925} INFO - DAG(s) 'example_workday_timetable' retrieved from /home/airflow/.local/lib/python3.9/site-packages/airflow/example_dags/example_workday_timetable.py
[2025-02-04T16:39:57.682+0000] {logging_mixin.py:190} INFO - [2025-02-04T16:39:57.682+0000] {dag.py:3239} INFO - Sync 1 DAGs
[2025-02-04T16:39:57.732+0000] {logging_mixin.py:190} INFO - [2025-02-04T16:39:57.731+0000] {dag.py:4180} INFO - Setting next_dagrun for example_workday_timetable to 2021-01-04 00:00:00+00:00, run_after=2021-01-05 00:00:00+00:00
[2025-02-04T16:39:57.755+0000] {processor.py:208} INFO - Processing /home/airflow/.local/lib/python3.9/site-packages/airflow/example_dags/example_workday_timetable.py took 0.103 seconds
[2025-02-04T16:40:28.630+0000] {processor.py:186} INFO - Started process (PID=2054) to work on /home/airflow/.local/lib/python3.9/site-packages/airflow/example_dags/example_workday_timetable.py
[2025-02-04T16:40:28.631+0000] {processor.py:914} INFO - Processing file /home/airflow/.local/lib/python3.9/site-packages/airflow/example_dags/example_workday_timetable.py for tasks to queue
[2025-02-04T16:40:28.633+0000] {logging_mixin.py:190} INFO - [2025-02-04T16:40:28.633+0000] {dagbag.py:588} INFO - Filling up the DagBag from /home/airflow/.local/lib/python3.9/site-packages/airflow/example_dags/example_workday_timetable.py
[2025-02-04T16:40:28.640+0000] {processor.py:925} INFO - DAG(s) 'example_workday_timetable' retrieved from /home/airflow/.local/lib/python3.9/site-packages/airflow/example_dags/example_workday_timetable.py
[2025-02-04T16:40:28.660+0000] {logging_mixin.py:190} INFO - [2025-02-04T16:40:28.660+0000] {dag.py:3239} INFO - Sync 1 DAGs
[2025-02-04T16:40:28.709+0000] {logging_mixin.py:190} INFO - [2025-02-04T16:40:28.709+0000] {dag.py:4180} INFO - Setting next_dagrun for example_workday_timetable to 2021-01-04 00:00:00+00:00, run_after=2021-01-05 00:00:00+00:00
[2025-02-04T16:40:28.734+0000] {processor.py:208} INFO - Processing /home/airflow/.local/lib/python3.9/site-packages/airflow/example_dags/example_workday_timetable.py took 0.110 seconds
[2025-02-04T16:40:59.385+0000] {processor.py:186} INFO - Started process (PID=2118) to work on /home/airflow/.local/lib/python3.9/site-packages/airflow/example_dags/example_workday_timetable.py
[2025-02-04T16:40:59.386+0000] {processor.py:914} INFO - Processing file /home/airflow/.local/lib/python3.9/site-packages/airflow/example_dags/example_workday_timetable.py for tasks to queue
[2025-02-04T16:40:59.388+0000] {logging_mixin.py:190} INFO - [2025-02-04T16:40:59.388+0000] {dagbag.py:588} INFO - Filling up the DagBag from /home/airflow/.local/lib/python3.9/site-packages/airflow/example_dags/example_workday_timetable.py
[2025-02-04T16:40:59.394+0000] {processor.py:925} INFO - DAG(s) 'example_workday_timetable' retrieved from /home/airflow/.local/lib/python3.9/site-packages/airflow/example_dags/example_workday_timetable.py
[2025-02-04T16:40:59.415+0000] {logging_mixin.py:190} INFO - [2025-02-04T16:40:59.415+0000] {dag.py:3239} INFO - Sync 1 DAGs
[2025-02-04T16:40:59.469+0000] {logging_mixin.py:190} INFO - [2025-02-04T16:40:59.469+0000] {dag.py:4180} INFO - Setting next_dagrun for example_workday_timetable to 2021-01-04 00:00:00+00:00, run_after=2021-01-05 00:00:00+00:00
[2025-02-04T16:40:59.496+0000] {processor.py:208} INFO - Processing /home/airflow/.local/lib/python3.9/site-packages/airflow/example_dags/example_workday_timetable.py took 0.118 seconds
[2025-02-04T16:41:30.736+0000] {processor.py:186} INFO - Started process (PID=2182) to work on /home/airflow/.local/lib/python3.9/site-packages/airflow/example_dags/example_workday_timetable.py
[2025-02-04T16:41:30.737+0000] {processor.py:914} INFO - Processing file /home/airflow/.local/lib/python3.9/site-packages/airflow/example_dags/example_workday_timetable.py for tasks to queue
[2025-02-04T16:41:30.738+0000] {logging_mixin.py:190} INFO - [2025-02-04T16:41:30.738+0000] {dagbag.py:588} INFO - Filling up the DagBag from /home/airflow/.local/lib/python3.9/site-packages/airflow/example_dags/example_workday_timetable.py
[2025-02-04T16:41:30.745+0000] {processor.py:925} INFO - DAG(s) 'example_workday_timetable' retrieved from /home/airflow/.local/lib/python3.9/site-packages/airflow/example_dags/example_workday_timetable.py
[2025-02-04T16:41:30.764+0000] {logging_mixin.py:190} INFO - [2025-02-04T16:41:30.764+0000] {dag.py:3239} INFO - Sync 1 DAGs
[2025-02-04T16:41:30.821+0000] {logging_mixin.py:190} INFO - [2025-02-04T16:41:30.821+0000] {dag.py:4180} INFO - Setting next_dagrun for example_workday_timetable to 2021-01-04 00:00:00+00:00, run_after=2021-01-05 00:00:00+00:00
[2025-02-04T16:41:30.846+0000] {processor.py:208} INFO - Processing /home/airflow/.local/lib/python3.9/site-packages/airflow/example_dags/example_workday_timetable.py took 0.116 seconds
[2025-02-04T16:42:01.944+0000] {processor.py:186} INFO - Started process (PID=2246) to work on /home/airflow/.local/lib/python3.9/site-packages/airflow/example_dags/example_workday_timetable.py
[2025-02-04T16:42:01.945+0000] {processor.py:914} INFO - Processing file /home/airflow/.local/lib/python3.9/site-packages/airflow/example_dags/example_workday_timetable.py for tasks to queue
[2025-02-04T16:42:01.946+0000] {logging_mixin.py:190} INFO - [2025-02-04T16:42:01.946+0000] {dagbag.py:588} INFO - Filling up the DagBag from /home/airflow/.local/lib/python3.9/site-packages/airflow/example_dags/example_workday_timetable.py
[2025-02-04T16:42:01.952+0000] {processor.py:925} INFO - DAG(s) 'example_workday_timetable' retrieved from /home/airflow/.local/lib/python3.9/site-packages/airflow/example_dags/example_workday_timetable.py
[2025-02-04T16:42:01.975+0000] {logging_mixin.py:190} INFO - [2025-02-04T16:42:01.975+0000] {dag.py:3239} INFO - Sync 1 DAGs
[2025-02-04T16:42:02.027+0000] {logging_mixin.py:190} INFO - [2025-02-04T16:42:02.027+0000] {dag.py:4180} INFO - Setting next_dagrun for example_workday_timetable to 2021-01-04 00:00:00+00:00, run_after=2021-01-05 00:00:00+00:00
[2025-02-04T16:42:02.055+0000] {processor.py:208} INFO - Processing /home/airflow/.local/lib/python3.9/site-packages/airflow/example_dags/example_workday_timetable.py took 0.118 seconds
[2025-02-04T16:42:32.487+0000] {processor.py:186} INFO - Started process (PID=2311) to work on /home/airflow/.local/lib/python3.9/site-packages/airflow/example_dags/example_workday_timetable.py
[2025-02-04T16:42:32.489+0000] {processor.py:914} INFO - Processing file /home/airflow/.local/lib/python3.9/site-packages/airflow/example_dags/example_workday_timetable.py for tasks to queue
[2025-02-04T16:42:32.490+0000] {logging_mixin.py:190} INFO - [2025-02-04T16:42:32.490+0000] {dagbag.py:588} INFO - Filling up the DagBag from /home/airflow/.local/lib/python3.9/site-packages/airflow/example_dags/example_workday_timetable.py
[2025-02-04T16:42:32.496+0000] {processor.py:925} INFO - DAG(s) 'example_workday_timetable' retrieved from /home/airflow/.local/lib/python3.9/site-packages/airflow/example_dags/example_workday_timetable.py
[2025-02-04T16:42:32.520+0000] {logging_mixin.py:190} INFO - [2025-02-04T16:42:32.519+0000] {dag.py:3239} INFO - Sync 1 DAGs
[2025-02-04T16:42:32.594+0000] {logging_mixin.py:190} INFO - [2025-02-04T16:42:32.594+0000] {dag.py:4180} INFO - Setting next_dagrun for example_workday_timetable to 2021-01-04 00:00:00+00:00, run_after=2021-01-05 00:00:00+00:00
[2025-02-04T16:42:32.627+0000] {processor.py:208} INFO - Processing /home/airflow/.local/lib/python3.9/site-packages/airflow/example_dags/example_workday_timetable.py took 0.147 seconds
[2025-02-04T16:43:02.880+0000] {processor.py:186} INFO - Started process (PID=2375) to work on /home/airflow/.local/lib/python3.9/site-packages/airflow/example_dags/example_workday_timetable.py
[2025-02-04T16:43:02.881+0000] {processor.py:914} INFO - Processing file /home/airflow/.local/lib/python3.9/site-packages/airflow/example_dags/example_workday_timetable.py for tasks to queue
[2025-02-04T16:43:02.883+0000] {logging_mixin.py:190} INFO - [2025-02-04T16:43:02.882+0000] {dagbag.py:588} INFO - Filling up the DagBag from /home/airflow/.local/lib/python3.9/site-packages/airflow/example_dags/example_workday_timetable.py
[2025-02-04T16:43:02.890+0000] {processor.py:925} INFO - DAG(s) 'example_workday_timetable' retrieved from /home/airflow/.local/lib/python3.9/site-packages/airflow/example_dags/example_workday_timetable.py
[2025-02-04T16:43:02.914+0000] {logging_mixin.py:190} INFO - [2025-02-04T16:43:02.914+0000] {dag.py:3239} INFO - Sync 1 DAGs
[2025-02-04T16:43:02.984+0000] {logging_mixin.py:190} INFO - [2025-02-04T16:43:02.984+0000] {dag.py:4180} INFO - Setting next_dagrun for example_workday_timetable to 2021-01-04 00:00:00+00:00, run_after=2021-01-05 00:00:00+00:00
[2025-02-04T16:43:03.011+0000] {processor.py:208} INFO - Processing /home/airflow/.local/lib/python3.9/site-packages/airflow/example_dags/example_workday_timetable.py took 0.139 seconds
[2025-02-04T16:43:33.564+0000] {processor.py:186} INFO - Started process (PID=2439) to work on /home/airflow/.local/lib/python3.9/site-packages/airflow/example_dags/example_workday_timetable.py
[2025-02-04T16:43:33.566+0000] {processor.py:914} INFO - Processing file /home/airflow/.local/lib/python3.9/site-packages/airflow/example_dags/example_workday_timetable.py for tasks to queue
[2025-02-04T16:43:33.567+0000] {logging_mixin.py:190} INFO - [2025-02-04T16:43:33.567+0000] {dagbag.py:588} INFO - Filling up the DagBag from /home/airflow/.local/lib/python3.9/site-packages/airflow/example_dags/example_workday_timetable.py
[2025-02-04T16:43:33.574+0000] {processor.py:925} INFO - DAG(s) 'example_workday_timetable' retrieved from /home/airflow/.local/lib/python3.9/site-packages/airflow/example_dags/example_workday_timetable.py
[2025-02-04T16:43:33.601+0000] {logging_mixin.py:190} INFO - [2025-02-04T16:43:33.601+0000] {dag.py:3239} INFO - Sync 1 DAGs
[2025-02-04T16:43:33.657+0000] {logging_mixin.py:190} INFO - [2025-02-04T16:43:33.657+0000] {dag.py:4180} INFO - Setting next_dagrun for example_workday_timetable to 2021-01-04 00:00:00+00:00, run_after=2021-01-05 00:00:00+00:00
[2025-02-04T16:43:33.685+0000] {processor.py:208} INFO - Processing /home/airflow/.local/lib/python3.9/site-packages/airflow/example_dags/example_workday_timetable.py took 0.129 seconds
[2025-02-04T16:44:04.155+0000] {processor.py:186} INFO - Started process (PID=2503) to work on /home/airflow/.local/lib/python3.9/site-packages/airflow/example_dags/example_workday_timetable.py
[2025-02-04T16:44:04.156+0000] {processor.py:914} INFO - Processing file /home/airflow/.local/lib/python3.9/site-packages/airflow/example_dags/example_workday_timetable.py for tasks to queue
[2025-02-04T16:44:04.159+0000] {logging_mixin.py:190} INFO - [2025-02-04T16:44:04.158+0000] {dagbag.py:588} INFO - Filling up the DagBag from /home/airflow/.local/lib/python3.9/site-packages/airflow/example_dags/example_workday_timetable.py
[2025-02-04T16:44:04.174+0000] {processor.py:925} INFO - DAG(s) 'example_workday_timetable' retrieved from /home/airflow/.local/lib/python3.9/site-packages/airflow/example_dags/example_workday_timetable.py
[2025-02-04T16:44:04.213+0000] {logging_mixin.py:190} INFO - [2025-02-04T16:44:04.212+0000] {dag.py:3239} INFO - Sync 1 DAGs
[2025-02-04T16:44:04.285+0000] {logging_mixin.py:190} INFO - [2025-02-04T16:44:04.285+0000] {dag.py:4180} INFO - Setting next_dagrun for example_workday_timetable to 2021-01-04 00:00:00+00:00, run_after=2021-01-05 00:00:00+00:00
[2025-02-04T16:44:04.312+0000] {processor.py:208} INFO - Processing /home/airflow/.local/lib/python3.9/site-packages/airflow/example_dags/example_workday_timetable.py took 0.166 seconds
[2025-02-04T16:44:34.471+0000] {processor.py:186} INFO - Started process (PID=2567) to work on /home/airflow/.local/lib/python3.9/site-packages/airflow/example_dags/example_workday_timetable.py
[2025-02-04T16:44:34.473+0000] {processor.py:914} INFO - Processing file /home/airflow/.local/lib/python3.9/site-packages/airflow/example_dags/example_workday_timetable.py for tasks to queue
[2025-02-04T16:44:34.475+0000] {logging_mixin.py:190} INFO - [2025-02-04T16:44:34.474+0000] {dagbag.py:588} INFO - Filling up the DagBag from /home/airflow/.local/lib/python3.9/site-packages/airflow/example_dags/example_workday_timetable.py
[2025-02-04T16:44:34.482+0000] {processor.py:925} INFO - DAG(s) 'example_workday_timetable' retrieved from /home/airflow/.local/lib/python3.9/site-packages/airflow/example_dags/example_workday_timetable.py
[2025-02-04T16:44:34.504+0000] {logging_mixin.py:190} INFO - [2025-02-04T16:44:34.504+0000] {dag.py:3239} INFO - Sync 1 DAGs
[2025-02-04T16:44:34.555+0000] {logging_mixin.py:190} INFO - [2025-02-04T16:44:34.555+0000] {dag.py:4180} INFO - Setting next_dagrun for example_workday_timetable to 2021-01-04 00:00:00+00:00, run_after=2021-01-05 00:00:00+00:00
[2025-02-04T16:44:34.583+0000] {processor.py:208} INFO - Processing /home/airflow/.local/lib/python3.9/site-packages/airflow/example_dags/example_workday_timetable.py took 0.120 seconds
[2025-02-04T16:45:05.006+0000] {processor.py:186} INFO - Started process (PID=2638) to work on /home/airflow/.local/lib/python3.9/site-packages/airflow/example_dags/example_workday_timetable.py
[2025-02-04T16:45:05.008+0000] {processor.py:914} INFO - Processing file /home/airflow/.local/lib/python3.9/site-packages/airflow/example_dags/example_workday_timetable.py for tasks to queue
[2025-02-04T16:45:05.010+0000] {logging_mixin.py:190} INFO - [2025-02-04T16:45:05.009+0000] {dagbag.py:588} INFO - Filling up the DagBag from /home/airflow/.local/lib/python3.9/site-packages/airflow/example_dags/example_workday_timetable.py
[2025-02-04T16:45:05.017+0000] {processor.py:925} INFO - DAG(s) 'example_workday_timetable' retrieved from /home/airflow/.local/lib/python3.9/site-packages/airflow/example_dags/example_workday_timetable.py
[2025-02-04T16:45:05.038+0000] {logging_mixin.py:190} INFO - [2025-02-04T16:45:05.038+0000] {dag.py:3239} INFO - Sync 1 DAGs
[2025-02-04T16:45:05.092+0000] {logging_mixin.py:190} INFO - [2025-02-04T16:45:05.092+0000] {dag.py:4180} INFO - Setting next_dagrun for example_workday_timetable to 2021-01-04 00:00:00+00:00, run_after=2021-01-05 00:00:00+00:00
[2025-02-04T16:45:05.121+0000] {processor.py:208} INFO - Processing /home/airflow/.local/lib/python3.9/site-packages/airflow/example_dags/example_workday_timetable.py took 0.121 seconds
[2025-02-04T16:45:35.561+0000] {processor.py:186} INFO - Started process (PID=2704) to work on /home/airflow/.local/lib/python3.9/site-packages/airflow/example_dags/example_workday_timetable.py
[2025-02-04T16:45:35.563+0000] {processor.py:914} INFO - Processing file /home/airflow/.local/lib/python3.9/site-packages/airflow/example_dags/example_workday_timetable.py for tasks to queue
[2025-02-04T16:45:35.564+0000] {logging_mixin.py:190} INFO - [2025-02-04T16:45:35.564+0000] {dagbag.py:588} INFO - Filling up the DagBag from /home/airflow/.local/lib/python3.9/site-packages/airflow/example_dags/example_workday_timetable.py
[2025-02-04T16:45:35.571+0000] {processor.py:925} INFO - DAG(s) 'example_workday_timetable' retrieved from /home/airflow/.local/lib/python3.9/site-packages/airflow/example_dags/example_workday_timetable.py
[2025-02-04T16:45:35.596+0000] {logging_mixin.py:190} INFO - [2025-02-04T16:45:35.596+0000] {dag.py:3239} INFO - Sync 1 DAGs
[2025-02-04T16:45:35.670+0000] {logging_mixin.py:190} INFO - [2025-02-04T16:45:35.669+0000] {dag.py:4180} INFO - Setting next_dagrun for example_workday_timetable to 2021-01-04 00:00:00+00:00, run_after=2021-01-05 00:00:00+00:00
[2025-02-04T16:45:35.694+0000] {processor.py:208} INFO - Processing /home/airflow/.local/lib/python3.9/site-packages/airflow/example_dags/example_workday_timetable.py took 0.140 seconds
[2025-02-04T16:46:06.824+0000] {processor.py:186} INFO - Started process (PID=2768) to work on /home/airflow/.local/lib/python3.9/site-packages/airflow/example_dags/example_workday_timetable.py
[2025-02-04T16:46:06.826+0000] {processor.py:914} INFO - Processing file /home/airflow/.local/lib/python3.9/site-packages/airflow/example_dags/example_workday_timetable.py for tasks to queue
[2025-02-04T16:46:06.828+0000] {logging_mixin.py:190} INFO - [2025-02-04T16:46:06.827+0000] {dagbag.py:588} INFO - Filling up the DagBag from /home/airflow/.local/lib/python3.9/site-packages/airflow/example_dags/example_workday_timetable.py
[2025-02-04T16:46:06.834+0000] {processor.py:925} INFO - DAG(s) 'example_workday_timetable' retrieved from /home/airflow/.local/lib/python3.9/site-packages/airflow/example_dags/example_workday_timetable.py
[2025-02-04T16:46:06.857+0000] {logging_mixin.py:190} INFO - [2025-02-04T16:46:06.857+0000] {dag.py:3239} INFO - Sync 1 DAGs
[2025-02-04T16:46:06.914+0000] {logging_mixin.py:190} INFO - [2025-02-04T16:46:06.914+0000] {dag.py:4180} INFO - Setting next_dagrun for example_workday_timetable to 2021-01-04 00:00:00+00:00, run_after=2021-01-05 00:00:00+00:00
[2025-02-04T16:46:06.942+0000] {processor.py:208} INFO - Processing /home/airflow/.local/lib/python3.9/site-packages/airflow/example_dags/example_workday_timetable.py took 0.124 seconds
[2025-02-04T16:46:37.393+0000] {processor.py:186} INFO - Started process (PID=2832) to work on /home/airflow/.local/lib/python3.9/site-packages/airflow/example_dags/example_workday_timetable.py
[2025-02-04T16:46:37.394+0000] {processor.py:914} INFO - Processing file /home/airflow/.local/lib/python3.9/site-packages/airflow/example_dags/example_workday_timetable.py for tasks to queue
[2025-02-04T16:46:37.396+0000] {logging_mixin.py:190} INFO - [2025-02-04T16:46:37.395+0000] {dagbag.py:588} INFO - Filling up the DagBag from /home/airflow/.local/lib/python3.9/site-packages/airflow/example_dags/example_workday_timetable.py
[2025-02-04T16:46:37.404+0000] {processor.py:925} INFO - DAG(s) 'example_workday_timetable' retrieved from /home/airflow/.local/lib/python3.9/site-packages/airflow/example_dags/example_workday_timetable.py
[2025-02-04T16:46:37.429+0000] {logging_mixin.py:190} INFO - [2025-02-04T16:46:37.429+0000] {dag.py:3239} INFO - Sync 1 DAGs
[2025-02-04T16:46:37.488+0000] {logging_mixin.py:190} INFO - [2025-02-04T16:46:37.488+0000] {dag.py:4180} INFO - Setting next_dagrun for example_workday_timetable to 2021-01-04 00:00:00+00:00, run_after=2021-01-05 00:00:00+00:00
[2025-02-04T16:46:37.517+0000] {processor.py:208} INFO - Processing /home/airflow/.local/lib/python3.9/site-packages/airflow/example_dags/example_workday_timetable.py took 0.131 seconds
[2025-02-04T16:47:12.386+0000] {processor.py:186} INFO - Started process (PID=2896) to work on /home/airflow/.local/lib/python3.9/site-packages/airflow/example_dags/example_workday_timetable.py
[2025-02-04T16:47:12.387+0000] {processor.py:914} INFO - Processing file /home/airflow/.local/lib/python3.9/site-packages/airflow/example_dags/example_workday_timetable.py for tasks to queue
[2025-02-04T16:47:12.389+0000] {logging_mixin.py:190} INFO - [2025-02-04T16:47:12.388+0000] {dagbag.py:588} INFO - Filling up the DagBag from /home/airflow/.local/lib/python3.9/site-packages/airflow/example_dags/example_workday_timetable.py
[2025-02-04T16:47:12.403+0000] {processor.py:925} INFO - DAG(s) 'example_workday_timetable' retrieved from /home/airflow/.local/lib/python3.9/site-packages/airflow/example_dags/example_workday_timetable.py
[2025-02-04T16:47:12.429+0000] {logging_mixin.py:190} INFO - [2025-02-04T16:47:12.429+0000] {dag.py:3239} INFO - Sync 1 DAGs
[2025-02-04T16:47:12.508+0000] {logging_mixin.py:190} INFO - [2025-02-04T16:47:12.508+0000] {dag.py:4180} INFO - Setting next_dagrun for example_workday_timetable to 2021-01-04 00:00:00+00:00, run_after=2021-01-05 00:00:00+00:00
[2025-02-04T16:47:12.538+0000] {processor.py:208} INFO - Processing /home/airflow/.local/lib/python3.9/site-packages/airflow/example_dags/example_workday_timetable.py took 0.160 seconds
