[2025-02-04T16:22:58.972+0000] {processor.py:186} INFO - Started process (PID=125) to work on /home/airflow/.local/lib/python3.9/site-packages/airflow/example_dags/example_branch_labels.py
[2025-02-04T16:22:58.974+0000] {processor.py:914} INFO - Processing file /home/airflow/.local/lib/python3.9/site-packages/airflow/example_dags/example_branch_labels.py for tasks to queue
[2025-02-04T16:22:58.978+0000] {logging_mixin.py:190} INFO - [2025-02-04T16:22:58.977+0000] {dagbag.py:588} INFO - Filling up the DagBag from /home/airflow/.local/lib/python3.9/site-packages/airflow/example_dags/example_branch_labels.py
[2025-02-04T16:22:59.062+0000] {processor.py:925} INFO - DAG(s) 'example_branch_labels' retrieved from /home/airflow/.local/lib/python3.9/site-packages/airflow/example_dags/example_branch_labels.py
[2025-02-04T16:22:59.180+0000] {logging_mixin.py:190} INFO - [2025-02-04T16:22:59.179+0000] {override.py:1912} INFO - Created Permission View: can delete on DAG:example_branch_labels
[2025-02-04T16:22:59.197+0000] {logging_mixin.py:190} INFO - [2025-02-04T16:22:59.196+0000] {override.py:1912} INFO - Created Permission View: can edit on DAG:example_branch_labels
[2025-02-04T16:22:59.210+0000] {logging_mixin.py:190} INFO - [2025-02-04T16:22:59.210+0000] {override.py:1912} INFO - Created Permission View: can read on DAG:example_branch_labels
[2025-02-04T16:22:59.233+0000] {logging_mixin.py:190} INFO - [2025-02-04T16:22:59.232+0000] {override.py:1912} INFO - Created Permission View: can delete on DAG Run:example_branch_labels
[2025-02-04T16:22:59.248+0000] {logging_mixin.py:190} INFO - [2025-02-04T16:22:59.247+0000] {override.py:1912} INFO - Created Permission View: menu access on DAG Run:example_branch_labels
[2025-02-04T16:22:59.262+0000] {logging_mixin.py:190} INFO - [2025-02-04T16:22:59.261+0000] {override.py:1912} INFO - Created Permission View: can read on DAG Run:example_branch_labels
[2025-02-04T16:22:59.276+0000] {logging_mixin.py:190} INFO - [2025-02-04T16:22:59.276+0000] {override.py:1912} INFO - Created Permission View: can create on DAG Run:example_branch_labels
[2025-02-04T16:22:59.278+0000] {logging_mixin.py:190} INFO - [2025-02-04T16:22:59.277+0000] {dag.py:3239} INFO - Sync 1 DAGs
[2025-02-04T16:22:59.294+0000] {logging_mixin.py:190} INFO - [2025-02-04T16:22:59.294+0000] {dag.py:3262} INFO - Creating ORM DAG for example_branch_labels
[2025-02-04T16:22:59.306+0000] {logging_mixin.py:190} INFO - [2025-02-04T16:22:59.306+0000] {dag.py:4180} INFO - Setting next_dagrun for example_branch_labels to 2025-02-03 00:00:00+00:00, run_after=2025-02-04 00:00:00+00:00
[2025-02-04T16:22:59.330+0000] {processor.py:208} INFO - Processing /home/airflow/.local/lib/python3.9/site-packages/airflow/example_dags/example_branch_labels.py took 0.369 seconds
[2025-02-04T16:23:34.250+0000] {processor.py:186} INFO - Started process (PID=189) to work on /home/airflow/.local/lib/python3.9/site-packages/airflow/example_dags/example_branch_labels.py
[2025-02-04T16:23:34.252+0000] {processor.py:914} INFO - Processing file /home/airflow/.local/lib/python3.9/site-packages/airflow/example_dags/example_branch_labels.py for tasks to queue
[2025-02-04T16:23:34.255+0000] {logging_mixin.py:190} INFO - [2025-02-04T16:23:34.255+0000] {dagbag.py:588} INFO - Filling up the DagBag from /home/airflow/.local/lib/python3.9/site-packages/airflow/example_dags/example_branch_labels.py
[2025-02-04T16:23:34.265+0000] {processor.py:925} INFO - DAG(s) 'example_branch_labels' retrieved from /home/airflow/.local/lib/python3.9/site-packages/airflow/example_dags/example_branch_labels.py
[2025-02-04T16:23:34.288+0000] {logging_mixin.py:190} INFO - [2025-02-04T16:23:34.287+0000] {dag.py:3239} INFO - Sync 1 DAGs
[2025-02-04T16:23:34.311+0000] {logging_mixin.py:190} INFO - [2025-02-04T16:23:34.311+0000] {dag.py:4180} INFO - Setting next_dagrun for example_branch_labels to 2025-02-03 00:00:00+00:00, run_after=2025-02-04 00:00:00+00:00
[2025-02-04T16:23:34.337+0000] {processor.py:208} INFO - Processing /home/airflow/.local/lib/python3.9/site-packages/airflow/example_dags/example_branch_labels.py took 0.093 seconds
[2025-02-04T16:24:04.748+0000] {processor.py:186} INFO - Started process (PID=251) to work on /home/airflow/.local/lib/python3.9/site-packages/airflow/example_dags/example_branch_labels.py
[2025-02-04T16:24:04.749+0000] {processor.py:914} INFO - Processing file /home/airflow/.local/lib/python3.9/site-packages/airflow/example_dags/example_branch_labels.py for tasks to queue
[2025-02-04T16:24:04.753+0000] {logging_mixin.py:190} INFO - [2025-02-04T16:24:04.752+0000] {dagbag.py:588} INFO - Filling up the DagBag from /home/airflow/.local/lib/python3.9/site-packages/airflow/example_dags/example_branch_labels.py
[2025-02-04T16:24:04.764+0000] {processor.py:925} INFO - DAG(s) 'example_branch_labels' retrieved from /home/airflow/.local/lib/python3.9/site-packages/airflow/example_dags/example_branch_labels.py
[2025-02-04T16:24:04.788+0000] {logging_mixin.py:190} INFO - [2025-02-04T16:24:04.788+0000] {dag.py:3239} INFO - Sync 1 DAGs
[2025-02-04T16:24:04.814+0000] {logging_mixin.py:190} INFO - [2025-02-04T16:24:04.814+0000] {dag.py:4180} INFO - Setting next_dagrun for example_branch_labels to 2025-02-03 00:00:00+00:00, run_after=2025-02-04 00:00:00+00:00
[2025-02-04T16:24:04.842+0000] {processor.py:208} INFO - Processing /home/airflow/.local/lib/python3.9/site-packages/airflow/example_dags/example_branch_labels.py took 0.101 seconds
[2025-02-04T16:24:35.588+0000] {processor.py:186} INFO - Started process (PID=315) to work on /home/airflow/.local/lib/python3.9/site-packages/airflow/example_dags/example_branch_labels.py
[2025-02-04T16:24:35.590+0000] {processor.py:914} INFO - Processing file /home/airflow/.local/lib/python3.9/site-packages/airflow/example_dags/example_branch_labels.py for tasks to queue
[2025-02-04T16:24:35.593+0000] {logging_mixin.py:190} INFO - [2025-02-04T16:24:35.593+0000] {dagbag.py:588} INFO - Filling up the DagBag from /home/airflow/.local/lib/python3.9/site-packages/airflow/example_dags/example_branch_labels.py
[2025-02-04T16:24:35.604+0000] {processor.py:925} INFO - DAG(s) 'example_branch_labels' retrieved from /home/airflow/.local/lib/python3.9/site-packages/airflow/example_dags/example_branch_labels.py
[2025-02-04T16:24:35.628+0000] {logging_mixin.py:190} INFO - [2025-02-04T16:24:35.628+0000] {dag.py:3239} INFO - Sync 1 DAGs
[2025-02-04T16:24:35.656+0000] {logging_mixin.py:190} INFO - [2025-02-04T16:24:35.656+0000] {dag.py:4180} INFO - Setting next_dagrun for example_branch_labels to 2025-02-03 00:00:00+00:00, run_after=2025-02-04 00:00:00+00:00
[2025-02-04T16:24:35.683+0000] {processor.py:208} INFO - Processing /home/airflow/.local/lib/python3.9/site-packages/airflow/example_dags/example_branch_labels.py took 0.102 seconds
[2025-02-04T16:25:06.235+0000] {processor.py:186} INFO - Started process (PID=379) to work on /home/airflow/.local/lib/python3.9/site-packages/airflow/example_dags/example_branch_labels.py
[2025-02-04T16:25:06.236+0000] {processor.py:914} INFO - Processing file /home/airflow/.local/lib/python3.9/site-packages/airflow/example_dags/example_branch_labels.py for tasks to queue
[2025-02-04T16:25:06.239+0000] {logging_mixin.py:190} INFO - [2025-02-04T16:25:06.239+0000] {dagbag.py:588} INFO - Filling up the DagBag from /home/airflow/.local/lib/python3.9/site-packages/airflow/example_dags/example_branch_labels.py
[2025-02-04T16:25:06.249+0000] {processor.py:925} INFO - DAG(s) 'example_branch_labels' retrieved from /home/airflow/.local/lib/python3.9/site-packages/airflow/example_dags/example_branch_labels.py
[2025-02-04T16:25:06.274+0000] {logging_mixin.py:190} INFO - [2025-02-04T16:25:06.274+0000] {dag.py:3239} INFO - Sync 1 DAGs
[2025-02-04T16:25:06.309+0000] {logging_mixin.py:190} INFO - [2025-02-04T16:25:06.308+0000] {dag.py:4180} INFO - Setting next_dagrun for example_branch_labels to 2025-02-03 00:00:00+00:00, run_after=2025-02-04 00:00:00+00:00
[2025-02-04T16:25:06.343+0000] {processor.py:208} INFO - Processing /home/airflow/.local/lib/python3.9/site-packages/airflow/example_dags/example_branch_labels.py took 0.115 seconds
[2025-02-04T16:25:36.650+0000] {processor.py:186} INFO - Started process (PID=443) to work on /home/airflow/.local/lib/python3.9/site-packages/airflow/example_dags/example_branch_labels.py
[2025-02-04T16:25:36.651+0000] {processor.py:914} INFO - Processing file /home/airflow/.local/lib/python3.9/site-packages/airflow/example_dags/example_branch_labels.py for tasks to queue
[2025-02-04T16:25:36.653+0000] {logging_mixin.py:190} INFO - [2025-02-04T16:25:36.653+0000] {dagbag.py:588} INFO - Filling up the DagBag from /home/airflow/.local/lib/python3.9/site-packages/airflow/example_dags/example_branch_labels.py
[2025-02-04T16:25:36.664+0000] {processor.py:925} INFO - DAG(s) 'example_branch_labels' retrieved from /home/airflow/.local/lib/python3.9/site-packages/airflow/example_dags/example_branch_labels.py
[2025-02-04T16:25:36.685+0000] {logging_mixin.py:190} INFO - [2025-02-04T16:25:36.684+0000] {dag.py:3239} INFO - Sync 1 DAGs
[2025-02-04T16:25:36.711+0000] {logging_mixin.py:190} INFO - [2025-02-04T16:25:36.711+0000] {dag.py:4180} INFO - Setting next_dagrun for example_branch_labels to 2025-02-03 00:00:00+00:00, run_after=2025-02-04 00:00:00+00:00
[2025-02-04T16:25:36.741+0000] {processor.py:208} INFO - Processing /home/airflow/.local/lib/python3.9/site-packages/airflow/example_dags/example_branch_labels.py took 0.099 seconds
[2025-02-04T16:26:06.965+0000] {processor.py:186} INFO - Started process (PID=514) to work on /home/airflow/.local/lib/python3.9/site-packages/airflow/example_dags/example_branch_labels.py
[2025-02-04T16:26:06.966+0000] {processor.py:914} INFO - Processing file /home/airflow/.local/lib/python3.9/site-packages/airflow/example_dags/example_branch_labels.py for tasks to queue
[2025-02-04T16:26:06.969+0000] {logging_mixin.py:190} INFO - [2025-02-04T16:26:06.969+0000] {dagbag.py:588} INFO - Filling up the DagBag from /home/airflow/.local/lib/python3.9/site-packages/airflow/example_dags/example_branch_labels.py
[2025-02-04T16:26:06.981+0000] {processor.py:925} INFO - DAG(s) 'example_branch_labels' retrieved from /home/airflow/.local/lib/python3.9/site-packages/airflow/example_dags/example_branch_labels.py
[2025-02-04T16:26:07.006+0000] {logging_mixin.py:190} INFO - [2025-02-04T16:26:07.005+0000] {dag.py:3239} INFO - Sync 1 DAGs
[2025-02-04T16:26:07.031+0000] {logging_mixin.py:190} INFO - [2025-02-04T16:26:07.030+0000] {dag.py:4180} INFO - Setting next_dagrun for example_branch_labels to 2025-02-03 00:00:00+00:00, run_after=2025-02-04 00:00:00+00:00
[2025-02-04T16:26:07.059+0000] {processor.py:208} INFO - Processing /home/airflow/.local/lib/python3.9/site-packages/airflow/example_dags/example_branch_labels.py took 0.100 seconds
[2025-02-04T16:26:38.430+0000] {processor.py:186} INFO - Started process (PID=578) to work on /home/airflow/.local/lib/python3.9/site-packages/airflow/example_dags/example_branch_labels.py
[2025-02-04T16:26:38.431+0000] {processor.py:914} INFO - Processing file /home/airflow/.local/lib/python3.9/site-packages/airflow/example_dags/example_branch_labels.py for tasks to queue
[2025-02-04T16:26:38.434+0000] {logging_mixin.py:190} INFO - [2025-02-04T16:26:38.433+0000] {dagbag.py:588} INFO - Filling up the DagBag from /home/airflow/.local/lib/python3.9/site-packages/airflow/example_dags/example_branch_labels.py
[2025-02-04T16:26:38.444+0000] {processor.py:925} INFO - DAG(s) 'example_branch_labels' retrieved from /home/airflow/.local/lib/python3.9/site-packages/airflow/example_dags/example_branch_labels.py
[2025-02-04T16:26:38.468+0000] {logging_mixin.py:190} INFO - [2025-02-04T16:26:38.468+0000] {dag.py:3239} INFO - Sync 1 DAGs
[2025-02-04T16:26:38.491+0000] {logging_mixin.py:190} INFO - [2025-02-04T16:26:38.491+0000] {dag.py:4180} INFO - Setting next_dagrun for example_branch_labels to 2025-02-03 00:00:00+00:00, run_after=2025-02-04 00:00:00+00:00
[2025-02-04T16:26:38.517+0000] {processor.py:208} INFO - Processing /home/airflow/.local/lib/python3.9/site-packages/airflow/example_dags/example_branch_labels.py took 0.093 seconds
[2025-02-04T16:27:09.282+0000] {processor.py:186} INFO - Started process (PID=642) to work on /home/airflow/.local/lib/python3.9/site-packages/airflow/example_dags/example_branch_labels.py
[2025-02-04T16:27:09.284+0000] {processor.py:914} INFO - Processing file /home/airflow/.local/lib/python3.9/site-packages/airflow/example_dags/example_branch_labels.py for tasks to queue
[2025-02-04T16:27:09.287+0000] {logging_mixin.py:190} INFO - [2025-02-04T16:27:09.286+0000] {dagbag.py:588} INFO - Filling up the DagBag from /home/airflow/.local/lib/python3.9/site-packages/airflow/example_dags/example_branch_labels.py
[2025-02-04T16:27:09.296+0000] {processor.py:925} INFO - DAG(s) 'example_branch_labels' retrieved from /home/airflow/.local/lib/python3.9/site-packages/airflow/example_dags/example_branch_labels.py
[2025-02-04T16:27:09.319+0000] {logging_mixin.py:190} INFO - [2025-02-04T16:27:09.318+0000] {dag.py:3239} INFO - Sync 1 DAGs
[2025-02-04T16:27:09.343+0000] {logging_mixin.py:190} INFO - [2025-02-04T16:27:09.342+0000] {dag.py:4180} INFO - Setting next_dagrun for example_branch_labels to 2025-02-03 00:00:00+00:00, run_after=2025-02-04 00:00:00+00:00
[2025-02-04T16:27:09.369+0000] {processor.py:208} INFO - Processing /home/airflow/.local/lib/python3.9/site-packages/airflow/example_dags/example_branch_labels.py took 0.093 seconds
[2025-02-04T16:27:40.173+0000] {processor.py:186} INFO - Started process (PID=706) to work on /home/airflow/.local/lib/python3.9/site-packages/airflow/example_dags/example_branch_labels.py
[2025-02-04T16:27:40.174+0000] {processor.py:914} INFO - Processing file /home/airflow/.local/lib/python3.9/site-packages/airflow/example_dags/example_branch_labels.py for tasks to queue
[2025-02-04T16:27:40.177+0000] {logging_mixin.py:190} INFO - [2025-02-04T16:27:40.177+0000] {dagbag.py:588} INFO - Filling up the DagBag from /home/airflow/.local/lib/python3.9/site-packages/airflow/example_dags/example_branch_labels.py
[2025-02-04T16:27:40.187+0000] {processor.py:925} INFO - DAG(s) 'example_branch_labels' retrieved from /home/airflow/.local/lib/python3.9/site-packages/airflow/example_dags/example_branch_labels.py
[2025-02-04T16:27:40.209+0000] {logging_mixin.py:190} INFO - [2025-02-04T16:27:40.208+0000] {dag.py:3239} INFO - Sync 1 DAGs
[2025-02-04T16:27:40.234+0000] {logging_mixin.py:190} INFO - [2025-02-04T16:27:40.234+0000] {dag.py:4180} INFO - Setting next_dagrun for example_branch_labels to 2025-02-03 00:00:00+00:00, run_after=2025-02-04 00:00:00+00:00
[2025-02-04T16:27:40.259+0000] {processor.py:208} INFO - Processing /home/airflow/.local/lib/python3.9/site-packages/airflow/example_dags/example_branch_labels.py took 0.092 seconds
[2025-02-04T16:28:10.923+0000] {processor.py:186} INFO - Started process (PID=770) to work on /home/airflow/.local/lib/python3.9/site-packages/airflow/example_dags/example_branch_labels.py
[2025-02-04T16:28:10.925+0000] {processor.py:914} INFO - Processing file /home/airflow/.local/lib/python3.9/site-packages/airflow/example_dags/example_branch_labels.py for tasks to queue
[2025-02-04T16:28:10.928+0000] {logging_mixin.py:190} INFO - [2025-02-04T16:28:10.928+0000] {dagbag.py:588} INFO - Filling up the DagBag from /home/airflow/.local/lib/python3.9/site-packages/airflow/example_dags/example_branch_labels.py
[2025-02-04T16:28:10.939+0000] {processor.py:925} INFO - DAG(s) 'example_branch_labels' retrieved from /home/airflow/.local/lib/python3.9/site-packages/airflow/example_dags/example_branch_labels.py
[2025-02-04T16:28:10.968+0000] {logging_mixin.py:190} INFO - [2025-02-04T16:28:10.967+0000] {dag.py:3239} INFO - Sync 1 DAGs
[2025-02-04T16:28:11.006+0000] {logging_mixin.py:190} INFO - [2025-02-04T16:28:11.005+0000] {dag.py:4180} INFO - Setting next_dagrun for example_branch_labels to 2025-02-03 00:00:00+00:00, run_after=2025-02-04 00:00:00+00:00
[2025-02-04T16:28:11.034+0000] {processor.py:208} INFO - Processing /home/airflow/.local/lib/python3.9/site-packages/airflow/example_dags/example_branch_labels.py took 0.118 seconds
[2025-02-04T16:28:41.125+0000] {processor.py:186} INFO - Started process (PID=834) to work on /home/airflow/.local/lib/python3.9/site-packages/airflow/example_dags/example_branch_labels.py
[2025-02-04T16:28:41.126+0000] {processor.py:914} INFO - Processing file /home/airflow/.local/lib/python3.9/site-packages/airflow/example_dags/example_branch_labels.py for tasks to queue
[2025-02-04T16:28:41.130+0000] {logging_mixin.py:190} INFO - [2025-02-04T16:28:41.129+0000] {dagbag.py:588} INFO - Filling up the DagBag from /home/airflow/.local/lib/python3.9/site-packages/airflow/example_dags/example_branch_labels.py
[2025-02-04T16:28:41.140+0000] {processor.py:925} INFO - DAG(s) 'example_branch_labels' retrieved from /home/airflow/.local/lib/python3.9/site-packages/airflow/example_dags/example_branch_labels.py
[2025-02-04T16:28:41.163+0000] {logging_mixin.py:190} INFO - [2025-02-04T16:28:41.162+0000] {dag.py:3239} INFO - Sync 1 DAGs
[2025-02-04T16:28:41.188+0000] {logging_mixin.py:190} INFO - [2025-02-04T16:28:41.188+0000] {dag.py:4180} INFO - Setting next_dagrun for example_branch_labels to 2025-02-03 00:00:00+00:00, run_after=2025-02-04 00:00:00+00:00
[2025-02-04T16:28:41.212+0000] {processor.py:208} INFO - Processing /home/airflow/.local/lib/python3.9/site-packages/airflow/example_dags/example_branch_labels.py took 0.097 seconds
[2025-02-04T16:29:11.412+0000] {processor.py:186} INFO - Started process (PID=898) to work on /home/airflow/.local/lib/python3.9/site-packages/airflow/example_dags/example_branch_labels.py
[2025-02-04T16:29:11.413+0000] {processor.py:914} INFO - Processing file /home/airflow/.local/lib/python3.9/site-packages/airflow/example_dags/example_branch_labels.py for tasks to queue
[2025-02-04T16:29:11.416+0000] {logging_mixin.py:190} INFO - [2025-02-04T16:29:11.416+0000] {dagbag.py:588} INFO - Filling up the DagBag from /home/airflow/.local/lib/python3.9/site-packages/airflow/example_dags/example_branch_labels.py
[2025-02-04T16:29:11.428+0000] {processor.py:925} INFO - DAG(s) 'example_branch_labels' retrieved from /home/airflow/.local/lib/python3.9/site-packages/airflow/example_dags/example_branch_labels.py
[2025-02-04T16:29:11.455+0000] {logging_mixin.py:190} INFO - [2025-02-04T16:29:11.455+0000] {dag.py:3239} INFO - Sync 1 DAGs
[2025-02-04T16:29:11.490+0000] {logging_mixin.py:190} INFO - [2025-02-04T16:29:11.489+0000] {dag.py:4180} INFO - Setting next_dagrun for example_branch_labels to 2025-02-03 00:00:00+00:00, run_after=2025-02-04 00:00:00+00:00
[2025-02-04T16:29:11.518+0000] {processor.py:208} INFO - Processing /home/airflow/.local/lib/python3.9/site-packages/airflow/example_dags/example_branch_labels.py took 0.113 seconds
[2025-02-04T16:29:41.693+0000] {processor.py:186} INFO - Started process (PID=962) to work on /home/airflow/.local/lib/python3.9/site-packages/airflow/example_dags/example_branch_labels.py
[2025-02-04T16:29:41.694+0000] {processor.py:914} INFO - Processing file /home/airflow/.local/lib/python3.9/site-packages/airflow/example_dags/example_branch_labels.py for tasks to queue
[2025-02-04T16:29:41.698+0000] {logging_mixin.py:190} INFO - [2025-02-04T16:29:41.697+0000] {dagbag.py:588} INFO - Filling up the DagBag from /home/airflow/.local/lib/python3.9/site-packages/airflow/example_dags/example_branch_labels.py
[2025-02-04T16:29:41.709+0000] {processor.py:925} INFO - DAG(s) 'example_branch_labels' retrieved from /home/airflow/.local/lib/python3.9/site-packages/airflow/example_dags/example_branch_labels.py
[2025-02-04T16:29:41.737+0000] {logging_mixin.py:190} INFO - [2025-02-04T16:29:41.736+0000] {dag.py:3239} INFO - Sync 1 DAGs
[2025-02-04T16:29:41.763+0000] {logging_mixin.py:190} INFO - [2025-02-04T16:29:41.763+0000] {dag.py:4180} INFO - Setting next_dagrun for example_branch_labels to 2025-02-03 00:00:00+00:00, run_after=2025-02-04 00:00:00+00:00
[2025-02-04T16:29:41.790+0000] {processor.py:208} INFO - Processing /home/airflow/.local/lib/python3.9/site-packages/airflow/example_dags/example_branch_labels.py took 0.104 seconds
[2025-02-04T16:30:12.034+0000] {processor.py:186} INFO - Started process (PID=1026) to work on /home/airflow/.local/lib/python3.9/site-packages/airflow/example_dags/example_branch_labels.py
[2025-02-04T16:30:12.036+0000] {processor.py:914} INFO - Processing file /home/airflow/.local/lib/python3.9/site-packages/airflow/example_dags/example_branch_labels.py for tasks to queue
[2025-02-04T16:30:12.046+0000] {logging_mixin.py:190} INFO - [2025-02-04T16:30:12.041+0000] {dagbag.py:588} INFO - Filling up the DagBag from /home/airflow/.local/lib/python3.9/site-packages/airflow/example_dags/example_branch_labels.py
[2025-02-04T16:30:12.063+0000] {processor.py:925} INFO - DAG(s) 'example_branch_labels' retrieved from /home/airflow/.local/lib/python3.9/site-packages/airflow/example_dags/example_branch_labels.py
[2025-02-04T16:30:12.087+0000] {logging_mixin.py:190} INFO - [2025-02-04T16:30:12.087+0000] {dag.py:3239} INFO - Sync 1 DAGs
[2025-02-04T16:30:12.113+0000] {logging_mixin.py:190} INFO - [2025-02-04T16:30:12.113+0000] {dag.py:4180} INFO - Setting next_dagrun for example_branch_labels to 2025-02-03 00:00:00+00:00, run_after=2025-02-04 00:00:00+00:00
[2025-02-04T16:30:12.139+0000] {processor.py:208} INFO - Processing /home/airflow/.local/lib/python3.9/site-packages/airflow/example_dags/example_branch_labels.py took 0.118 seconds
[2025-02-04T16:30:42.633+0000] {processor.py:186} INFO - Started process (PID=1090) to work on /home/airflow/.local/lib/python3.9/site-packages/airflow/example_dags/example_branch_labels.py
[2025-02-04T16:30:42.634+0000] {processor.py:914} INFO - Processing file /home/airflow/.local/lib/python3.9/site-packages/airflow/example_dags/example_branch_labels.py for tasks to queue
[2025-02-04T16:30:42.637+0000] {logging_mixin.py:190} INFO - [2025-02-04T16:30:42.637+0000] {dagbag.py:588} INFO - Filling up the DagBag from /home/airflow/.local/lib/python3.9/site-packages/airflow/example_dags/example_branch_labels.py
[2025-02-04T16:30:42.648+0000] {processor.py:925} INFO - DAG(s) 'example_branch_labels' retrieved from /home/airflow/.local/lib/python3.9/site-packages/airflow/example_dags/example_branch_labels.py
[2025-02-04T16:30:42.671+0000] {logging_mixin.py:190} INFO - [2025-02-04T16:30:42.671+0000] {dag.py:3239} INFO - Sync 1 DAGs
[2025-02-04T16:30:42.698+0000] {logging_mixin.py:190} INFO - [2025-02-04T16:30:42.698+0000] {dag.py:4180} INFO - Setting next_dagrun for example_branch_labels to 2025-02-03 00:00:00+00:00, run_after=2025-02-04 00:00:00+00:00
[2025-02-04T16:30:42.724+0000] {processor.py:208} INFO - Processing /home/airflow/.local/lib/python3.9/site-packages/airflow/example_dags/example_branch_labels.py took 0.100 seconds
[2025-02-04T16:31:13.454+0000] {processor.py:186} INFO - Started process (PID=1154) to work on /home/airflow/.local/lib/python3.9/site-packages/airflow/example_dags/example_branch_labels.py
[2025-02-04T16:31:13.456+0000] {processor.py:914} INFO - Processing file /home/airflow/.local/lib/python3.9/site-packages/airflow/example_dags/example_branch_labels.py for tasks to queue
[2025-02-04T16:31:13.460+0000] {logging_mixin.py:190} INFO - [2025-02-04T16:31:13.459+0000] {dagbag.py:588} INFO - Filling up the DagBag from /home/airflow/.local/lib/python3.9/site-packages/airflow/example_dags/example_branch_labels.py
[2025-02-04T16:31:13.477+0000] {processor.py:925} INFO - DAG(s) 'example_branch_labels' retrieved from /home/airflow/.local/lib/python3.9/site-packages/airflow/example_dags/example_branch_labels.py
[2025-02-04T16:31:13.510+0000] {logging_mixin.py:190} INFO - [2025-02-04T16:31:13.510+0000] {dag.py:3239} INFO - Sync 1 DAGs
[2025-02-04T16:31:13.544+0000] {logging_mixin.py:190} INFO - [2025-02-04T16:31:13.543+0000] {dag.py:4180} INFO - Setting next_dagrun for example_branch_labels to 2025-02-03 00:00:00+00:00, run_after=2025-02-04 00:00:00+00:00
[2025-02-04T16:31:13.570+0000] {processor.py:208} INFO - Processing /home/airflow/.local/lib/python3.9/site-packages/airflow/example_dags/example_branch_labels.py took 0.129 seconds
[2025-02-04T16:31:44.378+0000] {processor.py:186} INFO - Started process (PID=1225) to work on /home/airflow/.local/lib/python3.9/site-packages/airflow/example_dags/example_branch_labels.py
[2025-02-04T16:31:44.380+0000] {processor.py:914} INFO - Processing file /home/airflow/.local/lib/python3.9/site-packages/airflow/example_dags/example_branch_labels.py for tasks to queue
[2025-02-04T16:31:44.383+0000] {logging_mixin.py:190} INFO - [2025-02-04T16:31:44.383+0000] {dagbag.py:588} INFO - Filling up the DagBag from /home/airflow/.local/lib/python3.9/site-packages/airflow/example_dags/example_branch_labels.py
[2025-02-04T16:31:44.395+0000] {processor.py:925} INFO - DAG(s) 'example_branch_labels' retrieved from /home/airflow/.local/lib/python3.9/site-packages/airflow/example_dags/example_branch_labels.py
[2025-02-04T16:31:44.418+0000] {logging_mixin.py:190} INFO - [2025-02-04T16:31:44.418+0000] {dag.py:3239} INFO - Sync 1 DAGs
[2025-02-04T16:31:44.445+0000] {logging_mixin.py:190} INFO - [2025-02-04T16:31:44.444+0000] {dag.py:4180} INFO - Setting next_dagrun for example_branch_labels to 2025-02-03 00:00:00+00:00, run_after=2025-02-04 00:00:00+00:00
[2025-02-04T16:31:44.474+0000] {processor.py:208} INFO - Processing /home/airflow/.local/lib/python3.9/site-packages/airflow/example_dags/example_branch_labels.py took 0.103 seconds
[2025-02-04T16:32:14.901+0000] {processor.py:186} INFO - Started process (PID=1289) to work on /home/airflow/.local/lib/python3.9/site-packages/airflow/example_dags/example_branch_labels.py
[2025-02-04T16:32:14.903+0000] {processor.py:914} INFO - Processing file /home/airflow/.local/lib/python3.9/site-packages/airflow/example_dags/example_branch_labels.py for tasks to queue
[2025-02-04T16:32:14.906+0000] {logging_mixin.py:190} INFO - [2025-02-04T16:32:14.906+0000] {dagbag.py:588} INFO - Filling up the DagBag from /home/airflow/.local/lib/python3.9/site-packages/airflow/example_dags/example_branch_labels.py
[2025-02-04T16:32:14.917+0000] {processor.py:925} INFO - DAG(s) 'example_branch_labels' retrieved from /home/airflow/.local/lib/python3.9/site-packages/airflow/example_dags/example_branch_labels.py
[2025-02-04T16:32:14.941+0000] {logging_mixin.py:190} INFO - [2025-02-04T16:32:14.941+0000] {dag.py:3239} INFO - Sync 1 DAGs
[2025-02-04T16:32:14.968+0000] {logging_mixin.py:190} INFO - [2025-02-04T16:32:14.968+0000] {dag.py:4180} INFO - Setting next_dagrun for example_branch_labels to 2025-02-03 00:00:00+00:00, run_after=2025-02-04 00:00:00+00:00
[2025-02-04T16:32:14.997+0000] {processor.py:208} INFO - Processing /home/airflow/.local/lib/python3.9/site-packages/airflow/example_dags/example_branch_labels.py took 0.103 seconds
[2025-02-04T16:32:45.042+0000] {processor.py:186} INFO - Started process (PID=1353) to work on /home/airflow/.local/lib/python3.9/site-packages/airflow/example_dags/example_branch_labels.py
[2025-02-04T16:32:45.043+0000] {processor.py:914} INFO - Processing file /home/airflow/.local/lib/python3.9/site-packages/airflow/example_dags/example_branch_labels.py for tasks to queue
[2025-02-04T16:32:45.047+0000] {logging_mixin.py:190} INFO - [2025-02-04T16:32:45.046+0000] {dagbag.py:588} INFO - Filling up the DagBag from /home/airflow/.local/lib/python3.9/site-packages/airflow/example_dags/example_branch_labels.py
[2025-02-04T16:32:45.060+0000] {processor.py:925} INFO - DAG(s) 'example_branch_labels' retrieved from /home/airflow/.local/lib/python3.9/site-packages/airflow/example_dags/example_branch_labels.py
[2025-02-04T16:32:45.085+0000] {logging_mixin.py:190} INFO - [2025-02-04T16:32:45.085+0000] {dag.py:3239} INFO - Sync 1 DAGs
[2025-02-04T16:32:45.109+0000] {logging_mixin.py:190} INFO - [2025-02-04T16:32:45.108+0000] {dag.py:4180} INFO - Setting next_dagrun for example_branch_labels to 2025-02-03 00:00:00+00:00, run_after=2025-02-04 00:00:00+00:00
[2025-02-04T16:32:45.135+0000] {processor.py:208} INFO - Processing /home/airflow/.local/lib/python3.9/site-packages/airflow/example_dags/example_branch_labels.py took 0.101 seconds
[2025-02-04T16:33:15.852+0000] {processor.py:186} INFO - Started process (PID=1418) to work on /home/airflow/.local/lib/python3.9/site-packages/airflow/example_dags/example_branch_labels.py
[2025-02-04T16:33:15.853+0000] {processor.py:914} INFO - Processing file /home/airflow/.local/lib/python3.9/site-packages/airflow/example_dags/example_branch_labels.py for tasks to queue
[2025-02-04T16:33:15.857+0000] {logging_mixin.py:190} INFO - [2025-02-04T16:33:15.856+0000] {dagbag.py:588} INFO - Filling up the DagBag from /home/airflow/.local/lib/python3.9/site-packages/airflow/example_dags/example_branch_labels.py
[2025-02-04T16:33:15.869+0000] {processor.py:925} INFO - DAG(s) 'example_branch_labels' retrieved from /home/airflow/.local/lib/python3.9/site-packages/airflow/example_dags/example_branch_labels.py
[2025-02-04T16:33:15.894+0000] {logging_mixin.py:190} INFO - [2025-02-04T16:33:15.894+0000] {dag.py:3239} INFO - Sync 1 DAGs
[2025-02-04T16:33:15.919+0000] {logging_mixin.py:190} INFO - [2025-02-04T16:33:15.919+0000] {dag.py:4180} INFO - Setting next_dagrun for example_branch_labels to 2025-02-03 00:00:00+00:00, run_after=2025-02-04 00:00:00+00:00
[2025-02-04T16:33:15.954+0000] {processor.py:208} INFO - Processing /home/airflow/.local/lib/python3.9/site-packages/airflow/example_dags/example_branch_labels.py took 0.109 seconds
[2025-02-04T16:33:46.660+0000] {processor.py:186} INFO - Started process (PID=1482) to work on /home/airflow/.local/lib/python3.9/site-packages/airflow/example_dags/example_branch_labels.py
[2025-02-04T16:33:46.662+0000] {processor.py:914} INFO - Processing file /home/airflow/.local/lib/python3.9/site-packages/airflow/example_dags/example_branch_labels.py for tasks to queue
[2025-02-04T16:33:46.665+0000] {logging_mixin.py:190} INFO - [2025-02-04T16:33:46.664+0000] {dagbag.py:588} INFO - Filling up the DagBag from /home/airflow/.local/lib/python3.9/site-packages/airflow/example_dags/example_branch_labels.py
[2025-02-04T16:33:46.676+0000] {processor.py:925} INFO - DAG(s) 'example_branch_labels' retrieved from /home/airflow/.local/lib/python3.9/site-packages/airflow/example_dags/example_branch_labels.py
[2025-02-04T16:33:46.699+0000] {logging_mixin.py:190} INFO - [2025-02-04T16:33:46.699+0000] {dag.py:3239} INFO - Sync 1 DAGs
[2025-02-04T16:33:46.722+0000] {logging_mixin.py:190} INFO - [2025-02-04T16:33:46.722+0000] {dag.py:4180} INFO - Setting next_dagrun for example_branch_labels to 2025-02-03 00:00:00+00:00, run_after=2025-02-04 00:00:00+00:00
[2025-02-04T16:33:46.751+0000] {processor.py:208} INFO - Processing /home/airflow/.local/lib/python3.9/site-packages/airflow/example_dags/example_branch_labels.py took 0.097 seconds
[2025-02-04T16:34:18.290+0000] {processor.py:186} INFO - Started process (PID=1546) to work on /home/airflow/.local/lib/python3.9/site-packages/airflow/example_dags/example_branch_labels.py
[2025-02-04T16:34:18.291+0000] {processor.py:914} INFO - Processing file /home/airflow/.local/lib/python3.9/site-packages/airflow/example_dags/example_branch_labels.py for tasks to queue
[2025-02-04T16:34:18.293+0000] {logging_mixin.py:190} INFO - [2025-02-04T16:34:18.293+0000] {dagbag.py:588} INFO - Filling up the DagBag from /home/airflow/.local/lib/python3.9/site-packages/airflow/example_dags/example_branch_labels.py
[2025-02-04T16:34:18.303+0000] {processor.py:925} INFO - DAG(s) 'example_branch_labels' retrieved from /home/airflow/.local/lib/python3.9/site-packages/airflow/example_dags/example_branch_labels.py
[2025-02-04T16:34:18.326+0000] {logging_mixin.py:190} INFO - [2025-02-04T16:34:18.325+0000] {dag.py:3239} INFO - Sync 1 DAGs
[2025-02-04T16:34:18.348+0000] {logging_mixin.py:190} INFO - [2025-02-04T16:34:18.348+0000] {dag.py:4180} INFO - Setting next_dagrun for example_branch_labels to 2025-02-03 00:00:00+00:00, run_after=2025-02-04 00:00:00+00:00
[2025-02-04T16:34:18.373+0000] {processor.py:208} INFO - Processing /home/airflow/.local/lib/python3.9/site-packages/airflow/example_dags/example_branch_labels.py took 0.090 seconds
[2025-02-04T16:34:49.887+0000] {processor.py:186} INFO - Started process (PID=1610) to work on /home/airflow/.local/lib/python3.9/site-packages/airflow/example_dags/example_branch_labels.py
[2025-02-04T16:34:49.888+0000] {processor.py:914} INFO - Processing file /home/airflow/.local/lib/python3.9/site-packages/airflow/example_dags/example_branch_labels.py for tasks to queue
[2025-02-04T16:34:49.891+0000] {logging_mixin.py:190} INFO - [2025-02-04T16:34:49.890+0000] {dagbag.py:588} INFO - Filling up the DagBag from /home/airflow/.local/lib/python3.9/site-packages/airflow/example_dags/example_branch_labels.py
[2025-02-04T16:34:49.901+0000] {processor.py:925} INFO - DAG(s) 'example_branch_labels' retrieved from /home/airflow/.local/lib/python3.9/site-packages/airflow/example_dags/example_branch_labels.py
[2025-02-04T16:34:49.924+0000] {logging_mixin.py:190} INFO - [2025-02-04T16:34:49.924+0000] {dag.py:3239} INFO - Sync 1 DAGs
[2025-02-04T16:34:49.945+0000] {logging_mixin.py:190} INFO - [2025-02-04T16:34:49.945+0000] {dag.py:4180} INFO - Setting next_dagrun for example_branch_labels to 2025-02-03 00:00:00+00:00, run_after=2025-02-04 00:00:00+00:00
[2025-02-04T16:34:49.972+0000] {processor.py:208} INFO - Processing /home/airflow/.local/lib/python3.9/site-packages/airflow/example_dags/example_branch_labels.py took 0.092 seconds
[2025-02-04T16:35:20.085+0000] {processor.py:186} INFO - Started process (PID=1674) to work on /home/airflow/.local/lib/python3.9/site-packages/airflow/example_dags/example_branch_labels.py
[2025-02-04T16:35:20.086+0000] {processor.py:914} INFO - Processing file /home/airflow/.local/lib/python3.9/site-packages/airflow/example_dags/example_branch_labels.py for tasks to queue
[2025-02-04T16:35:20.089+0000] {logging_mixin.py:190} INFO - [2025-02-04T16:35:20.089+0000] {dagbag.py:588} INFO - Filling up the DagBag from /home/airflow/.local/lib/python3.9/site-packages/airflow/example_dags/example_branch_labels.py
[2025-02-04T16:35:20.101+0000] {processor.py:925} INFO - DAG(s) 'example_branch_labels' retrieved from /home/airflow/.local/lib/python3.9/site-packages/airflow/example_dags/example_branch_labels.py
[2025-02-04T16:35:20.127+0000] {logging_mixin.py:190} INFO - [2025-02-04T16:35:20.126+0000] {dag.py:3239} INFO - Sync 1 DAGs
[2025-02-04T16:35:20.154+0000] {logging_mixin.py:190} INFO - [2025-02-04T16:35:20.154+0000] {dag.py:4180} INFO - Setting next_dagrun for example_branch_labels to 2025-02-03 00:00:00+00:00, run_after=2025-02-04 00:00:00+00:00
[2025-02-04T16:35:20.184+0000] {processor.py:208} INFO - Processing /home/airflow/.local/lib/python3.9/site-packages/airflow/example_dags/example_branch_labels.py took 0.105 seconds
[2025-02-04T16:35:51.162+0000] {processor.py:186} INFO - Started process (PID=1738) to work on /home/airflow/.local/lib/python3.9/site-packages/airflow/example_dags/example_branch_labels.py
[2025-02-04T16:35:51.164+0000] {processor.py:914} INFO - Processing file /home/airflow/.local/lib/python3.9/site-packages/airflow/example_dags/example_branch_labels.py for tasks to queue
[2025-02-04T16:35:51.166+0000] {logging_mixin.py:190} INFO - [2025-02-04T16:35:51.166+0000] {dagbag.py:588} INFO - Filling up the DagBag from /home/airflow/.local/lib/python3.9/site-packages/airflow/example_dags/example_branch_labels.py
[2025-02-04T16:35:51.176+0000] {processor.py:925} INFO - DAG(s) 'example_branch_labels' retrieved from /home/airflow/.local/lib/python3.9/site-packages/airflow/example_dags/example_branch_labels.py
[2025-02-04T16:35:51.199+0000] {logging_mixin.py:190} INFO - [2025-02-04T16:35:51.198+0000] {dag.py:3239} INFO - Sync 1 DAGs
[2025-02-04T16:35:51.223+0000] {logging_mixin.py:190} INFO - [2025-02-04T16:35:51.222+0000] {dag.py:4180} INFO - Setting next_dagrun for example_branch_labels to 2025-02-03 00:00:00+00:00, run_after=2025-02-04 00:00:00+00:00
[2025-02-04T16:35:51.248+0000] {processor.py:208} INFO - Processing /home/airflow/.local/lib/python3.9/site-packages/airflow/example_dags/example_branch_labels.py took 0.093 seconds
[2025-02-04T16:36:21.369+0000] {processor.py:186} INFO - Started process (PID=1803) to work on /home/airflow/.local/lib/python3.9/site-packages/airflow/example_dags/example_branch_labels.py
[2025-02-04T16:36:21.370+0000] {processor.py:914} INFO - Processing file /home/airflow/.local/lib/python3.9/site-packages/airflow/example_dags/example_branch_labels.py for tasks to queue
[2025-02-04T16:36:21.373+0000] {logging_mixin.py:190} INFO - [2025-02-04T16:36:21.373+0000] {dagbag.py:588} INFO - Filling up the DagBag from /home/airflow/.local/lib/python3.9/site-packages/airflow/example_dags/example_branch_labels.py
[2025-02-04T16:36:21.385+0000] {processor.py:925} INFO - DAG(s) 'example_branch_labels' retrieved from /home/airflow/.local/lib/python3.9/site-packages/airflow/example_dags/example_branch_labels.py
[2025-02-04T16:36:21.407+0000] {logging_mixin.py:190} INFO - [2025-02-04T16:36:21.407+0000] {dag.py:3239} INFO - Sync 1 DAGs
[2025-02-04T16:36:21.430+0000] {logging_mixin.py:190} INFO - [2025-02-04T16:36:21.429+0000] {dag.py:4180} INFO - Setting next_dagrun for example_branch_labels to 2025-02-03 00:00:00+00:00, run_after=2025-02-04 00:00:00+00:00
[2025-02-04T16:36:21.453+0000] {processor.py:208} INFO - Processing /home/airflow/.local/lib/python3.9/site-packages/airflow/example_dags/example_branch_labels.py took 0.092 seconds
[2025-02-04T16:36:52.812+0000] {processor.py:186} INFO - Started process (PID=1867) to work on /home/airflow/.local/lib/python3.9/site-packages/airflow/example_dags/example_branch_labels.py
[2025-02-04T16:36:52.814+0000] {processor.py:914} INFO - Processing file /home/airflow/.local/lib/python3.9/site-packages/airflow/example_dags/example_branch_labels.py for tasks to queue
[2025-02-04T16:36:52.817+0000] {logging_mixin.py:190} INFO - [2025-02-04T16:36:52.816+0000] {dagbag.py:588} INFO - Filling up the DagBag from /home/airflow/.local/lib/python3.9/site-packages/airflow/example_dags/example_branch_labels.py
[2025-02-04T16:36:52.827+0000] {processor.py:925} INFO - DAG(s) 'example_branch_labels' retrieved from /home/airflow/.local/lib/python3.9/site-packages/airflow/example_dags/example_branch_labels.py
[2025-02-04T16:36:52.849+0000] {logging_mixin.py:190} INFO - [2025-02-04T16:36:52.849+0000] {dag.py:3239} INFO - Sync 1 DAGs
[2025-02-04T16:36:52.877+0000] {logging_mixin.py:190} INFO - [2025-02-04T16:36:52.877+0000] {dag.py:4180} INFO - Setting next_dagrun for example_branch_labels to 2025-02-03 00:00:00+00:00, run_after=2025-02-04 00:00:00+00:00
[2025-02-04T16:36:52.901+0000] {processor.py:208} INFO - Processing /home/airflow/.local/lib/python3.9/site-packages/airflow/example_dags/example_branch_labels.py took 0.096 seconds
[2025-02-04T16:39:26.391+0000] {processor.py:186} INFO - Started process (PID=1920) to work on /home/airflow/.local/lib/python3.9/site-packages/airflow/example_dags/example_branch_labels.py
[2025-02-04T16:39:26.393+0000] {processor.py:914} INFO - Processing file /home/airflow/.local/lib/python3.9/site-packages/airflow/example_dags/example_branch_labels.py for tasks to queue
[2025-02-04T16:39:26.395+0000] {logging_mixin.py:190} INFO - [2025-02-04T16:39:26.394+0000] {dagbag.py:588} INFO - Filling up the DagBag from /home/airflow/.local/lib/python3.9/site-packages/airflow/example_dags/example_branch_labels.py
[2025-02-04T16:39:26.408+0000] {processor.py:925} INFO - DAG(s) 'example_branch_labels' retrieved from /home/airflow/.local/lib/python3.9/site-packages/airflow/example_dags/example_branch_labels.py
[2025-02-04T16:39:26.437+0000] {logging_mixin.py:190} INFO - [2025-02-04T16:39:26.436+0000] {dag.py:3239} INFO - Sync 1 DAGs
[2025-02-04T16:39:26.474+0000] {logging_mixin.py:190} INFO - [2025-02-04T16:39:26.474+0000] {dag.py:4180} INFO - Setting next_dagrun for example_branch_labels to 2025-02-03 00:00:00+00:00, run_after=2025-02-04 00:00:00+00:00
[2025-02-04T16:39:26.502+0000] {processor.py:208} INFO - Processing /home/airflow/.local/lib/python3.9/site-packages/airflow/example_dags/example_branch_labels.py took 0.117 seconds
[2025-02-04T16:39:57.205+0000] {processor.py:186} INFO - Started process (PID=1984) to work on /home/airflow/.local/lib/python3.9/site-packages/airflow/example_dags/example_branch_labels.py
[2025-02-04T16:39:57.206+0000] {processor.py:914} INFO - Processing file /home/airflow/.local/lib/python3.9/site-packages/airflow/example_dags/example_branch_labels.py for tasks to queue
[2025-02-04T16:39:57.208+0000] {logging_mixin.py:190} INFO - [2025-02-04T16:39:57.208+0000] {dagbag.py:588} INFO - Filling up the DagBag from /home/airflow/.local/lib/python3.9/site-packages/airflow/example_dags/example_branch_labels.py
[2025-02-04T16:39:57.226+0000] {processor.py:925} INFO - DAG(s) 'example_branch_labels' retrieved from /home/airflow/.local/lib/python3.9/site-packages/airflow/example_dags/example_branch_labels.py
[2025-02-04T16:39:57.244+0000] {logging_mixin.py:190} INFO - [2025-02-04T16:39:57.244+0000] {dag.py:3239} INFO - Sync 1 DAGs
[2025-02-04T16:39:57.266+0000] {logging_mixin.py:190} INFO - [2025-02-04T16:39:57.265+0000] {dag.py:4180} INFO - Setting next_dagrun for example_branch_labels to 2025-02-03 00:00:00+00:00, run_after=2025-02-04 00:00:00+00:00
[2025-02-04T16:39:57.286+0000] {processor.py:208} INFO - Processing /home/airflow/.local/lib/python3.9/site-packages/airflow/example_dags/example_branch_labels.py took 0.095 seconds
[2025-02-04T16:40:28.289+0000] {processor.py:186} INFO - Started process (PID=2048) to work on /home/airflow/.local/lib/python3.9/site-packages/airflow/example_dags/example_branch_labels.py
[2025-02-04T16:40:28.291+0000] {processor.py:914} INFO - Processing file /home/airflow/.local/lib/python3.9/site-packages/airflow/example_dags/example_branch_labels.py for tasks to queue
[2025-02-04T16:40:28.292+0000] {logging_mixin.py:190} INFO - [2025-02-04T16:40:28.292+0000] {dagbag.py:588} INFO - Filling up the DagBag from /home/airflow/.local/lib/python3.9/site-packages/airflow/example_dags/example_branch_labels.py
[2025-02-04T16:40:28.303+0000] {processor.py:925} INFO - DAG(s) 'example_branch_labels' retrieved from /home/airflow/.local/lib/python3.9/site-packages/airflow/example_dags/example_branch_labels.py
[2025-02-04T16:40:28.325+0000] {logging_mixin.py:190} INFO - [2025-02-04T16:40:28.325+0000] {dag.py:3239} INFO - Sync 1 DAGs
[2025-02-04T16:40:28.348+0000] {logging_mixin.py:190} INFO - [2025-02-04T16:40:28.348+0000] {dag.py:4180} INFO - Setting next_dagrun for example_branch_labels to 2025-02-03 00:00:00+00:00, run_after=2025-02-04 00:00:00+00:00
[2025-02-04T16:40:28.373+0000] {processor.py:208} INFO - Processing /home/airflow/.local/lib/python3.9/site-packages/airflow/example_dags/example_branch_labels.py took 0.091 seconds
[2025-02-04T16:40:59.047+0000] {processor.py:186} INFO - Started process (PID=2112) to work on /home/airflow/.local/lib/python3.9/site-packages/airflow/example_dags/example_branch_labels.py
[2025-02-04T16:40:59.048+0000] {processor.py:914} INFO - Processing file /home/airflow/.local/lib/python3.9/site-packages/airflow/example_dags/example_branch_labels.py for tasks to queue
[2025-02-04T16:40:59.049+0000] {logging_mixin.py:190} INFO - [2025-02-04T16:40:59.049+0000] {dagbag.py:588} INFO - Filling up the DagBag from /home/airflow/.local/lib/python3.9/site-packages/airflow/example_dags/example_branch_labels.py
[2025-02-04T16:40:59.060+0000] {processor.py:925} INFO - DAG(s) 'example_branch_labels' retrieved from /home/airflow/.local/lib/python3.9/site-packages/airflow/example_dags/example_branch_labels.py
[2025-02-04T16:40:59.081+0000] {logging_mixin.py:190} INFO - [2025-02-04T16:40:59.081+0000] {dag.py:3239} INFO - Sync 1 DAGs
[2025-02-04T16:40:59.105+0000] {logging_mixin.py:190} INFO - [2025-02-04T16:40:59.105+0000] {dag.py:4180} INFO - Setting next_dagrun for example_branch_labels to 2025-02-03 00:00:00+00:00, run_after=2025-02-04 00:00:00+00:00
[2025-02-04T16:40:59.131+0000] {processor.py:208} INFO - Processing /home/airflow/.local/lib/python3.9/site-packages/airflow/example_dags/example_branch_labels.py took 0.091 seconds
[2025-02-04T16:41:30.400+0000] {processor.py:186} INFO - Started process (PID=2176) to work on /home/airflow/.local/lib/python3.9/site-packages/airflow/example_dags/example_branch_labels.py
[2025-02-04T16:41:30.401+0000] {processor.py:914} INFO - Processing file /home/airflow/.local/lib/python3.9/site-packages/airflow/example_dags/example_branch_labels.py for tasks to queue
[2025-02-04T16:41:30.402+0000] {logging_mixin.py:190} INFO - [2025-02-04T16:41:30.402+0000] {dagbag.py:588} INFO - Filling up the DagBag from /home/airflow/.local/lib/python3.9/site-packages/airflow/example_dags/example_branch_labels.py
[2025-02-04T16:41:30.412+0000] {processor.py:925} INFO - DAG(s) 'example_branch_labels' retrieved from /home/airflow/.local/lib/python3.9/site-packages/airflow/example_dags/example_branch_labels.py
[2025-02-04T16:41:30.439+0000] {logging_mixin.py:190} INFO - [2025-02-04T16:41:30.438+0000] {dag.py:3239} INFO - Sync 1 DAGs
[2025-02-04T16:41:30.463+0000] {logging_mixin.py:190} INFO - [2025-02-04T16:41:30.463+0000] {dag.py:4180} INFO - Setting next_dagrun for example_branch_labels to 2025-02-03 00:00:00+00:00, run_after=2025-02-04 00:00:00+00:00
[2025-02-04T16:41:30.488+0000] {processor.py:208} INFO - Processing /home/airflow/.local/lib/python3.9/site-packages/airflow/example_dags/example_branch_labels.py took 0.094 seconds
[2025-02-04T16:42:01.464+0000] {processor.py:186} INFO - Started process (PID=2240) to work on /home/airflow/.local/lib/python3.9/site-packages/airflow/example_dags/example_branch_labels.py
[2025-02-04T16:42:01.465+0000] {processor.py:914} INFO - Processing file /home/airflow/.local/lib/python3.9/site-packages/airflow/example_dags/example_branch_labels.py for tasks to queue
[2025-02-04T16:42:01.467+0000] {logging_mixin.py:190} INFO - [2025-02-04T16:42:01.466+0000] {dagbag.py:588} INFO - Filling up the DagBag from /home/airflow/.local/lib/python3.9/site-packages/airflow/example_dags/example_branch_labels.py
[2025-02-04T16:42:01.476+0000] {processor.py:925} INFO - DAG(s) 'example_branch_labels' retrieved from /home/airflow/.local/lib/python3.9/site-packages/airflow/example_dags/example_branch_labels.py
[2025-02-04T16:42:01.500+0000] {logging_mixin.py:190} INFO - [2025-02-04T16:42:01.499+0000] {dag.py:3239} INFO - Sync 1 DAGs
[2025-02-04T16:42:01.524+0000] {logging_mixin.py:190} INFO - [2025-02-04T16:42:01.524+0000] {dag.py:4180} INFO - Setting next_dagrun for example_branch_labels to 2025-02-03 00:00:00+00:00, run_after=2025-02-04 00:00:00+00:00
[2025-02-04T16:42:01.549+0000] {processor.py:208} INFO - Processing /home/airflow/.local/lib/python3.9/site-packages/airflow/example_dags/example_branch_labels.py took 0.092 seconds
[2025-02-04T16:42:31.906+0000] {processor.py:186} INFO - Started process (PID=2304) to work on /home/airflow/.local/lib/python3.9/site-packages/airflow/example_dags/example_branch_labels.py
[2025-02-04T16:42:31.907+0000] {processor.py:914} INFO - Processing file /home/airflow/.local/lib/python3.9/site-packages/airflow/example_dags/example_branch_labels.py for tasks to queue
[2025-02-04T16:42:31.909+0000] {logging_mixin.py:190} INFO - [2025-02-04T16:42:31.909+0000] {dagbag.py:588} INFO - Filling up the DagBag from /home/airflow/.local/lib/python3.9/site-packages/airflow/example_dags/example_branch_labels.py
[2025-02-04T16:42:31.920+0000] {processor.py:925} INFO - DAG(s) 'example_branch_labels' retrieved from /home/airflow/.local/lib/python3.9/site-packages/airflow/example_dags/example_branch_labels.py
[2025-02-04T16:42:31.946+0000] {logging_mixin.py:190} INFO - [2025-02-04T16:42:31.945+0000] {dag.py:3239} INFO - Sync 1 DAGs
[2025-02-04T16:42:31.973+0000] {logging_mixin.py:190} INFO - [2025-02-04T16:42:31.972+0000] {dag.py:4180} INFO - Setting next_dagrun for example_branch_labels to 2025-02-03 00:00:00+00:00, run_after=2025-02-04 00:00:00+00:00
[2025-02-04T16:42:31.998+0000] {processor.py:208} INFO - Processing /home/airflow/.local/lib/python3.9/site-packages/airflow/example_dags/example_branch_labels.py took 0.100 seconds
[2025-02-04T16:43:02.317+0000] {processor.py:186} INFO - Started process (PID=2368) to work on /home/airflow/.local/lib/python3.9/site-packages/airflow/example_dags/example_branch_labels.py
[2025-02-04T16:43:02.318+0000] {processor.py:914} INFO - Processing file /home/airflow/.local/lib/python3.9/site-packages/airflow/example_dags/example_branch_labels.py for tasks to queue
[2025-02-04T16:43:02.320+0000] {logging_mixin.py:190} INFO - [2025-02-04T16:43:02.319+0000] {dagbag.py:588} INFO - Filling up the DagBag from /home/airflow/.local/lib/python3.9/site-packages/airflow/example_dags/example_branch_labels.py
[2025-02-04T16:43:02.333+0000] {processor.py:925} INFO - DAG(s) 'example_branch_labels' retrieved from /home/airflow/.local/lib/python3.9/site-packages/airflow/example_dags/example_branch_labels.py
[2025-02-04T16:43:02.357+0000] {logging_mixin.py:190} INFO - [2025-02-04T16:43:02.357+0000] {dag.py:3239} INFO - Sync 1 DAGs
[2025-02-04T16:43:02.382+0000] {logging_mixin.py:190} INFO - [2025-02-04T16:43:02.382+0000] {dag.py:4180} INFO - Setting next_dagrun for example_branch_labels to 2025-02-03 00:00:00+00:00, run_after=2025-02-04 00:00:00+00:00
[2025-02-04T16:43:02.407+0000] {processor.py:208} INFO - Processing /home/airflow/.local/lib/python3.9/site-packages/airflow/example_dags/example_branch_labels.py took 0.099 seconds
[2025-02-04T16:43:33.028+0000] {processor.py:186} INFO - Started process (PID=2432) to work on /home/airflow/.local/lib/python3.9/site-packages/airflow/example_dags/example_branch_labels.py
[2025-02-04T16:43:33.029+0000] {processor.py:914} INFO - Processing file /home/airflow/.local/lib/python3.9/site-packages/airflow/example_dags/example_branch_labels.py for tasks to queue
[2025-02-04T16:43:33.031+0000] {logging_mixin.py:190} INFO - [2025-02-04T16:43:33.030+0000] {dagbag.py:588} INFO - Filling up the DagBag from /home/airflow/.local/lib/python3.9/site-packages/airflow/example_dags/example_branch_labels.py
[2025-02-04T16:43:33.042+0000] {processor.py:925} INFO - DAG(s) 'example_branch_labels' retrieved from /home/airflow/.local/lib/python3.9/site-packages/airflow/example_dags/example_branch_labels.py
[2025-02-04T16:43:33.065+0000] {logging_mixin.py:190} INFO - [2025-02-04T16:43:33.065+0000] {dag.py:3239} INFO - Sync 1 DAGs
[2025-02-04T16:43:33.090+0000] {logging_mixin.py:190} INFO - [2025-02-04T16:43:33.090+0000] {dag.py:4180} INFO - Setting next_dagrun for example_branch_labels to 2025-02-03 00:00:00+00:00, run_after=2025-02-04 00:00:00+00:00
[2025-02-04T16:43:33.122+0000] {processor.py:208} INFO - Processing /home/airflow/.local/lib/python3.9/site-packages/airflow/example_dags/example_branch_labels.py took 0.101 seconds
[2025-02-04T16:44:03.644+0000] {processor.py:186} INFO - Started process (PID=2496) to work on /home/airflow/.local/lib/python3.9/site-packages/airflow/example_dags/example_branch_labels.py
[2025-02-04T16:44:03.646+0000] {processor.py:914} INFO - Processing file /home/airflow/.local/lib/python3.9/site-packages/airflow/example_dags/example_branch_labels.py for tasks to queue
[2025-02-04T16:44:03.649+0000] {logging_mixin.py:190} INFO - [2025-02-04T16:44:03.648+0000] {dagbag.py:588} INFO - Filling up the DagBag from /home/airflow/.local/lib/python3.9/site-packages/airflow/example_dags/example_branch_labels.py
[2025-02-04T16:44:03.664+0000] {processor.py:925} INFO - DAG(s) 'example_branch_labels' retrieved from /home/airflow/.local/lib/python3.9/site-packages/airflow/example_dags/example_branch_labels.py
[2025-02-04T16:44:03.689+0000] {logging_mixin.py:190} INFO - [2025-02-04T16:44:03.689+0000] {dag.py:3239} INFO - Sync 1 DAGs
[2025-02-04T16:44:03.717+0000] {logging_mixin.py:190} INFO - [2025-02-04T16:44:03.716+0000] {dag.py:4180} INFO - Setting next_dagrun for example_branch_labels to 2025-02-03 00:00:00+00:00, run_after=2025-02-04 00:00:00+00:00
[2025-02-04T16:44:03.742+0000] {processor.py:208} INFO - Processing /home/airflow/.local/lib/python3.9/site-packages/airflow/example_dags/example_branch_labels.py took 0.107 seconds
[2025-02-04T16:44:33.817+0000] {processor.py:186} INFO - Started process (PID=2560) to work on /home/airflow/.local/lib/python3.9/site-packages/airflow/example_dags/example_branch_labels.py
[2025-02-04T16:44:33.819+0000] {processor.py:914} INFO - Processing file /home/airflow/.local/lib/python3.9/site-packages/airflow/example_dags/example_branch_labels.py for tasks to queue
[2025-02-04T16:44:33.820+0000] {logging_mixin.py:190} INFO - [2025-02-04T16:44:33.820+0000] {dagbag.py:588} INFO - Filling up the DagBag from /home/airflow/.local/lib/python3.9/site-packages/airflow/example_dags/example_branch_labels.py
[2025-02-04T16:44:33.832+0000] {processor.py:925} INFO - DAG(s) 'example_branch_labels' retrieved from /home/airflow/.local/lib/python3.9/site-packages/airflow/example_dags/example_branch_labels.py
[2025-02-04T16:44:33.859+0000] {logging_mixin.py:190} INFO - [2025-02-04T16:44:33.858+0000] {dag.py:3239} INFO - Sync 1 DAGs
[2025-02-04T16:44:33.886+0000] {logging_mixin.py:190} INFO - [2025-02-04T16:44:33.886+0000] {dag.py:4180} INFO - Setting next_dagrun for example_branch_labels to 2025-02-03 00:00:00+00:00, run_after=2025-02-04 00:00:00+00:00
[2025-02-04T16:44:33.912+0000] {processor.py:208} INFO - Processing /home/airflow/.local/lib/python3.9/site-packages/airflow/example_dags/example_branch_labels.py took 0.101 seconds
[2025-02-04T16:45:04.471+0000] {processor.py:186} INFO - Started process (PID=2624) to work on /home/airflow/.local/lib/python3.9/site-packages/airflow/example_dags/example_branch_labels.py
[2025-02-04T16:45:04.473+0000] {processor.py:914} INFO - Processing file /home/airflow/.local/lib/python3.9/site-packages/airflow/example_dags/example_branch_labels.py for tasks to queue
[2025-02-04T16:45:04.474+0000] {logging_mixin.py:190} INFO - [2025-02-04T16:45:04.474+0000] {dagbag.py:588} INFO - Filling up the DagBag from /home/airflow/.local/lib/python3.9/site-packages/airflow/example_dags/example_branch_labels.py
[2025-02-04T16:45:04.484+0000] {processor.py:925} INFO - DAG(s) 'example_branch_labels' retrieved from /home/airflow/.local/lib/python3.9/site-packages/airflow/example_dags/example_branch_labels.py
[2025-02-04T16:45:04.508+0000] {logging_mixin.py:190} INFO - [2025-02-04T16:45:04.507+0000] {dag.py:3239} INFO - Sync 1 DAGs
[2025-02-04T16:45:04.533+0000] {logging_mixin.py:190} INFO - [2025-02-04T16:45:04.532+0000] {dag.py:4180} INFO - Setting next_dagrun for example_branch_labels to 2025-02-03 00:00:00+00:00, run_after=2025-02-04 00:00:00+00:00
[2025-02-04T16:45:04.558+0000] {processor.py:208} INFO - Processing /home/airflow/.local/lib/python3.9/site-packages/airflow/example_dags/example_branch_labels.py took 0.093 seconds
[2025-02-04T16:45:35.013+0000] {processor.py:186} INFO - Started process (PID=2695) to work on /home/airflow/.local/lib/python3.9/site-packages/airflow/example_dags/example_branch_labels.py
[2025-02-04T16:45:35.015+0000] {processor.py:914} INFO - Processing file /home/airflow/.local/lib/python3.9/site-packages/airflow/example_dags/example_branch_labels.py for tasks to queue
[2025-02-04T16:45:35.017+0000] {logging_mixin.py:190} INFO - [2025-02-04T16:45:35.016+0000] {dagbag.py:588} INFO - Filling up the DagBag from /home/airflow/.local/lib/python3.9/site-packages/airflow/example_dags/example_branch_labels.py
[2025-02-04T16:45:35.031+0000] {processor.py:925} INFO - DAG(s) 'example_branch_labels' retrieved from /home/airflow/.local/lib/python3.9/site-packages/airflow/example_dags/example_branch_labels.py
[2025-02-04T16:45:35.057+0000] {logging_mixin.py:190} INFO - [2025-02-04T16:45:35.057+0000] {dag.py:3239} INFO - Sync 1 DAGs
[2025-02-04T16:45:35.088+0000] {logging_mixin.py:190} INFO - [2025-02-04T16:45:35.087+0000] {dag.py:4180} INFO - Setting next_dagrun for example_branch_labels to 2025-02-03 00:00:00+00:00, run_after=2025-02-04 00:00:00+00:00
[2025-02-04T16:45:35.112+0000] {processor.py:208} INFO - Processing /home/airflow/.local/lib/python3.9/site-packages/airflow/example_dags/example_branch_labels.py took 0.110 seconds
[2025-02-04T16:46:06.452+0000] {processor.py:186} INFO - Started process (PID=2762) to work on /home/airflow/.local/lib/python3.9/site-packages/airflow/example_dags/example_branch_labels.py
[2025-02-04T16:46:06.454+0000] {processor.py:914} INFO - Processing file /home/airflow/.local/lib/python3.9/site-packages/airflow/example_dags/example_branch_labels.py for tasks to queue
[2025-02-04T16:46:06.455+0000] {logging_mixin.py:190} INFO - [2025-02-04T16:46:06.455+0000] {dagbag.py:588} INFO - Filling up the DagBag from /home/airflow/.local/lib/python3.9/site-packages/airflow/example_dags/example_branch_labels.py
[2025-02-04T16:46:06.467+0000] {processor.py:925} INFO - DAG(s) 'example_branch_labels' retrieved from /home/airflow/.local/lib/python3.9/site-packages/airflow/example_dags/example_branch_labels.py
[2025-02-04T16:46:06.493+0000] {logging_mixin.py:190} INFO - [2025-02-04T16:46:06.493+0000] {dag.py:3239} INFO - Sync 1 DAGs
[2025-02-04T16:46:06.521+0000] {logging_mixin.py:190} INFO - [2025-02-04T16:46:06.521+0000] {dag.py:4180} INFO - Setting next_dagrun for example_branch_labels to 2025-02-03 00:00:00+00:00, run_after=2025-02-04 00:00:00+00:00
[2025-02-04T16:46:06.549+0000] {processor.py:208} INFO - Processing /home/airflow/.local/lib/python3.9/site-packages/airflow/example_dags/example_branch_labels.py took 0.104 seconds
[2025-02-04T16:46:37.012+0000] {processor.py:186} INFO - Started process (PID=2826) to work on /home/airflow/.local/lib/python3.9/site-packages/airflow/example_dags/example_branch_labels.py
[2025-02-04T16:46:37.013+0000] {processor.py:914} INFO - Processing file /home/airflow/.local/lib/python3.9/site-packages/airflow/example_dags/example_branch_labels.py for tasks to queue
[2025-02-04T16:46:37.015+0000] {logging_mixin.py:190} INFO - [2025-02-04T16:46:37.015+0000] {dagbag.py:588} INFO - Filling up the DagBag from /home/airflow/.local/lib/python3.9/site-packages/airflow/example_dags/example_branch_labels.py
[2025-02-04T16:46:37.026+0000] {processor.py:925} INFO - DAG(s) 'example_branch_labels' retrieved from /home/airflow/.local/lib/python3.9/site-packages/airflow/example_dags/example_branch_labels.py
[2025-02-04T16:46:37.051+0000] {logging_mixin.py:190} INFO - [2025-02-04T16:46:37.051+0000] {dag.py:3239} INFO - Sync 1 DAGs
[2025-02-04T16:46:37.079+0000] {logging_mixin.py:190} INFO - [2025-02-04T16:46:37.079+0000] {dag.py:4180} INFO - Setting next_dagrun for example_branch_labels to 2025-02-03 00:00:00+00:00, run_after=2025-02-04 00:00:00+00:00
[2025-02-04T16:46:37.107+0000] {processor.py:208} INFO - Processing /home/airflow/.local/lib/python3.9/site-packages/airflow/example_dags/example_branch_labels.py took 0.102 seconds
[2025-02-04T16:47:12.019+0000] {processor.py:186} INFO - Started process (PID=2890) to work on /home/airflow/.local/lib/python3.9/site-packages/airflow/example_dags/example_branch_labels.py
[2025-02-04T16:47:12.021+0000] {processor.py:914} INFO - Processing file /home/airflow/.local/lib/python3.9/site-packages/airflow/example_dags/example_branch_labels.py for tasks to queue
[2025-02-04T16:47:12.022+0000] {logging_mixin.py:190} INFO - [2025-02-04T16:47:12.022+0000] {dagbag.py:588} INFO - Filling up the DagBag from /home/airflow/.local/lib/python3.9/site-packages/airflow/example_dags/example_branch_labels.py
[2025-02-04T16:47:12.033+0000] {processor.py:925} INFO - DAG(s) 'example_branch_labels' retrieved from /home/airflow/.local/lib/python3.9/site-packages/airflow/example_dags/example_branch_labels.py
[2025-02-04T16:47:12.058+0000] {logging_mixin.py:190} INFO - [2025-02-04T16:47:12.058+0000] {dag.py:3239} INFO - Sync 1 DAGs
[2025-02-04T16:47:12.089+0000] {logging_mixin.py:190} INFO - [2025-02-04T16:47:12.089+0000] {dag.py:4180} INFO - Setting next_dagrun for example_branch_labels to 2025-02-03 00:00:00+00:00, run_after=2025-02-04 00:00:00+00:00
[2025-02-04T16:47:12.112+0000] {processor.py:208} INFO - Processing /home/airflow/.local/lib/python3.9/site-packages/airflow/example_dags/example_branch_labels.py took 0.099 seconds
[2025-02-04T16:47:52.577+0000] {processor.py:186} INFO - Started process (PID=2954) to work on /home/airflow/.local/lib/python3.9/site-packages/airflow/example_dags/example_branch_labels.py
[2025-02-04T16:47:52.578+0000] {processor.py:914} INFO - Processing file /home/airflow/.local/lib/python3.9/site-packages/airflow/example_dags/example_branch_labels.py for tasks to queue
[2025-02-04T16:47:52.580+0000] {logging_mixin.py:190} INFO - [2025-02-04T16:47:52.580+0000] {dagbag.py:588} INFO - Filling up the DagBag from /home/airflow/.local/lib/python3.9/site-packages/airflow/example_dags/example_branch_labels.py
[2025-02-04T16:47:52.593+0000] {processor.py:925} INFO - DAG(s) 'example_branch_labels' retrieved from /home/airflow/.local/lib/python3.9/site-packages/airflow/example_dags/example_branch_labels.py
[2025-02-04T16:47:52.623+0000] {logging_mixin.py:190} INFO - [2025-02-04T16:47:52.623+0000] {dag.py:3239} INFO - Sync 1 DAGs
[2025-02-04T16:47:52.655+0000] {logging_mixin.py:190} INFO - [2025-02-04T16:47:52.655+0000] {dag.py:4180} INFO - Setting next_dagrun for example_branch_labels to 2025-02-03 00:00:00+00:00, run_after=2025-02-04 00:00:00+00:00
[2025-02-04T16:47:52.718+0000] {processor.py:208} INFO - Processing /home/airflow/.local/lib/python3.9/site-packages/airflow/example_dags/example_branch_labels.py took 0.152 seconds
[2025-02-04T16:48:23.210+0000] {processor.py:186} INFO - Started process (PID=3019) to work on /home/airflow/.local/lib/python3.9/site-packages/airflow/example_dags/example_branch_labels.py
[2025-02-04T16:48:23.211+0000] {processor.py:914} INFO - Processing file /home/airflow/.local/lib/python3.9/site-packages/airflow/example_dags/example_branch_labels.py for tasks to queue
[2025-02-04T16:48:23.213+0000] {logging_mixin.py:190} INFO - [2025-02-04T16:48:23.212+0000] {dagbag.py:588} INFO - Filling up the DagBag from /home/airflow/.local/lib/python3.9/site-packages/airflow/example_dags/example_branch_labels.py
[2025-02-04T16:48:23.223+0000] {processor.py:925} INFO - DAG(s) 'example_branch_labels' retrieved from /home/airflow/.local/lib/python3.9/site-packages/airflow/example_dags/example_branch_labels.py
[2025-02-04T16:48:23.250+0000] {logging_mixin.py:190} INFO - [2025-02-04T16:48:23.250+0000] {dag.py:3239} INFO - Sync 1 DAGs
[2025-02-04T16:48:23.275+0000] {logging_mixin.py:190} INFO - [2025-02-04T16:48:23.275+0000] {dag.py:4180} INFO - Setting next_dagrun for example_branch_labels to 2025-02-03 00:00:00+00:00, run_after=2025-02-04 00:00:00+00:00
[2025-02-04T16:48:23.303+0000] {processor.py:208} INFO - Processing /home/airflow/.local/lib/python3.9/site-packages/airflow/example_dags/example_branch_labels.py took 0.099 seconds
[2025-02-04T16:48:53.477+0000] {processor.py:186} INFO - Started process (PID=3084) to work on /home/airflow/.local/lib/python3.9/site-packages/airflow/example_dags/example_branch_labels.py
[2025-02-04T16:48:53.479+0000] {processor.py:914} INFO - Processing file /home/airflow/.local/lib/python3.9/site-packages/airflow/example_dags/example_branch_labels.py for tasks to queue
[2025-02-04T16:48:53.482+0000] {logging_mixin.py:190} INFO - [2025-02-04T16:48:53.481+0000] {dagbag.py:588} INFO - Filling up the DagBag from /home/airflow/.local/lib/python3.9/site-packages/airflow/example_dags/example_branch_labels.py
[2025-02-04T16:48:53.495+0000] {processor.py:925} INFO - DAG(s) 'example_branch_labels' retrieved from /home/airflow/.local/lib/python3.9/site-packages/airflow/example_dags/example_branch_labels.py
[2025-02-04T16:48:53.518+0000] {logging_mixin.py:190} INFO - [2025-02-04T16:48:53.518+0000] {dag.py:3239} INFO - Sync 1 DAGs
[2025-02-04T16:48:53.548+0000] {logging_mixin.py:190} INFO - [2025-02-04T16:48:53.548+0000] {dag.py:4180} INFO - Setting next_dagrun for example_branch_labels to 2025-02-03 00:00:00+00:00, run_after=2025-02-04 00:00:00+00:00
[2025-02-04T16:48:53.576+0000] {processor.py:208} INFO - Processing /home/airflow/.local/lib/python3.9/site-packages/airflow/example_dags/example_branch_labels.py took 0.106 seconds
[2025-02-04T16:49:23.777+0000] {processor.py:186} INFO - Started process (PID=3154) to work on /home/airflow/.local/lib/python3.9/site-packages/airflow/example_dags/example_branch_labels.py
[2025-02-04T16:49:23.779+0000] {processor.py:914} INFO - Processing file /home/airflow/.local/lib/python3.9/site-packages/airflow/example_dags/example_branch_labels.py for tasks to queue
[2025-02-04T16:49:23.780+0000] {logging_mixin.py:190} INFO - [2025-02-04T16:49:23.780+0000] {dagbag.py:588} INFO - Filling up the DagBag from /home/airflow/.local/lib/python3.9/site-packages/airflow/example_dags/example_branch_labels.py
[2025-02-04T16:49:23.791+0000] {processor.py:925} INFO - DAG(s) 'example_branch_labels' retrieved from /home/airflow/.local/lib/python3.9/site-packages/airflow/example_dags/example_branch_labels.py
[2025-02-04T16:49:23.812+0000] {logging_mixin.py:190} INFO - [2025-02-04T16:49:23.812+0000] {dag.py:3239} INFO - Sync 1 DAGs
[2025-02-04T16:49:23.837+0000] {logging_mixin.py:190} INFO - [2025-02-04T16:49:23.837+0000] {dag.py:4180} INFO - Setting next_dagrun for example_branch_labels to 2025-02-03 00:00:00+00:00, run_after=2025-02-04 00:00:00+00:00
[2025-02-04T16:49:23.866+0000] {processor.py:208} INFO - Processing /home/airflow/.local/lib/python3.9/site-packages/airflow/example_dags/example_branch_labels.py took 0.095 seconds
[2025-02-04T16:49:53.968+0000] {processor.py:186} INFO - Started process (PID=3218) to work on /home/airflow/.local/lib/python3.9/site-packages/airflow/example_dags/example_branch_labels.py
[2025-02-04T16:49:53.969+0000] {processor.py:914} INFO - Processing file /home/airflow/.local/lib/python3.9/site-packages/airflow/example_dags/example_branch_labels.py for tasks to queue
[2025-02-04T16:49:53.971+0000] {logging_mixin.py:190} INFO - [2025-02-04T16:49:53.971+0000] {dagbag.py:588} INFO - Filling up the DagBag from /home/airflow/.local/lib/python3.9/site-packages/airflow/example_dags/example_branch_labels.py
[2025-02-04T16:49:53.981+0000] {processor.py:925} INFO - DAG(s) 'example_branch_labels' retrieved from /home/airflow/.local/lib/python3.9/site-packages/airflow/example_dags/example_branch_labels.py
[2025-02-04T16:49:54.003+0000] {logging_mixin.py:190} INFO - [2025-02-04T16:49:54.002+0000] {dag.py:3239} INFO - Sync 1 DAGs
[2025-02-04T16:49:54.026+0000] {logging_mixin.py:190} INFO - [2025-02-04T16:49:54.026+0000] {dag.py:4180} INFO - Setting next_dagrun for example_branch_labels to 2025-02-03 00:00:00+00:00, run_after=2025-02-04 00:00:00+00:00
[2025-02-04T16:49:54.057+0000] {processor.py:208} INFO - Processing /home/airflow/.local/lib/python3.9/site-packages/airflow/example_dags/example_branch_labels.py took 0.095 seconds
