[2025-02-04T16:22:58.985+0000] {processor.py:186} INFO - Started process (PID=126) to work on /home/airflow/.local/lib/python3.9/site-packages/airflow/example_dags/example_setup_teardown_taskflow.py
[2025-02-04T16:22:58.986+0000] {processor.py:914} INFO - Processing file /home/airflow/.local/lib/python3.9/site-packages/airflow/example_dags/example_setup_teardown_taskflow.py for tasks to queue
[2025-02-04T16:22:58.990+0000] {logging_mixin.py:190} INFO - [2025-02-04T16:22:58.989+0000] {dagbag.py:588} INFO - Filling up the DagBag from /home/airflow/.local/lib/python3.9/site-packages/airflow/example_dags/example_setup_teardown_taskflow.py
[2025-02-04T16:22:59.064+0000] {processor.py:925} INFO - DAG(s) 'example_setup_teardown_taskflow' retrieved from /home/airflow/.local/lib/python3.9/site-packages/airflow/example_dags/example_setup_teardown_taskflow.py
[2025-02-04T16:22:59.185+0000] {logging_mixin.py:190} INFO - [2025-02-04T16:22:59.184+0000] {override.py:1912} INFO - Created Permission View: can delete on DAG:example_setup_teardown_taskflow
[2025-02-04T16:22:59.202+0000] {logging_mixin.py:190} INFO - [2025-02-04T16:22:59.202+0000] {override.py:1912} INFO - Created Permission View: can edit on DAG:example_setup_teardown_taskflow
[2025-02-04T16:22:59.215+0000] {logging_mixin.py:190} INFO - [2025-02-04T16:22:59.215+0000] {override.py:1912} INFO - Created Permission View: can read on DAG:example_setup_teardown_taskflow
[2025-02-04T16:22:59.238+0000] {logging_mixin.py:190} INFO - [2025-02-04T16:22:59.237+0000] {override.py:1912} INFO - Created Permission View: can delete on DAG Run:example_setup_teardown_taskflow
[2025-02-04T16:22:59.253+0000] {logging_mixin.py:190} INFO - [2025-02-04T16:22:59.253+0000] {override.py:1912} INFO - Created Permission View: menu access on DAG Run:example_setup_teardown_taskflow
[2025-02-04T16:22:59.267+0000] {logging_mixin.py:190} INFO - [2025-02-04T16:22:59.267+0000] {override.py:1912} INFO - Created Permission View: can read on DAG Run:example_setup_teardown_taskflow
[2025-02-04T16:22:59.282+0000] {logging_mixin.py:190} INFO - [2025-02-04T16:22:59.281+0000] {override.py:1912} INFO - Created Permission View: can create on DAG Run:example_setup_teardown_taskflow
[2025-02-04T16:22:59.283+0000] {logging_mixin.py:190} INFO - [2025-02-04T16:22:59.283+0000] {dag.py:3239} INFO - Sync 1 DAGs
[2025-02-04T16:22:59.297+0000] {logging_mixin.py:190} INFO - [2025-02-04T16:22:59.297+0000] {dag.py:3262} INFO - Creating ORM DAG for example_setup_teardown_taskflow
[2025-02-04T16:22:59.298+0000] {logging_mixin.py:190} INFO - [2025-02-04T16:22:59.298+0000] {dag.py:4180} INFO - Setting next_dagrun for example_setup_teardown_taskflow to None, run_after=None
[2025-02-04T16:22:59.323+0000] {processor.py:208} INFO - Processing /home/airflow/.local/lib/python3.9/site-packages/airflow/example_dags/example_setup_teardown_taskflow.py took 0.346 seconds
[2025-02-04T16:23:34.377+0000] {processor.py:186} INFO - Started process (PID=190) to work on /home/airflow/.local/lib/python3.9/site-packages/airflow/example_dags/example_setup_teardown_taskflow.py
[2025-02-04T16:23:34.378+0000] {processor.py:914} INFO - Processing file /home/airflow/.local/lib/python3.9/site-packages/airflow/example_dags/example_setup_teardown_taskflow.py for tasks to queue
[2025-02-04T16:23:34.382+0000] {logging_mixin.py:190} INFO - [2025-02-04T16:23:34.381+0000] {dagbag.py:588} INFO - Filling up the DagBag from /home/airflow/.local/lib/python3.9/site-packages/airflow/example_dags/example_setup_teardown_taskflow.py
[2025-02-04T16:23:34.393+0000] {processor.py:925} INFO - DAG(s) 'example_setup_teardown_taskflow' retrieved from /home/airflow/.local/lib/python3.9/site-packages/airflow/example_dags/example_setup_teardown_taskflow.py
[2025-02-04T16:23:34.416+0000] {logging_mixin.py:190} INFO - [2025-02-04T16:23:34.416+0000] {dag.py:3239} INFO - Sync 1 DAGs
[2025-02-04T16:23:34.430+0000] {logging_mixin.py:190} INFO - [2025-02-04T16:23:34.429+0000] {dag.py:4180} INFO - Setting next_dagrun for example_setup_teardown_taskflow to None, run_after=None
[2025-02-04T16:23:34.454+0000] {processor.py:208} INFO - Processing /home/airflow/.local/lib/python3.9/site-packages/airflow/example_dags/example_setup_teardown_taskflow.py took 0.084 seconds
[2025-02-04T16:24:04.801+0000] {processor.py:186} INFO - Started process (PID=252) to work on /home/airflow/.local/lib/python3.9/site-packages/airflow/example_dags/example_setup_teardown_taskflow.py
[2025-02-04T16:24:04.802+0000] {processor.py:914} INFO - Processing file /home/airflow/.local/lib/python3.9/site-packages/airflow/example_dags/example_setup_teardown_taskflow.py for tasks to queue
[2025-02-04T16:24:04.805+0000] {logging_mixin.py:190} INFO - [2025-02-04T16:24:04.805+0000] {dagbag.py:588} INFO - Filling up the DagBag from /home/airflow/.local/lib/python3.9/site-packages/airflow/example_dags/example_setup_teardown_taskflow.py
[2025-02-04T16:24:04.817+0000] {processor.py:925} INFO - DAG(s) 'example_setup_teardown_taskflow' retrieved from /home/airflow/.local/lib/python3.9/site-packages/airflow/example_dags/example_setup_teardown_taskflow.py
[2025-02-04T16:24:04.842+0000] {logging_mixin.py:190} INFO - [2025-02-04T16:24:04.842+0000] {dag.py:3239} INFO - Sync 1 DAGs
[2025-02-04T16:24:04.859+0000] {logging_mixin.py:190} INFO - [2025-02-04T16:24:04.858+0000] {dag.py:4180} INFO - Setting next_dagrun for example_setup_teardown_taskflow to None, run_after=None
[2025-02-04T16:24:04.887+0000] {processor.py:208} INFO - Processing /home/airflow/.local/lib/python3.9/site-packages/airflow/example_dags/example_setup_teardown_taskflow.py took 0.093 seconds
[2025-02-04T16:24:35.667+0000] {processor.py:186} INFO - Started process (PID=316) to work on /home/airflow/.local/lib/python3.9/site-packages/airflow/example_dags/example_setup_teardown_taskflow.py
[2025-02-04T16:24:35.668+0000] {processor.py:914} INFO - Processing file /home/airflow/.local/lib/python3.9/site-packages/airflow/example_dags/example_setup_teardown_taskflow.py for tasks to queue
[2025-02-04T16:24:35.672+0000] {logging_mixin.py:190} INFO - [2025-02-04T16:24:35.671+0000] {dagbag.py:588} INFO - Filling up the DagBag from /home/airflow/.local/lib/python3.9/site-packages/airflow/example_dags/example_setup_teardown_taskflow.py
[2025-02-04T16:24:35.683+0000] {processor.py:925} INFO - DAG(s) 'example_setup_teardown_taskflow' retrieved from /home/airflow/.local/lib/python3.9/site-packages/airflow/example_dags/example_setup_teardown_taskflow.py
[2025-02-04T16:24:35.709+0000] {logging_mixin.py:190} INFO - [2025-02-04T16:24:35.709+0000] {dag.py:3239} INFO - Sync 1 DAGs
[2025-02-04T16:24:35.725+0000] {logging_mixin.py:190} INFO - [2025-02-04T16:24:35.725+0000] {dag.py:4180} INFO - Setting next_dagrun for example_setup_teardown_taskflow to None, run_after=None
[2025-02-04T16:24:35.753+0000] {processor.py:208} INFO - Processing /home/airflow/.local/lib/python3.9/site-packages/airflow/example_dags/example_setup_teardown_taskflow.py took 0.093 seconds
[2025-02-04T16:25:06.347+0000] {processor.py:186} INFO - Started process (PID=380) to work on /home/airflow/.local/lib/python3.9/site-packages/airflow/example_dags/example_setup_teardown_taskflow.py
[2025-02-04T16:25:06.348+0000] {processor.py:914} INFO - Processing file /home/airflow/.local/lib/python3.9/site-packages/airflow/example_dags/example_setup_teardown_taskflow.py for tasks to queue
[2025-02-04T16:25:06.352+0000] {logging_mixin.py:190} INFO - [2025-02-04T16:25:06.352+0000] {dagbag.py:588} INFO - Filling up the DagBag from /home/airflow/.local/lib/python3.9/site-packages/airflow/example_dags/example_setup_teardown_taskflow.py
[2025-02-04T16:25:06.365+0000] {processor.py:925} INFO - DAG(s) 'example_setup_teardown_taskflow' retrieved from /home/airflow/.local/lib/python3.9/site-packages/airflow/example_dags/example_setup_teardown_taskflow.py
[2025-02-04T16:25:06.388+0000] {logging_mixin.py:190} INFO - [2025-02-04T16:25:06.388+0000] {dag.py:3239} INFO - Sync 1 DAGs
[2025-02-04T16:25:06.408+0000] {logging_mixin.py:190} INFO - [2025-02-04T16:25:06.408+0000] {dag.py:4180} INFO - Setting next_dagrun for example_setup_teardown_taskflow to None, run_after=None
[2025-02-04T16:25:06.434+0000] {processor.py:208} INFO - Processing /home/airflow/.local/lib/python3.9/site-packages/airflow/example_dags/example_setup_teardown_taskflow.py took 0.094 seconds
[2025-02-04T16:25:36.750+0000] {processor.py:186} INFO - Started process (PID=444) to work on /home/airflow/.local/lib/python3.9/site-packages/airflow/example_dags/example_setup_teardown_taskflow.py
[2025-02-04T16:25:36.752+0000] {processor.py:914} INFO - Processing file /home/airflow/.local/lib/python3.9/site-packages/airflow/example_dags/example_setup_teardown_taskflow.py for tasks to queue
[2025-02-04T16:25:36.756+0000] {logging_mixin.py:190} INFO - [2025-02-04T16:25:36.755+0000] {dagbag.py:588} INFO - Filling up the DagBag from /home/airflow/.local/lib/python3.9/site-packages/airflow/example_dags/example_setup_teardown_taskflow.py
[2025-02-04T16:25:36.771+0000] {processor.py:925} INFO - DAG(s) 'example_setup_teardown_taskflow' retrieved from /home/airflow/.local/lib/python3.9/site-packages/airflow/example_dags/example_setup_teardown_taskflow.py
[2025-02-04T16:25:36.800+0000] {logging_mixin.py:190} INFO - [2025-02-04T16:25:36.799+0000] {dag.py:3239} INFO - Sync 1 DAGs
[2025-02-04T16:25:36.817+0000] {logging_mixin.py:190} INFO - [2025-02-04T16:25:36.816+0000] {dag.py:4180} INFO - Setting next_dagrun for example_setup_teardown_taskflow to None, run_after=None
[2025-02-04T16:25:36.849+0000] {processor.py:208} INFO - Processing /home/airflow/.local/lib/python3.9/site-packages/airflow/example_dags/example_setup_teardown_taskflow.py took 0.107 seconds
[2025-02-04T16:26:07.068+0000] {processor.py:186} INFO - Started process (PID=515) to work on /home/airflow/.local/lib/python3.9/site-packages/airflow/example_dags/example_setup_teardown_taskflow.py
[2025-02-04T16:26:07.070+0000] {processor.py:914} INFO - Processing file /home/airflow/.local/lib/python3.9/site-packages/airflow/example_dags/example_setup_teardown_taskflow.py for tasks to queue
[2025-02-04T16:26:07.073+0000] {logging_mixin.py:190} INFO - [2025-02-04T16:26:07.072+0000] {dagbag.py:588} INFO - Filling up the DagBag from /home/airflow/.local/lib/python3.9/site-packages/airflow/example_dags/example_setup_teardown_taskflow.py
[2025-02-04T16:26:07.084+0000] {processor.py:925} INFO - DAG(s) 'example_setup_teardown_taskflow' retrieved from /home/airflow/.local/lib/python3.9/site-packages/airflow/example_dags/example_setup_teardown_taskflow.py
[2025-02-04T16:26:07.110+0000] {logging_mixin.py:190} INFO - [2025-02-04T16:26:07.109+0000] {dag.py:3239} INFO - Sync 1 DAGs
[2025-02-04T16:26:07.125+0000] {logging_mixin.py:190} INFO - [2025-02-04T16:26:07.125+0000] {dag.py:4180} INFO - Setting next_dagrun for example_setup_teardown_taskflow to None, run_after=None
[2025-02-04T16:26:07.154+0000] {processor.py:208} INFO - Processing /home/airflow/.local/lib/python3.9/site-packages/airflow/example_dags/example_setup_teardown_taskflow.py took 0.092 seconds
[2025-02-04T16:26:38.558+0000] {processor.py:186} INFO - Started process (PID=579) to work on /home/airflow/.local/lib/python3.9/site-packages/airflow/example_dags/example_setup_teardown_taskflow.py
[2025-02-04T16:26:38.560+0000] {processor.py:914} INFO - Processing file /home/airflow/.local/lib/python3.9/site-packages/airflow/example_dags/example_setup_teardown_taskflow.py for tasks to queue
[2025-02-04T16:26:38.563+0000] {logging_mixin.py:190} INFO - [2025-02-04T16:26:38.563+0000] {dagbag.py:588} INFO - Filling up the DagBag from /home/airflow/.local/lib/python3.9/site-packages/airflow/example_dags/example_setup_teardown_taskflow.py
[2025-02-04T16:26:38.574+0000] {processor.py:925} INFO - DAG(s) 'example_setup_teardown_taskflow' retrieved from /home/airflow/.local/lib/python3.9/site-packages/airflow/example_dags/example_setup_teardown_taskflow.py
[2025-02-04T16:26:38.601+0000] {logging_mixin.py:190} INFO - [2025-02-04T16:26:38.600+0000] {dag.py:3239} INFO - Sync 1 DAGs
[2025-02-04T16:26:38.616+0000] {logging_mixin.py:190} INFO - [2025-02-04T16:26:38.616+0000] {dag.py:4180} INFO - Setting next_dagrun for example_setup_teardown_taskflow to None, run_after=None
[2025-02-04T16:26:38.644+0000] {processor.py:208} INFO - Processing /home/airflow/.local/lib/python3.9/site-packages/airflow/example_dags/example_setup_teardown_taskflow.py took 0.092 seconds
[2025-02-04T16:27:09.414+0000] {processor.py:186} INFO - Started process (PID=643) to work on /home/airflow/.local/lib/python3.9/site-packages/airflow/example_dags/example_setup_teardown_taskflow.py
[2025-02-04T16:27:09.415+0000] {processor.py:914} INFO - Processing file /home/airflow/.local/lib/python3.9/site-packages/airflow/example_dags/example_setup_teardown_taskflow.py for tasks to queue
[2025-02-04T16:27:09.418+0000] {logging_mixin.py:190} INFO - [2025-02-04T16:27:09.417+0000] {dagbag.py:588} INFO - Filling up the DagBag from /home/airflow/.local/lib/python3.9/site-packages/airflow/example_dags/example_setup_teardown_taskflow.py
[2025-02-04T16:27:09.429+0000] {processor.py:925} INFO - DAG(s) 'example_setup_teardown_taskflow' retrieved from /home/airflow/.local/lib/python3.9/site-packages/airflow/example_dags/example_setup_teardown_taskflow.py
[2025-02-04T16:27:09.454+0000] {logging_mixin.py:190} INFO - [2025-02-04T16:27:09.454+0000] {dag.py:3239} INFO - Sync 1 DAGs
[2025-02-04T16:27:09.468+0000] {logging_mixin.py:190} INFO - [2025-02-04T16:27:09.467+0000] {dag.py:4180} INFO - Setting next_dagrun for example_setup_teardown_taskflow to None, run_after=None
[2025-02-04T16:27:09.495+0000] {processor.py:208} INFO - Processing /home/airflow/.local/lib/python3.9/site-packages/airflow/example_dags/example_setup_teardown_taskflow.py took 0.088 seconds
[2025-02-04T16:27:40.303+0000] {processor.py:186} INFO - Started process (PID=707) to work on /home/airflow/.local/lib/python3.9/site-packages/airflow/example_dags/example_setup_teardown_taskflow.py
[2025-02-04T16:27:40.304+0000] {processor.py:914} INFO - Processing file /home/airflow/.local/lib/python3.9/site-packages/airflow/example_dags/example_setup_teardown_taskflow.py for tasks to queue
[2025-02-04T16:27:40.307+0000] {logging_mixin.py:190} INFO - [2025-02-04T16:27:40.306+0000] {dagbag.py:588} INFO - Filling up the DagBag from /home/airflow/.local/lib/python3.9/site-packages/airflow/example_dags/example_setup_teardown_taskflow.py
[2025-02-04T16:27:40.318+0000] {processor.py:925} INFO - DAG(s) 'example_setup_teardown_taskflow' retrieved from /home/airflow/.local/lib/python3.9/site-packages/airflow/example_dags/example_setup_teardown_taskflow.py
[2025-02-04T16:27:40.342+0000] {logging_mixin.py:190} INFO - [2025-02-04T16:27:40.342+0000] {dag.py:3239} INFO - Sync 1 DAGs
[2025-02-04T16:27:40.357+0000] {logging_mixin.py:190} INFO - [2025-02-04T16:27:40.356+0000] {dag.py:4180} INFO - Setting next_dagrun for example_setup_teardown_taskflow to None, run_after=None
[2025-02-04T16:27:40.388+0000] {processor.py:208} INFO - Processing /home/airflow/.local/lib/python3.9/site-packages/airflow/example_dags/example_setup_teardown_taskflow.py took 0.092 seconds
[2025-02-04T16:28:11.021+0000] {processor.py:186} INFO - Started process (PID=771) to work on /home/airflow/.local/lib/python3.9/site-packages/airflow/example_dags/example_setup_teardown_taskflow.py
[2025-02-04T16:28:11.022+0000] {processor.py:914} INFO - Processing file /home/airflow/.local/lib/python3.9/site-packages/airflow/example_dags/example_setup_teardown_taskflow.py for tasks to queue
[2025-02-04T16:28:11.026+0000] {logging_mixin.py:190} INFO - [2025-02-04T16:28:11.025+0000] {dagbag.py:588} INFO - Filling up the DagBag from /home/airflow/.local/lib/python3.9/site-packages/airflow/example_dags/example_setup_teardown_taskflow.py
[2025-02-04T16:28:11.037+0000] {processor.py:925} INFO - DAG(s) 'example_setup_teardown_taskflow' retrieved from /home/airflow/.local/lib/python3.9/site-packages/airflow/example_dags/example_setup_teardown_taskflow.py
[2025-02-04T16:28:11.063+0000] {logging_mixin.py:190} INFO - [2025-02-04T16:28:11.062+0000] {dag.py:3239} INFO - Sync 1 DAGs
[2025-02-04T16:28:11.078+0000] {logging_mixin.py:190} INFO - [2025-02-04T16:28:11.078+0000] {dag.py:4180} INFO - Setting next_dagrun for example_setup_teardown_taskflow to None, run_after=None
[2025-02-04T16:28:11.299+0000] {processor.py:208} INFO - Processing /home/airflow/.local/lib/python3.9/site-packages/airflow/example_dags/example_setup_teardown_taskflow.py took 0.285 seconds
[2025-02-04T16:28:42.164+0000] {processor.py:186} INFO - Started process (PID=835) to work on /home/airflow/.local/lib/python3.9/site-packages/airflow/example_dags/example_setup_teardown_taskflow.py
[2025-02-04T16:28:42.165+0000] {processor.py:914} INFO - Processing file /home/airflow/.local/lib/python3.9/site-packages/airflow/example_dags/example_setup_teardown_taskflow.py for tasks to queue
[2025-02-04T16:28:42.169+0000] {logging_mixin.py:190} INFO - [2025-02-04T16:28:42.169+0000] {dagbag.py:588} INFO - Filling up the DagBag from /home/airflow/.local/lib/python3.9/site-packages/airflow/example_dags/example_setup_teardown_taskflow.py
[2025-02-04T16:28:42.181+0000] {processor.py:925} INFO - DAG(s) 'example_setup_teardown_taskflow' retrieved from /home/airflow/.local/lib/python3.9/site-packages/airflow/example_dags/example_setup_teardown_taskflow.py
[2025-02-04T16:28:42.209+0000] {logging_mixin.py:190} INFO - [2025-02-04T16:28:42.208+0000] {dag.py:3239} INFO - Sync 1 DAGs
[2025-02-04T16:28:42.223+0000] {logging_mixin.py:190} INFO - [2025-02-04T16:28:42.223+0000] {dag.py:4180} INFO - Setting next_dagrun for example_setup_teardown_taskflow to None, run_after=None
[2025-02-04T16:28:42.254+0000] {processor.py:208} INFO - Processing /home/airflow/.local/lib/python3.9/site-packages/airflow/example_dags/example_setup_teardown_taskflow.py took 0.099 seconds
[2025-02-04T16:29:12.542+0000] {processor.py:186} INFO - Started process (PID=899) to work on /home/airflow/.local/lib/python3.9/site-packages/airflow/example_dags/example_setup_teardown_taskflow.py
[2025-02-04T16:29:12.543+0000] {processor.py:914} INFO - Processing file /home/airflow/.local/lib/python3.9/site-packages/airflow/example_dags/example_setup_teardown_taskflow.py for tasks to queue
[2025-02-04T16:29:12.546+0000] {logging_mixin.py:190} INFO - [2025-02-04T16:29:12.546+0000] {dagbag.py:588} INFO - Filling up the DagBag from /home/airflow/.local/lib/python3.9/site-packages/airflow/example_dags/example_setup_teardown_taskflow.py
[2025-02-04T16:29:12.561+0000] {processor.py:925} INFO - DAG(s) 'example_setup_teardown_taskflow' retrieved from /home/airflow/.local/lib/python3.9/site-packages/airflow/example_dags/example_setup_teardown_taskflow.py
[2025-02-04T16:29:12.590+0000] {logging_mixin.py:190} INFO - [2025-02-04T16:29:12.590+0000] {dag.py:3239} INFO - Sync 1 DAGs
[2025-02-04T16:29:12.607+0000] {logging_mixin.py:190} INFO - [2025-02-04T16:29:12.607+0000] {dag.py:4180} INFO - Setting next_dagrun for example_setup_teardown_taskflow to None, run_after=None
[2025-02-04T16:29:12.639+0000] {processor.py:208} INFO - Processing /home/airflow/.local/lib/python3.9/site-packages/airflow/example_dags/example_setup_teardown_taskflow.py took 0.107 seconds
[2025-02-04T16:29:42.774+0000] {processor.py:186} INFO - Started process (PID=963) to work on /home/airflow/.local/lib/python3.9/site-packages/airflow/example_dags/example_setup_teardown_taskflow.py
[2025-02-04T16:29:42.775+0000] {processor.py:914} INFO - Processing file /home/airflow/.local/lib/python3.9/site-packages/airflow/example_dags/example_setup_teardown_taskflow.py for tasks to queue
[2025-02-04T16:29:42.778+0000] {logging_mixin.py:190} INFO - [2025-02-04T16:29:42.778+0000] {dagbag.py:588} INFO - Filling up the DagBag from /home/airflow/.local/lib/python3.9/site-packages/airflow/example_dags/example_setup_teardown_taskflow.py
[2025-02-04T16:29:42.791+0000] {processor.py:925} INFO - DAG(s) 'example_setup_teardown_taskflow' retrieved from /home/airflow/.local/lib/python3.9/site-packages/airflow/example_dags/example_setup_teardown_taskflow.py
[2025-02-04T16:29:42.817+0000] {logging_mixin.py:190} INFO - [2025-02-04T16:29:42.817+0000] {dag.py:3239} INFO - Sync 1 DAGs
[2025-02-04T16:29:42.832+0000] {logging_mixin.py:190} INFO - [2025-02-04T16:29:42.832+0000] {dag.py:4180} INFO - Setting next_dagrun for example_setup_teardown_taskflow to None, run_after=None
[2025-02-04T16:29:42.860+0000] {processor.py:208} INFO - Processing /home/airflow/.local/lib/python3.9/site-packages/airflow/example_dags/example_setup_teardown_taskflow.py took 0.095 seconds
[2025-02-04T16:30:13.095+0000] {processor.py:186} INFO - Started process (PID=1027) to work on /home/airflow/.local/lib/python3.9/site-packages/airflow/example_dags/example_setup_teardown_taskflow.py
[2025-02-04T16:30:13.096+0000] {processor.py:914} INFO - Processing file /home/airflow/.local/lib/python3.9/site-packages/airflow/example_dags/example_setup_teardown_taskflow.py for tasks to queue
[2025-02-04T16:30:13.100+0000] {logging_mixin.py:190} INFO - [2025-02-04T16:30:13.099+0000] {dagbag.py:588} INFO - Filling up the DagBag from /home/airflow/.local/lib/python3.9/site-packages/airflow/example_dags/example_setup_teardown_taskflow.py
[2025-02-04T16:30:13.112+0000] {processor.py:925} INFO - DAG(s) 'example_setup_teardown_taskflow' retrieved from /home/airflow/.local/lib/python3.9/site-packages/airflow/example_dags/example_setup_teardown_taskflow.py
[2025-02-04T16:30:13.142+0000] {logging_mixin.py:190} INFO - [2025-02-04T16:30:13.141+0000] {dag.py:3239} INFO - Sync 1 DAGs
[2025-02-04T16:30:13.156+0000] {logging_mixin.py:190} INFO - [2025-02-04T16:30:13.156+0000] {dag.py:4180} INFO - Setting next_dagrun for example_setup_teardown_taskflow to None, run_after=None
[2025-02-04T16:30:13.191+0000] {processor.py:208} INFO - Processing /home/airflow/.local/lib/python3.9/site-packages/airflow/example_dags/example_setup_teardown_taskflow.py took 0.103 seconds
[2025-02-04T16:30:43.669+0000] {processor.py:186} INFO - Started process (PID=1091) to work on /home/airflow/.local/lib/python3.9/site-packages/airflow/example_dags/example_setup_teardown_taskflow.py
[2025-02-04T16:30:43.671+0000] {processor.py:914} INFO - Processing file /home/airflow/.local/lib/python3.9/site-packages/airflow/example_dags/example_setup_teardown_taskflow.py for tasks to queue
[2025-02-04T16:30:43.674+0000] {logging_mixin.py:190} INFO - [2025-02-04T16:30:43.674+0000] {dagbag.py:588} INFO - Filling up the DagBag from /home/airflow/.local/lib/python3.9/site-packages/airflow/example_dags/example_setup_teardown_taskflow.py
[2025-02-04T16:30:43.687+0000] {processor.py:925} INFO - DAG(s) 'example_setup_teardown_taskflow' retrieved from /home/airflow/.local/lib/python3.9/site-packages/airflow/example_dags/example_setup_teardown_taskflow.py
[2025-02-04T16:30:43.715+0000] {logging_mixin.py:190} INFO - [2025-02-04T16:30:43.714+0000] {dag.py:3239} INFO - Sync 1 DAGs
[2025-02-04T16:30:43.730+0000] {logging_mixin.py:190} INFO - [2025-02-04T16:30:43.730+0000] {dag.py:4180} INFO - Setting next_dagrun for example_setup_teardown_taskflow to None, run_after=None
[2025-02-04T16:30:43.758+0000] {processor.py:208} INFO - Processing /home/airflow/.local/lib/python3.9/site-packages/airflow/example_dags/example_setup_teardown_taskflow.py took 0.096 seconds
[2025-02-04T16:31:14.564+0000] {processor.py:186} INFO - Started process (PID=1155) to work on /home/airflow/.local/lib/python3.9/site-packages/airflow/example_dags/example_setup_teardown_taskflow.py
[2025-02-04T16:31:14.568+0000] {processor.py:914} INFO - Processing file /home/airflow/.local/lib/python3.9/site-packages/airflow/example_dags/example_setup_teardown_taskflow.py for tasks to queue
[2025-02-04T16:31:14.573+0000] {logging_mixin.py:190} INFO - [2025-02-04T16:31:14.572+0000] {dagbag.py:588} INFO - Filling up the DagBag from /home/airflow/.local/lib/python3.9/site-packages/airflow/example_dags/example_setup_teardown_taskflow.py
[2025-02-04T16:31:14.601+0000] {processor.py:925} INFO - DAG(s) 'example_setup_teardown_taskflow' retrieved from /home/airflow/.local/lib/python3.9/site-packages/airflow/example_dags/example_setup_teardown_taskflow.py
[2025-02-04T16:31:14.637+0000] {logging_mixin.py:190} INFO - [2025-02-04T16:31:14.637+0000] {dag.py:3239} INFO - Sync 1 DAGs
[2025-02-04T16:31:14.656+0000] {logging_mixin.py:190} INFO - [2025-02-04T16:31:14.656+0000] {dag.py:4180} INFO - Setting next_dagrun for example_setup_teardown_taskflow to None, run_after=None
[2025-02-04T16:31:14.702+0000] {processor.py:208} INFO - Processing /home/airflow/.local/lib/python3.9/site-packages/airflow/example_dags/example_setup_teardown_taskflow.py took 0.149 seconds
[2025-02-04T16:31:45.512+0000] {processor.py:186} INFO - Started process (PID=1226) to work on /home/airflow/.local/lib/python3.9/site-packages/airflow/example_dags/example_setup_teardown_taskflow.py
[2025-02-04T16:31:45.514+0000] {processor.py:914} INFO - Processing file /home/airflow/.local/lib/python3.9/site-packages/airflow/example_dags/example_setup_teardown_taskflow.py for tasks to queue
[2025-02-04T16:31:45.517+0000] {logging_mixin.py:190} INFO - [2025-02-04T16:31:45.517+0000] {dagbag.py:588} INFO - Filling up the DagBag from /home/airflow/.local/lib/python3.9/site-packages/airflow/example_dags/example_setup_teardown_taskflow.py
[2025-02-04T16:31:45.528+0000] {processor.py:925} INFO - DAG(s) 'example_setup_teardown_taskflow' retrieved from /home/airflow/.local/lib/python3.9/site-packages/airflow/example_dags/example_setup_teardown_taskflow.py
[2025-02-04T16:31:45.551+0000] {logging_mixin.py:190} INFO - [2025-02-04T16:31:45.551+0000] {dag.py:3239} INFO - Sync 1 DAGs
[2025-02-04T16:31:45.567+0000] {logging_mixin.py:190} INFO - [2025-02-04T16:31:45.566+0000] {dag.py:4180} INFO - Setting next_dagrun for example_setup_teardown_taskflow to None, run_after=None
[2025-02-04T16:31:45.597+0000] {processor.py:208} INFO - Processing /home/airflow/.local/lib/python3.9/site-packages/airflow/example_dags/example_setup_teardown_taskflow.py took 0.092 seconds
[2025-02-04T16:32:15.928+0000] {processor.py:186} INFO - Started process (PID=1290) to work on /home/airflow/.local/lib/python3.9/site-packages/airflow/example_dags/example_setup_teardown_taskflow.py
[2025-02-04T16:32:15.930+0000] {processor.py:914} INFO - Processing file /home/airflow/.local/lib/python3.9/site-packages/airflow/example_dags/example_setup_teardown_taskflow.py for tasks to queue
[2025-02-04T16:32:15.934+0000] {logging_mixin.py:190} INFO - [2025-02-04T16:32:15.934+0000] {dagbag.py:588} INFO - Filling up the DagBag from /home/airflow/.local/lib/python3.9/site-packages/airflow/example_dags/example_setup_teardown_taskflow.py
[2025-02-04T16:32:15.947+0000] {processor.py:925} INFO - DAG(s) 'example_setup_teardown_taskflow' retrieved from /home/airflow/.local/lib/python3.9/site-packages/airflow/example_dags/example_setup_teardown_taskflow.py
[2025-02-04T16:32:15.977+0000] {logging_mixin.py:190} INFO - [2025-02-04T16:32:15.977+0000] {dag.py:3239} INFO - Sync 1 DAGs
[2025-02-04T16:32:15.997+0000] {logging_mixin.py:190} INFO - [2025-02-04T16:32:15.997+0000] {dag.py:4180} INFO - Setting next_dagrun for example_setup_teardown_taskflow to None, run_after=None
[2025-02-04T16:32:16.030+0000] {processor.py:208} INFO - Processing /home/airflow/.local/lib/python3.9/site-packages/airflow/example_dags/example_setup_teardown_taskflow.py took 0.112 seconds
[2025-02-04T16:32:46.123+0000] {processor.py:186} INFO - Started process (PID=1354) to work on /home/airflow/.local/lib/python3.9/site-packages/airflow/example_dags/example_setup_teardown_taskflow.py
[2025-02-04T16:32:46.124+0000] {processor.py:914} INFO - Processing file /home/airflow/.local/lib/python3.9/site-packages/airflow/example_dags/example_setup_teardown_taskflow.py for tasks to queue
[2025-02-04T16:32:46.127+0000] {logging_mixin.py:190} INFO - [2025-02-04T16:32:46.127+0000] {dagbag.py:588} INFO - Filling up the DagBag from /home/airflow/.local/lib/python3.9/site-packages/airflow/example_dags/example_setup_teardown_taskflow.py
[2025-02-04T16:32:46.140+0000] {processor.py:925} INFO - DAG(s) 'example_setup_teardown_taskflow' retrieved from /home/airflow/.local/lib/python3.9/site-packages/airflow/example_dags/example_setup_teardown_taskflow.py
[2025-02-04T16:32:46.166+0000] {logging_mixin.py:190} INFO - [2025-02-04T16:32:46.166+0000] {dag.py:3239} INFO - Sync 1 DAGs
[2025-02-04T16:32:46.182+0000] {logging_mixin.py:190} INFO - [2025-02-04T16:32:46.182+0000] {dag.py:4180} INFO - Setting next_dagrun for example_setup_teardown_taskflow to None, run_after=None
[2025-02-04T16:32:46.211+0000] {processor.py:208} INFO - Processing /home/airflow/.local/lib/python3.9/site-packages/airflow/example_dags/example_setup_teardown_taskflow.py took 0.098 seconds
[2025-02-04T16:33:16.995+0000] {processor.py:186} INFO - Started process (PID=1419) to work on /home/airflow/.local/lib/python3.9/site-packages/airflow/example_dags/example_setup_teardown_taskflow.py
[2025-02-04T16:33:16.996+0000] {processor.py:914} INFO - Processing file /home/airflow/.local/lib/python3.9/site-packages/airflow/example_dags/example_setup_teardown_taskflow.py for tasks to queue
[2025-02-04T16:33:16.999+0000] {logging_mixin.py:190} INFO - [2025-02-04T16:33:16.999+0000] {dagbag.py:588} INFO - Filling up the DagBag from /home/airflow/.local/lib/python3.9/site-packages/airflow/example_dags/example_setup_teardown_taskflow.py
[2025-02-04T16:33:17.010+0000] {processor.py:925} INFO - DAG(s) 'example_setup_teardown_taskflow' retrieved from /home/airflow/.local/lib/python3.9/site-packages/airflow/example_dags/example_setup_teardown_taskflow.py
[2025-02-04T16:33:17.033+0000] {logging_mixin.py:190} INFO - [2025-02-04T16:33:17.033+0000] {dag.py:3239} INFO - Sync 1 DAGs
[2025-02-04T16:33:17.048+0000] {logging_mixin.py:190} INFO - [2025-02-04T16:33:17.047+0000] {dag.py:4180} INFO - Setting next_dagrun for example_setup_teardown_taskflow to None, run_after=None
[2025-02-04T16:33:17.076+0000] {processor.py:208} INFO - Processing /home/airflow/.local/lib/python3.9/site-packages/airflow/example_dags/example_setup_teardown_taskflow.py took 0.087 seconds
[2025-02-04T16:33:47.795+0000] {processor.py:186} INFO - Started process (PID=1483) to work on /home/airflow/.local/lib/python3.9/site-packages/airflow/example_dags/example_setup_teardown_taskflow.py
[2025-02-04T16:33:47.797+0000] {processor.py:914} INFO - Processing file /home/airflow/.local/lib/python3.9/site-packages/airflow/example_dags/example_setup_teardown_taskflow.py for tasks to queue
[2025-02-04T16:33:47.800+0000] {logging_mixin.py:190} INFO - [2025-02-04T16:33:47.799+0000] {dagbag.py:588} INFO - Filling up the DagBag from /home/airflow/.local/lib/python3.9/site-packages/airflow/example_dags/example_setup_teardown_taskflow.py
[2025-02-04T16:33:47.812+0000] {processor.py:925} INFO - DAG(s) 'example_setup_teardown_taskflow' retrieved from /home/airflow/.local/lib/python3.9/site-packages/airflow/example_dags/example_setup_teardown_taskflow.py
[2025-02-04T16:33:47.837+0000] {logging_mixin.py:190} INFO - [2025-02-04T16:33:47.837+0000] {dag.py:3239} INFO - Sync 1 DAGs
[2025-02-04T16:33:47.852+0000] {logging_mixin.py:190} INFO - [2025-02-04T16:33:47.852+0000] {dag.py:4180} INFO - Setting next_dagrun for example_setup_teardown_taskflow to None, run_after=None
[2025-02-04T16:33:47.881+0000] {processor.py:208} INFO - Processing /home/airflow/.local/lib/python3.9/site-packages/airflow/example_dags/example_setup_teardown_taskflow.py took 0.094 seconds
[2025-02-04T16:34:18.704+0000] {processor.py:186} INFO - Started process (PID=1547) to work on /home/airflow/.local/lib/python3.9/site-packages/airflow/example_dags/example_setup_teardown_taskflow.py
[2025-02-04T16:34:18.706+0000] {processor.py:914} INFO - Processing file /home/airflow/.local/lib/python3.9/site-packages/airflow/example_dags/example_setup_teardown_taskflow.py for tasks to queue
[2025-02-04T16:34:18.708+0000] {logging_mixin.py:190} INFO - [2025-02-04T16:34:18.708+0000] {dagbag.py:588} INFO - Filling up the DagBag from /home/airflow/.local/lib/python3.9/site-packages/airflow/example_dags/example_setup_teardown_taskflow.py
[2025-02-04T16:34:18.719+0000] {processor.py:925} INFO - DAG(s) 'example_setup_teardown_taskflow' retrieved from /home/airflow/.local/lib/python3.9/site-packages/airflow/example_dags/example_setup_teardown_taskflow.py
[2025-02-04T16:34:20.466+0000] {logging_mixin.py:190} INFO - [2025-02-04T16:34:20.466+0000] {dag.py:3239} INFO - Sync 1 DAGs
[2025-02-04T16:34:20.481+0000] {logging_mixin.py:190} INFO - [2025-02-04T16:34:20.481+0000] {dag.py:4180} INFO - Setting next_dagrun for example_setup_teardown_taskflow to None, run_after=None
[2025-02-04T16:34:20.510+0000] {processor.py:208} INFO - Processing /home/airflow/.local/lib/python3.9/site-packages/airflow/example_dags/example_setup_teardown_taskflow.py took 1.812 seconds
[2025-02-04T16:34:50.896+0000] {processor.py:186} INFO - Started process (PID=1611) to work on /home/airflow/.local/lib/python3.9/site-packages/airflow/example_dags/example_setup_teardown_taskflow.py
[2025-02-04T16:34:50.897+0000] {processor.py:914} INFO - Processing file /home/airflow/.local/lib/python3.9/site-packages/airflow/example_dags/example_setup_teardown_taskflow.py for tasks to queue
[2025-02-04T16:34:50.900+0000] {logging_mixin.py:190} INFO - [2025-02-04T16:34:50.899+0000] {dagbag.py:588} INFO - Filling up the DagBag from /home/airflow/.local/lib/python3.9/site-packages/airflow/example_dags/example_setup_teardown_taskflow.py
[2025-02-04T16:34:50.910+0000] {processor.py:925} INFO - DAG(s) 'example_setup_teardown_taskflow' retrieved from /home/airflow/.local/lib/python3.9/site-packages/airflow/example_dags/example_setup_teardown_taskflow.py
[2025-02-04T16:34:50.935+0000] {logging_mixin.py:190} INFO - [2025-02-04T16:34:50.935+0000] {dag.py:3239} INFO - Sync 1 DAGs
[2025-02-04T16:34:50.951+0000] {logging_mixin.py:190} INFO - [2025-02-04T16:34:50.951+0000] {dag.py:4180} INFO - Setting next_dagrun for example_setup_teardown_taskflow to None, run_after=None
[2025-02-04T16:34:50.979+0000] {processor.py:208} INFO - Processing /home/airflow/.local/lib/python3.9/site-packages/airflow/example_dags/example_setup_teardown_taskflow.py took 0.090 seconds
[2025-02-04T16:35:21.111+0000] {processor.py:186} INFO - Started process (PID=1675) to work on /home/airflow/.local/lib/python3.9/site-packages/airflow/example_dags/example_setup_teardown_taskflow.py
[2025-02-04T16:35:21.112+0000] {processor.py:914} INFO - Processing file /home/airflow/.local/lib/python3.9/site-packages/airflow/example_dags/example_setup_teardown_taskflow.py for tasks to queue
[2025-02-04T16:35:21.115+0000] {logging_mixin.py:190} INFO - [2025-02-04T16:35:21.114+0000] {dagbag.py:588} INFO - Filling up the DagBag from /home/airflow/.local/lib/python3.9/site-packages/airflow/example_dags/example_setup_teardown_taskflow.py
[2025-02-04T16:35:21.126+0000] {processor.py:925} INFO - DAG(s) 'example_setup_teardown_taskflow' retrieved from /home/airflow/.local/lib/python3.9/site-packages/airflow/example_dags/example_setup_teardown_taskflow.py
[2025-02-04T16:35:21.152+0000] {logging_mixin.py:190} INFO - [2025-02-04T16:35:21.152+0000] {dag.py:3239} INFO - Sync 1 DAGs
[2025-02-04T16:35:21.167+0000] {logging_mixin.py:190} INFO - [2025-02-04T16:35:21.167+0000] {dag.py:4180} INFO - Setting next_dagrun for example_setup_teardown_taskflow to None, run_after=None
[2025-02-04T16:35:21.193+0000] {processor.py:208} INFO - Processing /home/airflow/.local/lib/python3.9/site-packages/airflow/example_dags/example_setup_teardown_taskflow.py took 0.088 seconds
[2025-02-04T16:35:51.291+0000] {processor.py:186} INFO - Started process (PID=1739) to work on /home/airflow/.local/lib/python3.9/site-packages/airflow/example_dags/example_setup_teardown_taskflow.py
[2025-02-04T16:35:51.292+0000] {processor.py:914} INFO - Processing file /home/airflow/.local/lib/python3.9/site-packages/airflow/example_dags/example_setup_teardown_taskflow.py for tasks to queue
[2025-02-04T16:35:51.295+0000] {logging_mixin.py:190} INFO - [2025-02-04T16:35:51.295+0000] {dagbag.py:588} INFO - Filling up the DagBag from /home/airflow/.local/lib/python3.9/site-packages/airflow/example_dags/example_setup_teardown_taskflow.py
[2025-02-04T16:35:51.306+0000] {processor.py:925} INFO - DAG(s) 'example_setup_teardown_taskflow' retrieved from /home/airflow/.local/lib/python3.9/site-packages/airflow/example_dags/example_setup_teardown_taskflow.py
[2025-02-04T16:35:51.331+0000] {logging_mixin.py:190} INFO - [2025-02-04T16:35:51.331+0000] {dag.py:3239} INFO - Sync 1 DAGs
[2025-02-04T16:35:51.345+0000] {logging_mixin.py:190} INFO - [2025-02-04T16:35:51.345+0000] {dag.py:4180} INFO - Setting next_dagrun for example_setup_teardown_taskflow to None, run_after=None
[2025-02-04T16:35:51.372+0000] {processor.py:208} INFO - Processing /home/airflow/.local/lib/python3.9/site-packages/airflow/example_dags/example_setup_teardown_taskflow.py took 0.087 seconds
[2025-02-04T16:36:21.472+0000] {processor.py:186} INFO - Started process (PID=1804) to work on /home/airflow/.local/lib/python3.9/site-packages/airflow/example_dags/example_setup_teardown_taskflow.py
[2025-02-04T16:36:21.473+0000] {processor.py:914} INFO - Processing file /home/airflow/.local/lib/python3.9/site-packages/airflow/example_dags/example_setup_teardown_taskflow.py for tasks to queue
[2025-02-04T16:36:21.476+0000] {logging_mixin.py:190} INFO - [2025-02-04T16:36:21.475+0000] {dagbag.py:588} INFO - Filling up the DagBag from /home/airflow/.local/lib/python3.9/site-packages/airflow/example_dags/example_setup_teardown_taskflow.py
[2025-02-04T16:36:21.487+0000] {processor.py:925} INFO - DAG(s) 'example_setup_teardown_taskflow' retrieved from /home/airflow/.local/lib/python3.9/site-packages/airflow/example_dags/example_setup_teardown_taskflow.py
[2025-02-04T16:36:21.509+0000] {logging_mixin.py:190} INFO - [2025-02-04T16:36:21.509+0000] {dag.py:3239} INFO - Sync 1 DAGs
[2025-02-04T16:36:21.523+0000] {logging_mixin.py:190} INFO - [2025-02-04T16:36:21.522+0000] {dag.py:4180} INFO - Setting next_dagrun for example_setup_teardown_taskflow to None, run_after=None
[2025-02-04T16:36:21.548+0000] {processor.py:208} INFO - Processing /home/airflow/.local/lib/python3.9/site-packages/airflow/example_dags/example_setup_teardown_taskflow.py took 0.082 seconds
[2025-02-04T16:36:52.877+0000] {processor.py:186} INFO - Started process (PID=1868) to work on /home/airflow/.local/lib/python3.9/site-packages/airflow/example_dags/example_setup_teardown_taskflow.py
[2025-02-04T16:36:52.879+0000] {processor.py:914} INFO - Processing file /home/airflow/.local/lib/python3.9/site-packages/airflow/example_dags/example_setup_teardown_taskflow.py for tasks to queue
[2025-02-04T16:36:52.882+0000] {logging_mixin.py:190} INFO - [2025-02-04T16:36:52.881+0000] {dagbag.py:588} INFO - Filling up the DagBag from /home/airflow/.local/lib/python3.9/site-packages/airflow/example_dags/example_setup_teardown_taskflow.py
[2025-02-04T16:36:52.892+0000] {processor.py:925} INFO - DAG(s) 'example_setup_teardown_taskflow' retrieved from /home/airflow/.local/lib/python3.9/site-packages/airflow/example_dags/example_setup_teardown_taskflow.py
[2025-02-04T16:36:52.915+0000] {logging_mixin.py:190} INFO - [2025-02-04T16:36:52.915+0000] {dag.py:3239} INFO - Sync 1 DAGs
[2025-02-04T16:36:52.930+0000] {logging_mixin.py:190} INFO - [2025-02-04T16:36:52.930+0000] {dag.py:4180} INFO - Setting next_dagrun for example_setup_teardown_taskflow to None, run_after=None
[2025-02-04T16:36:52.954+0000] {processor.py:208} INFO - Processing /home/airflow/.local/lib/python3.9/site-packages/airflow/example_dags/example_setup_teardown_taskflow.py took 0.083 seconds
[2025-02-04T16:39:26.490+0000] {processor.py:186} INFO - Started process (PID=1921) to work on /home/airflow/.local/lib/python3.9/site-packages/airflow/example_dags/example_setup_teardown_taskflow.py
[2025-02-04T16:39:26.491+0000] {processor.py:914} INFO - Processing file /home/airflow/.local/lib/python3.9/site-packages/airflow/example_dags/example_setup_teardown_taskflow.py for tasks to queue
[2025-02-04T16:39:26.494+0000] {logging_mixin.py:190} INFO - [2025-02-04T16:39:26.493+0000] {dagbag.py:588} INFO - Filling up the DagBag from /home/airflow/.local/lib/python3.9/site-packages/airflow/example_dags/example_setup_teardown_taskflow.py
[2025-02-04T16:39:26.506+0000] {processor.py:925} INFO - DAG(s) 'example_setup_teardown_taskflow' retrieved from /home/airflow/.local/lib/python3.9/site-packages/airflow/example_dags/example_setup_teardown_taskflow.py
[2025-02-04T16:39:26.532+0000] {logging_mixin.py:190} INFO - [2025-02-04T16:39:26.531+0000] {dag.py:3239} INFO - Sync 1 DAGs
[2025-02-04T16:39:26.548+0000] {logging_mixin.py:190} INFO - [2025-02-04T16:39:26.547+0000] {dag.py:4180} INFO - Setting next_dagrun for example_setup_teardown_taskflow to None, run_after=None
[2025-02-04T16:39:26.575+0000] {processor.py:208} INFO - Processing /home/airflow/.local/lib/python3.9/site-packages/airflow/example_dags/example_setup_teardown_taskflow.py took 0.093 seconds
[2025-02-04T16:39:57.287+0000] {processor.py:186} INFO - Started process (PID=1985) to work on /home/airflow/.local/lib/python3.9/site-packages/airflow/example_dags/example_setup_teardown_taskflow.py
[2025-02-04T16:39:57.288+0000] {processor.py:914} INFO - Processing file /home/airflow/.local/lib/python3.9/site-packages/airflow/example_dags/example_setup_teardown_taskflow.py for tasks to queue
[2025-02-04T16:39:57.290+0000] {logging_mixin.py:190} INFO - [2025-02-04T16:39:57.290+0000] {dagbag.py:588} INFO - Filling up the DagBag from /home/airflow/.local/lib/python3.9/site-packages/airflow/example_dags/example_setup_teardown_taskflow.py
[2025-02-04T16:39:57.301+0000] {processor.py:925} INFO - DAG(s) 'example_setup_teardown_taskflow' retrieved from /home/airflow/.local/lib/python3.9/site-packages/airflow/example_dags/example_setup_teardown_taskflow.py
[2025-02-04T16:39:57.320+0000] {logging_mixin.py:190} INFO - [2025-02-04T16:39:57.320+0000] {dag.py:3239} INFO - Sync 1 DAGs
[2025-02-04T16:39:57.334+0000] {logging_mixin.py:190} INFO - [2025-02-04T16:39:57.333+0000] {dag.py:4180} INFO - Setting next_dagrun for example_setup_teardown_taskflow to None, run_after=None
[2025-02-04T16:39:57.388+0000] {processor.py:208} INFO - Processing /home/airflow/.local/lib/python3.9/site-packages/airflow/example_dags/example_setup_teardown_taskflow.py took 0.107 seconds
[2025-02-04T16:40:28.390+0000] {processor.py:186} INFO - Started process (PID=2049) to work on /home/airflow/.local/lib/python3.9/site-packages/airflow/example_dags/example_setup_teardown_taskflow.py
[2025-02-04T16:40:28.391+0000] {processor.py:914} INFO - Processing file /home/airflow/.local/lib/python3.9/site-packages/airflow/example_dags/example_setup_teardown_taskflow.py for tasks to queue
[2025-02-04T16:40:28.393+0000] {logging_mixin.py:190} INFO - [2025-02-04T16:40:28.393+0000] {dagbag.py:588} INFO - Filling up the DagBag from /home/airflow/.local/lib/python3.9/site-packages/airflow/example_dags/example_setup_teardown_taskflow.py
[2025-02-04T16:40:28.405+0000] {processor.py:925} INFO - DAG(s) 'example_setup_teardown_taskflow' retrieved from /home/airflow/.local/lib/python3.9/site-packages/airflow/example_dags/example_setup_teardown_taskflow.py
[2025-02-04T16:40:28.427+0000] {logging_mixin.py:190} INFO - [2025-02-04T16:40:28.427+0000] {dag.py:3239} INFO - Sync 1 DAGs
[2025-02-04T16:40:28.442+0000] {logging_mixin.py:190} INFO - [2025-02-04T16:40:28.442+0000] {dag.py:4180} INFO - Setting next_dagrun for example_setup_teardown_taskflow to None, run_after=None
[2025-02-04T16:40:28.467+0000] {processor.py:208} INFO - Processing /home/airflow/.local/lib/python3.9/site-packages/airflow/example_dags/example_setup_teardown_taskflow.py took 0.083 seconds
[2025-02-04T16:40:59.136+0000] {processor.py:186} INFO - Started process (PID=2113) to work on /home/airflow/.local/lib/python3.9/site-packages/airflow/example_dags/example_setup_teardown_taskflow.py
[2025-02-04T16:40:59.137+0000] {processor.py:914} INFO - Processing file /home/airflow/.local/lib/python3.9/site-packages/airflow/example_dags/example_setup_teardown_taskflow.py for tasks to queue
[2025-02-04T16:40:59.139+0000] {logging_mixin.py:190} INFO - [2025-02-04T16:40:59.138+0000] {dagbag.py:588} INFO - Filling up the DagBag from /home/airflow/.local/lib/python3.9/site-packages/airflow/example_dags/example_setup_teardown_taskflow.py
[2025-02-04T16:40:59.150+0000] {processor.py:925} INFO - DAG(s) 'example_setup_teardown_taskflow' retrieved from /home/airflow/.local/lib/python3.9/site-packages/airflow/example_dags/example_setup_teardown_taskflow.py
[2025-02-04T16:40:59.172+0000] {logging_mixin.py:190} INFO - [2025-02-04T16:40:59.172+0000] {dag.py:3239} INFO - Sync 1 DAGs
[2025-02-04T16:40:59.187+0000] {logging_mixin.py:190} INFO - [2025-02-04T16:40:59.187+0000] {dag.py:4180} INFO - Setting next_dagrun for example_setup_teardown_taskflow to None, run_after=None
[2025-02-04T16:40:59.212+0000] {processor.py:208} INFO - Processing /home/airflow/.local/lib/python3.9/site-packages/airflow/example_dags/example_setup_teardown_taskflow.py took 0.083 seconds
[2025-02-04T16:41:30.402+0000] {processor.py:186} INFO - Started process (PID=2177) to work on /home/airflow/.local/lib/python3.9/site-packages/airflow/example_dags/example_setup_teardown_taskflow.py
[2025-02-04T16:41:30.403+0000] {processor.py:914} INFO - Processing file /home/airflow/.local/lib/python3.9/site-packages/airflow/example_dags/example_setup_teardown_taskflow.py for tasks to queue
[2025-02-04T16:41:30.404+0000] {logging_mixin.py:190} INFO - [2025-02-04T16:41:30.404+0000] {dagbag.py:588} INFO - Filling up the DagBag from /home/airflow/.local/lib/python3.9/site-packages/airflow/example_dags/example_setup_teardown_taskflow.py
[2025-02-04T16:41:30.415+0000] {processor.py:925} INFO - DAG(s) 'example_setup_teardown_taskflow' retrieved from /home/airflow/.local/lib/python3.9/site-packages/airflow/example_dags/example_setup_teardown_taskflow.py
[2025-02-04T16:41:30.439+0000] {logging_mixin.py:190} INFO - [2025-02-04T16:41:30.438+0000] {dag.py:3239} INFO - Sync 1 DAGs
[2025-02-04T16:41:30.453+0000] {logging_mixin.py:190} INFO - [2025-02-04T16:41:30.453+0000] {dag.py:4180} INFO - Setting next_dagrun for example_setup_teardown_taskflow to None, run_after=None
[2025-02-04T16:41:30.478+0000] {processor.py:208} INFO - Processing /home/airflow/.local/lib/python3.9/site-packages/airflow/example_dags/example_setup_teardown_taskflow.py took 0.083 seconds
[2025-02-04T16:42:01.464+0000] {processor.py:186} INFO - Started process (PID=2241) to work on /home/airflow/.local/lib/python3.9/site-packages/airflow/example_dags/example_setup_teardown_taskflow.py
[2025-02-04T16:42:01.465+0000] {processor.py:914} INFO - Processing file /home/airflow/.local/lib/python3.9/site-packages/airflow/example_dags/example_setup_teardown_taskflow.py for tasks to queue
[2025-02-04T16:42:01.467+0000] {logging_mixin.py:190} INFO - [2025-02-04T16:42:01.466+0000] {dagbag.py:588} INFO - Filling up the DagBag from /home/airflow/.local/lib/python3.9/site-packages/airflow/example_dags/example_setup_teardown_taskflow.py
[2025-02-04T16:42:01.478+0000] {processor.py:925} INFO - DAG(s) 'example_setup_teardown_taskflow' retrieved from /home/airflow/.local/lib/python3.9/site-packages/airflow/example_dags/example_setup_teardown_taskflow.py
[2025-02-04T16:42:01.503+0000] {logging_mixin.py:190} INFO - [2025-02-04T16:42:01.502+0000] {dag.py:3239} INFO - Sync 1 DAGs
[2025-02-04T16:42:01.516+0000] {logging_mixin.py:190} INFO - [2025-02-04T16:42:01.515+0000] {dag.py:4180} INFO - Setting next_dagrun for example_setup_teardown_taskflow to None, run_after=None
[2025-02-04T16:42:01.542+0000] {processor.py:208} INFO - Processing /home/airflow/.local/lib/python3.9/site-packages/airflow/example_dags/example_setup_teardown_taskflow.py took 0.084 seconds
[2025-02-04T16:42:31.906+0000] {processor.py:186} INFO - Started process (PID=2305) to work on /home/airflow/.local/lib/python3.9/site-packages/airflow/example_dags/example_setup_teardown_taskflow.py
[2025-02-04T16:42:31.907+0000] {processor.py:914} INFO - Processing file /home/airflow/.local/lib/python3.9/site-packages/airflow/example_dags/example_setup_teardown_taskflow.py for tasks to queue
[2025-02-04T16:42:31.909+0000] {logging_mixin.py:190} INFO - [2025-02-04T16:42:31.909+0000] {dagbag.py:588} INFO - Filling up the DagBag from /home/airflow/.local/lib/python3.9/site-packages/airflow/example_dags/example_setup_teardown_taskflow.py
[2025-02-04T16:42:31.923+0000] {processor.py:925} INFO - DAG(s) 'example_setup_teardown_taskflow' retrieved from /home/airflow/.local/lib/python3.9/site-packages/airflow/example_dags/example_setup_teardown_taskflow.py
[2025-02-04T16:42:31.948+0000] {logging_mixin.py:190} INFO - [2025-02-04T16:42:31.948+0000] {dag.py:3239} INFO - Sync 1 DAGs
[2025-02-04T16:42:31.963+0000] {logging_mixin.py:190} INFO - [2025-02-04T16:42:31.963+0000] {dag.py:4180} INFO - Setting next_dagrun for example_setup_teardown_taskflow to None, run_after=None
[2025-02-04T16:42:31.992+0000] {processor.py:208} INFO - Processing /home/airflow/.local/lib/python3.9/site-packages/airflow/example_dags/example_setup_teardown_taskflow.py took 0.094 seconds
[2025-02-04T16:43:02.319+0000] {processor.py:186} INFO - Started process (PID=2369) to work on /home/airflow/.local/lib/python3.9/site-packages/airflow/example_dags/example_setup_teardown_taskflow.py
[2025-02-04T16:43:02.321+0000] {processor.py:914} INFO - Processing file /home/airflow/.local/lib/python3.9/site-packages/airflow/example_dags/example_setup_teardown_taskflow.py for tasks to queue
[2025-02-04T16:43:02.323+0000] {logging_mixin.py:190} INFO - [2025-02-04T16:43:02.322+0000] {dagbag.py:588} INFO - Filling up the DagBag from /home/airflow/.local/lib/python3.9/site-packages/airflow/example_dags/example_setup_teardown_taskflow.py
[2025-02-04T16:43:02.336+0000] {processor.py:925} INFO - DAG(s) 'example_setup_teardown_taskflow' retrieved from /home/airflow/.local/lib/python3.9/site-packages/airflow/example_dags/example_setup_teardown_taskflow.py
[2025-02-04T16:43:02.361+0000] {logging_mixin.py:190} INFO - [2025-02-04T16:43:02.361+0000] {dag.py:3239} INFO - Sync 1 DAGs
[2025-02-04T16:43:02.375+0000] {logging_mixin.py:190} INFO - [2025-02-04T16:43:02.375+0000] {dag.py:4180} INFO - Setting next_dagrun for example_setup_teardown_taskflow to None, run_after=None
[2025-02-04T16:43:02.402+0000] {processor.py:208} INFO - Processing /home/airflow/.local/lib/python3.9/site-packages/airflow/example_dags/example_setup_teardown_taskflow.py took 0.092 seconds
[2025-02-04T16:43:33.029+0000] {processor.py:186} INFO - Started process (PID=2433) to work on /home/airflow/.local/lib/python3.9/site-packages/airflow/example_dags/example_setup_teardown_taskflow.py
[2025-02-04T16:43:33.030+0000] {processor.py:914} INFO - Processing file /home/airflow/.local/lib/python3.9/site-packages/airflow/example_dags/example_setup_teardown_taskflow.py for tasks to queue
[2025-02-04T16:43:33.031+0000] {logging_mixin.py:190} INFO - [2025-02-04T16:43:33.031+0000] {dagbag.py:588} INFO - Filling up the DagBag from /home/airflow/.local/lib/python3.9/site-packages/airflow/example_dags/example_setup_teardown_taskflow.py
[2025-02-04T16:43:33.044+0000] {processor.py:925} INFO - DAG(s) 'example_setup_teardown_taskflow' retrieved from /home/airflow/.local/lib/python3.9/site-packages/airflow/example_dags/example_setup_teardown_taskflow.py
[2025-02-04T16:43:33.067+0000] {logging_mixin.py:190} INFO - [2025-02-04T16:43:33.067+0000] {dag.py:3239} INFO - Sync 1 DAGs
[2025-02-04T16:43:33.082+0000] {logging_mixin.py:190} INFO - [2025-02-04T16:43:33.081+0000] {dag.py:4180} INFO - Setting next_dagrun for example_setup_teardown_taskflow to None, run_after=None
[2025-02-04T16:43:33.112+0000] {processor.py:208} INFO - Processing /home/airflow/.local/lib/python3.9/site-packages/airflow/example_dags/example_setup_teardown_taskflow.py took 0.090 seconds
[2025-02-04T16:44:03.733+0000] {processor.py:186} INFO - Started process (PID=2497) to work on /home/airflow/.local/lib/python3.9/site-packages/airflow/example_dags/example_setup_teardown_taskflow.py
[2025-02-04T16:44:03.734+0000] {processor.py:914} INFO - Processing file /home/airflow/.local/lib/python3.9/site-packages/airflow/example_dags/example_setup_teardown_taskflow.py for tasks to queue
[2025-02-04T16:44:03.736+0000] {logging_mixin.py:190} INFO - [2025-02-04T16:44:03.736+0000] {dagbag.py:588} INFO - Filling up the DagBag from /home/airflow/.local/lib/python3.9/site-packages/airflow/example_dags/example_setup_teardown_taskflow.py
[2025-02-04T16:44:03.748+0000] {processor.py:925} INFO - DAG(s) 'example_setup_teardown_taskflow' retrieved from /home/airflow/.local/lib/python3.9/site-packages/airflow/example_dags/example_setup_teardown_taskflow.py
[2025-02-04T16:44:03.773+0000] {logging_mixin.py:190} INFO - [2025-02-04T16:44:03.773+0000] {dag.py:3239} INFO - Sync 1 DAGs
[2025-02-04T16:44:03.789+0000] {logging_mixin.py:190} INFO - [2025-02-04T16:44:03.789+0000] {dag.py:4180} INFO - Setting next_dagrun for example_setup_teardown_taskflow to None, run_after=None
[2025-02-04T16:44:03.819+0000] {processor.py:208} INFO - Processing /home/airflow/.local/lib/python3.9/site-packages/airflow/example_dags/example_setup_teardown_taskflow.py took 0.093 seconds
[2025-02-04T16:44:33.940+0000] {processor.py:186} INFO - Started process (PID=2561) to work on /home/airflow/.local/lib/python3.9/site-packages/airflow/example_dags/example_setup_teardown_taskflow.py
[2025-02-04T16:44:33.941+0000] {processor.py:914} INFO - Processing file /home/airflow/.local/lib/python3.9/site-packages/airflow/example_dags/example_setup_teardown_taskflow.py for tasks to queue
[2025-02-04T16:44:33.943+0000] {logging_mixin.py:190} INFO - [2025-02-04T16:44:33.942+0000] {dagbag.py:588} INFO - Filling up the DagBag from /home/airflow/.local/lib/python3.9/site-packages/airflow/example_dags/example_setup_teardown_taskflow.py
[2025-02-04T16:44:33.954+0000] {processor.py:925} INFO - DAG(s) 'example_setup_teardown_taskflow' retrieved from /home/airflow/.local/lib/python3.9/site-packages/airflow/example_dags/example_setup_teardown_taskflow.py
[2025-02-04T16:44:33.978+0000] {logging_mixin.py:190} INFO - [2025-02-04T16:44:33.978+0000] {dag.py:3239} INFO - Sync 1 DAGs
[2025-02-04T16:44:33.995+0000] {logging_mixin.py:190} INFO - [2025-02-04T16:44:33.995+0000] {dag.py:4180} INFO - Setting next_dagrun for example_setup_teardown_taskflow to None, run_after=None
[2025-02-04T16:44:34.026+0000] {processor.py:208} INFO - Processing /home/airflow/.local/lib/python3.9/site-packages/airflow/example_dags/example_setup_teardown_taskflow.py took 0.093 seconds
[2025-02-04T16:45:04.471+0000] {processor.py:186} INFO - Started process (PID=2625) to work on /home/airflow/.local/lib/python3.9/site-packages/airflow/example_dags/example_setup_teardown_taskflow.py
[2025-02-04T16:45:04.473+0000] {processor.py:914} INFO - Processing file /home/airflow/.local/lib/python3.9/site-packages/airflow/example_dags/example_setup_teardown_taskflow.py for tasks to queue
[2025-02-04T16:45:04.474+0000] {logging_mixin.py:190} INFO - [2025-02-04T16:45:04.474+0000] {dagbag.py:588} INFO - Filling up the DagBag from /home/airflow/.local/lib/python3.9/site-packages/airflow/example_dags/example_setup_teardown_taskflow.py
[2025-02-04T16:45:04.485+0000] {processor.py:925} INFO - DAG(s) 'example_setup_teardown_taskflow' retrieved from /home/airflow/.local/lib/python3.9/site-packages/airflow/example_dags/example_setup_teardown_taskflow.py
[2025-02-04T16:45:04.510+0000] {logging_mixin.py:190} INFO - [2025-02-04T16:45:04.510+0000] {dag.py:3239} INFO - Sync 1 DAGs
[2025-02-04T16:45:04.526+0000] {logging_mixin.py:190} INFO - [2025-02-04T16:45:04.526+0000] {dag.py:4180} INFO - Setting next_dagrun for example_setup_teardown_taskflow to None, run_after=None
[2025-02-04T16:45:04.553+0000] {processor.py:208} INFO - Processing /home/airflow/.local/lib/python3.9/site-packages/airflow/example_dags/example_setup_teardown_taskflow.py took 0.089 seconds
[2025-02-04T16:45:35.014+0000] {processor.py:186} INFO - Started process (PID=2696) to work on /home/airflow/.local/lib/python3.9/site-packages/airflow/example_dags/example_setup_teardown_taskflow.py
[2025-02-04T16:45:35.015+0000] {processor.py:914} INFO - Processing file /home/airflow/.local/lib/python3.9/site-packages/airflow/example_dags/example_setup_teardown_taskflow.py for tasks to queue
[2025-02-04T16:45:35.017+0000] {logging_mixin.py:190} INFO - [2025-02-04T16:45:35.017+0000] {dagbag.py:588} INFO - Filling up the DagBag from /home/airflow/.local/lib/python3.9/site-packages/airflow/example_dags/example_setup_teardown_taskflow.py
[2025-02-04T16:45:35.031+0000] {processor.py:925} INFO - DAG(s) 'example_setup_teardown_taskflow' retrieved from /home/airflow/.local/lib/python3.9/site-packages/airflow/example_dags/example_setup_teardown_taskflow.py
[2025-02-04T16:45:35.057+0000] {logging_mixin.py:190} INFO - [2025-02-04T16:45:35.057+0000] {dag.py:3239} INFO - Sync 1 DAGs
[2025-02-04T16:45:35.076+0000] {logging_mixin.py:190} INFO - [2025-02-04T16:45:35.076+0000] {dag.py:4180} INFO - Setting next_dagrun for example_setup_teardown_taskflow to None, run_after=None
[2025-02-04T16:45:35.101+0000] {processor.py:208} INFO - Processing /home/airflow/.local/lib/python3.9/site-packages/airflow/example_dags/example_setup_teardown_taskflow.py took 0.098 seconds
[2025-02-04T16:46:06.525+0000] {processor.py:186} INFO - Started process (PID=2763) to work on /home/airflow/.local/lib/python3.9/site-packages/airflow/example_dags/example_setup_teardown_taskflow.py
[2025-02-04T16:46:06.526+0000] {processor.py:914} INFO - Processing file /home/airflow/.local/lib/python3.9/site-packages/airflow/example_dags/example_setup_teardown_taskflow.py for tasks to queue
[2025-02-04T16:46:06.528+0000] {logging_mixin.py:190} INFO - [2025-02-04T16:46:06.528+0000] {dagbag.py:588} INFO - Filling up the DagBag from /home/airflow/.local/lib/python3.9/site-packages/airflow/example_dags/example_setup_teardown_taskflow.py
[2025-02-04T16:46:06.540+0000] {processor.py:925} INFO - DAG(s) 'example_setup_teardown_taskflow' retrieved from /home/airflow/.local/lib/python3.9/site-packages/airflow/example_dags/example_setup_teardown_taskflow.py
[2025-02-04T16:46:06.565+0000] {logging_mixin.py:190} INFO - [2025-02-04T16:46:06.565+0000] {dag.py:3239} INFO - Sync 1 DAGs
[2025-02-04T16:46:06.582+0000] {logging_mixin.py:190} INFO - [2025-02-04T16:46:06.582+0000] {dag.py:4180} INFO - Setting next_dagrun for example_setup_teardown_taskflow to None, run_after=None
[2025-02-04T16:46:06.609+0000] {processor.py:208} INFO - Processing /home/airflow/.local/lib/python3.9/site-packages/airflow/example_dags/example_setup_teardown_taskflow.py took 0.091 seconds
[2025-02-04T16:46:37.077+0000] {processor.py:186} INFO - Started process (PID=2827) to work on /home/airflow/.local/lib/python3.9/site-packages/airflow/example_dags/example_setup_teardown_taskflow.py
[2025-02-04T16:46:37.078+0000] {processor.py:914} INFO - Processing file /home/airflow/.local/lib/python3.9/site-packages/airflow/example_dags/example_setup_teardown_taskflow.py for tasks to queue
[2025-02-04T16:46:37.081+0000] {logging_mixin.py:190} INFO - [2025-02-04T16:46:37.080+0000] {dagbag.py:588} INFO - Filling up the DagBag from /home/airflow/.local/lib/python3.9/site-packages/airflow/example_dags/example_setup_teardown_taskflow.py
[2025-02-04T16:46:37.092+0000] {processor.py:925} INFO - DAG(s) 'example_setup_teardown_taskflow' retrieved from /home/airflow/.local/lib/python3.9/site-packages/airflow/example_dags/example_setup_teardown_taskflow.py
[2025-02-04T16:46:37.119+0000] {logging_mixin.py:190} INFO - [2025-02-04T16:46:37.119+0000] {dag.py:3239} INFO - Sync 1 DAGs
[2025-02-04T16:46:37.144+0000] {logging_mixin.py:190} INFO - [2025-02-04T16:46:37.144+0000] {dag.py:4180} INFO - Setting next_dagrun for example_setup_teardown_taskflow to None, run_after=None
[2025-02-04T16:46:37.176+0000] {processor.py:208} INFO - Processing /home/airflow/.local/lib/python3.9/site-packages/airflow/example_dags/example_setup_teardown_taskflow.py took 0.105 seconds
[2025-02-04T16:47:12.094+0000] {processor.py:186} INFO - Started process (PID=2891) to work on /home/airflow/.local/lib/python3.9/site-packages/airflow/example_dags/example_setup_teardown_taskflow.py
[2025-02-04T16:47:12.095+0000] {processor.py:914} INFO - Processing file /home/airflow/.local/lib/python3.9/site-packages/airflow/example_dags/example_setup_teardown_taskflow.py for tasks to queue
[2025-02-04T16:47:12.097+0000] {logging_mixin.py:190} INFO - [2025-02-04T16:47:12.097+0000] {dagbag.py:588} INFO - Filling up the DagBag from /home/airflow/.local/lib/python3.9/site-packages/airflow/example_dags/example_setup_teardown_taskflow.py
[2025-02-04T16:47:12.109+0000] {processor.py:925} INFO - DAG(s) 'example_setup_teardown_taskflow' retrieved from /home/airflow/.local/lib/python3.9/site-packages/airflow/example_dags/example_setup_teardown_taskflow.py
[2025-02-04T16:47:12.138+0000] {logging_mixin.py:190} INFO - [2025-02-04T16:47:12.137+0000] {dag.py:3239} INFO - Sync 1 DAGs
[2025-02-04T16:47:12.158+0000] {logging_mixin.py:190} INFO - [2025-02-04T16:47:12.158+0000] {dag.py:4180} INFO - Setting next_dagrun for example_setup_teardown_taskflow to None, run_after=None
[2025-02-04T16:47:12.182+0000] {processor.py:208} INFO - Processing /home/airflow/.local/lib/python3.9/site-packages/airflow/example_dags/example_setup_teardown_taskflow.py took 0.095 seconds
[2025-02-04T16:47:52.638+0000] {processor.py:186} INFO - Started process (PID=2955) to work on /home/airflow/.local/lib/python3.9/site-packages/airflow/example_dags/example_setup_teardown_taskflow.py
[2025-02-04T16:47:52.639+0000] {processor.py:914} INFO - Processing file /home/airflow/.local/lib/python3.9/site-packages/airflow/example_dags/example_setup_teardown_taskflow.py for tasks to queue
[2025-02-04T16:47:52.641+0000] {logging_mixin.py:190} INFO - [2025-02-04T16:47:52.641+0000] {dagbag.py:588} INFO - Filling up the DagBag from /home/airflow/.local/lib/python3.9/site-packages/airflow/example_dags/example_setup_teardown_taskflow.py
[2025-02-04T16:47:52.656+0000] {processor.py:925} INFO - DAG(s) 'example_setup_teardown_taskflow' retrieved from /home/airflow/.local/lib/python3.9/site-packages/airflow/example_dags/example_setup_teardown_taskflow.py
[2025-02-04T16:47:52.724+0000] {logging_mixin.py:190} INFO - [2025-02-04T16:47:52.724+0000] {dag.py:3239} INFO - Sync 1 DAGs
[2025-02-04T16:47:52.746+0000] {logging_mixin.py:190} INFO - [2025-02-04T16:47:52.745+0000] {dag.py:4180} INFO - Setting next_dagrun for example_setup_teardown_taskflow to None, run_after=None
[2025-02-04T16:47:52.777+0000] {processor.py:208} INFO - Processing /home/airflow/.local/lib/python3.9/site-packages/airflow/example_dags/example_setup_teardown_taskflow.py took 0.147 seconds
[2025-02-04T16:48:23.210+0000] {processor.py:186} INFO - Started process (PID=3020) to work on /home/airflow/.local/lib/python3.9/site-packages/airflow/example_dags/example_setup_teardown_taskflow.py
[2025-02-04T16:48:23.211+0000] {processor.py:914} INFO - Processing file /home/airflow/.local/lib/python3.9/site-packages/airflow/example_dags/example_setup_teardown_taskflow.py for tasks to queue
[2025-02-04T16:48:23.213+0000] {logging_mixin.py:190} INFO - [2025-02-04T16:48:23.212+0000] {dagbag.py:588} INFO - Filling up the DagBag from /home/airflow/.local/lib/python3.9/site-packages/airflow/example_dags/example_setup_teardown_taskflow.py
[2025-02-04T16:48:23.224+0000] {processor.py:925} INFO - DAG(s) 'example_setup_teardown_taskflow' retrieved from /home/airflow/.local/lib/python3.9/site-packages/airflow/example_dags/example_setup_teardown_taskflow.py
[2025-02-04T16:48:23.250+0000] {logging_mixin.py:190} INFO - [2025-02-04T16:48:23.250+0000] {dag.py:3239} INFO - Sync 1 DAGs
[2025-02-04T16:48:23.265+0000] {logging_mixin.py:190} INFO - [2025-02-04T16:48:23.265+0000] {dag.py:4180} INFO - Setting next_dagrun for example_setup_teardown_taskflow to None, run_after=None
[2025-02-04T16:48:23.295+0000] {processor.py:208} INFO - Processing /home/airflow/.local/lib/python3.9/site-packages/airflow/example_dags/example_setup_teardown_taskflow.py took 0.092 seconds
[2025-02-04T16:48:53.347+0000] {processor.py:186} INFO - Started process (PID=3083) to work on /home/airflow/.local/lib/python3.9/site-packages/airflow/example_dags/example_setup_teardown_taskflow.py
[2025-02-04T16:48:53.348+0000] {processor.py:914} INFO - Processing file /home/airflow/.local/lib/python3.9/site-packages/airflow/example_dags/example_setup_teardown_taskflow.py for tasks to queue
[2025-02-04T16:48:53.350+0000] {logging_mixin.py:190} INFO - [2025-02-04T16:48:53.349+0000] {dagbag.py:588} INFO - Filling up the DagBag from /home/airflow/.local/lib/python3.9/site-packages/airflow/example_dags/example_setup_teardown_taskflow.py
[2025-02-04T16:48:53.361+0000] {processor.py:925} INFO - DAG(s) 'example_setup_teardown_taskflow' retrieved from /home/airflow/.local/lib/python3.9/site-packages/airflow/example_dags/example_setup_teardown_taskflow.py
[2025-02-04T16:48:53.385+0000] {logging_mixin.py:190} INFO - [2025-02-04T16:48:53.384+0000] {dag.py:3239} INFO - Sync 1 DAGs
[2025-02-04T16:48:53.401+0000] {logging_mixin.py:190} INFO - [2025-02-04T16:48:53.401+0000] {dag.py:4180} INFO - Setting next_dagrun for example_setup_teardown_taskflow to None, run_after=None
[2025-02-04T16:48:53.433+0000] {processor.py:208} INFO - Processing /home/airflow/.local/lib/python3.9/site-packages/airflow/example_dags/example_setup_teardown_taskflow.py took 0.096 seconds
[2025-02-04T16:49:23.777+0000] {processor.py:186} INFO - Started process (PID=3155) to work on /home/airflow/.local/lib/python3.9/site-packages/airflow/example_dags/example_setup_teardown_taskflow.py
[2025-02-04T16:49:23.779+0000] {processor.py:914} INFO - Processing file /home/airflow/.local/lib/python3.9/site-packages/airflow/example_dags/example_setup_teardown_taskflow.py for tasks to queue
[2025-02-04T16:49:23.780+0000] {logging_mixin.py:190} INFO - [2025-02-04T16:49:23.780+0000] {dagbag.py:588} INFO - Filling up the DagBag from /home/airflow/.local/lib/python3.9/site-packages/airflow/example_dags/example_setup_teardown_taskflow.py
[2025-02-04T16:49:23.791+0000] {processor.py:925} INFO - DAG(s) 'example_setup_teardown_taskflow' retrieved from /home/airflow/.local/lib/python3.9/site-packages/airflow/example_dags/example_setup_teardown_taskflow.py
[2025-02-04T16:49:23.815+0000] {logging_mixin.py:190} INFO - [2025-02-04T16:49:23.815+0000] {dag.py:3239} INFO - Sync 1 DAGs
[2025-02-04T16:49:23.832+0000] {logging_mixin.py:190} INFO - [2025-02-04T16:49:23.831+0000] {dag.py:4180} INFO - Setting next_dagrun for example_setup_teardown_taskflow to None, run_after=None
[2025-02-04T16:49:23.855+0000] {processor.py:208} INFO - Processing /home/airflow/.local/lib/python3.9/site-packages/airflow/example_dags/example_setup_teardown_taskflow.py took 0.084 seconds
[2025-02-04T16:49:54.092+0000] {processor.py:186} INFO - Started process (PID=3219) to work on /home/airflow/.local/lib/python3.9/site-packages/airflow/example_dags/example_setup_teardown_taskflow.py
[2025-02-04T16:49:54.094+0000] {processor.py:914} INFO - Processing file /home/airflow/.local/lib/python3.9/site-packages/airflow/example_dags/example_setup_teardown_taskflow.py for tasks to queue
[2025-02-04T16:49:54.095+0000] {logging_mixin.py:190} INFO - [2025-02-04T16:49:54.095+0000] {dagbag.py:588} INFO - Filling up the DagBag from /home/airflow/.local/lib/python3.9/site-packages/airflow/example_dags/example_setup_teardown_taskflow.py
[2025-02-04T16:49:54.106+0000] {processor.py:925} INFO - DAG(s) 'example_setup_teardown_taskflow' retrieved from /home/airflow/.local/lib/python3.9/site-packages/airflow/example_dags/example_setup_teardown_taskflow.py
[2025-02-04T16:49:54.127+0000] {logging_mixin.py:190} INFO - [2025-02-04T16:49:54.127+0000] {dag.py:3239} INFO - Sync 1 DAGs
[2025-02-04T16:49:54.142+0000] {logging_mixin.py:190} INFO - [2025-02-04T16:49:54.141+0000] {dag.py:4180} INFO - Setting next_dagrun for example_setup_teardown_taskflow to None, run_after=None
[2025-02-04T16:49:54.168+0000] {processor.py:208} INFO - Processing /home/airflow/.local/lib/python3.9/site-packages/airflow/example_dags/example_setup_teardown_taskflow.py took 0.082 seconds
