[2025-02-04T16:22:53.164+0000] {processor.py:186} INFO - Started process (PID=118) to work on /home/airflow/.local/lib/python3.9/site-packages/airflow/example_dags/example_latest_only_with_trigger.py
[2025-02-04T16:22:54.201+0000] {processor.py:914} INFO - Processing file /home/airflow/.local/lib/python3.9/site-packages/airflow/example_dags/example_latest_only_with_trigger.py for tasks to queue
[2025-02-04T16:22:54.207+0000] {logging_mixin.py:190} INFO - [2025-02-04T16:22:54.206+0000] {dagbag.py:588} INFO - Filling up the DagBag from /home/airflow/.local/lib/python3.9/site-packages/airflow/example_dags/example_latest_only_with_trigger.py
[2025-02-04T16:22:54.218+0000] {processor.py:925} INFO - DAG(s) 'latest_only_with_trigger' retrieved from /home/airflow/.local/lib/python3.9/site-packages/airflow/example_dags/example_latest_only_with_trigger.py
[2025-02-04T16:22:54.324+0000] {logging_mixin.py:190} INFO - [2025-02-04T16:22:54.324+0000] {override.py:1912} INFO - Created Permission View: can delete on DAG:latest_only_with_trigger
[2025-02-04T16:22:54.344+0000] {logging_mixin.py:190} INFO - [2025-02-04T16:22:54.344+0000] {override.py:1912} INFO - Created Permission View: can edit on DAG:latest_only_with_trigger
[2025-02-04T16:22:54.359+0000] {logging_mixin.py:190} INFO - [2025-02-04T16:22:54.358+0000] {override.py:1912} INFO - Created Permission View: can read on DAG:latest_only_with_trigger
[2025-02-04T16:22:54.381+0000] {logging_mixin.py:190} INFO - [2025-02-04T16:22:54.381+0000] {override.py:1912} INFO - Created Permission View: can delete on DAG Run:latest_only_with_trigger
[2025-02-04T16:22:54.395+0000] {logging_mixin.py:190} INFO - [2025-02-04T16:22:54.395+0000] {override.py:1912} INFO - Created Permission View: menu access on DAG Run:latest_only_with_trigger
[2025-02-04T16:22:54.410+0000] {logging_mixin.py:190} INFO - [2025-02-04T16:22:54.409+0000] {override.py:1912} INFO - Created Permission View: can read on DAG Run:latest_only_with_trigger
[2025-02-04T16:22:54.424+0000] {logging_mixin.py:190} INFO - [2025-02-04T16:22:54.423+0000] {override.py:1912} INFO - Created Permission View: can create on DAG Run:latest_only_with_trigger
[2025-02-04T16:22:54.425+0000] {logging_mixin.py:190} INFO - [2025-02-04T16:22:54.425+0000] {dag.py:3239} INFO - Sync 1 DAGs
[2025-02-04T16:22:54.438+0000] {logging_mixin.py:190} INFO - [2025-02-04T16:22:54.438+0000] {dag.py:3262} INFO - Creating ORM DAG for latest_only_with_trigger
[2025-02-04T16:22:54.448+0000] {logging_mixin.py:190} INFO - [2025-02-04T16:22:54.448+0000] {dag.py:4180} INFO - Setting next_dagrun for latest_only_with_trigger to 2025-02-04 12:00:00+00:00, run_after=2025-02-04 16:00:00+00:00
[2025-02-04T16:22:54.471+0000] {processor.py:208} INFO - Processing /home/airflow/.local/lib/python3.9/site-packages/airflow/example_dags/example_latest_only_with_trigger.py took 1.314 seconds
[2025-02-04T16:23:33.605+0000] {processor.py:186} INFO - Started process (PID=182) to work on /home/airflow/.local/lib/python3.9/site-packages/airflow/example_dags/example_latest_only_with_trigger.py
[2025-02-04T16:23:33.607+0000] {processor.py:914} INFO - Processing file /home/airflow/.local/lib/python3.9/site-packages/airflow/example_dags/example_latest_only_with_trigger.py for tasks to queue
[2025-02-04T16:23:33.610+0000] {logging_mixin.py:190} INFO - [2025-02-04T16:23:33.609+0000] {dagbag.py:588} INFO - Filling up the DagBag from /home/airflow/.local/lib/python3.9/site-packages/airflow/example_dags/example_latest_only_with_trigger.py
[2025-02-04T16:23:33.617+0000] {processor.py:925} INFO - DAG(s) 'latest_only_with_trigger' retrieved from /home/airflow/.local/lib/python3.9/site-packages/airflow/example_dags/example_latest_only_with_trigger.py
[2025-02-04T16:23:33.640+0000] {logging_mixin.py:190} INFO - [2025-02-04T16:23:33.640+0000] {dag.py:3239} INFO - Sync 1 DAGs
[2025-02-04T16:23:33.661+0000] {logging_mixin.py:190} INFO - [2025-02-04T16:23:33.661+0000] {dag.py:4180} INFO - Setting next_dagrun for latest_only_with_trigger to 2025-02-04 12:00:00+00:00, run_after=2025-02-04 16:00:00+00:00
[2025-02-04T16:23:33.685+0000] {processor.py:208} INFO - Processing /home/airflow/.local/lib/python3.9/site-packages/airflow/example_dags/example_latest_only_with_trigger.py took 0.086 seconds
[2025-02-04T16:24:04.133+0000] {processor.py:186} INFO - Started process (PID=244) to work on /home/airflow/.local/lib/python3.9/site-packages/airflow/example_dags/example_latest_only_with_trigger.py
[2025-02-04T16:24:04.134+0000] {processor.py:914} INFO - Processing file /home/airflow/.local/lib/python3.9/site-packages/airflow/example_dags/example_latest_only_with_trigger.py for tasks to queue
[2025-02-04T16:24:04.137+0000] {logging_mixin.py:190} INFO - [2025-02-04T16:24:04.137+0000] {dagbag.py:588} INFO - Filling up the DagBag from /home/airflow/.local/lib/python3.9/site-packages/airflow/example_dags/example_latest_only_with_trigger.py
[2025-02-04T16:24:04.147+0000] {processor.py:925} INFO - DAG(s) 'latest_only_with_trigger' retrieved from /home/airflow/.local/lib/python3.9/site-packages/airflow/example_dags/example_latest_only_with_trigger.py
[2025-02-04T16:24:04.169+0000] {logging_mixin.py:190} INFO - [2025-02-04T16:24:04.169+0000] {dag.py:3239} INFO - Sync 1 DAGs
[2025-02-04T16:24:04.192+0000] {logging_mixin.py:190} INFO - [2025-02-04T16:24:04.192+0000] {dag.py:4180} INFO - Setting next_dagrun for latest_only_with_trigger to 2025-02-04 12:00:00+00:00, run_after=2025-02-04 16:00:00+00:00
[2025-02-04T16:24:04.218+0000] {processor.py:208} INFO - Processing /home/airflow/.local/lib/python3.9/site-packages/airflow/example_dags/example_latest_only_with_trigger.py took 0.092 seconds
[2025-02-04T16:24:34.898+0000] {processor.py:186} INFO - Started process (PID=308) to work on /home/airflow/.local/lib/python3.9/site-packages/airflow/example_dags/example_latest_only_with_trigger.py
[2025-02-04T16:24:34.900+0000] {processor.py:914} INFO - Processing file /home/airflow/.local/lib/python3.9/site-packages/airflow/example_dags/example_latest_only_with_trigger.py for tasks to queue
[2025-02-04T16:24:34.903+0000] {logging_mixin.py:190} INFO - [2025-02-04T16:24:34.903+0000] {dagbag.py:588} INFO - Filling up the DagBag from /home/airflow/.local/lib/python3.9/site-packages/airflow/example_dags/example_latest_only_with_trigger.py
[2025-02-04T16:24:34.912+0000] {processor.py:925} INFO - DAG(s) 'latest_only_with_trigger' retrieved from /home/airflow/.local/lib/python3.9/site-packages/airflow/example_dags/example_latest_only_with_trigger.py
[2025-02-04T16:24:35.165+0000] {logging_mixin.py:190} INFO - [2025-02-04T16:24:35.165+0000] {dag.py:3239} INFO - Sync 1 DAGs
[2025-02-04T16:24:35.189+0000] {logging_mixin.py:190} INFO - [2025-02-04T16:24:35.188+0000] {dag.py:4180} INFO - Setting next_dagrun for latest_only_with_trigger to 2025-02-04 12:00:00+00:00, run_after=2025-02-04 16:00:00+00:00
[2025-02-04T16:24:35.220+0000] {processor.py:208} INFO - Processing /home/airflow/.local/lib/python3.9/site-packages/airflow/example_dags/example_latest_only_with_trigger.py took 0.328 seconds
[2025-02-04T16:25:05.806+0000] {processor.py:186} INFO - Started process (PID=372) to work on /home/airflow/.local/lib/python3.9/site-packages/airflow/example_dags/example_latest_only_with_trigger.py
[2025-02-04T16:25:05.808+0000] {processor.py:914} INFO - Processing file /home/airflow/.local/lib/python3.9/site-packages/airflow/example_dags/example_latest_only_with_trigger.py for tasks to queue
[2025-02-04T16:25:05.811+0000] {logging_mixin.py:190} INFO - [2025-02-04T16:25:05.811+0000] {dagbag.py:588} INFO - Filling up the DagBag from /home/airflow/.local/lib/python3.9/site-packages/airflow/example_dags/example_latest_only_with_trigger.py
[2025-02-04T16:25:05.822+0000] {processor.py:925} INFO - DAG(s) 'latest_only_with_trigger' retrieved from /home/airflow/.local/lib/python3.9/site-packages/airflow/example_dags/example_latest_only_with_trigger.py
[2025-02-04T16:25:05.845+0000] {logging_mixin.py:190} INFO - [2025-02-04T16:25:05.845+0000] {dag.py:3239} INFO - Sync 1 DAGs
[2025-02-04T16:25:05.873+0000] {logging_mixin.py:190} INFO - [2025-02-04T16:25:05.873+0000] {dag.py:4180} INFO - Setting next_dagrun for latest_only_with_trigger to 2025-02-04 12:00:00+00:00, run_after=2025-02-04 16:00:00+00:00
[2025-02-04T16:25:05.904+0000] {processor.py:208} INFO - Processing /home/airflow/.local/lib/python3.9/site-packages/airflow/example_dags/example_latest_only_with_trigger.py took 0.104 seconds
[2025-02-04T16:25:36.166+0000] {processor.py:186} INFO - Started process (PID=436) to work on /home/airflow/.local/lib/python3.9/site-packages/airflow/example_dags/example_latest_only_with_trigger.py
[2025-02-04T16:25:36.167+0000] {processor.py:914} INFO - Processing file /home/airflow/.local/lib/python3.9/site-packages/airflow/example_dags/example_latest_only_with_trigger.py for tasks to queue
[2025-02-04T16:25:36.170+0000] {logging_mixin.py:190} INFO - [2025-02-04T16:25:36.169+0000] {dagbag.py:588} INFO - Filling up the DagBag from /home/airflow/.local/lib/python3.9/site-packages/airflow/example_dags/example_latest_only_with_trigger.py
[2025-02-04T16:25:36.179+0000] {processor.py:925} INFO - DAG(s) 'latest_only_with_trigger' retrieved from /home/airflow/.local/lib/python3.9/site-packages/airflow/example_dags/example_latest_only_with_trigger.py
[2025-02-04T16:25:36.200+0000] {logging_mixin.py:190} INFO - [2025-02-04T16:25:36.200+0000] {dag.py:3239} INFO - Sync 1 DAGs
[2025-02-04T16:25:36.232+0000] {logging_mixin.py:190} INFO - [2025-02-04T16:25:36.232+0000] {dag.py:4180} INFO - Setting next_dagrun for latest_only_with_trigger to 2025-02-04 12:00:00+00:00, run_after=2025-02-04 16:00:00+00:00
[2025-02-04T16:25:36.260+0000] {processor.py:208} INFO - Processing /home/airflow/.local/lib/python3.9/site-packages/airflow/example_dags/example_latest_only_with_trigger.py took 0.102 seconds
[2025-02-04T16:26:06.536+0000] {processor.py:186} INFO - Started process (PID=507) to work on /home/airflow/.local/lib/python3.9/site-packages/airflow/example_dags/example_latest_only_with_trigger.py
[2025-02-04T16:26:06.538+0000] {processor.py:914} INFO - Processing file /home/airflow/.local/lib/python3.9/site-packages/airflow/example_dags/example_latest_only_with_trigger.py for tasks to queue
[2025-02-04T16:26:06.541+0000] {logging_mixin.py:190} INFO - [2025-02-04T16:26:06.540+0000] {dagbag.py:588} INFO - Filling up the DagBag from /home/airflow/.local/lib/python3.9/site-packages/airflow/example_dags/example_latest_only_with_trigger.py
[2025-02-04T16:26:06.550+0000] {processor.py:925} INFO - DAG(s) 'latest_only_with_trigger' retrieved from /home/airflow/.local/lib/python3.9/site-packages/airflow/example_dags/example_latest_only_with_trigger.py
[2025-02-04T16:26:06.575+0000] {logging_mixin.py:190} INFO - [2025-02-04T16:26:06.575+0000] {dag.py:3239} INFO - Sync 1 DAGs
[2025-02-04T16:26:06.599+0000] {logging_mixin.py:190} INFO - [2025-02-04T16:26:06.599+0000] {dag.py:4180} INFO - Setting next_dagrun for latest_only_with_trigger to 2025-02-04 12:00:00+00:00, run_after=2025-02-04 16:00:00+00:00
[2025-02-04T16:26:06.626+0000] {processor.py:208} INFO - Processing /home/airflow/.local/lib/python3.9/site-packages/airflow/example_dags/example_latest_only_with_trigger.py took 0.098 seconds
[2025-02-04T16:26:37.611+0000] {processor.py:186} INFO - Started process (PID=571) to work on /home/airflow/.local/lib/python3.9/site-packages/airflow/example_dags/example_latest_only_with_trigger.py
[2025-02-04T16:26:37.612+0000] {processor.py:914} INFO - Processing file /home/airflow/.local/lib/python3.9/site-packages/airflow/example_dags/example_latest_only_with_trigger.py for tasks to queue
[2025-02-04T16:26:37.615+0000] {logging_mixin.py:190} INFO - [2025-02-04T16:26:37.615+0000] {dagbag.py:588} INFO - Filling up the DagBag from /home/airflow/.local/lib/python3.9/site-packages/airflow/example_dags/example_latest_only_with_trigger.py
[2025-02-04T16:26:37.625+0000] {processor.py:925} INFO - DAG(s) 'latest_only_with_trigger' retrieved from /home/airflow/.local/lib/python3.9/site-packages/airflow/example_dags/example_latest_only_with_trigger.py
[2025-02-04T16:26:37.651+0000] {logging_mixin.py:190} INFO - [2025-02-04T16:26:37.651+0000] {dag.py:3239} INFO - Sync 1 DAGs
[2025-02-04T16:26:37.684+0000] {logging_mixin.py:190} INFO - [2025-02-04T16:26:37.683+0000] {dag.py:4180} INFO - Setting next_dagrun for latest_only_with_trigger to 2025-02-04 12:00:00+00:00, run_after=2025-02-04 16:00:00+00:00
[2025-02-04T16:26:37.712+0000] {processor.py:208} INFO - Processing /home/airflow/.local/lib/python3.9/site-packages/airflow/example_dags/example_latest_only_with_trigger.py took 0.109 seconds
[2025-02-04T16:27:08.084+0000] {processor.py:186} INFO - Started process (PID=635) to work on /home/airflow/.local/lib/python3.9/site-packages/airflow/example_dags/example_latest_only_with_trigger.py
[2025-02-04T16:27:08.085+0000] {processor.py:914} INFO - Processing file /home/airflow/.local/lib/python3.9/site-packages/airflow/example_dags/example_latest_only_with_trigger.py for tasks to queue
[2025-02-04T16:27:08.089+0000] {logging_mixin.py:190} INFO - [2025-02-04T16:27:08.088+0000] {dagbag.py:588} INFO - Filling up the DagBag from /home/airflow/.local/lib/python3.9/site-packages/airflow/example_dags/example_latest_only_with_trigger.py
[2025-02-04T16:27:08.097+0000] {processor.py:925} INFO - DAG(s) 'latest_only_with_trigger' retrieved from /home/airflow/.local/lib/python3.9/site-packages/airflow/example_dags/example_latest_only_with_trigger.py
[2025-02-04T16:27:08.120+0000] {logging_mixin.py:190} INFO - [2025-02-04T16:27:08.119+0000] {dag.py:3239} INFO - Sync 1 DAGs
[2025-02-04T16:27:08.144+0000] {logging_mixin.py:190} INFO - [2025-02-04T16:27:08.144+0000] {dag.py:4180} INFO - Setting next_dagrun for latest_only_with_trigger to 2025-02-04 12:00:00+00:00, run_after=2025-02-04 16:00:00+00:00
[2025-02-04T16:27:08.171+0000] {processor.py:208} INFO - Processing /home/airflow/.local/lib/python3.9/site-packages/airflow/example_dags/example_latest_only_with_trigger.py took 0.094 seconds
[2025-02-04T16:27:38.884+0000] {processor.py:186} INFO - Started process (PID=702) to work on /home/airflow/.local/lib/python3.9/site-packages/airflow/example_dags/example_latest_only_with_trigger.py
[2025-02-04T16:27:38.886+0000] {processor.py:914} INFO - Processing file /home/airflow/.local/lib/python3.9/site-packages/airflow/example_dags/example_latest_only_with_trigger.py for tasks to queue
[2025-02-04T16:27:38.889+0000] {logging_mixin.py:190} INFO - [2025-02-04T16:27:38.888+0000] {dagbag.py:588} INFO - Filling up the DagBag from /home/airflow/.local/lib/python3.9/site-packages/airflow/example_dags/example_latest_only_with_trigger.py
[2025-02-04T16:27:38.898+0000] {processor.py:925} INFO - DAG(s) 'latest_only_with_trigger' retrieved from /home/airflow/.local/lib/python3.9/site-packages/airflow/example_dags/example_latest_only_with_trigger.py
[2025-02-04T16:27:38.921+0000] {logging_mixin.py:190} INFO - [2025-02-04T16:27:38.921+0000] {dag.py:3239} INFO - Sync 1 DAGs
[2025-02-04T16:27:38.945+0000] {logging_mixin.py:190} INFO - [2025-02-04T16:27:38.945+0000] {dag.py:4180} INFO - Setting next_dagrun for latest_only_with_trigger to 2025-02-04 12:00:00+00:00, run_after=2025-02-04 16:00:00+00:00
[2025-02-04T16:27:38.971+0000] {processor.py:208} INFO - Processing /home/airflow/.local/lib/python3.9/site-packages/airflow/example_dags/example_latest_only_with_trigger.py took 0.093 seconds
[2025-02-04T16:28:10.627+0000] {processor.py:186} INFO - Started process (PID=767) to work on /home/airflow/.local/lib/python3.9/site-packages/airflow/example_dags/example_latest_only_with_trigger.py
[2025-02-04T16:28:10.628+0000] {processor.py:914} INFO - Processing file /home/airflow/.local/lib/python3.9/site-packages/airflow/example_dags/example_latest_only_with_trigger.py for tasks to queue
[2025-02-04T16:28:10.632+0000] {logging_mixin.py:190} INFO - [2025-02-04T16:28:10.631+0000] {dagbag.py:588} INFO - Filling up the DagBag from /home/airflow/.local/lib/python3.9/site-packages/airflow/example_dags/example_latest_only_with_trigger.py
[2025-02-04T16:28:10.642+0000] {processor.py:925} INFO - DAG(s) 'latest_only_with_trigger' retrieved from /home/airflow/.local/lib/python3.9/site-packages/airflow/example_dags/example_latest_only_with_trigger.py
[2025-02-04T16:28:10.667+0000] {logging_mixin.py:190} INFO - [2025-02-04T16:28:10.667+0000] {dag.py:3239} INFO - Sync 1 DAGs
[2025-02-04T16:28:10.692+0000] {logging_mixin.py:190} INFO - [2025-02-04T16:28:10.692+0000] {dag.py:4180} INFO - Setting next_dagrun for latest_only_with_trigger to 2025-02-04 12:00:00+00:00, run_after=2025-02-04 16:00:00+00:00
[2025-02-04T16:28:10.719+0000] {processor.py:208} INFO - Processing /home/airflow/.local/lib/python3.9/site-packages/airflow/example_dags/example_latest_only_with_trigger.py took 0.099 seconds
[2025-02-04T16:28:40.891+0000] {processor.py:186} INFO - Started process (PID=831) to work on /home/airflow/.local/lib/python3.9/site-packages/airflow/example_dags/example_latest_only_with_trigger.py
[2025-02-04T16:28:40.892+0000] {processor.py:914} INFO - Processing file /home/airflow/.local/lib/python3.9/site-packages/airflow/example_dags/example_latest_only_with_trigger.py for tasks to queue
[2025-02-04T16:28:40.895+0000] {logging_mixin.py:190} INFO - [2025-02-04T16:28:40.895+0000] {dagbag.py:588} INFO - Filling up the DagBag from /home/airflow/.local/lib/python3.9/site-packages/airflow/example_dags/example_latest_only_with_trigger.py
[2025-02-04T16:28:40.904+0000] {processor.py:925} INFO - DAG(s) 'latest_only_with_trigger' retrieved from /home/airflow/.local/lib/python3.9/site-packages/airflow/example_dags/example_latest_only_with_trigger.py
[2025-02-04T16:28:40.929+0000] {logging_mixin.py:190} INFO - [2025-02-04T16:28:40.929+0000] {dag.py:3239} INFO - Sync 1 DAGs
[2025-02-04T16:28:40.954+0000] {logging_mixin.py:190} INFO - [2025-02-04T16:28:40.954+0000] {dag.py:4180} INFO - Setting next_dagrun for latest_only_with_trigger to 2025-02-04 12:00:00+00:00, run_after=2025-02-04 16:00:00+00:00
[2025-02-04T16:28:40.982+0000] {processor.py:208} INFO - Processing /home/airflow/.local/lib/python3.9/site-packages/airflow/example_dags/example_latest_only_with_trigger.py took 0.098 seconds
[2025-02-04T16:29:11.147+0000] {processor.py:186} INFO - Started process (PID=895) to work on /home/airflow/.local/lib/python3.9/site-packages/airflow/example_dags/example_latest_only_with_trigger.py
[2025-02-04T16:29:11.148+0000] {processor.py:914} INFO - Processing file /home/airflow/.local/lib/python3.9/site-packages/airflow/example_dags/example_latest_only_with_trigger.py for tasks to queue
[2025-02-04T16:29:11.152+0000] {logging_mixin.py:190} INFO - [2025-02-04T16:29:11.151+0000] {dagbag.py:588} INFO - Filling up the DagBag from /home/airflow/.local/lib/python3.9/site-packages/airflow/example_dags/example_latest_only_with_trigger.py
[2025-02-04T16:29:11.160+0000] {processor.py:925} INFO - DAG(s) 'latest_only_with_trigger' retrieved from /home/airflow/.local/lib/python3.9/site-packages/airflow/example_dags/example_latest_only_with_trigger.py
[2025-02-04T16:29:11.184+0000] {logging_mixin.py:190} INFO - [2025-02-04T16:29:11.184+0000] {dag.py:3239} INFO - Sync 1 DAGs
[2025-02-04T16:29:11.209+0000] {logging_mixin.py:190} INFO - [2025-02-04T16:29:11.209+0000] {dag.py:4180} INFO - Setting next_dagrun for latest_only_with_trigger to 2025-02-04 12:00:00+00:00, run_after=2025-02-04 16:00:00+00:00
[2025-02-04T16:29:11.237+0000] {processor.py:208} INFO - Processing /home/airflow/.local/lib/python3.9/site-packages/airflow/example_dags/example_latest_only_with_trigger.py took 0.096 seconds
[2025-02-04T16:29:41.374+0000] {processor.py:186} INFO - Started process (PID=958) to work on /home/airflow/.local/lib/python3.9/site-packages/airflow/example_dags/example_latest_only_with_trigger.py
[2025-02-04T16:29:41.375+0000] {processor.py:914} INFO - Processing file /home/airflow/.local/lib/python3.9/site-packages/airflow/example_dags/example_latest_only_with_trigger.py for tasks to queue
[2025-02-04T16:29:41.378+0000] {logging_mixin.py:190} INFO - [2025-02-04T16:29:41.378+0000] {dagbag.py:588} INFO - Filling up the DagBag from /home/airflow/.local/lib/python3.9/site-packages/airflow/example_dags/example_latest_only_with_trigger.py
[2025-02-04T16:29:41.387+0000] {processor.py:925} INFO - DAG(s) 'latest_only_with_trigger' retrieved from /home/airflow/.local/lib/python3.9/site-packages/airflow/example_dags/example_latest_only_with_trigger.py
[2025-02-04T16:29:41.412+0000] {logging_mixin.py:190} INFO - [2025-02-04T16:29:41.412+0000] {dag.py:3239} INFO - Sync 1 DAGs
[2025-02-04T16:29:41.436+0000] {logging_mixin.py:190} INFO - [2025-02-04T16:29:41.436+0000] {dag.py:4180} INFO - Setting next_dagrun for latest_only_with_trigger to 2025-02-04 12:00:00+00:00, run_after=2025-02-04 16:00:00+00:00
[2025-02-04T16:29:41.461+0000] {processor.py:208} INFO - Processing /home/airflow/.local/lib/python3.9/site-packages/airflow/example_dags/example_latest_only_with_trigger.py took 0.094 seconds
[2025-02-04T16:30:11.503+0000] {processor.py:186} INFO - Started process (PID=1021) to work on /home/airflow/.local/lib/python3.9/site-packages/airflow/example_dags/example_latest_only_with_trigger.py
[2025-02-04T16:30:11.505+0000] {processor.py:914} INFO - Processing file /home/airflow/.local/lib/python3.9/site-packages/airflow/example_dags/example_latest_only_with_trigger.py for tasks to queue
[2025-02-04T16:30:11.508+0000] {logging_mixin.py:190} INFO - [2025-02-04T16:30:11.508+0000] {dagbag.py:588} INFO - Filling up the DagBag from /home/airflow/.local/lib/python3.9/site-packages/airflow/example_dags/example_latest_only_with_trigger.py
[2025-02-04T16:30:11.517+0000] {processor.py:925} INFO - DAG(s) 'latest_only_with_trigger' retrieved from /home/airflow/.local/lib/python3.9/site-packages/airflow/example_dags/example_latest_only_with_trigger.py
[2025-02-04T16:30:11.544+0000] {logging_mixin.py:190} INFO - [2025-02-04T16:30:11.543+0000] {dag.py:3239} INFO - Sync 1 DAGs
[2025-02-04T16:30:11.568+0000] {logging_mixin.py:190} INFO - [2025-02-04T16:30:11.567+0000] {dag.py:4180} INFO - Setting next_dagrun for latest_only_with_trigger to 2025-02-04 12:00:00+00:00, run_after=2025-02-04 16:00:00+00:00
[2025-02-04T16:30:11.601+0000] {processor.py:208} INFO - Processing /home/airflow/.local/lib/python3.9/site-packages/airflow/example_dags/example_latest_only_with_trigger.py took 0.105 seconds
[2025-02-04T16:30:41.970+0000] {processor.py:186} INFO - Started process (PID=1083) to work on /home/airflow/.local/lib/python3.9/site-packages/airflow/example_dags/example_latest_only_with_trigger.py
[2025-02-04T16:30:41.971+0000] {processor.py:914} INFO - Processing file /home/airflow/.local/lib/python3.9/site-packages/airflow/example_dags/example_latest_only_with_trigger.py for tasks to queue
[2025-02-04T16:30:41.974+0000] {logging_mixin.py:190} INFO - [2025-02-04T16:30:41.973+0000] {dagbag.py:588} INFO - Filling up the DagBag from /home/airflow/.local/lib/python3.9/site-packages/airflow/example_dags/example_latest_only_with_trigger.py
[2025-02-04T16:30:41.982+0000] {processor.py:925} INFO - DAG(s) 'latest_only_with_trigger' retrieved from /home/airflow/.local/lib/python3.9/site-packages/airflow/example_dags/example_latest_only_with_trigger.py
[2025-02-04T16:30:42.007+0000] {logging_mixin.py:190} INFO - [2025-02-04T16:30:42.006+0000] {dag.py:3239} INFO - Sync 1 DAGs
[2025-02-04T16:30:42.030+0000] {logging_mixin.py:190} INFO - [2025-02-04T16:30:42.030+0000] {dag.py:4180} INFO - Setting next_dagrun for latest_only_with_trigger to 2025-02-04 12:00:00+00:00, run_after=2025-02-04 16:00:00+00:00
[2025-02-04T16:30:42.058+0000] {processor.py:208} INFO - Processing /home/airflow/.local/lib/python3.9/site-packages/airflow/example_dags/example_latest_only_with_trigger.py took 0.095 seconds
[2025-02-04T16:31:12.817+0000] {processor.py:186} INFO - Started process (PID=1146) to work on /home/airflow/.local/lib/python3.9/site-packages/airflow/example_dags/example_latest_only_with_trigger.py
[2025-02-04T16:31:12.819+0000] {processor.py:914} INFO - Processing file /home/airflow/.local/lib/python3.9/site-packages/airflow/example_dags/example_latest_only_with_trigger.py for tasks to queue
[2025-02-04T16:31:12.826+0000] {logging_mixin.py:190} INFO - [2025-02-04T16:31:12.825+0000] {dagbag.py:588} INFO - Filling up the DagBag from /home/airflow/.local/lib/python3.9/site-packages/airflow/example_dags/example_latest_only_with_trigger.py
[2025-02-04T16:31:12.836+0000] {processor.py:925} INFO - DAG(s) 'latest_only_with_trigger' retrieved from /home/airflow/.local/lib/python3.9/site-packages/airflow/example_dags/example_latest_only_with_trigger.py
[2025-02-04T16:31:12.865+0000] {logging_mixin.py:190} INFO - [2025-02-04T16:31:12.865+0000] {dag.py:3239} INFO - Sync 1 DAGs
[2025-02-04T16:31:12.895+0000] {logging_mixin.py:190} INFO - [2025-02-04T16:31:12.894+0000] {dag.py:4180} INFO - Setting next_dagrun for latest_only_with_trigger to 2025-02-04 12:00:00+00:00, run_after=2025-02-04 16:00:00+00:00
[2025-02-04T16:31:12.923+0000] {processor.py:208} INFO - Processing /home/airflow/.local/lib/python3.9/site-packages/airflow/example_dags/example_latest_only_with_trigger.py took 0.113 seconds
[2025-02-04T16:31:43.815+0000] {processor.py:186} INFO - Started process (PID=1217) to work on /home/airflow/.local/lib/python3.9/site-packages/airflow/example_dags/example_latest_only_with_trigger.py
[2025-02-04T16:31:43.816+0000] {processor.py:914} INFO - Processing file /home/airflow/.local/lib/python3.9/site-packages/airflow/example_dags/example_latest_only_with_trigger.py for tasks to queue
[2025-02-04T16:31:43.819+0000] {logging_mixin.py:190} INFO - [2025-02-04T16:31:43.819+0000] {dagbag.py:588} INFO - Filling up the DagBag from /home/airflow/.local/lib/python3.9/site-packages/airflow/example_dags/example_latest_only_with_trigger.py
[2025-02-04T16:31:43.828+0000] {processor.py:925} INFO - DAG(s) 'latest_only_with_trigger' retrieved from /home/airflow/.local/lib/python3.9/site-packages/airflow/example_dags/example_latest_only_with_trigger.py
[2025-02-04T16:31:43.852+0000] {logging_mixin.py:190} INFO - [2025-02-04T16:31:43.852+0000] {dag.py:3239} INFO - Sync 1 DAGs
[2025-02-04T16:31:43.877+0000] {logging_mixin.py:190} INFO - [2025-02-04T16:31:43.876+0000] {dag.py:4180} INFO - Setting next_dagrun for latest_only_with_trigger to 2025-02-04 12:00:00+00:00, run_after=2025-02-04 16:00:00+00:00
[2025-02-04T16:31:43.906+0000] {processor.py:208} INFO - Processing /home/airflow/.local/lib/python3.9/site-packages/airflow/example_dags/example_latest_only_with_trigger.py took 0.099 seconds
[2025-02-04T16:32:14.071+0000] {processor.py:186} INFO - Started process (PID=1281) to work on /home/airflow/.local/lib/python3.9/site-packages/airflow/example_dags/example_latest_only_with_trigger.py
[2025-02-04T16:32:14.073+0000] {processor.py:914} INFO - Processing file /home/airflow/.local/lib/python3.9/site-packages/airflow/example_dags/example_latest_only_with_trigger.py for tasks to queue
[2025-02-04T16:32:14.076+0000] {logging_mixin.py:190} INFO - [2025-02-04T16:32:14.075+0000] {dagbag.py:588} INFO - Filling up the DagBag from /home/airflow/.local/lib/python3.9/site-packages/airflow/example_dags/example_latest_only_with_trigger.py
[2025-02-04T16:32:14.086+0000] {processor.py:925} INFO - DAG(s) 'latest_only_with_trigger' retrieved from /home/airflow/.local/lib/python3.9/site-packages/airflow/example_dags/example_latest_only_with_trigger.py
[2025-02-04T16:32:14.109+0000] {logging_mixin.py:190} INFO - [2025-02-04T16:32:14.109+0000] {dag.py:3239} INFO - Sync 1 DAGs
[2025-02-04T16:32:14.135+0000] {logging_mixin.py:190} INFO - [2025-02-04T16:32:14.134+0000] {dag.py:4180} INFO - Setting next_dagrun for latest_only_with_trigger to 2025-02-04 12:00:00+00:00, run_after=2025-02-04 16:00:00+00:00
[2025-02-04T16:32:14.159+0000] {processor.py:208} INFO - Processing /home/airflow/.local/lib/python3.9/site-packages/airflow/example_dags/example_latest_only_with_trigger.py took 0.096 seconds
[2025-02-04T16:32:44.411+0000] {processor.py:186} INFO - Started process (PID=1345) to work on /home/airflow/.local/lib/python3.9/site-packages/airflow/example_dags/example_latest_only_with_trigger.py
[2025-02-04T16:32:44.415+0000] {processor.py:914} INFO - Processing file /home/airflow/.local/lib/python3.9/site-packages/airflow/example_dags/example_latest_only_with_trigger.py for tasks to queue
[2025-02-04T16:32:44.419+0000] {logging_mixin.py:190} INFO - [2025-02-04T16:32:44.418+0000] {dagbag.py:588} INFO - Filling up the DagBag from /home/airflow/.local/lib/python3.9/site-packages/airflow/example_dags/example_latest_only_with_trigger.py
[2025-02-04T16:32:44.431+0000] {processor.py:925} INFO - DAG(s) 'latest_only_with_trigger' retrieved from /home/airflow/.local/lib/python3.9/site-packages/airflow/example_dags/example_latest_only_with_trigger.py
[2025-02-04T16:32:44.457+0000] {logging_mixin.py:190} INFO - [2025-02-04T16:32:44.456+0000] {dag.py:3239} INFO - Sync 1 DAGs
[2025-02-04T16:32:44.488+0000] {logging_mixin.py:190} INFO - [2025-02-04T16:32:44.488+0000] {dag.py:4180} INFO - Setting next_dagrun for latest_only_with_trigger to 2025-02-04 12:00:00+00:00, run_after=2025-02-04 16:00:00+00:00
[2025-02-04T16:32:44.517+0000] {processor.py:208} INFO - Processing /home/airflow/.local/lib/python3.9/site-packages/airflow/example_dags/example_latest_only_with_trigger.py took 0.116 seconds
[2025-02-04T16:33:15.342+0000] {processor.py:186} INFO - Started process (PID=1411) to work on /home/airflow/.local/lib/python3.9/site-packages/airflow/example_dags/example_latest_only_with_trigger.py
[2025-02-04T16:33:15.344+0000] {processor.py:914} INFO - Processing file /home/airflow/.local/lib/python3.9/site-packages/airflow/example_dags/example_latest_only_with_trigger.py for tasks to queue
[2025-02-04T16:33:15.347+0000] {logging_mixin.py:190} INFO - [2025-02-04T16:33:15.346+0000] {dagbag.py:588} INFO - Filling up the DagBag from /home/airflow/.local/lib/python3.9/site-packages/airflow/example_dags/example_latest_only_with_trigger.py
[2025-02-04T16:33:15.358+0000] {processor.py:925} INFO - DAG(s) 'latest_only_with_trigger' retrieved from /home/airflow/.local/lib/python3.9/site-packages/airflow/example_dags/example_latest_only_with_trigger.py
[2025-02-04T16:33:15.380+0000] {logging_mixin.py:190} INFO - [2025-02-04T16:33:15.380+0000] {dag.py:3239} INFO - Sync 1 DAGs
[2025-02-04T16:33:15.403+0000] {logging_mixin.py:190} INFO - [2025-02-04T16:33:15.402+0000] {dag.py:4180} INFO - Setting next_dagrun for latest_only_with_trigger to 2025-02-04 12:00:00+00:00, run_after=2025-02-04 16:00:00+00:00
[2025-02-04T16:33:15.430+0000] {processor.py:208} INFO - Processing /home/airflow/.local/lib/python3.9/site-packages/airflow/example_dags/example_latest_only_with_trigger.py took 0.096 seconds
[2025-02-04T16:33:46.122+0000] {processor.py:186} INFO - Started process (PID=1475) to work on /home/airflow/.local/lib/python3.9/site-packages/airflow/example_dags/example_latest_only_with_trigger.py
[2025-02-04T16:33:46.123+0000] {processor.py:914} INFO - Processing file /home/airflow/.local/lib/python3.9/site-packages/airflow/example_dags/example_latest_only_with_trigger.py for tasks to queue
[2025-02-04T16:33:46.126+0000] {logging_mixin.py:190} INFO - [2025-02-04T16:33:46.126+0000] {dagbag.py:588} INFO - Filling up the DagBag from /home/airflow/.local/lib/python3.9/site-packages/airflow/example_dags/example_latest_only_with_trigger.py
[2025-02-04T16:33:46.135+0000] {processor.py:925} INFO - DAG(s) 'latest_only_with_trigger' retrieved from /home/airflow/.local/lib/python3.9/site-packages/airflow/example_dags/example_latest_only_with_trigger.py
[2025-02-04T16:33:46.161+0000] {logging_mixin.py:190} INFO - [2025-02-04T16:33:46.161+0000] {dag.py:3239} INFO - Sync 1 DAGs
[2025-02-04T16:33:46.186+0000] {logging_mixin.py:190} INFO - [2025-02-04T16:33:46.185+0000] {dag.py:4180} INFO - Setting next_dagrun for latest_only_with_trigger to 2025-02-04 12:00:00+00:00, run_after=2025-02-04 16:00:00+00:00
[2025-02-04T16:33:46.214+0000] {processor.py:208} INFO - Processing /home/airflow/.local/lib/python3.9/site-packages/airflow/example_dags/example_latest_only_with_trigger.py took 0.099 seconds
[2025-02-04T16:34:17.079+0000] {processor.py:186} INFO - Started process (PID=1540) to work on /home/airflow/.local/lib/python3.9/site-packages/airflow/example_dags/example_latest_only_with_trigger.py
[2025-02-04T16:34:17.081+0000] {processor.py:914} INFO - Processing file /home/airflow/.local/lib/python3.9/site-packages/airflow/example_dags/example_latest_only_with_trigger.py for tasks to queue
[2025-02-04T16:34:17.083+0000] {logging_mixin.py:190} INFO - [2025-02-04T16:34:17.083+0000] {dagbag.py:588} INFO - Filling up the DagBag from /home/airflow/.local/lib/python3.9/site-packages/airflow/example_dags/example_latest_only_with_trigger.py
[2025-02-04T16:34:17.091+0000] {processor.py:925} INFO - DAG(s) 'latest_only_with_trigger' retrieved from /home/airflow/.local/lib/python3.9/site-packages/airflow/example_dags/example_latest_only_with_trigger.py
[2025-02-04T16:34:17.114+0000] {logging_mixin.py:190} INFO - [2025-02-04T16:34:17.113+0000] {dag.py:3239} INFO - Sync 1 DAGs
[2025-02-04T16:34:17.138+0000] {logging_mixin.py:190} INFO - [2025-02-04T16:34:17.137+0000] {dag.py:4180} INFO - Setting next_dagrun for latest_only_with_trigger to 2025-02-04 12:00:00+00:00, run_after=2025-02-04 16:00:00+00:00
[2025-02-04T16:34:17.165+0000] {processor.py:208} INFO - Processing /home/airflow/.local/lib/python3.9/site-packages/airflow/example_dags/example_latest_only_with_trigger.py took 0.092 seconds
[2025-02-04T16:34:49.066+0000] {processor.py:186} INFO - Started process (PID=1603) to work on /home/airflow/.local/lib/python3.9/site-packages/airflow/example_dags/example_latest_only_with_trigger.py
[2025-02-04T16:34:49.241+0000] {processor.py:914} INFO - Processing file /home/airflow/.local/lib/python3.9/site-packages/airflow/example_dags/example_latest_only_with_trigger.py for tasks to queue
[2025-02-04T16:34:49.244+0000] {logging_mixin.py:190} INFO - [2025-02-04T16:34:49.243+0000] {dagbag.py:588} INFO - Filling up the DagBag from /home/airflow/.local/lib/python3.9/site-packages/airflow/example_dags/example_latest_only_with_trigger.py
[2025-02-04T16:34:49.255+0000] {processor.py:925} INFO - DAG(s) 'latest_only_with_trigger' retrieved from /home/airflow/.local/lib/python3.9/site-packages/airflow/example_dags/example_latest_only_with_trigger.py
[2025-02-04T16:34:49.277+0000] {logging_mixin.py:190} INFO - [2025-02-04T16:34:49.277+0000] {dag.py:3239} INFO - Sync 1 DAGs
[2025-02-04T16:34:49.303+0000] {logging_mixin.py:190} INFO - [2025-02-04T16:34:49.303+0000] {dag.py:4180} INFO - Setting next_dagrun for latest_only_with_trigger to 2025-02-04 12:00:00+00:00, run_after=2025-02-04 16:00:00+00:00
[2025-02-04T16:34:49.332+0000] {processor.py:208} INFO - Processing /home/airflow/.local/lib/python3.9/site-packages/airflow/example_dags/example_latest_only_with_trigger.py took 0.272 seconds
[2025-02-04T16:35:19.540+0000] {processor.py:186} INFO - Started process (PID=1667) to work on /home/airflow/.local/lib/python3.9/site-packages/airflow/example_dags/example_latest_only_with_trigger.py
[2025-02-04T16:35:19.542+0000] {processor.py:914} INFO - Processing file /home/airflow/.local/lib/python3.9/site-packages/airflow/example_dags/example_latest_only_with_trigger.py for tasks to queue
[2025-02-04T16:35:19.546+0000] {logging_mixin.py:190} INFO - [2025-02-04T16:35:19.545+0000] {dagbag.py:588} INFO - Filling up the DagBag from /home/airflow/.local/lib/python3.9/site-packages/airflow/example_dags/example_latest_only_with_trigger.py
[2025-02-04T16:35:19.555+0000] {processor.py:925} INFO - DAG(s) 'latest_only_with_trigger' retrieved from /home/airflow/.local/lib/python3.9/site-packages/airflow/example_dags/example_latest_only_with_trigger.py
[2025-02-04T16:35:19.576+0000] {logging_mixin.py:190} INFO - [2025-02-04T16:35:19.576+0000] {dag.py:3239} INFO - Sync 1 DAGs
[2025-02-04T16:35:19.599+0000] {logging_mixin.py:190} INFO - [2025-02-04T16:35:19.599+0000] {dag.py:4180} INFO - Setting next_dagrun for latest_only_with_trigger to 2025-02-04 12:00:00+00:00, run_after=2025-02-04 16:00:00+00:00
[2025-02-04T16:35:19.624+0000] {processor.py:208} INFO - Processing /home/airflow/.local/lib/python3.9/site-packages/airflow/example_dags/example_latest_only_with_trigger.py took 0.095 seconds
[2025-02-04T16:35:50.529+0000] {processor.py:186} INFO - Started process (PID=1731) to work on /home/airflow/.local/lib/python3.9/site-packages/airflow/example_dags/example_latest_only_with_trigger.py
[2025-02-04T16:35:50.530+0000] {processor.py:914} INFO - Processing file /home/airflow/.local/lib/python3.9/site-packages/airflow/example_dags/example_latest_only_with_trigger.py for tasks to queue
[2025-02-04T16:35:50.532+0000] {logging_mixin.py:190} INFO - [2025-02-04T16:35:50.532+0000] {dagbag.py:588} INFO - Filling up the DagBag from /home/airflow/.local/lib/python3.9/site-packages/airflow/example_dags/example_latest_only_with_trigger.py
[2025-02-04T16:35:50.540+0000] {processor.py:925} INFO - DAG(s) 'latest_only_with_trigger' retrieved from /home/airflow/.local/lib/python3.9/site-packages/airflow/example_dags/example_latest_only_with_trigger.py
[2025-02-04T16:35:50.563+0000] {logging_mixin.py:190} INFO - [2025-02-04T16:35:50.562+0000] {dag.py:3239} INFO - Sync 1 DAGs
[2025-02-04T16:35:50.585+0000] {logging_mixin.py:190} INFO - [2025-02-04T16:35:50.584+0000] {dag.py:4180} INFO - Setting next_dagrun for latest_only_with_trigger to 2025-02-04 12:00:00+00:00, run_after=2025-02-04 16:00:00+00:00
[2025-02-04T16:35:50.611+0000] {processor.py:208} INFO - Processing /home/airflow/.local/lib/python3.9/site-packages/airflow/example_dags/example_latest_only_with_trigger.py took 0.089 seconds
[2025-02-04T16:36:20.856+0000] {processor.py:186} INFO - Started process (PID=1796) to work on /home/airflow/.local/lib/python3.9/site-packages/airflow/example_dags/example_latest_only_with_trigger.py
[2025-02-04T16:36:20.857+0000] {processor.py:914} INFO - Processing file /home/airflow/.local/lib/python3.9/site-packages/airflow/example_dags/example_latest_only_with_trigger.py for tasks to queue
[2025-02-04T16:36:20.860+0000] {logging_mixin.py:190} INFO - [2025-02-04T16:36:20.859+0000] {dagbag.py:588} INFO - Filling up the DagBag from /home/airflow/.local/lib/python3.9/site-packages/airflow/example_dags/example_latest_only_with_trigger.py
[2025-02-04T16:36:20.867+0000] {processor.py:925} INFO - DAG(s) 'latest_only_with_trigger' retrieved from /home/airflow/.local/lib/python3.9/site-packages/airflow/example_dags/example_latest_only_with_trigger.py
[2025-02-04T16:36:20.890+0000] {logging_mixin.py:190} INFO - [2025-02-04T16:36:20.889+0000] {dag.py:3239} INFO - Sync 1 DAGs
[2025-02-04T16:36:20.911+0000] {logging_mixin.py:190} INFO - [2025-02-04T16:36:20.911+0000] {dag.py:4180} INFO - Setting next_dagrun for latest_only_with_trigger to 2025-02-04 12:00:00+00:00, run_after=2025-02-04 16:00:00+00:00
[2025-02-04T16:36:20.937+0000] {processor.py:208} INFO - Processing /home/airflow/.local/lib/python3.9/site-packages/airflow/example_dags/example_latest_only_with_trigger.py took 0.087 seconds
[2025-02-04T16:36:52.390+0000] {processor.py:186} INFO - Started process (PID=1860) to work on /home/airflow/.local/lib/python3.9/site-packages/airflow/example_dags/example_latest_only_with_trigger.py
[2025-02-04T16:36:52.392+0000] {processor.py:914} INFO - Processing file /home/airflow/.local/lib/python3.9/site-packages/airflow/example_dags/example_latest_only_with_trigger.py for tasks to queue
[2025-02-04T16:36:52.395+0000] {logging_mixin.py:190} INFO - [2025-02-04T16:36:52.395+0000] {dagbag.py:588} INFO - Filling up the DagBag from /home/airflow/.local/lib/python3.9/site-packages/airflow/example_dags/example_latest_only_with_trigger.py
[2025-02-04T16:36:52.406+0000] {processor.py:925} INFO - DAG(s) 'latest_only_with_trigger' retrieved from /home/airflow/.local/lib/python3.9/site-packages/airflow/example_dags/example_latest_only_with_trigger.py
[2025-02-04T16:36:52.428+0000] {logging_mixin.py:190} INFO - [2025-02-04T16:36:52.428+0000] {dag.py:3239} INFO - Sync 1 DAGs
[2025-02-04T16:36:52.450+0000] {logging_mixin.py:190} INFO - [2025-02-04T16:36:52.449+0000] {dag.py:4180} INFO - Setting next_dagrun for latest_only_with_trigger to 2025-02-04 12:00:00+00:00, run_after=2025-02-04 16:00:00+00:00
[2025-02-04T16:36:52.473+0000] {processor.py:208} INFO - Processing /home/airflow/.local/lib/python3.9/site-packages/airflow/example_dags/example_latest_only_with_trigger.py took 0.090 seconds
[2025-02-04T16:39:25.864+0000] {processor.py:186} INFO - Started process (PID=1913) to work on /home/airflow/.local/lib/python3.9/site-packages/airflow/example_dags/example_latest_only_with_trigger.py
[2025-02-04T16:39:25.865+0000] {processor.py:914} INFO - Processing file /home/airflow/.local/lib/python3.9/site-packages/airflow/example_dags/example_latest_only_with_trigger.py for tasks to queue
[2025-02-04T16:39:25.866+0000] {logging_mixin.py:190} INFO - [2025-02-04T16:39:25.866+0000] {dagbag.py:588} INFO - Filling up the DagBag from /home/airflow/.local/lib/python3.9/site-packages/airflow/example_dags/example_latest_only_with_trigger.py
[2025-02-04T16:39:25.877+0000] {processor.py:925} INFO - DAG(s) 'latest_only_with_trigger' retrieved from /home/airflow/.local/lib/python3.9/site-packages/airflow/example_dags/example_latest_only_with_trigger.py
[2025-02-04T16:39:25.902+0000] {logging_mixin.py:190} INFO - [2025-02-04T16:39:25.901+0000] {dag.py:3239} INFO - Sync 1 DAGs
[2025-02-04T16:39:25.928+0000] {logging_mixin.py:190} INFO - [2025-02-04T16:39:25.928+0000] {dag.py:4180} INFO - Setting next_dagrun for latest_only_with_trigger to 2025-02-04 12:00:00+00:00, run_after=2025-02-04 16:00:00+00:00
[2025-02-04T16:39:25.953+0000] {processor.py:208} INFO - Processing /home/airflow/.local/lib/python3.9/site-packages/airflow/example_dags/example_latest_only_with_trigger.py took 0.096 seconds
[2025-02-04T16:39:56.728+0000] {processor.py:186} INFO - Started process (PID=1977) to work on /home/airflow/.local/lib/python3.9/site-packages/airflow/example_dags/example_latest_only_with_trigger.py
[2025-02-04T16:39:56.730+0000] {processor.py:914} INFO - Processing file /home/airflow/.local/lib/python3.9/site-packages/airflow/example_dags/example_latest_only_with_trigger.py for tasks to queue
[2025-02-04T16:39:56.731+0000] {logging_mixin.py:190} INFO - [2025-02-04T16:39:56.731+0000] {dagbag.py:588} INFO - Filling up the DagBag from /home/airflow/.local/lib/python3.9/site-packages/airflow/example_dags/example_latest_only_with_trigger.py
[2025-02-04T16:39:56.740+0000] {processor.py:925} INFO - DAG(s) 'latest_only_with_trigger' retrieved from /home/airflow/.local/lib/python3.9/site-packages/airflow/example_dags/example_latest_only_with_trigger.py
[2025-02-04T16:39:56.760+0000] {logging_mixin.py:190} INFO - [2025-02-04T16:39:56.760+0000] {dag.py:3239} INFO - Sync 1 DAGs
[2025-02-04T16:39:56.782+0000] {logging_mixin.py:190} INFO - [2025-02-04T16:39:56.781+0000] {dag.py:4180} INFO - Setting next_dagrun for latest_only_with_trigger to 2025-02-04 12:00:00+00:00, run_after=2025-02-04 16:00:00+00:00
[2025-02-04T16:39:56.803+0000] {processor.py:208} INFO - Processing /home/airflow/.local/lib/python3.9/site-packages/airflow/example_dags/example_latest_only_with_trigger.py took 0.082 seconds
[2025-02-04T16:40:27.884+0000] {processor.py:186} INFO - Started process (PID=2041) to work on /home/airflow/.local/lib/python3.9/site-packages/airflow/example_dags/example_latest_only_with_trigger.py
[2025-02-04T16:40:27.885+0000] {processor.py:914} INFO - Processing file /home/airflow/.local/lib/python3.9/site-packages/airflow/example_dags/example_latest_only_with_trigger.py for tasks to queue
[2025-02-04T16:40:27.887+0000] {logging_mixin.py:190} INFO - [2025-02-04T16:40:27.887+0000] {dagbag.py:588} INFO - Filling up the DagBag from /home/airflow/.local/lib/python3.9/site-packages/airflow/example_dags/example_latest_only_with_trigger.py
[2025-02-04T16:40:27.897+0000] {processor.py:925} INFO - DAG(s) 'latest_only_with_trigger' retrieved from /home/airflow/.local/lib/python3.9/site-packages/airflow/example_dags/example_latest_only_with_trigger.py
[2025-02-04T16:40:27.916+0000] {logging_mixin.py:190} INFO - [2025-02-04T16:40:27.916+0000] {dag.py:3239} INFO - Sync 1 DAGs
[2025-02-04T16:40:27.942+0000] {logging_mixin.py:190} INFO - [2025-02-04T16:40:27.941+0000] {dag.py:4180} INFO - Setting next_dagrun for latest_only_with_trigger to 2025-02-04 12:00:00+00:00, run_after=2025-02-04 16:00:00+00:00
[2025-02-04T16:40:27.966+0000] {processor.py:208} INFO - Processing /home/airflow/.local/lib/python3.9/site-packages/airflow/example_dags/example_latest_only_with_trigger.py took 0.089 seconds
[2025-02-04T16:40:58.645+0000] {processor.py:186} INFO - Started process (PID=2105) to work on /home/airflow/.local/lib/python3.9/site-packages/airflow/example_dags/example_latest_only_with_trigger.py
[2025-02-04T16:40:58.647+0000] {processor.py:914} INFO - Processing file /home/airflow/.local/lib/python3.9/site-packages/airflow/example_dags/example_latest_only_with_trigger.py for tasks to queue
[2025-02-04T16:40:58.649+0000] {logging_mixin.py:190} INFO - [2025-02-04T16:40:58.648+0000] {dagbag.py:588} INFO - Filling up the DagBag from /home/airflow/.local/lib/python3.9/site-packages/airflow/example_dags/example_latest_only_with_trigger.py
[2025-02-04T16:40:58.657+0000] {processor.py:925} INFO - DAG(s) 'latest_only_with_trigger' retrieved from /home/airflow/.local/lib/python3.9/site-packages/airflow/example_dags/example_latest_only_with_trigger.py
[2025-02-04T16:40:58.678+0000] {logging_mixin.py:190} INFO - [2025-02-04T16:40:58.678+0000] {dag.py:3239} INFO - Sync 1 DAGs
[2025-02-04T16:40:58.704+0000] {logging_mixin.py:190} INFO - [2025-02-04T16:40:58.704+0000] {dag.py:4180} INFO - Setting next_dagrun for latest_only_with_trigger to 2025-02-04 12:00:00+00:00, run_after=2025-02-04 16:00:00+00:00
[2025-02-04T16:40:58.732+0000] {processor.py:208} INFO - Processing /home/airflow/.local/lib/python3.9/site-packages/airflow/example_dags/example_latest_only_with_trigger.py took 0.093 seconds
[2025-02-04T16:41:29.732+0000] {processor.py:186} INFO - Started process (PID=2169) to work on /home/airflow/.local/lib/python3.9/site-packages/airflow/example_dags/example_latest_only_with_trigger.py
[2025-02-04T16:41:29.733+0000] {processor.py:914} INFO - Processing file /home/airflow/.local/lib/python3.9/site-packages/airflow/example_dags/example_latest_only_with_trigger.py for tasks to queue
[2025-02-04T16:41:29.735+0000] {logging_mixin.py:190} INFO - [2025-02-04T16:41:29.734+0000] {dagbag.py:588} INFO - Filling up the DagBag from /home/airflow/.local/lib/python3.9/site-packages/airflow/example_dags/example_latest_only_with_trigger.py
[2025-02-04T16:41:29.743+0000] {processor.py:925} INFO - DAG(s) 'latest_only_with_trigger' retrieved from /home/airflow/.local/lib/python3.9/site-packages/airflow/example_dags/example_latest_only_with_trigger.py
[2025-02-04T16:41:29.765+0000] {logging_mixin.py:190} INFO - [2025-02-04T16:41:29.765+0000] {dag.py:3239} INFO - Sync 1 DAGs
[2025-02-04T16:41:29.788+0000] {logging_mixin.py:190} INFO - [2025-02-04T16:41:29.788+0000] {dag.py:4180} INFO - Setting next_dagrun for latest_only_with_trigger to 2025-02-04 12:00:00+00:00, run_after=2025-02-04 16:00:00+00:00
[2025-02-04T16:41:29.813+0000] {processor.py:208} INFO - Processing /home/airflow/.local/lib/python3.9/site-packages/airflow/example_dags/example_latest_only_with_trigger.py took 0.087 seconds
[2025-02-04T16:41:59.959+0000] {processor.py:186} INFO - Started process (PID=2233) to work on /home/airflow/.local/lib/python3.9/site-packages/airflow/example_dags/example_latest_only_with_trigger.py
[2025-02-04T16:41:59.961+0000] {processor.py:914} INFO - Processing file /home/airflow/.local/lib/python3.9/site-packages/airflow/example_dags/example_latest_only_with_trigger.py for tasks to queue
[2025-02-04T16:41:59.962+0000] {logging_mixin.py:190} INFO - [2025-02-04T16:41:59.962+0000] {dagbag.py:588} INFO - Filling up the DagBag from /home/airflow/.local/lib/python3.9/site-packages/airflow/example_dags/example_latest_only_with_trigger.py
[2025-02-04T16:41:59.971+0000] {processor.py:925} INFO - DAG(s) 'latest_only_with_trigger' retrieved from /home/airflow/.local/lib/python3.9/site-packages/airflow/example_dags/example_latest_only_with_trigger.py
[2025-02-04T16:41:59.993+0000] {logging_mixin.py:190} INFO - [2025-02-04T16:41:59.993+0000] {dag.py:3239} INFO - Sync 1 DAGs
[2025-02-04T16:42:00.017+0000] {logging_mixin.py:190} INFO - [2025-02-04T16:42:00.017+0000] {dag.py:4180} INFO - Setting next_dagrun for latest_only_with_trigger to 2025-02-04 12:00:00+00:00, run_after=2025-02-04 16:00:00+00:00
[2025-02-04T16:42:00.046+0000] {processor.py:208} INFO - Processing /home/airflow/.local/lib/python3.9/site-packages/airflow/example_dags/example_latest_only_with_trigger.py took 0.094 seconds
[2025-02-04T16:42:30.625+0000] {processor.py:186} INFO - Started process (PID=2297) to work on /home/airflow/.local/lib/python3.9/site-packages/airflow/example_dags/example_latest_only_with_trigger.py
[2025-02-04T16:42:30.626+0000] {processor.py:914} INFO - Processing file /home/airflow/.local/lib/python3.9/site-packages/airflow/example_dags/example_latest_only_with_trigger.py for tasks to queue
[2025-02-04T16:42:30.628+0000] {logging_mixin.py:190} INFO - [2025-02-04T16:42:30.628+0000] {dagbag.py:588} INFO - Filling up the DagBag from /home/airflow/.local/lib/python3.9/site-packages/airflow/example_dags/example_latest_only_with_trigger.py
[2025-02-04T16:42:30.639+0000] {processor.py:925} INFO - DAG(s) 'latest_only_with_trigger' retrieved from /home/airflow/.local/lib/python3.9/site-packages/airflow/example_dags/example_latest_only_with_trigger.py
[2025-02-04T16:42:30.663+0000] {logging_mixin.py:190} INFO - [2025-02-04T16:42:30.662+0000] {dag.py:3239} INFO - Sync 1 DAGs
[2025-02-04T16:42:30.689+0000] {logging_mixin.py:190} INFO - [2025-02-04T16:42:30.688+0000] {dag.py:4180} INFO - Setting next_dagrun for latest_only_with_trigger to 2025-02-04 12:00:00+00:00, run_after=2025-02-04 16:00:00+00:00
[2025-02-04T16:42:30.714+0000] {processor.py:208} INFO - Processing /home/airflow/.local/lib/python3.9/site-packages/airflow/example_dags/example_latest_only_with_trigger.py took 0.097 seconds
[2025-02-04T16:43:00.927+0000] {processor.py:186} INFO - Started process (PID=2363) to work on /home/airflow/.local/lib/python3.9/site-packages/airflow/example_dags/example_latest_only_with_trigger.py
[2025-02-04T16:43:00.929+0000] {processor.py:914} INFO - Processing file /home/airflow/.local/lib/python3.9/site-packages/airflow/example_dags/example_latest_only_with_trigger.py for tasks to queue
[2025-02-04T16:43:00.930+0000] {logging_mixin.py:190} INFO - [2025-02-04T16:43:00.930+0000] {dagbag.py:588} INFO - Filling up the DagBag from /home/airflow/.local/lib/python3.9/site-packages/airflow/example_dags/example_latest_only_with_trigger.py
[2025-02-04T16:43:00.940+0000] {processor.py:925} INFO - DAG(s) 'latest_only_with_trigger' retrieved from /home/airflow/.local/lib/python3.9/site-packages/airflow/example_dags/example_latest_only_with_trigger.py
[2025-02-04T16:43:00.963+0000] {logging_mixin.py:190} INFO - [2025-02-04T16:43:00.963+0000] {dag.py:3239} INFO - Sync 1 DAGs
[2025-02-04T16:43:00.987+0000] {logging_mixin.py:190} INFO - [2025-02-04T16:43:00.987+0000] {dag.py:4180} INFO - Setting next_dagrun for latest_only_with_trigger to 2025-02-04 12:00:00+00:00, run_after=2025-02-04 16:00:00+00:00
[2025-02-04T16:43:01.013+0000] {processor.py:208} INFO - Processing /home/airflow/.local/lib/python3.9/site-packages/airflow/example_dags/example_latest_only_with_trigger.py took 0.092 seconds
[2025-02-04T16:43:31.601+0000] {processor.py:186} INFO - Started process (PID=2427) to work on /home/airflow/.local/lib/python3.9/site-packages/airflow/example_dags/example_latest_only_with_trigger.py
[2025-02-04T16:43:31.602+0000] {processor.py:914} INFO - Processing file /home/airflow/.local/lib/python3.9/site-packages/airflow/example_dags/example_latest_only_with_trigger.py for tasks to queue
[2025-02-04T16:43:31.603+0000] {logging_mixin.py:190} INFO - [2025-02-04T16:43:31.603+0000] {dagbag.py:588} INFO - Filling up the DagBag from /home/airflow/.local/lib/python3.9/site-packages/airflow/example_dags/example_latest_only_with_trigger.py
[2025-02-04T16:43:31.612+0000] {processor.py:925} INFO - DAG(s) 'latest_only_with_trigger' retrieved from /home/airflow/.local/lib/python3.9/site-packages/airflow/example_dags/example_latest_only_with_trigger.py
[2025-02-04T16:43:31.634+0000] {logging_mixin.py:190} INFO - [2025-02-04T16:43:31.634+0000] {dag.py:3239} INFO - Sync 1 DAGs
[2025-02-04T16:43:31.657+0000] {logging_mixin.py:190} INFO - [2025-02-04T16:43:31.657+0000] {dag.py:4180} INFO - Setting next_dagrun for latest_only_with_trigger to 2025-02-04 12:00:00+00:00, run_after=2025-02-04 16:00:00+00:00
[2025-02-04T16:43:31.689+0000] {processor.py:208} INFO - Processing /home/airflow/.local/lib/python3.9/site-packages/airflow/example_dags/example_latest_only_with_trigger.py took 0.095 seconds
[2025-02-04T16:44:02.253+0000] {processor.py:186} INFO - Started process (PID=2491) to work on /home/airflow/.local/lib/python3.9/site-packages/airflow/example_dags/example_latest_only_with_trigger.py
[2025-02-04T16:44:02.255+0000] {processor.py:914} INFO - Processing file /home/airflow/.local/lib/python3.9/site-packages/airflow/example_dags/example_latest_only_with_trigger.py for tasks to queue
[2025-02-04T16:44:02.256+0000] {logging_mixin.py:190} INFO - [2025-02-04T16:44:02.256+0000] {dagbag.py:588} INFO - Filling up the DagBag from /home/airflow/.local/lib/python3.9/site-packages/airflow/example_dags/example_latest_only_with_trigger.py
[2025-02-04T16:44:02.266+0000] {processor.py:925} INFO - DAG(s) 'latest_only_with_trigger' retrieved from /home/airflow/.local/lib/python3.9/site-packages/airflow/example_dags/example_latest_only_with_trigger.py
[2025-02-04T16:44:02.315+0000] {logging_mixin.py:190} INFO - [2025-02-04T16:44:02.315+0000] {dag.py:3239} INFO - Sync 1 DAGs
[2025-02-04T16:44:02.343+0000] {logging_mixin.py:190} INFO - [2025-02-04T16:44:02.343+0000] {dag.py:4180} INFO - Setting next_dagrun for latest_only_with_trigger to 2025-02-04 12:00:00+00:00, run_after=2025-02-04 16:00:00+00:00
[2025-02-04T16:44:02.373+0000] {processor.py:208} INFO - Processing /home/airflow/.local/lib/python3.9/site-packages/airflow/example_dags/example_latest_only_with_trigger.py took 0.127 seconds
[2025-02-04T16:44:32.524+0000] {processor.py:186} INFO - Started process (PID=2555) to work on /home/airflow/.local/lib/python3.9/site-packages/airflow/example_dags/example_latest_only_with_trigger.py
[2025-02-04T16:44:32.525+0000] {processor.py:914} INFO - Processing file /home/airflow/.local/lib/python3.9/site-packages/airflow/example_dags/example_latest_only_with_trigger.py for tasks to queue
[2025-02-04T16:44:32.527+0000] {logging_mixin.py:190} INFO - [2025-02-04T16:44:32.527+0000] {dagbag.py:588} INFO - Filling up the DagBag from /home/airflow/.local/lib/python3.9/site-packages/airflow/example_dags/example_latest_only_with_trigger.py
[2025-02-04T16:44:32.541+0000] {processor.py:925} INFO - DAG(s) 'latest_only_with_trigger' retrieved from /home/airflow/.local/lib/python3.9/site-packages/airflow/example_dags/example_latest_only_with_trigger.py
[2025-02-04T16:44:32.562+0000] {logging_mixin.py:190} INFO - [2025-02-04T16:44:32.562+0000] {dag.py:3239} INFO - Sync 1 DAGs
[2025-02-04T16:44:32.586+0000] {logging_mixin.py:190} INFO - [2025-02-04T16:44:32.586+0000] {dag.py:4180} INFO - Setting next_dagrun for latest_only_with_trigger to 2025-02-04 12:00:00+00:00, run_after=2025-02-04 16:00:00+00:00
[2025-02-04T16:44:32.615+0000] {processor.py:208} INFO - Processing /home/airflow/.local/lib/python3.9/site-packages/airflow/example_dags/example_latest_only_with_trigger.py took 0.099 seconds
[2025-02-04T16:45:03.072+0000] {processor.py:186} INFO - Started process (PID=2619) to work on /home/airflow/.local/lib/python3.9/site-packages/airflow/example_dags/example_latest_only_with_trigger.py
[2025-02-04T16:45:03.073+0000] {processor.py:914} INFO - Processing file /home/airflow/.local/lib/python3.9/site-packages/airflow/example_dags/example_latest_only_with_trigger.py for tasks to queue
[2025-02-04T16:45:03.076+0000] {logging_mixin.py:190} INFO - [2025-02-04T16:45:03.075+0000] {dagbag.py:588} INFO - Filling up the DagBag from /home/airflow/.local/lib/python3.9/site-packages/airflow/example_dags/example_latest_only_with_trigger.py
[2025-02-04T16:45:03.085+0000] {processor.py:925} INFO - DAG(s) 'latest_only_with_trigger' retrieved from /home/airflow/.local/lib/python3.9/site-packages/airflow/example_dags/example_latest_only_with_trigger.py
[2025-02-04T16:45:03.108+0000] {logging_mixin.py:190} INFO - [2025-02-04T16:45:03.107+0000] {dag.py:3239} INFO - Sync 1 DAGs
[2025-02-04T16:45:03.138+0000] {logging_mixin.py:190} INFO - [2025-02-04T16:45:03.137+0000] {dag.py:4180} INFO - Setting next_dagrun for latest_only_with_trigger to 2025-02-04 12:00:00+00:00, run_after=2025-02-04 16:00:00+00:00
[2025-02-04T16:45:03.171+0000] {processor.py:208} INFO - Processing /home/airflow/.local/lib/python3.9/site-packages/airflow/example_dags/example_latest_only_with_trigger.py took 0.106 seconds
[2025-02-04T16:45:33.568+0000] {processor.py:186} INFO - Started process (PID=2690) to work on /home/airflow/.local/lib/python3.9/site-packages/airflow/example_dags/example_latest_only_with_trigger.py
[2025-02-04T16:45:33.569+0000] {processor.py:914} INFO - Processing file /home/airflow/.local/lib/python3.9/site-packages/airflow/example_dags/example_latest_only_with_trigger.py for tasks to queue
[2025-02-04T16:45:33.572+0000] {logging_mixin.py:190} INFO - [2025-02-04T16:45:33.571+0000] {dagbag.py:588} INFO - Filling up the DagBag from /home/airflow/.local/lib/python3.9/site-packages/airflow/example_dags/example_latest_only_with_trigger.py
[2025-02-04T16:45:33.588+0000] {processor.py:925} INFO - DAG(s) 'latest_only_with_trigger' retrieved from /home/airflow/.local/lib/python3.9/site-packages/airflow/example_dags/example_latest_only_with_trigger.py
[2025-02-04T16:45:33.631+0000] {logging_mixin.py:190} INFO - [2025-02-04T16:45:33.631+0000] {dag.py:3239} INFO - Sync 1 DAGs
[2025-02-04T16:45:33.662+0000] {logging_mixin.py:190} INFO - [2025-02-04T16:45:33.661+0000] {dag.py:4180} INFO - Setting next_dagrun for latest_only_with_trigger to 2025-02-04 12:00:00+00:00, run_after=2025-02-04 16:00:00+00:00
[2025-02-04T16:45:33.686+0000] {processor.py:208} INFO - Processing /home/airflow/.local/lib/python3.9/site-packages/airflow/example_dags/example_latest_only_with_trigger.py took 0.131 seconds
[2025-02-04T16:46:05.867+0000] {processor.py:186} INFO - Started process (PID=2752) to work on /home/airflow/.local/lib/python3.9/site-packages/airflow/example_dags/example_latest_only_with_trigger.py
[2025-02-04T16:46:05.868+0000] {processor.py:914} INFO - Processing file /home/airflow/.local/lib/python3.9/site-packages/airflow/example_dags/example_latest_only_with_trigger.py for tasks to queue
[2025-02-04T16:46:05.870+0000] {logging_mixin.py:190} INFO - [2025-02-04T16:46:05.870+0000] {dagbag.py:588} INFO - Filling up the DagBag from /home/airflow/.local/lib/python3.9/site-packages/airflow/example_dags/example_latest_only_with_trigger.py
[2025-02-04T16:46:05.879+0000] {processor.py:925} INFO - DAG(s) 'latest_only_with_trigger' retrieved from /home/airflow/.local/lib/python3.9/site-packages/airflow/example_dags/example_latest_only_with_trigger.py
[2025-02-04T16:46:05.902+0000] {logging_mixin.py:190} INFO - [2025-02-04T16:46:05.902+0000] {dag.py:3239} INFO - Sync 1 DAGs
[2025-02-04T16:46:05.988+0000] {logging_mixin.py:190} INFO - [2025-02-04T16:46:05.987+0000] {dag.py:4180} INFO - Setting next_dagrun for latest_only_with_trigger to 2025-02-04 12:00:00+00:00, run_after=2025-02-04 16:00:00+00:00
[2025-02-04T16:46:06.022+0000] {processor.py:208} INFO - Processing /home/airflow/.local/lib/python3.9/site-packages/airflow/example_dags/example_latest_only_with_trigger.py took 0.161 seconds
[2025-02-04T16:46:36.273+0000] {processor.py:186} INFO - Started process (PID=2817) to work on /home/airflow/.local/lib/python3.9/site-packages/airflow/example_dags/example_latest_only_with_trigger.py
[2025-02-04T16:46:36.275+0000] {processor.py:914} INFO - Processing file /home/airflow/.local/lib/python3.9/site-packages/airflow/example_dags/example_latest_only_with_trigger.py for tasks to queue
[2025-02-04T16:46:36.278+0000] {logging_mixin.py:190} INFO - [2025-02-04T16:46:36.278+0000] {dagbag.py:588} INFO - Filling up the DagBag from /home/airflow/.local/lib/python3.9/site-packages/airflow/example_dags/example_latest_only_with_trigger.py
[2025-02-04T16:46:36.290+0000] {processor.py:925} INFO - DAG(s) 'latest_only_with_trigger' retrieved from /home/airflow/.local/lib/python3.9/site-packages/airflow/example_dags/example_latest_only_with_trigger.py
[2025-02-04T16:46:36.314+0000] {logging_mixin.py:190} INFO - [2025-02-04T16:46:36.314+0000] {dag.py:3239} INFO - Sync 1 DAGs
[2025-02-04T16:46:36.575+0000] {logging_mixin.py:190} INFO - [2025-02-04T16:46:36.574+0000] {dag.py:4180} INFO - Setting next_dagrun for latest_only_with_trigger to 2025-02-04 12:00:00+00:00, run_after=2025-02-04 16:00:00+00:00
[2025-02-04T16:46:36.603+0000] {processor.py:208} INFO - Processing /home/airflow/.local/lib/python3.9/site-packages/airflow/example_dags/example_latest_only_with_trigger.py took 0.338 seconds
[2025-02-04T16:47:11.580+0000] {processor.py:186} INFO - Started process (PID=2883) to work on /home/airflow/.local/lib/python3.9/site-packages/airflow/example_dags/example_latest_only_with_trigger.py
[2025-02-04T16:47:11.581+0000] {processor.py:914} INFO - Processing file /home/airflow/.local/lib/python3.9/site-packages/airflow/example_dags/example_latest_only_with_trigger.py for tasks to queue
[2025-02-04T16:47:11.584+0000] {logging_mixin.py:190} INFO - [2025-02-04T16:47:11.583+0000] {dagbag.py:588} INFO - Filling up the DagBag from /home/airflow/.local/lib/python3.9/site-packages/airflow/example_dags/example_latest_only_with_trigger.py
[2025-02-04T16:47:11.592+0000] {processor.py:925} INFO - DAG(s) 'latest_only_with_trigger' retrieved from /home/airflow/.local/lib/python3.9/site-packages/airflow/example_dags/example_latest_only_with_trigger.py
[2025-02-04T16:47:11.612+0000] {logging_mixin.py:190} INFO - [2025-02-04T16:47:11.612+0000] {dag.py:3239} INFO - Sync 1 DAGs
[2025-02-04T16:47:11.640+0000] {logging_mixin.py:190} INFO - [2025-02-04T16:47:11.640+0000] {dag.py:4180} INFO - Setting next_dagrun for latest_only_with_trigger to 2025-02-04 12:00:00+00:00, run_after=2025-02-04 16:00:00+00:00
[2025-02-04T16:47:11.665+0000] {processor.py:208} INFO - Processing /home/airflow/.local/lib/python3.9/site-packages/airflow/example_dags/example_latest_only_with_trigger.py took 0.093 seconds
[2025-02-04T16:47:51.994+0000] {processor.py:186} INFO - Started process (PID=2947) to work on /home/airflow/.local/lib/python3.9/site-packages/airflow/example_dags/example_latest_only_with_trigger.py
[2025-02-04T16:47:51.995+0000] {processor.py:914} INFO - Processing file /home/airflow/.local/lib/python3.9/site-packages/airflow/example_dags/example_latest_only_with_trigger.py for tasks to queue
[2025-02-04T16:47:51.997+0000] {logging_mixin.py:190} INFO - [2025-02-04T16:47:51.997+0000] {dagbag.py:588} INFO - Filling up the DagBag from /home/airflow/.local/lib/python3.9/site-packages/airflow/example_dags/example_latest_only_with_trigger.py
[2025-02-04T16:47:52.007+0000] {processor.py:925} INFO - DAG(s) 'latest_only_with_trigger' retrieved from /home/airflow/.local/lib/python3.9/site-packages/airflow/example_dags/example_latest_only_with_trigger.py
[2025-02-04T16:47:52.033+0000] {logging_mixin.py:190} INFO - [2025-02-04T16:47:52.033+0000] {dag.py:3239} INFO - Sync 1 DAGs
[2025-02-04T16:47:52.059+0000] {logging_mixin.py:190} INFO - [2025-02-04T16:47:52.059+0000] {dag.py:4180} INFO - Setting next_dagrun for latest_only_with_trigger to 2025-02-04 12:00:00+00:00, run_after=2025-02-04 16:00:00+00:00
[2025-02-04T16:47:52.091+0000] {processor.py:208} INFO - Processing /home/airflow/.local/lib/python3.9/site-packages/airflow/example_dags/example_latest_only_with_trigger.py took 0.105 seconds
[2025-02-04T16:48:22.539+0000] {processor.py:186} INFO - Started process (PID=3012) to work on /home/airflow/.local/lib/python3.9/site-packages/airflow/example_dags/example_latest_only_with_trigger.py
[2025-02-04T16:48:22.541+0000] {processor.py:914} INFO - Processing file /home/airflow/.local/lib/python3.9/site-packages/airflow/example_dags/example_latest_only_with_trigger.py for tasks to queue
[2025-02-04T16:48:22.542+0000] {logging_mixin.py:190} INFO - [2025-02-04T16:48:22.542+0000] {dagbag.py:588} INFO - Filling up the DagBag from /home/airflow/.local/lib/python3.9/site-packages/airflow/example_dags/example_latest_only_with_trigger.py
[2025-02-04T16:48:22.554+0000] {processor.py:925} INFO - DAG(s) 'latest_only_with_trigger' retrieved from /home/airflow/.local/lib/python3.9/site-packages/airflow/example_dags/example_latest_only_with_trigger.py
[2025-02-04T16:48:22.582+0000] {logging_mixin.py:190} INFO - [2025-02-04T16:48:22.582+0000] {dag.py:3239} INFO - Sync 1 DAGs
[2025-02-04T16:48:22.605+0000] {logging_mixin.py:190} INFO - [2025-02-04T16:48:22.605+0000] {dag.py:4180} INFO - Setting next_dagrun for latest_only_with_trigger to 2025-02-04 12:00:00+00:00, run_after=2025-02-04 16:00:00+00:00
[2025-02-04T16:48:22.633+0000] {processor.py:208} INFO - Processing /home/airflow/.local/lib/python3.9/site-packages/airflow/example_dags/example_latest_only_with_trigger.py took 0.100 seconds
[2025-02-04T16:48:52.797+0000] {processor.py:186} INFO - Started process (PID=3076) to work on /home/airflow/.local/lib/python3.9/site-packages/airflow/example_dags/example_latest_only_with_trigger.py
[2025-02-04T16:48:52.798+0000] {processor.py:914} INFO - Processing file /home/airflow/.local/lib/python3.9/site-packages/airflow/example_dags/example_latest_only_with_trigger.py for tasks to queue
[2025-02-04T16:48:52.799+0000] {logging_mixin.py:190} INFO - [2025-02-04T16:48:52.799+0000] {dagbag.py:588} INFO - Filling up the DagBag from /home/airflow/.local/lib/python3.9/site-packages/airflow/example_dags/example_latest_only_with_trigger.py
[2025-02-04T16:48:52.809+0000] {processor.py:925} INFO - DAG(s) 'latest_only_with_trigger' retrieved from /home/airflow/.local/lib/python3.9/site-packages/airflow/example_dags/example_latest_only_with_trigger.py
[2025-02-04T16:48:52.831+0000] {logging_mixin.py:190} INFO - [2025-02-04T16:48:52.830+0000] {dag.py:3239} INFO - Sync 1 DAGs
[2025-02-04T16:48:52.855+0000] {logging_mixin.py:190} INFO - [2025-02-04T16:48:52.854+0000] {dag.py:4180} INFO - Setting next_dagrun for latest_only_with_trigger to 2025-02-04 12:00:00+00:00, run_after=2025-02-04 16:00:00+00:00
[2025-02-04T16:48:52.880+0000] {processor.py:208} INFO - Processing /home/airflow/.local/lib/python3.9/site-packages/airflow/example_dags/example_latest_only_with_trigger.py took 0.090 seconds
[2025-02-04T16:49:23.115+0000] {processor.py:186} INFO - Started process (PID=3147) to work on /home/airflow/.local/lib/python3.9/site-packages/airflow/example_dags/example_latest_only_with_trigger.py
[2025-02-04T16:49:23.116+0000] {processor.py:914} INFO - Processing file /home/airflow/.local/lib/python3.9/site-packages/airflow/example_dags/example_latest_only_with_trigger.py for tasks to queue
[2025-02-04T16:49:23.118+0000] {logging_mixin.py:190} INFO - [2025-02-04T16:49:23.118+0000] {dagbag.py:588} INFO - Filling up the DagBag from /home/airflow/.local/lib/python3.9/site-packages/airflow/example_dags/example_latest_only_with_trigger.py
[2025-02-04T16:49:23.126+0000] {processor.py:925} INFO - DAG(s) 'latest_only_with_trigger' retrieved from /home/airflow/.local/lib/python3.9/site-packages/airflow/example_dags/example_latest_only_with_trigger.py
[2025-02-04T16:49:23.146+0000] {logging_mixin.py:190} INFO - [2025-02-04T16:49:23.145+0000] {dag.py:3239} INFO - Sync 1 DAGs
[2025-02-04T16:49:23.171+0000] {logging_mixin.py:190} INFO - [2025-02-04T16:49:23.170+0000] {dag.py:4180} INFO - Setting next_dagrun for latest_only_with_trigger to 2025-02-04 12:00:00+00:00, run_after=2025-02-04 16:00:00+00:00
[2025-02-04T16:49:23.193+0000] {processor.py:208} INFO - Processing /home/airflow/.local/lib/python3.9/site-packages/airflow/example_dags/example_latest_only_with_trigger.py took 0.084 seconds
[2025-02-04T16:49:53.299+0000] {processor.py:186} INFO - Started process (PID=3211) to work on /home/airflow/.local/lib/python3.9/site-packages/airflow/example_dags/example_latest_only_with_trigger.py
[2025-02-04T16:49:53.300+0000] {processor.py:914} INFO - Processing file /home/airflow/.local/lib/python3.9/site-packages/airflow/example_dags/example_latest_only_with_trigger.py for tasks to queue
[2025-02-04T16:49:53.301+0000] {logging_mixin.py:190} INFO - [2025-02-04T16:49:53.301+0000] {dagbag.py:588} INFO - Filling up the DagBag from /home/airflow/.local/lib/python3.9/site-packages/airflow/example_dags/example_latest_only_with_trigger.py
[2025-02-04T16:49:53.310+0000] {processor.py:925} INFO - DAG(s) 'latest_only_with_trigger' retrieved from /home/airflow/.local/lib/python3.9/site-packages/airflow/example_dags/example_latest_only_with_trigger.py
[2025-02-04T16:49:53.334+0000] {logging_mixin.py:190} INFO - [2025-02-04T16:49:53.333+0000] {dag.py:3239} INFO - Sync 1 DAGs
[2025-02-04T16:49:53.356+0000] {logging_mixin.py:190} INFO - [2025-02-04T16:49:53.356+0000] {dag.py:4180} INFO - Setting next_dagrun for latest_only_with_trigger to 2025-02-04 12:00:00+00:00, run_after=2025-02-04 16:00:00+00:00
[2025-02-04T16:49:53.384+0000] {processor.py:208} INFO - Processing /home/airflow/.local/lib/python3.9/site-packages/airflow/example_dags/example_latest_only_with_trigger.py took 0.092 seconds
