[2025-02-04T16:23:13.393+0000] {processor.py:186} INFO - Started process (PID=136) to work on /home/airflow/.local/lib/python3.9/site-packages/airflow/example_dags/example_bash_decorator.py
[2025-02-04T16:23:13.394+0000] {processor.py:914} INFO - Processing file /home/airflow/.local/lib/python3.9/site-packages/airflow/example_dags/example_bash_decorator.py for tasks to queue
[2025-02-04T16:23:13.398+0000] {logging_mixin.py:190} INFO - [2025-02-04T16:23:13.397+0000] {dagbag.py:588} INFO - Filling up the DagBag from /home/airflow/.local/lib/python3.9/site-packages/airflow/example_dags/example_bash_decorator.py
[2025-02-04T16:23:14.073+0000] {processor.py:925} INFO - DAG(s) 'example_bash_decorator' retrieved from /home/airflow/.local/lib/python3.9/site-packages/airflow/example_dags/example_bash_decorator.py
[2025-02-04T16:23:14.226+0000] {logging_mixin.py:190} INFO - [2025-02-04T16:23:14.226+0000] {override.py:1912} INFO - Created Permission View: can delete on DAG:example_bash_decorator
[2025-02-04T16:23:14.243+0000] {logging_mixin.py:190} INFO - [2025-02-04T16:23:14.242+0000] {override.py:1912} INFO - Created Permission View: can edit on DAG:example_bash_decorator
[2025-02-04T16:23:14.255+0000] {logging_mixin.py:190} INFO - [2025-02-04T16:23:14.254+0000] {override.py:1912} INFO - Created Permission View: can read on DAG:example_bash_decorator
[2025-02-04T16:23:14.280+0000] {logging_mixin.py:190} INFO - [2025-02-04T16:23:14.279+0000] {override.py:1912} INFO - Created Permission View: can delete on DAG Run:example_bash_decorator
[2025-02-04T16:23:14.298+0000] {logging_mixin.py:190} INFO - [2025-02-04T16:23:14.298+0000] {override.py:1912} INFO - Created Permission View: menu access on DAG Run:example_bash_decorator
[2025-02-04T16:23:14.312+0000] {logging_mixin.py:190} INFO - [2025-02-04T16:23:14.311+0000] {override.py:1912} INFO - Created Permission View: can read on DAG Run:example_bash_decorator
[2025-02-04T16:23:14.325+0000] {logging_mixin.py:190} INFO - [2025-02-04T16:23:14.324+0000] {override.py:1912} INFO - Created Permission View: can create on DAG Run:example_bash_decorator
[2025-02-04T16:23:14.326+0000] {logging_mixin.py:190} INFO - [2025-02-04T16:23:14.326+0000] {dag.py:3239} INFO - Sync 1 DAGs
[2025-02-04T16:23:14.340+0000] {logging_mixin.py:190} INFO - [2025-02-04T16:23:14.339+0000] {dag.py:3262} INFO - Creating ORM DAG for example_bash_decorator
[2025-02-04T16:23:14.341+0000] {logging_mixin.py:190} INFO - [2025-02-04T16:23:14.341+0000] {dag.py:4180} INFO - Setting next_dagrun for example_bash_decorator to None, run_after=None
[2025-02-04T16:23:14.369+0000] {processor.py:208} INFO - Processing /home/airflow/.local/lib/python3.9/site-packages/airflow/example_dags/example_bash_decorator.py took 0.984 seconds
[2025-02-04T16:23:46.496+0000] {processor.py:186} INFO - Started process (PID=206) to work on /home/airflow/.local/lib/python3.9/site-packages/airflow/example_dags/example_bash_decorator.py
[2025-02-04T16:23:46.498+0000] {processor.py:914} INFO - Processing file /home/airflow/.local/lib/python3.9/site-packages/airflow/example_dags/example_bash_decorator.py for tasks to queue
[2025-02-04T16:23:46.501+0000] {logging_mixin.py:190} INFO - [2025-02-04T16:23:46.500+0000] {dagbag.py:588} INFO - Filling up the DagBag from /home/airflow/.local/lib/python3.9/site-packages/airflow/example_dags/example_bash_decorator.py
[2025-02-04T16:23:46.517+0000] {processor.py:925} INFO - DAG(s) 'example_bash_decorator' retrieved from /home/airflow/.local/lib/python3.9/site-packages/airflow/example_dags/example_bash_decorator.py
[2025-02-04T16:23:46.546+0000] {logging_mixin.py:190} INFO - [2025-02-04T16:23:46.546+0000] {dag.py:3239} INFO - Sync 1 DAGs
[2025-02-04T16:23:46.561+0000] {logging_mixin.py:190} INFO - [2025-02-04T16:23:46.561+0000] {dag.py:4180} INFO - Setting next_dagrun for example_bash_decorator to None, run_after=None
[2025-02-04T16:23:46.820+0000] {processor.py:208} INFO - Processing /home/airflow/.local/lib/python3.9/site-packages/airflow/example_dags/example_bash_decorator.py took 0.331 seconds
[2025-02-04T16:24:17.375+0000] {processor.py:186} INFO - Started process (PID=268) to work on /home/airflow/.local/lib/python3.9/site-packages/airflow/example_dags/example_bash_decorator.py
[2025-02-04T16:24:17.376+0000] {processor.py:914} INFO - Processing file /home/airflow/.local/lib/python3.9/site-packages/airflow/example_dags/example_bash_decorator.py for tasks to queue
[2025-02-04T16:24:17.380+0000] {logging_mixin.py:190} INFO - [2025-02-04T16:24:17.379+0000] {dagbag.py:588} INFO - Filling up the DagBag from /home/airflow/.local/lib/python3.9/site-packages/airflow/example_dags/example_bash_decorator.py
[2025-02-04T16:24:17.394+0000] {processor.py:925} INFO - DAG(s) 'example_bash_decorator' retrieved from /home/airflow/.local/lib/python3.9/site-packages/airflow/example_dags/example_bash_decorator.py
[2025-02-04T16:24:17.419+0000] {logging_mixin.py:190} INFO - [2025-02-04T16:24:17.419+0000] {dag.py:3239} INFO - Sync 1 DAGs
[2025-02-04T16:24:17.434+0000] {logging_mixin.py:190} INFO - [2025-02-04T16:24:17.434+0000] {dag.py:4180} INFO - Setting next_dagrun for example_bash_decorator to None, run_after=None
[2025-02-04T16:24:17.461+0000] {processor.py:208} INFO - Processing /home/airflow/.local/lib/python3.9/site-packages/airflow/example_dags/example_bash_decorator.py took 0.093 seconds
[2025-02-04T16:24:46.602+0000] {processor.py:186} INFO - Started process (PID=332) to work on /home/airflow/.local/lib/python3.9/site-packages/airflow/example_dags/example_bash_decorator.py
[2025-02-04T16:24:46.603+0000] {processor.py:914} INFO - Processing file /home/airflow/.local/lib/python3.9/site-packages/airflow/example_dags/example_bash_decorator.py for tasks to queue
[2025-02-04T16:24:46.606+0000] {logging_mixin.py:190} INFO - [2025-02-04T16:24:46.606+0000] {dagbag.py:588} INFO - Filling up the DagBag from /home/airflow/.local/lib/python3.9/site-packages/airflow/example_dags/example_bash_decorator.py
[2025-02-04T16:24:46.622+0000] {processor.py:925} INFO - DAG(s) 'example_bash_decorator' retrieved from /home/airflow/.local/lib/python3.9/site-packages/airflow/example_dags/example_bash_decorator.py
[2025-02-04T16:24:46.648+0000] {logging_mixin.py:190} INFO - [2025-02-04T16:24:46.648+0000] {dag.py:3239} INFO - Sync 1 DAGs
[2025-02-04T16:24:46.664+0000] {logging_mixin.py:190} INFO - [2025-02-04T16:24:46.664+0000] {dag.py:4180} INFO - Setting next_dagrun for example_bash_decorator to None, run_after=None
[2025-02-04T16:24:46.702+0000] {processor.py:208} INFO - Processing /home/airflow/.local/lib/python3.9/site-packages/airflow/example_dags/example_bash_decorator.py took 0.108 seconds
[2025-02-04T16:25:18.225+0000] {processor.py:186} INFO - Started process (PID=396) to work on /home/airflow/.local/lib/python3.9/site-packages/airflow/example_dags/example_bash_decorator.py
[2025-02-04T16:25:19.012+0000] {processor.py:914} INFO - Processing file /home/airflow/.local/lib/python3.9/site-packages/airflow/example_dags/example_bash_decorator.py for tasks to queue
[2025-02-04T16:25:19.016+0000] {logging_mixin.py:190} INFO - [2025-02-04T16:25:19.015+0000] {dagbag.py:588} INFO - Filling up the DagBag from /home/airflow/.local/lib/python3.9/site-packages/airflow/example_dags/example_bash_decorator.py
[2025-02-04T16:25:19.039+0000] {processor.py:925} INFO - DAG(s) 'example_bash_decorator' retrieved from /home/airflow/.local/lib/python3.9/site-packages/airflow/example_dags/example_bash_decorator.py
[2025-02-04T16:25:19.069+0000] {logging_mixin.py:190} INFO - [2025-02-04T16:25:19.069+0000] {dag.py:3239} INFO - Sync 1 DAGs
[2025-02-04T16:25:19.087+0000] {logging_mixin.py:190} INFO - [2025-02-04T16:25:19.087+0000] {dag.py:4180} INFO - Setting next_dagrun for example_bash_decorator to None, run_after=None
[2025-02-04T16:25:19.118+0000] {processor.py:208} INFO - Processing /home/airflow/.local/lib/python3.9/site-packages/airflow/example_dags/example_bash_decorator.py took 1.293 seconds
[2025-02-04T16:25:49.631+0000] {processor.py:186} INFO - Started process (PID=461) to work on /home/airflow/.local/lib/python3.9/site-packages/airflow/example_dags/example_bash_decorator.py
[2025-02-04T16:25:49.632+0000] {processor.py:914} INFO - Processing file /home/airflow/.local/lib/python3.9/site-packages/airflow/example_dags/example_bash_decorator.py for tasks to queue
[2025-02-04T16:25:49.635+0000] {logging_mixin.py:190} INFO - [2025-02-04T16:25:49.635+0000] {dagbag.py:588} INFO - Filling up the DagBag from /home/airflow/.local/lib/python3.9/site-packages/airflow/example_dags/example_bash_decorator.py
[2025-02-04T16:25:49.651+0000] {processor.py:925} INFO - DAG(s) 'example_bash_decorator' retrieved from /home/airflow/.local/lib/python3.9/site-packages/airflow/example_dags/example_bash_decorator.py
[2025-02-04T16:25:49.678+0000] {logging_mixin.py:190} INFO - [2025-02-04T16:25:49.677+0000] {dag.py:3239} INFO - Sync 1 DAGs
[2025-02-04T16:25:49.693+0000] {logging_mixin.py:190} INFO - [2025-02-04T16:25:49.693+0000] {dag.py:4180} INFO - Setting next_dagrun for example_bash_decorator to None, run_after=None
[2025-02-04T16:25:49.719+0000] {processor.py:208} INFO - Processing /home/airflow/.local/lib/python3.9/site-packages/airflow/example_dags/example_bash_decorator.py took 0.095 seconds
[2025-02-04T16:26:20.150+0000] {processor.py:186} INFO - Started process (PID=525) to work on /home/airflow/.local/lib/python3.9/site-packages/airflow/example_dags/example_bash_decorator.py
[2025-02-04T16:26:20.151+0000] {processor.py:914} INFO - Processing file /home/airflow/.local/lib/python3.9/site-packages/airflow/example_dags/example_bash_decorator.py for tasks to queue
[2025-02-04T16:26:20.154+0000] {logging_mixin.py:190} INFO - [2025-02-04T16:26:20.154+0000] {dagbag.py:588} INFO - Filling up the DagBag from /home/airflow/.local/lib/python3.9/site-packages/airflow/example_dags/example_bash_decorator.py
[2025-02-04T16:26:20.175+0000] {processor.py:925} INFO - DAG(s) 'example_bash_decorator' retrieved from /home/airflow/.local/lib/python3.9/site-packages/airflow/example_dags/example_bash_decorator.py
[2025-02-04T16:26:20.208+0000] {logging_mixin.py:190} INFO - [2025-02-04T16:26:20.208+0000] {dag.py:3239} INFO - Sync 1 DAGs
[2025-02-04T16:26:20.224+0000] {logging_mixin.py:190} INFO - [2025-02-04T16:26:20.224+0000] {dag.py:4180} INFO - Setting next_dagrun for example_bash_decorator to None, run_after=None
[2025-02-04T16:26:20.254+0000] {processor.py:208} INFO - Processing /home/airflow/.local/lib/python3.9/site-packages/airflow/example_dags/example_bash_decorator.py took 0.113 seconds
[2025-02-04T16:26:53.158+0000] {processor.py:186} INFO - Started process (PID=589) to work on /home/airflow/.local/lib/python3.9/site-packages/airflow/example_dags/example_bash_decorator.py
[2025-02-04T16:26:53.160+0000] {processor.py:914} INFO - Processing file /home/airflow/.local/lib/python3.9/site-packages/airflow/example_dags/example_bash_decorator.py for tasks to queue
[2025-02-04T16:26:53.163+0000] {logging_mixin.py:190} INFO - [2025-02-04T16:26:53.162+0000] {dagbag.py:588} INFO - Filling up the DagBag from /home/airflow/.local/lib/python3.9/site-packages/airflow/example_dags/example_bash_decorator.py
[2025-02-04T16:26:53.178+0000] {processor.py:925} INFO - DAG(s) 'example_bash_decorator' retrieved from /home/airflow/.local/lib/python3.9/site-packages/airflow/example_dags/example_bash_decorator.py
[2025-02-04T16:26:53.205+0000] {logging_mixin.py:190} INFO - [2025-02-04T16:26:53.205+0000] {dag.py:3239} INFO - Sync 1 DAGs
[2025-02-04T16:26:53.219+0000] {logging_mixin.py:190} INFO - [2025-02-04T16:26:53.219+0000] {dag.py:4180} INFO - Setting next_dagrun for example_bash_decorator to None, run_after=None
[2025-02-04T16:26:53.267+0000] {processor.py:208} INFO - Processing /home/airflow/.local/lib/python3.9/site-packages/airflow/example_dags/example_bash_decorator.py took 0.116 seconds
[2025-02-04T16:27:24.317+0000] {processor.py:186} INFO - Started process (PID=653) to work on /home/airflow/.local/lib/python3.9/site-packages/airflow/example_dags/example_bash_decorator.py
[2025-02-04T16:27:24.318+0000] {processor.py:914} INFO - Processing file /home/airflow/.local/lib/python3.9/site-packages/airflow/example_dags/example_bash_decorator.py for tasks to queue
[2025-02-04T16:27:24.321+0000] {logging_mixin.py:190} INFO - [2025-02-04T16:27:24.321+0000] {dagbag.py:588} INFO - Filling up the DagBag from /home/airflow/.local/lib/python3.9/site-packages/airflow/example_dags/example_bash_decorator.py
[2025-02-04T16:27:24.439+0000] {processor.py:925} INFO - DAG(s) 'example_bash_decorator' retrieved from /home/airflow/.local/lib/python3.9/site-packages/airflow/example_dags/example_bash_decorator.py
[2025-02-04T16:27:24.489+0000] {logging_mixin.py:190} INFO - [2025-02-04T16:27:24.489+0000] {dag.py:3239} INFO - Sync 1 DAGs
[2025-02-04T16:27:24.505+0000] {logging_mixin.py:190} INFO - [2025-02-04T16:27:24.504+0000] {dag.py:4180} INFO - Setting next_dagrun for example_bash_decorator to None, run_after=None
[2025-02-04T16:27:24.532+0000] {processor.py:208} INFO - Processing /home/airflow/.local/lib/python3.9/site-packages/airflow/example_dags/example_bash_decorator.py took 0.222 seconds
[2025-02-04T16:27:56.969+0000] {processor.py:186} INFO - Started process (PID=717) to work on /home/airflow/.local/lib/python3.9/site-packages/airflow/example_dags/example_bash_decorator.py
[2025-02-04T16:27:56.971+0000] {processor.py:914} INFO - Processing file /home/airflow/.local/lib/python3.9/site-packages/airflow/example_dags/example_bash_decorator.py for tasks to queue
[2025-02-04T16:27:56.974+0000] {logging_mixin.py:190} INFO - [2025-02-04T16:27:56.974+0000] {dagbag.py:588} INFO - Filling up the DagBag from /home/airflow/.local/lib/python3.9/site-packages/airflow/example_dags/example_bash_decorator.py
[2025-02-04T16:27:57.030+0000] {processor.py:925} INFO - DAG(s) 'example_bash_decorator' retrieved from /home/airflow/.local/lib/python3.9/site-packages/airflow/example_dags/example_bash_decorator.py
[2025-02-04T16:27:57.264+0000] {logging_mixin.py:190} INFO - [2025-02-04T16:27:57.264+0000] {dag.py:3239} INFO - Sync 1 DAGs
[2025-02-04T16:27:57.280+0000] {logging_mixin.py:190} INFO - [2025-02-04T16:27:57.280+0000] {dag.py:4180} INFO - Setting next_dagrun for example_bash_decorator to None, run_after=None
[2025-02-04T16:27:57.310+0000] {processor.py:208} INFO - Processing /home/airflow/.local/lib/python3.9/site-packages/airflow/example_dags/example_bash_decorator.py took 0.348 seconds
[2025-02-04T16:28:27.789+0000] {processor.py:186} INFO - Started process (PID=788) to work on /home/airflow/.local/lib/python3.9/site-packages/airflow/example_dags/example_bash_decorator.py
[2025-02-04T16:28:27.790+0000] {processor.py:914} INFO - Processing file /home/airflow/.local/lib/python3.9/site-packages/airflow/example_dags/example_bash_decorator.py for tasks to queue
[2025-02-04T16:28:27.794+0000] {logging_mixin.py:190} INFO - [2025-02-04T16:28:27.794+0000] {dagbag.py:588} INFO - Filling up the DagBag from /home/airflow/.local/lib/python3.9/site-packages/airflow/example_dags/example_bash_decorator.py
[2025-02-04T16:28:27.821+0000] {processor.py:925} INFO - DAG(s) 'example_bash_decorator' retrieved from /home/airflow/.local/lib/python3.9/site-packages/airflow/example_dags/example_bash_decorator.py
[2025-02-04T16:28:27.847+0000] {logging_mixin.py:190} INFO - [2025-02-04T16:28:27.846+0000] {dag.py:3239} INFO - Sync 1 DAGs
[2025-02-04T16:28:27.863+0000] {logging_mixin.py:190} INFO - [2025-02-04T16:28:27.863+0000] {dag.py:4180} INFO - Setting next_dagrun for example_bash_decorator to None, run_after=None
[2025-02-04T16:28:27.893+0000] {processor.py:208} INFO - Processing /home/airflow/.local/lib/python3.9/site-packages/airflow/example_dags/example_bash_decorator.py took 0.112 seconds
[2025-02-04T16:28:59.960+0000] {processor.py:186} INFO - Started process (PID=854) to work on /home/airflow/.local/lib/python3.9/site-packages/airflow/example_dags/example_bash_decorator.py
[2025-02-04T16:28:59.961+0000] {processor.py:914} INFO - Processing file /home/airflow/.local/lib/python3.9/site-packages/airflow/example_dags/example_bash_decorator.py for tasks to queue
[2025-02-04T16:28:59.964+0000] {logging_mixin.py:190} INFO - [2025-02-04T16:28:59.964+0000] {dagbag.py:588} INFO - Filling up the DagBag from /home/airflow/.local/lib/python3.9/site-packages/airflow/example_dags/example_bash_decorator.py
[2025-02-04T16:29:00.212+0000] {processor.py:925} INFO - DAG(s) 'example_bash_decorator' retrieved from /home/airflow/.local/lib/python3.9/site-packages/airflow/example_dags/example_bash_decorator.py
[2025-02-04T16:29:00.417+0000] {logging_mixin.py:190} INFO - [2025-02-04T16:29:00.416+0000] {dag.py:3239} INFO - Sync 1 DAGs
[2025-02-04T16:29:00.431+0000] {logging_mixin.py:190} INFO - [2025-02-04T16:29:00.431+0000] {dag.py:4180} INFO - Setting next_dagrun for example_bash_decorator to None, run_after=None
[2025-02-04T16:29:00.460+0000] {processor.py:208} INFO - Processing /home/airflow/.local/lib/python3.9/site-packages/airflow/example_dags/example_bash_decorator.py took 0.507 seconds
[2025-02-04T16:29:31.216+0000] {processor.py:186} INFO - Started process (PID=921) to work on /home/airflow/.local/lib/python3.9/site-packages/airflow/example_dags/example_bash_decorator.py
[2025-02-04T16:29:31.218+0000] {processor.py:914} INFO - Processing file /home/airflow/.local/lib/python3.9/site-packages/airflow/example_dags/example_bash_decorator.py for tasks to queue
[2025-02-04T16:29:31.223+0000] {logging_mixin.py:190} INFO - [2025-02-04T16:29:31.222+0000] {dagbag.py:588} INFO - Filling up the DagBag from /home/airflow/.local/lib/python3.9/site-packages/airflow/example_dags/example_bash_decorator.py
[2025-02-04T16:29:31.242+0000] {processor.py:925} INFO - DAG(s) 'example_bash_decorator' retrieved from /home/airflow/.local/lib/python3.9/site-packages/airflow/example_dags/example_bash_decorator.py
[2025-02-04T16:29:31.268+0000] {logging_mixin.py:190} INFO - [2025-02-04T16:29:31.268+0000] {dag.py:3239} INFO - Sync 1 DAGs
[2025-02-04T16:29:31.286+0000] {logging_mixin.py:190} INFO - [2025-02-04T16:29:31.286+0000] {dag.py:4180} INFO - Setting next_dagrun for example_bash_decorator to None, run_after=None
[2025-02-04T16:29:31.318+0000] {processor.py:208} INFO - Processing /home/airflow/.local/lib/python3.9/site-packages/airflow/example_dags/example_bash_decorator.py took 0.110 seconds
[2025-02-04T16:30:01.629+0000] {processor.py:186} INFO - Started process (PID=985) to work on /home/airflow/.local/lib/python3.9/site-packages/airflow/example_dags/example_bash_decorator.py
[2025-02-04T16:30:01.631+0000] {processor.py:914} INFO - Processing file /home/airflow/.local/lib/python3.9/site-packages/airflow/example_dags/example_bash_decorator.py for tasks to queue
[2025-02-04T16:30:01.634+0000] {logging_mixin.py:190} INFO - [2025-02-04T16:30:01.634+0000] {dagbag.py:588} INFO - Filling up the DagBag from /home/airflow/.local/lib/python3.9/site-packages/airflow/example_dags/example_bash_decorator.py
[2025-02-04T16:30:01.650+0000] {processor.py:925} INFO - DAG(s) 'example_bash_decorator' retrieved from /home/airflow/.local/lib/python3.9/site-packages/airflow/example_dags/example_bash_decorator.py
[2025-02-04T16:30:01.678+0000] {logging_mixin.py:190} INFO - [2025-02-04T16:30:01.678+0000] {dag.py:3239} INFO - Sync 1 DAGs
[2025-02-04T16:30:01.696+0000] {logging_mixin.py:190} INFO - [2025-02-04T16:30:01.695+0000] {dag.py:4180} INFO - Setting next_dagrun for example_bash_decorator to None, run_after=None
[2025-02-04T16:30:01.730+0000] {processor.py:208} INFO - Processing /home/airflow/.local/lib/python3.9/site-packages/airflow/example_dags/example_bash_decorator.py took 0.108 seconds
[2025-02-04T16:30:32.779+0000] {processor.py:186} INFO - Started process (PID=1050) to work on /home/airflow/.local/lib/python3.9/site-packages/airflow/example_dags/example_bash_decorator.py
[2025-02-04T16:30:32.781+0000] {processor.py:914} INFO - Processing file /home/airflow/.local/lib/python3.9/site-packages/airflow/example_dags/example_bash_decorator.py for tasks to queue
[2025-02-04T16:30:32.784+0000] {logging_mixin.py:190} INFO - [2025-02-04T16:30:32.784+0000] {dagbag.py:588} INFO - Filling up the DagBag from /home/airflow/.local/lib/python3.9/site-packages/airflow/example_dags/example_bash_decorator.py
[2025-02-04T16:30:32.809+0000] {processor.py:925} INFO - DAG(s) 'example_bash_decorator' retrieved from /home/airflow/.local/lib/python3.9/site-packages/airflow/example_dags/example_bash_decorator.py
[2025-02-04T16:30:32.837+0000] {logging_mixin.py:190} INFO - [2025-02-04T16:30:32.837+0000] {dag.py:3239} INFO - Sync 1 DAGs
[2025-02-04T16:30:32.856+0000] {logging_mixin.py:190} INFO - [2025-02-04T16:30:32.856+0000] {dag.py:4180} INFO - Setting next_dagrun for example_bash_decorator to None, run_after=None
[2025-02-04T16:30:32.887+0000] {processor.py:208} INFO - Processing /home/airflow/.local/lib/python3.9/site-packages/airflow/example_dags/example_bash_decorator.py took 0.140 seconds
[2025-02-04T16:31:03.351+0000] {processor.py:186} INFO - Started process (PID=1114) to work on /home/airflow/.local/lib/python3.9/site-packages/airflow/example_dags/example_bash_decorator.py
[2025-02-04T16:31:03.352+0000] {processor.py:914} INFO - Processing file /home/airflow/.local/lib/python3.9/site-packages/airflow/example_dags/example_bash_decorator.py for tasks to queue
[2025-02-04T16:31:03.354+0000] {logging_mixin.py:190} INFO - [2025-02-04T16:31:03.354+0000] {dagbag.py:588} INFO - Filling up the DagBag from /home/airflow/.local/lib/python3.9/site-packages/airflow/example_dags/example_bash_decorator.py
[2025-02-04T16:31:03.370+0000] {processor.py:925} INFO - DAG(s) 'example_bash_decorator' retrieved from /home/airflow/.local/lib/python3.9/site-packages/airflow/example_dags/example_bash_decorator.py
[2025-02-04T16:31:03.396+0000] {logging_mixin.py:190} INFO - [2025-02-04T16:31:03.395+0000] {dag.py:3239} INFO - Sync 1 DAGs
[2025-02-04T16:31:03.410+0000] {logging_mixin.py:190} INFO - [2025-02-04T16:31:03.410+0000] {dag.py:4180} INFO - Setting next_dagrun for example_bash_decorator to None, run_after=None
[2025-02-04T16:31:03.439+0000] {processor.py:208} INFO - Processing /home/airflow/.local/lib/python3.9/site-packages/airflow/example_dags/example_bash_decorator.py took 0.095 seconds
[2025-02-04T16:31:34.456+0000] {processor.py:186} INFO - Started process (PID=1178) to work on /home/airflow/.local/lib/python3.9/site-packages/airflow/example_dags/example_bash_decorator.py
[2025-02-04T16:31:34.458+0000] {processor.py:914} INFO - Processing file /home/airflow/.local/lib/python3.9/site-packages/airflow/example_dags/example_bash_decorator.py for tasks to queue
[2025-02-04T16:31:34.461+0000] {logging_mixin.py:190} INFO - [2025-02-04T16:31:34.461+0000] {dagbag.py:588} INFO - Filling up the DagBag from /home/airflow/.local/lib/python3.9/site-packages/airflow/example_dags/example_bash_decorator.py
[2025-02-04T16:31:34.477+0000] {processor.py:925} INFO - DAG(s) 'example_bash_decorator' retrieved from /home/airflow/.local/lib/python3.9/site-packages/airflow/example_dags/example_bash_decorator.py
[2025-02-04T16:31:34.503+0000] {logging_mixin.py:190} INFO - [2025-02-04T16:31:34.503+0000] {dag.py:3239} INFO - Sync 1 DAGs
[2025-02-04T16:31:34.518+0000] {logging_mixin.py:190} INFO - [2025-02-04T16:31:34.518+0000] {dag.py:4180} INFO - Setting next_dagrun for example_bash_decorator to None, run_after=None
[2025-02-04T16:31:34.551+0000] {processor.py:208} INFO - Processing /home/airflow/.local/lib/python3.9/site-packages/airflow/example_dags/example_bash_decorator.py took 0.101 seconds
[2025-02-04T16:32:05.903+0000] {processor.py:186} INFO - Started process (PID=1242) to work on /home/airflow/.local/lib/python3.9/site-packages/airflow/example_dags/example_bash_decorator.py
[2025-02-04T16:32:05.905+0000] {processor.py:914} INFO - Processing file /home/airflow/.local/lib/python3.9/site-packages/airflow/example_dags/example_bash_decorator.py for tasks to queue
[2025-02-04T16:32:05.907+0000] {logging_mixin.py:190} INFO - [2025-02-04T16:32:05.907+0000] {dagbag.py:588} INFO - Filling up the DagBag from /home/airflow/.local/lib/python3.9/site-packages/airflow/example_dags/example_bash_decorator.py
[2025-02-04T16:32:05.931+0000] {processor.py:925} INFO - DAG(s) 'example_bash_decorator' retrieved from /home/airflow/.local/lib/python3.9/site-packages/airflow/example_dags/example_bash_decorator.py
[2025-02-04T16:32:05.957+0000] {logging_mixin.py:190} INFO - [2025-02-04T16:32:05.957+0000] {dag.py:3239} INFO - Sync 1 DAGs
[2025-02-04T16:32:05.973+0000] {logging_mixin.py:190} INFO - [2025-02-04T16:32:05.973+0000] {dag.py:4180} INFO - Setting next_dagrun for example_bash_decorator to None, run_after=None
[2025-02-04T16:32:06.001+0000] {processor.py:208} INFO - Processing /home/airflow/.local/lib/python3.9/site-packages/airflow/example_dags/example_bash_decorator.py took 0.106 seconds
[2025-02-04T16:32:36.697+0000] {processor.py:186} INFO - Started process (PID=1306) to work on /home/airflow/.local/lib/python3.9/site-packages/airflow/example_dags/example_bash_decorator.py
[2025-02-04T16:32:36.698+0000] {processor.py:914} INFO - Processing file /home/airflow/.local/lib/python3.9/site-packages/airflow/example_dags/example_bash_decorator.py for tasks to queue
[2025-02-04T16:32:36.701+0000] {logging_mixin.py:190} INFO - [2025-02-04T16:32:36.701+0000] {dagbag.py:588} INFO - Filling up the DagBag from /home/airflow/.local/lib/python3.9/site-packages/airflow/example_dags/example_bash_decorator.py
[2025-02-04T16:32:36.728+0000] {processor.py:925} INFO - DAG(s) 'example_bash_decorator' retrieved from /home/airflow/.local/lib/python3.9/site-packages/airflow/example_dags/example_bash_decorator.py
[2025-02-04T16:32:36.793+0000] {logging_mixin.py:190} INFO - [2025-02-04T16:32:36.793+0000] {dag.py:3239} INFO - Sync 1 DAGs
[2025-02-04T16:32:36.827+0000] {logging_mixin.py:190} INFO - [2025-02-04T16:32:36.827+0000] {dag.py:4180} INFO - Setting next_dagrun for example_bash_decorator to None, run_after=None
[2025-02-04T16:32:36.856+0000] {processor.py:208} INFO - Processing /home/airflow/.local/lib/python3.9/site-packages/airflow/example_dags/example_bash_decorator.py took 0.166 seconds
[2025-02-04T16:33:07.067+0000] {processor.py:186} INFO - Started process (PID=1378) to work on /home/airflow/.local/lib/python3.9/site-packages/airflow/example_dags/example_bash_decorator.py
[2025-02-04T16:33:07.069+0000] {processor.py:914} INFO - Processing file /home/airflow/.local/lib/python3.9/site-packages/airflow/example_dags/example_bash_decorator.py for tasks to queue
[2025-02-04T16:33:07.072+0000] {logging_mixin.py:190} INFO - [2025-02-04T16:33:07.071+0000] {dagbag.py:588} INFO - Filling up the DagBag from /home/airflow/.local/lib/python3.9/site-packages/airflow/example_dags/example_bash_decorator.py
[2025-02-04T16:33:07.088+0000] {processor.py:925} INFO - DAG(s) 'example_bash_decorator' retrieved from /home/airflow/.local/lib/python3.9/site-packages/airflow/example_dags/example_bash_decorator.py
[2025-02-04T16:33:07.121+0000] {logging_mixin.py:190} INFO - [2025-02-04T16:33:07.121+0000] {dag.py:3239} INFO - Sync 1 DAGs
[2025-02-04T16:33:07.137+0000] {logging_mixin.py:190} INFO - [2025-02-04T16:33:07.137+0000] {dag.py:4180} INFO - Setting next_dagrun for example_bash_decorator to None, run_after=None
[2025-02-04T16:33:07.168+0000] {processor.py:208} INFO - Processing /home/airflow/.local/lib/python3.9/site-packages/airflow/example_dags/example_bash_decorator.py took 0.107 seconds
[2025-02-04T16:33:37.437+0000] {processor.py:186} INFO - Started process (PID=1442) to work on /home/airflow/.local/lib/python3.9/site-packages/airflow/example_dags/example_bash_decorator.py
[2025-02-04T16:33:37.438+0000] {processor.py:914} INFO - Processing file /home/airflow/.local/lib/python3.9/site-packages/airflow/example_dags/example_bash_decorator.py for tasks to queue
[2025-02-04T16:33:37.440+0000] {logging_mixin.py:190} INFO - [2025-02-04T16:33:37.440+0000] {dagbag.py:588} INFO - Filling up the DagBag from /home/airflow/.local/lib/python3.9/site-packages/airflow/example_dags/example_bash_decorator.py
[2025-02-04T16:33:37.454+0000] {processor.py:925} INFO - DAG(s) 'example_bash_decorator' retrieved from /home/airflow/.local/lib/python3.9/site-packages/airflow/example_dags/example_bash_decorator.py
[2025-02-04T16:33:37.482+0000] {logging_mixin.py:190} INFO - [2025-02-04T16:33:37.482+0000] {dag.py:3239} INFO - Sync 1 DAGs
[2025-02-04T16:33:37.501+0000] {logging_mixin.py:190} INFO - [2025-02-04T16:33:37.500+0000] {dag.py:4180} INFO - Setting next_dagrun for example_bash_decorator to None, run_after=None
[2025-02-04T16:33:37.530+0000] {processor.py:208} INFO - Processing /home/airflow/.local/lib/python3.9/site-packages/airflow/example_dags/example_bash_decorator.py took 0.100 seconds
[2025-02-04T16:34:08.245+0000] {processor.py:186} INFO - Started process (PID=1506) to work on /home/airflow/.local/lib/python3.9/site-packages/airflow/example_dags/example_bash_decorator.py
[2025-02-04T16:34:08.247+0000] {processor.py:914} INFO - Processing file /home/airflow/.local/lib/python3.9/site-packages/airflow/example_dags/example_bash_decorator.py for tasks to queue
[2025-02-04T16:34:08.249+0000] {logging_mixin.py:190} INFO - [2025-02-04T16:34:08.249+0000] {dagbag.py:588} INFO - Filling up the DagBag from /home/airflow/.local/lib/python3.9/site-packages/airflow/example_dags/example_bash_decorator.py
[2025-02-04T16:34:08.263+0000] {processor.py:925} INFO - DAG(s) 'example_bash_decorator' retrieved from /home/airflow/.local/lib/python3.9/site-packages/airflow/example_dags/example_bash_decorator.py
[2025-02-04T16:34:08.288+0000] {logging_mixin.py:190} INFO - [2025-02-04T16:34:08.287+0000] {dag.py:3239} INFO - Sync 1 DAGs
[2025-02-04T16:34:08.302+0000] {logging_mixin.py:190} INFO - [2025-02-04T16:34:08.302+0000] {dag.py:4180} INFO - Setting next_dagrun for example_bash_decorator to None, run_after=None
[2025-02-04T16:34:08.354+0000] {processor.py:208} INFO - Processing /home/airflow/.local/lib/python3.9/site-packages/airflow/example_dags/example_bash_decorator.py took 0.116 seconds
[2025-02-04T16:34:41.924+0000] {processor.py:186} INFO - Started process (PID=1574) to work on /home/airflow/.local/lib/python3.9/site-packages/airflow/example_dags/example_bash_decorator.py
[2025-02-04T16:34:41.926+0000] {processor.py:914} INFO - Processing file /home/airflow/.local/lib/python3.9/site-packages/airflow/example_dags/example_bash_decorator.py for tasks to queue
[2025-02-04T16:34:41.929+0000] {logging_mixin.py:190} INFO - [2025-02-04T16:34:41.929+0000] {dagbag.py:588} INFO - Filling up the DagBag from /home/airflow/.local/lib/python3.9/site-packages/airflow/example_dags/example_bash_decorator.py
[2025-02-04T16:34:41.953+0000] {processor.py:925} INFO - DAG(s) 'example_bash_decorator' retrieved from /home/airflow/.local/lib/python3.9/site-packages/airflow/example_dags/example_bash_decorator.py
[2025-02-04T16:34:42.370+0000] {logging_mixin.py:190} INFO - [2025-02-04T16:34:42.370+0000] {dag.py:3239} INFO - Sync 1 DAGs
[2025-02-04T16:34:42.397+0000] {logging_mixin.py:190} INFO - [2025-02-04T16:34:42.397+0000] {dag.py:4180} INFO - Setting next_dagrun for example_bash_decorator to None, run_after=None
[2025-02-04T16:34:42.427+0000] {processor.py:208} INFO - Processing /home/airflow/.local/lib/python3.9/site-packages/airflow/example_dags/example_bash_decorator.py took 0.514 seconds
[2025-02-04T16:35:13.644+0000] {processor.py:186} INFO - Started process (PID=1638) to work on /home/airflow/.local/lib/python3.9/site-packages/airflow/example_dags/example_bash_decorator.py
[2025-02-04T16:35:13.654+0000] {processor.py:914} INFO - Processing file /home/airflow/.local/lib/python3.9/site-packages/airflow/example_dags/example_bash_decorator.py for tasks to queue
[2025-02-04T16:35:13.657+0000] {logging_mixin.py:190} INFO - [2025-02-04T16:35:13.657+0000] {dagbag.py:588} INFO - Filling up the DagBag from /home/airflow/.local/lib/python3.9/site-packages/airflow/example_dags/example_bash_decorator.py
[2025-02-04T16:35:13.672+0000] {processor.py:925} INFO - DAG(s) 'example_bash_decorator' retrieved from /home/airflow/.local/lib/python3.9/site-packages/airflow/example_dags/example_bash_decorator.py
[2025-02-04T16:35:13.697+0000] {logging_mixin.py:190} INFO - [2025-02-04T16:35:13.697+0000] {dag.py:3239} INFO - Sync 1 DAGs
[2025-02-04T16:35:13.711+0000] {logging_mixin.py:190} INFO - [2025-02-04T16:35:13.711+0000] {dag.py:4180} INFO - Setting next_dagrun for example_bash_decorator to None, run_after=None
[2025-02-04T16:35:13.738+0000] {processor.py:208} INFO - Processing /home/airflow/.local/lib/python3.9/site-packages/airflow/example_dags/example_bash_decorator.py took 0.102 seconds
[2025-02-04T16:35:44.193+0000] {processor.py:186} INFO - Started process (PID=1702) to work on /home/airflow/.local/lib/python3.9/site-packages/airflow/example_dags/example_bash_decorator.py
[2025-02-04T16:35:44.195+0000] {processor.py:914} INFO - Processing file /home/airflow/.local/lib/python3.9/site-packages/airflow/example_dags/example_bash_decorator.py for tasks to queue
[2025-02-04T16:35:44.197+0000] {logging_mixin.py:190} INFO - [2025-02-04T16:35:44.197+0000] {dagbag.py:588} INFO - Filling up the DagBag from /home/airflow/.local/lib/python3.9/site-packages/airflow/example_dags/example_bash_decorator.py
[2025-02-04T16:35:44.222+0000] {processor.py:925} INFO - DAG(s) 'example_bash_decorator' retrieved from /home/airflow/.local/lib/python3.9/site-packages/airflow/example_dags/example_bash_decorator.py
[2025-02-04T16:35:44.255+0000] {logging_mixin.py:190} INFO - [2025-02-04T16:35:44.255+0000] {dag.py:3239} INFO - Sync 1 DAGs
[2025-02-04T16:35:44.273+0000] {logging_mixin.py:190} INFO - [2025-02-04T16:35:44.272+0000] {dag.py:4180} INFO - Setting next_dagrun for example_bash_decorator to None, run_after=None
[2025-02-04T16:35:44.299+0000] {processor.py:208} INFO - Processing /home/airflow/.local/lib/python3.9/site-packages/airflow/example_dags/example_bash_decorator.py took 0.125 seconds
[2025-02-04T16:36:14.656+0000] {processor.py:186} INFO - Started process (PID=1767) to work on /home/airflow/.local/lib/python3.9/site-packages/airflow/example_dags/example_bash_decorator.py
[2025-02-04T16:36:14.658+0000] {processor.py:914} INFO - Processing file /home/airflow/.local/lib/python3.9/site-packages/airflow/example_dags/example_bash_decorator.py for tasks to queue
[2025-02-04T16:36:14.661+0000] {logging_mixin.py:190} INFO - [2025-02-04T16:36:14.661+0000] {dagbag.py:588} INFO - Filling up the DagBag from /home/airflow/.local/lib/python3.9/site-packages/airflow/example_dags/example_bash_decorator.py
[2025-02-04T16:36:14.678+0000] {processor.py:925} INFO - DAG(s) 'example_bash_decorator' retrieved from /home/airflow/.local/lib/python3.9/site-packages/airflow/example_dags/example_bash_decorator.py
[2025-02-04T16:36:14.706+0000] {logging_mixin.py:190} INFO - [2025-02-04T16:36:14.706+0000] {dag.py:3239} INFO - Sync 1 DAGs
[2025-02-04T16:36:14.722+0000] {logging_mixin.py:190} INFO - [2025-02-04T16:36:14.721+0000] {dag.py:4180} INFO - Setting next_dagrun for example_bash_decorator to None, run_after=None
[2025-02-04T16:36:14.750+0000] {processor.py:208} INFO - Processing /home/airflow/.local/lib/python3.9/site-packages/airflow/example_dags/example_bash_decorator.py took 0.100 seconds
[2025-02-04T16:36:45.477+0000] {processor.py:186} INFO - Started process (PID=1831) to work on /home/airflow/.local/lib/python3.9/site-packages/airflow/example_dags/example_bash_decorator.py
[2025-02-04T16:36:45.478+0000] {processor.py:914} INFO - Processing file /home/airflow/.local/lib/python3.9/site-packages/airflow/example_dags/example_bash_decorator.py for tasks to queue
[2025-02-04T16:36:45.481+0000] {logging_mixin.py:190} INFO - [2025-02-04T16:36:45.481+0000] {dagbag.py:588} INFO - Filling up the DagBag from /home/airflow/.local/lib/python3.9/site-packages/airflow/example_dags/example_bash_decorator.py
[2025-02-04T16:36:45.501+0000] {processor.py:925} INFO - DAG(s) 'example_bash_decorator' retrieved from /home/airflow/.local/lib/python3.9/site-packages/airflow/example_dags/example_bash_decorator.py
[2025-02-04T16:36:45.525+0000] {logging_mixin.py:190} INFO - [2025-02-04T16:36:45.525+0000] {dag.py:3239} INFO - Sync 1 DAGs
[2025-02-04T16:36:45.541+0000] {logging_mixin.py:190} INFO - [2025-02-04T16:36:45.540+0000] {dag.py:4180} INFO - Setting next_dagrun for example_bash_decorator to None, run_after=None
[2025-02-04T16:36:45.568+0000] {processor.py:208} INFO - Processing /home/airflow/.local/lib/python3.9/site-packages/airflow/example_dags/example_bash_decorator.py took 0.098 seconds
[2025-02-04T16:39:27.724+0000] {processor.py:186} INFO - Started process (PID=1931) to work on /home/airflow/.local/lib/python3.9/site-packages/airflow/example_dags/example_bash_decorator.py
[2025-02-04T16:39:27.725+0000] {processor.py:914} INFO - Processing file /home/airflow/.local/lib/python3.9/site-packages/airflow/example_dags/example_bash_decorator.py for tasks to queue
[2025-02-04T16:39:27.727+0000] {logging_mixin.py:190} INFO - [2025-02-04T16:39:27.726+0000] {dagbag.py:588} INFO - Filling up the DagBag from /home/airflow/.local/lib/python3.9/site-packages/airflow/example_dags/example_bash_decorator.py
[2025-02-04T16:39:27.744+0000] {processor.py:925} INFO - DAG(s) 'example_bash_decorator' retrieved from /home/airflow/.local/lib/python3.9/site-packages/airflow/example_dags/example_bash_decorator.py
[2025-02-04T16:39:27.771+0000] {logging_mixin.py:190} INFO - [2025-02-04T16:39:27.771+0000] {dag.py:3239} INFO - Sync 1 DAGs
[2025-02-04T16:39:27.793+0000] {logging_mixin.py:190} INFO - [2025-02-04T16:39:27.792+0000] {dag.py:4180} INFO - Setting next_dagrun for example_bash_decorator to None, run_after=None
[2025-02-04T16:39:27.827+0000] {processor.py:208} INFO - Processing /home/airflow/.local/lib/python3.9/site-packages/airflow/example_dags/example_bash_decorator.py took 0.111 seconds
[2025-02-04T16:39:58.086+0000] {processor.py:186} INFO - Started process (PID=1995) to work on /home/airflow/.local/lib/python3.9/site-packages/airflow/example_dags/example_bash_decorator.py
[2025-02-04T16:39:58.088+0000] {processor.py:914} INFO - Processing file /home/airflow/.local/lib/python3.9/site-packages/airflow/example_dags/example_bash_decorator.py for tasks to queue
[2025-02-04T16:39:58.089+0000] {logging_mixin.py:190} INFO - [2025-02-04T16:39:58.089+0000] {dagbag.py:588} INFO - Filling up the DagBag from /home/airflow/.local/lib/python3.9/site-packages/airflow/example_dags/example_bash_decorator.py
[2025-02-04T16:39:58.103+0000] {processor.py:925} INFO - DAG(s) 'example_bash_decorator' retrieved from /home/airflow/.local/lib/python3.9/site-packages/airflow/example_dags/example_bash_decorator.py
[2025-02-04T16:39:58.125+0000] {logging_mixin.py:190} INFO - [2025-02-04T16:39:58.125+0000] {dag.py:3239} INFO - Sync 1 DAGs
[2025-02-04T16:39:58.137+0000] {logging_mixin.py:190} INFO - [2025-02-04T16:39:58.137+0000] {dag.py:4180} INFO - Setting next_dagrun for example_bash_decorator to None, run_after=None
[2025-02-04T16:39:58.160+0000] {processor.py:208} INFO - Processing /home/airflow/.local/lib/python3.9/site-packages/airflow/example_dags/example_bash_decorator.py took 0.079 seconds
[2025-02-04T16:40:29.027+0000] {processor.py:186} INFO - Started process (PID=2059) to work on /home/airflow/.local/lib/python3.9/site-packages/airflow/example_dags/example_bash_decorator.py
[2025-02-04T16:40:29.028+0000] {processor.py:914} INFO - Processing file /home/airflow/.local/lib/python3.9/site-packages/airflow/example_dags/example_bash_decorator.py for tasks to queue
[2025-02-04T16:40:29.030+0000] {logging_mixin.py:190} INFO - [2025-02-04T16:40:29.029+0000] {dagbag.py:588} INFO - Filling up the DagBag from /home/airflow/.local/lib/python3.9/site-packages/airflow/example_dags/example_bash_decorator.py
[2025-02-04T16:40:29.045+0000] {processor.py:925} INFO - DAG(s) 'example_bash_decorator' retrieved from /home/airflow/.local/lib/python3.9/site-packages/airflow/example_dags/example_bash_decorator.py
[2025-02-04T16:40:29.069+0000] {logging_mixin.py:190} INFO - [2025-02-04T16:40:29.069+0000] {dag.py:3239} INFO - Sync 1 DAGs
[2025-02-04T16:40:29.084+0000] {logging_mixin.py:190} INFO - [2025-02-04T16:40:29.083+0000] {dag.py:4180} INFO - Setting next_dagrun for example_bash_decorator to None, run_after=None
[2025-02-04T16:40:29.108+0000] {processor.py:208} INFO - Processing /home/airflow/.local/lib/python3.9/site-packages/airflow/example_dags/example_bash_decorator.py took 0.088 seconds
[2025-02-04T16:40:59.777+0000] {processor.py:186} INFO - Started process (PID=2123) to work on /home/airflow/.local/lib/python3.9/site-packages/airflow/example_dags/example_bash_decorator.py
[2025-02-04T16:40:59.779+0000] {processor.py:914} INFO - Processing file /home/airflow/.local/lib/python3.9/site-packages/airflow/example_dags/example_bash_decorator.py for tasks to queue
[2025-02-04T16:40:59.780+0000] {logging_mixin.py:190} INFO - [2025-02-04T16:40:59.780+0000] {dagbag.py:588} INFO - Filling up the DagBag from /home/airflow/.local/lib/python3.9/site-packages/airflow/example_dags/example_bash_decorator.py
[2025-02-04T16:40:59.796+0000] {processor.py:925} INFO - DAG(s) 'example_bash_decorator' retrieved from /home/airflow/.local/lib/python3.9/site-packages/airflow/example_dags/example_bash_decorator.py
[2025-02-04T16:40:59.822+0000] {logging_mixin.py:190} INFO - [2025-02-04T16:40:59.821+0000] {dag.py:3239} INFO - Sync 1 DAGs
[2025-02-04T16:40:59.836+0000] {logging_mixin.py:190} INFO - [2025-02-04T16:40:59.835+0000] {dag.py:4180} INFO - Setting next_dagrun for example_bash_decorator to None, run_after=None
[2025-02-04T16:40:59.862+0000] {processor.py:208} INFO - Processing /home/airflow/.local/lib/python3.9/site-packages/airflow/example_dags/example_bash_decorator.py took 0.091 seconds
[2025-02-04T16:41:31.072+0000] {processor.py:186} INFO - Started process (PID=2187) to work on /home/airflow/.local/lib/python3.9/site-packages/airflow/example_dags/example_bash_decorator.py
[2025-02-04T16:41:31.073+0000] {processor.py:914} INFO - Processing file /home/airflow/.local/lib/python3.9/site-packages/airflow/example_dags/example_bash_decorator.py for tasks to queue
[2025-02-04T16:41:31.075+0000] {logging_mixin.py:190} INFO - [2025-02-04T16:41:31.074+0000] {dagbag.py:588} INFO - Filling up the DagBag from /home/airflow/.local/lib/python3.9/site-packages/airflow/example_dags/example_bash_decorator.py
[2025-02-04T16:41:31.089+0000] {processor.py:925} INFO - DAG(s) 'example_bash_decorator' retrieved from /home/airflow/.local/lib/python3.9/site-packages/airflow/example_dags/example_bash_decorator.py
[2025-02-04T16:41:31.114+0000] {logging_mixin.py:190} INFO - [2025-02-04T16:41:31.113+0000] {dag.py:3239} INFO - Sync 1 DAGs
[2025-02-04T16:41:31.127+0000] {logging_mixin.py:190} INFO - [2025-02-04T16:41:31.127+0000] {dag.py:4180} INFO - Setting next_dagrun for example_bash_decorator to None, run_after=None
[2025-02-04T16:41:31.154+0000] {processor.py:208} INFO - Processing /home/airflow/.local/lib/python3.9/site-packages/airflow/example_dags/example_bash_decorator.py took 0.089 seconds
[2025-02-04T16:42:02.249+0000] {processor.py:186} INFO - Started process (PID=2251) to work on /home/airflow/.local/lib/python3.9/site-packages/airflow/example_dags/example_bash_decorator.py
[2025-02-04T16:42:02.250+0000] {processor.py:914} INFO - Processing file /home/airflow/.local/lib/python3.9/site-packages/airflow/example_dags/example_bash_decorator.py for tasks to queue
[2025-02-04T16:42:02.252+0000] {logging_mixin.py:190} INFO - [2025-02-04T16:42:02.251+0000] {dagbag.py:588} INFO - Filling up the DagBag from /home/airflow/.local/lib/python3.9/site-packages/airflow/example_dags/example_bash_decorator.py
[2025-02-04T16:42:02.267+0000] {processor.py:925} INFO - DAG(s) 'example_bash_decorator' retrieved from /home/airflow/.local/lib/python3.9/site-packages/airflow/example_dags/example_bash_decorator.py
[2025-02-04T16:42:02.292+0000] {logging_mixin.py:190} INFO - [2025-02-04T16:42:02.292+0000] {dag.py:3239} INFO - Sync 1 DAGs
[2025-02-04T16:42:02.306+0000] {logging_mixin.py:190} INFO - [2025-02-04T16:42:02.306+0000] {dag.py:4180} INFO - Setting next_dagrun for example_bash_decorator to None, run_after=None
[2025-02-04T16:42:02.331+0000] {processor.py:208} INFO - Processing /home/airflow/.local/lib/python3.9/site-packages/airflow/example_dags/example_bash_decorator.py took 0.088 seconds
[2025-02-04T16:42:32.980+0000] {processor.py:186} INFO - Started process (PID=2316) to work on /home/airflow/.local/lib/python3.9/site-packages/airflow/example_dags/example_bash_decorator.py
[2025-02-04T16:42:32.981+0000] {processor.py:914} INFO - Processing file /home/airflow/.local/lib/python3.9/site-packages/airflow/example_dags/example_bash_decorator.py for tasks to queue
[2025-02-04T16:42:32.983+0000] {logging_mixin.py:190} INFO - [2025-02-04T16:42:32.983+0000] {dagbag.py:588} INFO - Filling up the DagBag from /home/airflow/.local/lib/python3.9/site-packages/airflow/example_dags/example_bash_decorator.py
[2025-02-04T16:42:33.001+0000] {processor.py:925} INFO - DAG(s) 'example_bash_decorator' retrieved from /home/airflow/.local/lib/python3.9/site-packages/airflow/example_dags/example_bash_decorator.py
[2025-02-04T16:42:33.027+0000] {logging_mixin.py:190} INFO - [2025-02-04T16:42:33.027+0000] {dag.py:3239} INFO - Sync 1 DAGs
[2025-02-04T16:42:33.043+0000] {logging_mixin.py:190} INFO - [2025-02-04T16:42:33.043+0000] {dag.py:4180} INFO - Setting next_dagrun for example_bash_decorator to None, run_after=None
[2025-02-04T16:42:33.068+0000] {processor.py:208} INFO - Processing /home/airflow/.local/lib/python3.9/site-packages/airflow/example_dags/example_bash_decorator.py took 0.095 seconds
[2025-02-04T16:43:03.599+0000] {processor.py:186} INFO - Started process (PID=2382) to work on /home/airflow/.local/lib/python3.9/site-packages/airflow/example_dags/example_bash_decorator.py
[2025-02-04T16:43:03.601+0000] {processor.py:914} INFO - Processing file /home/airflow/.local/lib/python3.9/site-packages/airflow/example_dags/example_bash_decorator.py for tasks to queue
[2025-02-04T16:43:03.603+0000] {logging_mixin.py:190} INFO - [2025-02-04T16:43:03.602+0000] {dagbag.py:588} INFO - Filling up the DagBag from /home/airflow/.local/lib/python3.9/site-packages/airflow/example_dags/example_bash_decorator.py
[2025-02-04T16:43:03.620+0000] {processor.py:925} INFO - DAG(s) 'example_bash_decorator' retrieved from /home/airflow/.local/lib/python3.9/site-packages/airflow/example_dags/example_bash_decorator.py
[2025-02-04T16:43:03.645+0000] {logging_mixin.py:190} INFO - [2025-02-04T16:43:03.645+0000] {dag.py:3239} INFO - Sync 1 DAGs
[2025-02-04T16:43:03.661+0000] {logging_mixin.py:190} INFO - [2025-02-04T16:43:03.660+0000] {dag.py:4180} INFO - Setting next_dagrun for example_bash_decorator to None, run_after=None
[2025-02-04T16:43:03.688+0000] {processor.py:208} INFO - Processing /home/airflow/.local/lib/python3.9/site-packages/airflow/example_dags/example_bash_decorator.py took 0.097 seconds
[2025-02-04T16:43:34.156+0000] {processor.py:186} INFO - Started process (PID=2446) to work on /home/airflow/.local/lib/python3.9/site-packages/airflow/example_dags/example_bash_decorator.py
[2025-02-04T16:43:34.158+0000] {processor.py:914} INFO - Processing file /home/airflow/.local/lib/python3.9/site-packages/airflow/example_dags/example_bash_decorator.py for tasks to queue
[2025-02-04T16:43:34.160+0000] {logging_mixin.py:190} INFO - [2025-02-04T16:43:34.159+0000] {dagbag.py:588} INFO - Filling up the DagBag from /home/airflow/.local/lib/python3.9/site-packages/airflow/example_dags/example_bash_decorator.py
[2025-02-04T16:43:34.175+0000] {processor.py:925} INFO - DAG(s) 'example_bash_decorator' retrieved from /home/airflow/.local/lib/python3.9/site-packages/airflow/example_dags/example_bash_decorator.py
[2025-02-04T16:43:34.202+0000] {logging_mixin.py:190} INFO - [2025-02-04T16:43:34.202+0000] {dag.py:3239} INFO - Sync 1 DAGs
[2025-02-04T16:43:34.221+0000] {logging_mixin.py:190} INFO - [2025-02-04T16:43:34.221+0000] {dag.py:4180} INFO - Setting next_dagrun for example_bash_decorator to None, run_after=None
[2025-02-04T16:43:34.252+0000] {processor.py:208} INFO - Processing /home/airflow/.local/lib/python3.9/site-packages/airflow/example_dags/example_bash_decorator.py took 0.103 seconds
[2025-02-04T16:44:04.834+0000] {processor.py:186} INFO - Started process (PID=2510) to work on /home/airflow/.local/lib/python3.9/site-packages/airflow/example_dags/example_bash_decorator.py
[2025-02-04T16:44:04.835+0000] {processor.py:914} INFO - Processing file /home/airflow/.local/lib/python3.9/site-packages/airflow/example_dags/example_bash_decorator.py for tasks to queue
[2025-02-04T16:44:04.837+0000] {logging_mixin.py:190} INFO - [2025-02-04T16:44:04.836+0000] {dagbag.py:588} INFO - Filling up the DagBag from /home/airflow/.local/lib/python3.9/site-packages/airflow/example_dags/example_bash_decorator.py
[2025-02-04T16:44:04.857+0000] {processor.py:925} INFO - DAG(s) 'example_bash_decorator' retrieved from /home/airflow/.local/lib/python3.9/site-packages/airflow/example_dags/example_bash_decorator.py
[2025-02-04T16:44:04.884+0000] {logging_mixin.py:190} INFO - [2025-02-04T16:44:04.884+0000] {dag.py:3239} INFO - Sync 1 DAGs
[2025-02-04T16:44:04.900+0000] {logging_mixin.py:190} INFO - [2025-02-04T16:44:04.900+0000] {dag.py:4180} INFO - Setting next_dagrun for example_bash_decorator to None, run_after=None
[2025-02-04T16:44:04.929+0000] {processor.py:208} INFO - Processing /home/airflow/.local/lib/python3.9/site-packages/airflow/example_dags/example_bash_decorator.py took 0.102 seconds
[2025-02-04T16:44:35.070+0000] {processor.py:186} INFO - Started process (PID=2574) to work on /home/airflow/.local/lib/python3.9/site-packages/airflow/example_dags/example_bash_decorator.py
[2025-02-04T16:44:35.072+0000] {processor.py:914} INFO - Processing file /home/airflow/.local/lib/python3.9/site-packages/airflow/example_dags/example_bash_decorator.py for tasks to queue
[2025-02-04T16:44:35.073+0000] {logging_mixin.py:190} INFO - [2025-02-04T16:44:35.073+0000] {dagbag.py:588} INFO - Filling up the DagBag from /home/airflow/.local/lib/python3.9/site-packages/airflow/example_dags/example_bash_decorator.py
[2025-02-04T16:44:35.089+0000] {processor.py:925} INFO - DAG(s) 'example_bash_decorator' retrieved from /home/airflow/.local/lib/python3.9/site-packages/airflow/example_dags/example_bash_decorator.py
[2025-02-04T16:44:35.114+0000] {logging_mixin.py:190} INFO - [2025-02-04T16:44:35.114+0000] {dag.py:3239} INFO - Sync 1 DAGs
[2025-02-04T16:44:35.128+0000] {logging_mixin.py:190} INFO - [2025-02-04T16:44:35.128+0000] {dag.py:4180} INFO - Setting next_dagrun for example_bash_decorator to None, run_after=None
[2025-02-04T16:44:35.155+0000] {processor.py:208} INFO - Processing /home/airflow/.local/lib/python3.9/site-packages/airflow/example_dags/example_bash_decorator.py took 0.092 seconds
[2025-02-04T16:45:05.534+0000] {processor.py:186} INFO - Started process (PID=2645) to work on /home/airflow/.local/lib/python3.9/site-packages/airflow/example_dags/example_bash_decorator.py
[2025-02-04T16:45:05.536+0000] {processor.py:914} INFO - Processing file /home/airflow/.local/lib/python3.9/site-packages/airflow/example_dags/example_bash_decorator.py for tasks to queue
[2025-02-04T16:45:05.538+0000] {logging_mixin.py:190} INFO - [2025-02-04T16:45:05.537+0000] {dagbag.py:588} INFO - Filling up the DagBag from /home/airflow/.local/lib/python3.9/site-packages/airflow/example_dags/example_bash_decorator.py
[2025-02-04T16:45:05.553+0000] {processor.py:925} INFO - DAG(s) 'example_bash_decorator' retrieved from /home/airflow/.local/lib/python3.9/site-packages/airflow/example_dags/example_bash_decorator.py
[2025-02-04T16:45:05.579+0000] {logging_mixin.py:190} INFO - [2025-02-04T16:45:05.579+0000] {dag.py:3239} INFO - Sync 1 DAGs
[2025-02-04T16:45:05.595+0000] {logging_mixin.py:190} INFO - [2025-02-04T16:45:05.595+0000] {dag.py:4180} INFO - Setting next_dagrun for example_bash_decorator to None, run_after=None
[2025-02-04T16:45:05.621+0000] {processor.py:208} INFO - Processing /home/airflow/.local/lib/python3.9/site-packages/airflow/example_dags/example_bash_decorator.py took 0.094 seconds
[2025-02-04T16:45:35.924+0000] {processor.py:186} INFO - Started process (PID=2709) to work on /home/airflow/.local/lib/python3.9/site-packages/airflow/example_dags/example_bash_decorator.py
[2025-02-04T16:45:35.926+0000] {processor.py:914} INFO - Processing file /home/airflow/.local/lib/python3.9/site-packages/airflow/example_dags/example_bash_decorator.py for tasks to queue
[2025-02-04T16:45:35.929+0000] {logging_mixin.py:190} INFO - [2025-02-04T16:45:35.928+0000] {dagbag.py:588} INFO - Filling up the DagBag from /home/airflow/.local/lib/python3.9/site-packages/airflow/example_dags/example_bash_decorator.py
[2025-02-04T16:45:35.951+0000] {processor.py:925} INFO - DAG(s) 'example_bash_decorator' retrieved from /home/airflow/.local/lib/python3.9/site-packages/airflow/example_dags/example_bash_decorator.py
[2025-02-04T16:45:35.979+0000] {logging_mixin.py:190} INFO - [2025-02-04T16:45:35.979+0000] {dag.py:3239} INFO - Sync 1 DAGs
[2025-02-04T16:45:35.997+0000] {logging_mixin.py:190} INFO - [2025-02-04T16:45:35.997+0000] {dag.py:4180} INFO - Setting next_dagrun for example_bash_decorator to None, run_after=None
[2025-02-04T16:45:36.021+0000] {processor.py:208} INFO - Processing /home/airflow/.local/lib/python3.9/site-packages/airflow/example_dags/example_bash_decorator.py took 0.106 seconds
[2025-02-04T16:46:07.289+0000] {processor.py:186} INFO - Started process (PID=2773) to work on /home/airflow/.local/lib/python3.9/site-packages/airflow/example_dags/example_bash_decorator.py
[2025-02-04T16:46:07.291+0000] {processor.py:914} INFO - Processing file /home/airflow/.local/lib/python3.9/site-packages/airflow/example_dags/example_bash_decorator.py for tasks to queue
[2025-02-04T16:46:07.293+0000] {logging_mixin.py:190} INFO - [2025-02-04T16:46:07.292+0000] {dagbag.py:588} INFO - Filling up the DagBag from /home/airflow/.local/lib/python3.9/site-packages/airflow/example_dags/example_bash_decorator.py
[2025-02-04T16:46:07.308+0000] {processor.py:925} INFO - DAG(s) 'example_bash_decorator' retrieved from /home/airflow/.local/lib/python3.9/site-packages/airflow/example_dags/example_bash_decorator.py
[2025-02-04T16:46:07.334+0000] {logging_mixin.py:190} INFO - [2025-02-04T16:46:07.334+0000] {dag.py:3239} INFO - Sync 1 DAGs
[2025-02-04T16:46:07.349+0000] {logging_mixin.py:190} INFO - [2025-02-04T16:46:07.348+0000] {dag.py:4180} INFO - Setting next_dagrun for example_bash_decorator to None, run_after=None
[2025-02-04T16:46:07.377+0000] {processor.py:208} INFO - Processing /home/airflow/.local/lib/python3.9/site-packages/airflow/example_dags/example_bash_decorator.py took 0.095 seconds
[2025-02-04T16:46:37.817+0000] {processor.py:186} INFO - Started process (PID=2837) to work on /home/airflow/.local/lib/python3.9/site-packages/airflow/example_dags/example_bash_decorator.py
[2025-02-04T16:46:37.818+0000] {processor.py:914} INFO - Processing file /home/airflow/.local/lib/python3.9/site-packages/airflow/example_dags/example_bash_decorator.py for tasks to queue
[2025-02-04T16:46:37.820+0000] {logging_mixin.py:190} INFO - [2025-02-04T16:46:37.820+0000] {dagbag.py:588} INFO - Filling up the DagBag from /home/airflow/.local/lib/python3.9/site-packages/airflow/example_dags/example_bash_decorator.py
[2025-02-04T16:46:37.837+0000] {processor.py:925} INFO - DAG(s) 'example_bash_decorator' retrieved from /home/airflow/.local/lib/python3.9/site-packages/airflow/example_dags/example_bash_decorator.py
[2025-02-04T16:46:37.864+0000] {logging_mixin.py:190} INFO - [2025-02-04T16:46:37.864+0000] {dag.py:3239} INFO - Sync 1 DAGs
[2025-02-04T16:46:37.879+0000] {logging_mixin.py:190} INFO - [2025-02-04T16:46:37.879+0000] {dag.py:4180} INFO - Setting next_dagrun for example_bash_decorator to None, run_after=None
[2025-02-04T16:46:37.906+0000] {processor.py:208} INFO - Processing /home/airflow/.local/lib/python3.9/site-packages/airflow/example_dags/example_bash_decorator.py took 0.096 seconds
[2025-02-04T16:47:12.923+0000] {processor.py:186} INFO - Started process (PID=2901) to work on /home/airflow/.local/lib/python3.9/site-packages/airflow/example_dags/example_bash_decorator.py
[2025-02-04T16:47:12.925+0000] {processor.py:914} INFO - Processing file /home/airflow/.local/lib/python3.9/site-packages/airflow/example_dags/example_bash_decorator.py for tasks to queue
[2025-02-04T16:47:12.928+0000] {logging_mixin.py:190} INFO - [2025-02-04T16:47:12.927+0000] {dagbag.py:588} INFO - Filling up the DagBag from /home/airflow/.local/lib/python3.9/site-packages/airflow/example_dags/example_bash_decorator.py
[2025-02-04T16:47:12.954+0000] {processor.py:925} INFO - DAG(s) 'example_bash_decorator' retrieved from /home/airflow/.local/lib/python3.9/site-packages/airflow/example_dags/example_bash_decorator.py
[2025-02-04T16:47:12.993+0000] {logging_mixin.py:190} INFO - [2025-02-04T16:47:12.992+0000] {dag.py:3239} INFO - Sync 1 DAGs
[2025-02-04T16:47:13.016+0000] {logging_mixin.py:190} INFO - [2025-02-04T16:47:13.015+0000] {dag.py:4180} INFO - Setting next_dagrun for example_bash_decorator to None, run_after=None
[2025-02-04T16:47:13.050+0000] {processor.py:208} INFO - Processing /home/airflow/.local/lib/python3.9/site-packages/airflow/example_dags/example_bash_decorator.py took 0.136 seconds
