[2025-02-04T16:22:45.903+0000] {processor.py:186} INFO - Started process (PID=105) to work on /home/airflow/.local/lib/python3.9/site-packages/airflow/example_dags/example_bash_operator.py
[2025-02-04T16:22:45.905+0000] {processor.py:914} INFO - Processing file /home/airflow/.local/lib/python3.9/site-packages/airflow/example_dags/example_bash_operator.py for tasks to queue
[2025-02-04T16:22:45.907+0000] {logging_mixin.py:190} INFO - [2025-02-04T16:22:45.907+0000] {dagbag.py:588} INFO - Filling up the DagBag from /home/airflow/.local/lib/python3.9/site-packages/airflow/example_dags/example_bash_operator.py
[2025-02-04T16:22:45.976+0000] {processor.py:925} INFO - DAG(s) 'example_bash_operator' retrieved from /home/airflow/.local/lib/python3.9/site-packages/airflow/example_dags/example_bash_operator.py
[2025-02-04T16:22:46.100+0000] {logging_mixin.py:190} INFO - [2025-02-04T16:22:46.100+0000] {override.py:1912} INFO - Created Permission View: can delete on DAG:example_bash_operator
[2025-02-04T16:22:46.117+0000] {logging_mixin.py:190} INFO - [2025-02-04T16:22:46.117+0000] {override.py:1912} INFO - Created Permission View: can edit on DAG:example_bash_operator
[2025-02-04T16:22:46.133+0000] {logging_mixin.py:190} INFO - [2025-02-04T16:22:46.133+0000] {override.py:1912} INFO - Created Permission View: can read on DAG:example_bash_operator
[2025-02-04T16:22:46.158+0000] {logging_mixin.py:190} INFO - [2025-02-04T16:22:46.158+0000] {override.py:1912} INFO - Created Permission View: can delete on DAG Run:example_bash_operator
[2025-02-04T16:22:46.172+0000] {logging_mixin.py:190} INFO - [2025-02-04T16:22:46.172+0000] {override.py:1912} INFO - Created Permission View: menu access on DAG Run:example_bash_operator
[2025-02-04T16:22:46.187+0000] {logging_mixin.py:190} INFO - [2025-02-04T16:22:46.186+0000] {override.py:1912} INFO - Created Permission View: can read on DAG Run:example_bash_operator
[2025-02-04T16:22:46.201+0000] {logging_mixin.py:190} INFO - [2025-02-04T16:22:46.201+0000] {override.py:1912} INFO - Created Permission View: can create on DAG Run:example_bash_operator
[2025-02-04T16:22:46.202+0000] {logging_mixin.py:190} INFO - [2025-02-04T16:22:46.202+0000] {dag.py:3239} INFO - Sync 1 DAGs
[2025-02-04T16:22:46.216+0000] {logging_mixin.py:190} INFO - [2025-02-04T16:22:46.216+0000] {dag.py:3262} INFO - Creating ORM DAG for example_bash_operator
[2025-02-04T16:22:46.228+0000] {logging_mixin.py:190} INFO - [2025-02-04T16:22:46.228+0000] {dag.py:4180} INFO - Setting next_dagrun for example_bash_operator to 2025-02-03 00:00:00+00:00, run_after=2025-02-04 00:00:00+00:00
[2025-02-04T16:22:46.257+0000] {processor.py:208} INFO - Processing /home/airflow/.local/lib/python3.9/site-packages/airflow/example_dags/example_bash_operator.py took 0.361 seconds
[2025-02-04T16:23:29.201+0000] {processor.py:186} INFO - Started process (PID=169) to work on /home/airflow/.local/lib/python3.9/site-packages/airflow/example_dags/example_bash_operator.py
[2025-02-04T16:23:29.202+0000] {processor.py:914} INFO - Processing file /home/airflow/.local/lib/python3.9/site-packages/airflow/example_dags/example_bash_operator.py for tasks to queue
[2025-02-04T16:23:29.205+0000] {logging_mixin.py:190} INFO - [2025-02-04T16:23:29.204+0000] {dagbag.py:588} INFO - Filling up the DagBag from /home/airflow/.local/lib/python3.9/site-packages/airflow/example_dags/example_bash_operator.py
[2025-02-04T16:23:29.218+0000] {processor.py:925} INFO - DAG(s) 'example_bash_operator' retrieved from /home/airflow/.local/lib/python3.9/site-packages/airflow/example_dags/example_bash_operator.py
[2025-02-04T16:23:29.248+0000] {logging_mixin.py:190} INFO - [2025-02-04T16:23:29.247+0000] {dag.py:3239} INFO - Sync 1 DAGs
[2025-02-04T16:23:29.271+0000] {logging_mixin.py:190} INFO - [2025-02-04T16:23:29.270+0000] {dag.py:4180} INFO - Setting next_dagrun for example_bash_operator to 2025-02-03 00:00:00+00:00, run_after=2025-02-04 00:00:00+00:00
[2025-02-04T16:23:29.296+0000] {processor.py:208} INFO - Processing /home/airflow/.local/lib/python3.9/site-packages/airflow/example_dags/example_bash_operator.py took 0.102 seconds
[2025-02-04T16:24:01.055+0000] {processor.py:186} INFO - Started process (PID=232) to work on /home/airflow/.local/lib/python3.9/site-packages/airflow/example_dags/example_bash_operator.py
[2025-02-04T16:24:01.057+0000] {processor.py:914} INFO - Processing file /home/airflow/.local/lib/python3.9/site-packages/airflow/example_dags/example_bash_operator.py for tasks to queue
[2025-02-04T16:24:01.060+0000] {logging_mixin.py:190} INFO - [2025-02-04T16:24:01.059+0000] {dagbag.py:588} INFO - Filling up the DagBag from /home/airflow/.local/lib/python3.9/site-packages/airflow/example_dags/example_bash_operator.py
[2025-02-04T16:24:01.075+0000] {processor.py:925} INFO - DAG(s) 'example_bash_operator' retrieved from /home/airflow/.local/lib/python3.9/site-packages/airflow/example_dags/example_bash_operator.py
[2025-02-04T16:24:01.104+0000] {logging_mixin.py:190} INFO - [2025-02-04T16:24:01.104+0000] {dag.py:3239} INFO - Sync 1 DAGs
[2025-02-04T16:24:01.128+0000] {logging_mixin.py:190} INFO - [2025-02-04T16:24:01.128+0000] {dag.py:4180} INFO - Setting next_dagrun for example_bash_operator to 2025-02-03 00:00:00+00:00, run_after=2025-02-04 00:00:00+00:00
[2025-02-04T16:24:01.155+0000] {processor.py:208} INFO - Processing /home/airflow/.local/lib/python3.9/site-packages/airflow/example_dags/example_bash_operator.py took 0.106 seconds
[2025-02-04T16:24:31.860+0000] {processor.py:186} INFO - Started process (PID=295) to work on /home/airflow/.local/lib/python3.9/site-packages/airflow/example_dags/example_bash_operator.py
[2025-02-04T16:24:31.862+0000] {processor.py:914} INFO - Processing file /home/airflow/.local/lib/python3.9/site-packages/airflow/example_dags/example_bash_operator.py for tasks to queue
[2025-02-04T16:24:31.866+0000] {logging_mixin.py:190} INFO - [2025-02-04T16:24:31.865+0000] {dagbag.py:588} INFO - Filling up the DagBag from /home/airflow/.local/lib/python3.9/site-packages/airflow/example_dags/example_bash_operator.py
[2025-02-04T16:24:31.880+0000] {processor.py:925} INFO - DAG(s) 'example_bash_operator' retrieved from /home/airflow/.local/lib/python3.9/site-packages/airflow/example_dags/example_bash_operator.py
[2025-02-04T16:24:31.911+0000] {logging_mixin.py:190} INFO - [2025-02-04T16:24:31.911+0000] {dag.py:3239} INFO - Sync 1 DAGs
[2025-02-04T16:24:31.935+0000] {logging_mixin.py:190} INFO - [2025-02-04T16:24:31.934+0000] {dag.py:4180} INFO - Setting next_dagrun for example_bash_operator to 2025-02-03 00:00:00+00:00, run_after=2025-02-04 00:00:00+00:00
[2025-02-04T16:24:31.961+0000] {processor.py:208} INFO - Processing /home/airflow/.local/lib/python3.9/site-packages/airflow/example_dags/example_bash_operator.py took 0.112 seconds
[2025-02-04T16:25:02.624+0000] {processor.py:186} INFO - Started process (PID=359) to work on /home/airflow/.local/lib/python3.9/site-packages/airflow/example_dags/example_bash_operator.py
[2025-02-04T16:25:02.625+0000] {processor.py:914} INFO - Processing file /home/airflow/.local/lib/python3.9/site-packages/airflow/example_dags/example_bash_operator.py for tasks to queue
[2025-02-04T16:25:02.629+0000] {logging_mixin.py:190} INFO - [2025-02-04T16:25:02.628+0000] {dagbag.py:588} INFO - Filling up the DagBag from /home/airflow/.local/lib/python3.9/site-packages/airflow/example_dags/example_bash_operator.py
[2025-02-04T16:25:02.642+0000] {processor.py:925} INFO - DAG(s) 'example_bash_operator' retrieved from /home/airflow/.local/lib/python3.9/site-packages/airflow/example_dags/example_bash_operator.py
[2025-02-04T16:25:02.723+0000] {logging_mixin.py:190} INFO - [2025-02-04T16:25:02.722+0000] {dag.py:3239} INFO - Sync 1 DAGs
[2025-02-04T16:25:02.753+0000] {logging_mixin.py:190} INFO - [2025-02-04T16:25:02.753+0000] {dag.py:4180} INFO - Setting next_dagrun for example_bash_operator to 2025-02-03 00:00:00+00:00, run_after=2025-02-04 00:00:00+00:00
[2025-02-04T16:25:02.781+0000] {processor.py:208} INFO - Processing /home/airflow/.local/lib/python3.9/site-packages/airflow/example_dags/example_bash_operator.py took 0.164 seconds
[2025-02-04T16:25:33.124+0000] {processor.py:186} INFO - Started process (PID=423) to work on /home/airflow/.local/lib/python3.9/site-packages/airflow/example_dags/example_bash_operator.py
[2025-02-04T16:25:33.125+0000] {processor.py:914} INFO - Processing file /home/airflow/.local/lib/python3.9/site-packages/airflow/example_dags/example_bash_operator.py for tasks to queue
[2025-02-04T16:25:33.129+0000] {logging_mixin.py:190} INFO - [2025-02-04T16:25:33.129+0000] {dagbag.py:588} INFO - Filling up the DagBag from /home/airflow/.local/lib/python3.9/site-packages/airflow/example_dags/example_bash_operator.py
[2025-02-04T16:25:33.143+0000] {processor.py:925} INFO - DAG(s) 'example_bash_operator' retrieved from /home/airflow/.local/lib/python3.9/site-packages/airflow/example_dags/example_bash_operator.py
[2025-02-04T16:25:33.179+0000] {logging_mixin.py:190} INFO - [2025-02-04T16:25:33.179+0000] {dag.py:3239} INFO - Sync 1 DAGs
[2025-02-04T16:25:33.225+0000] {logging_mixin.py:190} INFO - [2025-02-04T16:25:33.224+0000] {dag.py:4180} INFO - Setting next_dagrun for example_bash_operator to 2025-02-03 00:00:00+00:00, run_after=2025-02-04 00:00:00+00:00
[2025-02-04T16:25:33.289+0000] {processor.py:208} INFO - Processing /home/airflow/.local/lib/python3.9/site-packages/airflow/example_dags/example_bash_operator.py took 0.172 seconds
[2025-02-04T16:26:03.575+0000] {processor.py:186} INFO - Started process (PID=487) to work on /home/airflow/.local/lib/python3.9/site-packages/airflow/example_dags/example_bash_operator.py
[2025-02-04T16:26:03.576+0000] {processor.py:914} INFO - Processing file /home/airflow/.local/lib/python3.9/site-packages/airflow/example_dags/example_bash_operator.py for tasks to queue
[2025-02-04T16:26:03.579+0000] {logging_mixin.py:190} INFO - [2025-02-04T16:26:03.579+0000] {dagbag.py:588} INFO - Filling up the DagBag from /home/airflow/.local/lib/python3.9/site-packages/airflow/example_dags/example_bash_operator.py
[2025-02-04T16:26:03.593+0000] {processor.py:925} INFO - DAG(s) 'example_bash_operator' retrieved from /home/airflow/.local/lib/python3.9/site-packages/airflow/example_dags/example_bash_operator.py
[2025-02-04T16:26:03.622+0000] {logging_mixin.py:190} INFO - [2025-02-04T16:26:03.622+0000] {dag.py:3239} INFO - Sync 1 DAGs
[2025-02-04T16:26:03.646+0000] {logging_mixin.py:190} INFO - [2025-02-04T16:26:03.645+0000] {dag.py:4180} INFO - Setting next_dagrun for example_bash_operator to 2025-02-03 00:00:00+00:00, run_after=2025-02-04 00:00:00+00:00
[2025-02-04T16:26:03.672+0000] {processor.py:208} INFO - Processing /home/airflow/.local/lib/python3.9/site-packages/airflow/example_dags/example_bash_operator.py took 0.104 seconds
[2025-02-04T16:26:34.465+0000] {processor.py:186} INFO - Started process (PID=558) to work on /home/airflow/.local/lib/python3.9/site-packages/airflow/example_dags/example_bash_operator.py
[2025-02-04T16:26:34.466+0000] {processor.py:914} INFO - Processing file /home/airflow/.local/lib/python3.9/site-packages/airflow/example_dags/example_bash_operator.py for tasks to queue
[2025-02-04T16:26:34.469+0000] {logging_mixin.py:190} INFO - [2025-02-04T16:26:34.469+0000] {dagbag.py:588} INFO - Filling up the DagBag from /home/airflow/.local/lib/python3.9/site-packages/airflow/example_dags/example_bash_operator.py
[2025-02-04T16:26:34.484+0000] {processor.py:925} INFO - DAG(s) 'example_bash_operator' retrieved from /home/airflow/.local/lib/python3.9/site-packages/airflow/example_dags/example_bash_operator.py
[2025-02-04T16:26:34.514+0000] {logging_mixin.py:190} INFO - [2025-02-04T16:26:34.513+0000] {dag.py:3239} INFO - Sync 1 DAGs
[2025-02-04T16:26:34.539+0000] {logging_mixin.py:190} INFO - [2025-02-04T16:26:34.539+0000] {dag.py:4180} INFO - Setting next_dagrun for example_bash_operator to 2025-02-03 00:00:00+00:00, run_after=2025-02-04 00:00:00+00:00
[2025-02-04T16:26:34.572+0000] {processor.py:208} INFO - Processing /home/airflow/.local/lib/python3.9/site-packages/airflow/example_dags/example_bash_operator.py took 0.113 seconds
[2025-02-04T16:27:04.721+0000] {processor.py:186} INFO - Started process (PID=623) to work on /home/airflow/.local/lib/python3.9/site-packages/airflow/example_dags/example_bash_operator.py
[2025-02-04T16:27:04.722+0000] {processor.py:914} INFO - Processing file /home/airflow/.local/lib/python3.9/site-packages/airflow/example_dags/example_bash_operator.py for tasks to queue
[2025-02-04T16:27:04.726+0000] {logging_mixin.py:190} INFO - [2025-02-04T16:27:04.725+0000] {dagbag.py:588} INFO - Filling up the DagBag from /home/airflow/.local/lib/python3.9/site-packages/airflow/example_dags/example_bash_operator.py
[2025-02-04T16:27:04.740+0000] {processor.py:925} INFO - DAG(s) 'example_bash_operator' retrieved from /home/airflow/.local/lib/python3.9/site-packages/airflow/example_dags/example_bash_operator.py
[2025-02-04T16:27:04.772+0000] {logging_mixin.py:190} INFO - [2025-02-04T16:27:04.772+0000] {dag.py:3239} INFO - Sync 1 DAGs
[2025-02-04T16:27:04.798+0000] {logging_mixin.py:190} INFO - [2025-02-04T16:27:04.798+0000] {dag.py:4180} INFO - Setting next_dagrun for example_bash_operator to 2025-02-03 00:00:00+00:00, run_after=2025-02-04 00:00:00+00:00
[2025-02-04T16:27:04.828+0000] {processor.py:208} INFO - Processing /home/airflow/.local/lib/python3.9/site-packages/airflow/example_dags/example_bash_operator.py took 0.113 seconds
[2025-02-04T16:27:35.456+0000] {processor.py:186} INFO - Started process (PID=687) to work on /home/airflow/.local/lib/python3.9/site-packages/airflow/example_dags/example_bash_operator.py
[2025-02-04T16:27:35.457+0000] {processor.py:914} INFO - Processing file /home/airflow/.local/lib/python3.9/site-packages/airflow/example_dags/example_bash_operator.py for tasks to queue
[2025-02-04T16:27:35.460+0000] {logging_mixin.py:190} INFO - [2025-02-04T16:27:35.460+0000] {dagbag.py:588} INFO - Filling up the DagBag from /home/airflow/.local/lib/python3.9/site-packages/airflow/example_dags/example_bash_operator.py
[2025-02-04T16:27:35.476+0000] {processor.py:925} INFO - DAG(s) 'example_bash_operator' retrieved from /home/airflow/.local/lib/python3.9/site-packages/airflow/example_dags/example_bash_operator.py
[2025-02-04T16:27:35.520+0000] {logging_mixin.py:190} INFO - [2025-02-04T16:27:35.520+0000] {dag.py:3239} INFO - Sync 1 DAGs
[2025-02-04T16:27:35.547+0000] {logging_mixin.py:190} INFO - [2025-02-04T16:27:35.547+0000] {dag.py:4180} INFO - Setting next_dagrun for example_bash_operator to 2025-02-03 00:00:00+00:00, run_after=2025-02-04 00:00:00+00:00
[2025-02-04T16:27:35.575+0000] {processor.py:208} INFO - Processing /home/airflow/.local/lib/python3.9/site-packages/airflow/example_dags/example_bash_operator.py took 0.126 seconds
[2025-02-04T16:28:06.337+0000] {processor.py:186} INFO - Started process (PID=750) to work on /home/airflow/.local/lib/python3.9/site-packages/airflow/example_dags/example_bash_operator.py
[2025-02-04T16:28:06.338+0000] {processor.py:914} INFO - Processing file /home/airflow/.local/lib/python3.9/site-packages/airflow/example_dags/example_bash_operator.py for tasks to queue
[2025-02-04T16:28:06.342+0000] {logging_mixin.py:190} INFO - [2025-02-04T16:28:06.342+0000] {dagbag.py:588} INFO - Filling up the DagBag from /home/airflow/.local/lib/python3.9/site-packages/airflow/example_dags/example_bash_operator.py
[2025-02-04T16:28:06.359+0000] {processor.py:925} INFO - DAG(s) 'example_bash_operator' retrieved from /home/airflow/.local/lib/python3.9/site-packages/airflow/example_dags/example_bash_operator.py
[2025-02-04T16:28:06.389+0000] {logging_mixin.py:190} INFO - [2025-02-04T16:28:06.389+0000] {dag.py:3239} INFO - Sync 1 DAGs
[2025-02-04T16:28:06.415+0000] {logging_mixin.py:190} INFO - [2025-02-04T16:28:06.415+0000] {dag.py:4180} INFO - Setting next_dagrun for example_bash_operator to 2025-02-03 00:00:00+00:00, run_after=2025-02-04 00:00:00+00:00
[2025-02-04T16:28:06.651+0000] {processor.py:208} INFO - Processing /home/airflow/.local/lib/python3.9/site-packages/airflow/example_dags/example_bash_operator.py took 0.320 seconds
[2025-02-04T16:28:37.005+0000] {processor.py:186} INFO - Started process (PID=814) to work on /home/airflow/.local/lib/python3.9/site-packages/airflow/example_dags/example_bash_operator.py
[2025-02-04T16:28:37.006+0000] {processor.py:914} INFO - Processing file /home/airflow/.local/lib/python3.9/site-packages/airflow/example_dags/example_bash_operator.py for tasks to queue
[2025-02-04T16:28:37.010+0000] {logging_mixin.py:190} INFO - [2025-02-04T16:28:37.010+0000] {dagbag.py:588} INFO - Filling up the DagBag from /home/airflow/.local/lib/python3.9/site-packages/airflow/example_dags/example_bash_operator.py
[2025-02-04T16:28:37.025+0000] {processor.py:925} INFO - DAG(s) 'example_bash_operator' retrieved from /home/airflow/.local/lib/python3.9/site-packages/airflow/example_dags/example_bash_operator.py
[2025-02-04T16:28:37.056+0000] {logging_mixin.py:190} INFO - [2025-02-04T16:28:37.056+0000] {dag.py:3239} INFO - Sync 1 DAGs
[2025-02-04T16:28:37.081+0000] {logging_mixin.py:190} INFO - [2025-02-04T16:28:37.081+0000] {dag.py:4180} INFO - Setting next_dagrun for example_bash_operator to 2025-02-03 00:00:00+00:00, run_after=2025-02-04 00:00:00+00:00
[2025-02-04T16:28:37.110+0000] {processor.py:208} INFO - Processing /home/airflow/.local/lib/python3.9/site-packages/airflow/example_dags/example_bash_operator.py took 0.111 seconds
[2025-02-04T16:29:07.555+0000] {processor.py:186} INFO - Started process (PID=878) to work on /home/airflow/.local/lib/python3.9/site-packages/airflow/example_dags/example_bash_operator.py
[2025-02-04T16:29:07.557+0000] {processor.py:914} INFO - Processing file /home/airflow/.local/lib/python3.9/site-packages/airflow/example_dags/example_bash_operator.py for tasks to queue
[2025-02-04T16:29:07.560+0000] {logging_mixin.py:190} INFO - [2025-02-04T16:29:07.560+0000] {dagbag.py:588} INFO - Filling up the DagBag from /home/airflow/.local/lib/python3.9/site-packages/airflow/example_dags/example_bash_operator.py
[2025-02-04T16:29:07.575+0000] {processor.py:925} INFO - DAG(s) 'example_bash_operator' retrieved from /home/airflow/.local/lib/python3.9/site-packages/airflow/example_dags/example_bash_operator.py
[2025-02-04T16:29:07.613+0000] {logging_mixin.py:190} INFO - [2025-02-04T16:29:07.613+0000] {dag.py:3239} INFO - Sync 1 DAGs
[2025-02-04T16:29:07.638+0000] {logging_mixin.py:190} INFO - [2025-02-04T16:29:07.638+0000] {dag.py:4180} INFO - Setting next_dagrun for example_bash_operator to 2025-02-03 00:00:00+00:00, run_after=2025-02-04 00:00:00+00:00
[2025-02-04T16:29:07.665+0000] {processor.py:208} INFO - Processing /home/airflow/.local/lib/python3.9/site-packages/airflow/example_dags/example_bash_operator.py took 0.117 seconds
[2025-02-04T16:29:38.008+0000] {processor.py:186} INFO - Started process (PID=942) to work on /home/airflow/.local/lib/python3.9/site-packages/airflow/example_dags/example_bash_operator.py
[2025-02-04T16:29:38.010+0000] {processor.py:914} INFO - Processing file /home/airflow/.local/lib/python3.9/site-packages/airflow/example_dags/example_bash_operator.py for tasks to queue
[2025-02-04T16:29:38.012+0000] {logging_mixin.py:190} INFO - [2025-02-04T16:29:38.012+0000] {dagbag.py:588} INFO - Filling up the DagBag from /home/airflow/.local/lib/python3.9/site-packages/airflow/example_dags/example_bash_operator.py
[2025-02-04T16:29:38.027+0000] {processor.py:925} INFO - DAG(s) 'example_bash_operator' retrieved from /home/airflow/.local/lib/python3.9/site-packages/airflow/example_dags/example_bash_operator.py
[2025-02-04T16:29:38.057+0000] {logging_mixin.py:190} INFO - [2025-02-04T16:29:38.057+0000] {dag.py:3239} INFO - Sync 1 DAGs
[2025-02-04T16:29:38.080+0000] {logging_mixin.py:190} INFO - [2025-02-04T16:29:38.080+0000] {dag.py:4180} INFO - Setting next_dagrun for example_bash_operator to 2025-02-03 00:00:00+00:00, run_after=2025-02-04 00:00:00+00:00
[2025-02-04T16:29:38.108+0000] {processor.py:208} INFO - Processing /home/airflow/.local/lib/python3.9/site-packages/airflow/example_dags/example_bash_operator.py took 0.107 seconds
[2025-02-04T16:30:08.274+0000] {processor.py:186} INFO - Started process (PID=1006) to work on /home/airflow/.local/lib/python3.9/site-packages/airflow/example_dags/example_bash_operator.py
[2025-02-04T16:30:08.277+0000] {processor.py:914} INFO - Processing file /home/airflow/.local/lib/python3.9/site-packages/airflow/example_dags/example_bash_operator.py for tasks to queue
[2025-02-04T16:30:08.281+0000] {logging_mixin.py:190} INFO - [2025-02-04T16:30:08.280+0000] {dagbag.py:588} INFO - Filling up the DagBag from /home/airflow/.local/lib/python3.9/site-packages/airflow/example_dags/example_bash_operator.py
[2025-02-04T16:30:08.297+0000] {processor.py:925} INFO - DAG(s) 'example_bash_operator' retrieved from /home/airflow/.local/lib/python3.9/site-packages/airflow/example_dags/example_bash_operator.py
[2025-02-04T16:30:08.333+0000] {logging_mixin.py:190} INFO - [2025-02-04T16:30:08.333+0000] {dag.py:3239} INFO - Sync 1 DAGs
[2025-02-04T16:30:08.365+0000] {logging_mixin.py:190} INFO - [2025-02-04T16:30:08.365+0000] {dag.py:4180} INFO - Setting next_dagrun for example_bash_operator to 2025-02-03 00:00:00+00:00, run_after=2025-02-04 00:00:00+00:00
[2025-02-04T16:30:08.395+0000] {processor.py:208} INFO - Processing /home/airflow/.local/lib/python3.9/site-packages/airflow/example_dags/example_bash_operator.py took 0.130 seconds
[2025-02-04T16:30:38.996+0000] {processor.py:186} INFO - Started process (PID=1070) to work on /home/airflow/.local/lib/python3.9/site-packages/airflow/example_dags/example_bash_operator.py
[2025-02-04T16:30:38.998+0000] {processor.py:914} INFO - Processing file /home/airflow/.local/lib/python3.9/site-packages/airflow/example_dags/example_bash_operator.py for tasks to queue
[2025-02-04T16:30:39.002+0000] {logging_mixin.py:190} INFO - [2025-02-04T16:30:39.002+0000] {dagbag.py:588} INFO - Filling up the DagBag from /home/airflow/.local/lib/python3.9/site-packages/airflow/example_dags/example_bash_operator.py
[2025-02-04T16:30:39.018+0000] {processor.py:925} INFO - DAG(s) 'example_bash_operator' retrieved from /home/airflow/.local/lib/python3.9/site-packages/airflow/example_dags/example_bash_operator.py
[2025-02-04T16:30:39.049+0000] {logging_mixin.py:190} INFO - [2025-02-04T16:30:39.049+0000] {dag.py:3239} INFO - Sync 1 DAGs
[2025-02-04T16:30:39.075+0000] {logging_mixin.py:190} INFO - [2025-02-04T16:30:39.075+0000] {dag.py:4180} INFO - Setting next_dagrun for example_bash_operator to 2025-02-03 00:00:00+00:00, run_after=2025-02-04 00:00:00+00:00
[2025-02-04T16:30:39.103+0000] {processor.py:208} INFO - Processing /home/airflow/.local/lib/python3.9/site-packages/airflow/example_dags/example_bash_operator.py took 0.114 seconds
[2025-02-04T16:31:09.833+0000] {processor.py:186} INFO - Started process (PID=1134) to work on /home/airflow/.local/lib/python3.9/site-packages/airflow/example_dags/example_bash_operator.py
[2025-02-04T16:31:09.836+0000] {processor.py:914} INFO - Processing file /home/airflow/.local/lib/python3.9/site-packages/airflow/example_dags/example_bash_operator.py for tasks to queue
[2025-02-04T16:31:09.839+0000] {logging_mixin.py:190} INFO - [2025-02-04T16:31:09.839+0000] {dagbag.py:588} INFO - Filling up the DagBag from /home/airflow/.local/lib/python3.9/site-packages/airflow/example_dags/example_bash_operator.py
[2025-02-04T16:31:09.860+0000] {processor.py:925} INFO - DAG(s) 'example_bash_operator' retrieved from /home/airflow/.local/lib/python3.9/site-packages/airflow/example_dags/example_bash_operator.py
[2025-02-04T16:31:09.903+0000] {logging_mixin.py:190} INFO - [2025-02-04T16:31:09.902+0000] {dag.py:3239} INFO - Sync 1 DAGs
[2025-02-04T16:31:09.939+0000] {logging_mixin.py:190} INFO - [2025-02-04T16:31:09.938+0000] {dag.py:4180} INFO - Setting next_dagrun for example_bash_operator to 2025-02-03 00:00:00+00:00, run_after=2025-02-04 00:00:00+00:00
[2025-02-04T16:31:09.972+0000] {processor.py:208} INFO - Processing /home/airflow/.local/lib/python3.9/site-packages/airflow/example_dags/example_bash_operator.py took 0.147 seconds
[2025-02-04T16:31:40.894+0000] {processor.py:186} INFO - Started process (PID=1198) to work on /home/airflow/.local/lib/python3.9/site-packages/airflow/example_dags/example_bash_operator.py
[2025-02-04T16:31:40.895+0000] {processor.py:914} INFO - Processing file /home/airflow/.local/lib/python3.9/site-packages/airflow/example_dags/example_bash_operator.py for tasks to queue
[2025-02-04T16:31:40.898+0000] {logging_mixin.py:190} INFO - [2025-02-04T16:31:40.898+0000] {dagbag.py:588} INFO - Filling up the DagBag from /home/airflow/.local/lib/python3.9/site-packages/airflow/example_dags/example_bash_operator.py
[2025-02-04T16:31:40.911+0000] {processor.py:925} INFO - DAG(s) 'example_bash_operator' retrieved from /home/airflow/.local/lib/python3.9/site-packages/airflow/example_dags/example_bash_operator.py
[2025-02-04T16:31:40.942+0000] {logging_mixin.py:190} INFO - [2025-02-04T16:31:40.942+0000] {dag.py:3239} INFO - Sync 1 DAGs
[2025-02-04T16:31:40.967+0000] {logging_mixin.py:190} INFO - [2025-02-04T16:31:40.967+0000] {dag.py:4180} INFO - Setting next_dagrun for example_bash_operator to 2025-02-03 00:00:00+00:00, run_after=2025-02-04 00:00:00+00:00
[2025-02-04T16:31:40.999+0000] {processor.py:208} INFO - Processing /home/airflow/.local/lib/python3.9/site-packages/airflow/example_dags/example_bash_operator.py took 0.112 seconds
[2025-02-04T16:32:11.169+0000] {processor.py:186} INFO - Started process (PID=1269) to work on /home/airflow/.local/lib/python3.9/site-packages/airflow/example_dags/example_bash_operator.py
[2025-02-04T16:32:11.170+0000] {processor.py:914} INFO - Processing file /home/airflow/.local/lib/python3.9/site-packages/airflow/example_dags/example_bash_operator.py for tasks to queue
[2025-02-04T16:32:11.175+0000] {logging_mixin.py:190} INFO - [2025-02-04T16:32:11.174+0000] {dagbag.py:588} INFO - Filling up the DagBag from /home/airflow/.local/lib/python3.9/site-packages/airflow/example_dags/example_bash_operator.py
[2025-02-04T16:32:11.189+0000] {processor.py:925} INFO - DAG(s) 'example_bash_operator' retrieved from /home/airflow/.local/lib/python3.9/site-packages/airflow/example_dags/example_bash_operator.py
[2025-02-04T16:32:11.221+0000] {logging_mixin.py:190} INFO - [2025-02-04T16:32:11.221+0000] {dag.py:3239} INFO - Sync 1 DAGs
[2025-02-04T16:32:11.247+0000] {logging_mixin.py:190} INFO - [2025-02-04T16:32:11.247+0000] {dag.py:4180} INFO - Setting next_dagrun for example_bash_operator to 2025-02-03 00:00:00+00:00, run_after=2025-02-04 00:00:00+00:00
[2025-02-04T16:32:11.274+0000] {processor.py:208} INFO - Processing /home/airflow/.local/lib/python3.9/site-packages/airflow/example_dags/example_bash_operator.py took 0.112 seconds
[2025-02-04T16:32:41.488+0000] {processor.py:186} INFO - Started process (PID=1333) to work on /home/airflow/.local/lib/python3.9/site-packages/airflow/example_dags/example_bash_operator.py
[2025-02-04T16:32:41.490+0000] {processor.py:914} INFO - Processing file /home/airflow/.local/lib/python3.9/site-packages/airflow/example_dags/example_bash_operator.py for tasks to queue
[2025-02-04T16:32:41.493+0000] {logging_mixin.py:190} INFO - [2025-02-04T16:32:41.493+0000] {dagbag.py:588} INFO - Filling up the DagBag from /home/airflow/.local/lib/python3.9/site-packages/airflow/example_dags/example_bash_operator.py
[2025-02-04T16:32:41.509+0000] {processor.py:925} INFO - DAG(s) 'example_bash_operator' retrieved from /home/airflow/.local/lib/python3.9/site-packages/airflow/example_dags/example_bash_operator.py
[2025-02-04T16:32:41.543+0000] {logging_mixin.py:190} INFO - [2025-02-04T16:32:41.542+0000] {dag.py:3239} INFO - Sync 1 DAGs
[2025-02-04T16:32:41.581+0000] {logging_mixin.py:190} INFO - [2025-02-04T16:32:41.581+0000] {dag.py:4180} INFO - Setting next_dagrun for example_bash_operator to 2025-02-03 00:00:00+00:00, run_after=2025-02-04 00:00:00+00:00
[2025-02-04T16:32:41.631+0000] {processor.py:208} INFO - Processing /home/airflow/.local/lib/python3.9/site-packages/airflow/example_dags/example_bash_operator.py took 0.152 seconds
[2025-02-04T16:33:12.400+0000] {processor.py:186} INFO - Started process (PID=1398) to work on /home/airflow/.local/lib/python3.9/site-packages/airflow/example_dags/example_bash_operator.py
[2025-02-04T16:33:12.401+0000] {processor.py:914} INFO - Processing file /home/airflow/.local/lib/python3.9/site-packages/airflow/example_dags/example_bash_operator.py for tasks to queue
[2025-02-04T16:33:12.405+0000] {logging_mixin.py:190} INFO - [2025-02-04T16:33:12.404+0000] {dagbag.py:588} INFO - Filling up the DagBag from /home/airflow/.local/lib/python3.9/site-packages/airflow/example_dags/example_bash_operator.py
[2025-02-04T16:33:12.419+0000] {processor.py:925} INFO - DAG(s) 'example_bash_operator' retrieved from /home/airflow/.local/lib/python3.9/site-packages/airflow/example_dags/example_bash_operator.py
[2025-02-04T16:33:12.449+0000] {logging_mixin.py:190} INFO - [2025-02-04T16:33:12.449+0000] {dag.py:3239} INFO - Sync 1 DAGs
[2025-02-04T16:33:12.473+0000] {logging_mixin.py:190} INFO - [2025-02-04T16:33:12.473+0000] {dag.py:4180} INFO - Setting next_dagrun for example_bash_operator to 2025-02-03 00:00:00+00:00, run_after=2025-02-04 00:00:00+00:00
[2025-02-04T16:33:12.499+0000] {processor.py:208} INFO - Processing /home/airflow/.local/lib/python3.9/site-packages/airflow/example_dags/example_bash_operator.py took 0.107 seconds
[2025-02-04T16:33:43.058+0000] {processor.py:186} INFO - Started process (PID=1462) to work on /home/airflow/.local/lib/python3.9/site-packages/airflow/example_dags/example_bash_operator.py
[2025-02-04T16:33:43.059+0000] {processor.py:914} INFO - Processing file /home/airflow/.local/lib/python3.9/site-packages/airflow/example_dags/example_bash_operator.py for tasks to queue
[2025-02-04T16:33:43.063+0000] {logging_mixin.py:190} INFO - [2025-02-04T16:33:43.062+0000] {dagbag.py:588} INFO - Filling up the DagBag from /home/airflow/.local/lib/python3.9/site-packages/airflow/example_dags/example_bash_operator.py
[2025-02-04T16:33:43.079+0000] {processor.py:925} INFO - DAG(s) 'example_bash_operator' retrieved from /home/airflow/.local/lib/python3.9/site-packages/airflow/example_dags/example_bash_operator.py
[2025-02-04T16:33:43.114+0000] {logging_mixin.py:190} INFO - [2025-02-04T16:33:43.114+0000] {dag.py:3239} INFO - Sync 1 DAGs
[2025-02-04T16:33:43.142+0000] {logging_mixin.py:190} INFO - [2025-02-04T16:33:43.141+0000] {dag.py:4180} INFO - Setting next_dagrun for example_bash_operator to 2025-02-03 00:00:00+00:00, run_after=2025-02-04 00:00:00+00:00
[2025-02-04T16:33:43.169+0000] {processor.py:208} INFO - Processing /home/airflow/.local/lib/python3.9/site-packages/airflow/example_dags/example_bash_operator.py took 0.119 seconds
[2025-02-04T16:34:13.404+0000] {processor.py:186} INFO - Started process (PID=1526) to work on /home/airflow/.local/lib/python3.9/site-packages/airflow/example_dags/example_bash_operator.py
[2025-02-04T16:34:13.406+0000] {processor.py:914} INFO - Processing file /home/airflow/.local/lib/python3.9/site-packages/airflow/example_dags/example_bash_operator.py for tasks to queue
[2025-02-04T16:34:13.409+0000] {logging_mixin.py:190} INFO - [2025-02-04T16:34:13.409+0000] {dagbag.py:588} INFO - Filling up the DagBag from /home/airflow/.local/lib/python3.9/site-packages/airflow/example_dags/example_bash_operator.py
[2025-02-04T16:34:13.454+0000] {processor.py:925} INFO - DAG(s) 'example_bash_operator' retrieved from /home/airflow/.local/lib/python3.9/site-packages/airflow/example_dags/example_bash_operator.py
[2025-02-04T16:34:13.493+0000] {logging_mixin.py:190} INFO - [2025-02-04T16:34:13.493+0000] {dag.py:3239} INFO - Sync 1 DAGs
[2025-02-04T16:34:13.520+0000] {logging_mixin.py:190} INFO - [2025-02-04T16:34:13.520+0000] {dag.py:4180} INFO - Setting next_dagrun for example_bash_operator to 2025-02-03 00:00:00+00:00, run_after=2025-02-04 00:00:00+00:00
[2025-02-04T16:34:13.548+0000] {processor.py:208} INFO - Processing /home/airflow/.local/lib/python3.9/site-packages/airflow/example_dags/example_bash_operator.py took 0.153 seconds
[2025-02-04T16:34:46.889+0000] {processor.py:186} INFO - Started process (PID=1590) to work on /home/airflow/.local/lib/python3.9/site-packages/airflow/example_dags/example_bash_operator.py
[2025-02-04T16:34:46.890+0000] {processor.py:914} INFO - Processing file /home/airflow/.local/lib/python3.9/site-packages/airflow/example_dags/example_bash_operator.py for tasks to queue
[2025-02-04T16:34:46.894+0000] {logging_mixin.py:190} INFO - [2025-02-04T16:34:46.893+0000] {dagbag.py:588} INFO - Filling up the DagBag from /home/airflow/.local/lib/python3.9/site-packages/airflow/example_dags/example_bash_operator.py
[2025-02-04T16:34:46.908+0000] {processor.py:925} INFO - DAG(s) 'example_bash_operator' retrieved from /home/airflow/.local/lib/python3.9/site-packages/airflow/example_dags/example_bash_operator.py
[2025-02-04T16:34:46.938+0000] {logging_mixin.py:190} INFO - [2025-02-04T16:34:46.938+0000] {dag.py:3239} INFO - Sync 1 DAGs
[2025-02-04T16:34:47.085+0000] {logging_mixin.py:190} INFO - [2025-02-04T16:34:47.084+0000] {dag.py:4180} INFO - Setting next_dagrun for example_bash_operator to 2025-02-03 00:00:00+00:00, run_after=2025-02-04 00:00:00+00:00
[2025-02-04T16:34:47.111+0000] {processor.py:208} INFO - Processing /home/airflow/.local/lib/python3.9/site-packages/airflow/example_dags/example_bash_operator.py took 0.230 seconds
[2025-02-04T16:35:17.496+0000] {processor.py:186} INFO - Started process (PID=1654) to work on /home/airflow/.local/lib/python3.9/site-packages/airflow/example_dags/example_bash_operator.py
[2025-02-04T16:35:17.498+0000] {processor.py:914} INFO - Processing file /home/airflow/.local/lib/python3.9/site-packages/airflow/example_dags/example_bash_operator.py for tasks to queue
[2025-02-04T16:35:17.501+0000] {logging_mixin.py:190} INFO - [2025-02-04T16:35:17.500+0000] {dagbag.py:588} INFO - Filling up the DagBag from /home/airflow/.local/lib/python3.9/site-packages/airflow/example_dags/example_bash_operator.py
[2025-02-04T16:35:17.514+0000] {processor.py:925} INFO - DAG(s) 'example_bash_operator' retrieved from /home/airflow/.local/lib/python3.9/site-packages/airflow/example_dags/example_bash_operator.py
[2025-02-04T16:35:17.545+0000] {logging_mixin.py:190} INFO - [2025-02-04T16:35:17.545+0000] {dag.py:3239} INFO - Sync 1 DAGs
[2025-02-04T16:35:17.569+0000] {logging_mixin.py:190} INFO - [2025-02-04T16:35:17.569+0000] {dag.py:4180} INFO - Setting next_dagrun for example_bash_operator to 2025-02-03 00:00:00+00:00, run_after=2025-02-04 00:00:00+00:00
[2025-02-04T16:35:17.593+0000] {processor.py:208} INFO - Processing /home/airflow/.local/lib/python3.9/site-packages/airflow/example_dags/example_bash_operator.py took 0.103 seconds
[2025-02-04T16:35:48.538+0000] {processor.py:186} INFO - Started process (PID=1718) to work on /home/airflow/.local/lib/python3.9/site-packages/airflow/example_dags/example_bash_operator.py
[2025-02-04T16:35:48.539+0000] {processor.py:914} INFO - Processing file /home/airflow/.local/lib/python3.9/site-packages/airflow/example_dags/example_bash_operator.py for tasks to queue
[2025-02-04T16:35:48.543+0000] {logging_mixin.py:190} INFO - [2025-02-04T16:35:48.542+0000] {dagbag.py:588} INFO - Filling up the DagBag from /home/airflow/.local/lib/python3.9/site-packages/airflow/example_dags/example_bash_operator.py
[2025-02-04T16:35:48.558+0000] {processor.py:925} INFO - DAG(s) 'example_bash_operator' retrieved from /home/airflow/.local/lib/python3.9/site-packages/airflow/example_dags/example_bash_operator.py
[2025-02-04T16:35:48.591+0000] {logging_mixin.py:190} INFO - [2025-02-04T16:35:48.590+0000] {dag.py:3239} INFO - Sync 1 DAGs
[2025-02-04T16:35:48.616+0000] {logging_mixin.py:190} INFO - [2025-02-04T16:35:48.616+0000] {dag.py:4180} INFO - Setting next_dagrun for example_bash_operator to 2025-02-03 00:00:00+00:00, run_after=2025-02-04 00:00:00+00:00
[2025-02-04T16:35:48.642+0000] {processor.py:208} INFO - Processing /home/airflow/.local/lib/python3.9/site-packages/airflow/example_dags/example_bash_operator.py took 0.112 seconds
[2025-02-04T16:36:18.771+0000] {processor.py:186} INFO - Started process (PID=1783) to work on /home/airflow/.local/lib/python3.9/site-packages/airflow/example_dags/example_bash_operator.py
[2025-02-04T16:36:18.773+0000] {processor.py:914} INFO - Processing file /home/airflow/.local/lib/python3.9/site-packages/airflow/example_dags/example_bash_operator.py for tasks to queue
[2025-02-04T16:36:18.775+0000] {logging_mixin.py:190} INFO - [2025-02-04T16:36:18.775+0000] {dagbag.py:588} INFO - Filling up the DagBag from /home/airflow/.local/lib/python3.9/site-packages/airflow/example_dags/example_bash_operator.py
[2025-02-04T16:36:18.787+0000] {processor.py:925} INFO - DAG(s) 'example_bash_operator' retrieved from /home/airflow/.local/lib/python3.9/site-packages/airflow/example_dags/example_bash_operator.py
[2025-02-04T16:36:18.815+0000] {logging_mixin.py:190} INFO - [2025-02-04T16:36:18.814+0000] {dag.py:3239} INFO - Sync 1 DAGs
[2025-02-04T16:36:18.835+0000] {logging_mixin.py:190} INFO - [2025-02-04T16:36:18.835+0000] {dag.py:4180} INFO - Setting next_dagrun for example_bash_operator to 2025-02-03 00:00:00+00:00, run_after=2025-02-04 00:00:00+00:00
[2025-02-04T16:36:18.860+0000] {processor.py:208} INFO - Processing /home/airflow/.local/lib/python3.9/site-packages/airflow/example_dags/example_bash_operator.py took 0.095 seconds
[2025-02-04T16:36:49.598+0000] {processor.py:186} INFO - Started process (PID=1847) to work on /home/airflow/.local/lib/python3.9/site-packages/airflow/example_dags/example_bash_operator.py
[2025-02-04T16:36:49.599+0000] {processor.py:914} INFO - Processing file /home/airflow/.local/lib/python3.9/site-packages/airflow/example_dags/example_bash_operator.py for tasks to queue
[2025-02-04T16:36:49.602+0000] {logging_mixin.py:190} INFO - [2025-02-04T16:36:49.602+0000] {dagbag.py:588} INFO - Filling up the DagBag from /home/airflow/.local/lib/python3.9/site-packages/airflow/example_dags/example_bash_operator.py
[2025-02-04T16:36:49.615+0000] {processor.py:925} INFO - DAG(s) 'example_bash_operator' retrieved from /home/airflow/.local/lib/python3.9/site-packages/airflow/example_dags/example_bash_operator.py
[2025-02-04T16:36:49.647+0000] {logging_mixin.py:190} INFO - [2025-02-04T16:36:49.647+0000] {dag.py:3239} INFO - Sync 1 DAGs
[2025-02-04T16:36:50.622+0000] {logging_mixin.py:190} INFO - [2025-02-04T16:36:50.622+0000] {dag.py:4180} INFO - Setting next_dagrun for example_bash_operator to 2025-02-03 00:00:00+00:00, run_after=2025-02-04 00:00:00+00:00
[2025-02-04T16:36:50.694+0000] {processor.py:208} INFO - Processing /home/airflow/.local/lib/python3.9/site-packages/airflow/example_dags/example_bash_operator.py took 1.102 seconds
[2025-02-04T16:39:24.730+0000] {processor.py:186} INFO - Started process (PID=1900) to work on /home/airflow/.local/lib/python3.9/site-packages/airflow/example_dags/example_bash_operator.py
[2025-02-04T16:39:24.732+0000] {processor.py:914} INFO - Processing file /home/airflow/.local/lib/python3.9/site-packages/airflow/example_dags/example_bash_operator.py for tasks to queue
[2025-02-04T16:39:24.734+0000] {logging_mixin.py:190} INFO - [2025-02-04T16:39:24.733+0000] {dagbag.py:588} INFO - Filling up the DagBag from /home/airflow/.local/lib/python3.9/site-packages/airflow/example_dags/example_bash_operator.py
[2025-02-04T16:39:24.749+0000] {processor.py:925} INFO - DAG(s) 'example_bash_operator' retrieved from /home/airflow/.local/lib/python3.9/site-packages/airflow/example_dags/example_bash_operator.py
[2025-02-04T16:39:24.777+0000] {logging_mixin.py:190} INFO - [2025-02-04T16:39:24.776+0000] {dag.py:3239} INFO - Sync 1 DAGs
[2025-02-04T16:39:24.811+0000] {logging_mixin.py:190} INFO - [2025-02-04T16:39:24.810+0000] {dag.py:4180} INFO - Setting next_dagrun for example_bash_operator to 2025-02-03 00:00:00+00:00, run_after=2025-02-04 00:00:00+00:00
[2025-02-04T16:39:24.847+0000] {processor.py:208} INFO - Processing /home/airflow/.local/lib/python3.9/site-packages/airflow/example_dags/example_bash_operator.py took 0.127 seconds
[2025-02-04T16:39:55.729+0000] {processor.py:186} INFO - Started process (PID=1964) to work on /home/airflow/.local/lib/python3.9/site-packages/airflow/example_dags/example_bash_operator.py
[2025-02-04T16:39:55.730+0000] {processor.py:914} INFO - Processing file /home/airflow/.local/lib/python3.9/site-packages/airflow/example_dags/example_bash_operator.py for tasks to queue
[2025-02-04T16:39:55.732+0000] {logging_mixin.py:190} INFO - [2025-02-04T16:39:55.732+0000] {dagbag.py:588} INFO - Filling up the DagBag from /home/airflow/.local/lib/python3.9/site-packages/airflow/example_dags/example_bash_operator.py
[2025-02-04T16:39:55.747+0000] {processor.py:925} INFO - DAG(s) 'example_bash_operator' retrieved from /home/airflow/.local/lib/python3.9/site-packages/airflow/example_dags/example_bash_operator.py
[2025-02-04T16:39:55.773+0000] {logging_mixin.py:190} INFO - [2025-02-04T16:39:55.772+0000] {dag.py:3239} INFO - Sync 1 DAGs
[2025-02-04T16:39:55.795+0000] {logging_mixin.py:190} INFO - [2025-02-04T16:39:55.795+0000] {dag.py:4180} INFO - Setting next_dagrun for example_bash_operator to 2025-02-03 00:00:00+00:00, run_after=2025-02-04 00:00:00+00:00
[2025-02-04T16:39:55.819+0000] {processor.py:208} INFO - Processing /home/airflow/.local/lib/python3.9/site-packages/airflow/example_dags/example_bash_operator.py took 0.096 seconds
[2025-02-04T16:40:26.844+0000] {processor.py:186} INFO - Started process (PID=2028) to work on /home/airflow/.local/lib/python3.9/site-packages/airflow/example_dags/example_bash_operator.py
[2025-02-04T16:40:26.845+0000] {processor.py:914} INFO - Processing file /home/airflow/.local/lib/python3.9/site-packages/airflow/example_dags/example_bash_operator.py for tasks to queue
[2025-02-04T16:40:26.847+0000] {logging_mixin.py:190} INFO - [2025-02-04T16:40:26.846+0000] {dagbag.py:588} INFO - Filling up the DagBag from /home/airflow/.local/lib/python3.9/site-packages/airflow/example_dags/example_bash_operator.py
[2025-02-04T16:40:26.861+0000] {processor.py:925} INFO - DAG(s) 'example_bash_operator' retrieved from /home/airflow/.local/lib/python3.9/site-packages/airflow/example_dags/example_bash_operator.py
[2025-02-04T16:40:26.890+0000] {logging_mixin.py:190} INFO - [2025-02-04T16:40:26.890+0000] {dag.py:3239} INFO - Sync 1 DAGs
[2025-02-04T16:40:26.915+0000] {logging_mixin.py:190} INFO - [2025-02-04T16:40:26.914+0000] {dag.py:4180} INFO - Setting next_dagrun for example_bash_operator to 2025-02-03 00:00:00+00:00, run_after=2025-02-04 00:00:00+00:00
[2025-02-04T16:40:26.942+0000] {processor.py:208} INFO - Processing /home/airflow/.local/lib/python3.9/site-packages/airflow/example_dags/example_bash_operator.py took 0.104 seconds
[2025-02-04T16:40:57.762+0000] {processor.py:186} INFO - Started process (PID=2092) to work on /home/airflow/.local/lib/python3.9/site-packages/airflow/example_dags/example_bash_operator.py
[2025-02-04T16:40:57.764+0000] {processor.py:914} INFO - Processing file /home/airflow/.local/lib/python3.9/site-packages/airflow/example_dags/example_bash_operator.py for tasks to queue
[2025-02-04T16:40:57.765+0000] {logging_mixin.py:190} INFO - [2025-02-04T16:40:57.765+0000] {dagbag.py:588} INFO - Filling up the DagBag from /home/airflow/.local/lib/python3.9/site-packages/airflow/example_dags/example_bash_operator.py
[2025-02-04T16:40:57.783+0000] {processor.py:925} INFO - DAG(s) 'example_bash_operator' retrieved from /home/airflow/.local/lib/python3.9/site-packages/airflow/example_dags/example_bash_operator.py
[2025-02-04T16:40:57.826+0000] {logging_mixin.py:190} INFO - [2025-02-04T16:40:57.826+0000] {dag.py:3239} INFO - Sync 1 DAGs
[2025-02-04T16:40:57.858+0000] {logging_mixin.py:190} INFO - [2025-02-04T16:40:57.858+0000] {dag.py:4180} INFO - Setting next_dagrun for example_bash_operator to 2025-02-03 00:00:00+00:00, run_after=2025-02-04 00:00:00+00:00
[2025-02-04T16:40:57.887+0000] {processor.py:208} INFO - Processing /home/airflow/.local/lib/python3.9/site-packages/airflow/example_dags/example_bash_operator.py took 0.133 seconds
[2025-02-04T16:41:28.668+0000] {processor.py:186} INFO - Started process (PID=2156) to work on /home/airflow/.local/lib/python3.9/site-packages/airflow/example_dags/example_bash_operator.py
[2025-02-04T16:41:28.670+0000] {processor.py:914} INFO - Processing file /home/airflow/.local/lib/python3.9/site-packages/airflow/example_dags/example_bash_operator.py for tasks to queue
[2025-02-04T16:41:28.672+0000] {logging_mixin.py:190} INFO - [2025-02-04T16:41:28.671+0000] {dagbag.py:588} INFO - Filling up the DagBag from /home/airflow/.local/lib/python3.9/site-packages/airflow/example_dags/example_bash_operator.py
[2025-02-04T16:41:28.686+0000] {processor.py:925} INFO - DAG(s) 'example_bash_operator' retrieved from /home/airflow/.local/lib/python3.9/site-packages/airflow/example_dags/example_bash_operator.py
[2025-02-04T16:41:28.714+0000] {logging_mixin.py:190} INFO - [2025-02-04T16:41:28.714+0000] {dag.py:3239} INFO - Sync 1 DAGs
[2025-02-04T16:41:28.742+0000] {logging_mixin.py:190} INFO - [2025-02-04T16:41:28.742+0000] {dag.py:4180} INFO - Setting next_dagrun for example_bash_operator to 2025-02-03 00:00:00+00:00, run_after=2025-02-04 00:00:00+00:00
[2025-02-04T16:41:28.770+0000] {processor.py:208} INFO - Processing /home/airflow/.local/lib/python3.9/site-packages/airflow/example_dags/example_bash_operator.py took 0.108 seconds
[2025-02-04T16:41:59.044+0000] {processor.py:186} INFO - Started process (PID=2220) to work on /home/airflow/.local/lib/python3.9/site-packages/airflow/example_dags/example_bash_operator.py
[2025-02-04T16:41:59.045+0000] {processor.py:914} INFO - Processing file /home/airflow/.local/lib/python3.9/site-packages/airflow/example_dags/example_bash_operator.py for tasks to queue
[2025-02-04T16:41:59.047+0000] {logging_mixin.py:190} INFO - [2025-02-04T16:41:59.046+0000] {dagbag.py:588} INFO - Filling up the DagBag from /home/airflow/.local/lib/python3.9/site-packages/airflow/example_dags/example_bash_operator.py
[2025-02-04T16:41:59.064+0000] {processor.py:925} INFO - DAG(s) 'example_bash_operator' retrieved from /home/airflow/.local/lib/python3.9/site-packages/airflow/example_dags/example_bash_operator.py
[2025-02-04T16:41:59.094+0000] {logging_mixin.py:190} INFO - [2025-02-04T16:41:59.093+0000] {dag.py:3239} INFO - Sync 1 DAGs
[2025-02-04T16:41:59.118+0000] {logging_mixin.py:190} INFO - [2025-02-04T16:41:59.118+0000] {dag.py:4180} INFO - Setting next_dagrun for example_bash_operator to 2025-02-03 00:00:00+00:00, run_after=2025-02-04 00:00:00+00:00
[2025-02-04T16:41:59.143+0000] {processor.py:208} INFO - Processing /home/airflow/.local/lib/python3.9/site-packages/airflow/example_dags/example_bash_operator.py took 0.106 seconds
[2025-02-04T16:42:29.481+0000] {processor.py:186} INFO - Started process (PID=2284) to work on /home/airflow/.local/lib/python3.9/site-packages/airflow/example_dags/example_bash_operator.py
[2025-02-04T16:42:29.482+0000] {processor.py:914} INFO - Processing file /home/airflow/.local/lib/python3.9/site-packages/airflow/example_dags/example_bash_operator.py for tasks to queue
[2025-02-04T16:42:29.484+0000] {logging_mixin.py:190} INFO - [2025-02-04T16:42:29.484+0000] {dagbag.py:588} INFO - Filling up the DagBag from /home/airflow/.local/lib/python3.9/site-packages/airflow/example_dags/example_bash_operator.py
[2025-02-04T16:42:29.502+0000] {processor.py:925} INFO - DAG(s) 'example_bash_operator' retrieved from /home/airflow/.local/lib/python3.9/site-packages/airflow/example_dags/example_bash_operator.py
[2025-02-04T16:42:29.534+0000] {logging_mixin.py:190} INFO - [2025-02-04T16:42:29.534+0000] {dag.py:3239} INFO - Sync 1 DAGs
[2025-02-04T16:42:29.563+0000] {logging_mixin.py:190} INFO - [2025-02-04T16:42:29.563+0000] {dag.py:4180} INFO - Setting next_dagrun for example_bash_operator to 2025-02-03 00:00:00+00:00, run_after=2025-02-04 00:00:00+00:00
[2025-02-04T16:42:29.595+0000] {processor.py:208} INFO - Processing /home/airflow/.local/lib/python3.9/site-packages/airflow/example_dags/example_bash_operator.py took 0.120 seconds
[2025-02-04T16:43:00.025+0000] {processor.py:186} INFO - Started process (PID=2350) to work on /home/airflow/.local/lib/python3.9/site-packages/airflow/example_dags/example_bash_operator.py
[2025-02-04T16:43:00.027+0000] {processor.py:914} INFO - Processing file /home/airflow/.local/lib/python3.9/site-packages/airflow/example_dags/example_bash_operator.py for tasks to queue
[2025-02-04T16:43:00.029+0000] {logging_mixin.py:190} INFO - [2025-02-04T16:43:00.029+0000] {dagbag.py:588} INFO - Filling up the DagBag from /home/airflow/.local/lib/python3.9/site-packages/airflow/example_dags/example_bash_operator.py
[2025-02-04T16:43:00.044+0000] {processor.py:925} INFO - DAG(s) 'example_bash_operator' retrieved from /home/airflow/.local/lib/python3.9/site-packages/airflow/example_dags/example_bash_operator.py
[2025-02-04T16:43:00.075+0000] {logging_mixin.py:190} INFO - [2025-02-04T16:43:00.074+0000] {dag.py:3239} INFO - Sync 1 DAGs
[2025-02-04T16:43:00.105+0000] {logging_mixin.py:190} INFO - [2025-02-04T16:43:00.105+0000] {dag.py:4180} INFO - Setting next_dagrun for example_bash_operator to 2025-02-03 00:00:00+00:00, run_after=2025-02-04 00:00:00+00:00
[2025-02-04T16:43:00.134+0000] {processor.py:208} INFO - Processing /home/airflow/.local/lib/python3.9/site-packages/airflow/example_dags/example_bash_operator.py took 0.115 seconds
[2025-02-04T16:43:30.292+0000] {processor.py:186} INFO - Started process (PID=2414) to work on /home/airflow/.local/lib/python3.9/site-packages/airflow/example_dags/example_bash_operator.py
[2025-02-04T16:43:30.294+0000] {processor.py:914} INFO - Processing file /home/airflow/.local/lib/python3.9/site-packages/airflow/example_dags/example_bash_operator.py for tasks to queue
[2025-02-04T16:43:30.295+0000] {logging_mixin.py:190} INFO - [2025-02-04T16:43:30.295+0000] {dagbag.py:588} INFO - Filling up the DagBag from /home/airflow/.local/lib/python3.9/site-packages/airflow/example_dags/example_bash_operator.py
[2025-02-04T16:43:30.317+0000] {processor.py:925} INFO - DAG(s) 'example_bash_operator' retrieved from /home/airflow/.local/lib/python3.9/site-packages/airflow/example_dags/example_bash_operator.py
[2025-02-04T16:43:30.348+0000] {logging_mixin.py:190} INFO - [2025-02-04T16:43:30.347+0000] {dag.py:3239} INFO - Sync 1 DAGs
[2025-02-04T16:43:30.375+0000] {logging_mixin.py:190} INFO - [2025-02-04T16:43:30.374+0000] {dag.py:4180} INFO - Setting next_dagrun for example_bash_operator to 2025-02-03 00:00:00+00:00, run_after=2025-02-04 00:00:00+00:00
[2025-02-04T16:43:30.412+0000] {processor.py:208} INFO - Processing /home/airflow/.local/lib/python3.9/site-packages/airflow/example_dags/example_bash_operator.py took 0.126 seconds
[2025-02-04T16:44:01.158+0000] {processor.py:186} INFO - Started process (PID=2478) to work on /home/airflow/.local/lib/python3.9/site-packages/airflow/example_dags/example_bash_operator.py
[2025-02-04T16:44:01.160+0000] {processor.py:914} INFO - Processing file /home/airflow/.local/lib/python3.9/site-packages/airflow/example_dags/example_bash_operator.py for tasks to queue
[2025-02-04T16:44:01.162+0000] {logging_mixin.py:190} INFO - [2025-02-04T16:44:01.162+0000] {dagbag.py:588} INFO - Filling up the DagBag from /home/airflow/.local/lib/python3.9/site-packages/airflow/example_dags/example_bash_operator.py
[2025-02-04T16:44:01.178+0000] {processor.py:925} INFO - DAG(s) 'example_bash_operator' retrieved from /home/airflow/.local/lib/python3.9/site-packages/airflow/example_dags/example_bash_operator.py
[2025-02-04T16:44:01.208+0000] {logging_mixin.py:190} INFO - [2025-02-04T16:44:01.207+0000] {dag.py:3239} INFO - Sync 1 DAGs
[2025-02-04T16:44:01.239+0000] {logging_mixin.py:190} INFO - [2025-02-04T16:44:01.238+0000] {dag.py:4180} INFO - Setting next_dagrun for example_bash_operator to 2025-02-03 00:00:00+00:00, run_after=2025-02-04 00:00:00+00:00
[2025-02-04T16:44:01.267+0000] {processor.py:208} INFO - Processing /home/airflow/.local/lib/python3.9/site-packages/airflow/example_dags/example_bash_operator.py took 0.116 seconds
[2025-02-04T16:44:31.335+0000] {processor.py:186} INFO - Started process (PID=2542) to work on /home/airflow/.local/lib/python3.9/site-packages/airflow/example_dags/example_bash_operator.py
[2025-02-04T16:44:31.336+0000] {processor.py:914} INFO - Processing file /home/airflow/.local/lib/python3.9/site-packages/airflow/example_dags/example_bash_operator.py for tasks to queue
[2025-02-04T16:44:31.338+0000] {logging_mixin.py:190} INFO - [2025-02-04T16:44:31.338+0000] {dagbag.py:588} INFO - Filling up the DagBag from /home/airflow/.local/lib/python3.9/site-packages/airflow/example_dags/example_bash_operator.py
[2025-02-04T16:44:31.353+0000] {processor.py:925} INFO - DAG(s) 'example_bash_operator' retrieved from /home/airflow/.local/lib/python3.9/site-packages/airflow/example_dags/example_bash_operator.py
[2025-02-04T16:44:31.384+0000] {logging_mixin.py:190} INFO - [2025-02-04T16:44:31.383+0000] {dag.py:3239} INFO - Sync 1 DAGs
[2025-02-04T16:44:31.409+0000] {logging_mixin.py:190} INFO - [2025-02-04T16:44:31.408+0000] {dag.py:4180} INFO - Setting next_dagrun for example_bash_operator to 2025-02-03 00:00:00+00:00, run_after=2025-02-04 00:00:00+00:00
[2025-02-04T16:44:31.434+0000] {processor.py:208} INFO - Processing /home/airflow/.local/lib/python3.9/site-packages/airflow/example_dags/example_bash_operator.py took 0.106 seconds
[2025-02-04T16:45:01.978+0000] {processor.py:186} INFO - Started process (PID=2604) to work on /home/airflow/.local/lib/python3.9/site-packages/airflow/example_dags/example_bash_operator.py
[2025-02-04T16:45:01.979+0000] {processor.py:914} INFO - Processing file /home/airflow/.local/lib/python3.9/site-packages/airflow/example_dags/example_bash_operator.py for tasks to queue
[2025-02-04T16:45:01.981+0000] {logging_mixin.py:190} INFO - [2025-02-04T16:45:01.981+0000] {dagbag.py:588} INFO - Filling up the DagBag from /home/airflow/.local/lib/python3.9/site-packages/airflow/example_dags/example_bash_operator.py
[2025-02-04T16:45:01.998+0000] {processor.py:925} INFO - DAG(s) 'example_bash_operator' retrieved from /home/airflow/.local/lib/python3.9/site-packages/airflow/example_dags/example_bash_operator.py
[2025-02-04T16:45:02.029+0000] {logging_mixin.py:190} INFO - [2025-02-04T16:45:02.028+0000] {dag.py:3239} INFO - Sync 1 DAGs
[2025-02-04T16:45:02.055+0000] {logging_mixin.py:190} INFO - [2025-02-04T16:45:02.055+0000] {dag.py:4180} INFO - Setting next_dagrun for example_bash_operator to 2025-02-03 00:00:00+00:00, run_after=2025-02-04 00:00:00+00:00
[2025-02-04T16:45:02.086+0000] {processor.py:208} INFO - Processing /home/airflow/.local/lib/python3.9/site-packages/airflow/example_dags/example_bash_operator.py took 0.118 seconds
[2025-02-04T16:45:32.226+0000] {processor.py:186} INFO - Started process (PID=2668) to work on /home/airflow/.local/lib/python3.9/site-packages/airflow/example_dags/example_bash_operator.py
[2025-02-04T16:45:32.228+0000] {processor.py:914} INFO - Processing file /home/airflow/.local/lib/python3.9/site-packages/airflow/example_dags/example_bash_operator.py for tasks to queue
[2025-02-04T16:45:32.230+0000] {logging_mixin.py:190} INFO - [2025-02-04T16:45:32.229+0000] {dagbag.py:588} INFO - Filling up the DagBag from /home/airflow/.local/lib/python3.9/site-packages/airflow/example_dags/example_bash_operator.py
[2025-02-04T16:45:32.244+0000] {processor.py:925} INFO - DAG(s) 'example_bash_operator' retrieved from /home/airflow/.local/lib/python3.9/site-packages/airflow/example_dags/example_bash_operator.py
[2025-02-04T16:45:32.277+0000] {logging_mixin.py:190} INFO - [2025-02-04T16:45:32.276+0000] {dag.py:3239} INFO - Sync 1 DAGs
[2025-02-04T16:45:32.302+0000] {logging_mixin.py:190} INFO - [2025-02-04T16:45:32.302+0000] {dag.py:4180} INFO - Setting next_dagrun for example_bash_operator to 2025-02-03 00:00:00+00:00, run_after=2025-02-04 00:00:00+00:00
[2025-02-04T16:45:32.329+0000] {processor.py:208} INFO - Processing /home/airflow/.local/lib/python3.9/site-packages/airflow/example_dags/example_bash_operator.py took 0.112 seconds
[2025-02-04T16:46:04.865+0000] {processor.py:186} INFO - Started process (PID=2739) to work on /home/airflow/.local/lib/python3.9/site-packages/airflow/example_dags/example_bash_operator.py
[2025-02-04T16:46:04.866+0000] {processor.py:914} INFO - Processing file /home/airflow/.local/lib/python3.9/site-packages/airflow/example_dags/example_bash_operator.py for tasks to queue
[2025-02-04T16:46:04.868+0000] {logging_mixin.py:190} INFO - [2025-02-04T16:46:04.868+0000] {dagbag.py:588} INFO - Filling up the DagBag from /home/airflow/.local/lib/python3.9/site-packages/airflow/example_dags/example_bash_operator.py
[2025-02-04T16:46:04.883+0000] {processor.py:925} INFO - DAG(s) 'example_bash_operator' retrieved from /home/airflow/.local/lib/python3.9/site-packages/airflow/example_dags/example_bash_operator.py
[2025-02-04T16:46:04.935+0000] {logging_mixin.py:190} INFO - [2025-02-04T16:46:04.934+0000] {dag.py:3239} INFO - Sync 1 DAGs
[2025-02-04T16:46:04.965+0000] {logging_mixin.py:190} INFO - [2025-02-04T16:46:04.965+0000] {dag.py:4180} INFO - Setting next_dagrun for example_bash_operator to 2025-02-03 00:00:00+00:00, run_after=2025-02-04 00:00:00+00:00
[2025-02-04T16:46:04.994+0000] {processor.py:208} INFO - Processing /home/airflow/.local/lib/python3.9/site-packages/airflow/example_dags/example_bash_operator.py took 0.137 seconds
[2025-02-04T16:46:35.069+0000] {processor.py:186} INFO - Started process (PID=2803) to work on /home/airflow/.local/lib/python3.9/site-packages/airflow/example_dags/example_bash_operator.py
[2025-02-04T16:46:35.070+0000] {processor.py:914} INFO - Processing file /home/airflow/.local/lib/python3.9/site-packages/airflow/example_dags/example_bash_operator.py for tasks to queue
[2025-02-04T16:46:35.072+0000] {logging_mixin.py:190} INFO - [2025-02-04T16:46:35.071+0000] {dagbag.py:588} INFO - Filling up the DagBag from /home/airflow/.local/lib/python3.9/site-packages/airflow/example_dags/example_bash_operator.py
[2025-02-04T16:46:35.085+0000] {processor.py:925} INFO - DAG(s) 'example_bash_operator' retrieved from /home/airflow/.local/lib/python3.9/site-packages/airflow/example_dags/example_bash_operator.py
[2025-02-04T16:46:35.115+0000] {logging_mixin.py:190} INFO - [2025-02-04T16:46:35.115+0000] {dag.py:3239} INFO - Sync 1 DAGs
[2025-02-04T16:46:35.140+0000] {logging_mixin.py:190} INFO - [2025-02-04T16:46:35.140+0000] {dag.py:4180} INFO - Setting next_dagrun for example_bash_operator to 2025-02-03 00:00:00+00:00, run_after=2025-02-04 00:00:00+00:00
[2025-02-04T16:46:35.168+0000] {processor.py:208} INFO - Processing /home/airflow/.local/lib/python3.9/site-packages/airflow/example_dags/example_bash_operator.py took 0.106 seconds
[2025-02-04T16:47:10.161+0000] {processor.py:186} INFO - Started process (PID=2870) to work on /home/airflow/.local/lib/python3.9/site-packages/airflow/example_dags/example_bash_operator.py
[2025-02-04T16:47:10.162+0000] {processor.py:914} INFO - Processing file /home/airflow/.local/lib/python3.9/site-packages/airflow/example_dags/example_bash_operator.py for tasks to queue
[2025-02-04T16:47:10.164+0000] {logging_mixin.py:190} INFO - [2025-02-04T16:47:10.163+0000] {dagbag.py:588} INFO - Filling up the DagBag from /home/airflow/.local/lib/python3.9/site-packages/airflow/example_dags/example_bash_operator.py
[2025-02-04T16:47:10.179+0000] {processor.py:925} INFO - DAG(s) 'example_bash_operator' retrieved from /home/airflow/.local/lib/python3.9/site-packages/airflow/example_dags/example_bash_operator.py
[2025-02-04T16:47:10.208+0000] {logging_mixin.py:190} INFO - [2025-02-04T16:47:10.208+0000] {dag.py:3239} INFO - Sync 1 DAGs
[2025-02-04T16:47:10.235+0000] {logging_mixin.py:190} INFO - [2025-02-04T16:47:10.234+0000] {dag.py:4180} INFO - Setting next_dagrun for example_bash_operator to 2025-02-03 00:00:00+00:00, run_after=2025-02-04 00:00:00+00:00
[2025-02-04T16:47:10.260+0000] {processor.py:208} INFO - Processing /home/airflow/.local/lib/python3.9/site-packages/airflow/example_dags/example_bash_operator.py took 0.105 seconds
[2025-02-04T16:47:50.826+0000] {processor.py:186} INFO - Started process (PID=2934) to work on /home/airflow/.local/lib/python3.9/site-packages/airflow/example_dags/example_bash_operator.py
[2025-02-04T16:47:50.827+0000] {processor.py:914} INFO - Processing file /home/airflow/.local/lib/python3.9/site-packages/airflow/example_dags/example_bash_operator.py for tasks to queue
[2025-02-04T16:47:50.829+0000] {logging_mixin.py:190} INFO - [2025-02-04T16:47:50.828+0000] {dagbag.py:588} INFO - Filling up the DagBag from /home/airflow/.local/lib/python3.9/site-packages/airflow/example_dags/example_bash_operator.py
[2025-02-04T16:47:50.843+0000] {processor.py:925} INFO - DAG(s) 'example_bash_operator' retrieved from /home/airflow/.local/lib/python3.9/site-packages/airflow/example_dags/example_bash_operator.py
[2025-02-04T16:47:50.875+0000] {logging_mixin.py:190} INFO - [2025-02-04T16:47:50.875+0000] {dag.py:3239} INFO - Sync 1 DAGs
[2025-02-04T16:47:50.901+0000] {logging_mixin.py:190} INFO - [2025-02-04T16:47:50.901+0000] {dag.py:4180} INFO - Setting next_dagrun for example_bash_operator to 2025-02-03 00:00:00+00:00, run_after=2025-02-04 00:00:00+00:00
[2025-02-04T16:47:50.928+0000] {processor.py:208} INFO - Processing /home/airflow/.local/lib/python3.9/site-packages/airflow/example_dags/example_bash_operator.py took 0.109 seconds
[2025-02-04T16:48:21.453+0000] {processor.py:186} INFO - Started process (PID=2999) to work on /home/airflow/.local/lib/python3.9/site-packages/airflow/example_dags/example_bash_operator.py
[2025-02-04T16:48:21.454+0000] {processor.py:914} INFO - Processing file /home/airflow/.local/lib/python3.9/site-packages/airflow/example_dags/example_bash_operator.py for tasks to queue
[2025-02-04T16:48:21.456+0000] {logging_mixin.py:190} INFO - [2025-02-04T16:48:21.456+0000] {dagbag.py:588} INFO - Filling up the DagBag from /home/airflow/.local/lib/python3.9/site-packages/airflow/example_dags/example_bash_operator.py
[2025-02-04T16:48:21.477+0000] {processor.py:925} INFO - DAG(s) 'example_bash_operator' retrieved from /home/airflow/.local/lib/python3.9/site-packages/airflow/example_dags/example_bash_operator.py
[2025-02-04T16:48:21.511+0000] {logging_mixin.py:190} INFO - [2025-02-04T16:48:21.511+0000] {dag.py:3239} INFO - Sync 1 DAGs
[2025-02-04T16:48:21.543+0000] {logging_mixin.py:190} INFO - [2025-02-04T16:48:21.543+0000] {dag.py:4180} INFO - Setting next_dagrun for example_bash_operator to 2025-02-03 00:00:00+00:00, run_after=2025-02-04 00:00:00+00:00
[2025-02-04T16:48:21.576+0000] {processor.py:208} INFO - Processing /home/airflow/.local/lib/python3.9/site-packages/airflow/example_dags/example_bash_operator.py took 0.131 seconds
[2025-02-04T16:48:51.610+0000] {processor.py:186} INFO - Started process (PID=3063) to work on /home/airflow/.local/lib/python3.9/site-packages/airflow/example_dags/example_bash_operator.py
[2025-02-04T16:48:51.611+0000] {processor.py:914} INFO - Processing file /home/airflow/.local/lib/python3.9/site-packages/airflow/example_dags/example_bash_operator.py for tasks to queue
[2025-02-04T16:48:51.612+0000] {logging_mixin.py:190} INFO - [2025-02-04T16:48:51.612+0000] {dagbag.py:588} INFO - Filling up the DagBag from /home/airflow/.local/lib/python3.9/site-packages/airflow/example_dags/example_bash_operator.py
[2025-02-04T16:48:51.627+0000] {processor.py:925} INFO - DAG(s) 'example_bash_operator' retrieved from /home/airflow/.local/lib/python3.9/site-packages/airflow/example_dags/example_bash_operator.py
[2025-02-04T16:48:51.658+0000] {logging_mixin.py:190} INFO - [2025-02-04T16:48:51.657+0000] {dag.py:3239} INFO - Sync 1 DAGs
[2025-02-04T16:48:51.684+0000] {logging_mixin.py:190} INFO - [2025-02-04T16:48:51.683+0000] {dag.py:4180} INFO - Setting next_dagrun for example_bash_operator to 2025-02-03 00:00:00+00:00, run_after=2025-02-04 00:00:00+00:00
[2025-02-04T16:48:51.709+0000] {processor.py:208} INFO - Processing /home/airflow/.local/lib/python3.9/site-packages/airflow/example_dags/example_bash_operator.py took 0.105 seconds
[2025-02-04T16:49:21.902+0000] {processor.py:186} INFO - Started process (PID=3127) to work on /home/airflow/.local/lib/python3.9/site-packages/airflow/example_dags/example_bash_operator.py
[2025-02-04T16:49:21.904+0000] {processor.py:914} INFO - Processing file /home/airflow/.local/lib/python3.9/site-packages/airflow/example_dags/example_bash_operator.py for tasks to queue
[2025-02-04T16:49:21.906+0000] {logging_mixin.py:190} INFO - [2025-02-04T16:49:21.905+0000] {dagbag.py:588} INFO - Filling up the DagBag from /home/airflow/.local/lib/python3.9/site-packages/airflow/example_dags/example_bash_operator.py
[2025-02-04T16:49:21.922+0000] {processor.py:925} INFO - DAG(s) 'example_bash_operator' retrieved from /home/airflow/.local/lib/python3.9/site-packages/airflow/example_dags/example_bash_operator.py
[2025-02-04T16:49:21.956+0000] {logging_mixin.py:190} INFO - [2025-02-04T16:49:21.956+0000] {dag.py:3239} INFO - Sync 1 DAGs
[2025-02-04T16:49:21.986+0000] {logging_mixin.py:190} INFO - [2025-02-04T16:49:21.986+0000] {dag.py:4180} INFO - Setting next_dagrun for example_bash_operator to 2025-02-03 00:00:00+00:00, run_after=2025-02-04 00:00:00+00:00
[2025-02-04T16:49:22.014+0000] {processor.py:208} INFO - Processing /home/airflow/.local/lib/python3.9/site-packages/airflow/example_dags/example_bash_operator.py took 0.121 seconds
[2025-02-04T16:49:52.114+0000] {processor.py:186} INFO - Started process (PID=3198) to work on /home/airflow/.local/lib/python3.9/site-packages/airflow/example_dags/example_bash_operator.py
[2025-02-04T16:49:52.115+0000] {processor.py:914} INFO - Processing file /home/airflow/.local/lib/python3.9/site-packages/airflow/example_dags/example_bash_operator.py for tasks to queue
[2025-02-04T16:49:52.117+0000] {logging_mixin.py:190} INFO - [2025-02-04T16:49:52.117+0000] {dagbag.py:588} INFO - Filling up the DagBag from /home/airflow/.local/lib/python3.9/site-packages/airflow/example_dags/example_bash_operator.py
[2025-02-04T16:49:52.137+0000] {processor.py:925} INFO - DAG(s) 'example_bash_operator' retrieved from /home/airflow/.local/lib/python3.9/site-packages/airflow/example_dags/example_bash_operator.py
[2025-02-04T16:49:52.171+0000] {logging_mixin.py:190} INFO - [2025-02-04T16:49:52.170+0000] {dag.py:3239} INFO - Sync 1 DAGs
[2025-02-04T16:49:52.195+0000] {logging_mixin.py:190} INFO - [2025-02-04T16:49:52.195+0000] {dag.py:4180} INFO - Setting next_dagrun for example_bash_operator to 2025-02-03 00:00:00+00:00, run_after=2025-02-04 00:00:00+00:00
[2025-02-04T16:49:52.220+0000] {processor.py:208} INFO - Processing /home/airflow/.local/lib/python3.9/site-packages/airflow/example_dags/example_bash_operator.py took 0.114 seconds
