[2025-02-04T16:22:46.911+0000] {processor.py:186} INFO - Started process (PID=108) to work on /home/airflow/.local/lib/python3.9/site-packages/airflow/example_dags/example_python_operator.py
[2025-02-04T16:22:46.913+0000] {processor.py:914} INFO - Processing file /home/airflow/.local/lib/python3.9/site-packages/airflow/example_dags/example_python_operator.py for tasks to queue
[2025-02-04T16:22:46.915+0000] {logging_mixin.py:190} INFO - [2025-02-04T16:22:46.915+0000] {dagbag.py:588} INFO - Filling up the DagBag from /home/airflow/.local/lib/python3.9/site-packages/airflow/example_dags/example_python_operator.py
[2025-02-04T16:22:46.928+0000] {processor.py:925} INFO - DAG(s) 'example_python_operator' retrieved from /home/airflow/.local/lib/python3.9/site-packages/airflow/example_dags/example_python_operator.py
[2025-02-04T16:22:47.039+0000] {logging_mixin.py:190} INFO - [2025-02-04T16:22:47.038+0000] {override.py:1912} INFO - Created Permission View: can delete on DAG:example_python_operator
[2025-02-04T16:22:47.057+0000] {logging_mixin.py:190} INFO - [2025-02-04T16:22:47.056+0000] {override.py:1912} INFO - Created Permission View: can edit on DAG:example_python_operator
[2025-02-04T16:22:47.071+0000] {logging_mixin.py:190} INFO - [2025-02-04T16:22:47.070+0000] {override.py:1912} INFO - Created Permission View: can read on DAG:example_python_operator
[2025-02-04T16:22:47.093+0000] {logging_mixin.py:190} INFO - [2025-02-04T16:22:47.093+0000] {override.py:1912} INFO - Created Permission View: can delete on DAG Run:example_python_operator
[2025-02-04T16:22:47.108+0000] {logging_mixin.py:190} INFO - [2025-02-04T16:22:47.108+0000] {override.py:1912} INFO - Created Permission View: menu access on DAG Run:example_python_operator
[2025-02-04T16:22:47.122+0000] {logging_mixin.py:190} INFO - [2025-02-04T16:22:47.122+0000] {override.py:1912} INFO - Created Permission View: can read on DAG Run:example_python_operator
[2025-02-04T16:22:47.137+0000] {logging_mixin.py:190} INFO - [2025-02-04T16:22:47.136+0000] {override.py:1912} INFO - Created Permission View: can create on DAG Run:example_python_operator
[2025-02-04T16:22:47.138+0000] {logging_mixin.py:190} INFO - [2025-02-04T16:22:47.138+0000] {dag.py:3239} INFO - Sync 1 DAGs
[2025-02-04T16:22:47.151+0000] {logging_mixin.py:190} INFO - [2025-02-04T16:22:47.150+0000] {dag.py:3262} INFO - Creating ORM DAG for example_python_operator
[2025-02-04T16:22:47.152+0000] {logging_mixin.py:190} INFO - [2025-02-04T16:22:47.152+0000] {dag.py:4180} INFO - Setting next_dagrun for example_python_operator to None, run_after=None
[2025-02-04T16:22:47.176+0000] {processor.py:208} INFO - Processing /home/airflow/.local/lib/python3.9/site-packages/airflow/example_dags/example_python_operator.py took 0.271 seconds
[2025-02-04T16:23:30.839+0000] {processor.py:186} INFO - Started process (PID=172) to work on /home/airflow/.local/lib/python3.9/site-packages/airflow/example_dags/example_python_operator.py
[2025-02-04T16:23:30.840+0000] {processor.py:914} INFO - Processing file /home/airflow/.local/lib/python3.9/site-packages/airflow/example_dags/example_python_operator.py for tasks to queue
[2025-02-04T16:23:30.843+0000] {logging_mixin.py:190} INFO - [2025-02-04T16:23:30.842+0000] {dagbag.py:588} INFO - Filling up the DagBag from /home/airflow/.local/lib/python3.9/site-packages/airflow/example_dags/example_python_operator.py
[2025-02-04T16:23:30.854+0000] {processor.py:925} INFO - DAG(s) 'example_python_operator' retrieved from /home/airflow/.local/lib/python3.9/site-packages/airflow/example_dags/example_python_operator.py
[2025-02-04T16:23:30.877+0000] {logging_mixin.py:190} INFO - [2025-02-04T16:23:30.877+0000] {dag.py:3239} INFO - Sync 1 DAGs
[2025-02-04T16:23:30.890+0000] {logging_mixin.py:190} INFO - [2025-02-04T16:23:30.890+0000] {dag.py:4180} INFO - Setting next_dagrun for example_python_operator to None, run_after=None
[2025-02-04T16:23:30.916+0000] {processor.py:208} INFO - Processing /home/airflow/.local/lib/python3.9/site-packages/airflow/example_dags/example_python_operator.py took 0.083 seconds
[2025-02-04T16:24:01.198+0000] {processor.py:186} INFO - Started process (PID=235) to work on /home/airflow/.local/lib/python3.9/site-packages/airflow/example_dags/example_python_operator.py
[2025-02-04T16:24:01.200+0000] {processor.py:914} INFO - Processing file /home/airflow/.local/lib/python3.9/site-packages/airflow/example_dags/example_python_operator.py for tasks to queue
[2025-02-04T16:24:01.202+0000] {logging_mixin.py:190} INFO - [2025-02-04T16:24:01.202+0000] {dagbag.py:588} INFO - Filling up the DagBag from /home/airflow/.local/lib/python3.9/site-packages/airflow/example_dags/example_python_operator.py
[2025-02-04T16:24:01.216+0000] {processor.py:925} INFO - DAG(s) 'example_python_operator' retrieved from /home/airflow/.local/lib/python3.9/site-packages/airflow/example_dags/example_python_operator.py
[2025-02-04T16:24:01.243+0000] {logging_mixin.py:190} INFO - [2025-02-04T16:24:01.243+0000] {dag.py:3239} INFO - Sync 1 DAGs
[2025-02-04T16:24:01.258+0000] {logging_mixin.py:190} INFO - [2025-02-04T16:24:01.258+0000] {dag.py:4180} INFO - Setting next_dagrun for example_python_operator to None, run_after=None
[2025-02-04T16:24:01.287+0000] {processor.py:208} INFO - Processing /home/airflow/.local/lib/python3.9/site-packages/airflow/example_dags/example_python_operator.py took 0.095 seconds
[2025-02-04T16:24:32.003+0000] {processor.py:186} INFO - Started process (PID=298) to work on /home/airflow/.local/lib/python3.9/site-packages/airflow/example_dags/example_python_operator.py
[2025-02-04T16:24:32.004+0000] {processor.py:914} INFO - Processing file /home/airflow/.local/lib/python3.9/site-packages/airflow/example_dags/example_python_operator.py for tasks to queue
[2025-02-04T16:24:32.007+0000] {logging_mixin.py:190} INFO - [2025-02-04T16:24:32.007+0000] {dagbag.py:588} INFO - Filling up the DagBag from /home/airflow/.local/lib/python3.9/site-packages/airflow/example_dags/example_python_operator.py
[2025-02-04T16:24:32.021+0000] {processor.py:925} INFO - DAG(s) 'example_python_operator' retrieved from /home/airflow/.local/lib/python3.9/site-packages/airflow/example_dags/example_python_operator.py
[2025-02-04T16:24:32.045+0000] {logging_mixin.py:190} INFO - [2025-02-04T16:24:32.045+0000] {dag.py:3239} INFO - Sync 1 DAGs
[2025-02-04T16:24:32.060+0000] {logging_mixin.py:190} INFO - [2025-02-04T16:24:32.060+0000] {dag.py:4180} INFO - Setting next_dagrun for example_python_operator to None, run_after=None
[2025-02-04T16:24:32.087+0000] {processor.py:208} INFO - Processing /home/airflow/.local/lib/python3.9/site-packages/airflow/example_dags/example_python_operator.py took 0.091 seconds
[2025-02-04T16:25:02.823+0000] {processor.py:186} INFO - Started process (PID=362) to work on /home/airflow/.local/lib/python3.9/site-packages/airflow/example_dags/example_python_operator.py
[2025-02-04T16:25:02.824+0000] {processor.py:914} INFO - Processing file /home/airflow/.local/lib/python3.9/site-packages/airflow/example_dags/example_python_operator.py for tasks to queue
[2025-02-04T16:25:02.827+0000] {logging_mixin.py:190} INFO - [2025-02-04T16:25:02.826+0000] {dagbag.py:588} INFO - Filling up the DagBag from /home/airflow/.local/lib/python3.9/site-packages/airflow/example_dags/example_python_operator.py
[2025-02-04T16:25:02.840+0000] {processor.py:925} INFO - DAG(s) 'example_python_operator' retrieved from /home/airflow/.local/lib/python3.9/site-packages/airflow/example_dags/example_python_operator.py
[2025-02-04T16:25:02.866+0000] {logging_mixin.py:190} INFO - [2025-02-04T16:25:02.866+0000] {dag.py:3239} INFO - Sync 1 DAGs
[2025-02-04T16:25:02.882+0000] {logging_mixin.py:190} INFO - [2025-02-04T16:25:02.882+0000] {dag.py:4180} INFO - Setting next_dagrun for example_python_operator to None, run_after=None
[2025-02-04T16:25:02.909+0000] {processor.py:208} INFO - Processing /home/airflow/.local/lib/python3.9/site-packages/airflow/example_dags/example_python_operator.py took 0.093 seconds
[2025-02-04T16:25:33.330+0000] {processor.py:186} INFO - Started process (PID=426) to work on /home/airflow/.local/lib/python3.9/site-packages/airflow/example_dags/example_python_operator.py
[2025-02-04T16:25:33.332+0000] {processor.py:914} INFO - Processing file /home/airflow/.local/lib/python3.9/site-packages/airflow/example_dags/example_python_operator.py for tasks to queue
[2025-02-04T16:25:33.335+0000] {logging_mixin.py:190} INFO - [2025-02-04T16:25:33.334+0000] {dagbag.py:588} INFO - Filling up the DagBag from /home/airflow/.local/lib/python3.9/site-packages/airflow/example_dags/example_python_operator.py
[2025-02-04T16:25:33.359+0000] {processor.py:925} INFO - DAG(s) 'example_python_operator' retrieved from /home/airflow/.local/lib/python3.9/site-packages/airflow/example_dags/example_python_operator.py
[2025-02-04T16:25:33.385+0000] {logging_mixin.py:190} INFO - [2025-02-04T16:25:33.385+0000] {dag.py:3239} INFO - Sync 1 DAGs
[2025-02-04T16:25:33.403+0000] {logging_mixin.py:190} INFO - [2025-02-04T16:25:33.402+0000] {dag.py:4180} INFO - Setting next_dagrun for example_python_operator to None, run_after=None
[2025-02-04T16:25:33.429+0000] {processor.py:208} INFO - Processing /home/airflow/.local/lib/python3.9/site-packages/airflow/example_dags/example_python_operator.py took 0.106 seconds
[2025-02-04T16:26:03.713+0000] {processor.py:186} INFO - Started process (PID=490) to work on /home/airflow/.local/lib/python3.9/site-packages/airflow/example_dags/example_python_operator.py
[2025-02-04T16:26:03.714+0000] {processor.py:914} INFO - Processing file /home/airflow/.local/lib/python3.9/site-packages/airflow/example_dags/example_python_operator.py for tasks to queue
[2025-02-04T16:26:03.717+0000] {logging_mixin.py:190} INFO - [2025-02-04T16:26:03.717+0000] {dagbag.py:588} INFO - Filling up the DagBag from /home/airflow/.local/lib/python3.9/site-packages/airflow/example_dags/example_python_operator.py
[2025-02-04T16:26:03.730+0000] {processor.py:925} INFO - DAG(s) 'example_python_operator' retrieved from /home/airflow/.local/lib/python3.9/site-packages/airflow/example_dags/example_python_operator.py
[2025-02-04T16:26:03.755+0000] {logging_mixin.py:190} INFO - [2025-02-04T16:26:03.755+0000] {dag.py:3239} INFO - Sync 1 DAGs
[2025-02-04T16:26:03.772+0000] {logging_mixin.py:190} INFO - [2025-02-04T16:26:03.772+0000] {dag.py:4180} INFO - Setting next_dagrun for example_python_operator to None, run_after=None
[2025-02-04T16:26:03.799+0000] {processor.py:208} INFO - Processing /home/airflow/.local/lib/python3.9/site-packages/airflow/example_dags/example_python_operator.py took 0.093 seconds
[2025-02-04T16:26:34.621+0000] {processor.py:186} INFO - Started process (PID=561) to work on /home/airflow/.local/lib/python3.9/site-packages/airflow/example_dags/example_python_operator.py
[2025-02-04T16:26:34.623+0000] {processor.py:914} INFO - Processing file /home/airflow/.local/lib/python3.9/site-packages/airflow/example_dags/example_python_operator.py for tasks to queue
[2025-02-04T16:26:34.626+0000] {logging_mixin.py:190} INFO - [2025-02-04T16:26:34.625+0000] {dagbag.py:588} INFO - Filling up the DagBag from /home/airflow/.local/lib/python3.9/site-packages/airflow/example_dags/example_python_operator.py
[2025-02-04T16:26:34.640+0000] {processor.py:925} INFO - DAG(s) 'example_python_operator' retrieved from /home/airflow/.local/lib/python3.9/site-packages/airflow/example_dags/example_python_operator.py
[2025-02-04T16:26:34.667+0000] {logging_mixin.py:190} INFO - [2025-02-04T16:26:34.667+0000] {dag.py:3239} INFO - Sync 1 DAGs
[2025-02-04T16:26:34.683+0000] {logging_mixin.py:190} INFO - [2025-02-04T16:26:34.683+0000] {dag.py:4180} INFO - Setting next_dagrun for example_python_operator to None, run_after=None
[2025-02-04T16:26:34.711+0000] {processor.py:208} INFO - Processing /home/airflow/.local/lib/python3.9/site-packages/airflow/example_dags/example_python_operator.py took 0.097 seconds
[2025-02-04T16:27:04.841+0000] {processor.py:186} INFO - Started process (PID=625) to work on /home/airflow/.local/lib/python3.9/site-packages/airflow/example_dags/example_python_operator.py
[2025-02-04T16:27:04.843+0000] {processor.py:914} INFO - Processing file /home/airflow/.local/lib/python3.9/site-packages/airflow/example_dags/example_python_operator.py for tasks to queue
[2025-02-04T16:27:04.846+0000] {logging_mixin.py:190} INFO - [2025-02-04T16:27:04.846+0000] {dagbag.py:588} INFO - Filling up the DagBag from /home/airflow/.local/lib/python3.9/site-packages/airflow/example_dags/example_python_operator.py
[2025-02-04T16:27:04.859+0000] {processor.py:925} INFO - DAG(s) 'example_python_operator' retrieved from /home/airflow/.local/lib/python3.9/site-packages/airflow/example_dags/example_python_operator.py
[2025-02-04T16:27:04.885+0000] {logging_mixin.py:190} INFO - [2025-02-04T16:27:04.884+0000] {dag.py:3239} INFO - Sync 1 DAGs
[2025-02-04T16:27:04.899+0000] {logging_mixin.py:190} INFO - [2025-02-04T16:27:04.899+0000] {dag.py:4180} INFO - Setting next_dagrun for example_python_operator to None, run_after=None
[2025-02-04T16:27:04.928+0000] {processor.py:208} INFO - Processing /home/airflow/.local/lib/python3.9/site-packages/airflow/example_dags/example_python_operator.py took 0.093 seconds
[2025-02-04T16:27:35.611+0000] {processor.py:186} INFO - Started process (PID=689) to work on /home/airflow/.local/lib/python3.9/site-packages/airflow/example_dags/example_python_operator.py
[2025-02-04T16:27:35.613+0000] {processor.py:914} INFO - Processing file /home/airflow/.local/lib/python3.9/site-packages/airflow/example_dags/example_python_operator.py for tasks to queue
[2025-02-04T16:27:35.615+0000] {logging_mixin.py:190} INFO - [2025-02-04T16:27:35.615+0000] {dagbag.py:588} INFO - Filling up the DagBag from /home/airflow/.local/lib/python3.9/site-packages/airflow/example_dags/example_python_operator.py
[2025-02-04T16:27:35.628+0000] {processor.py:925} INFO - DAG(s) 'example_python_operator' retrieved from /home/airflow/.local/lib/python3.9/site-packages/airflow/example_dags/example_python_operator.py
[2025-02-04T16:27:35.648+0000] {logging_mixin.py:190} INFO - [2025-02-04T16:27:35.647+0000] {dag.py:3239} INFO - Sync 1 DAGs
[2025-02-04T16:27:35.661+0000] {logging_mixin.py:190} INFO - [2025-02-04T16:27:35.661+0000] {dag.py:4180} INFO - Setting next_dagrun for example_python_operator to None, run_after=None
[2025-02-04T16:27:35.687+0000] {processor.py:208} INFO - Processing /home/airflow/.local/lib/python3.9/site-packages/airflow/example_dags/example_python_operator.py took 0.083 seconds
[2025-02-04T16:28:06.811+0000] {processor.py:186} INFO - Started process (PID=753) to work on /home/airflow/.local/lib/python3.9/site-packages/airflow/example_dags/example_python_operator.py
[2025-02-04T16:28:06.812+0000] {processor.py:914} INFO - Processing file /home/airflow/.local/lib/python3.9/site-packages/airflow/example_dags/example_python_operator.py for tasks to queue
[2025-02-04T16:28:06.815+0000] {logging_mixin.py:190} INFO - [2025-02-04T16:28:06.814+0000] {dagbag.py:588} INFO - Filling up the DagBag from /home/airflow/.local/lib/python3.9/site-packages/airflow/example_dags/example_python_operator.py
[2025-02-04T16:28:06.829+0000] {processor.py:925} INFO - DAG(s) 'example_python_operator' retrieved from /home/airflow/.local/lib/python3.9/site-packages/airflow/example_dags/example_python_operator.py
[2025-02-04T16:28:06.857+0000] {logging_mixin.py:190} INFO - [2025-02-04T16:28:06.857+0000] {dag.py:3239} INFO - Sync 1 DAGs
[2025-02-04T16:28:06.872+0000] {logging_mixin.py:190} INFO - [2025-02-04T16:28:06.872+0000] {dag.py:4180} INFO - Setting next_dagrun for example_python_operator to None, run_after=None
[2025-02-04T16:28:06.904+0000] {processor.py:208} INFO - Processing /home/airflow/.local/lib/python3.9/site-packages/airflow/example_dags/example_python_operator.py took 0.100 seconds
[2025-02-04T16:28:37.152+0000] {processor.py:186} INFO - Started process (PID=817) to work on /home/airflow/.local/lib/python3.9/site-packages/airflow/example_dags/example_python_operator.py
[2025-02-04T16:28:37.153+0000] {processor.py:914} INFO - Processing file /home/airflow/.local/lib/python3.9/site-packages/airflow/example_dags/example_python_operator.py for tasks to queue
[2025-02-04T16:28:37.156+0000] {logging_mixin.py:190} INFO - [2025-02-04T16:28:37.155+0000] {dagbag.py:588} INFO - Filling up the DagBag from /home/airflow/.local/lib/python3.9/site-packages/airflow/example_dags/example_python_operator.py
[2025-02-04T16:28:37.170+0000] {processor.py:925} INFO - DAG(s) 'example_python_operator' retrieved from /home/airflow/.local/lib/python3.9/site-packages/airflow/example_dags/example_python_operator.py
[2025-02-04T16:28:37.195+0000] {logging_mixin.py:190} INFO - [2025-02-04T16:28:37.195+0000] {dag.py:3239} INFO - Sync 1 DAGs
[2025-02-04T16:28:37.210+0000] {logging_mixin.py:190} INFO - [2025-02-04T16:28:37.210+0000] {dag.py:4180} INFO - Setting next_dagrun for example_python_operator to None, run_after=None
[2025-02-04T16:28:37.236+0000] {processor.py:208} INFO - Processing /home/airflow/.local/lib/python3.9/site-packages/airflow/example_dags/example_python_operator.py took 0.091 seconds
[2025-02-04T16:29:07.755+0000] {processor.py:186} INFO - Started process (PID=881) to work on /home/airflow/.local/lib/python3.9/site-packages/airflow/example_dags/example_python_operator.py
[2025-02-04T16:29:07.757+0000] {processor.py:914} INFO - Processing file /home/airflow/.local/lib/python3.9/site-packages/airflow/example_dags/example_python_operator.py for tasks to queue
[2025-02-04T16:29:07.760+0000] {logging_mixin.py:190} INFO - [2025-02-04T16:29:07.759+0000] {dagbag.py:588} INFO - Filling up the DagBag from /home/airflow/.local/lib/python3.9/site-packages/airflow/example_dags/example_python_operator.py
[2025-02-04T16:29:07.774+0000] {processor.py:925} INFO - DAG(s) 'example_python_operator' retrieved from /home/airflow/.local/lib/python3.9/site-packages/airflow/example_dags/example_python_operator.py
[2025-02-04T16:29:07.802+0000] {logging_mixin.py:190} INFO - [2025-02-04T16:29:07.802+0000] {dag.py:3239} INFO - Sync 1 DAGs
[2025-02-04T16:29:07.819+0000] {logging_mixin.py:190} INFO - [2025-02-04T16:29:07.819+0000] {dag.py:4180} INFO - Setting next_dagrun for example_python_operator to None, run_after=None
[2025-02-04T16:29:07.843+0000] {processor.py:208} INFO - Processing /home/airflow/.local/lib/python3.9/site-packages/airflow/example_dags/example_python_operator.py took 0.095 seconds
[2025-02-04T16:29:38.273+0000] {processor.py:186} INFO - Started process (PID=945) to work on /home/airflow/.local/lib/python3.9/site-packages/airflow/example_dags/example_python_operator.py
[2025-02-04T16:29:38.274+0000] {processor.py:914} INFO - Processing file /home/airflow/.local/lib/python3.9/site-packages/airflow/example_dags/example_python_operator.py for tasks to queue
[2025-02-04T16:29:38.277+0000] {logging_mixin.py:190} INFO - [2025-02-04T16:29:38.277+0000] {dagbag.py:588} INFO - Filling up the DagBag from /home/airflow/.local/lib/python3.9/site-packages/airflow/example_dags/example_python_operator.py
[2025-02-04T16:29:38.290+0000] {processor.py:925} INFO - DAG(s) 'example_python_operator' retrieved from /home/airflow/.local/lib/python3.9/site-packages/airflow/example_dags/example_python_operator.py
[2025-02-04T16:29:38.315+0000] {logging_mixin.py:190} INFO - [2025-02-04T16:29:38.315+0000] {dag.py:3239} INFO - Sync 1 DAGs
[2025-02-04T16:29:38.330+0000] {logging_mixin.py:190} INFO - [2025-02-04T16:29:38.329+0000] {dag.py:4180} INFO - Setting next_dagrun for example_python_operator to None, run_after=None
[2025-02-04T16:29:38.357+0000] {processor.py:208} INFO - Processing /home/airflow/.local/lib/python3.9/site-packages/airflow/example_dags/example_python_operator.py took 0.090 seconds
[2025-02-04T16:30:08.495+0000] {processor.py:186} INFO - Started process (PID=1009) to work on /home/airflow/.local/lib/python3.9/site-packages/airflow/example_dags/example_python_operator.py
[2025-02-04T16:30:08.497+0000] {processor.py:914} INFO - Processing file /home/airflow/.local/lib/python3.9/site-packages/airflow/example_dags/example_python_operator.py for tasks to queue
[2025-02-04T16:30:08.499+0000] {logging_mixin.py:190} INFO - [2025-02-04T16:30:08.499+0000] {dagbag.py:588} INFO - Filling up the DagBag from /home/airflow/.local/lib/python3.9/site-packages/airflow/example_dags/example_python_operator.py
[2025-02-04T16:30:08.514+0000] {processor.py:925} INFO - DAG(s) 'example_python_operator' retrieved from /home/airflow/.local/lib/python3.9/site-packages/airflow/example_dags/example_python_operator.py
[2025-02-04T16:30:08.542+0000] {logging_mixin.py:190} INFO - [2025-02-04T16:30:08.542+0000] {dag.py:3239} INFO - Sync 1 DAGs
[2025-02-04T16:30:08.560+0000] {logging_mixin.py:190} INFO - [2025-02-04T16:30:08.560+0000] {dag.py:4180} INFO - Setting next_dagrun for example_python_operator to None, run_after=None
[2025-02-04T16:30:08.591+0000] {processor.py:208} INFO - Processing /home/airflow/.local/lib/python3.9/site-packages/airflow/example_dags/example_python_operator.py took 0.104 seconds
[2025-02-04T16:30:39.156+0000] {processor.py:186} INFO - Started process (PID=1073) to work on /home/airflow/.local/lib/python3.9/site-packages/airflow/example_dags/example_python_operator.py
[2025-02-04T16:30:39.157+0000] {processor.py:914} INFO - Processing file /home/airflow/.local/lib/python3.9/site-packages/airflow/example_dags/example_python_operator.py for tasks to queue
[2025-02-04T16:30:39.160+0000] {logging_mixin.py:190} INFO - [2025-02-04T16:30:39.160+0000] {dagbag.py:588} INFO - Filling up the DagBag from /home/airflow/.local/lib/python3.9/site-packages/airflow/example_dags/example_python_operator.py
[2025-02-04T16:30:39.173+0000] {processor.py:925} INFO - DAG(s) 'example_python_operator' retrieved from /home/airflow/.local/lib/python3.9/site-packages/airflow/example_dags/example_python_operator.py
[2025-02-04T16:30:39.198+0000] {logging_mixin.py:190} INFO - [2025-02-04T16:30:39.197+0000] {dag.py:3239} INFO - Sync 1 DAGs
[2025-02-04T16:30:39.212+0000] {logging_mixin.py:190} INFO - [2025-02-04T16:30:39.211+0000] {dag.py:4180} INFO - Setting next_dagrun for example_python_operator to None, run_after=None
[2025-02-04T16:30:39.240+0000] {processor.py:208} INFO - Processing /home/airflow/.local/lib/python3.9/site-packages/airflow/example_dags/example_python_operator.py took 0.091 seconds
[2025-02-04T16:31:10.061+0000] {processor.py:186} INFO - Started process (PID=1137) to work on /home/airflow/.local/lib/python3.9/site-packages/airflow/example_dags/example_python_operator.py
[2025-02-04T16:31:10.063+0000] {processor.py:914} INFO - Processing file /home/airflow/.local/lib/python3.9/site-packages/airflow/example_dags/example_python_operator.py for tasks to queue
[2025-02-04T16:31:10.069+0000] {logging_mixin.py:190} INFO - [2025-02-04T16:31:10.069+0000] {dagbag.py:588} INFO - Filling up the DagBag from /home/airflow/.local/lib/python3.9/site-packages/airflow/example_dags/example_python_operator.py
[2025-02-04T16:31:10.088+0000] {processor.py:925} INFO - DAG(s) 'example_python_operator' retrieved from /home/airflow/.local/lib/python3.9/site-packages/airflow/example_dags/example_python_operator.py
[2025-02-04T16:31:10.121+0000] {logging_mixin.py:190} INFO - [2025-02-04T16:31:10.120+0000] {dag.py:3239} INFO - Sync 1 DAGs
[2025-02-04T16:31:10.142+0000] {logging_mixin.py:190} INFO - [2025-02-04T16:31:10.141+0000] {dag.py:4180} INFO - Setting next_dagrun for example_python_operator to None, run_after=None
[2025-02-04T16:31:10.167+0000] {processor.py:208} INFO - Processing /home/airflow/.local/lib/python3.9/site-packages/airflow/example_dags/example_python_operator.py took 0.115 seconds
[2025-02-04T16:31:41.172+0000] {processor.py:186} INFO - Started process (PID=1201) to work on /home/airflow/.local/lib/python3.9/site-packages/airflow/example_dags/example_python_operator.py
[2025-02-04T16:31:41.174+0000] {processor.py:914} INFO - Processing file /home/airflow/.local/lib/python3.9/site-packages/airflow/example_dags/example_python_operator.py for tasks to queue
[2025-02-04T16:31:41.177+0000] {logging_mixin.py:190} INFO - [2025-02-04T16:31:41.176+0000] {dagbag.py:588} INFO - Filling up the DagBag from /home/airflow/.local/lib/python3.9/site-packages/airflow/example_dags/example_python_operator.py
[2025-02-04T16:31:41.189+0000] {processor.py:925} INFO - DAG(s) 'example_python_operator' retrieved from /home/airflow/.local/lib/python3.9/site-packages/airflow/example_dags/example_python_operator.py
[2025-02-04T16:31:41.215+0000] {logging_mixin.py:190} INFO - [2025-02-04T16:31:41.215+0000] {dag.py:3239} INFO - Sync 1 DAGs
[2025-02-04T16:31:41.230+0000] {logging_mixin.py:190} INFO - [2025-02-04T16:31:41.230+0000] {dag.py:4180} INFO - Setting next_dagrun for example_python_operator to None, run_after=None
[2025-02-04T16:31:41.256+0000] {processor.py:208} INFO - Processing /home/airflow/.local/lib/python3.9/site-packages/airflow/example_dags/example_python_operator.py took 0.091 seconds
[2025-02-04T16:32:11.442+0000] {processor.py:186} INFO - Started process (PID=1272) to work on /home/airflow/.local/lib/python3.9/site-packages/airflow/example_dags/example_python_operator.py
[2025-02-04T16:32:11.443+0000] {processor.py:914} INFO - Processing file /home/airflow/.local/lib/python3.9/site-packages/airflow/example_dags/example_python_operator.py for tasks to queue
[2025-02-04T16:32:11.446+0000] {logging_mixin.py:190} INFO - [2025-02-04T16:32:11.446+0000] {dagbag.py:588} INFO - Filling up the DagBag from /home/airflow/.local/lib/python3.9/site-packages/airflow/example_dags/example_python_operator.py
[2025-02-04T16:32:11.462+0000] {processor.py:925} INFO - DAG(s) 'example_python_operator' retrieved from /home/airflow/.local/lib/python3.9/site-packages/airflow/example_dags/example_python_operator.py
[2025-02-04T16:32:11.488+0000] {logging_mixin.py:190} INFO - [2025-02-04T16:32:11.487+0000] {dag.py:3239} INFO - Sync 1 DAGs
[2025-02-04T16:32:11.502+0000] {logging_mixin.py:190} INFO - [2025-02-04T16:32:11.502+0000] {dag.py:4180} INFO - Setting next_dagrun for example_python_operator to None, run_after=None
[2025-02-04T16:32:11.529+0000] {processor.py:208} INFO - Processing /home/airflow/.local/lib/python3.9/site-packages/airflow/example_dags/example_python_operator.py took 0.095 seconds
[2025-02-04T16:32:41.699+0000] {processor.py:186} INFO - Started process (PID=1336) to work on /home/airflow/.local/lib/python3.9/site-packages/airflow/example_dags/example_python_operator.py
[2025-02-04T16:32:41.700+0000] {processor.py:914} INFO - Processing file /home/airflow/.local/lib/python3.9/site-packages/airflow/example_dags/example_python_operator.py for tasks to queue
[2025-02-04T16:32:41.704+0000] {logging_mixin.py:190} INFO - [2025-02-04T16:32:41.703+0000] {dagbag.py:588} INFO - Filling up the DagBag from /home/airflow/.local/lib/python3.9/site-packages/airflow/example_dags/example_python_operator.py
[2025-02-04T16:32:41.722+0000] {processor.py:925} INFO - DAG(s) 'example_python_operator' retrieved from /home/airflow/.local/lib/python3.9/site-packages/airflow/example_dags/example_python_operator.py
[2025-02-04T16:32:41.761+0000] {logging_mixin.py:190} INFO - [2025-02-04T16:32:41.761+0000] {dag.py:3239} INFO - Sync 1 DAGs
[2025-02-04T16:32:41.781+0000] {logging_mixin.py:190} INFO - [2025-02-04T16:32:41.780+0000] {dag.py:4180} INFO - Setting next_dagrun for example_python_operator to None, run_after=None
[2025-02-04T16:32:41.805+0000] {processor.py:208} INFO - Processing /home/airflow/.local/lib/python3.9/site-packages/airflow/example_dags/example_python_operator.py took 0.114 seconds
[2025-02-04T16:33:12.667+0000] {processor.py:186} INFO - Started process (PID=1401) to work on /home/airflow/.local/lib/python3.9/site-packages/airflow/example_dags/example_python_operator.py
[2025-02-04T16:33:12.668+0000] {processor.py:914} INFO - Processing file /home/airflow/.local/lib/python3.9/site-packages/airflow/example_dags/example_python_operator.py for tasks to queue
[2025-02-04T16:33:12.670+0000] {logging_mixin.py:190} INFO - [2025-02-04T16:33:12.670+0000] {dagbag.py:588} INFO - Filling up the DagBag from /home/airflow/.local/lib/python3.9/site-packages/airflow/example_dags/example_python_operator.py
[2025-02-04T16:33:12.682+0000] {processor.py:925} INFO - DAG(s) 'example_python_operator' retrieved from /home/airflow/.local/lib/python3.9/site-packages/airflow/example_dags/example_python_operator.py
[2025-02-04T16:33:12.709+0000] {logging_mixin.py:190} INFO - [2025-02-04T16:33:12.709+0000] {dag.py:3239} INFO - Sync 1 DAGs
[2025-02-04T16:33:12.722+0000] {logging_mixin.py:190} INFO - [2025-02-04T16:33:12.722+0000] {dag.py:4180} INFO - Setting next_dagrun for example_python_operator to None, run_after=None
[2025-02-04T16:33:12.749+0000] {processor.py:208} INFO - Processing /home/airflow/.local/lib/python3.9/site-packages/airflow/example_dags/example_python_operator.py took 0.088 seconds
[2025-02-04T16:33:43.350+0000] {processor.py:186} INFO - Started process (PID=1465) to work on /home/airflow/.local/lib/python3.9/site-packages/airflow/example_dags/example_python_operator.py
[2025-02-04T16:33:43.352+0000] {processor.py:914} INFO - Processing file /home/airflow/.local/lib/python3.9/site-packages/airflow/example_dags/example_python_operator.py for tasks to queue
[2025-02-04T16:33:43.355+0000] {logging_mixin.py:190} INFO - [2025-02-04T16:33:43.355+0000] {dagbag.py:588} INFO - Filling up the DagBag from /home/airflow/.local/lib/python3.9/site-packages/airflow/example_dags/example_python_operator.py
[2025-02-04T16:33:43.369+0000] {processor.py:925} INFO - DAG(s) 'example_python_operator' retrieved from /home/airflow/.local/lib/python3.9/site-packages/airflow/example_dags/example_python_operator.py
[2025-02-04T16:33:43.395+0000] {logging_mixin.py:190} INFO - [2025-02-04T16:33:43.395+0000] {dag.py:3239} INFO - Sync 1 DAGs
[2025-02-04T16:33:43.409+0000] {logging_mixin.py:190} INFO - [2025-02-04T16:33:43.409+0000] {dag.py:4180} INFO - Setting next_dagrun for example_python_operator to None, run_after=None
[2025-02-04T16:33:43.433+0000] {processor.py:208} INFO - Processing /home/airflow/.local/lib/python3.9/site-packages/airflow/example_dags/example_python_operator.py took 0.090 seconds
[2025-02-04T16:34:13.634+0000] {processor.py:186} INFO - Started process (PID=1529) to work on /home/airflow/.local/lib/python3.9/site-packages/airflow/example_dags/example_python_operator.py
[2025-02-04T16:34:13.635+0000] {processor.py:914} INFO - Processing file /home/airflow/.local/lib/python3.9/site-packages/airflow/example_dags/example_python_operator.py for tasks to queue
[2025-02-04T16:34:13.638+0000] {logging_mixin.py:190} INFO - [2025-02-04T16:34:13.637+0000] {dagbag.py:588} INFO - Filling up the DagBag from /home/airflow/.local/lib/python3.9/site-packages/airflow/example_dags/example_python_operator.py
[2025-02-04T16:34:13.651+0000] {processor.py:925} INFO - DAG(s) 'example_python_operator' retrieved from /home/airflow/.local/lib/python3.9/site-packages/airflow/example_dags/example_python_operator.py
[2025-02-04T16:34:13.682+0000] {logging_mixin.py:190} INFO - [2025-02-04T16:34:13.681+0000] {dag.py:3239} INFO - Sync 1 DAGs
[2025-02-04T16:34:13.697+0000] {logging_mixin.py:190} INFO - [2025-02-04T16:34:13.697+0000] {dag.py:4180} INFO - Setting next_dagrun for example_python_operator to None, run_after=None
[2025-02-04T16:34:13.721+0000] {processor.py:208} INFO - Processing /home/airflow/.local/lib/python3.9/site-packages/airflow/example_dags/example_python_operator.py took 0.094 seconds
[2025-02-04T16:34:47.153+0000] {processor.py:186} INFO - Started process (PID=1593) to work on /home/airflow/.local/lib/python3.9/site-packages/airflow/example_dags/example_python_operator.py
[2025-02-04T16:34:47.155+0000] {processor.py:914} INFO - Processing file /home/airflow/.local/lib/python3.9/site-packages/airflow/example_dags/example_python_operator.py for tasks to queue
[2025-02-04T16:34:47.158+0000] {logging_mixin.py:190} INFO - [2025-02-04T16:34:47.157+0000] {dagbag.py:588} INFO - Filling up the DagBag from /home/airflow/.local/lib/python3.9/site-packages/airflow/example_dags/example_python_operator.py
[2025-02-04T16:34:47.170+0000] {processor.py:925} INFO - DAG(s) 'example_python_operator' retrieved from /home/airflow/.local/lib/python3.9/site-packages/airflow/example_dags/example_python_operator.py
[2025-02-04T16:34:47.195+0000] {logging_mixin.py:190} INFO - [2025-02-04T16:34:47.194+0000] {dag.py:3239} INFO - Sync 1 DAGs
[2025-02-04T16:34:47.213+0000] {logging_mixin.py:190} INFO - [2025-02-04T16:34:47.213+0000] {dag.py:4180} INFO - Setting next_dagrun for example_python_operator to None, run_after=None
[2025-02-04T16:34:47.239+0000] {processor.py:208} INFO - Processing /home/airflow/.local/lib/python3.9/site-packages/airflow/example_dags/example_python_operator.py took 0.092 seconds
[2025-02-04T16:35:17.764+0000] {processor.py:186} INFO - Started process (PID=1657) to work on /home/airflow/.local/lib/python3.9/site-packages/airflow/example_dags/example_python_operator.py
[2025-02-04T16:35:17.765+0000] {processor.py:914} INFO - Processing file /home/airflow/.local/lib/python3.9/site-packages/airflow/example_dags/example_python_operator.py for tasks to queue
[2025-02-04T16:35:17.768+0000] {logging_mixin.py:190} INFO - [2025-02-04T16:35:17.767+0000] {dagbag.py:588} INFO - Filling up the DagBag from /home/airflow/.local/lib/python3.9/site-packages/airflow/example_dags/example_python_operator.py
[2025-02-04T16:35:17.780+0000] {processor.py:925} INFO - DAG(s) 'example_python_operator' retrieved from /home/airflow/.local/lib/python3.9/site-packages/airflow/example_dags/example_python_operator.py
[2025-02-04T16:35:17.806+0000] {logging_mixin.py:190} INFO - [2025-02-04T16:35:17.806+0000] {dag.py:3239} INFO - Sync 1 DAGs
[2025-02-04T16:35:17.822+0000] {logging_mixin.py:190} INFO - [2025-02-04T16:35:17.822+0000] {dag.py:4180} INFO - Setting next_dagrun for example_python_operator to None, run_after=None
[2025-02-04T16:35:17.853+0000] {processor.py:208} INFO - Processing /home/airflow/.local/lib/python3.9/site-packages/airflow/example_dags/example_python_operator.py took 0.095 seconds
[2025-02-04T16:35:48.713+0000] {processor.py:186} INFO - Started process (PID=1721) to work on /home/airflow/.local/lib/python3.9/site-packages/airflow/example_dags/example_python_operator.py
[2025-02-04T16:35:48.715+0000] {processor.py:914} INFO - Processing file /home/airflow/.local/lib/python3.9/site-packages/airflow/example_dags/example_python_operator.py for tasks to queue
[2025-02-04T16:35:48.718+0000] {logging_mixin.py:190} INFO - [2025-02-04T16:35:48.718+0000] {dagbag.py:588} INFO - Filling up the DagBag from /home/airflow/.local/lib/python3.9/site-packages/airflow/example_dags/example_python_operator.py
[2025-02-04T16:35:48.732+0000] {processor.py:925} INFO - DAG(s) 'example_python_operator' retrieved from /home/airflow/.local/lib/python3.9/site-packages/airflow/example_dags/example_python_operator.py
[2025-02-04T16:35:48.757+0000] {logging_mixin.py:190} INFO - [2025-02-04T16:35:48.757+0000] {dag.py:3239} INFO - Sync 1 DAGs
[2025-02-04T16:35:48.773+0000] {logging_mixin.py:190} INFO - [2025-02-04T16:35:48.772+0000] {dag.py:4180} INFO - Setting next_dagrun for example_python_operator to None, run_after=None
[2025-02-04T16:35:48.803+0000] {processor.py:208} INFO - Processing /home/airflow/.local/lib/python3.9/site-packages/airflow/example_dags/example_python_operator.py took 0.096 seconds
[2025-02-04T16:36:19.023+0000] {processor.py:186} INFO - Started process (PID=1786) to work on /home/airflow/.local/lib/python3.9/site-packages/airflow/example_dags/example_python_operator.py
[2025-02-04T16:36:19.024+0000] {processor.py:914} INFO - Processing file /home/airflow/.local/lib/python3.9/site-packages/airflow/example_dags/example_python_operator.py for tasks to queue
[2025-02-04T16:36:19.026+0000] {logging_mixin.py:190} INFO - [2025-02-04T16:36:19.026+0000] {dagbag.py:588} INFO - Filling up the DagBag from /home/airflow/.local/lib/python3.9/site-packages/airflow/example_dags/example_python_operator.py
[2025-02-04T16:36:19.038+0000] {processor.py:925} INFO - DAG(s) 'example_python_operator' retrieved from /home/airflow/.local/lib/python3.9/site-packages/airflow/example_dags/example_python_operator.py
[2025-02-04T16:36:19.063+0000] {logging_mixin.py:190} INFO - [2025-02-04T16:36:19.063+0000] {dag.py:3239} INFO - Sync 1 DAGs
[2025-02-04T16:36:19.077+0000] {logging_mixin.py:190} INFO - [2025-02-04T16:36:19.077+0000] {dag.py:4180} INFO - Setting next_dagrun for example_python_operator to None, run_after=None
[2025-02-04T16:36:19.105+0000] {processor.py:208} INFO - Processing /home/airflow/.local/lib/python3.9/site-packages/airflow/example_dags/example_python_operator.py took 0.088 seconds
[2025-02-04T16:36:51.118+0000] {processor.py:186} INFO - Started process (PID=1850) to work on /home/airflow/.local/lib/python3.9/site-packages/airflow/example_dags/example_python_operator.py
[2025-02-04T16:36:51.120+0000] {processor.py:914} INFO - Processing file /home/airflow/.local/lib/python3.9/site-packages/airflow/example_dags/example_python_operator.py for tasks to queue
[2025-02-04T16:36:51.122+0000] {logging_mixin.py:190} INFO - [2025-02-04T16:36:51.122+0000] {dagbag.py:588} INFO - Filling up the DagBag from /home/airflow/.local/lib/python3.9/site-packages/airflow/example_dags/example_python_operator.py
[2025-02-04T16:36:51.134+0000] {processor.py:925} INFO - DAG(s) 'example_python_operator' retrieved from /home/airflow/.local/lib/python3.9/site-packages/airflow/example_dags/example_python_operator.py
[2025-02-04T16:36:51.156+0000] {logging_mixin.py:190} INFO - [2025-02-04T16:36:51.156+0000] {dag.py:3239} INFO - Sync 1 DAGs
[2025-02-04T16:36:51.171+0000] {logging_mixin.py:190} INFO - [2025-02-04T16:36:51.171+0000] {dag.py:4180} INFO - Setting next_dagrun for example_python_operator to None, run_after=None
[2025-02-04T16:36:51.432+0000] {processor.py:208} INFO - Processing /home/airflow/.local/lib/python3.9/site-packages/airflow/example_dags/example_python_operator.py took 0.320 seconds
[2025-02-04T16:39:24.929+0000] {processor.py:186} INFO - Started process (PID=1903) to work on /home/airflow/.local/lib/python3.9/site-packages/airflow/example_dags/example_python_operator.py
[2025-02-04T16:39:24.930+0000] {processor.py:914} INFO - Processing file /home/airflow/.local/lib/python3.9/site-packages/airflow/example_dags/example_python_operator.py for tasks to queue
[2025-02-04T16:39:24.932+0000] {logging_mixin.py:190} INFO - [2025-02-04T16:39:24.931+0000] {dagbag.py:588} INFO - Filling up the DagBag from /home/airflow/.local/lib/python3.9/site-packages/airflow/example_dags/example_python_operator.py
[2025-02-04T16:39:24.947+0000] {processor.py:925} INFO - DAG(s) 'example_python_operator' retrieved from /home/airflow/.local/lib/python3.9/site-packages/airflow/example_dags/example_python_operator.py
[2025-02-04T16:39:24.975+0000] {logging_mixin.py:190} INFO - [2025-02-04T16:39:24.974+0000] {dag.py:3239} INFO - Sync 1 DAGs
[2025-02-04T16:39:24.993+0000] {logging_mixin.py:190} INFO - [2025-02-04T16:39:24.992+0000] {dag.py:4180} INFO - Setting next_dagrun for example_python_operator to None, run_after=None
[2025-02-04T16:39:25.019+0000] {processor.py:208} INFO - Processing /home/airflow/.local/lib/python3.9/site-packages/airflow/example_dags/example_python_operator.py took 0.098 seconds
[2025-02-04T16:39:55.963+0000] {processor.py:186} INFO - Started process (PID=1967) to work on /home/airflow/.local/lib/python3.9/site-packages/airflow/example_dags/example_python_operator.py
[2025-02-04T16:39:55.965+0000] {processor.py:914} INFO - Processing file /home/airflow/.local/lib/python3.9/site-packages/airflow/example_dags/example_python_operator.py for tasks to queue
[2025-02-04T16:39:55.966+0000] {logging_mixin.py:190} INFO - [2025-02-04T16:39:55.966+0000] {dagbag.py:588} INFO - Filling up the DagBag from /home/airflow/.local/lib/python3.9/site-packages/airflow/example_dags/example_python_operator.py
[2025-02-04T16:39:55.977+0000] {processor.py:925} INFO - DAG(s) 'example_python_operator' retrieved from /home/airflow/.local/lib/python3.9/site-packages/airflow/example_dags/example_python_operator.py
[2025-02-04T16:39:56.000+0000] {logging_mixin.py:190} INFO - [2025-02-04T16:39:56.000+0000] {dag.py:3239} INFO - Sync 1 DAGs
[2025-02-04T16:39:56.013+0000] {logging_mixin.py:190} INFO - [2025-02-04T16:39:56.013+0000] {dag.py:4180} INFO - Setting next_dagrun for example_python_operator to None, run_after=None
[2025-02-04T16:39:56.036+0000] {processor.py:208} INFO - Processing /home/airflow/.local/lib/python3.9/site-packages/airflow/example_dags/example_python_operator.py took 0.078 seconds
[2025-02-04T16:40:27.142+0000] {processor.py:186} INFO - Started process (PID=2031) to work on /home/airflow/.local/lib/python3.9/site-packages/airflow/example_dags/example_python_operator.py
[2025-02-04T16:40:27.143+0000] {processor.py:914} INFO - Processing file /home/airflow/.local/lib/python3.9/site-packages/airflow/example_dags/example_python_operator.py for tasks to queue
[2025-02-04T16:40:27.145+0000] {logging_mixin.py:190} INFO - [2025-02-04T16:40:27.144+0000] {dagbag.py:588} INFO - Filling up the DagBag from /home/airflow/.local/lib/python3.9/site-packages/airflow/example_dags/example_python_operator.py
[2025-02-04T16:40:27.158+0000] {processor.py:925} INFO - DAG(s) 'example_python_operator' retrieved from /home/airflow/.local/lib/python3.9/site-packages/airflow/example_dags/example_python_operator.py
[2025-02-04T16:40:27.181+0000] {logging_mixin.py:190} INFO - [2025-02-04T16:40:27.181+0000] {dag.py:3239} INFO - Sync 1 DAGs
[2025-02-04T16:40:27.196+0000] {logging_mixin.py:190} INFO - [2025-02-04T16:40:27.195+0000] {dag.py:4180} INFO - Setting next_dagrun for example_python_operator to None, run_after=None
[2025-02-04T16:40:27.225+0000] {processor.py:208} INFO - Processing /home/airflow/.local/lib/python3.9/site-packages/airflow/example_dags/example_python_operator.py took 0.089 seconds
[2025-02-04T16:40:57.971+0000] {processor.py:186} INFO - Started process (PID=2095) to work on /home/airflow/.local/lib/python3.9/site-packages/airflow/example_dags/example_python_operator.py
[2025-02-04T16:40:57.972+0000] {processor.py:914} INFO - Processing file /home/airflow/.local/lib/python3.9/site-packages/airflow/example_dags/example_python_operator.py for tasks to queue
[2025-02-04T16:40:57.974+0000] {logging_mixin.py:190} INFO - [2025-02-04T16:40:57.974+0000] {dagbag.py:588} INFO - Filling up the DagBag from /home/airflow/.local/lib/python3.9/site-packages/airflow/example_dags/example_python_operator.py
[2025-02-04T16:40:57.989+0000] {processor.py:925} INFO - DAG(s) 'example_python_operator' retrieved from /home/airflow/.local/lib/python3.9/site-packages/airflow/example_dags/example_python_operator.py
[2025-02-04T16:40:58.012+0000] {logging_mixin.py:190} INFO - [2025-02-04T16:40:58.012+0000] {dag.py:3239} INFO - Sync 1 DAGs
[2025-02-04T16:40:58.028+0000] {logging_mixin.py:190} INFO - [2025-02-04T16:40:58.027+0000] {dag.py:4180} INFO - Setting next_dagrun for example_python_operator to None, run_after=None
[2025-02-04T16:40:58.049+0000] {processor.py:208} INFO - Processing /home/airflow/.local/lib/python3.9/site-packages/airflow/example_dags/example_python_operator.py took 0.085 seconds
[2025-02-04T16:41:28.943+0000] {processor.py:186} INFO - Started process (PID=2159) to work on /home/airflow/.local/lib/python3.9/site-packages/airflow/example_dags/example_python_operator.py
[2025-02-04T16:41:28.945+0000] {processor.py:914} INFO - Processing file /home/airflow/.local/lib/python3.9/site-packages/airflow/example_dags/example_python_operator.py for tasks to queue
[2025-02-04T16:41:28.946+0000] {logging_mixin.py:190} INFO - [2025-02-04T16:41:28.946+0000] {dagbag.py:588} INFO - Filling up the DagBag from /home/airflow/.local/lib/python3.9/site-packages/airflow/example_dags/example_python_operator.py
[2025-02-04T16:41:28.959+0000] {processor.py:925} INFO - DAG(s) 'example_python_operator' retrieved from /home/airflow/.local/lib/python3.9/site-packages/airflow/example_dags/example_python_operator.py
[2025-02-04T16:41:28.983+0000] {logging_mixin.py:190} INFO - [2025-02-04T16:41:28.983+0000] {dag.py:3239} INFO - Sync 1 DAGs
[2025-02-04T16:41:29.016+0000] {logging_mixin.py:190} INFO - [2025-02-04T16:41:29.016+0000] {dag.py:4180} INFO - Setting next_dagrun for example_python_operator to None, run_after=None
[2025-02-04T16:41:29.066+0000] {processor.py:208} INFO - Processing /home/airflow/.local/lib/python3.9/site-packages/airflow/example_dags/example_python_operator.py took 0.129 seconds
[2025-02-04T16:41:59.201+0000] {processor.py:186} INFO - Started process (PID=2223) to work on /home/airflow/.local/lib/python3.9/site-packages/airflow/example_dags/example_python_operator.py
[2025-02-04T16:41:59.202+0000] {processor.py:914} INFO - Processing file /home/airflow/.local/lib/python3.9/site-packages/airflow/example_dags/example_python_operator.py for tasks to queue
[2025-02-04T16:41:59.204+0000] {logging_mixin.py:190} INFO - [2025-02-04T16:41:59.204+0000] {dagbag.py:588} INFO - Filling up the DagBag from /home/airflow/.local/lib/python3.9/site-packages/airflow/example_dags/example_python_operator.py
[2025-02-04T16:41:59.216+0000] {processor.py:925} INFO - DAG(s) 'example_python_operator' retrieved from /home/airflow/.local/lib/python3.9/site-packages/airflow/example_dags/example_python_operator.py
[2025-02-04T16:41:59.240+0000] {logging_mixin.py:190} INFO - [2025-02-04T16:41:59.240+0000] {dag.py:3239} INFO - Sync 1 DAGs
[2025-02-04T16:41:59.255+0000] {logging_mixin.py:190} INFO - [2025-02-04T16:41:59.254+0000] {dag.py:4180} INFO - Setting next_dagrun for example_python_operator to None, run_after=None
[2025-02-04T16:41:59.280+0000] {processor.py:208} INFO - Processing /home/airflow/.local/lib/python3.9/site-packages/airflow/example_dags/example_python_operator.py took 0.086 seconds
[2025-02-04T16:42:29.767+0000] {processor.py:186} INFO - Started process (PID=2287) to work on /home/airflow/.local/lib/python3.9/site-packages/airflow/example_dags/example_python_operator.py
[2025-02-04T16:42:29.768+0000] {processor.py:914} INFO - Processing file /home/airflow/.local/lib/python3.9/site-packages/airflow/example_dags/example_python_operator.py for tasks to queue
[2025-02-04T16:42:29.771+0000] {logging_mixin.py:190} INFO - [2025-02-04T16:42:29.770+0000] {dagbag.py:588} INFO - Filling up the DagBag from /home/airflow/.local/lib/python3.9/site-packages/airflow/example_dags/example_python_operator.py
[2025-02-04T16:42:29.783+0000] {processor.py:925} INFO - DAG(s) 'example_python_operator' retrieved from /home/airflow/.local/lib/python3.9/site-packages/airflow/example_dags/example_python_operator.py
[2025-02-04T16:42:29.808+0000] {logging_mixin.py:190} INFO - [2025-02-04T16:42:29.808+0000] {dag.py:3239} INFO - Sync 1 DAGs
[2025-02-04T16:42:29.823+0000] {logging_mixin.py:190} INFO - [2025-02-04T16:42:29.823+0000] {dag.py:4180} INFO - Setting next_dagrun for example_python_operator to None, run_after=None
[2025-02-04T16:42:29.847+0000] {processor.py:208} INFO - Processing /home/airflow/.local/lib/python3.9/site-packages/airflow/example_dags/example_python_operator.py took 0.086 seconds
[2025-02-04T16:43:00.205+0000] {processor.py:186} INFO - Started process (PID=2353) to work on /home/airflow/.local/lib/python3.9/site-packages/airflow/example_dags/example_python_operator.py
[2025-02-04T16:43:00.206+0000] {processor.py:914} INFO - Processing file /home/airflow/.local/lib/python3.9/site-packages/airflow/example_dags/example_python_operator.py for tasks to queue
[2025-02-04T16:43:00.208+0000] {logging_mixin.py:190} INFO - [2025-02-04T16:43:00.208+0000] {dagbag.py:588} INFO - Filling up the DagBag from /home/airflow/.local/lib/python3.9/site-packages/airflow/example_dags/example_python_operator.py
[2025-02-04T16:43:00.221+0000] {processor.py:925} INFO - DAG(s) 'example_python_operator' retrieved from /home/airflow/.local/lib/python3.9/site-packages/airflow/example_dags/example_python_operator.py
[2025-02-04T16:43:00.246+0000] {logging_mixin.py:190} INFO - [2025-02-04T16:43:00.246+0000] {dag.py:3239} INFO - Sync 1 DAGs
[2025-02-04T16:43:00.262+0000] {logging_mixin.py:190} INFO - [2025-02-04T16:43:00.262+0000] {dag.py:4180} INFO - Setting next_dagrun for example_python_operator to None, run_after=None
[2025-02-04T16:43:00.288+0000] {processor.py:208} INFO - Processing /home/airflow/.local/lib/python3.9/site-packages/airflow/example_dags/example_python_operator.py took 0.091 seconds
[2025-02-04T16:43:30.665+0000] {processor.py:186} INFO - Started process (PID=2417) to work on /home/airflow/.local/lib/python3.9/site-packages/airflow/example_dags/example_python_operator.py
[2025-02-04T16:43:30.667+0000] {processor.py:914} INFO - Processing file /home/airflow/.local/lib/python3.9/site-packages/airflow/example_dags/example_python_operator.py for tasks to queue
[2025-02-04T16:43:30.668+0000] {logging_mixin.py:190} INFO - [2025-02-04T16:43:30.668+0000] {dagbag.py:588} INFO - Filling up the DagBag from /home/airflow/.local/lib/python3.9/site-packages/airflow/example_dags/example_python_operator.py
[2025-02-04T16:43:30.686+0000] {processor.py:925} INFO - DAG(s) 'example_python_operator' retrieved from /home/airflow/.local/lib/python3.9/site-packages/airflow/example_dags/example_python_operator.py
[2025-02-04T16:43:30.717+0000] {logging_mixin.py:190} INFO - [2025-02-04T16:43:30.717+0000] {dag.py:3239} INFO - Sync 1 DAGs
[2025-02-04T16:43:30.734+0000] {logging_mixin.py:190} INFO - [2025-02-04T16:43:30.734+0000] {dag.py:4180} INFO - Setting next_dagrun for example_python_operator to None, run_after=None
[2025-02-04T16:43:30.793+0000] {processor.py:208} INFO - Processing /home/airflow/.local/lib/python3.9/site-packages/airflow/example_dags/example_python_operator.py took 0.347 seconds
[2025-02-04T16:44:01.324+0000] {processor.py:186} INFO - Started process (PID=2481) to work on /home/airflow/.local/lib/python3.9/site-packages/airflow/example_dags/example_python_operator.py
[2025-02-04T16:44:01.325+0000] {processor.py:914} INFO - Processing file /home/airflow/.local/lib/python3.9/site-packages/airflow/example_dags/example_python_operator.py for tasks to queue
[2025-02-04T16:44:01.327+0000] {logging_mixin.py:190} INFO - [2025-02-04T16:44:01.327+0000] {dagbag.py:588} INFO - Filling up the DagBag from /home/airflow/.local/lib/python3.9/site-packages/airflow/example_dags/example_python_operator.py
[2025-02-04T16:44:01.341+0000] {processor.py:925} INFO - DAG(s) 'example_python_operator' retrieved from /home/airflow/.local/lib/python3.9/site-packages/airflow/example_dags/example_python_operator.py
[2025-02-04T16:44:01.366+0000] {logging_mixin.py:190} INFO - [2025-02-04T16:44:01.366+0000] {dag.py:3239} INFO - Sync 1 DAGs
[2025-02-04T16:44:01.382+0000] {logging_mixin.py:190} INFO - [2025-02-04T16:44:01.382+0000] {dag.py:4180} INFO - Setting next_dagrun for example_python_operator to None, run_after=None
[2025-02-04T16:44:01.412+0000] {processor.py:208} INFO - Processing /home/airflow/.local/lib/python3.9/site-packages/airflow/example_dags/example_python_operator.py took 0.096 seconds
[2025-02-04T16:44:31.584+0000] {processor.py:186} INFO - Started process (PID=2545) to work on /home/airflow/.local/lib/python3.9/site-packages/airflow/example_dags/example_python_operator.py
[2025-02-04T16:44:31.585+0000] {processor.py:914} INFO - Processing file /home/airflow/.local/lib/python3.9/site-packages/airflow/example_dags/example_python_operator.py for tasks to queue
[2025-02-04T16:44:31.587+0000] {logging_mixin.py:190} INFO - [2025-02-04T16:44:31.586+0000] {dagbag.py:588} INFO - Filling up the DagBag from /home/airflow/.local/lib/python3.9/site-packages/airflow/example_dags/example_python_operator.py
[2025-02-04T16:44:31.601+0000] {processor.py:925} INFO - DAG(s) 'example_python_operator' retrieved from /home/airflow/.local/lib/python3.9/site-packages/airflow/example_dags/example_python_operator.py
[2025-02-04T16:44:31.624+0000] {logging_mixin.py:190} INFO - [2025-02-04T16:44:31.624+0000] {dag.py:3239} INFO - Sync 1 DAGs
[2025-02-04T16:44:31.638+0000] {logging_mixin.py:190} INFO - [2025-02-04T16:44:31.638+0000] {dag.py:4180} INFO - Setting next_dagrun for example_python_operator to None, run_after=None
[2025-02-04T16:44:31.666+0000] {processor.py:208} INFO - Processing /home/airflow/.local/lib/python3.9/site-packages/airflow/example_dags/example_python_operator.py took 0.089 seconds
[2025-02-04T16:45:02.216+0000] {processor.py:186} INFO - Started process (PID=2607) to work on /home/airflow/.local/lib/python3.9/site-packages/airflow/example_dags/example_python_operator.py
[2025-02-04T16:45:02.218+0000] {processor.py:914} INFO - Processing file /home/airflow/.local/lib/python3.9/site-packages/airflow/example_dags/example_python_operator.py for tasks to queue
[2025-02-04T16:45:02.219+0000] {logging_mixin.py:190} INFO - [2025-02-04T16:45:02.219+0000] {dagbag.py:588} INFO - Filling up the DagBag from /home/airflow/.local/lib/python3.9/site-packages/airflow/example_dags/example_python_operator.py
[2025-02-04T16:45:02.232+0000] {processor.py:925} INFO - DAG(s) 'example_python_operator' retrieved from /home/airflow/.local/lib/python3.9/site-packages/airflow/example_dags/example_python_operator.py
[2025-02-04T16:45:02.253+0000] {logging_mixin.py:190} INFO - [2025-02-04T16:45:02.253+0000] {dag.py:3239} INFO - Sync 1 DAGs
[2025-02-04T16:45:02.268+0000] {logging_mixin.py:190} INFO - [2025-02-04T16:45:02.268+0000] {dag.py:4180} INFO - Setting next_dagrun for example_python_operator to None, run_after=None
[2025-02-04T16:45:02.294+0000] {processor.py:208} INFO - Processing /home/airflow/.local/lib/python3.9/site-packages/airflow/example_dags/example_python_operator.py took 0.084 seconds
[2025-02-04T16:45:32.498+0000] {processor.py:186} INFO - Started process (PID=2671) to work on /home/airflow/.local/lib/python3.9/site-packages/airflow/example_dags/example_python_operator.py
[2025-02-04T16:45:32.499+0000] {processor.py:914} INFO - Processing file /home/airflow/.local/lib/python3.9/site-packages/airflow/example_dags/example_python_operator.py for tasks to queue
[2025-02-04T16:45:32.501+0000] {logging_mixin.py:190} INFO - [2025-02-04T16:45:32.500+0000] {dagbag.py:588} INFO - Filling up the DagBag from /home/airflow/.local/lib/python3.9/site-packages/airflow/example_dags/example_python_operator.py
[2025-02-04T16:45:32.514+0000] {processor.py:925} INFO - DAG(s) 'example_python_operator' retrieved from /home/airflow/.local/lib/python3.9/site-packages/airflow/example_dags/example_python_operator.py
[2025-02-04T16:45:32.536+0000] {logging_mixin.py:190} INFO - [2025-02-04T16:45:32.536+0000] {dag.py:3239} INFO - Sync 1 DAGs
[2025-02-04T16:45:32.555+0000] {logging_mixin.py:190} INFO - [2025-02-04T16:45:32.555+0000] {dag.py:4180} INFO - Setting next_dagrun for example_python_operator to None, run_after=None
[2025-02-04T16:45:32.581+0000] {processor.py:208} INFO - Processing /home/airflow/.local/lib/python3.9/site-packages/airflow/example_dags/example_python_operator.py took 0.090 seconds
[2025-02-04T16:46:05.067+0000] {processor.py:186} INFO - Started process (PID=2742) to work on /home/airflow/.local/lib/python3.9/site-packages/airflow/example_dags/example_python_operator.py
[2025-02-04T16:46:05.068+0000] {processor.py:914} INFO - Processing file /home/airflow/.local/lib/python3.9/site-packages/airflow/example_dags/example_python_operator.py for tasks to queue
[2025-02-04T16:46:05.070+0000] {logging_mixin.py:190} INFO - [2025-02-04T16:46:05.070+0000] {dagbag.py:588} INFO - Filling up the DagBag from /home/airflow/.local/lib/python3.9/site-packages/airflow/example_dags/example_python_operator.py
[2025-02-04T16:46:05.085+0000] {processor.py:925} INFO - DAG(s) 'example_python_operator' retrieved from /home/airflow/.local/lib/python3.9/site-packages/airflow/example_dags/example_python_operator.py
[2025-02-04T16:46:05.110+0000] {logging_mixin.py:190} INFO - [2025-02-04T16:46:05.109+0000] {dag.py:3239} INFO - Sync 1 DAGs
[2025-02-04T16:46:05.126+0000] {logging_mixin.py:190} INFO - [2025-02-04T16:46:05.126+0000] {dag.py:4180} INFO - Setting next_dagrun for example_python_operator to None, run_after=None
[2025-02-04T16:46:05.152+0000] {processor.py:208} INFO - Processing /home/airflow/.local/lib/python3.9/site-packages/airflow/example_dags/example_python_operator.py took 0.092 seconds
[2025-02-04T16:46:35.347+0000] {processor.py:186} INFO - Started process (PID=2806) to work on /home/airflow/.local/lib/python3.9/site-packages/airflow/example_dags/example_python_operator.py
[2025-02-04T16:46:35.348+0000] {processor.py:914} INFO - Processing file /home/airflow/.local/lib/python3.9/site-packages/airflow/example_dags/example_python_operator.py for tasks to queue
[2025-02-04T16:46:35.350+0000] {logging_mixin.py:190} INFO - [2025-02-04T16:46:35.350+0000] {dagbag.py:588} INFO - Filling up the DagBag from /home/airflow/.local/lib/python3.9/site-packages/airflow/example_dags/example_python_operator.py
[2025-02-04T16:46:35.363+0000] {processor.py:925} INFO - DAG(s) 'example_python_operator' retrieved from /home/airflow/.local/lib/python3.9/site-packages/airflow/example_dags/example_python_operator.py
[2025-02-04T16:46:35.389+0000] {logging_mixin.py:190} INFO - [2025-02-04T16:46:35.388+0000] {dag.py:3239} INFO - Sync 1 DAGs
[2025-02-04T16:46:35.404+0000] {logging_mixin.py:190} INFO - [2025-02-04T16:46:35.404+0000] {dag.py:4180} INFO - Setting next_dagrun for example_python_operator to None, run_after=None
[2025-02-04T16:46:35.430+0000] {processor.py:208} INFO - Processing /home/airflow/.local/lib/python3.9/site-packages/airflow/example_dags/example_python_operator.py took 0.089 seconds
[2025-02-04T16:47:10.411+0000] {processor.py:186} INFO - Started process (PID=2873) to work on /home/airflow/.local/lib/python3.9/site-packages/airflow/example_dags/example_python_operator.py
[2025-02-04T16:47:10.412+0000] {processor.py:914} INFO - Processing file /home/airflow/.local/lib/python3.9/site-packages/airflow/example_dags/example_python_operator.py for tasks to queue
[2025-02-04T16:47:10.414+0000] {logging_mixin.py:190} INFO - [2025-02-04T16:47:10.413+0000] {dagbag.py:588} INFO - Filling up the DagBag from /home/airflow/.local/lib/python3.9/site-packages/airflow/example_dags/example_python_operator.py
[2025-02-04T16:47:10.427+0000] {processor.py:925} INFO - DAG(s) 'example_python_operator' retrieved from /home/airflow/.local/lib/python3.9/site-packages/airflow/example_dags/example_python_operator.py
[2025-02-04T16:47:10.452+0000] {logging_mixin.py:190} INFO - [2025-02-04T16:47:10.452+0000] {dag.py:3239} INFO - Sync 1 DAGs
[2025-02-04T16:47:10.471+0000] {logging_mixin.py:190} INFO - [2025-02-04T16:47:10.471+0000] {dag.py:4180} INFO - Setting next_dagrun for example_python_operator to None, run_after=None
[2025-02-04T16:47:10.504+0000] {processor.py:208} INFO - Processing /home/airflow/.local/lib/python3.9/site-packages/airflow/example_dags/example_python_operator.py took 0.101 seconds
[2025-02-04T16:47:51.129+0000] {processor.py:186} INFO - Started process (PID=2937) to work on /home/airflow/.local/lib/python3.9/site-packages/airflow/example_dags/example_python_operator.py
[2025-02-04T16:47:51.131+0000] {processor.py:914} INFO - Processing file /home/airflow/.local/lib/python3.9/site-packages/airflow/example_dags/example_python_operator.py for tasks to queue
[2025-02-04T16:47:51.133+0000] {logging_mixin.py:190} INFO - [2025-02-04T16:47:51.132+0000] {dagbag.py:588} INFO - Filling up the DagBag from /home/airflow/.local/lib/python3.9/site-packages/airflow/example_dags/example_python_operator.py
[2025-02-04T16:47:51.152+0000] {processor.py:925} INFO - DAG(s) 'example_python_operator' retrieved from /home/airflow/.local/lib/python3.9/site-packages/airflow/example_dags/example_python_operator.py
[2025-02-04T16:47:51.188+0000] {logging_mixin.py:190} INFO - [2025-02-04T16:47:51.188+0000] {dag.py:3239} INFO - Sync 1 DAGs
[2025-02-04T16:47:51.211+0000] {logging_mixin.py:190} INFO - [2025-02-04T16:47:51.211+0000] {dag.py:4180} INFO - Setting next_dagrun for example_python_operator to None, run_after=None
[2025-02-04T16:47:51.251+0000] {processor.py:208} INFO - Processing /home/airflow/.local/lib/python3.9/site-packages/airflow/example_dags/example_python_operator.py took 0.128 seconds
