[2025-02-04T16:23:13.391+0000] {processor.py:186} INFO - Started process (PID=135) to work on /home/airflow/.local/lib/python3.9/site-packages/airflow/example_dags/example_inlet_event_extra.py
[2025-02-04T16:23:13.392+0000] {processor.py:914} INFO - Processing file /home/airflow/.local/lib/python3.9/site-packages/airflow/example_dags/example_inlet_event_extra.py for tasks to queue
[2025-02-04T16:23:13.396+0000] {logging_mixin.py:190} INFO - [2025-02-04T16:23:13.395+0000] {dagbag.py:588} INFO - Filling up the DagBag from /home/airflow/.local/lib/python3.9/site-packages/airflow/example_dags/example_inlet_event_extra.py
[2025-02-04T16:23:14.070+0000] {processor.py:925} INFO - DAG(s) 'read_dataset_event', 'read_dataset_event_from_classic' retrieved from /home/airflow/.local/lib/python3.9/site-packages/airflow/example_dags/example_inlet_event_extra.py
[2025-02-04T16:23:14.173+0000] {logging_mixin.py:190} INFO - [2025-02-04T16:23:14.172+0000] {override.py:1912} INFO - Created Permission View: can delete on DAG:read_dataset_event
[2025-02-04T16:23:14.192+0000] {logging_mixin.py:190} INFO - [2025-02-04T16:23:14.191+0000] {override.py:1912} INFO - Created Permission View: can edit on DAG:read_dataset_event
[2025-02-04T16:23:14.206+0000] {logging_mixin.py:190} INFO - [2025-02-04T16:23:14.206+0000] {override.py:1912} INFO - Created Permission View: can read on DAG:read_dataset_event
[2025-02-04T16:23:14.232+0000] {logging_mixin.py:190} INFO - [2025-02-04T16:23:14.231+0000] {override.py:1912} INFO - Created Permission View: can delete on DAG Run:read_dataset_event
[2025-02-04T16:23:14.247+0000] {logging_mixin.py:190} INFO - [2025-02-04T16:23:14.247+0000] {override.py:1912} INFO - Created Permission View: menu access on DAG Run:read_dataset_event
[2025-02-04T16:23:14.260+0000] {logging_mixin.py:190} INFO - [2025-02-04T16:23:14.260+0000] {override.py:1912} INFO - Created Permission View: can read on DAG Run:read_dataset_event
[2025-02-04T16:23:14.274+0000] {logging_mixin.py:190} INFO - [2025-02-04T16:23:14.274+0000] {override.py:1912} INFO - Created Permission View: can create on DAG Run:read_dataset_event
[2025-02-04T16:23:14.304+0000] {logging_mixin.py:190} INFO - [2025-02-04T16:23:14.303+0000] {override.py:1912} INFO - Created Permission View: can delete on DAG:read_dataset_event_from_classic
[2025-02-04T16:23:14.318+0000] {logging_mixin.py:190} INFO - [2025-02-04T16:23:14.317+0000] {override.py:1912} INFO - Created Permission View: can edit on DAG:read_dataset_event_from_classic
[2025-02-04T16:23:14.331+0000] {logging_mixin.py:190} INFO - [2025-02-04T16:23:14.331+0000] {override.py:1912} INFO - Created Permission View: can read on DAG:read_dataset_event_from_classic
[2025-02-04T16:23:14.352+0000] {logging_mixin.py:190} INFO - [2025-02-04T16:23:14.351+0000] {override.py:1912} INFO - Created Permission View: can delete on DAG Run:read_dataset_event_from_classic
[2025-02-04T16:23:14.368+0000] {logging_mixin.py:190} INFO - [2025-02-04T16:23:14.367+0000] {override.py:1912} INFO - Created Permission View: menu access on DAG Run:read_dataset_event_from_classic
[2025-02-04T16:23:14.383+0000] {logging_mixin.py:190} INFO - [2025-02-04T16:23:14.382+0000] {override.py:1912} INFO - Created Permission View: can read on DAG Run:read_dataset_event_from_classic
[2025-02-04T16:23:14.397+0000] {logging_mixin.py:190} INFO - [2025-02-04T16:23:14.397+0000] {override.py:1912} INFO - Created Permission View: can create on DAG Run:read_dataset_event_from_classic
[2025-02-04T16:23:14.398+0000] {logging_mixin.py:190} INFO - [2025-02-04T16:23:14.398+0000] {dag.py:3239} INFO - Sync 2 DAGs
[2025-02-04T16:23:14.411+0000] {logging_mixin.py:190} INFO - [2025-02-04T16:23:14.410+0000] {dag.py:3262} INFO - Creating ORM DAG for read_dataset_event_from_classic
[2025-02-04T16:23:14.412+0000] {logging_mixin.py:190} INFO - [2025-02-04T16:23:14.412+0000] {dag.py:3262} INFO - Creating ORM DAG for read_dataset_event
[2025-02-04T16:23:14.422+0000] {logging_mixin.py:190} INFO - [2025-02-04T16:23:14.422+0000] {dag.py:4180} INFO - Setting next_dagrun for read_dataset_event to 2025-02-03 00:00:00+00:00, run_after=2025-02-04 00:00:00+00:00
[2025-02-04T16:23:14.425+0000] {logging_mixin.py:190} INFO - [2025-02-04T16:23:14.425+0000] {dag.py:4180} INFO - Setting next_dagrun for read_dataset_event_from_classic to 2025-02-03 00:00:00+00:00, run_after=2025-02-04 00:00:00+00:00
[2025-02-04T16:23:14.450+0000] {processor.py:208} INFO - Processing /home/airflow/.local/lib/python3.9/site-packages/airflow/example_dags/example_inlet_event_extra.py took 1.065 seconds
[2025-02-04T16:23:46.279+0000] {processor.py:186} INFO - Started process (PID=205) to work on /home/airflow/.local/lib/python3.9/site-packages/airflow/example_dags/example_inlet_event_extra.py
[2025-02-04T16:23:46.281+0000] {processor.py:914} INFO - Processing file /home/airflow/.local/lib/python3.9/site-packages/airflow/example_dags/example_inlet_event_extra.py for tasks to queue
[2025-02-04T16:23:46.284+0000] {logging_mixin.py:190} INFO - [2025-02-04T16:23:46.284+0000] {dagbag.py:588} INFO - Filling up the DagBag from /home/airflow/.local/lib/python3.9/site-packages/airflow/example_dags/example_inlet_event_extra.py
[2025-02-04T16:23:46.302+0000] {processor.py:925} INFO - DAG(s) 'read_dataset_event_from_classic', 'read_dataset_event' retrieved from /home/airflow/.local/lib/python3.9/site-packages/airflow/example_dags/example_inlet_event_extra.py
[2025-02-04T16:23:46.331+0000] {logging_mixin.py:190} INFO - [2025-02-04T16:23:46.331+0000] {dag.py:3239} INFO - Sync 2 DAGs
[2025-02-04T16:23:46.363+0000] {logging_mixin.py:190} INFO - [2025-02-04T16:23:46.362+0000] {dag.py:4180} INFO - Setting next_dagrun for read_dataset_event to 2025-02-03 00:00:00+00:00, run_after=2025-02-04 00:00:00+00:00
[2025-02-04T16:23:46.369+0000] {logging_mixin.py:190} INFO - [2025-02-04T16:23:46.369+0000] {dag.py:4180} INFO - Setting next_dagrun for read_dataset_event_from_classic to 2025-02-03 00:00:00+00:00, run_after=2025-02-04 00:00:00+00:00
[2025-02-04T16:23:46.395+0000] {processor.py:208} INFO - Processing /home/airflow/.local/lib/python3.9/site-packages/airflow/example_dags/example_inlet_event_extra.py took 0.122 seconds
[2025-02-04T16:24:17.232+0000] {processor.py:186} INFO - Started process (PID=267) to work on /home/airflow/.local/lib/python3.9/site-packages/airflow/example_dags/example_inlet_event_extra.py
[2025-02-04T16:24:17.235+0000] {processor.py:914} INFO - Processing file /home/airflow/.local/lib/python3.9/site-packages/airflow/example_dags/example_inlet_event_extra.py for tasks to queue
[2025-02-04T16:24:17.239+0000] {logging_mixin.py:190} INFO - [2025-02-04T16:24:17.238+0000] {dagbag.py:588} INFO - Filling up the DagBag from /home/airflow/.local/lib/python3.9/site-packages/airflow/example_dags/example_inlet_event_extra.py
[2025-02-04T16:24:17.254+0000] {processor.py:925} INFO - DAG(s) 'read_dataset_event', 'read_dataset_event_from_classic' retrieved from /home/airflow/.local/lib/python3.9/site-packages/airflow/example_dags/example_inlet_event_extra.py
[2025-02-04T16:24:17.282+0000] {logging_mixin.py:190} INFO - [2025-02-04T16:24:17.282+0000] {dag.py:3239} INFO - Sync 2 DAGs
[2025-02-04T16:24:17.312+0000] {logging_mixin.py:190} INFO - [2025-02-04T16:24:17.312+0000] {dag.py:4180} INFO - Setting next_dagrun for read_dataset_event to 2025-02-03 00:00:00+00:00, run_after=2025-02-04 00:00:00+00:00
[2025-02-04T16:24:17.319+0000] {logging_mixin.py:190} INFO - [2025-02-04T16:24:17.318+0000] {dag.py:4180} INFO - Setting next_dagrun for read_dataset_event_from_classic to 2025-02-03 00:00:00+00:00, run_after=2025-02-04 00:00:00+00:00
[2025-02-04T16:24:17.344+0000] {processor.py:208} INFO - Processing /home/airflow/.local/lib/python3.9/site-packages/airflow/example_dags/example_inlet_event_extra.py took 0.120 seconds
[2025-02-04T16:24:47.745+0000] {processor.py:186} INFO - Started process (PID=331) to work on /home/airflow/.local/lib/python3.9/site-packages/airflow/example_dags/example_inlet_event_extra.py
[2025-02-04T16:24:47.746+0000] {processor.py:914} INFO - Processing file /home/airflow/.local/lib/python3.9/site-packages/airflow/example_dags/example_inlet_event_extra.py for tasks to queue
[2025-02-04T16:24:47.750+0000] {logging_mixin.py:190} INFO - [2025-02-04T16:24:47.750+0000] {dagbag.py:588} INFO - Filling up the DagBag from /home/airflow/.local/lib/python3.9/site-packages/airflow/example_dags/example_inlet_event_extra.py
[2025-02-04T16:24:47.769+0000] {processor.py:925} INFO - DAG(s) 'read_dataset_event', 'read_dataset_event_from_classic' retrieved from /home/airflow/.local/lib/python3.9/site-packages/airflow/example_dags/example_inlet_event_extra.py
[2025-02-04T16:24:46.493+0000] {logging_mixin.py:190} INFO - [2025-02-04T16:24:46.493+0000] {dag.py:3239} INFO - Sync 2 DAGs
[2025-02-04T16:24:46.527+0000] {logging_mixin.py:190} INFO - [2025-02-04T16:24:46.527+0000] {dag.py:4180} INFO - Setting next_dagrun for read_dataset_event to 2025-02-03 00:00:00+00:00, run_after=2025-02-04 00:00:00+00:00
[2025-02-04T16:24:46.534+0000] {logging_mixin.py:190} INFO - [2025-02-04T16:24:46.533+0000] {dag.py:4180} INFO - Setting next_dagrun for read_dataset_event_from_classic to 2025-02-03 00:00:00+00:00, run_after=2025-02-04 00:00:00+00:00
[2025-02-04T16:24:46.561+0000] {processor.py:208} INFO - Processing /home/airflow/.local/lib/python3.9/site-packages/airflow/example_dags/example_inlet_event_extra.py took 0.128 seconds
[2025-02-04T16:25:17.802+0000] {processor.py:186} INFO - Started process (PID=395) to work on /home/airflow/.local/lib/python3.9/site-packages/airflow/example_dags/example_inlet_event_extra.py
[2025-02-04T16:25:18.365+0000] {processor.py:914} INFO - Processing file /home/airflow/.local/lib/python3.9/site-packages/airflow/example_dags/example_inlet_event_extra.py for tasks to queue
[2025-02-04T16:25:18.367+0000] {logging_mixin.py:190} INFO - [2025-02-04T16:25:18.367+0000] {dagbag.py:588} INFO - Filling up the DagBag from /home/airflow/.local/lib/python3.9/site-packages/airflow/example_dags/example_inlet_event_extra.py
[2025-02-04T16:25:18.384+0000] {processor.py:925} INFO - DAG(s) 'read_dataset_event', 'read_dataset_event_from_classic' retrieved from /home/airflow/.local/lib/python3.9/site-packages/airflow/example_dags/example_inlet_event_extra.py
[2025-02-04T16:25:18.411+0000] {logging_mixin.py:190} INFO - [2025-02-04T16:25:18.411+0000] {dag.py:3239} INFO - Sync 2 DAGs
[2025-02-04T16:25:18.445+0000] {logging_mixin.py:190} INFO - [2025-02-04T16:25:18.445+0000] {dag.py:4180} INFO - Setting next_dagrun for read_dataset_event to 2025-02-03 00:00:00+00:00, run_after=2025-02-04 00:00:00+00:00
[2025-02-04T16:25:18.454+0000] {logging_mixin.py:190} INFO - [2025-02-04T16:25:18.454+0000] {dag.py:4180} INFO - Setting next_dagrun for read_dataset_event_from_classic to 2025-02-03 00:00:00+00:00, run_after=2025-02-04 00:00:00+00:00
[2025-02-04T16:25:18.481+0000] {processor.py:208} INFO - Processing /home/airflow/.local/lib/python3.9/site-packages/airflow/example_dags/example_inlet_event_extra.py took 0.689 seconds
[2025-02-04T16:25:48.619+0000] {processor.py:186} INFO - Started process (PID=459) to work on /home/airflow/.local/lib/python3.9/site-packages/airflow/example_dags/example_inlet_event_extra.py
[2025-02-04T16:25:48.620+0000] {processor.py:914} INFO - Processing file /home/airflow/.local/lib/python3.9/site-packages/airflow/example_dags/example_inlet_event_extra.py for tasks to queue
[2025-02-04T16:25:48.623+0000] {logging_mixin.py:190} INFO - [2025-02-04T16:25:48.623+0000] {dagbag.py:588} INFO - Filling up the DagBag from /home/airflow/.local/lib/python3.9/site-packages/airflow/example_dags/example_inlet_event_extra.py
[2025-02-04T16:25:48.636+0000] {processor.py:925} INFO - DAG(s) 'read_dataset_event', 'read_dataset_event_from_classic' retrieved from /home/airflow/.local/lib/python3.9/site-packages/airflow/example_dags/example_inlet_event_extra.py
[2025-02-04T16:25:48.662+0000] {logging_mixin.py:190} INFO - [2025-02-04T16:25:48.662+0000] {dag.py:3239} INFO - Sync 2 DAGs
[2025-02-04T16:25:48.688+0000] {logging_mixin.py:190} INFO - [2025-02-04T16:25:48.687+0000] {dag.py:4180} INFO - Setting next_dagrun for read_dataset_event to 2025-02-03 00:00:00+00:00, run_after=2025-02-04 00:00:00+00:00
[2025-02-04T16:25:48.694+0000] {logging_mixin.py:190} INFO - [2025-02-04T16:25:48.693+0000] {dag.py:4180} INFO - Setting next_dagrun for read_dataset_event_from_classic to 2025-02-03 00:00:00+00:00, run_after=2025-02-04 00:00:00+00:00
[2025-02-04T16:25:48.720+0000] {processor.py:208} INFO - Processing /home/airflow/.local/lib/python3.9/site-packages/airflow/example_dags/example_inlet_event_extra.py took 0.108 seconds
[2025-02-04T16:26:19.119+0000] {processor.py:186} INFO - Started process (PID=523) to work on /home/airflow/.local/lib/python3.9/site-packages/airflow/example_dags/example_inlet_event_extra.py
[2025-02-04T16:26:19.120+0000] {processor.py:914} INFO - Processing file /home/airflow/.local/lib/python3.9/site-packages/airflow/example_dags/example_inlet_event_extra.py for tasks to queue
[2025-02-04T16:26:19.123+0000] {logging_mixin.py:190} INFO - [2025-02-04T16:26:19.122+0000] {dagbag.py:588} INFO - Filling up the DagBag from /home/airflow/.local/lib/python3.9/site-packages/airflow/example_dags/example_inlet_event_extra.py
[2025-02-04T16:26:19.136+0000] {processor.py:925} INFO - DAG(s) 'read_dataset_event', 'read_dataset_event_from_classic' retrieved from /home/airflow/.local/lib/python3.9/site-packages/airflow/example_dags/example_inlet_event_extra.py
[2025-02-04T16:26:19.158+0000] {logging_mixin.py:190} INFO - [2025-02-04T16:26:19.158+0000] {dag.py:3239} INFO - Sync 2 DAGs
[2025-02-04T16:26:19.183+0000] {logging_mixin.py:190} INFO - [2025-02-04T16:26:19.182+0000] {dag.py:4180} INFO - Setting next_dagrun for read_dataset_event to 2025-02-03 00:00:00+00:00, run_after=2025-02-04 00:00:00+00:00
[2025-02-04T16:26:19.188+0000] {logging_mixin.py:190} INFO - [2025-02-04T16:26:19.188+0000] {dag.py:4180} INFO - Setting next_dagrun for read_dataset_event_from_classic to 2025-02-03 00:00:00+00:00, run_after=2025-02-04 00:00:00+00:00
[2025-02-04T16:26:19.214+0000] {processor.py:208} INFO - Processing /home/airflow/.local/lib/python3.9/site-packages/airflow/example_dags/example_inlet_event_extra.py took 0.102 seconds
[2025-02-04T16:26:53.010+0000] {processor.py:186} INFO - Started process (PID=587) to work on /home/airflow/.local/lib/python3.9/site-packages/airflow/example_dags/example_inlet_event_extra.py
[2025-02-04T16:26:53.011+0000] {processor.py:914} INFO - Processing file /home/airflow/.local/lib/python3.9/site-packages/airflow/example_dags/example_inlet_event_extra.py for tasks to queue
[2025-02-04T16:26:53.015+0000] {logging_mixin.py:190} INFO - [2025-02-04T16:26:53.015+0000] {dagbag.py:588} INFO - Filling up the DagBag from /home/airflow/.local/lib/python3.9/site-packages/airflow/example_dags/example_inlet_event_extra.py
[2025-02-04T16:26:53.029+0000] {processor.py:925} INFO - DAG(s) 'read_dataset_event', 'read_dataset_event_from_classic' retrieved from /home/airflow/.local/lib/python3.9/site-packages/airflow/example_dags/example_inlet_event_extra.py
[2025-02-04T16:26:53.056+0000] {logging_mixin.py:190} INFO - [2025-02-04T16:26:53.056+0000] {dag.py:3239} INFO - Sync 2 DAGs
[2025-02-04T16:26:53.081+0000] {logging_mixin.py:190} INFO - [2025-02-04T16:26:53.081+0000] {dag.py:4180} INFO - Setting next_dagrun for read_dataset_event to 2025-02-03 00:00:00+00:00, run_after=2025-02-04 00:00:00+00:00
[2025-02-04T16:26:53.087+0000] {logging_mixin.py:190} INFO - [2025-02-04T16:26:53.087+0000] {dag.py:4180} INFO - Setting next_dagrun for read_dataset_event_from_classic to 2025-02-03 00:00:00+00:00, run_after=2025-02-04 00:00:00+00:00
[2025-02-04T16:26:53.115+0000] {processor.py:208} INFO - Processing /home/airflow/.local/lib/python3.9/site-packages/airflow/example_dags/example_inlet_event_extra.py took 0.112 seconds
[2025-02-04T16:27:24.104+0000] {processor.py:186} INFO - Started process (PID=652) to work on /home/airflow/.local/lib/python3.9/site-packages/airflow/example_dags/example_inlet_event_extra.py
[2025-02-04T16:27:24.105+0000] {processor.py:914} INFO - Processing file /home/airflow/.local/lib/python3.9/site-packages/airflow/example_dags/example_inlet_event_extra.py for tasks to queue
[2025-02-04T16:27:24.109+0000] {logging_mixin.py:190} INFO - [2025-02-04T16:27:24.109+0000] {dagbag.py:588} INFO - Filling up the DagBag from /home/airflow/.local/lib/python3.9/site-packages/airflow/example_dags/example_inlet_event_extra.py
[2025-02-04T16:27:24.266+0000] {processor.py:925} INFO - DAG(s) 'read_dataset_event', 'read_dataset_event_from_classic' retrieved from /home/airflow/.local/lib/python3.9/site-packages/airflow/example_dags/example_inlet_event_extra.py
[2025-02-04T16:27:24.293+0000] {logging_mixin.py:190} INFO - [2025-02-04T16:27:24.292+0000] {dag.py:3239} INFO - Sync 2 DAGs
[2025-02-04T16:27:24.319+0000] {logging_mixin.py:190} INFO - [2025-02-04T16:27:24.319+0000] {dag.py:4180} INFO - Setting next_dagrun for read_dataset_event to 2025-02-03 00:00:00+00:00, run_after=2025-02-04 00:00:00+00:00
[2025-02-04T16:27:24.326+0000] {logging_mixin.py:190} INFO - [2025-02-04T16:27:24.326+0000] {dag.py:4180} INFO - Setting next_dagrun for read_dataset_event_from_classic to 2025-02-03 00:00:00+00:00, run_after=2025-02-04 00:00:00+00:00
[2025-02-04T16:27:24.471+0000] {processor.py:208} INFO - Processing /home/airflow/.local/lib/python3.9/site-packages/airflow/example_dags/example_inlet_event_extra.py took 0.374 seconds
[2025-02-04T16:27:56.897+0000] {processor.py:186} INFO - Started process (PID=716) to work on /home/airflow/.local/lib/python3.9/site-packages/airflow/example_dags/example_inlet_event_extra.py
[2025-02-04T16:27:56.898+0000] {processor.py:914} INFO - Processing file /home/airflow/.local/lib/python3.9/site-packages/airflow/example_dags/example_inlet_event_extra.py for tasks to queue
[2025-02-04T16:27:56.902+0000] {logging_mixin.py:190} INFO - [2025-02-04T16:27:56.902+0000] {dagbag.py:588} INFO - Filling up the DagBag from /home/airflow/.local/lib/python3.9/site-packages/airflow/example_dags/example_inlet_event_extra.py
[2025-02-04T16:27:56.970+0000] {processor.py:925} INFO - DAG(s) 'read_dataset_event', 'read_dataset_event_from_classic' retrieved from /home/airflow/.local/lib/python3.9/site-packages/airflow/example_dags/example_inlet_event_extra.py
[2025-02-04T16:27:57.255+0000] {logging_mixin.py:190} INFO - [2025-02-04T16:27:57.255+0000] {dag.py:3239} INFO - Sync 2 DAGs
[2025-02-04T16:27:57.282+0000] {logging_mixin.py:190} INFO - [2025-02-04T16:27:57.282+0000] {dag.py:4180} INFO - Setting next_dagrun for read_dataset_event to 2025-02-03 00:00:00+00:00, run_after=2025-02-04 00:00:00+00:00
[2025-02-04T16:27:57.291+0000] {logging_mixin.py:190} INFO - [2025-02-04T16:27:57.291+0000] {dag.py:4180} INFO - Setting next_dagrun for read_dataset_event_from_classic to 2025-02-03 00:00:00+00:00, run_after=2025-02-04 00:00:00+00:00
[2025-02-04T16:27:57.317+0000] {processor.py:208} INFO - Processing /home/airflow/.local/lib/python3.9/site-packages/airflow/example_dags/example_inlet_event_extra.py took 0.428 seconds
[2025-02-04T16:28:27.581+0000] {processor.py:186} INFO - Started process (PID=787) to work on /home/airflow/.local/lib/python3.9/site-packages/airflow/example_dags/example_inlet_event_extra.py
[2025-02-04T16:28:27.583+0000] {processor.py:914} INFO - Processing file /home/airflow/.local/lib/python3.9/site-packages/airflow/example_dags/example_inlet_event_extra.py for tasks to queue
[2025-02-04T16:28:27.586+0000] {logging_mixin.py:190} INFO - [2025-02-04T16:28:27.586+0000] {dagbag.py:588} INFO - Filling up the DagBag from /home/airflow/.local/lib/python3.9/site-packages/airflow/example_dags/example_inlet_event_extra.py
[2025-02-04T16:28:27.598+0000] {processor.py:925} INFO - DAG(s) 'read_dataset_event_from_classic', 'read_dataset_event' retrieved from /home/airflow/.local/lib/python3.9/site-packages/airflow/example_dags/example_inlet_event_extra.py
[2025-02-04T16:28:27.622+0000] {logging_mixin.py:190} INFO - [2025-02-04T16:28:27.622+0000] {dag.py:3239} INFO - Sync 2 DAGs
[2025-02-04T16:28:27.744+0000] {logging_mixin.py:190} INFO - [2025-02-04T16:28:27.743+0000] {dag.py:4180} INFO - Setting next_dagrun for read_dataset_event to 2025-02-03 00:00:00+00:00, run_after=2025-02-04 00:00:00+00:00
[2025-02-04T16:28:27.776+0000] {logging_mixin.py:190} INFO - [2025-02-04T16:28:27.776+0000] {dag.py:4180} INFO - Setting next_dagrun for read_dataset_event_from_classic to 2025-02-03 00:00:00+00:00, run_after=2025-02-04 00:00:00+00:00
[2025-02-04T16:28:27.802+0000] {processor.py:208} INFO - Processing /home/airflow/.local/lib/python3.9/site-packages/airflow/example_dags/example_inlet_event_extra.py took 0.227 seconds
[2025-02-04T16:28:58.859+0000] {processor.py:186} INFO - Started process (PID=851) to work on /home/airflow/.local/lib/python3.9/site-packages/airflow/example_dags/example_inlet_event_extra.py
[2025-02-04T16:28:58.860+0000] {processor.py:914} INFO - Processing file /home/airflow/.local/lib/python3.9/site-packages/airflow/example_dags/example_inlet_event_extra.py for tasks to queue
[2025-02-04T16:28:59.060+0000] {logging_mixin.py:190} INFO - [2025-02-04T16:28:59.060+0000] {dagbag.py:588} INFO - Filling up the DagBag from /home/airflow/.local/lib/python3.9/site-packages/airflow/example_dags/example_inlet_event_extra.py
[2025-02-04T16:28:59.073+0000] {processor.py:925} INFO - DAG(s) 'read_dataset_event', 'read_dataset_event_from_classic' retrieved from /home/airflow/.local/lib/python3.9/site-packages/airflow/example_dags/example_inlet_event_extra.py
[2025-02-04T16:28:59.100+0000] {logging_mixin.py:190} INFO - [2025-02-04T16:28:59.100+0000] {dag.py:3239} INFO - Sync 2 DAGs
[2025-02-04T16:28:59.351+0000] {logging_mixin.py:190} INFO - [2025-02-04T16:28:59.351+0000] {dag.py:4180} INFO - Setting next_dagrun for read_dataset_event to 2025-02-03 00:00:00+00:00, run_after=2025-02-04 00:00:00+00:00
[2025-02-04T16:28:59.686+0000] {logging_mixin.py:190} INFO - [2025-02-04T16:28:59.686+0000] {dag.py:4180} INFO - Setting next_dagrun for read_dataset_event_from_classic to 2025-02-03 00:00:00+00:00, run_after=2025-02-04 00:00:00+00:00
[2025-02-04T16:28:59.755+0000] {processor.py:208} INFO - Processing /home/airflow/.local/lib/python3.9/site-packages/airflow/example_dags/example_inlet_event_extra.py took 0.904 seconds
[2025-02-04T16:29:29.858+0000] {processor.py:186} INFO - Started process (PID=917) to work on /home/airflow/.local/lib/python3.9/site-packages/airflow/example_dags/example_inlet_event_extra.py
[2025-02-04T16:29:29.860+0000] {processor.py:914} INFO - Processing file /home/airflow/.local/lib/python3.9/site-packages/airflow/example_dags/example_inlet_event_extra.py for tasks to queue
[2025-02-04T16:29:29.864+0000] {logging_mixin.py:190} INFO - [2025-02-04T16:29:29.864+0000] {dagbag.py:588} INFO - Filling up the DagBag from /home/airflow/.local/lib/python3.9/site-packages/airflow/example_dags/example_inlet_event_extra.py
[2025-02-04T16:29:29.883+0000] {processor.py:925} INFO - DAG(s) 'read_dataset_event', 'read_dataset_event_from_classic' retrieved from /home/airflow/.local/lib/python3.9/site-packages/airflow/example_dags/example_inlet_event_extra.py
[2025-02-04T16:29:29.912+0000] {logging_mixin.py:190} INFO - [2025-02-04T16:29:29.911+0000] {dag.py:3239} INFO - Sync 2 DAGs
[2025-02-04T16:29:29.941+0000] {logging_mixin.py:190} INFO - [2025-02-04T16:29:29.941+0000] {dag.py:4180} INFO - Setting next_dagrun for read_dataset_event to 2025-02-03 00:00:00+00:00, run_after=2025-02-04 00:00:00+00:00
[2025-02-04T16:29:29.951+0000] {logging_mixin.py:190} INFO - [2025-02-04T16:29:29.951+0000] {dag.py:4180} INFO - Setting next_dagrun for read_dataset_event_from_classic to 2025-02-03 00:00:00+00:00, run_after=2025-02-04 00:00:00+00:00
[2025-02-04T16:29:29.981+0000] {processor.py:208} INFO - Processing /home/airflow/.local/lib/python3.9/site-packages/airflow/example_dags/example_inlet_event_extra.py took 0.132 seconds
[2025-02-04T16:30:00.108+0000] {processor.py:186} INFO - Started process (PID=981) to work on /home/airflow/.local/lib/python3.9/site-packages/airflow/example_dags/example_inlet_event_extra.py
[2025-02-04T16:30:00.110+0000] {processor.py:914} INFO - Processing file /home/airflow/.local/lib/python3.9/site-packages/airflow/example_dags/example_inlet_event_extra.py for tasks to queue
[2025-02-04T16:30:00.113+0000] {logging_mixin.py:190} INFO - [2025-02-04T16:30:00.112+0000] {dagbag.py:588} INFO - Filling up the DagBag from /home/airflow/.local/lib/python3.9/site-packages/airflow/example_dags/example_inlet_event_extra.py
[2025-02-04T16:30:00.127+0000] {processor.py:925} INFO - DAG(s) 'read_dataset_event_from_classic', 'read_dataset_event' retrieved from /home/airflow/.local/lib/python3.9/site-packages/airflow/example_dags/example_inlet_event_extra.py
[2025-02-04T16:30:00.157+0000] {logging_mixin.py:190} INFO - [2025-02-04T16:30:00.156+0000] {dag.py:3239} INFO - Sync 2 DAGs
[2025-02-04T16:30:00.356+0000] {logging_mixin.py:190} INFO - [2025-02-04T16:30:00.356+0000] {dag.py:4180} INFO - Setting next_dagrun for read_dataset_event to 2025-02-03 00:00:00+00:00, run_after=2025-02-04 00:00:00+00:00
[2025-02-04T16:30:00.363+0000] {logging_mixin.py:190} INFO - [2025-02-04T16:30:00.363+0000] {dag.py:4180} INFO - Setting next_dagrun for read_dataset_event_from_classic to 2025-02-03 00:00:00+00:00, run_after=2025-02-04 00:00:00+00:00
[2025-02-04T16:30:00.393+0000] {processor.py:208} INFO - Processing /home/airflow/.local/lib/python3.9/site-packages/airflow/example_dags/example_inlet_event_extra.py took 0.294 seconds
[2025-02-04T16:30:31.335+0000] {processor.py:186} INFO - Started process (PID=1046) to work on /home/airflow/.local/lib/python3.9/site-packages/airflow/example_dags/example_inlet_event_extra.py
[2025-02-04T16:30:31.336+0000] {processor.py:914} INFO - Processing file /home/airflow/.local/lib/python3.9/site-packages/airflow/example_dags/example_inlet_event_extra.py for tasks to queue
[2025-02-04T16:30:31.340+0000] {logging_mixin.py:190} INFO - [2025-02-04T16:30:31.339+0000] {dagbag.py:588} INFO - Filling up the DagBag from /home/airflow/.local/lib/python3.9/site-packages/airflow/example_dags/example_inlet_event_extra.py
[2025-02-04T16:30:31.356+0000] {processor.py:925} INFO - DAG(s) 'read_dataset_event', 'read_dataset_event_from_classic' retrieved from /home/airflow/.local/lib/python3.9/site-packages/airflow/example_dags/example_inlet_event_extra.py
[2025-02-04T16:30:31.384+0000] {logging_mixin.py:190} INFO - [2025-02-04T16:30:31.384+0000] {dag.py:3239} INFO - Sync 2 DAGs
[2025-02-04T16:30:31.410+0000] {logging_mixin.py:190} INFO - [2025-02-04T16:30:31.410+0000] {dag.py:4180} INFO - Setting next_dagrun for read_dataset_event to 2025-02-03 00:00:00+00:00, run_after=2025-02-04 00:00:00+00:00
[2025-02-04T16:30:31.416+0000] {logging_mixin.py:190} INFO - [2025-02-04T16:30:31.416+0000] {dag.py:4180} INFO - Setting next_dagrun for read_dataset_event_from_classic to 2025-02-03 00:00:00+00:00, run_after=2025-02-04 00:00:00+00:00
[2025-02-04T16:30:31.444+0000] {processor.py:208} INFO - Processing /home/airflow/.local/lib/python3.9/site-packages/airflow/example_dags/example_inlet_event_extra.py took 0.117 seconds
[2025-02-04T16:31:01.904+0000] {processor.py:186} INFO - Started process (PID=1110) to work on /home/airflow/.local/lib/python3.9/site-packages/airflow/example_dags/example_inlet_event_extra.py
[2025-02-04T16:31:01.906+0000] {processor.py:914} INFO - Processing file /home/airflow/.local/lib/python3.9/site-packages/airflow/example_dags/example_inlet_event_extra.py for tasks to queue
[2025-02-04T16:31:01.909+0000] {logging_mixin.py:190} INFO - [2025-02-04T16:31:01.908+0000] {dagbag.py:588} INFO - Filling up the DagBag from /home/airflow/.local/lib/python3.9/site-packages/airflow/example_dags/example_inlet_event_extra.py
[2025-02-04T16:31:01.922+0000] {processor.py:925} INFO - DAG(s) 'read_dataset_event', 'read_dataset_event_from_classic' retrieved from /home/airflow/.local/lib/python3.9/site-packages/airflow/example_dags/example_inlet_event_extra.py
[2025-02-04T16:31:01.950+0000] {logging_mixin.py:190} INFO - [2025-02-04T16:31:01.950+0000] {dag.py:3239} INFO - Sync 2 DAGs
[2025-02-04T16:31:01.978+0000] {logging_mixin.py:190} INFO - [2025-02-04T16:31:01.978+0000] {dag.py:4180} INFO - Setting next_dagrun for read_dataset_event to 2025-02-03 00:00:00+00:00, run_after=2025-02-04 00:00:00+00:00
[2025-02-04T16:31:01.984+0000] {logging_mixin.py:190} INFO - [2025-02-04T16:31:01.984+0000] {dag.py:4180} INFO - Setting next_dagrun for read_dataset_event_from_classic to 2025-02-03 00:00:00+00:00, run_after=2025-02-04 00:00:00+00:00
[2025-02-04T16:31:02.012+0000] {processor.py:208} INFO - Processing /home/airflow/.local/lib/python3.9/site-packages/airflow/example_dags/example_inlet_event_extra.py took 0.116 seconds
[2025-02-04T16:31:32.689+0000] {processor.py:186} INFO - Started process (PID=1174) to work on /home/airflow/.local/lib/python3.9/site-packages/airflow/example_dags/example_inlet_event_extra.py
[2025-02-04T16:31:32.690+0000] {processor.py:914} INFO - Processing file /home/airflow/.local/lib/python3.9/site-packages/airflow/example_dags/example_inlet_event_extra.py for tasks to queue
[2025-02-04T16:31:32.693+0000] {logging_mixin.py:190} INFO - [2025-02-04T16:31:32.693+0000] {dagbag.py:588} INFO - Filling up the DagBag from /home/airflow/.local/lib/python3.9/site-packages/airflow/example_dags/example_inlet_event_extra.py
[2025-02-04T16:31:32.709+0000] {processor.py:925} INFO - DAG(s) 'read_dataset_event_from_classic', 'read_dataset_event' retrieved from /home/airflow/.local/lib/python3.9/site-packages/airflow/example_dags/example_inlet_event_extra.py
[2025-02-04T16:31:32.739+0000] {logging_mixin.py:190} INFO - [2025-02-04T16:31:32.739+0000] {dag.py:3239} INFO - Sync 2 DAGs
[2025-02-04T16:31:32.765+0000] {logging_mixin.py:190} INFO - [2025-02-04T16:31:32.765+0000] {dag.py:4180} INFO - Setting next_dagrun for read_dataset_event to 2025-02-03 00:00:00+00:00, run_after=2025-02-04 00:00:00+00:00
[2025-02-04T16:31:32.773+0000] {logging_mixin.py:190} INFO - [2025-02-04T16:31:32.772+0000] {dag.py:4180} INFO - Setting next_dagrun for read_dataset_event_from_classic to 2025-02-03 00:00:00+00:00, run_after=2025-02-04 00:00:00+00:00
[2025-02-04T16:31:32.797+0000] {processor.py:208} INFO - Processing /home/airflow/.local/lib/python3.9/site-packages/airflow/example_dags/example_inlet_event_extra.py took 0.115 seconds
[2025-02-04T16:32:05.460+0000] {processor.py:186} INFO - Started process (PID=1238) to work on /home/airflow/.local/lib/python3.9/site-packages/airflow/example_dags/example_inlet_event_extra.py
[2025-02-04T16:32:05.461+0000] {processor.py:914} INFO - Processing file /home/airflow/.local/lib/python3.9/site-packages/airflow/example_dags/example_inlet_event_extra.py for tasks to queue
[2025-02-04T16:32:05.464+0000] {logging_mixin.py:190} INFO - [2025-02-04T16:32:05.464+0000] {dagbag.py:588} INFO - Filling up the DagBag from /home/airflow/.local/lib/python3.9/site-packages/airflow/example_dags/example_inlet_event_extra.py
[2025-02-04T16:32:05.478+0000] {processor.py:925} INFO - DAG(s) 'read_dataset_event_from_classic', 'read_dataset_event' retrieved from /home/airflow/.local/lib/python3.9/site-packages/airflow/example_dags/example_inlet_event_extra.py
[2025-02-04T16:32:05.507+0000] {logging_mixin.py:190} INFO - [2025-02-04T16:32:05.506+0000] {dag.py:3239} INFO - Sync 2 DAGs
[2025-02-04T16:32:05.535+0000] {logging_mixin.py:190} INFO - [2025-02-04T16:32:05.535+0000] {dag.py:4180} INFO - Setting next_dagrun for read_dataset_event to 2025-02-03 00:00:00+00:00, run_after=2025-02-04 00:00:00+00:00
[2025-02-04T16:32:05.542+0000] {logging_mixin.py:190} INFO - [2025-02-04T16:32:05.541+0000] {dag.py:4180} INFO - Setting next_dagrun for read_dataset_event_from_classic to 2025-02-03 00:00:00+00:00, run_after=2025-02-04 00:00:00+00:00
[2025-02-04T16:32:05.567+0000] {processor.py:208} INFO - Processing /home/airflow/.local/lib/python3.9/site-packages/airflow/example_dags/example_inlet_event_extra.py took 0.115 seconds
[2025-02-04T16:32:36.352+0000] {processor.py:186} INFO - Started process (PID=1303) to work on /home/airflow/.local/lib/python3.9/site-packages/airflow/example_dags/example_inlet_event_extra.py
[2025-02-04T16:32:36.354+0000] {processor.py:914} INFO - Processing file /home/airflow/.local/lib/python3.9/site-packages/airflow/example_dags/example_inlet_event_extra.py for tasks to queue
[2025-02-04T16:32:36.357+0000] {logging_mixin.py:190} INFO - [2025-02-04T16:32:36.356+0000] {dagbag.py:588} INFO - Filling up the DagBag from /home/airflow/.local/lib/python3.9/site-packages/airflow/example_dags/example_inlet_event_extra.py
[2025-02-04T16:32:36.376+0000] {processor.py:925} INFO - DAG(s) 'read_dataset_event', 'read_dataset_event_from_classic' retrieved from /home/airflow/.local/lib/python3.9/site-packages/airflow/example_dags/example_inlet_event_extra.py
[2025-02-04T16:32:36.410+0000] {logging_mixin.py:190} INFO - [2025-02-04T16:32:36.410+0000] {dag.py:3239} INFO - Sync 2 DAGs
[2025-02-04T16:32:36.449+0000] {logging_mixin.py:190} INFO - [2025-02-04T16:32:36.448+0000] {dag.py:4180} INFO - Setting next_dagrun for read_dataset_event to 2025-02-03 00:00:00+00:00, run_after=2025-02-04 00:00:00+00:00
[2025-02-04T16:32:36.462+0000] {logging_mixin.py:190} INFO - [2025-02-04T16:32:36.462+0000] {dag.py:4180} INFO - Setting next_dagrun for read_dataset_event_from_classic to 2025-02-03 00:00:00+00:00, run_after=2025-02-04 00:00:00+00:00
[2025-02-04T16:32:36.502+0000] {processor.py:208} INFO - Processing /home/airflow/.local/lib/python3.9/site-packages/airflow/example_dags/example_inlet_event_extra.py took 0.160 seconds
[2025-02-04T16:33:06.609+0000] {processor.py:186} INFO - Started process (PID=1367) to work on /home/airflow/.local/lib/python3.9/site-packages/airflow/example_dags/example_inlet_event_extra.py
[2025-02-04T16:33:06.610+0000] {processor.py:914} INFO - Processing file /home/airflow/.local/lib/python3.9/site-packages/airflow/example_dags/example_inlet_event_extra.py for tasks to queue
[2025-02-04T16:33:06.613+0000] {logging_mixin.py:190} INFO - [2025-02-04T16:33:06.613+0000] {dagbag.py:588} INFO - Filling up the DagBag from /home/airflow/.local/lib/python3.9/site-packages/airflow/example_dags/example_inlet_event_extra.py
[2025-02-04T16:33:06.628+0000] {processor.py:925} INFO - DAG(s) 'read_dataset_event_from_classic', 'read_dataset_event' retrieved from /home/airflow/.local/lib/python3.9/site-packages/airflow/example_dags/example_inlet_event_extra.py
[2025-02-04T16:33:06.665+0000] {logging_mixin.py:190} INFO - [2025-02-04T16:33:06.665+0000] {dag.py:3239} INFO - Sync 2 DAGs
[2025-02-04T16:33:06.700+0000] {logging_mixin.py:190} INFO - [2025-02-04T16:33:06.700+0000] {dag.py:4180} INFO - Setting next_dagrun for read_dataset_event to 2025-02-03 00:00:00+00:00, run_after=2025-02-04 00:00:00+00:00
[2025-02-04T16:33:06.706+0000] {logging_mixin.py:190} INFO - [2025-02-04T16:33:06.706+0000] {dag.py:4180} INFO - Setting next_dagrun for read_dataset_event_from_classic to 2025-02-03 00:00:00+00:00, run_after=2025-02-04 00:00:00+00:00
[2025-02-04T16:33:06.730+0000] {processor.py:208} INFO - Processing /home/airflow/.local/lib/python3.9/site-packages/airflow/example_dags/example_inlet_event_extra.py took 0.128 seconds
[2025-02-04T16:33:37.165+0000] {processor.py:186} INFO - Started process (PID=1439) to work on /home/airflow/.local/lib/python3.9/site-packages/airflow/example_dags/example_inlet_event_extra.py
[2025-02-04T16:33:37.166+0000] {processor.py:914} INFO - Processing file /home/airflow/.local/lib/python3.9/site-packages/airflow/example_dags/example_inlet_event_extra.py for tasks to queue
[2025-02-04T16:33:37.170+0000] {logging_mixin.py:190} INFO - [2025-02-04T16:33:37.169+0000] {dagbag.py:588} INFO - Filling up the DagBag from /home/airflow/.local/lib/python3.9/site-packages/airflow/example_dags/example_inlet_event_extra.py
[2025-02-04T16:33:37.183+0000] {processor.py:925} INFO - DAG(s) 'read_dataset_event', 'read_dataset_event_from_classic' retrieved from /home/airflow/.local/lib/python3.9/site-packages/airflow/example_dags/example_inlet_event_extra.py
[2025-02-04T16:33:37.210+0000] {logging_mixin.py:190} INFO - [2025-02-04T16:33:37.210+0000] {dag.py:3239} INFO - Sync 2 DAGs
[2025-02-04T16:33:37.237+0000] {logging_mixin.py:190} INFO - [2025-02-04T16:33:37.237+0000] {dag.py:4180} INFO - Setting next_dagrun for read_dataset_event to 2025-02-03 00:00:00+00:00, run_after=2025-02-04 00:00:00+00:00
[2025-02-04T16:33:37.244+0000] {logging_mixin.py:190} INFO - [2025-02-04T16:33:37.244+0000] {dag.py:4180} INFO - Setting next_dagrun for read_dataset_event_from_classic to 2025-02-03 00:00:00+00:00, run_after=2025-02-04 00:00:00+00:00
[2025-02-04T16:33:37.271+0000] {processor.py:208} INFO - Processing /home/airflow/.local/lib/python3.9/site-packages/airflow/example_dags/example_inlet_event_extra.py took 0.113 seconds
[2025-02-04T16:34:08.153+0000] {processor.py:186} INFO - Started process (PID=1505) to work on /home/airflow/.local/lib/python3.9/site-packages/airflow/example_dags/example_inlet_event_extra.py
[2025-02-04T16:34:08.154+0000] {processor.py:914} INFO - Processing file /home/airflow/.local/lib/python3.9/site-packages/airflow/example_dags/example_inlet_event_extra.py for tasks to queue
[2025-02-04T16:34:08.157+0000] {logging_mixin.py:190} INFO - [2025-02-04T16:34:08.157+0000] {dagbag.py:588} INFO - Filling up the DagBag from /home/airflow/.local/lib/python3.9/site-packages/airflow/example_dags/example_inlet_event_extra.py
[2025-02-04T16:34:08.171+0000] {processor.py:925} INFO - DAG(s) 'read_dataset_event', 'read_dataset_event_from_classic' retrieved from /home/airflow/.local/lib/python3.9/site-packages/airflow/example_dags/example_inlet_event_extra.py
[2025-02-04T16:34:08.195+0000] {logging_mixin.py:190} INFO - [2025-02-04T16:34:08.195+0000] {dag.py:3239} INFO - Sync 2 DAGs
[2025-02-04T16:34:08.221+0000] {logging_mixin.py:190} INFO - [2025-02-04T16:34:08.221+0000] {dag.py:4180} INFO - Setting next_dagrun for read_dataset_event to 2025-02-03 00:00:00+00:00, run_after=2025-02-04 00:00:00+00:00
[2025-02-04T16:34:08.227+0000] {logging_mixin.py:190} INFO - [2025-02-04T16:34:08.227+0000] {dag.py:4180} INFO - Setting next_dagrun for read_dataset_event_from_classic to 2025-02-03 00:00:00+00:00, run_after=2025-02-04 00:00:00+00:00
[2025-02-04T16:34:08.349+0000] {processor.py:208} INFO - Processing /home/airflow/.local/lib/python3.9/site-packages/airflow/example_dags/example_inlet_event_extra.py took 0.203 seconds
[2025-02-04T16:34:41.803+0000] {processor.py:186} INFO - Started process (PID=1573) to work on /home/airflow/.local/lib/python3.9/site-packages/airflow/example_dags/example_inlet_event_extra.py
[2025-02-04T16:34:41.804+0000] {processor.py:914} INFO - Processing file /home/airflow/.local/lib/python3.9/site-packages/airflow/example_dags/example_inlet_event_extra.py for tasks to queue
[2025-02-04T16:34:41.807+0000] {logging_mixin.py:190} INFO - [2025-02-04T16:34:41.807+0000] {dagbag.py:588} INFO - Filling up the DagBag from /home/airflow/.local/lib/python3.9/site-packages/airflow/example_dags/example_inlet_event_extra.py
[2025-02-04T16:34:41.821+0000] {processor.py:925} INFO - DAG(s) 'read_dataset_event_from_classic', 'read_dataset_event' retrieved from /home/airflow/.local/lib/python3.9/site-packages/airflow/example_dags/example_inlet_event_extra.py
[2025-02-04T16:34:41.901+0000] {logging_mixin.py:190} INFO - [2025-02-04T16:34:41.901+0000] {dag.py:3239} INFO - Sync 2 DAGs
[2025-02-04T16:34:41.940+0000] {logging_mixin.py:190} INFO - [2025-02-04T16:34:41.940+0000] {dag.py:4180} INFO - Setting next_dagrun for read_dataset_event to 2025-02-03 00:00:00+00:00, run_after=2025-02-04 00:00:00+00:00
[2025-02-04T16:34:41.947+0000] {logging_mixin.py:190} INFO - [2025-02-04T16:34:41.947+0000] {dag.py:4180} INFO - Setting next_dagrun for read_dataset_event_from_classic to 2025-02-03 00:00:00+00:00, run_after=2025-02-04 00:00:00+00:00
[2025-02-04T16:34:41.989+0000] {processor.py:208} INFO - Processing /home/airflow/.local/lib/python3.9/site-packages/airflow/example_dags/example_inlet_event_extra.py took 0.194 seconds
[2025-02-04T16:35:12.372+0000] {processor.py:186} INFO - Started process (PID=1637) to work on /home/airflow/.local/lib/python3.9/site-packages/airflow/example_dags/example_inlet_event_extra.py
[2025-02-04T16:35:12.374+0000] {processor.py:914} INFO - Processing file /home/airflow/.local/lib/python3.9/site-packages/airflow/example_dags/example_inlet_event_extra.py for tasks to queue
[2025-02-04T16:35:12.377+0000] {logging_mixin.py:190} INFO - [2025-02-04T16:35:12.377+0000] {dagbag.py:588} INFO - Filling up the DagBag from /home/airflow/.local/lib/python3.9/site-packages/airflow/example_dags/example_inlet_event_extra.py
[2025-02-04T16:35:12.394+0000] {processor.py:925} INFO - DAG(s) 'read_dataset_event_from_classic', 'read_dataset_event' retrieved from /home/airflow/.local/lib/python3.9/site-packages/airflow/example_dags/example_inlet_event_extra.py
[2025-02-04T16:35:12.416+0000] {logging_mixin.py:190} INFO - [2025-02-04T16:35:12.416+0000] {dag.py:3239} INFO - Sync 2 DAGs
[2025-02-04T16:35:12.441+0000] {logging_mixin.py:190} INFO - [2025-02-04T16:35:12.441+0000] {dag.py:4180} INFO - Setting next_dagrun for read_dataset_event to 2025-02-03 00:00:00+00:00, run_after=2025-02-04 00:00:00+00:00
[2025-02-04T16:35:12.447+0000] {logging_mixin.py:190} INFO - [2025-02-04T16:35:12.447+0000] {dag.py:4180} INFO - Setting next_dagrun for read_dataset_event_from_classic to 2025-02-03 00:00:00+00:00, run_after=2025-02-04 00:00:00+00:00
[2025-02-04T16:35:12.470+0000] {processor.py:208} INFO - Processing /home/airflow/.local/lib/python3.9/site-packages/airflow/example_dags/example_inlet_event_extra.py took 0.105 seconds
[2025-02-04T16:35:43.907+0000] {processor.py:186} INFO - Started process (PID=1701) to work on /home/airflow/.local/lib/python3.9/site-packages/airflow/example_dags/example_inlet_event_extra.py
[2025-02-04T16:35:43.909+0000] {processor.py:914} INFO - Processing file /home/airflow/.local/lib/python3.9/site-packages/airflow/example_dags/example_inlet_event_extra.py for tasks to queue
[2025-02-04T16:35:43.922+0000] {logging_mixin.py:190} INFO - [2025-02-04T16:35:43.921+0000] {dagbag.py:588} INFO - Filling up the DagBag from /home/airflow/.local/lib/python3.9/site-packages/airflow/example_dags/example_inlet_event_extra.py
[2025-02-04T16:35:43.975+0000] {processor.py:925} INFO - DAG(s) 'read_dataset_event', 'read_dataset_event_from_classic' retrieved from /home/airflow/.local/lib/python3.9/site-packages/airflow/example_dags/example_inlet_event_extra.py
[2025-02-04T16:35:44.031+0000] {logging_mixin.py:190} INFO - [2025-02-04T16:35:44.030+0000] {dag.py:3239} INFO - Sync 2 DAGs
[2025-02-04T16:35:44.087+0000] {logging_mixin.py:190} INFO - [2025-02-04T16:35:44.086+0000] {dag.py:4180} INFO - Setting next_dagrun for read_dataset_event to 2025-02-03 00:00:00+00:00, run_after=2025-02-04 00:00:00+00:00
[2025-02-04T16:35:44.104+0000] {logging_mixin.py:190} INFO - [2025-02-04T16:35:44.103+0000] {dag.py:4180} INFO - Setting next_dagrun for read_dataset_event_from_classic to 2025-02-03 00:00:00+00:00, run_after=2025-02-04 00:00:00+00:00
[2025-02-04T16:35:44.139+0000] {processor.py:208} INFO - Processing /home/airflow/.local/lib/python3.9/site-packages/airflow/example_dags/example_inlet_event_extra.py took 0.248 seconds
[2025-02-04T16:36:14.554+0000] {processor.py:186} INFO - Started process (PID=1766) to work on /home/airflow/.local/lib/python3.9/site-packages/airflow/example_dags/example_inlet_event_extra.py
[2025-02-04T16:36:14.556+0000] {processor.py:914} INFO - Processing file /home/airflow/.local/lib/python3.9/site-packages/airflow/example_dags/example_inlet_event_extra.py for tasks to queue
[2025-02-04T16:36:14.559+0000] {logging_mixin.py:190} INFO - [2025-02-04T16:36:14.558+0000] {dagbag.py:588} INFO - Filling up the DagBag from /home/airflow/.local/lib/python3.9/site-packages/airflow/example_dags/example_inlet_event_extra.py
[2025-02-04T16:36:14.571+0000] {processor.py:925} INFO - DAG(s) 'read_dataset_event', 'read_dataset_event_from_classic' retrieved from /home/airflow/.local/lib/python3.9/site-packages/airflow/example_dags/example_inlet_event_extra.py
[2025-02-04T16:36:14.598+0000] {logging_mixin.py:190} INFO - [2025-02-04T16:36:14.597+0000] {dag.py:3239} INFO - Sync 2 DAGs
[2025-02-04T16:36:14.626+0000] {logging_mixin.py:190} INFO - [2025-02-04T16:36:14.626+0000] {dag.py:4180} INFO - Setting next_dagrun for read_dataset_event to 2025-02-03 00:00:00+00:00, run_after=2025-02-04 00:00:00+00:00
[2025-02-04T16:36:14.632+0000] {logging_mixin.py:190} INFO - [2025-02-04T16:36:14.632+0000] {dag.py:4180} INFO - Setting next_dagrun for read_dataset_event_from_classic to 2025-02-03 00:00:00+00:00, run_after=2025-02-04 00:00:00+00:00
[2025-02-04T16:36:14.656+0000] {processor.py:208} INFO - Processing /home/airflow/.local/lib/python3.9/site-packages/airflow/example_dags/example_inlet_event_extra.py took 0.109 seconds
[2025-02-04T16:36:45.382+0000] {processor.py:186} INFO - Started process (PID=1830) to work on /home/airflow/.local/lib/python3.9/site-packages/airflow/example_dags/example_inlet_event_extra.py
[2025-02-04T16:36:45.383+0000] {processor.py:914} INFO - Processing file /home/airflow/.local/lib/python3.9/site-packages/airflow/example_dags/example_inlet_event_extra.py for tasks to queue
[2025-02-04T16:36:45.386+0000] {logging_mixin.py:190} INFO - [2025-02-04T16:36:45.386+0000] {dagbag.py:588} INFO - Filling up the DagBag from /home/airflow/.local/lib/python3.9/site-packages/airflow/example_dags/example_inlet_event_extra.py
[2025-02-04T16:36:45.400+0000] {processor.py:925} INFO - DAG(s) 'read_dataset_event_from_classic', 'read_dataset_event' retrieved from /home/airflow/.local/lib/python3.9/site-packages/airflow/example_dags/example_inlet_event_extra.py
[2025-02-04T16:36:45.424+0000] {logging_mixin.py:190} INFO - [2025-02-04T16:36:45.423+0000] {dag.py:3239} INFO - Sync 2 DAGs
[2025-02-04T16:36:45.450+0000] {logging_mixin.py:190} INFO - [2025-02-04T16:36:45.450+0000] {dag.py:4180} INFO - Setting next_dagrun for read_dataset_event to 2025-02-03 00:00:00+00:00, run_after=2025-02-04 00:00:00+00:00
[2025-02-04T16:36:45.456+0000] {logging_mixin.py:190} INFO - [2025-02-04T16:36:45.456+0000] {dag.py:4180} INFO - Setting next_dagrun for read_dataset_event_from_classic to 2025-02-03 00:00:00+00:00, run_after=2025-02-04 00:00:00+00:00
[2025-02-04T16:36:45.481+0000] {processor.py:208} INFO - Processing /home/airflow/.local/lib/python3.9/site-packages/airflow/example_dags/example_inlet_event_extra.py took 0.106 seconds
[2025-02-04T16:39:27.693+0000] {processor.py:186} INFO - Started process (PID=1930) to work on /home/airflow/.local/lib/python3.9/site-packages/airflow/example_dags/example_inlet_event_extra.py
[2025-02-04T16:39:27.694+0000] {processor.py:914} INFO - Processing file /home/airflow/.local/lib/python3.9/site-packages/airflow/example_dags/example_inlet_event_extra.py for tasks to queue
[2025-02-04T16:39:27.696+0000] {logging_mixin.py:190} INFO - [2025-02-04T16:39:27.695+0000] {dagbag.py:588} INFO - Filling up the DagBag from /home/airflow/.local/lib/python3.9/site-packages/airflow/example_dags/example_inlet_event_extra.py
[2025-02-04T16:39:27.710+0000] {processor.py:925} INFO - DAG(s) 'read_dataset_event', 'read_dataset_event_from_classic' retrieved from /home/airflow/.local/lib/python3.9/site-packages/airflow/example_dags/example_inlet_event_extra.py
[2025-02-04T16:39:27.733+0000] {logging_mixin.py:190} INFO - [2025-02-04T16:39:27.733+0000] {dag.py:3239} INFO - Sync 2 DAGs
[2025-02-04T16:39:27.760+0000] {logging_mixin.py:190} INFO - [2025-02-04T16:39:27.760+0000] {dag.py:4180} INFO - Setting next_dagrun for read_dataset_event to 2025-02-03 00:00:00+00:00, run_after=2025-02-04 00:00:00+00:00
[2025-02-04T16:39:27.766+0000] {logging_mixin.py:190} INFO - [2025-02-04T16:39:27.766+0000] {dag.py:4180} INFO - Setting next_dagrun for read_dataset_event_from_classic to 2025-02-03 00:00:00+00:00, run_after=2025-02-04 00:00:00+00:00
[2025-02-04T16:39:27.796+0000] {processor.py:208} INFO - Processing /home/airflow/.local/lib/python3.9/site-packages/airflow/example_dags/example_inlet_event_extra.py took 0.110 seconds
[2025-02-04T16:39:58.061+0000] {processor.py:186} INFO - Started process (PID=1994) to work on /home/airflow/.local/lib/python3.9/site-packages/airflow/example_dags/example_inlet_event_extra.py
[2025-02-04T16:39:58.062+0000] {processor.py:914} INFO - Processing file /home/airflow/.local/lib/python3.9/site-packages/airflow/example_dags/example_inlet_event_extra.py for tasks to queue
[2025-02-04T16:39:58.063+0000] {logging_mixin.py:190} INFO - [2025-02-04T16:39:58.063+0000] {dagbag.py:588} INFO - Filling up the DagBag from /home/airflow/.local/lib/python3.9/site-packages/airflow/example_dags/example_inlet_event_extra.py
[2025-02-04T16:39:58.076+0000] {processor.py:925} INFO - DAG(s) 'read_dataset_event', 'read_dataset_event_from_classic' retrieved from /home/airflow/.local/lib/python3.9/site-packages/airflow/example_dags/example_inlet_event_extra.py
[2025-02-04T16:39:58.096+0000] {logging_mixin.py:190} INFO - [2025-02-04T16:39:58.096+0000] {dag.py:3239} INFO - Sync 2 DAGs
[2025-02-04T16:39:58.119+0000] {logging_mixin.py:190} INFO - [2025-02-04T16:39:58.119+0000] {dag.py:4180} INFO - Setting next_dagrun for read_dataset_event to 2025-02-03 00:00:00+00:00, run_after=2025-02-04 00:00:00+00:00
[2025-02-04T16:39:58.125+0000] {logging_mixin.py:190} INFO - [2025-02-04T16:39:58.125+0000] {dag.py:4180} INFO - Setting next_dagrun for read_dataset_event_from_classic to 2025-02-03 00:00:00+00:00, run_after=2025-02-04 00:00:00+00:00
[2025-02-04T16:39:58.146+0000] {processor.py:208} INFO - Processing /home/airflow/.local/lib/python3.9/site-packages/airflow/example_dags/example_inlet_event_extra.py took 0.091 seconds
[2025-02-04T16:40:28.926+0000] {processor.py:186} INFO - Started process (PID=2058) to work on /home/airflow/.local/lib/python3.9/site-packages/airflow/example_dags/example_inlet_event_extra.py
[2025-02-04T16:40:28.928+0000] {processor.py:914} INFO - Processing file /home/airflow/.local/lib/python3.9/site-packages/airflow/example_dags/example_inlet_event_extra.py for tasks to queue
[2025-02-04T16:40:28.930+0000] {logging_mixin.py:190} INFO - [2025-02-04T16:40:28.930+0000] {dagbag.py:588} INFO - Filling up the DagBag from /home/airflow/.local/lib/python3.9/site-packages/airflow/example_dags/example_inlet_event_extra.py
[2025-02-04T16:40:28.942+0000] {processor.py:925} INFO - DAG(s) 'read_dataset_event', 'read_dataset_event_from_classic' retrieved from /home/airflow/.local/lib/python3.9/site-packages/airflow/example_dags/example_inlet_event_extra.py
[2025-02-04T16:40:28.967+0000] {logging_mixin.py:190} INFO - [2025-02-04T16:40:28.967+0000] {dag.py:3239} INFO - Sync 2 DAGs
[2025-02-04T16:40:28.991+0000] {logging_mixin.py:190} INFO - [2025-02-04T16:40:28.990+0000] {dag.py:4180} INFO - Setting next_dagrun for read_dataset_event to 2025-02-03 00:00:00+00:00, run_after=2025-02-04 00:00:00+00:00
[2025-02-04T16:40:28.997+0000] {logging_mixin.py:190} INFO - [2025-02-04T16:40:28.996+0000] {dag.py:4180} INFO - Setting next_dagrun for read_dataset_event_from_classic to 2025-02-03 00:00:00+00:00, run_after=2025-02-04 00:00:00+00:00
[2025-02-04T16:40:29.021+0000] {processor.py:208} INFO - Processing /home/airflow/.local/lib/python3.9/site-packages/airflow/example_dags/example_inlet_event_extra.py took 0.101 seconds
[2025-02-04T16:40:59.692+0000] {processor.py:186} INFO - Started process (PID=2122) to work on /home/airflow/.local/lib/python3.9/site-packages/airflow/example_dags/example_inlet_event_extra.py
[2025-02-04T16:40:59.694+0000] {processor.py:914} INFO - Processing file /home/airflow/.local/lib/python3.9/site-packages/airflow/example_dags/example_inlet_event_extra.py for tasks to queue
[2025-02-04T16:40:59.695+0000] {logging_mixin.py:190} INFO - [2025-02-04T16:40:59.695+0000] {dagbag.py:588} INFO - Filling up the DagBag from /home/airflow/.local/lib/python3.9/site-packages/airflow/example_dags/example_inlet_event_extra.py
[2025-02-04T16:40:59.709+0000] {processor.py:925} INFO - DAG(s) 'read_dataset_event_from_classic', 'read_dataset_event' retrieved from /home/airflow/.local/lib/python3.9/site-packages/airflow/example_dags/example_inlet_event_extra.py
[2025-02-04T16:40:59.733+0000] {logging_mixin.py:190} INFO - [2025-02-04T16:40:59.732+0000] {dag.py:3239} INFO - Sync 2 DAGs
[2025-02-04T16:40:59.762+0000] {logging_mixin.py:190} INFO - [2025-02-04T16:40:59.761+0000] {dag.py:4180} INFO - Setting next_dagrun for read_dataset_event to 2025-02-03 00:00:00+00:00, run_after=2025-02-04 00:00:00+00:00
[2025-02-04T16:40:59.770+0000] {logging_mixin.py:190} INFO - [2025-02-04T16:40:59.769+0000] {dag.py:4180} INFO - Setting next_dagrun for read_dataset_event_from_classic to 2025-02-03 00:00:00+00:00, run_after=2025-02-04 00:00:00+00:00
[2025-02-04T16:40:59.792+0000] {processor.py:208} INFO - Processing /home/airflow/.local/lib/python3.9/site-packages/airflow/example_dags/example_inlet_event_extra.py took 0.107 seconds
[2025-02-04T16:41:31.033+0000] {processor.py:186} INFO - Started process (PID=2186) to work on /home/airflow/.local/lib/python3.9/site-packages/airflow/example_dags/example_inlet_event_extra.py
[2025-02-04T16:41:31.034+0000] {processor.py:914} INFO - Processing file /home/airflow/.local/lib/python3.9/site-packages/airflow/example_dags/example_inlet_event_extra.py for tasks to queue
[2025-02-04T16:41:31.036+0000] {logging_mixin.py:190} INFO - [2025-02-04T16:41:31.036+0000] {dagbag.py:588} INFO - Filling up the DagBag from /home/airflow/.local/lib/python3.9/site-packages/airflow/example_dags/example_inlet_event_extra.py
[2025-02-04T16:41:31.050+0000] {processor.py:925} INFO - DAG(s) 'read_dataset_event', 'read_dataset_event_from_classic' retrieved from /home/airflow/.local/lib/python3.9/site-packages/airflow/example_dags/example_inlet_event_extra.py
[2025-02-04T16:41:31.075+0000] {logging_mixin.py:190} INFO - [2025-02-04T16:41:31.074+0000] {dag.py:3239} INFO - Sync 2 DAGs
[2025-02-04T16:41:31.098+0000] {logging_mixin.py:190} INFO - [2025-02-04T16:41:31.098+0000] {dag.py:4180} INFO - Setting next_dagrun for read_dataset_event to 2025-02-03 00:00:00+00:00, run_after=2025-02-04 00:00:00+00:00
[2025-02-04T16:41:31.104+0000] {logging_mixin.py:190} INFO - [2025-02-04T16:41:31.104+0000] {dag.py:4180} INFO - Setting next_dagrun for read_dataset_event_from_classic to 2025-02-03 00:00:00+00:00, run_after=2025-02-04 00:00:00+00:00
[2025-02-04T16:41:31.128+0000] {processor.py:208} INFO - Processing /home/airflow/.local/lib/python3.9/site-packages/airflow/example_dags/example_inlet_event_extra.py took 0.102 seconds
[2025-02-04T16:42:02.217+0000] {processor.py:186} INFO - Started process (PID=2250) to work on /home/airflow/.local/lib/python3.9/site-packages/airflow/example_dags/example_inlet_event_extra.py
[2025-02-04T16:42:02.218+0000] {processor.py:914} INFO - Processing file /home/airflow/.local/lib/python3.9/site-packages/airflow/example_dags/example_inlet_event_extra.py for tasks to queue
[2025-02-04T16:42:02.220+0000] {logging_mixin.py:190} INFO - [2025-02-04T16:42:02.220+0000] {dagbag.py:588} INFO - Filling up the DagBag from /home/airflow/.local/lib/python3.9/site-packages/airflow/example_dags/example_inlet_event_extra.py
[2025-02-04T16:42:02.234+0000] {processor.py:925} INFO - DAG(s) 'read_dataset_event', 'read_dataset_event_from_classic' retrieved from /home/airflow/.local/lib/python3.9/site-packages/airflow/example_dags/example_inlet_event_extra.py
[2025-02-04T16:42:02.257+0000] {logging_mixin.py:190} INFO - [2025-02-04T16:42:02.257+0000] {dag.py:3239} INFO - Sync 2 DAGs
[2025-02-04T16:42:02.282+0000] {logging_mixin.py:190} INFO - [2025-02-04T16:42:02.281+0000] {dag.py:4180} INFO - Setting next_dagrun for read_dataset_event to 2025-02-03 00:00:00+00:00, run_after=2025-02-04 00:00:00+00:00
[2025-02-04T16:42:02.287+0000] {logging_mixin.py:190} INFO - [2025-02-04T16:42:02.287+0000] {dag.py:4180} INFO - Setting next_dagrun for read_dataset_event_from_classic to 2025-02-03 00:00:00+00:00, run_after=2025-02-04 00:00:00+00:00
[2025-02-04T16:42:02.310+0000] {processor.py:208} INFO - Processing /home/airflow/.local/lib/python3.9/site-packages/airflow/example_dags/example_inlet_event_extra.py took 0.100 seconds
[2025-02-04T16:42:32.846+0000] {processor.py:186} INFO - Started process (PID=2315) to work on /home/airflow/.local/lib/python3.9/site-packages/airflow/example_dags/example_inlet_event_extra.py
[2025-02-04T16:42:32.848+0000] {processor.py:914} INFO - Processing file /home/airflow/.local/lib/python3.9/site-packages/airflow/example_dags/example_inlet_event_extra.py for tasks to queue
[2025-02-04T16:42:32.850+0000] {logging_mixin.py:190} INFO - [2025-02-04T16:42:32.849+0000] {dagbag.py:588} INFO - Filling up the DagBag from /home/airflow/.local/lib/python3.9/site-packages/airflow/example_dags/example_inlet_event_extra.py
[2025-02-04T16:42:32.865+0000] {processor.py:925} INFO - DAG(s) 'read_dataset_event_from_classic', 'read_dataset_event' retrieved from /home/airflow/.local/lib/python3.9/site-packages/airflow/example_dags/example_inlet_event_extra.py
[2025-02-04T16:42:32.900+0000] {logging_mixin.py:190} INFO - [2025-02-04T16:42:32.900+0000] {dag.py:3239} INFO - Sync 2 DAGs
[2025-02-04T16:42:32.937+0000] {logging_mixin.py:190} INFO - [2025-02-04T16:42:32.937+0000] {dag.py:4180} INFO - Setting next_dagrun for read_dataset_event to 2025-02-03 00:00:00+00:00, run_after=2025-02-04 00:00:00+00:00
[2025-02-04T16:42:32.944+0000] {logging_mixin.py:190} INFO - [2025-02-04T16:42:32.944+0000] {dag.py:4180} INFO - Setting next_dagrun for read_dataset_event_from_classic to 2025-02-03 00:00:00+00:00, run_after=2025-02-04 00:00:00+00:00
[2025-02-04T16:42:32.971+0000] {processor.py:208} INFO - Processing /home/airflow/.local/lib/python3.9/site-packages/airflow/example_dags/example_inlet_event_extra.py took 0.131 seconds
[2025-02-04T16:43:03.343+0000] {processor.py:186} INFO - Started process (PID=2379) to work on /home/airflow/.local/lib/python3.9/site-packages/airflow/example_dags/example_inlet_event_extra.py
[2025-02-04T16:43:03.344+0000] {processor.py:914} INFO - Processing file /home/airflow/.local/lib/python3.9/site-packages/airflow/example_dags/example_inlet_event_extra.py for tasks to queue
[2025-02-04T16:43:03.346+0000] {logging_mixin.py:190} INFO - [2025-02-04T16:43:03.345+0000] {dagbag.py:588} INFO - Filling up the DagBag from /home/airflow/.local/lib/python3.9/site-packages/airflow/example_dags/example_inlet_event_extra.py
[2025-02-04T16:43:03.358+0000] {processor.py:925} INFO - DAG(s) 'read_dataset_event', 'read_dataset_event_from_classic' retrieved from /home/airflow/.local/lib/python3.9/site-packages/airflow/example_dags/example_inlet_event_extra.py
[2025-02-04T16:43:03.382+0000] {logging_mixin.py:190} INFO - [2025-02-04T16:43:03.382+0000] {dag.py:3239} INFO - Sync 2 DAGs
[2025-02-04T16:43:03.409+0000] {logging_mixin.py:190} INFO - [2025-02-04T16:43:03.409+0000] {dag.py:4180} INFO - Setting next_dagrun for read_dataset_event to 2025-02-03 00:00:00+00:00, run_after=2025-02-04 00:00:00+00:00
[2025-02-04T16:43:03.415+0000] {logging_mixin.py:190} INFO - [2025-02-04T16:43:03.414+0000] {dag.py:4180} INFO - Setting next_dagrun for read_dataset_event_from_classic to 2025-02-03 00:00:00+00:00, run_after=2025-02-04 00:00:00+00:00
[2025-02-04T16:43:03.439+0000] {processor.py:208} INFO - Processing /home/airflow/.local/lib/python3.9/site-packages/airflow/example_dags/example_inlet_event_extra.py took 0.102 seconds
[2025-02-04T16:43:34.080+0000] {processor.py:186} INFO - Started process (PID=2445) to work on /home/airflow/.local/lib/python3.9/site-packages/airflow/example_dags/example_inlet_event_extra.py
[2025-02-04T16:43:34.082+0000] {processor.py:914} INFO - Processing file /home/airflow/.local/lib/python3.9/site-packages/airflow/example_dags/example_inlet_event_extra.py for tasks to queue
[2025-02-04T16:43:34.084+0000] {logging_mixin.py:190} INFO - [2025-02-04T16:43:34.084+0000] {dagbag.py:588} INFO - Filling up the DagBag from /home/airflow/.local/lib/python3.9/site-packages/airflow/example_dags/example_inlet_event_extra.py
[2025-02-04T16:43:34.098+0000] {processor.py:925} INFO - DAG(s) 'read_dataset_event_from_classic', 'read_dataset_event' retrieved from /home/airflow/.local/lib/python3.9/site-packages/airflow/example_dags/example_inlet_event_extra.py
[2025-02-04T16:43:34.124+0000] {logging_mixin.py:190} INFO - [2025-02-04T16:43:34.123+0000] {dag.py:3239} INFO - Sync 2 DAGs
[2025-02-04T16:43:34.152+0000] {logging_mixin.py:190} INFO - [2025-02-04T16:43:34.152+0000] {dag.py:4180} INFO - Setting next_dagrun for read_dataset_event to 2025-02-03 00:00:00+00:00, run_after=2025-02-04 00:00:00+00:00
[2025-02-04T16:43:34.158+0000] {logging_mixin.py:190} INFO - [2025-02-04T16:43:34.158+0000] {dag.py:4180} INFO - Setting next_dagrun for read_dataset_event_from_classic to 2025-02-03 00:00:00+00:00, run_after=2025-02-04 00:00:00+00:00
[2025-02-04T16:43:34.191+0000] {processor.py:208} INFO - Processing /home/airflow/.local/lib/python3.9/site-packages/airflow/example_dags/example_inlet_event_extra.py took 0.117 seconds
[2025-02-04T16:44:04.734+0000] {processor.py:186} INFO - Started process (PID=2509) to work on /home/airflow/.local/lib/python3.9/site-packages/airflow/example_dags/example_inlet_event_extra.py
[2025-02-04T16:44:04.736+0000] {processor.py:914} INFO - Processing file /home/airflow/.local/lib/python3.9/site-packages/airflow/example_dags/example_inlet_event_extra.py for tasks to queue
[2025-02-04T16:44:04.738+0000] {logging_mixin.py:190} INFO - [2025-02-04T16:44:04.737+0000] {dagbag.py:588} INFO - Filling up the DagBag from /home/airflow/.local/lib/python3.9/site-packages/airflow/example_dags/example_inlet_event_extra.py
[2025-02-04T16:44:04.752+0000] {processor.py:925} INFO - DAG(s) 'read_dataset_event', 'read_dataset_event_from_classic' retrieved from /home/airflow/.local/lib/python3.9/site-packages/airflow/example_dags/example_inlet_event_extra.py
[2025-02-04T16:44:04.777+0000] {logging_mixin.py:190} INFO - [2025-02-04T16:44:04.777+0000] {dag.py:3239} INFO - Sync 2 DAGs
[2025-02-04T16:44:04.803+0000] {logging_mixin.py:190} INFO - [2025-02-04T16:44:04.803+0000] {dag.py:4180} INFO - Setting next_dagrun for read_dataset_event to 2025-02-03 00:00:00+00:00, run_after=2025-02-04 00:00:00+00:00
[2025-02-04T16:44:04.809+0000] {logging_mixin.py:190} INFO - [2025-02-04T16:44:04.809+0000] {dag.py:4180} INFO - Setting next_dagrun for read_dataset_event_from_classic to 2025-02-03 00:00:00+00:00, run_after=2025-02-04 00:00:00+00:00
[2025-02-04T16:44:04.834+0000] {processor.py:208} INFO - Processing /home/airflow/.local/lib/python3.9/site-packages/airflow/example_dags/example_inlet_event_extra.py took 0.106 seconds
[2025-02-04T16:44:35.039+0000] {processor.py:186} INFO - Started process (PID=2573) to work on /home/airflow/.local/lib/python3.9/site-packages/airflow/example_dags/example_inlet_event_extra.py
[2025-02-04T16:44:35.040+0000] {processor.py:914} INFO - Processing file /home/airflow/.local/lib/python3.9/site-packages/airflow/example_dags/example_inlet_event_extra.py for tasks to queue
[2025-02-04T16:44:35.042+0000] {logging_mixin.py:190} INFO - [2025-02-04T16:44:35.042+0000] {dagbag.py:588} INFO - Filling up the DagBag from /home/airflow/.local/lib/python3.9/site-packages/airflow/example_dags/example_inlet_event_extra.py
[2025-02-04T16:44:35.056+0000] {processor.py:925} INFO - DAG(s) 'read_dataset_event_from_classic', 'read_dataset_event' retrieved from /home/airflow/.local/lib/python3.9/site-packages/airflow/example_dags/example_inlet_event_extra.py
[2025-02-04T16:44:35.081+0000] {logging_mixin.py:190} INFO - [2025-02-04T16:44:35.081+0000] {dag.py:3239} INFO - Sync 2 DAGs
[2025-02-04T16:44:35.107+0000] {logging_mixin.py:190} INFO - [2025-02-04T16:44:35.107+0000] {dag.py:4180} INFO - Setting next_dagrun for read_dataset_event to 2025-02-03 00:00:00+00:00, run_after=2025-02-04 00:00:00+00:00
[2025-02-04T16:44:35.113+0000] {logging_mixin.py:190} INFO - [2025-02-04T16:44:35.113+0000] {dag.py:4180} INFO - Setting next_dagrun for read_dataset_event_from_classic to 2025-02-03 00:00:00+00:00, run_after=2025-02-04 00:00:00+00:00
[2025-02-04T16:44:35.138+0000] {processor.py:208} INFO - Processing /home/airflow/.local/lib/python3.9/site-packages/airflow/example_dags/example_inlet_event_extra.py took 0.106 seconds
[2025-02-04T16:45:05.477+0000] {processor.py:186} INFO - Started process (PID=2644) to work on /home/airflow/.local/lib/python3.9/site-packages/airflow/example_dags/example_inlet_event_extra.py
[2025-02-04T16:45:05.478+0000] {processor.py:914} INFO - Processing file /home/airflow/.local/lib/python3.9/site-packages/airflow/example_dags/example_inlet_event_extra.py for tasks to queue
[2025-02-04T16:45:05.480+0000] {logging_mixin.py:190} INFO - [2025-02-04T16:45:05.480+0000] {dagbag.py:588} INFO - Filling up the DagBag from /home/airflow/.local/lib/python3.9/site-packages/airflow/example_dags/example_inlet_event_extra.py
[2025-02-04T16:45:05.496+0000] {processor.py:925} INFO - DAG(s) 'read_dataset_event', 'read_dataset_event_from_classic' retrieved from /home/airflow/.local/lib/python3.9/site-packages/airflow/example_dags/example_inlet_event_extra.py
[2025-02-04T16:45:05.524+0000] {logging_mixin.py:190} INFO - [2025-02-04T16:45:05.524+0000] {dag.py:3239} INFO - Sync 2 DAGs
[2025-02-04T16:45:05.550+0000] {logging_mixin.py:190} INFO - [2025-02-04T16:45:05.550+0000] {dag.py:4180} INFO - Setting next_dagrun for read_dataset_event to 2025-02-03 00:00:00+00:00, run_after=2025-02-04 00:00:00+00:00
[2025-02-04T16:45:05.556+0000] {logging_mixin.py:190} INFO - [2025-02-04T16:45:05.555+0000] {dag.py:4180} INFO - Setting next_dagrun for read_dataset_event_from_classic to 2025-02-03 00:00:00+00:00, run_after=2025-02-04 00:00:00+00:00
[2025-02-04T16:45:05.582+0000] {processor.py:208} INFO - Processing /home/airflow/.local/lib/python3.9/site-packages/airflow/example_dags/example_inlet_event_extra.py took 0.114 seconds
[2025-02-04T16:45:35.885+0000] {processor.py:186} INFO - Started process (PID=2708) to work on /home/airflow/.local/lib/python3.9/site-packages/airflow/example_dags/example_inlet_event_extra.py
[2025-02-04T16:45:35.887+0000] {processor.py:914} INFO - Processing file /home/airflow/.local/lib/python3.9/site-packages/airflow/example_dags/example_inlet_event_extra.py for tasks to queue
[2025-02-04T16:45:35.888+0000] {logging_mixin.py:190} INFO - [2025-02-04T16:45:35.888+0000] {dagbag.py:588} INFO - Filling up the DagBag from /home/airflow/.local/lib/python3.9/site-packages/airflow/example_dags/example_inlet_event_extra.py
[2025-02-04T16:45:35.904+0000] {processor.py:925} INFO - DAG(s) 'read_dataset_event_from_classic', 'read_dataset_event' retrieved from /home/airflow/.local/lib/python3.9/site-packages/airflow/example_dags/example_inlet_event_extra.py
[2025-02-04T16:45:35.935+0000] {logging_mixin.py:190} INFO - [2025-02-04T16:45:35.934+0000] {dag.py:3239} INFO - Sync 2 DAGs
[2025-02-04T16:45:35.968+0000] {logging_mixin.py:190} INFO - [2025-02-04T16:45:35.968+0000] {dag.py:4180} INFO - Setting next_dagrun for read_dataset_event to 2025-02-03 00:00:00+00:00, run_after=2025-02-04 00:00:00+00:00
[2025-02-04T16:45:35.976+0000] {logging_mixin.py:190} INFO - [2025-02-04T16:45:35.976+0000] {dag.py:4180} INFO - Setting next_dagrun for read_dataset_event_from_classic to 2025-02-03 00:00:00+00:00, run_after=2025-02-04 00:00:00+00:00
[2025-02-04T16:45:36.003+0000] {processor.py:208} INFO - Processing /home/airflow/.local/lib/python3.9/site-packages/airflow/example_dags/example_inlet_event_extra.py took 0.125 seconds
[2025-02-04T16:46:07.159+0000] {processor.py:186} INFO - Started process (PID=2772) to work on /home/airflow/.local/lib/python3.9/site-packages/airflow/example_dags/example_inlet_event_extra.py
[2025-02-04T16:46:07.160+0000] {processor.py:914} INFO - Processing file /home/airflow/.local/lib/python3.9/site-packages/airflow/example_dags/example_inlet_event_extra.py for tasks to queue
[2025-02-04T16:46:07.162+0000] {logging_mixin.py:190} INFO - [2025-02-04T16:46:07.162+0000] {dagbag.py:588} INFO - Filling up the DagBag from /home/airflow/.local/lib/python3.9/site-packages/airflow/example_dags/example_inlet_event_extra.py
[2025-02-04T16:46:07.174+0000] {processor.py:925} INFO - DAG(s) 'read_dataset_event_from_classic', 'read_dataset_event' retrieved from /home/airflow/.local/lib/python3.9/site-packages/airflow/example_dags/example_inlet_event_extra.py
[2025-02-04T16:46:07.198+0000] {logging_mixin.py:190} INFO - [2025-02-04T16:46:07.198+0000] {dag.py:3239} INFO - Sync 2 DAGs
[2025-02-04T16:46:07.221+0000] {logging_mixin.py:190} INFO - [2025-02-04T16:46:07.221+0000] {dag.py:4180} INFO - Setting next_dagrun for read_dataset_event to 2025-02-03 00:00:00+00:00, run_after=2025-02-04 00:00:00+00:00
[2025-02-04T16:46:07.226+0000] {logging_mixin.py:190} INFO - [2025-02-04T16:46:07.226+0000] {dag.py:4180} INFO - Setting next_dagrun for read_dataset_event_from_classic to 2025-02-03 00:00:00+00:00, run_after=2025-02-04 00:00:00+00:00
[2025-02-04T16:46:07.252+0000] {processor.py:208} INFO - Processing /home/airflow/.local/lib/python3.9/site-packages/airflow/example_dags/example_inlet_event_extra.py took 0.099 seconds
[2025-02-04T16:46:37.724+0000] {processor.py:186} INFO - Started process (PID=2836) to work on /home/airflow/.local/lib/python3.9/site-packages/airflow/example_dags/example_inlet_event_extra.py
[2025-02-04T16:46:37.726+0000] {processor.py:914} INFO - Processing file /home/airflow/.local/lib/python3.9/site-packages/airflow/example_dags/example_inlet_event_extra.py for tasks to queue
[2025-02-04T16:46:37.727+0000] {logging_mixin.py:190} INFO - [2025-02-04T16:46:37.727+0000] {dagbag.py:588} INFO - Filling up the DagBag from /home/airflow/.local/lib/python3.9/site-packages/airflow/example_dags/example_inlet_event_extra.py
[2025-02-04T16:46:37.742+0000] {processor.py:925} INFO - DAG(s) 'read_dataset_event', 'read_dataset_event_from_classic' retrieved from /home/airflow/.local/lib/python3.9/site-packages/airflow/example_dags/example_inlet_event_extra.py
[2025-02-04T16:46:37.767+0000] {logging_mixin.py:190} INFO - [2025-02-04T16:46:37.767+0000] {dag.py:3239} INFO - Sync 2 DAGs
[2025-02-04T16:46:37.793+0000] {logging_mixin.py:190} INFO - [2025-02-04T16:46:37.793+0000] {dag.py:4180} INFO - Setting next_dagrun for read_dataset_event to 2025-02-03 00:00:00+00:00, run_after=2025-02-04 00:00:00+00:00
[2025-02-04T16:46:37.799+0000] {logging_mixin.py:190} INFO - [2025-02-04T16:46:37.799+0000] {dag.py:4180} INFO - Setting next_dagrun for read_dataset_event_from_classic to 2025-02-03 00:00:00+00:00, run_after=2025-02-04 00:00:00+00:00
[2025-02-04T16:46:37.825+0000] {processor.py:208} INFO - Processing /home/airflow/.local/lib/python3.9/site-packages/airflow/example_dags/example_inlet_event_extra.py took 0.108 seconds
[2025-02-04T16:47:12.810+0000] {processor.py:186} INFO - Started process (PID=2900) to work on /home/airflow/.local/lib/python3.9/site-packages/airflow/example_dags/example_inlet_event_extra.py
[2025-02-04T16:47:12.811+0000] {processor.py:914} INFO - Processing file /home/airflow/.local/lib/python3.9/site-packages/airflow/example_dags/example_inlet_event_extra.py for tasks to queue
[2025-02-04T16:47:12.812+0000] {logging_mixin.py:190} INFO - [2025-02-04T16:47:12.812+0000] {dagbag.py:588} INFO - Filling up the DagBag from /home/airflow/.local/lib/python3.9/site-packages/airflow/example_dags/example_inlet_event_extra.py
[2025-02-04T16:47:12.834+0000] {processor.py:925} INFO - DAG(s) 'read_dataset_event_from_classic', 'read_dataset_event' retrieved from /home/airflow/.local/lib/python3.9/site-packages/airflow/example_dags/example_inlet_event_extra.py
[2025-02-04T16:47:12.868+0000] {logging_mixin.py:190} INFO - [2025-02-04T16:47:12.867+0000] {dag.py:3239} INFO - Sync 2 DAGs
[2025-02-04T16:47:12.909+0000] {logging_mixin.py:190} INFO - [2025-02-04T16:47:12.908+0000] {dag.py:4180} INFO - Setting next_dagrun for read_dataset_event to 2025-02-03 00:00:00+00:00, run_after=2025-02-04 00:00:00+00:00
[2025-02-04T16:47:12.921+0000] {logging_mixin.py:190} INFO - [2025-02-04T16:47:12.920+0000] {dag.py:4180} INFO - Setting next_dagrun for read_dataset_event_from_classic to 2025-02-03 00:00:00+00:00, run_after=2025-02-04 00:00:00+00:00
[2025-02-04T16:47:12.951+0000] {processor.py:208} INFO - Processing /home/airflow/.local/lib/python3.9/site-packages/airflow/example_dags/example_inlet_event_extra.py took 0.150 seconds
[2025-02-04T16:47:53.460+0000] {processor.py:186} INFO - Started process (PID=2964) to work on /home/airflow/.local/lib/python3.9/site-packages/airflow/example_dags/example_inlet_event_extra.py
[2025-02-04T16:47:53.461+0000] {processor.py:914} INFO - Processing file /home/airflow/.local/lib/python3.9/site-packages/airflow/example_dags/example_inlet_event_extra.py for tasks to queue
[2025-02-04T16:47:53.463+0000] {logging_mixin.py:190} INFO - [2025-02-04T16:47:53.462+0000] {dagbag.py:588} INFO - Filling up the DagBag from /home/airflow/.local/lib/python3.9/site-packages/airflow/example_dags/example_inlet_event_extra.py
[2025-02-04T16:47:53.484+0000] {processor.py:925} INFO - DAG(s) 'read_dataset_event', 'read_dataset_event_from_classic' retrieved from /home/airflow/.local/lib/python3.9/site-packages/airflow/example_dags/example_inlet_event_extra.py
[2025-02-04T16:47:53.519+0000] {logging_mixin.py:190} INFO - [2025-02-04T16:47:53.519+0000] {dag.py:3239} INFO - Sync 2 DAGs
[2025-02-04T16:47:53.550+0000] {logging_mixin.py:190} INFO - [2025-02-04T16:47:53.549+0000] {dag.py:4180} INFO - Setting next_dagrun for read_dataset_event to 2025-02-03 00:00:00+00:00, run_after=2025-02-04 00:00:00+00:00
[2025-02-04T16:47:53.555+0000] {logging_mixin.py:190} INFO - [2025-02-04T16:47:53.555+0000] {dag.py:4180} INFO - Setting next_dagrun for read_dataset_event_from_classic to 2025-02-03 00:00:00+00:00, run_after=2025-02-04 00:00:00+00:00
[2025-02-04T16:47:53.579+0000] {processor.py:208} INFO - Processing /home/airflow/.local/lib/python3.9/site-packages/airflow/example_dags/example_inlet_event_extra.py took 0.127 seconds
[2025-02-04T16:48:24.060+0000] {processor.py:186} INFO - Started process (PID=3029) to work on /home/airflow/.local/lib/python3.9/site-packages/airflow/example_dags/example_inlet_event_extra.py
[2025-02-04T16:48:24.061+0000] {processor.py:914} INFO - Processing file /home/airflow/.local/lib/python3.9/site-packages/airflow/example_dags/example_inlet_event_extra.py for tasks to queue
[2025-02-04T16:48:24.063+0000] {logging_mixin.py:190} INFO - [2025-02-04T16:48:24.063+0000] {dagbag.py:588} INFO - Filling up the DagBag from /home/airflow/.local/lib/python3.9/site-packages/airflow/example_dags/example_inlet_event_extra.py
[2025-02-04T16:48:24.077+0000] {processor.py:925} INFO - DAG(s) 'read_dataset_event_from_classic', 'read_dataset_event' retrieved from /home/airflow/.local/lib/python3.9/site-packages/airflow/example_dags/example_inlet_event_extra.py
[2025-02-04T16:48:24.102+0000] {logging_mixin.py:190} INFO - [2025-02-04T16:48:24.102+0000] {dag.py:3239} INFO - Sync 2 DAGs
[2025-02-04T16:48:24.129+0000] {logging_mixin.py:190} INFO - [2025-02-04T16:48:24.129+0000] {dag.py:4180} INFO - Setting next_dagrun for read_dataset_event to 2025-02-03 00:00:00+00:00, run_after=2025-02-04 00:00:00+00:00
[2025-02-04T16:48:24.134+0000] {logging_mixin.py:190} INFO - [2025-02-04T16:48:24.134+0000] {dag.py:4180} INFO - Setting next_dagrun for read_dataset_event_from_classic to 2025-02-03 00:00:00+00:00, run_after=2025-02-04 00:00:00+00:00
[2025-02-04T16:48:24.162+0000] {processor.py:208} INFO - Processing /home/airflow/.local/lib/python3.9/site-packages/airflow/example_dags/example_inlet_event_extra.py took 0.110 seconds
[2025-02-04T16:48:55.174+0000] {processor.py:186} INFO - Started process (PID=3100) to work on /home/airflow/.local/lib/python3.9/site-packages/airflow/example_dags/example_inlet_event_extra.py
[2025-02-04T16:48:55.175+0000] {processor.py:914} INFO - Processing file /home/airflow/.local/lib/python3.9/site-packages/airflow/example_dags/example_inlet_event_extra.py for tasks to queue
[2025-02-04T16:48:55.176+0000] {logging_mixin.py:190} INFO - [2025-02-04T16:48:55.176+0000] {dagbag.py:588} INFO - Filling up the DagBag from /home/airflow/.local/lib/python3.9/site-packages/airflow/example_dags/example_inlet_event_extra.py
[2025-02-04T16:48:55.188+0000] {processor.py:925} INFO - DAG(s) 'read_dataset_event', 'read_dataset_event_from_classic' retrieved from /home/airflow/.local/lib/python3.9/site-packages/airflow/example_dags/example_inlet_event_extra.py
[2025-02-04T16:48:55.211+0000] {logging_mixin.py:190} INFO - [2025-02-04T16:48:55.211+0000] {dag.py:3239} INFO - Sync 2 DAGs
[2025-02-04T16:48:55.235+0000] {logging_mixin.py:190} INFO - [2025-02-04T16:48:55.235+0000] {dag.py:4180} INFO - Setting next_dagrun for read_dataset_event to 2025-02-03 00:00:00+00:00, run_after=2025-02-04 00:00:00+00:00
[2025-02-04T16:48:55.241+0000] {logging_mixin.py:190} INFO - [2025-02-04T16:48:55.241+0000] {dag.py:4180} INFO - Setting next_dagrun for read_dataset_event_from_classic to 2025-02-03 00:00:00+00:00, run_after=2025-02-04 00:00:00+00:00
[2025-02-04T16:48:55.264+0000] {processor.py:208} INFO - Processing /home/airflow/.local/lib/python3.9/site-packages/airflow/example_dags/example_inlet_event_extra.py took 0.097 seconds
[2025-02-04T16:49:25.497+0000] {processor.py:186} INFO - Started process (PID=3164) to work on /home/airflow/.local/lib/python3.9/site-packages/airflow/example_dags/example_inlet_event_extra.py
[2025-02-04T16:49:25.498+0000] {processor.py:914} INFO - Processing file /home/airflow/.local/lib/python3.9/site-packages/airflow/example_dags/example_inlet_event_extra.py for tasks to queue
[2025-02-04T16:49:25.499+0000] {logging_mixin.py:190} INFO - [2025-02-04T16:49:25.499+0000] {dagbag.py:588} INFO - Filling up the DagBag from /home/airflow/.local/lib/python3.9/site-packages/airflow/example_dags/example_inlet_event_extra.py
[2025-02-04T16:49:25.511+0000] {processor.py:925} INFO - DAG(s) 'read_dataset_event_from_classic', 'read_dataset_event' retrieved from /home/airflow/.local/lib/python3.9/site-packages/airflow/example_dags/example_inlet_event_extra.py
[2025-02-04T16:49:25.534+0000] {logging_mixin.py:190} INFO - [2025-02-04T16:49:25.534+0000] {dag.py:3239} INFO - Sync 2 DAGs
[2025-02-04T16:49:25.559+0000] {logging_mixin.py:190} INFO - [2025-02-04T16:49:25.558+0000] {dag.py:4180} INFO - Setting next_dagrun for read_dataset_event to 2025-02-03 00:00:00+00:00, run_after=2025-02-04 00:00:00+00:00
[2025-02-04T16:49:25.565+0000] {logging_mixin.py:190} INFO - [2025-02-04T16:49:25.564+0000] {dag.py:4180} INFO - Setting next_dagrun for read_dataset_event_from_classic to 2025-02-03 00:00:00+00:00, run_after=2025-02-04 00:00:00+00:00
[2025-02-04T16:49:25.588+0000] {processor.py:208} INFO - Processing /home/airflow/.local/lib/python3.9/site-packages/airflow/example_dags/example_inlet_event_extra.py took 0.098 seconds
[2025-02-04T16:49:56.318+0000] {processor.py:186} INFO - Started process (PID=3228) to work on /home/airflow/.local/lib/python3.9/site-packages/airflow/example_dags/example_inlet_event_extra.py
[2025-02-04T16:49:56.320+0000] {processor.py:914} INFO - Processing file /home/airflow/.local/lib/python3.9/site-packages/airflow/example_dags/example_inlet_event_extra.py for tasks to queue
[2025-02-04T16:49:56.322+0000] {logging_mixin.py:190} INFO - [2025-02-04T16:49:56.321+0000] {dagbag.py:588} INFO - Filling up the DagBag from /home/airflow/.local/lib/python3.9/site-packages/airflow/example_dags/example_inlet_event_extra.py
[2025-02-04T16:49:56.338+0000] {processor.py:925} INFO - DAG(s) 'read_dataset_event', 'read_dataset_event_from_classic' retrieved from /home/airflow/.local/lib/python3.9/site-packages/airflow/example_dags/example_inlet_event_extra.py
[2025-02-04T16:49:56.369+0000] {logging_mixin.py:190} INFO - [2025-02-04T16:49:56.368+0000] {dag.py:3239} INFO - Sync 2 DAGs
[2025-02-04T16:49:56.411+0000] {logging_mixin.py:190} INFO - [2025-02-04T16:49:56.411+0000] {dag.py:4180} INFO - Setting next_dagrun for read_dataset_event to 2025-02-03 00:00:00+00:00, run_after=2025-02-04 00:00:00+00:00
[2025-02-04T16:49:56.416+0000] {logging_mixin.py:190} INFO - [2025-02-04T16:49:56.416+0000] {dag.py:4180} INFO - Setting next_dagrun for read_dataset_event_from_classic to 2025-02-03 00:00:00+00:00, run_after=2025-02-04 00:00:00+00:00
[2025-02-04T16:49:56.439+0000] {processor.py:208} INFO - Processing /home/airflow/.local/lib/python3.9/site-packages/airflow/example_dags/example_inlet_event_extra.py took 0.128 seconds
