[2025-02-04T16:22:26.266+0000] {processor.py:186} INFO - Started process (PID=84) to work on /home/airflow/.local/lib/python3.9/site-packages/airflow/example_dags/example_params_ui_tutorial.py
[2025-02-04T16:22:26.268+0000] {processor.py:914} INFO - Processing file /home/airflow/.local/lib/python3.9/site-packages/airflow/example_dags/example_params_ui_tutorial.py for tasks to queue
[2025-02-04T16:22:26.271+0000] {logging_mixin.py:190} INFO - [2025-02-04T16:22:26.270+0000] {dagbag.py:588} INFO - Filling up the DagBag from /home/airflow/.local/lib/python3.9/site-packages/airflow/example_dags/example_params_ui_tutorial.py
[2025-02-04T16:22:26.554+0000] {processor.py:925} INFO - DAG(s) 'example_params_ui_tutorial' retrieved from /home/airflow/.local/lib/python3.9/site-packages/airflow/example_dags/example_params_ui_tutorial.py
[2025-02-04T16:22:28.655+0000] {logging_mixin.py:190} INFO - [2025-02-04T16:22:28.654+0000] {override.py:1912} INFO - Created Permission View: can delete on DAG:example_params_ui_tutorial
[2025-02-04T16:22:28.671+0000] {logging_mixin.py:190} INFO - [2025-02-04T16:22:28.671+0000] {override.py:1912} INFO - Created Permission View: can edit on DAG:example_params_ui_tutorial
[2025-02-04T16:22:28.685+0000] {logging_mixin.py:190} INFO - [2025-02-04T16:22:28.685+0000] {override.py:1912} INFO - Created Permission View: can read on DAG:example_params_ui_tutorial
[2025-02-04T16:22:28.703+0000] {logging_mixin.py:190} INFO - [2025-02-04T16:22:28.702+0000] {override.py:1912} INFO - Created Permission View: can delete on DAG Run:example_params_ui_tutorial
[2025-02-04T16:22:28.716+0000] {logging_mixin.py:190} INFO - [2025-02-04T16:22:28.716+0000] {override.py:1912} INFO - Created Permission View: menu access on DAG Run:example_params_ui_tutorial
[2025-02-04T16:22:28.730+0000] {logging_mixin.py:190} INFO - [2025-02-04T16:22:28.729+0000] {override.py:1912} INFO - Created Permission View: can read on DAG Run:example_params_ui_tutorial
[2025-02-04T16:22:28.743+0000] {logging_mixin.py:190} INFO - [2025-02-04T16:22:28.743+0000] {override.py:1912} INFO - Created Permission View: can create on DAG Run:example_params_ui_tutorial
[2025-02-04T16:22:28.744+0000] {logging_mixin.py:190} INFO - [2025-02-04T16:22:28.744+0000] {dag.py:3239} INFO - Sync 1 DAGs
[2025-02-04T16:22:28.762+0000] {logging_mixin.py:190} INFO - [2025-02-04T16:22:28.762+0000] {dag.py:3262} INFO - Creating ORM DAG for example_params_ui_tutorial
[2025-02-04T16:22:28.763+0000] {logging_mixin.py:190} INFO - [2025-02-04T16:22:28.763+0000] {dag.py:4180} INFO - Setting next_dagrun for example_params_ui_tutorial to None, run_after=None
[2025-02-04T16:22:27.365+0000] {processor.py:208} INFO - Processing /home/airflow/.local/lib/python3.9/site-packages/airflow/example_dags/example_params_ui_tutorial.py took 3.721 seconds
[2025-02-04T16:23:23.228+0000] {processor.py:186} INFO - Started process (PID=155) to work on /home/airflow/.local/lib/python3.9/site-packages/airflow/example_dags/example_params_ui_tutorial.py
[2025-02-04T16:23:23.229+0000] {processor.py:914} INFO - Processing file /home/airflow/.local/lib/python3.9/site-packages/airflow/example_dags/example_params_ui_tutorial.py for tasks to queue
[2025-02-04T16:23:23.232+0000] {logging_mixin.py:190} INFO - [2025-02-04T16:23:23.232+0000] {dagbag.py:588} INFO - Filling up the DagBag from /home/airflow/.local/lib/python3.9/site-packages/airflow/example_dags/example_params_ui_tutorial.py
[2025-02-04T16:23:23.241+0000] {processor.py:925} INFO - DAG(s) 'example_params_ui_tutorial' retrieved from /home/airflow/.local/lib/python3.9/site-packages/airflow/example_dags/example_params_ui_tutorial.py
[2025-02-04T16:23:23.289+0000] {logging_mixin.py:190} INFO - [2025-02-04T16:23:23.288+0000] {dag.py:3239} INFO - Sync 1 DAGs
[2025-02-04T16:23:23.303+0000] {logging_mixin.py:190} INFO - [2025-02-04T16:23:23.303+0000] {dag.py:4180} INFO - Setting next_dagrun for example_params_ui_tutorial to None, run_after=None
[2025-02-04T16:23:23.329+0000] {processor.py:208} INFO - Processing /home/airflow/.local/lib/python3.9/site-packages/airflow/example_dags/example_params_ui_tutorial.py took 0.107 seconds
[2025-02-04T16:23:53.594+0000] {processor.py:186} INFO - Started process (PID=212) to work on /home/airflow/.local/lib/python3.9/site-packages/airflow/example_dags/example_params_ui_tutorial.py
[2025-02-04T16:23:53.596+0000] {processor.py:914} INFO - Processing file /home/airflow/.local/lib/python3.9/site-packages/airflow/example_dags/example_params_ui_tutorial.py for tasks to queue
[2025-02-04T16:23:53.598+0000] {logging_mixin.py:190} INFO - [2025-02-04T16:23:53.598+0000] {dagbag.py:588} INFO - Filling up the DagBag from /home/airflow/.local/lib/python3.9/site-packages/airflow/example_dags/example_params_ui_tutorial.py
[2025-02-04T16:23:53.609+0000] {processor.py:925} INFO - DAG(s) 'example_params_ui_tutorial' retrieved from /home/airflow/.local/lib/python3.9/site-packages/airflow/example_dags/example_params_ui_tutorial.py
[2025-02-04T16:23:53.664+0000] {logging_mixin.py:190} INFO - [2025-02-04T16:23:53.664+0000] {dag.py:3239} INFO - Sync 1 DAGs
[2025-02-04T16:23:53.681+0000] {logging_mixin.py:190} INFO - [2025-02-04T16:23:53.681+0000] {dag.py:4180} INFO - Setting next_dagrun for example_params_ui_tutorial to None, run_after=None
[2025-02-04T16:23:53.709+0000] {processor.py:208} INFO - Processing /home/airflow/.local/lib/python3.9/site-packages/airflow/example_dags/example_params_ui_tutorial.py took 0.122 seconds
[2025-02-04T16:24:23.836+0000] {processor.py:186} INFO - Started process (PID=275) to work on /home/airflow/.local/lib/python3.9/site-packages/airflow/example_dags/example_params_ui_tutorial.py
[2025-02-04T16:24:23.838+0000] {processor.py:914} INFO - Processing file /home/airflow/.local/lib/python3.9/site-packages/airflow/example_dags/example_params_ui_tutorial.py for tasks to queue
[2025-02-04T16:24:23.840+0000] {logging_mixin.py:190} INFO - [2025-02-04T16:24:23.840+0000] {dagbag.py:588} INFO - Filling up the DagBag from /home/airflow/.local/lib/python3.9/site-packages/airflow/example_dags/example_params_ui_tutorial.py
[2025-02-04T16:24:23.851+0000] {processor.py:925} INFO - DAG(s) 'example_params_ui_tutorial' retrieved from /home/airflow/.local/lib/python3.9/site-packages/airflow/example_dags/example_params_ui_tutorial.py
[2025-02-04T16:24:23.910+0000] {logging_mixin.py:190} INFO - [2025-02-04T16:24:23.909+0000] {dag.py:3239} INFO - Sync 1 DAGs
[2025-02-04T16:24:23.927+0000] {logging_mixin.py:190} INFO - [2025-02-04T16:24:23.926+0000] {dag.py:4180} INFO - Setting next_dagrun for example_params_ui_tutorial to None, run_after=None
[2025-02-04T16:24:23.955+0000] {processor.py:208} INFO - Processing /home/airflow/.local/lib/python3.9/site-packages/airflow/example_dags/example_params_ui_tutorial.py took 0.126 seconds
[2025-02-04T16:24:54.189+0000] {processor.py:186} INFO - Started process (PID=339) to work on /home/airflow/.local/lib/python3.9/site-packages/airflow/example_dags/example_params_ui_tutorial.py
[2025-02-04T16:24:54.191+0000] {processor.py:914} INFO - Processing file /home/airflow/.local/lib/python3.9/site-packages/airflow/example_dags/example_params_ui_tutorial.py for tasks to queue
[2025-02-04T16:24:54.194+0000] {logging_mixin.py:190} INFO - [2025-02-04T16:24:54.193+0000] {dagbag.py:588} INFO - Filling up the DagBag from /home/airflow/.local/lib/python3.9/site-packages/airflow/example_dags/example_params_ui_tutorial.py
[2025-02-04T16:24:54.204+0000] {processor.py:925} INFO - DAG(s) 'example_params_ui_tutorial' retrieved from /home/airflow/.local/lib/python3.9/site-packages/airflow/example_dags/example_params_ui_tutorial.py
[2025-02-04T16:24:54.264+0000] {logging_mixin.py:190} INFO - [2025-02-04T16:24:54.263+0000] {dag.py:3239} INFO - Sync 1 DAGs
[2025-02-04T16:24:54.284+0000] {logging_mixin.py:190} INFO - [2025-02-04T16:24:54.284+0000] {dag.py:4180} INFO - Setting next_dagrun for example_params_ui_tutorial to None, run_after=None
[2025-02-04T16:24:54.311+0000] {processor.py:208} INFO - Processing /home/airflow/.local/lib/python3.9/site-packages/airflow/example_dags/example_params_ui_tutorial.py took 0.128 seconds
[2025-02-04T16:25:24.836+0000] {processor.py:186} INFO - Started process (PID=403) to work on /home/airflow/.local/lib/python3.9/site-packages/airflow/example_dags/example_params_ui_tutorial.py
[2025-02-04T16:25:24.991+0000] {processor.py:914} INFO - Processing file /home/airflow/.local/lib/python3.9/site-packages/airflow/example_dags/example_params_ui_tutorial.py for tasks to queue
[2025-02-04T16:25:24.995+0000] {logging_mixin.py:190} INFO - [2025-02-04T16:25:24.994+0000] {dagbag.py:588} INFO - Filling up the DagBag from /home/airflow/.local/lib/python3.9/site-packages/airflow/example_dags/example_params_ui_tutorial.py
[2025-02-04T16:25:25.008+0000] {processor.py:925} INFO - DAG(s) 'example_params_ui_tutorial' retrieved from /home/airflow/.local/lib/python3.9/site-packages/airflow/example_dags/example_params_ui_tutorial.py
[2025-02-04T16:25:25.070+0000] {logging_mixin.py:190} INFO - [2025-02-04T16:25:25.070+0000] {dag.py:3239} INFO - Sync 1 DAGs
[2025-02-04T16:25:25.089+0000] {logging_mixin.py:190} INFO - [2025-02-04T16:25:25.088+0000] {dag.py:4180} INFO - Setting next_dagrun for example_params_ui_tutorial to None, run_after=None
[2025-02-04T16:25:25.118+0000] {processor.py:208} INFO - Processing /home/airflow/.local/lib/python3.9/site-packages/airflow/example_dags/example_params_ui_tutorial.py took 0.289 seconds
[2025-02-04T16:25:55.279+0000] {processor.py:186} INFO - Started process (PID=468) to work on /home/airflow/.local/lib/python3.9/site-packages/airflow/example_dags/example_params_ui_tutorial.py
[2025-02-04T16:25:55.280+0000] {processor.py:914} INFO - Processing file /home/airflow/.local/lib/python3.9/site-packages/airflow/example_dags/example_params_ui_tutorial.py for tasks to queue
[2025-02-04T16:25:55.283+0000] {logging_mixin.py:190} INFO - [2025-02-04T16:25:55.283+0000] {dagbag.py:588} INFO - Filling up the DagBag from /home/airflow/.local/lib/python3.9/site-packages/airflow/example_dags/example_params_ui_tutorial.py
[2025-02-04T16:25:55.293+0000] {processor.py:925} INFO - DAG(s) 'example_params_ui_tutorial' retrieved from /home/airflow/.local/lib/python3.9/site-packages/airflow/example_dags/example_params_ui_tutorial.py
[2025-02-04T16:25:55.342+0000] {logging_mixin.py:190} INFO - [2025-02-04T16:25:55.342+0000] {dag.py:3239} INFO - Sync 1 DAGs
[2025-02-04T16:25:55.356+0000] {logging_mixin.py:190} INFO - [2025-02-04T16:25:55.356+0000] {dag.py:4180} INFO - Setting next_dagrun for example_params_ui_tutorial to None, run_after=None
[2025-02-04T16:25:55.382+0000] {processor.py:208} INFO - Processing /home/airflow/.local/lib/python3.9/site-packages/airflow/example_dags/example_params_ui_tutorial.py took 0.110 seconds
[2025-02-04T16:26:27.873+0000] {processor.py:186} INFO - Started process (PID=534) to work on /home/airflow/.local/lib/python3.9/site-packages/airflow/example_dags/example_params_ui_tutorial.py
[2025-02-04T16:26:27.874+0000] {processor.py:914} INFO - Processing file /home/airflow/.local/lib/python3.9/site-packages/airflow/example_dags/example_params_ui_tutorial.py for tasks to queue
[2025-02-04T16:26:27.877+0000] {logging_mixin.py:190} INFO - [2025-02-04T16:26:27.876+0000] {dagbag.py:588} INFO - Filling up the DagBag from /home/airflow/.local/lib/python3.9/site-packages/airflow/example_dags/example_params_ui_tutorial.py
[2025-02-04T16:26:27.889+0000] {processor.py:925} INFO - DAG(s) 'example_params_ui_tutorial' retrieved from /home/airflow/.local/lib/python3.9/site-packages/airflow/example_dags/example_params_ui_tutorial.py
[2025-02-04T16:26:27.941+0000] {logging_mixin.py:190} INFO - [2025-02-04T16:26:27.940+0000] {dag.py:3239} INFO - Sync 1 DAGs
[2025-02-04T16:26:27.955+0000] {logging_mixin.py:190} INFO - [2025-02-04T16:26:27.955+0000] {dag.py:4180} INFO - Setting next_dagrun for example_params_ui_tutorial to None, run_after=None
[2025-02-04T16:26:27.980+0000] {processor.py:208} INFO - Processing /home/airflow/.local/lib/python3.9/site-packages/airflow/example_dags/example_params_ui_tutorial.py took 0.115 seconds
[2025-02-04T16:26:58.093+0000] {processor.py:186} INFO - Started process (PID=598) to work on /home/airflow/.local/lib/python3.9/site-packages/airflow/example_dags/example_params_ui_tutorial.py
[2025-02-04T16:26:58.094+0000] {processor.py:914} INFO - Processing file /home/airflow/.local/lib/python3.9/site-packages/airflow/example_dags/example_params_ui_tutorial.py for tasks to queue
[2025-02-04T16:26:58.097+0000] {logging_mixin.py:190} INFO - [2025-02-04T16:26:58.096+0000] {dagbag.py:588} INFO - Filling up the DagBag from /home/airflow/.local/lib/python3.9/site-packages/airflow/example_dags/example_params_ui_tutorial.py
[2025-02-04T16:26:58.109+0000] {processor.py:925} INFO - DAG(s) 'example_params_ui_tutorial' retrieved from /home/airflow/.local/lib/python3.9/site-packages/airflow/example_dags/example_params_ui_tutorial.py
[2025-02-04T16:26:58.176+0000] {logging_mixin.py:190} INFO - [2025-02-04T16:26:58.176+0000] {dag.py:3239} INFO - Sync 1 DAGs
[2025-02-04T16:26:58.190+0000] {logging_mixin.py:190} INFO - [2025-02-04T16:26:58.190+0000] {dag.py:4180} INFO - Setting next_dagrun for example_params_ui_tutorial to None, run_after=None
[2025-02-04T16:26:58.218+0000] {processor.py:208} INFO - Processing /home/airflow/.local/lib/python3.9/site-packages/airflow/example_dags/example_params_ui_tutorial.py took 0.135 seconds
[2025-02-04T16:27:29.101+0000] {processor.py:186} INFO - Started process (PID=662) to work on /home/airflow/.local/lib/python3.9/site-packages/airflow/example_dags/example_params_ui_tutorial.py
[2025-02-04T16:27:29.103+0000] {processor.py:914} INFO - Processing file /home/airflow/.local/lib/python3.9/site-packages/airflow/example_dags/example_params_ui_tutorial.py for tasks to queue
[2025-02-04T16:27:29.105+0000] {logging_mixin.py:190} INFO - [2025-02-04T16:27:29.105+0000] {dagbag.py:588} INFO - Filling up the DagBag from /home/airflow/.local/lib/python3.9/site-packages/airflow/example_dags/example_params_ui_tutorial.py
[2025-02-04T16:27:29.119+0000] {processor.py:925} INFO - DAG(s) 'example_params_ui_tutorial' retrieved from /home/airflow/.local/lib/python3.9/site-packages/airflow/example_dags/example_params_ui_tutorial.py
[2025-02-04T16:27:29.189+0000] {logging_mixin.py:190} INFO - [2025-02-04T16:27:29.189+0000] {dag.py:3239} INFO - Sync 1 DAGs
[2025-02-04T16:27:29.204+0000] {logging_mixin.py:190} INFO - [2025-02-04T16:27:29.204+0000] {dag.py:4180} INFO - Setting next_dagrun for example_params_ui_tutorial to None, run_after=None
[2025-02-04T16:27:29.235+0000] {processor.py:208} INFO - Processing /home/airflow/.local/lib/python3.9/site-packages/airflow/example_dags/example_params_ui_tutorial.py took 0.140 seconds
[2025-02-04T16:28:00.051+0000] {processor.py:186} INFO - Started process (PID=733) to work on /home/airflow/.local/lib/python3.9/site-packages/airflow/example_dags/example_params_ui_tutorial.py
[2025-02-04T16:28:00.052+0000] {processor.py:914} INFO - Processing file /home/airflow/.local/lib/python3.9/site-packages/airflow/example_dags/example_params_ui_tutorial.py for tasks to queue
[2025-02-04T16:28:00.055+0000] {logging_mixin.py:190} INFO - [2025-02-04T16:28:00.055+0000] {dagbag.py:588} INFO - Filling up the DagBag from /home/airflow/.local/lib/python3.9/site-packages/airflow/example_dags/example_params_ui_tutorial.py
[2025-02-04T16:28:00.066+0000] {processor.py:925} INFO - DAG(s) 'example_params_ui_tutorial' retrieved from /home/airflow/.local/lib/python3.9/site-packages/airflow/example_dags/example_params_ui_tutorial.py
[2025-02-04T16:28:00.117+0000] {logging_mixin.py:190} INFO - [2025-02-04T16:28:00.117+0000] {dag.py:3239} INFO - Sync 1 DAGs
[2025-02-04T16:28:00.132+0000] {logging_mixin.py:190} INFO - [2025-02-04T16:28:00.131+0000] {dag.py:4180} INFO - Setting next_dagrun for example_params_ui_tutorial to None, run_after=None
[2025-02-04T16:28:00.160+0000] {processor.py:208} INFO - Processing /home/airflow/.local/lib/python3.9/site-packages/airflow/example_dags/example_params_ui_tutorial.py took 0.116 seconds
[2025-02-04T16:28:30.540+0000] {processor.py:186} INFO - Started process (PID=797) to work on /home/airflow/.local/lib/python3.9/site-packages/airflow/example_dags/example_params_ui_tutorial.py
[2025-02-04T16:28:30.541+0000] {processor.py:914} INFO - Processing file /home/airflow/.local/lib/python3.9/site-packages/airflow/example_dags/example_params_ui_tutorial.py for tasks to queue
[2025-02-04T16:28:30.545+0000] {logging_mixin.py:190} INFO - [2025-02-04T16:28:30.544+0000] {dagbag.py:588} INFO - Filling up the DagBag from /home/airflow/.local/lib/python3.9/site-packages/airflow/example_dags/example_params_ui_tutorial.py
[2025-02-04T16:28:30.556+0000] {processor.py:925} INFO - DAG(s) 'example_params_ui_tutorial' retrieved from /home/airflow/.local/lib/python3.9/site-packages/airflow/example_dags/example_params_ui_tutorial.py
[2025-02-04T16:28:30.605+0000] {logging_mixin.py:190} INFO - [2025-02-04T16:28:30.604+0000] {dag.py:3239} INFO - Sync 1 DAGs
[2025-02-04T16:28:30.622+0000] {logging_mixin.py:190} INFO - [2025-02-04T16:28:30.622+0000] {dag.py:4180} INFO - Setting next_dagrun for example_params_ui_tutorial to None, run_after=None
[2025-02-04T16:28:30.647+0000] {processor.py:208} INFO - Processing /home/airflow/.local/lib/python3.9/site-packages/airflow/example_dags/example_params_ui_tutorial.py took 0.117 seconds
[2025-02-04T16:29:00.790+0000] {processor.py:186} INFO - Started process (PID=861) to work on /home/airflow/.local/lib/python3.9/site-packages/airflow/example_dags/example_params_ui_tutorial.py
[2025-02-04T16:29:00.791+0000] {processor.py:914} INFO - Processing file /home/airflow/.local/lib/python3.9/site-packages/airflow/example_dags/example_params_ui_tutorial.py for tasks to queue
[2025-02-04T16:29:00.793+0000] {logging_mixin.py:190} INFO - [2025-02-04T16:29:00.793+0000] {dagbag.py:588} INFO - Filling up the DagBag from /home/airflow/.local/lib/python3.9/site-packages/airflow/example_dags/example_params_ui_tutorial.py
[2025-02-04T16:29:00.148+0000] {processor.py:925} INFO - DAG(s) 'example_params_ui_tutorial' retrieved from /home/airflow/.local/lib/python3.9/site-packages/airflow/example_dags/example_params_ui_tutorial.py
[2025-02-04T16:29:00.200+0000] {logging_mixin.py:190} INFO - [2025-02-04T16:29:00.200+0000] {dag.py:3239} INFO - Sync 1 DAGs
[2025-02-04T16:29:00.215+0000] {logging_mixin.py:190} INFO - [2025-02-04T16:29:00.214+0000] {dag.py:4180} INFO - Setting next_dagrun for example_params_ui_tutorial to None, run_after=None
[2025-02-04T16:28:59.130+0000] {processor.py:208} INFO - Processing /home/airflow/.local/lib/python3.9/site-packages/airflow/example_dags/example_params_ui_tutorial.py took 0.309 seconds
[2025-02-04T16:29:29.253+0000] {processor.py:186} INFO - Started process (PID=914) to work on /home/airflow/.local/lib/python3.9/site-packages/airflow/example_dags/example_params_ui_tutorial.py
[2025-02-04T16:29:29.255+0000] {processor.py:914} INFO - Processing file /home/airflow/.local/lib/python3.9/site-packages/airflow/example_dags/example_params_ui_tutorial.py for tasks to queue
[2025-02-04T16:29:29.258+0000] {logging_mixin.py:190} INFO - [2025-02-04T16:29:29.258+0000] {dagbag.py:588} INFO - Filling up the DagBag from /home/airflow/.local/lib/python3.9/site-packages/airflow/example_dags/example_params_ui_tutorial.py
[2025-02-04T16:29:29.272+0000] {processor.py:925} INFO - DAG(s) 'example_params_ui_tutorial' retrieved from /home/airflow/.local/lib/python3.9/site-packages/airflow/example_dags/example_params_ui_tutorial.py
[2025-02-04T16:29:29.340+0000] {logging_mixin.py:190} INFO - [2025-02-04T16:29:29.339+0000] {dag.py:3239} INFO - Sync 1 DAGs
[2025-02-04T16:29:29.356+0000] {logging_mixin.py:190} INFO - [2025-02-04T16:29:29.356+0000] {dag.py:4180} INFO - Setting next_dagrun for example_params_ui_tutorial to None, run_after=None
[2025-02-04T16:29:29.386+0000] {processor.py:208} INFO - Processing /home/airflow/.local/lib/python3.9/site-packages/airflow/example_dags/example_params_ui_tutorial.py took 0.143 seconds
[2025-02-04T16:29:59.521+0000] {processor.py:186} INFO - Started process (PID=978) to work on /home/airflow/.local/lib/python3.9/site-packages/airflow/example_dags/example_params_ui_tutorial.py
[2025-02-04T16:29:59.522+0000] {processor.py:914} INFO - Processing file /home/airflow/.local/lib/python3.9/site-packages/airflow/example_dags/example_params_ui_tutorial.py for tasks to queue
[2025-02-04T16:29:59.526+0000] {logging_mixin.py:190} INFO - [2025-02-04T16:29:59.525+0000] {dagbag.py:588} INFO - Filling up the DagBag from /home/airflow/.local/lib/python3.9/site-packages/airflow/example_dags/example_params_ui_tutorial.py
[2025-02-04T16:29:59.544+0000] {processor.py:925} INFO - DAG(s) 'example_params_ui_tutorial' retrieved from /home/airflow/.local/lib/python3.9/site-packages/airflow/example_dags/example_params_ui_tutorial.py
[2025-02-04T16:29:59.616+0000] {logging_mixin.py:190} INFO - [2025-02-04T16:29:59.616+0000] {dag.py:3239} INFO - Sync 1 DAGs
[2025-02-04T16:29:59.633+0000] {logging_mixin.py:190} INFO - [2025-02-04T16:29:59.632+0000] {dag.py:4180} INFO - Setting next_dagrun for example_params_ui_tutorial to None, run_after=None
[2025-02-04T16:29:59.665+0000] {processor.py:208} INFO - Processing /home/airflow/.local/lib/python3.9/site-packages/airflow/example_dags/example_params_ui_tutorial.py took 0.154 seconds
[2025-02-04T16:30:29.859+0000] {processor.py:186} INFO - Started process (PID=1042) to work on /home/airflow/.local/lib/python3.9/site-packages/airflow/example_dags/example_params_ui_tutorial.py
[2025-02-04T16:30:29.861+0000] {processor.py:914} INFO - Processing file /home/airflow/.local/lib/python3.9/site-packages/airflow/example_dags/example_params_ui_tutorial.py for tasks to queue
[2025-02-04T16:30:29.864+0000] {logging_mixin.py:190} INFO - [2025-02-04T16:30:29.863+0000] {dagbag.py:588} INFO - Filling up the DagBag from /home/airflow/.local/lib/python3.9/site-packages/airflow/example_dags/example_params_ui_tutorial.py
[2025-02-04T16:30:29.874+0000] {processor.py:925} INFO - DAG(s) 'example_params_ui_tutorial' retrieved from /home/airflow/.local/lib/python3.9/site-packages/airflow/example_dags/example_params_ui_tutorial.py
[2025-02-04T16:30:30.473+0000] {logging_mixin.py:190} INFO - [2025-02-04T16:30:30.473+0000] {dag.py:3239} INFO - Sync 1 DAGs
[2025-02-04T16:30:30.492+0000] {logging_mixin.py:190} INFO - [2025-02-04T16:30:30.492+0000] {dag.py:4180} INFO - Setting next_dagrun for example_params_ui_tutorial to None, run_after=None
[2025-02-04T16:30:30.615+0000] {processor.py:208} INFO - Processing /home/airflow/.local/lib/python3.9/site-packages/airflow/example_dags/example_params_ui_tutorial.py took 0.766 seconds
[2025-02-04T16:31:01.678+0000] {processor.py:186} INFO - Started process (PID=1107) to work on /home/airflow/.local/lib/python3.9/site-packages/airflow/example_dags/example_params_ui_tutorial.py
[2025-02-04T16:31:01.679+0000] {processor.py:914} INFO - Processing file /home/airflow/.local/lib/python3.9/site-packages/airflow/example_dags/example_params_ui_tutorial.py for tasks to queue
[2025-02-04T16:31:01.682+0000] {logging_mixin.py:190} INFO - [2025-02-04T16:31:01.682+0000] {dagbag.py:588} INFO - Filling up the DagBag from /home/airflow/.local/lib/python3.9/site-packages/airflow/example_dags/example_params_ui_tutorial.py
[2025-02-04T16:31:01.693+0000] {processor.py:925} INFO - DAG(s) 'example_params_ui_tutorial' retrieved from /home/airflow/.local/lib/python3.9/site-packages/airflow/example_dags/example_params_ui_tutorial.py
[2025-02-04T16:31:01.745+0000] {logging_mixin.py:190} INFO - [2025-02-04T16:31:01.744+0000] {dag.py:3239} INFO - Sync 1 DAGs
[2025-02-04T16:31:01.760+0000] {logging_mixin.py:190} INFO - [2025-02-04T16:31:01.760+0000] {dag.py:4180} INFO - Setting next_dagrun for example_params_ui_tutorial to None, run_after=None
[2025-02-04T16:31:01.790+0000] {processor.py:208} INFO - Processing /home/airflow/.local/lib/python3.9/site-packages/airflow/example_dags/example_params_ui_tutorial.py took 0.119 seconds
[2025-02-04T16:31:32.478+0000] {processor.py:186} INFO - Started process (PID=1171) to work on /home/airflow/.local/lib/python3.9/site-packages/airflow/example_dags/example_params_ui_tutorial.py
[2025-02-04T16:31:32.480+0000] {processor.py:914} INFO - Processing file /home/airflow/.local/lib/python3.9/site-packages/airflow/example_dags/example_params_ui_tutorial.py for tasks to queue
[2025-02-04T16:31:32.482+0000] {logging_mixin.py:190} INFO - [2025-02-04T16:31:32.482+0000] {dagbag.py:588} INFO - Filling up the DagBag from /home/airflow/.local/lib/python3.9/site-packages/airflow/example_dags/example_params_ui_tutorial.py
[2025-02-04T16:31:32.493+0000] {processor.py:925} INFO - DAG(s) 'example_params_ui_tutorial' retrieved from /home/airflow/.local/lib/python3.9/site-packages/airflow/example_dags/example_params_ui_tutorial.py
[2025-02-04T16:31:32.549+0000] {logging_mixin.py:190} INFO - [2025-02-04T16:31:32.548+0000] {dag.py:3239} INFO - Sync 1 DAGs
[2025-02-04T16:31:32.566+0000] {logging_mixin.py:190} INFO - [2025-02-04T16:31:32.565+0000] {dag.py:4180} INFO - Setting next_dagrun for example_params_ui_tutorial to None, run_after=None
[2025-02-04T16:31:32.595+0000] {processor.py:208} INFO - Processing /home/airflow/.local/lib/python3.9/site-packages/airflow/example_dags/example_params_ui_tutorial.py took 0.124 seconds
[2025-02-04T16:32:04.616+0000] {processor.py:186} INFO - Started process (PID=1235) to work on /home/airflow/.local/lib/python3.9/site-packages/airflow/example_dags/example_params_ui_tutorial.py
[2025-02-04T16:32:04.618+0000] {processor.py:914} INFO - Processing file /home/airflow/.local/lib/python3.9/site-packages/airflow/example_dags/example_params_ui_tutorial.py for tasks to queue
[2025-02-04T16:32:04.621+0000] {logging_mixin.py:190} INFO - [2025-02-04T16:32:04.620+0000] {dagbag.py:588} INFO - Filling up the DagBag from /home/airflow/.local/lib/python3.9/site-packages/airflow/example_dags/example_params_ui_tutorial.py
[2025-02-04T16:32:05.290+0000] {processor.py:925} INFO - DAG(s) 'example_params_ui_tutorial' retrieved from /home/airflow/.local/lib/python3.9/site-packages/airflow/example_dags/example_params_ui_tutorial.py
[2025-02-04T16:32:05.344+0000] {logging_mixin.py:190} INFO - [2025-02-04T16:32:05.344+0000] {dag.py:3239} INFO - Sync 1 DAGs
[2025-02-04T16:32:05.366+0000] {logging_mixin.py:190} INFO - [2025-02-04T16:32:05.366+0000] {dag.py:4180} INFO - Setting next_dagrun for example_params_ui_tutorial to None, run_after=None
[2025-02-04T16:32:05.398+0000] {processor.py:208} INFO - Processing /home/airflow/.local/lib/python3.9/site-packages/airflow/example_dags/example_params_ui_tutorial.py took 0.790 seconds
[2025-02-04T16:32:36.054+0000] {processor.py:186} INFO - Started process (PID=1300) to work on /home/airflow/.local/lib/python3.9/site-packages/airflow/example_dags/example_params_ui_tutorial.py
[2025-02-04T16:32:36.056+0000] {processor.py:914} INFO - Processing file /home/airflow/.local/lib/python3.9/site-packages/airflow/example_dags/example_params_ui_tutorial.py for tasks to queue
[2025-02-04T16:32:36.061+0000] {logging_mixin.py:190} INFO - [2025-02-04T16:32:36.060+0000] {dagbag.py:588} INFO - Filling up the DagBag from /home/airflow/.local/lib/python3.9/site-packages/airflow/example_dags/example_params_ui_tutorial.py
[2025-02-04T16:32:36.074+0000] {processor.py:925} INFO - DAG(s) 'example_params_ui_tutorial' retrieved from /home/airflow/.local/lib/python3.9/site-packages/airflow/example_dags/example_params_ui_tutorial.py
[2025-02-04T16:32:36.142+0000] {logging_mixin.py:190} INFO - [2025-02-04T16:32:36.142+0000] {dag.py:3239} INFO - Sync 1 DAGs
[2025-02-04T16:32:36.168+0000] {logging_mixin.py:190} INFO - [2025-02-04T16:32:36.168+0000] {dag.py:4180} INFO - Setting next_dagrun for example_params_ui_tutorial to None, run_after=None
[2025-02-04T16:32:36.226+0000] {processor.py:208} INFO - Processing /home/airflow/.local/lib/python3.9/site-packages/airflow/example_dags/example_params_ui_tutorial.py took 0.179 seconds
[2025-02-04T16:33:06.421+0000] {processor.py:186} INFO - Started process (PID=1364) to work on /home/airflow/.local/lib/python3.9/site-packages/airflow/example_dags/example_params_ui_tutorial.py
[2025-02-04T16:33:06.423+0000] {processor.py:914} INFO - Processing file /home/airflow/.local/lib/python3.9/site-packages/airflow/example_dags/example_params_ui_tutorial.py for tasks to queue
[2025-02-04T16:33:06.425+0000] {logging_mixin.py:190} INFO - [2025-02-04T16:33:06.425+0000] {dagbag.py:588} INFO - Filling up the DagBag from /home/airflow/.local/lib/python3.9/site-packages/airflow/example_dags/example_params_ui_tutorial.py
[2025-02-04T16:33:06.435+0000] {processor.py:925} INFO - DAG(s) 'example_params_ui_tutorial' retrieved from /home/airflow/.local/lib/python3.9/site-packages/airflow/example_dags/example_params_ui_tutorial.py
[2025-02-04T16:33:06.490+0000] {logging_mixin.py:190} INFO - [2025-02-04T16:33:06.490+0000] {dag.py:3239} INFO - Sync 1 DAGs
[2025-02-04T16:33:06.506+0000] {logging_mixin.py:190} INFO - [2025-02-04T16:33:06.506+0000] {dag.py:4180} INFO - Setting next_dagrun for example_params_ui_tutorial to None, run_after=None
[2025-02-04T16:33:06.537+0000] {processor.py:208} INFO - Processing /home/airflow/.local/lib/python3.9/site-packages/airflow/example_dags/example_params_ui_tutorial.py took 0.125 seconds
[2025-02-04T16:33:36.944+0000] {processor.py:186} INFO - Started process (PID=1436) to work on /home/airflow/.local/lib/python3.9/site-packages/airflow/example_dags/example_params_ui_tutorial.py
[2025-02-04T16:33:36.946+0000] {processor.py:914} INFO - Processing file /home/airflow/.local/lib/python3.9/site-packages/airflow/example_dags/example_params_ui_tutorial.py for tasks to queue
[2025-02-04T16:33:36.948+0000] {logging_mixin.py:190} INFO - [2025-02-04T16:33:36.948+0000] {dagbag.py:588} INFO - Filling up the DagBag from /home/airflow/.local/lib/python3.9/site-packages/airflow/example_dags/example_params_ui_tutorial.py
[2025-02-04T16:33:36.959+0000] {processor.py:925} INFO - DAG(s) 'example_params_ui_tutorial' retrieved from /home/airflow/.local/lib/python3.9/site-packages/airflow/example_dags/example_params_ui_tutorial.py
[2025-02-04T16:33:37.013+0000] {logging_mixin.py:190} INFO - [2025-02-04T16:33:37.013+0000] {dag.py:3239} INFO - Sync 1 DAGs
[2025-02-04T16:33:37.028+0000] {logging_mixin.py:190} INFO - [2025-02-04T16:33:37.028+0000] {dag.py:4180} INFO - Setting next_dagrun for example_params_ui_tutorial to None, run_after=None
[2025-02-04T16:33:37.055+0000] {processor.py:208} INFO - Processing /home/airflow/.local/lib/python3.9/site-packages/airflow/example_dags/example_params_ui_tutorial.py took 0.118 seconds
[2025-02-04T16:34:07.832+0000] {processor.py:186} INFO - Started process (PID=1501) to work on /home/airflow/.local/lib/python3.9/site-packages/airflow/example_dags/example_params_ui_tutorial.py
[2025-02-04T16:34:07.834+0000] {processor.py:914} INFO - Processing file /home/airflow/.local/lib/python3.9/site-packages/airflow/example_dags/example_params_ui_tutorial.py for tasks to queue
[2025-02-04T16:34:07.837+0000] {logging_mixin.py:190} INFO - [2025-02-04T16:34:07.837+0000] {dagbag.py:588} INFO - Filling up the DagBag from /home/airflow/.local/lib/python3.9/site-packages/airflow/example_dags/example_params_ui_tutorial.py
[2025-02-04T16:34:07.847+0000] {processor.py:925} INFO - DAG(s) 'example_params_ui_tutorial' retrieved from /home/airflow/.local/lib/python3.9/site-packages/airflow/example_dags/example_params_ui_tutorial.py
[2025-02-04T16:34:07.900+0000] {logging_mixin.py:190} INFO - [2025-02-04T16:34:07.900+0000] {dag.py:3239} INFO - Sync 1 DAGs
[2025-02-04T16:34:07.915+0000] {logging_mixin.py:190} INFO - [2025-02-04T16:34:07.915+0000] {dag.py:4180} INFO - Setting next_dagrun for example_params_ui_tutorial to None, run_after=None
[2025-02-04T16:34:07.943+0000] {processor.py:208} INFO - Processing /home/airflow/.local/lib/python3.9/site-packages/airflow/example_dags/example_params_ui_tutorial.py took 0.117 seconds
[2025-02-04T16:34:40.795+0000] {processor.py:186} INFO - Started process (PID=1565) to work on /home/airflow/.local/lib/python3.9/site-packages/airflow/example_dags/example_params_ui_tutorial.py
[2025-02-04T16:34:40.799+0000] {processor.py:914} INFO - Processing file /home/airflow/.local/lib/python3.9/site-packages/airflow/example_dags/example_params_ui_tutorial.py for tasks to queue
[2025-02-04T16:34:40.804+0000] {logging_mixin.py:190} INFO - [2025-02-04T16:34:40.803+0000] {dagbag.py:588} INFO - Filling up the DagBag from /home/airflow/.local/lib/python3.9/site-packages/airflow/example_dags/example_params_ui_tutorial.py
[2025-02-04T16:34:40.827+0000] {processor.py:925} INFO - DAG(s) 'example_params_ui_tutorial' retrieved from /home/airflow/.local/lib/python3.9/site-packages/airflow/example_dags/example_params_ui_tutorial.py
[2025-02-04T16:34:40.962+0000] {logging_mixin.py:190} INFO - [2025-02-04T16:34:40.961+0000] {dag.py:3239} INFO - Sync 1 DAGs
[2025-02-04T16:34:40.978+0000] {logging_mixin.py:190} INFO - [2025-02-04T16:34:40.978+0000] {dag.py:4180} INFO - Setting next_dagrun for example_params_ui_tutorial to None, run_after=None
[2025-02-04T16:34:41.006+0000] {processor.py:208} INFO - Processing /home/airflow/.local/lib/python3.9/site-packages/airflow/example_dags/example_params_ui_tutorial.py took 0.224 seconds
[2025-02-04T16:35:11.838+0000] {processor.py:186} INFO - Started process (PID=1630) to work on /home/airflow/.local/lib/python3.9/site-packages/airflow/example_dags/example_params_ui_tutorial.py
[2025-02-04T16:35:11.840+0000] {processor.py:914} INFO - Processing file /home/airflow/.local/lib/python3.9/site-packages/airflow/example_dags/example_params_ui_tutorial.py for tasks to queue
[2025-02-04T16:35:11.842+0000] {logging_mixin.py:190} INFO - [2025-02-04T16:35:11.842+0000] {dagbag.py:588} INFO - Filling up the DagBag from /home/airflow/.local/lib/python3.9/site-packages/airflow/example_dags/example_params_ui_tutorial.py
[2025-02-04T16:35:11.853+0000] {processor.py:925} INFO - DAG(s) 'example_params_ui_tutorial' retrieved from /home/airflow/.local/lib/python3.9/site-packages/airflow/example_dags/example_params_ui_tutorial.py
[2025-02-04T16:35:11.903+0000] {logging_mixin.py:190} INFO - [2025-02-04T16:35:11.902+0000] {dag.py:3239} INFO - Sync 1 DAGs
[2025-02-04T16:35:11.917+0000] {logging_mixin.py:190} INFO - [2025-02-04T16:35:11.916+0000] {dag.py:4180} INFO - Setting next_dagrun for example_params_ui_tutorial to None, run_after=None
[2025-02-04T16:35:11.945+0000] {processor.py:208} INFO - Processing /home/airflow/.local/lib/python3.9/site-packages/airflow/example_dags/example_params_ui_tutorial.py took 0.114 seconds
[2025-02-04T16:35:43.016+0000] {processor.py:186} INFO - Started process (PID=1694) to work on /home/airflow/.local/lib/python3.9/site-packages/airflow/example_dags/example_params_ui_tutorial.py
[2025-02-04T16:35:43.017+0000] {processor.py:914} INFO - Processing file /home/airflow/.local/lib/python3.9/site-packages/airflow/example_dags/example_params_ui_tutorial.py for tasks to queue
[2025-02-04T16:35:43.020+0000] {logging_mixin.py:190} INFO - [2025-02-04T16:35:43.020+0000] {dagbag.py:588} INFO - Filling up the DagBag from /home/airflow/.local/lib/python3.9/site-packages/airflow/example_dags/example_params_ui_tutorial.py
[2025-02-04T16:35:43.030+0000] {processor.py:925} INFO - DAG(s) 'example_params_ui_tutorial' retrieved from /home/airflow/.local/lib/python3.9/site-packages/airflow/example_dags/example_params_ui_tutorial.py
[2025-02-04T16:35:43.087+0000] {logging_mixin.py:190} INFO - [2025-02-04T16:35:43.087+0000] {dag.py:3239} INFO - Sync 1 DAGs
[2025-02-04T16:35:43.109+0000] {logging_mixin.py:190} INFO - [2025-02-04T16:35:43.108+0000] {dag.py:4180} INFO - Setting next_dagrun for example_params_ui_tutorial to None, run_after=None
[2025-02-04T16:35:43.136+0000] {processor.py:208} INFO - Processing /home/airflow/.local/lib/python3.9/site-packages/airflow/example_dags/example_params_ui_tutorial.py took 0.127 seconds
[2025-02-04T16:36:14.110+0000] {processor.py:186} INFO - Started process (PID=1759) to work on /home/airflow/.local/lib/python3.9/site-packages/airflow/example_dags/example_params_ui_tutorial.py
[2025-02-04T16:36:14.112+0000] {processor.py:914} INFO - Processing file /home/airflow/.local/lib/python3.9/site-packages/airflow/example_dags/example_params_ui_tutorial.py for tasks to queue
[2025-02-04T16:36:14.115+0000] {logging_mixin.py:190} INFO - [2025-02-04T16:36:14.114+0000] {dagbag.py:588} INFO - Filling up the DagBag from /home/airflow/.local/lib/python3.9/site-packages/airflow/example_dags/example_params_ui_tutorial.py
[2025-02-04T16:36:14.125+0000] {processor.py:925} INFO - DAG(s) 'example_params_ui_tutorial' retrieved from /home/airflow/.local/lib/python3.9/site-packages/airflow/example_dags/example_params_ui_tutorial.py
[2025-02-04T16:36:14.177+0000] {logging_mixin.py:190} INFO - [2025-02-04T16:36:14.177+0000] {dag.py:3239} INFO - Sync 1 DAGs
[2025-02-04T16:36:14.193+0000] {logging_mixin.py:190} INFO - [2025-02-04T16:36:14.193+0000] {dag.py:4180} INFO - Setting next_dagrun for example_params_ui_tutorial to None, run_after=None
[2025-02-04T16:36:14.221+0000] {processor.py:208} INFO - Processing /home/airflow/.local/lib/python3.9/site-packages/airflow/example_dags/example_params_ui_tutorial.py took 0.117 seconds
[2025-02-04T16:36:44.967+0000] {processor.py:186} INFO - Started process (PID=1823) to work on /home/airflow/.local/lib/python3.9/site-packages/airflow/example_dags/example_params_ui_tutorial.py
[2025-02-04T16:36:44.968+0000] {processor.py:914} INFO - Processing file /home/airflow/.local/lib/python3.9/site-packages/airflow/example_dags/example_params_ui_tutorial.py for tasks to queue
[2025-02-04T16:36:44.971+0000] {logging_mixin.py:190} INFO - [2025-02-04T16:36:44.970+0000] {dagbag.py:588} INFO - Filling up the DagBag from /home/airflow/.local/lib/python3.9/site-packages/airflow/example_dags/example_params_ui_tutorial.py
[2025-02-04T16:36:44.980+0000] {processor.py:925} INFO - DAG(s) 'example_params_ui_tutorial' retrieved from /home/airflow/.local/lib/python3.9/site-packages/airflow/example_dags/example_params_ui_tutorial.py
[2025-02-04T16:36:45.030+0000] {logging_mixin.py:190} INFO - [2025-02-04T16:36:45.030+0000] {dag.py:3239} INFO - Sync 1 DAGs
[2025-02-04T16:36:45.047+0000] {logging_mixin.py:190} INFO - [2025-02-04T16:36:45.046+0000] {dag.py:4180} INFO - Setting next_dagrun for example_params_ui_tutorial to None, run_after=None
[2025-02-04T16:36:45.071+0000] {processor.py:208} INFO - Processing /home/airflow/.local/lib/python3.9/site-packages/airflow/example_dags/example_params_ui_tutorial.py took 0.111 seconds
[2025-02-04T16:39:23.423+0000] {processor.py:186} INFO - Started process (PID=1886) to work on /home/airflow/.local/lib/python3.9/site-packages/airflow/example_dags/example_params_ui_tutorial.py
[2025-02-04T16:39:23.424+0000] {processor.py:914} INFO - Processing file /home/airflow/.local/lib/python3.9/site-packages/airflow/example_dags/example_params_ui_tutorial.py for tasks to queue
[2025-02-04T16:39:23.426+0000] {logging_mixin.py:190} INFO - [2025-02-04T16:39:23.425+0000] {dagbag.py:588} INFO - Filling up the DagBag from /home/airflow/.local/lib/python3.9/site-packages/airflow/example_dags/example_params_ui_tutorial.py
[2025-02-04T16:39:23.437+0000] {processor.py:925} INFO - DAG(s) 'example_params_ui_tutorial' retrieved from /home/airflow/.local/lib/python3.9/site-packages/airflow/example_dags/example_params_ui_tutorial.py
[2025-02-04T16:39:23.501+0000] {logging_mixin.py:190} INFO - [2025-02-04T16:39:23.501+0000] {dag.py:3239} INFO - Sync 1 DAGs
[2025-02-04T16:39:23.518+0000] {logging_mixin.py:190} INFO - [2025-02-04T16:39:23.518+0000] {dag.py:4180} INFO - Setting next_dagrun for example_params_ui_tutorial to None, run_after=None
[2025-02-04T16:39:23.544+0000] {processor.py:208} INFO - Processing /home/airflow/.local/lib/python3.9/site-packages/airflow/example_dags/example_params_ui_tutorial.py took 0.130 seconds
[2025-02-04T16:39:53.769+0000] {processor.py:186} INFO - Started process (PID=1951) to work on /home/airflow/.local/lib/python3.9/site-packages/airflow/example_dags/example_params_ui_tutorial.py
[2025-02-04T16:39:53.770+0000] {processor.py:914} INFO - Processing file /home/airflow/.local/lib/python3.9/site-packages/airflow/example_dags/example_params_ui_tutorial.py for tasks to queue
[2025-02-04T16:39:53.771+0000] {logging_mixin.py:190} INFO - [2025-02-04T16:39:53.771+0000] {dagbag.py:588} INFO - Filling up the DagBag from /home/airflow/.local/lib/python3.9/site-packages/airflow/example_dags/example_params_ui_tutorial.py
[2025-02-04T16:39:53.784+0000] {processor.py:925} INFO - DAG(s) 'example_params_ui_tutorial' retrieved from /home/airflow/.local/lib/python3.9/site-packages/airflow/example_dags/example_params_ui_tutorial.py
[2025-02-04T16:39:53.834+0000] {logging_mixin.py:190} INFO - [2025-02-04T16:39:53.834+0000] {dag.py:3239} INFO - Sync 1 DAGs
[2025-02-04T16:39:53.847+0000] {logging_mixin.py:190} INFO - [2025-02-04T16:39:53.847+0000] {dag.py:4180} INFO - Setting next_dagrun for example_params_ui_tutorial to None, run_after=None
[2025-02-04T16:39:53.871+0000] {processor.py:208} INFO - Processing /home/airflow/.local/lib/python3.9/site-packages/airflow/example_dags/example_params_ui_tutorial.py took 0.108 seconds
[2025-02-04T16:40:24.792+0000] {processor.py:186} INFO - Started process (PID=2014) to work on /home/airflow/.local/lib/python3.9/site-packages/airflow/example_dags/example_params_ui_tutorial.py
[2025-02-04T16:40:24.794+0000] {processor.py:914} INFO - Processing file /home/airflow/.local/lib/python3.9/site-packages/airflow/example_dags/example_params_ui_tutorial.py for tasks to queue
[2025-02-04T16:40:24.796+0000] {logging_mixin.py:190} INFO - [2025-02-04T16:40:24.795+0000] {dagbag.py:588} INFO - Filling up the DagBag from /home/airflow/.local/lib/python3.9/site-packages/airflow/example_dags/example_params_ui_tutorial.py
[2025-02-04T16:40:24.807+0000] {processor.py:925} INFO - DAG(s) 'example_params_ui_tutorial' retrieved from /home/airflow/.local/lib/python3.9/site-packages/airflow/example_dags/example_params_ui_tutorial.py
[2025-02-04T16:40:24.860+0000] {logging_mixin.py:190} INFO - [2025-02-04T16:40:24.860+0000] {dag.py:3239} INFO - Sync 1 DAGs
[2025-02-04T16:40:24.875+0000] {logging_mixin.py:190} INFO - [2025-02-04T16:40:24.875+0000] {dag.py:4180} INFO - Setting next_dagrun for example_params_ui_tutorial to None, run_after=None
[2025-02-04T16:40:24.902+0000] {processor.py:208} INFO - Processing /home/airflow/.local/lib/python3.9/site-packages/airflow/example_dags/example_params_ui_tutorial.py took 0.116 seconds
[2025-02-04T16:40:55.839+0000] {processor.py:186} INFO - Started process (PID=2078) to work on /home/airflow/.local/lib/python3.9/site-packages/airflow/example_dags/example_params_ui_tutorial.py
[2025-02-04T16:40:55.841+0000] {processor.py:914} INFO - Processing file /home/airflow/.local/lib/python3.9/site-packages/airflow/example_dags/example_params_ui_tutorial.py for tasks to queue
[2025-02-04T16:40:55.842+0000] {logging_mixin.py:190} INFO - [2025-02-04T16:40:55.842+0000] {dagbag.py:588} INFO - Filling up the DagBag from /home/airflow/.local/lib/python3.9/site-packages/airflow/example_dags/example_params_ui_tutorial.py
[2025-02-04T16:40:55.852+0000] {processor.py:925} INFO - DAG(s) 'example_params_ui_tutorial' retrieved from /home/airflow/.local/lib/python3.9/site-packages/airflow/example_dags/example_params_ui_tutorial.py
[2025-02-04T16:40:55.899+0000] {logging_mixin.py:190} INFO - [2025-02-04T16:40:55.899+0000] {dag.py:3239} INFO - Sync 1 DAGs
[2025-02-04T16:40:55.917+0000] {logging_mixin.py:190} INFO - [2025-02-04T16:40:55.917+0000] {dag.py:4180} INFO - Setting next_dagrun for example_params_ui_tutorial to None, run_after=None
[2025-02-04T16:40:55.948+0000] {processor.py:208} INFO - Processing /home/airflow/.local/lib/python3.9/site-packages/airflow/example_dags/example_params_ui_tutorial.py took 0.115 seconds
[2025-02-04T16:41:26.759+0000] {processor.py:186} INFO - Started process (PID=2142) to work on /home/airflow/.local/lib/python3.9/site-packages/airflow/example_dags/example_params_ui_tutorial.py
[2025-02-04T16:41:26.760+0000] {processor.py:914} INFO - Processing file /home/airflow/.local/lib/python3.9/site-packages/airflow/example_dags/example_params_ui_tutorial.py for tasks to queue
[2025-02-04T16:41:26.762+0000] {logging_mixin.py:190} INFO - [2025-02-04T16:41:26.762+0000] {dagbag.py:588} INFO - Filling up the DagBag from /home/airflow/.local/lib/python3.9/site-packages/airflow/example_dags/example_params_ui_tutorial.py
[2025-02-04T16:41:26.772+0000] {processor.py:925} INFO - DAG(s) 'example_params_ui_tutorial' retrieved from /home/airflow/.local/lib/python3.9/site-packages/airflow/example_dags/example_params_ui_tutorial.py
[2025-02-04T16:41:26.823+0000] {logging_mixin.py:190} INFO - [2025-02-04T16:41:26.822+0000] {dag.py:3239} INFO - Sync 1 DAGs
[2025-02-04T16:41:26.847+0000] {logging_mixin.py:190} INFO - [2025-02-04T16:41:26.847+0000] {dag.py:4180} INFO - Setting next_dagrun for example_params_ui_tutorial to None, run_after=None
[2025-02-04T16:41:26.874+0000] {processor.py:208} INFO - Processing /home/airflow/.local/lib/python3.9/site-packages/airflow/example_dags/example_params_ui_tutorial.py took 0.121 seconds
[2025-02-04T16:41:56.972+0000] {processor.py:186} INFO - Started process (PID=2206) to work on /home/airflow/.local/lib/python3.9/site-packages/airflow/example_dags/example_params_ui_tutorial.py
[2025-02-04T16:41:56.974+0000] {processor.py:914} INFO - Processing file /home/airflow/.local/lib/python3.9/site-packages/airflow/example_dags/example_params_ui_tutorial.py for tasks to queue
[2025-02-04T16:41:56.975+0000] {logging_mixin.py:190} INFO - [2025-02-04T16:41:56.975+0000] {dagbag.py:588} INFO - Filling up the DagBag from /home/airflow/.local/lib/python3.9/site-packages/airflow/example_dags/example_params_ui_tutorial.py
[2025-02-04T16:41:56.986+0000] {processor.py:925} INFO - DAG(s) 'example_params_ui_tutorial' retrieved from /home/airflow/.local/lib/python3.9/site-packages/airflow/example_dags/example_params_ui_tutorial.py
[2025-02-04T16:41:57.031+0000] {logging_mixin.py:190} INFO - [2025-02-04T16:41:57.031+0000] {dag.py:3239} INFO - Sync 1 DAGs
[2025-02-04T16:41:57.045+0000] {logging_mixin.py:190} INFO - [2025-02-04T16:41:57.044+0000] {dag.py:4180} INFO - Setting next_dagrun for example_params_ui_tutorial to None, run_after=None
[2025-02-04T16:41:57.070+0000] {processor.py:208} INFO - Processing /home/airflow/.local/lib/python3.9/site-packages/airflow/example_dags/example_params_ui_tutorial.py took 0.104 seconds
[2025-02-04T16:42:28.099+0000] {processor.py:186} INFO - Started process (PID=2270) to work on /home/airflow/.local/lib/python3.9/site-packages/airflow/example_dags/example_params_ui_tutorial.py
[2025-02-04T16:42:28.100+0000] {processor.py:914} INFO - Processing file /home/airflow/.local/lib/python3.9/site-packages/airflow/example_dags/example_params_ui_tutorial.py for tasks to queue
[2025-02-04T16:42:28.103+0000] {logging_mixin.py:190} INFO - [2025-02-04T16:42:28.102+0000] {dagbag.py:588} INFO - Filling up the DagBag from /home/airflow/.local/lib/python3.9/site-packages/airflow/example_dags/example_params_ui_tutorial.py
[2025-02-04T16:42:28.115+0000] {processor.py:925} INFO - DAG(s) 'example_params_ui_tutorial' retrieved from /home/airflow/.local/lib/python3.9/site-packages/airflow/example_dags/example_params_ui_tutorial.py
[2025-02-04T16:42:28.171+0000] {logging_mixin.py:190} INFO - [2025-02-04T16:42:28.171+0000] {dag.py:3239} INFO - Sync 1 DAGs
[2025-02-04T16:42:28.186+0000] {logging_mixin.py:190} INFO - [2025-02-04T16:42:28.186+0000] {dag.py:4180} INFO - Setting next_dagrun for example_params_ui_tutorial to None, run_after=None
[2025-02-04T16:42:28.212+0000] {processor.py:208} INFO - Processing /home/airflow/.local/lib/python3.9/site-packages/airflow/example_dags/example_params_ui_tutorial.py took 0.120 seconds
[2025-02-04T16:42:58.855+0000] {processor.py:186} INFO - Started process (PID=2334) to work on /home/airflow/.local/lib/python3.9/site-packages/airflow/example_dags/example_params_ui_tutorial.py
[2025-02-04T16:42:58.856+0000] {processor.py:914} INFO - Processing file /home/airflow/.local/lib/python3.9/site-packages/airflow/example_dags/example_params_ui_tutorial.py for tasks to queue
[2025-02-04T16:42:58.858+0000] {logging_mixin.py:190} INFO - [2025-02-04T16:42:58.858+0000] {dagbag.py:588} INFO - Filling up the DagBag from /home/airflow/.local/lib/python3.9/site-packages/airflow/example_dags/example_params_ui_tutorial.py
[2025-02-04T16:42:58.870+0000] {processor.py:925} INFO - DAG(s) 'example_params_ui_tutorial' retrieved from /home/airflow/.local/lib/python3.9/site-packages/airflow/example_dags/example_params_ui_tutorial.py
[2025-02-04T16:42:58.922+0000] {logging_mixin.py:190} INFO - [2025-02-04T16:42:58.922+0000] {dag.py:3239} INFO - Sync 1 DAGs
[2025-02-04T16:42:58.937+0000] {logging_mixin.py:190} INFO - [2025-02-04T16:42:58.937+0000] {dag.py:4180} INFO - Setting next_dagrun for example_params_ui_tutorial to None, run_after=None
[2025-02-04T16:42:58.963+0000] {processor.py:208} INFO - Processing /home/airflow/.local/lib/python3.9/site-packages/airflow/example_dags/example_params_ui_tutorial.py took 0.114 seconds
[2025-02-04T16:43:29.015+0000] {processor.py:186} INFO - Started process (PID=2398) to work on /home/airflow/.local/lib/python3.9/site-packages/airflow/example_dags/example_params_ui_tutorial.py
[2025-02-04T16:43:29.016+0000] {processor.py:914} INFO - Processing file /home/airflow/.local/lib/python3.9/site-packages/airflow/example_dags/example_params_ui_tutorial.py for tasks to queue
[2025-02-04T16:43:29.018+0000] {logging_mixin.py:190} INFO - [2025-02-04T16:43:29.018+0000] {dagbag.py:588} INFO - Filling up the DagBag from /home/airflow/.local/lib/python3.9/site-packages/airflow/example_dags/example_params_ui_tutorial.py
[2025-02-04T16:43:29.028+0000] {processor.py:925} INFO - DAG(s) 'example_params_ui_tutorial' retrieved from /home/airflow/.local/lib/python3.9/site-packages/airflow/example_dags/example_params_ui_tutorial.py
[2025-02-04T16:43:29.088+0000] {logging_mixin.py:190} INFO - [2025-02-04T16:43:29.087+0000] {dag.py:3239} INFO - Sync 1 DAGs
[2025-02-04T16:43:29.106+0000] {logging_mixin.py:190} INFO - [2025-02-04T16:43:29.106+0000] {dag.py:4180} INFO - Setting next_dagrun for example_params_ui_tutorial to None, run_after=None
[2025-02-04T16:43:29.143+0000] {processor.py:208} INFO - Processing /home/airflow/.local/lib/python3.9/site-packages/airflow/example_dags/example_params_ui_tutorial.py took 0.134 seconds
[2025-02-04T16:43:59.826+0000] {processor.py:186} INFO - Started process (PID=2462) to work on /home/airflow/.local/lib/python3.9/site-packages/airflow/example_dags/example_params_ui_tutorial.py
[2025-02-04T16:43:59.828+0000] {processor.py:914} INFO - Processing file /home/airflow/.local/lib/python3.9/site-packages/airflow/example_dags/example_params_ui_tutorial.py for tasks to queue
[2025-02-04T16:43:59.830+0000] {logging_mixin.py:190} INFO - [2025-02-04T16:43:59.830+0000] {dagbag.py:588} INFO - Filling up the DagBag from /home/airflow/.local/lib/python3.9/site-packages/airflow/example_dags/example_params_ui_tutorial.py
[2025-02-04T16:43:59.842+0000] {processor.py:925} INFO - DAG(s) 'example_params_ui_tutorial' retrieved from /home/airflow/.local/lib/python3.9/site-packages/airflow/example_dags/example_params_ui_tutorial.py
[2025-02-04T16:43:59.904+0000] {logging_mixin.py:190} INFO - [2025-02-04T16:43:59.904+0000] {dag.py:3239} INFO - Sync 1 DAGs
[2025-02-04T16:43:59.920+0000] {logging_mixin.py:190} INFO - [2025-02-04T16:43:59.920+0000] {dag.py:4180} INFO - Setting next_dagrun for example_params_ui_tutorial to None, run_after=None
[2025-02-04T16:43:59.950+0000] {processor.py:208} INFO - Processing /home/airflow/.local/lib/python3.9/site-packages/airflow/example_dags/example_params_ui_tutorial.py took 0.130 seconds
[2025-02-04T16:44:30.110+0000] {processor.py:186} INFO - Started process (PID=2527) to work on /home/airflow/.local/lib/python3.9/site-packages/airflow/example_dags/example_params_ui_tutorial.py
[2025-02-04T16:44:30.112+0000] {processor.py:914} INFO - Processing file /home/airflow/.local/lib/python3.9/site-packages/airflow/example_dags/example_params_ui_tutorial.py for tasks to queue
[2025-02-04T16:44:30.113+0000] {logging_mixin.py:190} INFO - [2025-02-04T16:44:30.113+0000] {dagbag.py:588} INFO - Filling up the DagBag from /home/airflow/.local/lib/python3.9/site-packages/airflow/example_dags/example_params_ui_tutorial.py
[2025-02-04T16:44:30.123+0000] {processor.py:925} INFO - DAG(s) 'example_params_ui_tutorial' retrieved from /home/airflow/.local/lib/python3.9/site-packages/airflow/example_dags/example_params_ui_tutorial.py
[2025-02-04T16:44:30.180+0000] {logging_mixin.py:190} INFO - [2025-02-04T16:44:30.179+0000] {dag.py:3239} INFO - Sync 1 DAGs
[2025-02-04T16:44:30.199+0000] {logging_mixin.py:190} INFO - [2025-02-04T16:44:30.199+0000] {dag.py:4180} INFO - Setting next_dagrun for example_params_ui_tutorial to None, run_after=None
[2025-02-04T16:44:30.226+0000] {processor.py:208} INFO - Processing /home/airflow/.local/lib/python3.9/site-packages/airflow/example_dags/example_params_ui_tutorial.py took 0.123 seconds
[2025-02-04T16:45:00.594+0000] {processor.py:186} INFO - Started process (PID=2590) to work on /home/airflow/.local/lib/python3.9/site-packages/airflow/example_dags/example_params_ui_tutorial.py
[2025-02-04T16:45:00.596+0000] {processor.py:914} INFO - Processing file /home/airflow/.local/lib/python3.9/site-packages/airflow/example_dags/example_params_ui_tutorial.py for tasks to queue
[2025-02-04T16:45:00.598+0000] {logging_mixin.py:190} INFO - [2025-02-04T16:45:00.598+0000] {dagbag.py:588} INFO - Filling up the DagBag from /home/airflow/.local/lib/python3.9/site-packages/airflow/example_dags/example_params_ui_tutorial.py
[2025-02-04T16:45:00.609+0000] {processor.py:925} INFO - DAG(s) 'example_params_ui_tutorial' retrieved from /home/airflow/.local/lib/python3.9/site-packages/airflow/example_dags/example_params_ui_tutorial.py
[2025-02-04T16:45:00.662+0000] {logging_mixin.py:190} INFO - [2025-02-04T16:45:00.661+0000] {dag.py:3239} INFO - Sync 1 DAGs
[2025-02-04T16:45:00.677+0000] {logging_mixin.py:190} INFO - [2025-02-04T16:45:00.677+0000] {dag.py:4180} INFO - Setting next_dagrun for example_params_ui_tutorial to None, run_after=None
[2025-02-04T16:45:00.791+0000] {processor.py:208} INFO - Processing /home/airflow/.local/lib/python3.9/site-packages/airflow/example_dags/example_params_ui_tutorial.py took 0.203 seconds
[2025-02-04T16:45:31.040+0000] {processor.py:186} INFO - Started process (PID=2654) to work on /home/airflow/.local/lib/python3.9/site-packages/airflow/example_dags/example_params_ui_tutorial.py
[2025-02-04T16:45:31.041+0000] {processor.py:914} INFO - Processing file /home/airflow/.local/lib/python3.9/site-packages/airflow/example_dags/example_params_ui_tutorial.py for tasks to queue
[2025-02-04T16:45:31.043+0000] {logging_mixin.py:190} INFO - [2025-02-04T16:45:31.042+0000] {dagbag.py:588} INFO - Filling up the DagBag from /home/airflow/.local/lib/python3.9/site-packages/airflow/example_dags/example_params_ui_tutorial.py
[2025-02-04T16:45:31.055+0000] {processor.py:925} INFO - DAG(s) 'example_params_ui_tutorial' retrieved from /home/airflow/.local/lib/python3.9/site-packages/airflow/example_dags/example_params_ui_tutorial.py
[2025-02-04T16:45:31.107+0000] {logging_mixin.py:190} INFO - [2025-02-04T16:45:31.107+0000] {dag.py:3239} INFO - Sync 1 DAGs
[2025-02-04T16:45:31.122+0000] {logging_mixin.py:190} INFO - [2025-02-04T16:45:31.122+0000] {dag.py:4180} INFO - Setting next_dagrun for example_params_ui_tutorial to None, run_after=None
[2025-02-04T16:45:31.148+0000] {processor.py:208} INFO - Processing /home/airflow/.local/lib/python3.9/site-packages/airflow/example_dags/example_params_ui_tutorial.py took 0.115 seconds
[2025-02-04T16:46:03.553+0000] {processor.py:186} INFO - Started process (PID=2725) to work on /home/airflow/.local/lib/python3.9/site-packages/airflow/example_dags/example_params_ui_tutorial.py
[2025-02-04T16:46:03.554+0000] {processor.py:914} INFO - Processing file /home/airflow/.local/lib/python3.9/site-packages/airflow/example_dags/example_params_ui_tutorial.py for tasks to queue
[2025-02-04T16:46:03.555+0000] {logging_mixin.py:190} INFO - [2025-02-04T16:46:03.555+0000] {dagbag.py:588} INFO - Filling up the DagBag from /home/airflow/.local/lib/python3.9/site-packages/airflow/example_dags/example_params_ui_tutorial.py
[2025-02-04T16:46:03.565+0000] {processor.py:925} INFO - DAG(s) 'example_params_ui_tutorial' retrieved from /home/airflow/.local/lib/python3.9/site-packages/airflow/example_dags/example_params_ui_tutorial.py
[2025-02-04T16:46:03.613+0000] {logging_mixin.py:190} INFO - [2025-02-04T16:46:03.613+0000] {dag.py:3239} INFO - Sync 1 DAGs
[2025-02-04T16:46:03.628+0000] {logging_mixin.py:190} INFO - [2025-02-04T16:46:03.628+0000] {dag.py:4180} INFO - Setting next_dagrun for example_params_ui_tutorial to None, run_after=None
[2025-02-04T16:46:03.655+0000] {processor.py:208} INFO - Processing /home/airflow/.local/lib/python3.9/site-packages/airflow/example_dags/example_params_ui_tutorial.py took 0.109 seconds
[2025-02-04T16:46:33.780+0000] {processor.py:186} INFO - Started process (PID=2789) to work on /home/airflow/.local/lib/python3.9/site-packages/airflow/example_dags/example_params_ui_tutorial.py
[2025-02-04T16:46:33.781+0000] {processor.py:914} INFO - Processing file /home/airflow/.local/lib/python3.9/site-packages/airflow/example_dags/example_params_ui_tutorial.py for tasks to queue
[2025-02-04T16:46:33.783+0000] {logging_mixin.py:190} INFO - [2025-02-04T16:46:33.783+0000] {dagbag.py:588} INFO - Filling up the DagBag from /home/airflow/.local/lib/python3.9/site-packages/airflow/example_dags/example_params_ui_tutorial.py
[2025-02-04T16:46:33.795+0000] {processor.py:925} INFO - DAG(s) 'example_params_ui_tutorial' retrieved from /home/airflow/.local/lib/python3.9/site-packages/airflow/example_dags/example_params_ui_tutorial.py
[2025-02-04T16:46:33.854+0000] {logging_mixin.py:190} INFO - [2025-02-04T16:46:33.853+0000] {dag.py:3239} INFO - Sync 1 DAGs
[2025-02-04T16:46:33.869+0000] {logging_mixin.py:190} INFO - [2025-02-04T16:46:33.868+0000] {dag.py:4180} INFO - Setting next_dagrun for example_params_ui_tutorial to None, run_after=None
[2025-02-04T16:46:33.896+0000] {processor.py:208} INFO - Processing /home/airflow/.local/lib/python3.9/site-packages/airflow/example_dags/example_params_ui_tutorial.py took 0.122 seconds
[2025-02-04T16:47:06.768+0000] {processor.py:186} INFO - Started process (PID=2853) to work on /home/airflow/.local/lib/python3.9/site-packages/airflow/example_dags/example_params_ui_tutorial.py
[2025-02-04T16:47:06.770+0000] {processor.py:914} INFO - Processing file /home/airflow/.local/lib/python3.9/site-packages/airflow/example_dags/example_params_ui_tutorial.py for tasks to queue
[2025-02-04T16:47:06.771+0000] {logging_mixin.py:190} INFO - [2025-02-04T16:47:06.771+0000] {dagbag.py:588} INFO - Filling up the DagBag from /home/airflow/.local/lib/python3.9/site-packages/airflow/example_dags/example_params_ui_tutorial.py
[2025-02-04T16:47:06.953+0000] {processor.py:925} INFO - DAG(s) 'example_params_ui_tutorial' retrieved from /home/airflow/.local/lib/python3.9/site-packages/airflow/example_dags/example_params_ui_tutorial.py
[2025-02-04T16:47:07.503+0000] {logging_mixin.py:190} INFO - [2025-02-04T16:47:07.502+0000] {dag.py:3239} INFO - Sync 1 DAGs
[2025-02-04T16:47:07.517+0000] {logging_mixin.py:190} INFO - [2025-02-04T16:47:07.517+0000] {dag.py:4180} INFO - Setting next_dagrun for example_params_ui_tutorial to None, run_after=None
[2025-02-04T16:47:07.542+0000] {processor.py:208} INFO - Processing /home/airflow/.local/lib/python3.9/site-packages/airflow/example_dags/example_params_ui_tutorial.py took 0.779 seconds
[2025-02-04T16:47:38.251+0000] {processor.py:186} INFO - Started process (PID=2917) to work on /home/airflow/.local/lib/python3.9/site-packages/airflow/example_dags/example_params_ui_tutorial.py
[2025-02-04T16:47:38.252+0000] {processor.py:914} INFO - Processing file /home/airflow/.local/lib/python3.9/site-packages/airflow/example_dags/example_params_ui_tutorial.py for tasks to queue
[2025-02-04T16:47:38.254+0000] {logging_mixin.py:190} INFO - [2025-02-04T16:47:38.254+0000] {dagbag.py:588} INFO - Filling up the DagBag from /home/airflow/.local/lib/python3.9/site-packages/airflow/example_dags/example_params_ui_tutorial.py
[2025-02-04T16:47:38.265+0000] {processor.py:925} INFO - DAG(s) 'example_params_ui_tutorial' retrieved from /home/airflow/.local/lib/python3.9/site-packages/airflow/example_dags/example_params_ui_tutorial.py
[2025-02-04T16:47:38.805+0000] {logging_mixin.py:190} INFO - [2025-02-04T16:47:38.805+0000] {dag.py:3239} INFO - Sync 1 DAGs
[2025-02-04T16:47:45.840+0000] {logging_mixin.py:190} INFO - [2025-02-04T16:47:45.839+0000] {dag.py:4180} INFO - Setting next_dagrun for example_params_ui_tutorial to None, run_after=None
[2025-02-04T16:47:46.159+0000] {processor.py:208} INFO - Processing /home/airflow/.local/lib/python3.9/site-packages/airflow/example_dags/example_params_ui_tutorial.py took 7.917 seconds
