[2025-02-04T16:22:25.531+0000] {processor.py:186} INFO - Started process (PID=83) to work on /home/airflow/.local/lib/python3.9/site-packages/airflow/example_dags/example_local_kubernetes_executor.py
[2025-02-04T16:22:25.532+0000] {processor.py:914} INFO - Processing file /home/airflow/.local/lib/python3.9/site-packages/airflow/example_dags/example_local_kubernetes_executor.py for tasks to queue
[2025-02-04T16:22:25.535+0000] {logging_mixin.py:190} INFO - [2025-02-04T16:22:25.535+0000] {dagbag.py:588} INFO - Filling up the DagBag from /home/airflow/.local/lib/python3.9/site-packages/airflow/example_dags/example_local_kubernetes_executor.py
[2025-02-04T16:22:25.968+0000] {processor.py:925} INFO - DAG(s) 'example_local_kubernetes_executor' retrieved from /home/airflow/.local/lib/python3.9/site-packages/airflow/example_dags/example_local_kubernetes_executor.py
[2025-02-04T16:22:26.015+0000] {logging_mixin.py:190} WARNING - /home/airflow/.local/lib/python3.9/site-packages/airflow/providers/cncf/kubernetes/utils/k8s_hashlib_wrapper.py:29 DeprecationWarning: Python version constraint 'PY39' is deprecated and will be removed in the future. Please get version info from the 'sys.version_info'.
[2025-02-04T16:22:26.108+0000] {logging_mixin.py:190} INFO - [2025-02-04T16:22:26.107+0000] {override.py:1912} INFO - Created Permission View: can delete on DAG:example_local_kubernetes_executor
[2025-02-04T16:22:26.124+0000] {logging_mixin.py:190} INFO - [2025-02-04T16:22:26.124+0000] {override.py:1912} INFO - Created Permission View: can edit on DAG:example_local_kubernetes_executor
[2025-02-04T16:22:26.138+0000] {logging_mixin.py:190} INFO - [2025-02-04T16:22:26.138+0000] {override.py:1912} INFO - Created Permission View: can read on DAG:example_local_kubernetes_executor
[2025-02-04T16:22:26.156+0000] {logging_mixin.py:190} INFO - [2025-02-04T16:22:26.156+0000] {override.py:1912} INFO - Created Permission View: can delete on DAG Run:example_local_kubernetes_executor
[2025-02-04T16:22:26.168+0000] {logging_mixin.py:190} INFO - [2025-02-04T16:22:26.167+0000] {override.py:1912} INFO - Created Permission View: menu access on DAG Run:example_local_kubernetes_executor
[2025-02-04T16:22:26.179+0000] {logging_mixin.py:190} INFO - [2025-02-04T16:22:26.179+0000] {override.py:1912} INFO - Created Permission View: can read on DAG Run:example_local_kubernetes_executor
[2025-02-04T16:22:26.192+0000] {logging_mixin.py:190} INFO - [2025-02-04T16:22:26.192+0000] {override.py:1912} INFO - Created Permission View: can create on DAG Run:example_local_kubernetes_executor
[2025-02-04T16:22:26.193+0000] {logging_mixin.py:190} INFO - [2025-02-04T16:22:26.193+0000] {dag.py:3239} INFO - Sync 1 DAGs
[2025-02-04T16:22:26.206+0000] {logging_mixin.py:190} INFO - [2025-02-04T16:22:26.205+0000] {dag.py:3262} INFO - Creating ORM DAG for example_local_kubernetes_executor
[2025-02-04T16:22:26.207+0000] {logging_mixin.py:190} INFO - [2025-02-04T16:22:26.207+0000] {dag.py:4180} INFO - Setting next_dagrun for example_local_kubernetes_executor to None, run_after=None
[2025-02-04T16:22:26.229+0000] {processor.py:208} INFO - Processing /home/airflow/.local/lib/python3.9/site-packages/airflow/example_dags/example_local_kubernetes_executor.py took 0.705 seconds
[2025-02-04T16:23:23.088+0000] {processor.py:186} INFO - Started process (PID=154) to work on /home/airflow/.local/lib/python3.9/site-packages/airflow/example_dags/example_local_kubernetes_executor.py
[2025-02-04T16:23:23.089+0000] {processor.py:914} INFO - Processing file /home/airflow/.local/lib/python3.9/site-packages/airflow/example_dags/example_local_kubernetes_executor.py for tasks to queue
[2025-02-04T16:23:23.091+0000] {logging_mixin.py:190} INFO - [2025-02-04T16:23:23.091+0000] {dagbag.py:588} INFO - Filling up the DagBag from /home/airflow/.local/lib/python3.9/site-packages/airflow/example_dags/example_local_kubernetes_executor.py
[2025-02-04T16:23:23.104+0000] {processor.py:925} INFO - DAG(s) 'example_local_kubernetes_executor' retrieved from /home/airflow/.local/lib/python3.9/site-packages/airflow/example_dags/example_local_kubernetes_executor.py
[2025-02-04T16:23:23.136+0000] {logging_mixin.py:190} WARNING - /home/airflow/.local/lib/python3.9/site-packages/airflow/providers/cncf/kubernetes/utils/k8s_hashlib_wrapper.py:29 DeprecationWarning: Python version constraint 'PY39' is deprecated and will be removed in the future. Please get version info from the 'sys.version_info'.
[2025-02-04T16:23:23.144+0000] {logging_mixin.py:190} INFO - [2025-02-04T16:23:23.143+0000] {dag.py:3239} INFO - Sync 1 DAGs
[2025-02-04T16:23:23.157+0000] {logging_mixin.py:190} INFO - [2025-02-04T16:23:23.157+0000] {dag.py:4180} INFO - Setting next_dagrun for example_local_kubernetes_executor to None, run_after=None
[2025-02-04T16:23:23.182+0000] {processor.py:208} INFO - Processing /home/airflow/.local/lib/python3.9/site-packages/airflow/example_dags/example_local_kubernetes_executor.py took 0.101 seconds
[2025-02-04T16:23:53.249+0000] {processor.py:186} INFO - Started process (PID=211) to work on /home/airflow/.local/lib/python3.9/site-packages/airflow/example_dags/example_local_kubernetes_executor.py
[2025-02-04T16:23:53.250+0000] {processor.py:914} INFO - Processing file /home/airflow/.local/lib/python3.9/site-packages/airflow/example_dags/example_local_kubernetes_executor.py for tasks to queue
[2025-02-04T16:23:53.253+0000] {logging_mixin.py:190} INFO - [2025-02-04T16:23:53.253+0000] {dagbag.py:588} INFO - Filling up the DagBag from /home/airflow/.local/lib/python3.9/site-packages/airflow/example_dags/example_local_kubernetes_executor.py
[2025-02-04T16:23:53.263+0000] {processor.py:925} INFO - DAG(s) 'example_local_kubernetes_executor' retrieved from /home/airflow/.local/lib/python3.9/site-packages/airflow/example_dags/example_local_kubernetes_executor.py
[2025-02-04T16:23:53.300+0000] {logging_mixin.py:190} WARNING - /home/airflow/.local/lib/python3.9/site-packages/airflow/providers/cncf/kubernetes/utils/k8s_hashlib_wrapper.py:29 DeprecationWarning: Python version constraint 'PY39' is deprecated and will be removed in the future. Please get version info from the 'sys.version_info'.
[2025-02-04T16:23:53.311+0000] {logging_mixin.py:190} INFO - [2025-02-04T16:23:53.310+0000] {dag.py:3239} INFO - Sync 1 DAGs
[2025-02-04T16:23:53.324+0000] {logging_mixin.py:190} INFO - [2025-02-04T16:23:53.324+0000] {dag.py:4180} INFO - Setting next_dagrun for example_local_kubernetes_executor to None, run_after=None
[2025-02-04T16:23:53.353+0000] {processor.py:208} INFO - Processing /home/airflow/.local/lib/python3.9/site-packages/airflow/example_dags/example_local_kubernetes_executor.py took 0.111 seconds
[2025-02-04T16:24:23.715+0000] {processor.py:186} INFO - Started process (PID=274) to work on /home/airflow/.local/lib/python3.9/site-packages/airflow/example_dags/example_local_kubernetes_executor.py
[2025-02-04T16:24:23.716+0000] {processor.py:914} INFO - Processing file /home/airflow/.local/lib/python3.9/site-packages/airflow/example_dags/example_local_kubernetes_executor.py for tasks to queue
[2025-02-04T16:24:23.719+0000] {logging_mixin.py:190} INFO - [2025-02-04T16:24:23.719+0000] {dagbag.py:588} INFO - Filling up the DagBag from /home/airflow/.local/lib/python3.9/site-packages/airflow/example_dags/example_local_kubernetes_executor.py
[2025-02-04T16:24:23.730+0000] {processor.py:925} INFO - DAG(s) 'example_local_kubernetes_executor' retrieved from /home/airflow/.local/lib/python3.9/site-packages/airflow/example_dags/example_local_kubernetes_executor.py
[2025-02-04T16:24:23.766+0000] {logging_mixin.py:190} WARNING - /home/airflow/.local/lib/python3.9/site-packages/airflow/providers/cncf/kubernetes/utils/k8s_hashlib_wrapper.py:29 DeprecationWarning: Python version constraint 'PY39' is deprecated and will be removed in the future. Please get version info from the 'sys.version_info'.
[2025-02-04T16:24:23.774+0000] {logging_mixin.py:190} INFO - [2025-02-04T16:24:23.774+0000] {dag.py:3239} INFO - Sync 1 DAGs
[2025-02-04T16:24:23.789+0000] {logging_mixin.py:190} INFO - [2025-02-04T16:24:23.789+0000] {dag.py:4180} INFO - Setting next_dagrun for example_local_kubernetes_executor to None, run_after=None
[2025-02-04T16:24:23.818+0000] {processor.py:208} INFO - Processing /home/airflow/.local/lib/python3.9/site-packages/airflow/example_dags/example_local_kubernetes_executor.py took 0.110 seconds
[2025-02-04T16:24:54.072+0000] {processor.py:186} INFO - Started process (PID=338) to work on /home/airflow/.local/lib/python3.9/site-packages/airflow/example_dags/example_local_kubernetes_executor.py
[2025-02-04T16:24:54.074+0000] {processor.py:914} INFO - Processing file /home/airflow/.local/lib/python3.9/site-packages/airflow/example_dags/example_local_kubernetes_executor.py for tasks to queue
[2025-02-04T16:24:54.076+0000] {logging_mixin.py:190} INFO - [2025-02-04T16:24:54.076+0000] {dagbag.py:588} INFO - Filling up the DagBag from /home/airflow/.local/lib/python3.9/site-packages/airflow/example_dags/example_local_kubernetes_executor.py
[2025-02-04T16:24:54.087+0000] {processor.py:925} INFO - DAG(s) 'example_local_kubernetes_executor' retrieved from /home/airflow/.local/lib/python3.9/site-packages/airflow/example_dags/example_local_kubernetes_executor.py
[2025-02-04T16:24:54.124+0000] {logging_mixin.py:190} WARNING - /home/airflow/.local/lib/python3.9/site-packages/airflow/providers/cncf/kubernetes/utils/k8s_hashlib_wrapper.py:29 DeprecationWarning: Python version constraint 'PY39' is deprecated and will be removed in the future. Please get version info from the 'sys.version_info'.
[2025-02-04T16:24:54.133+0000] {logging_mixin.py:190} INFO - [2025-02-04T16:24:54.132+0000] {dag.py:3239} INFO - Sync 1 DAGs
[2025-02-04T16:24:54.149+0000] {logging_mixin.py:190} INFO - [2025-02-04T16:24:54.148+0000] {dag.py:4180} INFO - Setting next_dagrun for example_local_kubernetes_executor to None, run_after=None
[2025-02-04T16:24:54.178+0000] {processor.py:208} INFO - Processing /home/airflow/.local/lib/python3.9/site-packages/airflow/example_dags/example_local_kubernetes_executor.py took 0.113 seconds
[2025-02-04T16:25:24.668+0000] {processor.py:186} INFO - Started process (PID=402) to work on /home/airflow/.local/lib/python3.9/site-packages/airflow/example_dags/example_local_kubernetes_executor.py
[2025-02-04T16:25:24.694+0000] {processor.py:914} INFO - Processing file /home/airflow/.local/lib/python3.9/site-packages/airflow/example_dags/example_local_kubernetes_executor.py for tasks to queue
[2025-02-04T16:25:24.697+0000] {logging_mixin.py:190} INFO - [2025-02-04T16:25:24.697+0000] {dagbag.py:588} INFO - Filling up the DagBag from /home/airflow/.local/lib/python3.9/site-packages/airflow/example_dags/example_local_kubernetes_executor.py
[2025-02-04T16:25:24.708+0000] {processor.py:925} INFO - DAG(s) 'example_local_kubernetes_executor' retrieved from /home/airflow/.local/lib/python3.9/site-packages/airflow/example_dags/example_local_kubernetes_executor.py
[2025-02-04T16:25:24.744+0000] {logging_mixin.py:190} WARNING - /home/airflow/.local/lib/python3.9/site-packages/airflow/providers/cncf/kubernetes/utils/k8s_hashlib_wrapper.py:29 DeprecationWarning: Python version constraint 'PY39' is deprecated and will be removed in the future. Please get version info from the 'sys.version_info'.
[2025-02-04T16:25:24.754+0000] {logging_mixin.py:190} INFO - [2025-02-04T16:25:24.754+0000] {dag.py:3239} INFO - Sync 1 DAGs
[2025-02-04T16:25:24.770+0000] {logging_mixin.py:190} INFO - [2025-02-04T16:25:24.769+0000] {dag.py:4180} INFO - Setting next_dagrun for example_local_kubernetes_executor to None, run_after=None
[2025-02-04T16:25:24.799+0000] {processor.py:208} INFO - Processing /home/airflow/.local/lib/python3.9/site-packages/airflow/example_dags/example_local_kubernetes_executor.py took 0.138 seconds
[2025-02-04T16:25:55.135+0000] {processor.py:186} INFO - Started process (PID=466) to work on /home/airflow/.local/lib/python3.9/site-packages/airflow/example_dags/example_local_kubernetes_executor.py
[2025-02-04T16:25:55.136+0000] {processor.py:914} INFO - Processing file /home/airflow/.local/lib/python3.9/site-packages/airflow/example_dags/example_local_kubernetes_executor.py for tasks to queue
[2025-02-04T16:25:55.139+0000] {logging_mixin.py:190} INFO - [2025-02-04T16:25:55.139+0000] {dagbag.py:588} INFO - Filling up the DagBag from /home/airflow/.local/lib/python3.9/site-packages/airflow/example_dags/example_local_kubernetes_executor.py
[2025-02-04T16:25:55.149+0000] {processor.py:925} INFO - DAG(s) 'example_local_kubernetes_executor' retrieved from /home/airflow/.local/lib/python3.9/site-packages/airflow/example_dags/example_local_kubernetes_executor.py
[2025-02-04T16:25:55.185+0000] {logging_mixin.py:190} WARNING - /home/airflow/.local/lib/python3.9/site-packages/airflow/providers/cncf/kubernetes/utils/k8s_hashlib_wrapper.py:29 DeprecationWarning: Python version constraint 'PY39' is deprecated and will be removed in the future. Please get version info from the 'sys.version_info'.
[2025-02-04T16:25:55.194+0000] {logging_mixin.py:190} INFO - [2025-02-04T16:25:55.193+0000] {dag.py:3239} INFO - Sync 1 DAGs
[2025-02-04T16:25:55.209+0000] {logging_mixin.py:190} INFO - [2025-02-04T16:25:55.208+0000] {dag.py:4180} INFO - Setting next_dagrun for example_local_kubernetes_executor to None, run_after=None
[2025-02-04T16:25:55.236+0000] {processor.py:208} INFO - Processing /home/airflow/.local/lib/python3.9/site-packages/airflow/example_dags/example_local_kubernetes_executor.py took 0.107 seconds
[2025-02-04T16:26:25.414+0000] {processor.py:186} INFO - Started process (PID=530) to work on /home/airflow/.local/lib/python3.9/site-packages/airflow/example_dags/example_local_kubernetes_executor.py
[2025-02-04T16:26:25.415+0000] {processor.py:914} INFO - Processing file /home/airflow/.local/lib/python3.9/site-packages/airflow/example_dags/example_local_kubernetes_executor.py for tasks to queue
[2025-02-04T16:26:25.418+0000] {logging_mixin.py:190} INFO - [2025-02-04T16:26:25.417+0000] {dagbag.py:588} INFO - Filling up the DagBag from /home/airflow/.local/lib/python3.9/site-packages/airflow/example_dags/example_local_kubernetes_executor.py
[2025-02-04T16:26:25.428+0000] {processor.py:925} INFO - DAG(s) 'example_local_kubernetes_executor' retrieved from /home/airflow/.local/lib/python3.9/site-packages/airflow/example_dags/example_local_kubernetes_executor.py
[2025-02-04T16:26:25.464+0000] {logging_mixin.py:190} WARNING - /home/airflow/.local/lib/python3.9/site-packages/airflow/providers/cncf/kubernetes/utils/k8s_hashlib_wrapper.py:29 DeprecationWarning: Python version constraint 'PY39' is deprecated and will be removed in the future. Please get version info from the 'sys.version_info'.
[2025-02-04T16:26:25.474+0000] {logging_mixin.py:190} INFO - [2025-02-04T16:26:25.473+0000] {dag.py:3239} INFO - Sync 1 DAGs
[2025-02-04T16:26:25.492+0000] {logging_mixin.py:190} INFO - [2025-02-04T16:26:25.491+0000] {dag.py:4180} INFO - Setting next_dagrun for example_local_kubernetes_executor to None, run_after=None
[2025-02-04T16:26:25.523+0000] {processor.py:208} INFO - Processing /home/airflow/.local/lib/python3.9/site-packages/airflow/example_dags/example_local_kubernetes_executor.py took 0.116 seconds
[2025-02-04T16:26:55.734+0000] {processor.py:186} INFO - Started process (PID=594) to work on /home/airflow/.local/lib/python3.9/site-packages/airflow/example_dags/example_local_kubernetes_executor.py
[2025-02-04T16:26:55.735+0000] {processor.py:914} INFO - Processing file /home/airflow/.local/lib/python3.9/site-packages/airflow/example_dags/example_local_kubernetes_executor.py for tasks to queue
[2025-02-04T16:26:55.738+0000] {logging_mixin.py:190} INFO - [2025-02-04T16:26:55.738+0000] {dagbag.py:588} INFO - Filling up the DagBag from /home/airflow/.local/lib/python3.9/site-packages/airflow/example_dags/example_local_kubernetes_executor.py
[2025-02-04T16:26:55.749+0000] {processor.py:925} INFO - DAG(s) 'example_local_kubernetes_executor' retrieved from /home/airflow/.local/lib/python3.9/site-packages/airflow/example_dags/example_local_kubernetes_executor.py
[2025-02-04T16:26:55.789+0000] {logging_mixin.py:190} WARNING - /home/airflow/.local/lib/python3.9/site-packages/airflow/providers/cncf/kubernetes/utils/k8s_hashlib_wrapper.py:29 DeprecationWarning: Python version constraint 'PY39' is deprecated and will be removed in the future. Please get version info from the 'sys.version_info'.
[2025-02-04T16:26:55.796+0000] {logging_mixin.py:190} INFO - [2025-02-04T16:26:55.796+0000] {dag.py:3239} INFO - Sync 1 DAGs
[2025-02-04T16:26:55.811+0000] {logging_mixin.py:190} INFO - [2025-02-04T16:26:55.811+0000] {dag.py:4180} INFO - Setting next_dagrun for example_local_kubernetes_executor to None, run_after=None
[2025-02-04T16:26:55.845+0000] {processor.py:208} INFO - Processing /home/airflow/.local/lib/python3.9/site-packages/airflow/example_dags/example_local_kubernetes_executor.py took 0.118 seconds
[2025-02-04T16:27:26.683+0000] {processor.py:186} INFO - Started process (PID=658) to work on /home/airflow/.local/lib/python3.9/site-packages/airflow/example_dags/example_local_kubernetes_executor.py
[2025-02-04T16:27:26.684+0000] {processor.py:914} INFO - Processing file /home/airflow/.local/lib/python3.9/site-packages/airflow/example_dags/example_local_kubernetes_executor.py for tasks to queue
[2025-02-04T16:27:26.688+0000] {logging_mixin.py:190} INFO - [2025-02-04T16:27:26.687+0000] {dagbag.py:588} INFO - Filling up the DagBag from /home/airflow/.local/lib/python3.9/site-packages/airflow/example_dags/example_local_kubernetes_executor.py
[2025-02-04T16:27:26.700+0000] {processor.py:925} INFO - DAG(s) 'example_local_kubernetes_executor' retrieved from /home/airflow/.local/lib/python3.9/site-packages/airflow/example_dags/example_local_kubernetes_executor.py
[2025-02-04T16:27:26.760+0000] {logging_mixin.py:190} WARNING - /home/airflow/.local/lib/python3.9/site-packages/airflow/providers/cncf/kubernetes/utils/k8s_hashlib_wrapper.py:29 DeprecationWarning: Python version constraint 'PY39' is deprecated and will be removed in the future. Please get version info from the 'sys.version_info'.
[2025-02-04T16:27:26.768+0000] {logging_mixin.py:190} INFO - [2025-02-04T16:27:26.767+0000] {dag.py:3239} INFO - Sync 1 DAGs
[2025-02-04T16:27:26.802+0000] {logging_mixin.py:190} INFO - [2025-02-04T16:27:26.802+0000] {dag.py:4180} INFO - Setting next_dagrun for example_local_kubernetes_executor to None, run_after=None
[2025-02-04T16:27:26.829+0000] {processor.py:208} INFO - Processing /home/airflow/.local/lib/python3.9/site-packages/airflow/example_dags/example_local_kubernetes_executor.py took 0.153 seconds
[2025-02-04T16:27:57.723+0000] {processor.py:186} INFO - Started process (PID=722) to work on /home/airflow/.local/lib/python3.9/site-packages/airflow/example_dags/example_local_kubernetes_executor.py
[2025-02-04T16:27:57.725+0000] {processor.py:914} INFO - Processing file /home/airflow/.local/lib/python3.9/site-packages/airflow/example_dags/example_local_kubernetes_executor.py for tasks to queue
[2025-02-04T16:27:57.727+0000] {logging_mixin.py:190} INFO - [2025-02-04T16:27:57.727+0000] {dagbag.py:588} INFO - Filling up the DagBag from /home/airflow/.local/lib/python3.9/site-packages/airflow/example_dags/example_local_kubernetes_executor.py
[2025-02-04T16:27:57.739+0000] {processor.py:925} INFO - DAG(s) 'example_local_kubernetes_executor' retrieved from /home/airflow/.local/lib/python3.9/site-packages/airflow/example_dags/example_local_kubernetes_executor.py
[2025-02-04T16:27:57.777+0000] {logging_mixin.py:190} WARNING - /home/airflow/.local/lib/python3.9/site-packages/airflow/providers/cncf/kubernetes/utils/k8s_hashlib_wrapper.py:29 DeprecationWarning: Python version constraint 'PY39' is deprecated and will be removed in the future. Please get version info from the 'sys.version_info'.
[2025-02-04T16:27:57.785+0000] {logging_mixin.py:190} INFO - [2025-02-04T16:27:57.784+0000] {dag.py:3239} INFO - Sync 1 DAGs
[2025-02-04T16:27:57.799+0000] {logging_mixin.py:190} INFO - [2025-02-04T16:27:57.798+0000] {dag.py:4180} INFO - Setting next_dagrun for example_local_kubernetes_executor to None, run_after=None
[2025-02-04T16:27:57.824+0000] {processor.py:208} INFO - Processing /home/airflow/.local/lib/python3.9/site-packages/airflow/example_dags/example_local_kubernetes_executor.py took 0.107 seconds
[2025-02-04T16:28:28.022+0000] {processor.py:186} INFO - Started process (PID=792) to work on /home/airflow/.local/lib/python3.9/site-packages/airflow/example_dags/example_local_kubernetes_executor.py
[2025-02-04T16:28:28.023+0000] {processor.py:914} INFO - Processing file /home/airflow/.local/lib/python3.9/site-packages/airflow/example_dags/example_local_kubernetes_executor.py for tasks to queue
[2025-02-04T16:28:28.026+0000] {logging_mixin.py:190} INFO - [2025-02-04T16:28:28.026+0000] {dagbag.py:588} INFO - Filling up the DagBag from /home/airflow/.local/lib/python3.9/site-packages/airflow/example_dags/example_local_kubernetes_executor.py
[2025-02-04T16:28:28.036+0000] {processor.py:925} INFO - DAG(s) 'example_local_kubernetes_executor' retrieved from /home/airflow/.local/lib/python3.9/site-packages/airflow/example_dags/example_local_kubernetes_executor.py
[2025-02-04T16:28:28.316+0000] {logging_mixin.py:190} WARNING - /home/airflow/.local/lib/python3.9/site-packages/airflow/providers/cncf/kubernetes/utils/k8s_hashlib_wrapper.py:29 DeprecationWarning: Python version constraint 'PY39' is deprecated and will be removed in the future. Please get version info from the 'sys.version_info'.
[2025-02-04T16:28:28.323+0000] {logging_mixin.py:190} INFO - [2025-02-04T16:28:28.323+0000] {dag.py:3239} INFO - Sync 1 DAGs
[2025-02-04T16:28:28.339+0000] {logging_mixin.py:190} INFO - [2025-02-04T16:28:28.338+0000] {dag.py:4180} INFO - Setting next_dagrun for example_local_kubernetes_executor to None, run_after=None
[2025-02-04T16:28:28.365+0000] {processor.py:208} INFO - Processing /home/airflow/.local/lib/python3.9/site-packages/airflow/example_dags/example_local_kubernetes_executor.py took 0.350 seconds
[2025-02-04T16:28:59.908+0000] {processor.py:186} INFO - Started process (PID=853) to work on /home/airflow/.local/lib/python3.9/site-packages/airflow/example_dags/example_local_kubernetes_executor.py
[2025-02-04T16:28:59.909+0000] {processor.py:914} INFO - Processing file /home/airflow/.local/lib/python3.9/site-packages/airflow/example_dags/example_local_kubernetes_executor.py for tasks to queue
[2025-02-04T16:28:59.912+0000] {logging_mixin.py:190} INFO - [2025-02-04T16:28:59.912+0000] {dagbag.py:588} INFO - Filling up the DagBag from /home/airflow/.local/lib/python3.9/site-packages/airflow/example_dags/example_local_kubernetes_executor.py
[2025-02-04T16:28:59.925+0000] {processor.py:925} INFO - DAG(s) 'example_local_kubernetes_executor' retrieved from /home/airflow/.local/lib/python3.9/site-packages/airflow/example_dags/example_local_kubernetes_executor.py
[2025-02-04T16:28:59.964+0000] {logging_mixin.py:190} WARNING - /home/airflow/.local/lib/python3.9/site-packages/airflow/providers/cncf/kubernetes/utils/k8s_hashlib_wrapper.py:29 DeprecationWarning: Python version constraint 'PY39' is deprecated and will be removed in the future. Please get version info from the 'sys.version_info'.
[2025-02-04T16:28:59.973+0000] {logging_mixin.py:190} INFO - [2025-02-04T16:28:59.972+0000] {dag.py:3239} INFO - Sync 1 DAGs
[2025-02-04T16:29:00.399+0000] {logging_mixin.py:190} INFO - [2025-02-04T16:29:00.398+0000] {dag.py:4180} INFO - Setting next_dagrun for example_local_kubernetes_executor to None, run_after=None
[2025-02-04T16:29:00.425+0000] {processor.py:208} INFO - Processing /home/airflow/.local/lib/python3.9/site-packages/airflow/example_dags/example_local_kubernetes_executor.py took 0.525 seconds
[2025-02-04T16:29:31.061+0000] {processor.py:186} INFO - Started process (PID=920) to work on /home/airflow/.local/lib/python3.9/site-packages/airflow/example_dags/example_local_kubernetes_executor.py
[2025-02-04T16:29:31.063+0000] {processor.py:914} INFO - Processing file /home/airflow/.local/lib/python3.9/site-packages/airflow/example_dags/example_local_kubernetes_executor.py for tasks to queue
[2025-02-04T16:29:31.066+0000] {logging_mixin.py:190} INFO - [2025-02-04T16:29:31.065+0000] {dagbag.py:588} INFO - Filling up the DagBag from /home/airflow/.local/lib/python3.9/site-packages/airflow/example_dags/example_local_kubernetes_executor.py
[2025-02-04T16:29:31.077+0000] {processor.py:925} INFO - DAG(s) 'example_local_kubernetes_executor' retrieved from /home/airflow/.local/lib/python3.9/site-packages/airflow/example_dags/example_local_kubernetes_executor.py
[2025-02-04T16:29:31.117+0000] {logging_mixin.py:190} WARNING - /home/airflow/.local/lib/python3.9/site-packages/airflow/providers/cncf/kubernetes/utils/k8s_hashlib_wrapper.py:29 DeprecationWarning: Python version constraint 'PY39' is deprecated and will be removed in the future. Please get version info from the 'sys.version_info'.
[2025-02-04T16:29:31.127+0000] {logging_mixin.py:190} INFO - [2025-02-04T16:29:31.126+0000] {dag.py:3239} INFO - Sync 1 DAGs
[2025-02-04T16:29:31.148+0000] {logging_mixin.py:190} INFO - [2025-02-04T16:29:31.148+0000] {dag.py:4180} INFO - Setting next_dagrun for example_local_kubernetes_executor to None, run_after=None
[2025-02-04T16:29:31.176+0000] {processor.py:208} INFO - Processing /home/airflow/.local/lib/python3.9/site-packages/airflow/example_dags/example_local_kubernetes_executor.py took 0.123 seconds
[2025-02-04T16:30:01.462+0000] {processor.py:186} INFO - Started process (PID=984) to work on /home/airflow/.local/lib/python3.9/site-packages/airflow/example_dags/example_local_kubernetes_executor.py
[2025-02-04T16:30:01.464+0000] {processor.py:914} INFO - Processing file /home/airflow/.local/lib/python3.9/site-packages/airflow/example_dags/example_local_kubernetes_executor.py for tasks to queue
[2025-02-04T16:30:01.469+0000] {logging_mixin.py:190} INFO - [2025-02-04T16:30:01.468+0000] {dagbag.py:588} INFO - Filling up the DagBag from /home/airflow/.local/lib/python3.9/site-packages/airflow/example_dags/example_local_kubernetes_executor.py
[2025-02-04T16:30:01.482+0000] {processor.py:925} INFO - DAG(s) 'example_local_kubernetes_executor' retrieved from /home/airflow/.local/lib/python3.9/site-packages/airflow/example_dags/example_local_kubernetes_executor.py
[2025-02-04T16:30:01.528+0000] {logging_mixin.py:190} WARNING - /home/airflow/.local/lib/python3.9/site-packages/airflow/providers/cncf/kubernetes/utils/k8s_hashlib_wrapper.py:29 DeprecationWarning: Python version constraint 'PY39' is deprecated and will be removed in the future. Please get version info from the 'sys.version_info'.
[2025-02-04T16:30:01.536+0000] {logging_mixin.py:190} INFO - [2025-02-04T16:30:01.536+0000] {dag.py:3239} INFO - Sync 1 DAGs
[2025-02-04T16:30:01.554+0000] {logging_mixin.py:190} INFO - [2025-02-04T16:30:01.554+0000] {dag.py:4180} INFO - Setting next_dagrun for example_local_kubernetes_executor to None, run_after=None
[2025-02-04T16:30:01.587+0000] {processor.py:208} INFO - Processing /home/airflow/.local/lib/python3.9/site-packages/airflow/example_dags/example_local_kubernetes_executor.py took 0.138 seconds
[2025-02-04T16:30:32.403+0000] {processor.py:186} INFO - Started process (PID=1048) to work on /home/airflow/.local/lib/python3.9/site-packages/airflow/example_dags/example_local_kubernetes_executor.py
[2025-02-04T16:30:32.404+0000] {processor.py:914} INFO - Processing file /home/airflow/.local/lib/python3.9/site-packages/airflow/example_dags/example_local_kubernetes_executor.py for tasks to queue
[2025-02-04T16:30:32.406+0000] {logging_mixin.py:190} INFO - [2025-02-04T16:30:32.406+0000] {dagbag.py:588} INFO - Filling up the DagBag from /home/airflow/.local/lib/python3.9/site-packages/airflow/example_dags/example_local_kubernetes_executor.py
[2025-02-04T16:30:32.417+0000] {processor.py:925} INFO - DAG(s) 'example_local_kubernetes_executor' retrieved from /home/airflow/.local/lib/python3.9/site-packages/airflow/example_dags/example_local_kubernetes_executor.py
[2025-02-04T16:30:32.531+0000] {logging_mixin.py:190} WARNING - /home/airflow/.local/lib/python3.9/site-packages/airflow/providers/cncf/kubernetes/utils/k8s_hashlib_wrapper.py:29 DeprecationWarning: Python version constraint 'PY39' is deprecated and will be removed in the future. Please get version info from the 'sys.version_info'.
[2025-02-04T16:30:32.546+0000] {logging_mixin.py:190} INFO - [2025-02-04T16:30:32.546+0000] {dag.py:3239} INFO - Sync 1 DAGs
[2025-02-04T16:30:32.637+0000] {logging_mixin.py:190} INFO - [2025-02-04T16:30:32.636+0000] {dag.py:4180} INFO - Setting next_dagrun for example_local_kubernetes_executor to None, run_after=None
[2025-02-04T16:30:32.710+0000] {processor.py:208} INFO - Processing /home/airflow/.local/lib/python3.9/site-packages/airflow/example_dags/example_local_kubernetes_executor.py took 0.315 seconds
[2025-02-04T16:31:03.061+0000] {processor.py:186} INFO - Started process (PID=1112) to work on /home/airflow/.local/lib/python3.9/site-packages/airflow/example_dags/example_local_kubernetes_executor.py
[2025-02-04T16:31:03.063+0000] {processor.py:914} INFO - Processing file /home/airflow/.local/lib/python3.9/site-packages/airflow/example_dags/example_local_kubernetes_executor.py for tasks to queue
[2025-02-04T16:31:03.066+0000] {logging_mixin.py:190} INFO - [2025-02-04T16:31:03.066+0000] {dagbag.py:588} INFO - Filling up the DagBag from /home/airflow/.local/lib/python3.9/site-packages/airflow/example_dags/example_local_kubernetes_executor.py
[2025-02-04T16:31:03.077+0000] {processor.py:925} INFO - DAG(s) 'example_local_kubernetes_executor' retrieved from /home/airflow/.local/lib/python3.9/site-packages/airflow/example_dags/example_local_kubernetes_executor.py
[2025-02-04T16:31:03.113+0000] {logging_mixin.py:190} WARNING - /home/airflow/.local/lib/python3.9/site-packages/airflow/providers/cncf/kubernetes/utils/k8s_hashlib_wrapper.py:29 DeprecationWarning: Python version constraint 'PY39' is deprecated and will be removed in the future. Please get version info from the 'sys.version_info'.
[2025-02-04T16:31:03.121+0000] {logging_mixin.py:190} INFO - [2025-02-04T16:31:03.121+0000] {dag.py:3239} INFO - Sync 1 DAGs
[2025-02-04T16:31:03.137+0000] {logging_mixin.py:190} INFO - [2025-02-04T16:31:03.137+0000] {dag.py:4180} INFO - Setting next_dagrun for example_local_kubernetes_executor to None, run_after=None
[2025-02-04T16:31:03.165+0000] {processor.py:208} INFO - Processing /home/airflow/.local/lib/python3.9/site-packages/airflow/example_dags/example_local_kubernetes_executor.py took 0.111 seconds
[2025-02-04T16:31:34.056+0000] {processor.py:186} INFO - Started process (PID=1176) to work on /home/airflow/.local/lib/python3.9/site-packages/airflow/example_dags/example_local_kubernetes_executor.py
[2025-02-04T16:31:34.057+0000] {processor.py:914} INFO - Processing file /home/airflow/.local/lib/python3.9/site-packages/airflow/example_dags/example_local_kubernetes_executor.py for tasks to queue
[2025-02-04T16:31:34.059+0000] {logging_mixin.py:190} INFO - [2025-02-04T16:31:34.059+0000] {dagbag.py:588} INFO - Filling up the DagBag from /home/airflow/.local/lib/python3.9/site-packages/airflow/example_dags/example_local_kubernetes_executor.py
[2025-02-04T16:31:34.070+0000] {processor.py:925} INFO - DAG(s) 'example_local_kubernetes_executor' retrieved from /home/airflow/.local/lib/python3.9/site-packages/airflow/example_dags/example_local_kubernetes_executor.py
[2025-02-04T16:31:34.109+0000] {logging_mixin.py:190} WARNING - /home/airflow/.local/lib/python3.9/site-packages/airflow/providers/cncf/kubernetes/utils/k8s_hashlib_wrapper.py:29 DeprecationWarning: Python version constraint 'PY39' is deprecated and will be removed in the future. Please get version info from the 'sys.version_info'.
[2025-02-04T16:31:34.118+0000] {logging_mixin.py:190} INFO - [2025-02-04T16:31:34.118+0000] {dag.py:3239} INFO - Sync 1 DAGs
[2025-02-04T16:31:34.199+0000] {logging_mixin.py:190} INFO - [2025-02-04T16:31:34.199+0000] {dag.py:4180} INFO - Setting next_dagrun for example_local_kubernetes_executor to None, run_after=None
[2025-02-04T16:31:34.250+0000] {processor.py:208} INFO - Processing /home/airflow/.local/lib/python3.9/site-packages/airflow/example_dags/example_local_kubernetes_executor.py took 0.201 seconds
[2025-02-04T16:32:05.783+0000] {processor.py:186} INFO - Started process (PID=1240) to work on /home/airflow/.local/lib/python3.9/site-packages/airflow/example_dags/example_local_kubernetes_executor.py
[2025-02-04T16:32:05.784+0000] {processor.py:914} INFO - Processing file /home/airflow/.local/lib/python3.9/site-packages/airflow/example_dags/example_local_kubernetes_executor.py for tasks to queue
[2025-02-04T16:32:05.787+0000] {logging_mixin.py:190} INFO - [2025-02-04T16:32:05.787+0000] {dagbag.py:588} INFO - Filling up the DagBag from /home/airflow/.local/lib/python3.9/site-packages/airflow/example_dags/example_local_kubernetes_executor.py
[2025-02-04T16:32:05.798+0000] {processor.py:925} INFO - DAG(s) 'example_local_kubernetes_executor' retrieved from /home/airflow/.local/lib/python3.9/site-packages/airflow/example_dags/example_local_kubernetes_executor.py
[2025-02-04T16:32:05.838+0000] {logging_mixin.py:190} WARNING - /home/airflow/.local/lib/python3.9/site-packages/airflow/providers/cncf/kubernetes/utils/k8s_hashlib_wrapper.py:29 DeprecationWarning: Python version constraint 'PY39' is deprecated and will be removed in the future. Please get version info from the 'sys.version_info'.
[2025-02-04T16:32:05.847+0000] {logging_mixin.py:190} INFO - [2025-02-04T16:32:05.847+0000] {dag.py:3239} INFO - Sync 1 DAGs
[2025-02-04T16:32:05.863+0000] {logging_mixin.py:190} INFO - [2025-02-04T16:32:05.863+0000] {dag.py:4180} INFO - Setting next_dagrun for example_local_kubernetes_executor to None, run_after=None
[2025-02-04T16:32:05.890+0000] {processor.py:208} INFO - Processing /home/airflow/.local/lib/python3.9/site-packages/airflow/example_dags/example_local_kubernetes_executor.py took 0.115 seconds
[2025-02-04T16:32:36.521+0000] {processor.py:186} INFO - Started process (PID=1304) to work on /home/airflow/.local/lib/python3.9/site-packages/airflow/example_dags/example_local_kubernetes_executor.py
[2025-02-04T16:32:36.523+0000] {processor.py:914} INFO - Processing file /home/airflow/.local/lib/python3.9/site-packages/airflow/example_dags/example_local_kubernetes_executor.py for tasks to queue
[2025-02-04T16:32:36.528+0000] {logging_mixin.py:190} INFO - [2025-02-04T16:32:36.527+0000] {dagbag.py:588} INFO - Filling up the DagBag from /home/airflow/.local/lib/python3.9/site-packages/airflow/example_dags/example_local_kubernetes_executor.py
[2025-02-04T16:32:36.543+0000] {processor.py:925} INFO - DAG(s) 'example_local_kubernetes_executor' retrieved from /home/airflow/.local/lib/python3.9/site-packages/airflow/example_dags/example_local_kubernetes_executor.py
[2025-02-04T16:32:36.593+0000] {logging_mixin.py:190} WARNING - /home/airflow/.local/lib/python3.9/site-packages/airflow/providers/cncf/kubernetes/utils/k8s_hashlib_wrapper.py:29 DeprecationWarning: Python version constraint 'PY39' is deprecated and will be removed in the future. Please get version info from the 'sys.version_info'.
[2025-02-04T16:32:36.602+0000] {logging_mixin.py:190} INFO - [2025-02-04T16:32:36.602+0000] {dag.py:3239} INFO - Sync 1 DAGs
[2025-02-04T16:32:36.623+0000] {logging_mixin.py:190} INFO - [2025-02-04T16:32:36.623+0000] {dag.py:4180} INFO - Setting next_dagrun for example_local_kubernetes_executor to None, run_after=None
[2025-02-04T16:32:36.653+0000] {processor.py:208} INFO - Processing /home/airflow/.local/lib/python3.9/site-packages/airflow/example_dags/example_local_kubernetes_executor.py took 0.142 seconds
[2025-02-04T16:33:06.766+0000] {processor.py:186} INFO - Started process (PID=1368) to work on /home/airflow/.local/lib/python3.9/site-packages/airflow/example_dags/example_local_kubernetes_executor.py
[2025-02-04T16:33:06.768+0000] {processor.py:914} INFO - Processing file /home/airflow/.local/lib/python3.9/site-packages/airflow/example_dags/example_local_kubernetes_executor.py for tasks to queue
[2025-02-04T16:33:06.771+0000] {logging_mixin.py:190} INFO - [2025-02-04T16:33:06.771+0000] {dagbag.py:588} INFO - Filling up the DagBag from /home/airflow/.local/lib/python3.9/site-packages/airflow/example_dags/example_local_kubernetes_executor.py
[2025-02-04T16:33:06.784+0000] {processor.py:925} INFO - DAG(s) 'example_local_kubernetes_executor' retrieved from /home/airflow/.local/lib/python3.9/site-packages/airflow/example_dags/example_local_kubernetes_executor.py
[2025-02-04T16:33:06.835+0000] {logging_mixin.py:190} WARNING - /home/airflow/.local/lib/python3.9/site-packages/airflow/providers/cncf/kubernetes/utils/k8s_hashlib_wrapper.py:29 DeprecationWarning: Python version constraint 'PY39' is deprecated and will be removed in the future. Please get version info from the 'sys.version_info'.
[2025-02-04T16:33:06.845+0000] {logging_mixin.py:190} INFO - [2025-02-04T16:33:06.845+0000] {dag.py:3239} INFO - Sync 1 DAGs
[2025-02-04T16:33:06.861+0000] {logging_mixin.py:190} INFO - [2025-02-04T16:33:06.861+0000] {dag.py:4180} INFO - Setting next_dagrun for example_local_kubernetes_executor to None, run_after=None
[2025-02-04T16:33:06.891+0000] {processor.py:208} INFO - Processing /home/airflow/.local/lib/python3.9/site-packages/airflow/example_dags/example_local_kubernetes_executor.py took 0.136 seconds
[2025-02-04T16:33:37.273+0000] {processor.py:186} INFO - Started process (PID=1440) to work on /home/airflow/.local/lib/python3.9/site-packages/airflow/example_dags/example_local_kubernetes_executor.py
[2025-02-04T16:33:37.275+0000] {processor.py:914} INFO - Processing file /home/airflow/.local/lib/python3.9/site-packages/airflow/example_dags/example_local_kubernetes_executor.py for tasks to queue
[2025-02-04T16:33:37.277+0000] {logging_mixin.py:190} INFO - [2025-02-04T16:33:37.277+0000] {dagbag.py:588} INFO - Filling up the DagBag from /home/airflow/.local/lib/python3.9/site-packages/airflow/example_dags/example_local_kubernetes_executor.py
[2025-02-04T16:33:37.289+0000] {processor.py:925} INFO - DAG(s) 'example_local_kubernetes_executor' retrieved from /home/airflow/.local/lib/python3.9/site-packages/airflow/example_dags/example_local_kubernetes_executor.py
[2025-02-04T16:33:37.338+0000] {logging_mixin.py:190} WARNING - /home/airflow/.local/lib/python3.9/site-packages/airflow/providers/cncf/kubernetes/utils/k8s_hashlib_wrapper.py:29 DeprecationWarning: Python version constraint 'PY39' is deprecated and will be removed in the future. Please get version info from the 'sys.version_info'.
[2025-02-04T16:33:37.345+0000] {logging_mixin.py:190} INFO - [2025-02-04T16:33:37.345+0000] {dag.py:3239} INFO - Sync 1 DAGs
[2025-02-04T16:33:37.360+0000] {logging_mixin.py:190} INFO - [2025-02-04T16:33:37.359+0000] {dag.py:4180} INFO - Setting next_dagrun for example_local_kubernetes_executor to None, run_after=None
[2025-02-04T16:33:37.388+0000] {processor.py:208} INFO - Processing /home/airflow/.local/lib/python3.9/site-packages/airflow/example_dags/example_local_kubernetes_executor.py took 0.123 seconds
[2025-02-04T16:34:07.814+0000] {processor.py:186} INFO - Started process (PID=1500) to work on /home/airflow/.local/lib/python3.9/site-packages/airflow/example_dags/example_local_kubernetes_executor.py
[2025-02-04T16:34:07.816+0000] {processor.py:914} INFO - Processing file /home/airflow/.local/lib/python3.9/site-packages/airflow/example_dags/example_local_kubernetes_executor.py for tasks to queue
[2025-02-04T16:34:07.819+0000] {logging_mixin.py:190} INFO - [2025-02-04T16:34:07.818+0000] {dagbag.py:588} INFO - Filling up the DagBag from /home/airflow/.local/lib/python3.9/site-packages/airflow/example_dags/example_local_kubernetes_executor.py
[2025-02-04T16:34:07.830+0000] {processor.py:925} INFO - DAG(s) 'example_local_kubernetes_executor' retrieved from /home/airflow/.local/lib/python3.9/site-packages/airflow/example_dags/example_local_kubernetes_executor.py
[2025-02-04T16:34:07.867+0000] {logging_mixin.py:190} WARNING - /home/airflow/.local/lib/python3.9/site-packages/airflow/providers/cncf/kubernetes/utils/k8s_hashlib_wrapper.py:29 DeprecationWarning: Python version constraint 'PY39' is deprecated and will be removed in the future. Please get version info from the 'sys.version_info'.
[2025-02-04T16:34:07.874+0000] {logging_mixin.py:190} INFO - [2025-02-04T16:34:07.874+0000] {dag.py:3239} INFO - Sync 1 DAGs
[2025-02-04T16:34:07.887+0000] {logging_mixin.py:190} INFO - [2025-02-04T16:34:07.887+0000] {dag.py:4180} INFO - Setting next_dagrun for example_local_kubernetes_executor to None, run_after=None
[2025-02-04T16:34:07.915+0000] {processor.py:208} INFO - Processing /home/airflow/.local/lib/python3.9/site-packages/airflow/example_dags/example_local_kubernetes_executor.py took 0.107 seconds
[2025-02-04T16:34:38.070+0000] {processor.py:186} INFO - Started process (PID=1564) to work on /home/airflow/.local/lib/python3.9/site-packages/airflow/example_dags/example_local_kubernetes_executor.py
[2025-02-04T16:34:38.072+0000] {processor.py:914} INFO - Processing file /home/airflow/.local/lib/python3.9/site-packages/airflow/example_dags/example_local_kubernetes_executor.py for tasks to queue
[2025-02-04T16:34:38.075+0000] {logging_mixin.py:190} INFO - [2025-02-04T16:34:38.075+0000] {dagbag.py:588} INFO - Filling up the DagBag from /home/airflow/.local/lib/python3.9/site-packages/airflow/example_dags/example_local_kubernetes_executor.py
[2025-02-04T16:34:38.087+0000] {processor.py:925} INFO - DAG(s) 'example_local_kubernetes_executor' retrieved from /home/airflow/.local/lib/python3.9/site-packages/airflow/example_dags/example_local_kubernetes_executor.py
[2025-02-04T16:34:38.127+0000] {logging_mixin.py:190} WARNING - /home/airflow/.local/lib/python3.9/site-packages/airflow/providers/cncf/kubernetes/utils/k8s_hashlib_wrapper.py:29 DeprecationWarning: Python version constraint 'PY39' is deprecated and will be removed in the future. Please get version info from the 'sys.version_info'.
[2025-02-04T16:34:38.135+0000] {logging_mixin.py:190} INFO - [2025-02-04T16:34:38.134+0000] {dag.py:3239} INFO - Sync 1 DAGs
[2025-02-04T16:34:38.148+0000] {logging_mixin.py:190} INFO - [2025-02-04T16:34:38.148+0000] {dag.py:4180} INFO - Setting next_dagrun for example_local_kubernetes_executor to None, run_after=None
[2025-02-04T16:34:38.173+0000] {processor.py:208} INFO - Processing /home/airflow/.local/lib/python3.9/site-packages/airflow/example_dags/example_local_kubernetes_executor.py took 0.110 seconds
[2025-02-04T16:35:10.809+0000] {processor.py:186} INFO - Started process (PID=1628) to work on /home/airflow/.local/lib/python3.9/site-packages/airflow/example_dags/example_local_kubernetes_executor.py
[2025-02-04T16:35:10.810+0000] {processor.py:914} INFO - Processing file /home/airflow/.local/lib/python3.9/site-packages/airflow/example_dags/example_local_kubernetes_executor.py for tasks to queue
[2025-02-04T16:35:10.813+0000] {logging_mixin.py:190} INFO - [2025-02-04T16:35:10.813+0000] {dagbag.py:588} INFO - Filling up the DagBag from /home/airflow/.local/lib/python3.9/site-packages/airflow/example_dags/example_local_kubernetes_executor.py
[2025-02-04T16:35:10.824+0000] {processor.py:925} INFO - DAG(s) 'example_local_kubernetes_executor' retrieved from /home/airflow/.local/lib/python3.9/site-packages/airflow/example_dags/example_local_kubernetes_executor.py
[2025-02-04T16:35:10.860+0000] {logging_mixin.py:190} WARNING - /home/airflow/.local/lib/python3.9/site-packages/airflow/providers/cncf/kubernetes/utils/k8s_hashlib_wrapper.py:29 DeprecationWarning: Python version constraint 'PY39' is deprecated and will be removed in the future. Please get version info from the 'sys.version_info'.
[2025-02-04T16:35:10.868+0000] {logging_mixin.py:190} INFO - [2025-02-04T16:35:10.868+0000] {dag.py:3239} INFO - Sync 1 DAGs
[2025-02-04T16:35:10.883+0000] {logging_mixin.py:190} INFO - [2025-02-04T16:35:10.883+0000] {dag.py:4180} INFO - Setting next_dagrun for example_local_kubernetes_executor to None, run_after=None
[2025-02-04T16:35:10.909+0000] {processor.py:208} INFO - Processing /home/airflow/.local/lib/python3.9/site-packages/airflow/example_dags/example_local_kubernetes_executor.py took 0.106 seconds
[2025-02-04T16:35:41.602+0000] {processor.py:186} INFO - Started process (PID=1692) to work on /home/airflow/.local/lib/python3.9/site-packages/airflow/example_dags/example_local_kubernetes_executor.py
[2025-02-04T16:35:41.604+0000] {processor.py:914} INFO - Processing file /home/airflow/.local/lib/python3.9/site-packages/airflow/example_dags/example_local_kubernetes_executor.py for tasks to queue
[2025-02-04T16:35:41.607+0000] {logging_mixin.py:190} INFO - [2025-02-04T16:35:41.607+0000] {dagbag.py:588} INFO - Filling up the DagBag from /home/airflow/.local/lib/python3.9/site-packages/airflow/example_dags/example_local_kubernetes_executor.py
[2025-02-04T16:35:41.620+0000] {processor.py:925} INFO - DAG(s) 'example_local_kubernetes_executor' retrieved from /home/airflow/.local/lib/python3.9/site-packages/airflow/example_dags/example_local_kubernetes_executor.py
[2025-02-04T16:35:41.655+0000] {logging_mixin.py:190} WARNING - /home/airflow/.local/lib/python3.9/site-packages/airflow/providers/cncf/kubernetes/utils/k8s_hashlib_wrapper.py:29 DeprecationWarning: Python version constraint 'PY39' is deprecated and will be removed in the future. Please get version info from the 'sys.version_info'.
[2025-02-04T16:35:41.663+0000] {logging_mixin.py:190} INFO - [2025-02-04T16:35:41.662+0000] {dag.py:3239} INFO - Sync 1 DAGs
[2025-02-04T16:35:41.677+0000] {logging_mixin.py:190} INFO - [2025-02-04T16:35:41.677+0000] {dag.py:4180} INFO - Setting next_dagrun for example_local_kubernetes_executor to None, run_after=None
[2025-02-04T16:35:41.701+0000] {processor.py:208} INFO - Processing /home/airflow/.local/lib/python3.9/site-packages/airflow/example_dags/example_local_kubernetes_executor.py took 0.105 seconds
[2025-02-04T16:36:12.478+0000] {processor.py:186} INFO - Started process (PID=1758) to work on /home/airflow/.local/lib/python3.9/site-packages/airflow/example_dags/example_local_kubernetes_executor.py
[2025-02-04T16:36:12.930+0000] {processor.py:914} INFO - Processing file /home/airflow/.local/lib/python3.9/site-packages/airflow/example_dags/example_local_kubernetes_executor.py for tasks to queue
[2025-02-04T16:36:12.937+0000] {logging_mixin.py:190} INFO - [2025-02-04T16:36:12.936+0000] {dagbag.py:588} INFO - Filling up the DagBag from /home/airflow/.local/lib/python3.9/site-packages/airflow/example_dags/example_local_kubernetes_executor.py
[2025-02-04T16:36:12.950+0000] {processor.py:925} INFO - DAG(s) 'example_local_kubernetes_executor' retrieved from /home/airflow/.local/lib/python3.9/site-packages/airflow/example_dags/example_local_kubernetes_executor.py
[2025-02-04T16:36:12.984+0000] {logging_mixin.py:190} WARNING - /home/airflow/.local/lib/python3.9/site-packages/airflow/providers/cncf/kubernetes/utils/k8s_hashlib_wrapper.py:29 DeprecationWarning: Python version constraint 'PY39' is deprecated and will be removed in the future. Please get version info from the 'sys.version_info'.
[2025-02-04T16:36:12.991+0000] {logging_mixin.py:190} INFO - [2025-02-04T16:36:12.991+0000] {dag.py:3239} INFO - Sync 1 DAGs
[2025-02-04T16:36:13.007+0000] {logging_mixin.py:190} INFO - [2025-02-04T16:36:13.007+0000] {dag.py:4180} INFO - Setting next_dagrun for example_local_kubernetes_executor to None, run_after=None
[2025-02-04T16:36:13.035+0000] {processor.py:208} INFO - Processing /home/airflow/.local/lib/python3.9/site-packages/airflow/example_dags/example_local_kubernetes_executor.py took 0.563 seconds
[2025-02-04T16:36:43.820+0000] {processor.py:186} INFO - Started process (PID=1822) to work on /home/airflow/.local/lib/python3.9/site-packages/airflow/example_dags/example_local_kubernetes_executor.py
[2025-02-04T16:36:43.821+0000] {processor.py:914} INFO - Processing file /home/airflow/.local/lib/python3.9/site-packages/airflow/example_dags/example_local_kubernetes_executor.py for tasks to queue
[2025-02-04T16:36:43.824+0000] {logging_mixin.py:190} INFO - [2025-02-04T16:36:43.824+0000] {dagbag.py:588} INFO - Filling up the DagBag from /home/airflow/.local/lib/python3.9/site-packages/airflow/example_dags/example_local_kubernetes_executor.py
[2025-02-04T16:36:43.835+0000] {processor.py:925} INFO - DAG(s) 'example_local_kubernetes_executor' retrieved from /home/airflow/.local/lib/python3.9/site-packages/airflow/example_dags/example_local_kubernetes_executor.py
[2025-02-04T16:36:43.885+0000] {logging_mixin.py:190} WARNING - /home/airflow/.local/lib/python3.9/site-packages/airflow/providers/cncf/kubernetes/utils/k8s_hashlib_wrapper.py:29 DeprecationWarning: Python version constraint 'PY39' is deprecated and will be removed in the future. Please get version info from the 'sys.version_info'.
[2025-02-04T16:36:43.895+0000] {logging_mixin.py:190} INFO - [2025-02-04T16:36:43.894+0000] {dag.py:3239} INFO - Sync 1 DAGs
[2025-02-04T16:36:43.911+0000] {logging_mixin.py:190} INFO - [2025-02-04T16:36:43.911+0000] {dag.py:4180} INFO - Setting next_dagrun for example_local_kubernetes_executor to None, run_after=None
[2025-02-04T16:36:43.938+0000] {processor.py:208} INFO - Processing /home/airflow/.local/lib/python3.9/site-packages/airflow/example_dags/example_local_kubernetes_executor.py took 0.126 seconds
[2025-02-04T16:38:20.533+0000] {processor.py:186} INFO - Started process (PID=1885) to work on /home/airflow/.local/lib/python3.9/site-packages/airflow/example_dags/example_local_kubernetes_executor.py
[2025-02-04T16:38:20.534+0000] {processor.py:914} INFO - Processing file /home/airflow/.local/lib/python3.9/site-packages/airflow/example_dags/example_local_kubernetes_executor.py for tasks to queue
[2025-02-04T16:38:20.537+0000] {logging_mixin.py:190} INFO - [2025-02-04T16:38:20.537+0000] {dagbag.py:588} INFO - Filling up the DagBag from /home/airflow/.local/lib/python3.9/site-packages/airflow/example_dags/example_local_kubernetes_executor.py
[2025-02-04T16:38:20.550+0000] {processor.py:925} INFO - DAG(s) 'example_local_kubernetes_executor' retrieved from /home/airflow/.local/lib/python3.9/site-packages/airflow/example_dags/example_local_kubernetes_executor.py
[2025-02-04T16:38:20.635+0000] {logging_mixin.py:190} WARNING - /home/airflow/.local/lib/python3.9/site-packages/airflow/providers/cncf/kubernetes/utils/k8s_hashlib_wrapper.py:29 DeprecationWarning: Python version constraint 'PY39' is deprecated and will be removed in the future. Please get version info from the 'sys.version_info'.
[2025-02-04T16:38:20.654+0000] {logging_mixin.py:190} INFO - [2025-02-04T16:38:20.653+0000] {dag.py:3239} INFO - Sync 1 DAGs
[2025-02-04T16:38:20.676+0000] {logging_mixin.py:190} INFO - [2025-02-04T16:38:20.675+0000] {dag.py:4180} INFO - Setting next_dagrun for example_local_kubernetes_executor to None, run_after=None
[2025-02-04T16:39:23.353+0000] {processor.py:208} INFO - Processing /home/airflow/.local/lib/python3.9/site-packages/airflow/example_dags/example_local_kubernetes_executor.py took 0.618 seconds
[2025-02-04T16:39:53.448+0000] {processor.py:186} INFO - Started process (PID=1949) to work on /home/airflow/.local/lib/python3.9/site-packages/airflow/example_dags/example_local_kubernetes_executor.py
[2025-02-04T16:39:53.449+0000] {processor.py:914} INFO - Processing file /home/airflow/.local/lib/python3.9/site-packages/airflow/example_dags/example_local_kubernetes_executor.py for tasks to queue
[2025-02-04T16:39:53.451+0000] {logging_mixin.py:190} INFO - [2025-02-04T16:39:53.450+0000] {dagbag.py:588} INFO - Filling up the DagBag from /home/airflow/.local/lib/python3.9/site-packages/airflow/example_dags/example_local_kubernetes_executor.py
[2025-02-04T16:39:53.463+0000] {processor.py:925} INFO - DAG(s) 'example_local_kubernetes_executor' retrieved from /home/airflow/.local/lib/python3.9/site-packages/airflow/example_dags/example_local_kubernetes_executor.py
[2025-02-04T16:39:53.493+0000] {logging_mixin.py:190} WARNING - /home/airflow/.local/lib/python3.9/site-packages/airflow/providers/cncf/kubernetes/utils/k8s_hashlib_wrapper.py:29 DeprecationWarning: Python version constraint 'PY39' is deprecated and will be removed in the future. Please get version info from the 'sys.version_info'.
[2025-02-04T16:39:53.582+0000] {logging_mixin.py:190} INFO - [2025-02-04T16:39:53.581+0000] {dag.py:3239} INFO - Sync 1 DAGs
[2025-02-04T16:39:53.598+0000] {logging_mixin.py:190} INFO - [2025-02-04T16:39:53.598+0000] {dag.py:4180} INFO - Setting next_dagrun for example_local_kubernetes_executor to None, run_after=None
[2025-02-04T16:39:53.624+0000] {processor.py:208} INFO - Processing /home/airflow/.local/lib/python3.9/site-packages/airflow/example_dags/example_local_kubernetes_executor.py took 0.185 seconds
[2025-02-04T16:40:24.667+0000] {processor.py:186} INFO - Started process (PID=2013) to work on /home/airflow/.local/lib/python3.9/site-packages/airflow/example_dags/example_local_kubernetes_executor.py
[2025-02-04T16:40:24.668+0000] {processor.py:914} INFO - Processing file /home/airflow/.local/lib/python3.9/site-packages/airflow/example_dags/example_local_kubernetes_executor.py for tasks to queue
[2025-02-04T16:40:24.670+0000] {logging_mixin.py:190} INFO - [2025-02-04T16:40:24.669+0000] {dagbag.py:588} INFO - Filling up the DagBag from /home/airflow/.local/lib/python3.9/site-packages/airflow/example_dags/example_local_kubernetes_executor.py
[2025-02-04T16:40:24.680+0000] {processor.py:925} INFO - DAG(s) 'example_local_kubernetes_executor' retrieved from /home/airflow/.local/lib/python3.9/site-packages/airflow/example_dags/example_local_kubernetes_executor.py
[2025-02-04T16:40:24.715+0000] {logging_mixin.py:190} WARNING - /home/airflow/.local/lib/python3.9/site-packages/airflow/providers/cncf/kubernetes/utils/k8s_hashlib_wrapper.py:29 DeprecationWarning: Python version constraint 'PY39' is deprecated and will be removed in the future. Please get version info from the 'sys.version_info'.
[2025-02-04T16:40:24.723+0000] {logging_mixin.py:190} INFO - [2025-02-04T16:40:24.723+0000] {dag.py:3239} INFO - Sync 1 DAGs
[2025-02-04T16:40:24.738+0000] {logging_mixin.py:190} INFO - [2025-02-04T16:40:24.737+0000] {dag.py:4180} INFO - Setting next_dagrun for example_local_kubernetes_executor to None, run_after=None
[2025-02-04T16:40:24.767+0000] {processor.py:208} INFO - Processing /home/airflow/.local/lib/python3.9/site-packages/airflow/example_dags/example_local_kubernetes_executor.py took 0.107 seconds
[2025-02-04T16:40:55.718+0000] {processor.py:186} INFO - Started process (PID=2077) to work on /home/airflow/.local/lib/python3.9/site-packages/airflow/example_dags/example_local_kubernetes_executor.py
[2025-02-04T16:40:55.719+0000] {processor.py:914} INFO - Processing file /home/airflow/.local/lib/python3.9/site-packages/airflow/example_dags/example_local_kubernetes_executor.py for tasks to queue
[2025-02-04T16:40:55.721+0000] {logging_mixin.py:190} INFO - [2025-02-04T16:40:55.721+0000] {dagbag.py:588} INFO - Filling up the DagBag from /home/airflow/.local/lib/python3.9/site-packages/airflow/example_dags/example_local_kubernetes_executor.py
[2025-02-04T16:40:55.731+0000] {processor.py:925} INFO - DAG(s) 'example_local_kubernetes_executor' retrieved from /home/airflow/.local/lib/python3.9/site-packages/airflow/example_dags/example_local_kubernetes_executor.py
[2025-02-04T16:40:55.766+0000] {logging_mixin.py:190} WARNING - /home/airflow/.local/lib/python3.9/site-packages/airflow/providers/cncf/kubernetes/utils/k8s_hashlib_wrapper.py:29 DeprecationWarning: Python version constraint 'PY39' is deprecated and will be removed in the future. Please get version info from the 'sys.version_info'.
[2025-02-04T16:40:55.779+0000] {logging_mixin.py:190} INFO - [2025-02-04T16:40:55.779+0000] {dag.py:3239} INFO - Sync 1 DAGs
[2025-02-04T16:40:55.794+0000] {logging_mixin.py:190} INFO - [2025-02-04T16:40:55.793+0000] {dag.py:4180} INFO - Setting next_dagrun for example_local_kubernetes_executor to None, run_after=None
[2025-02-04T16:40:55.821+0000] {processor.py:208} INFO - Processing /home/airflow/.local/lib/python3.9/site-packages/airflow/example_dags/example_local_kubernetes_executor.py took 0.109 seconds
[2025-02-04T16:41:26.649+0000] {processor.py:186} INFO - Started process (PID=2141) to work on /home/airflow/.local/lib/python3.9/site-packages/airflow/example_dags/example_local_kubernetes_executor.py
[2025-02-04T16:41:26.651+0000] {processor.py:914} INFO - Processing file /home/airflow/.local/lib/python3.9/site-packages/airflow/example_dags/example_local_kubernetes_executor.py for tasks to queue
[2025-02-04T16:41:26.652+0000] {logging_mixin.py:190} INFO - [2025-02-04T16:41:26.652+0000] {dagbag.py:588} INFO - Filling up the DagBag from /home/airflow/.local/lib/python3.9/site-packages/airflow/example_dags/example_local_kubernetes_executor.py
[2025-02-04T16:41:26.661+0000] {processor.py:925} INFO - DAG(s) 'example_local_kubernetes_executor' retrieved from /home/airflow/.local/lib/python3.9/site-packages/airflow/example_dags/example_local_kubernetes_executor.py
[2025-02-04T16:41:26.693+0000] {logging_mixin.py:190} WARNING - /home/airflow/.local/lib/python3.9/site-packages/airflow/providers/cncf/kubernetes/utils/k8s_hashlib_wrapper.py:29 DeprecationWarning: Python version constraint 'PY39' is deprecated and will be removed in the future. Please get version info from the 'sys.version_info'.
[2025-02-04T16:41:26.700+0000] {logging_mixin.py:190} INFO - [2025-02-04T16:41:26.700+0000] {dag.py:3239} INFO - Sync 1 DAGs
[2025-02-04T16:41:26.714+0000] {logging_mixin.py:190} INFO - [2025-02-04T16:41:26.714+0000] {dag.py:4180} INFO - Setting next_dagrun for example_local_kubernetes_executor to None, run_after=None
[2025-02-04T16:41:26.740+0000] {processor.py:208} INFO - Processing /home/airflow/.local/lib/python3.9/site-packages/airflow/example_dags/example_local_kubernetes_executor.py took 0.098 seconds
[2025-02-04T16:41:56.847+0000] {processor.py:186} INFO - Started process (PID=2205) to work on /home/airflow/.local/lib/python3.9/site-packages/airflow/example_dags/example_local_kubernetes_executor.py
[2025-02-04T16:41:56.848+0000] {processor.py:914} INFO - Processing file /home/airflow/.local/lib/python3.9/site-packages/airflow/example_dags/example_local_kubernetes_executor.py for tasks to queue
[2025-02-04T16:41:56.850+0000] {logging_mixin.py:190} INFO - [2025-02-04T16:41:56.850+0000] {dagbag.py:588} INFO - Filling up the DagBag from /home/airflow/.local/lib/python3.9/site-packages/airflow/example_dags/example_local_kubernetes_executor.py
[2025-02-04T16:41:56.861+0000] {processor.py:925} INFO - DAG(s) 'example_local_kubernetes_executor' retrieved from /home/airflow/.local/lib/python3.9/site-packages/airflow/example_dags/example_local_kubernetes_executor.py
[2025-02-04T16:41:56.891+0000] {logging_mixin.py:190} WARNING - /home/airflow/.local/lib/python3.9/site-packages/airflow/providers/cncf/kubernetes/utils/k8s_hashlib_wrapper.py:29 DeprecationWarning: Python version constraint 'PY39' is deprecated and will be removed in the future. Please get version info from the 'sys.version_info'.
[2025-02-04T16:41:56.898+0000] {logging_mixin.py:190} INFO - [2025-02-04T16:41:56.898+0000] {dag.py:3239} INFO - Sync 1 DAGs
[2025-02-04T16:41:56.917+0000] {logging_mixin.py:190} INFO - [2025-02-04T16:41:56.917+0000] {dag.py:4180} INFO - Setting next_dagrun for example_local_kubernetes_executor to None, run_after=None
[2025-02-04T16:41:56.944+0000] {processor.py:208} INFO - Processing /home/airflow/.local/lib/python3.9/site-packages/airflow/example_dags/example_local_kubernetes_executor.py took 0.105 seconds
[2025-02-04T16:42:27.965+0000] {processor.py:186} INFO - Started process (PID=2269) to work on /home/airflow/.local/lib/python3.9/site-packages/airflow/example_dags/example_local_kubernetes_executor.py
[2025-02-04T16:42:27.967+0000] {processor.py:914} INFO - Processing file /home/airflow/.local/lib/python3.9/site-packages/airflow/example_dags/example_local_kubernetes_executor.py for tasks to queue
[2025-02-04T16:42:27.969+0000] {logging_mixin.py:190} INFO - [2025-02-04T16:42:27.969+0000] {dagbag.py:588} INFO - Filling up the DagBag from /home/airflow/.local/lib/python3.9/site-packages/airflow/example_dags/example_local_kubernetes_executor.py
[2025-02-04T16:42:27.983+0000] {processor.py:925} INFO - DAG(s) 'example_local_kubernetes_executor' retrieved from /home/airflow/.local/lib/python3.9/site-packages/airflow/example_dags/example_local_kubernetes_executor.py
[2025-02-04T16:42:28.023+0000] {logging_mixin.py:190} WARNING - /home/airflow/.local/lib/python3.9/site-packages/airflow/providers/cncf/kubernetes/utils/k8s_hashlib_wrapper.py:29 DeprecationWarning: Python version constraint 'PY39' is deprecated and will be removed in the future. Please get version info from the 'sys.version_info'.
[2025-02-04T16:42:28.033+0000] {logging_mixin.py:190} INFO - [2025-02-04T16:42:28.032+0000] {dag.py:3239} INFO - Sync 1 DAGs
[2025-02-04T16:42:28.049+0000] {logging_mixin.py:190} INFO - [2025-02-04T16:42:28.049+0000] {dag.py:4180} INFO - Setting next_dagrun for example_local_kubernetes_executor to None, run_after=None
[2025-02-04T16:42:28.081+0000] {processor.py:208} INFO - Processing /home/airflow/.local/lib/python3.9/site-packages/airflow/example_dags/example_local_kubernetes_executor.py took 0.122 seconds
[2025-02-04T16:42:58.737+0000] {processor.py:186} INFO - Started process (PID=2333) to work on /home/airflow/.local/lib/python3.9/site-packages/airflow/example_dags/example_local_kubernetes_executor.py
[2025-02-04T16:42:58.738+0000] {processor.py:914} INFO - Processing file /home/airflow/.local/lib/python3.9/site-packages/airflow/example_dags/example_local_kubernetes_executor.py for tasks to queue
[2025-02-04T16:42:58.740+0000] {logging_mixin.py:190} INFO - [2025-02-04T16:42:58.740+0000] {dagbag.py:588} INFO - Filling up the DagBag from /home/airflow/.local/lib/python3.9/site-packages/airflow/example_dags/example_local_kubernetes_executor.py
[2025-02-04T16:42:58.751+0000] {processor.py:925} INFO - DAG(s) 'example_local_kubernetes_executor' retrieved from /home/airflow/.local/lib/python3.9/site-packages/airflow/example_dags/example_local_kubernetes_executor.py
[2025-02-04T16:42:58.784+0000] {logging_mixin.py:190} WARNING - /home/airflow/.local/lib/python3.9/site-packages/airflow/providers/cncf/kubernetes/utils/k8s_hashlib_wrapper.py:29 DeprecationWarning: Python version constraint 'PY39' is deprecated and will be removed in the future. Please get version info from the 'sys.version_info'.
[2025-02-04T16:42:58.792+0000] {logging_mixin.py:190} INFO - [2025-02-04T16:42:58.792+0000] {dag.py:3239} INFO - Sync 1 DAGs
[2025-02-04T16:42:58.808+0000] {logging_mixin.py:190} INFO - [2025-02-04T16:42:58.808+0000] {dag.py:4180} INFO - Setting next_dagrun for example_local_kubernetes_executor to None, run_after=None
[2025-02-04T16:42:58.837+0000] {processor.py:208} INFO - Processing /home/airflow/.local/lib/python3.9/site-packages/airflow/example_dags/example_local_kubernetes_executor.py took 0.107 seconds
[2025-02-04T16:43:28.876+0000] {processor.py:186} INFO - Started process (PID=2397) to work on /home/airflow/.local/lib/python3.9/site-packages/airflow/example_dags/example_local_kubernetes_executor.py
[2025-02-04T16:43:28.877+0000] {processor.py:914} INFO - Processing file /home/airflow/.local/lib/python3.9/site-packages/airflow/example_dags/example_local_kubernetes_executor.py for tasks to queue
[2025-02-04T16:43:28.879+0000] {logging_mixin.py:190} INFO - [2025-02-04T16:43:28.878+0000] {dagbag.py:588} INFO - Filling up the DagBag from /home/airflow/.local/lib/python3.9/site-packages/airflow/example_dags/example_local_kubernetes_executor.py
[2025-02-04T16:43:28.890+0000] {processor.py:925} INFO - DAG(s) 'example_local_kubernetes_executor' retrieved from /home/airflow/.local/lib/python3.9/site-packages/airflow/example_dags/example_local_kubernetes_executor.py
[2025-02-04T16:43:28.926+0000] {logging_mixin.py:190} WARNING - /home/airflow/.local/lib/python3.9/site-packages/airflow/providers/cncf/kubernetes/utils/k8s_hashlib_wrapper.py:29 DeprecationWarning: Python version constraint 'PY39' is deprecated and will be removed in the future. Please get version info from the 'sys.version_info'.
[2025-02-04T16:43:28.934+0000] {logging_mixin.py:190} INFO - [2025-02-04T16:43:28.933+0000] {dag.py:3239} INFO - Sync 1 DAGs
[2025-02-04T16:43:28.948+0000] {logging_mixin.py:190} INFO - [2025-02-04T16:43:28.948+0000] {dag.py:4180} INFO - Setting next_dagrun for example_local_kubernetes_executor to None, run_after=None
[2025-02-04T16:43:28.985+0000] {processor.py:208} INFO - Processing /home/airflow/.local/lib/python3.9/site-packages/airflow/example_dags/example_local_kubernetes_executor.py took 0.116 seconds
[2025-02-04T16:43:59.704+0000] {processor.py:186} INFO - Started process (PID=2461) to work on /home/airflow/.local/lib/python3.9/site-packages/airflow/example_dags/example_local_kubernetes_executor.py
[2025-02-04T16:43:59.705+0000] {processor.py:914} INFO - Processing file /home/airflow/.local/lib/python3.9/site-packages/airflow/example_dags/example_local_kubernetes_executor.py for tasks to queue
[2025-02-04T16:43:59.707+0000] {logging_mixin.py:190} INFO - [2025-02-04T16:43:59.707+0000] {dagbag.py:588} INFO - Filling up the DagBag from /home/airflow/.local/lib/python3.9/site-packages/airflow/example_dags/example_local_kubernetes_executor.py
[2025-02-04T16:43:59.718+0000] {processor.py:925} INFO - DAG(s) 'example_local_kubernetes_executor' retrieved from /home/airflow/.local/lib/python3.9/site-packages/airflow/example_dags/example_local_kubernetes_executor.py
[2025-02-04T16:43:59.752+0000] {logging_mixin.py:190} WARNING - /home/airflow/.local/lib/python3.9/site-packages/airflow/providers/cncf/kubernetes/utils/k8s_hashlib_wrapper.py:29 DeprecationWarning: Python version constraint 'PY39' is deprecated and will be removed in the future. Please get version info from the 'sys.version_info'.
[2025-02-04T16:43:59.760+0000] {logging_mixin.py:190} INFO - [2025-02-04T16:43:59.760+0000] {dag.py:3239} INFO - Sync 1 DAGs
[2025-02-04T16:43:59.775+0000] {logging_mixin.py:190} INFO - [2025-02-04T16:43:59.775+0000] {dag.py:4180} INFO - Setting next_dagrun for example_local_kubernetes_executor to None, run_after=None
[2025-02-04T16:43:59.806+0000] {processor.py:208} INFO - Processing /home/airflow/.local/lib/python3.9/site-packages/airflow/example_dags/example_local_kubernetes_executor.py took 0.108 seconds
[2025-02-04T16:44:29.961+0000] {processor.py:186} INFO - Started process (PID=2525) to work on /home/airflow/.local/lib/python3.9/site-packages/airflow/example_dags/example_local_kubernetes_executor.py
[2025-02-04T16:44:29.962+0000] {processor.py:914} INFO - Processing file /home/airflow/.local/lib/python3.9/site-packages/airflow/example_dags/example_local_kubernetes_executor.py for tasks to queue
[2025-02-04T16:44:29.963+0000] {logging_mixin.py:190} INFO - [2025-02-04T16:44:29.963+0000] {dagbag.py:588} INFO - Filling up the DagBag from /home/airflow/.local/lib/python3.9/site-packages/airflow/example_dags/example_local_kubernetes_executor.py
[2025-02-04T16:44:29.976+0000] {processor.py:925} INFO - DAG(s) 'example_local_kubernetes_executor' retrieved from /home/airflow/.local/lib/python3.9/site-packages/airflow/example_dags/example_local_kubernetes_executor.py
[2025-02-04T16:44:30.010+0000] {logging_mixin.py:190} WARNING - /home/airflow/.local/lib/python3.9/site-packages/airflow/providers/cncf/kubernetes/utils/k8s_hashlib_wrapper.py:29 DeprecationWarning: Python version constraint 'PY39' is deprecated and will be removed in the future. Please get version info from the 'sys.version_info'.
[2025-02-04T16:44:30.017+0000] {logging_mixin.py:190} INFO - [2025-02-04T16:44:30.017+0000] {dag.py:3239} INFO - Sync 1 DAGs
[2025-02-04T16:44:30.033+0000] {logging_mixin.py:190} INFO - [2025-02-04T16:44:30.033+0000] {dag.py:4180} INFO - Setting next_dagrun for example_local_kubernetes_executor to None, run_after=None
[2025-02-04T16:44:30.065+0000] {processor.py:208} INFO - Processing /home/airflow/.local/lib/python3.9/site-packages/airflow/example_dags/example_local_kubernetes_executor.py took 0.111 seconds
[2025-02-04T16:45:00.470+0000] {processor.py:186} INFO - Started process (PID=2589) to work on /home/airflow/.local/lib/python3.9/site-packages/airflow/example_dags/example_local_kubernetes_executor.py
[2025-02-04T16:45:00.472+0000] {processor.py:914} INFO - Processing file /home/airflow/.local/lib/python3.9/site-packages/airflow/example_dags/example_local_kubernetes_executor.py for tasks to queue
[2025-02-04T16:45:00.473+0000] {logging_mixin.py:190} INFO - [2025-02-04T16:45:00.473+0000] {dagbag.py:588} INFO - Filling up the DagBag from /home/airflow/.local/lib/python3.9/site-packages/airflow/example_dags/example_local_kubernetes_executor.py
[2025-02-04T16:45:00.484+0000] {processor.py:925} INFO - DAG(s) 'example_local_kubernetes_executor' retrieved from /home/airflow/.local/lib/python3.9/site-packages/airflow/example_dags/example_local_kubernetes_executor.py
[2025-02-04T16:45:00.520+0000] {logging_mixin.py:190} WARNING - /home/airflow/.local/lib/python3.9/site-packages/airflow/providers/cncf/kubernetes/utils/k8s_hashlib_wrapper.py:29 DeprecationWarning: Python version constraint 'PY39' is deprecated and will be removed in the future. Please get version info from the 'sys.version_info'.
[2025-02-04T16:45:00.527+0000] {logging_mixin.py:190} INFO - [2025-02-04T16:45:00.527+0000] {dag.py:3239} INFO - Sync 1 DAGs
[2025-02-04T16:45:00.543+0000] {logging_mixin.py:190} INFO - [2025-02-04T16:45:00.543+0000] {dag.py:4180} INFO - Setting next_dagrun for example_local_kubernetes_executor to None, run_after=None
[2025-02-04T16:45:00.573+0000] {processor.py:208} INFO - Processing /home/airflow/.local/lib/python3.9/site-packages/airflow/example_dags/example_local_kubernetes_executor.py took 0.109 seconds
[2025-02-04T16:45:30.922+0000] {processor.py:186} INFO - Started process (PID=2653) to work on /home/airflow/.local/lib/python3.9/site-packages/airflow/example_dags/example_local_kubernetes_executor.py
[2025-02-04T16:45:30.924+0000] {processor.py:914} INFO - Processing file /home/airflow/.local/lib/python3.9/site-packages/airflow/example_dags/example_local_kubernetes_executor.py for tasks to queue
[2025-02-04T16:45:30.925+0000] {logging_mixin.py:190} INFO - [2025-02-04T16:45:30.925+0000] {dagbag.py:588} INFO - Filling up the DagBag from /home/airflow/.local/lib/python3.9/site-packages/airflow/example_dags/example_local_kubernetes_executor.py
[2025-02-04T16:45:30.935+0000] {processor.py:925} INFO - DAG(s) 'example_local_kubernetes_executor' retrieved from /home/airflow/.local/lib/python3.9/site-packages/airflow/example_dags/example_local_kubernetes_executor.py
[2025-02-04T16:45:30.968+0000] {logging_mixin.py:190} WARNING - /home/airflow/.local/lib/python3.9/site-packages/airflow/providers/cncf/kubernetes/utils/k8s_hashlib_wrapper.py:29 DeprecationWarning: Python version constraint 'PY39' is deprecated and will be removed in the future. Please get version info from the 'sys.version_info'.
[2025-02-04T16:45:30.976+0000] {logging_mixin.py:190} INFO - [2025-02-04T16:45:30.976+0000] {dag.py:3239} INFO - Sync 1 DAGs
[2025-02-04T16:45:30.991+0000] {logging_mixin.py:190} INFO - [2025-02-04T16:45:30.991+0000] {dag.py:4180} INFO - Setting next_dagrun for example_local_kubernetes_executor to None, run_after=None
[2025-02-04T16:45:31.018+0000] {processor.py:208} INFO - Processing /home/airflow/.local/lib/python3.9/site-packages/airflow/example_dags/example_local_kubernetes_executor.py took 0.102 seconds
[2025-02-04T16:46:02.640+0000] {processor.py:186} INFO - Started process (PID=2717) to work on /home/airflow/.local/lib/python3.9/site-packages/airflow/example_dags/example_local_kubernetes_executor.py
[2025-02-04T16:46:02.694+0000] {processor.py:914} INFO - Processing file /home/airflow/.local/lib/python3.9/site-packages/airflow/example_dags/example_local_kubernetes_executor.py for tasks to queue
[2025-02-04T16:46:02.746+0000] {logging_mixin.py:190} INFO - [2025-02-04T16:46:02.746+0000] {dagbag.py:588} INFO - Filling up the DagBag from /home/airflow/.local/lib/python3.9/site-packages/airflow/example_dags/example_local_kubernetes_executor.py
[2025-02-04T16:46:02.916+0000] {processor.py:925} INFO - DAG(s) 'example_local_kubernetes_executor' retrieved from /home/airflow/.local/lib/python3.9/site-packages/airflow/example_dags/example_local_kubernetes_executor.py
[2025-02-04T16:46:03.364+0000] {logging_mixin.py:190} WARNING - /home/airflow/.local/lib/python3.9/site-packages/airflow/providers/cncf/kubernetes/utils/k8s_hashlib_wrapper.py:29 DeprecationWarning: Python version constraint 'PY39' is deprecated and will be removed in the future. Please get version info from the 'sys.version_info'.
[2025-02-04T16:46:03.372+0000] {logging_mixin.py:190} INFO - [2025-02-04T16:46:03.372+0000] {dag.py:3239} INFO - Sync 1 DAGs
[2025-02-04T16:46:03.482+0000] {logging_mixin.py:190} INFO - [2025-02-04T16:46:03.481+0000] {dag.py:4180} INFO - Setting next_dagrun for example_local_kubernetes_executor to None, run_after=None
[2025-02-04T16:46:03.510+0000] {processor.py:208} INFO - Processing /home/airflow/.local/lib/python3.9/site-packages/airflow/example_dags/example_local_kubernetes_executor.py took 0.956 seconds
[2025-02-04T16:46:34.950+0000] {processor.py:186} INFO - Started process (PID=2788) to work on /home/airflow/.local/lib/python3.9/site-packages/airflow/example_dags/example_local_kubernetes_executor.py
[2025-02-04T16:46:34.952+0000] {processor.py:914} INFO - Processing file /home/airflow/.local/lib/python3.9/site-packages/airflow/example_dags/example_local_kubernetes_executor.py for tasks to queue
[2025-02-04T16:46:33.654+0000] {logging_mixin.py:190} INFO - [2025-02-04T16:46:34.953+0000] {dagbag.py:588} INFO - Filling up the DagBag from /home/airflow/.local/lib/python3.9/site-packages/airflow/example_dags/example_local_kubernetes_executor.py
[2025-02-04T16:46:33.666+0000] {processor.py:925} INFO - DAG(s) 'example_local_kubernetes_executor' retrieved from /home/airflow/.local/lib/python3.9/site-packages/airflow/example_dags/example_local_kubernetes_executor.py
[2025-02-04T16:46:33.706+0000] {logging_mixin.py:190} WARNING - /home/airflow/.local/lib/python3.9/site-packages/airflow/providers/cncf/kubernetes/utils/k8s_hashlib_wrapper.py:29 DeprecationWarning: Python version constraint 'PY39' is deprecated and will be removed in the future. Please get version info from the 'sys.version_info'.
[2025-02-04T16:46:33.714+0000] {logging_mixin.py:190} INFO - [2025-02-04T16:46:33.714+0000] {dag.py:3239} INFO - Sync 1 DAGs
[2025-02-04T16:46:33.730+0000] {logging_mixin.py:190} INFO - [2025-02-04T16:46:33.730+0000] {dag.py:4180} INFO - Setting next_dagrun for example_local_kubernetes_executor to None, run_after=None
[2025-02-04T16:46:33.760+0000] {processor.py:208} INFO - Processing /home/airflow/.local/lib/python3.9/site-packages/airflow/example_dags/example_local_kubernetes_executor.py took 0.116 seconds
[2025-02-04T16:47:04.108+0000] {processor.py:186} INFO - Started process (PID=2852) to work on /home/airflow/.local/lib/python3.9/site-packages/airflow/example_dags/example_local_kubernetes_executor.py
[2025-02-04T16:47:04.110+0000] {processor.py:914} INFO - Processing file /home/airflow/.local/lib/python3.9/site-packages/airflow/example_dags/example_local_kubernetes_executor.py for tasks to queue
[2025-02-04T16:47:04.113+0000] {logging_mixin.py:190} INFO - [2025-02-04T16:47:04.113+0000] {dagbag.py:588} INFO - Filling up the DagBag from /home/airflow/.local/lib/python3.9/site-packages/airflow/example_dags/example_local_kubernetes_executor.py
[2025-02-04T16:47:04.126+0000] {processor.py:925} INFO - DAG(s) 'example_local_kubernetes_executor' retrieved from /home/airflow/.local/lib/python3.9/site-packages/airflow/example_dags/example_local_kubernetes_executor.py
[2025-02-04T16:47:07.239+0000] {logging_mixin.py:190} WARNING - /home/airflow/.local/lib/python3.9/site-packages/airflow/providers/cncf/kubernetes/utils/k8s_hashlib_wrapper.py:29 DeprecationWarning: Python version constraint 'PY39' is deprecated and will be removed in the future. Please get version info from the 'sys.version_info'.
[2025-02-04T16:47:07.482+0000] {logging_mixin.py:190} INFO - [2025-02-04T16:47:07.482+0000] {dag.py:3239} INFO - Sync 1 DAGs
[2025-02-04T16:47:07.498+0000] {logging_mixin.py:190} INFO - [2025-02-04T16:47:07.497+0000] {dag.py:4180} INFO - Setting next_dagrun for example_local_kubernetes_executor to None, run_after=None
[2025-02-04T16:47:07.567+0000] {processor.py:208} INFO - Processing /home/airflow/.local/lib/python3.9/site-packages/airflow/example_dags/example_local_kubernetes_executor.py took 3.467 seconds
[2025-02-04T16:47:38.250+0000] {processor.py:186} INFO - Started process (PID=2916) to work on /home/airflow/.local/lib/python3.9/site-packages/airflow/example_dags/example_local_kubernetes_executor.py
[2025-02-04T16:47:38.252+0000] {processor.py:914} INFO - Processing file /home/airflow/.local/lib/python3.9/site-packages/airflow/example_dags/example_local_kubernetes_executor.py for tasks to queue
[2025-02-04T16:47:38.254+0000] {logging_mixin.py:190} INFO - [2025-02-04T16:47:38.254+0000] {dagbag.py:588} INFO - Filling up the DagBag from /home/airflow/.local/lib/python3.9/site-packages/airflow/example_dags/example_local_kubernetes_executor.py
[2025-02-04T16:47:38.265+0000] {processor.py:925} INFO - DAG(s) 'example_local_kubernetes_executor' retrieved from /home/airflow/.local/lib/python3.9/site-packages/airflow/example_dags/example_local_kubernetes_executor.py
[2025-02-04T16:47:38.306+0000] {logging_mixin.py:190} WARNING - /home/airflow/.local/lib/python3.9/site-packages/airflow/providers/cncf/kubernetes/utils/k8s_hashlib_wrapper.py:29 DeprecationWarning: Python version constraint 'PY39' is deprecated and will be removed in the future. Please get version info from the 'sys.version_info'.
[2025-02-04T16:47:41.165+0000] {logging_mixin.py:190} INFO - [2025-02-04T16:47:41.164+0000] {dag.py:3239} INFO - Sync 1 DAGs
[2025-02-04T16:47:46.129+0000] {logging_mixin.py:190} INFO - [2025-02-04T16:47:46.129+0000] {dag.py:4180} INFO - Setting next_dagrun for example_local_kubernetes_executor to None, run_after=None
[2025-02-04T16:47:46.955+0000] {processor.py:208} INFO - Processing /home/airflow/.local/lib/python3.9/site-packages/airflow/example_dags/example_local_kubernetes_executor.py took 8.714 seconds
[2025-02-04T16:48:17.082+0000] {processor.py:186} INFO - Started process (PID=2982) to work on /home/airflow/.local/lib/python3.9/site-packages/airflow/example_dags/example_local_kubernetes_executor.py
[2025-02-04T16:48:17.083+0000] {processor.py:914} INFO - Processing file /home/airflow/.local/lib/python3.9/site-packages/airflow/example_dags/example_local_kubernetes_executor.py for tasks to queue
[2025-02-04T16:48:17.085+0000] {logging_mixin.py:190} INFO - [2025-02-04T16:48:17.084+0000] {dagbag.py:588} INFO - Filling up the DagBag from /home/airflow/.local/lib/python3.9/site-packages/airflow/example_dags/example_local_kubernetes_executor.py
[2025-02-04T16:48:17.095+0000] {processor.py:925} INFO - DAG(s) 'example_local_kubernetes_executor' retrieved from /home/airflow/.local/lib/python3.9/site-packages/airflow/example_dags/example_local_kubernetes_executor.py
[2025-02-04T16:48:17.129+0000] {logging_mixin.py:190} WARNING - /home/airflow/.local/lib/python3.9/site-packages/airflow/providers/cncf/kubernetes/utils/k8s_hashlib_wrapper.py:29 DeprecationWarning: Python version constraint 'PY39' is deprecated and will be removed in the future. Please get version info from the 'sys.version_info'.
[2025-02-04T16:48:17.137+0000] {logging_mixin.py:190} INFO - [2025-02-04T16:48:17.137+0000] {dag.py:3239} INFO - Sync 1 DAGs
[2025-02-04T16:48:17.151+0000] {logging_mixin.py:190} INFO - [2025-02-04T16:48:17.151+0000] {dag.py:4180} INFO - Setting next_dagrun for example_local_kubernetes_executor to None, run_after=None
[2025-02-04T16:48:17.177+0000] {processor.py:208} INFO - Processing /home/airflow/.local/lib/python3.9/site-packages/airflow/example_dags/example_local_kubernetes_executor.py took 0.102 seconds
[2025-02-04T16:48:47.318+0000] {processor.py:186} INFO - Started process (PID=3046) to work on /home/airflow/.local/lib/python3.9/site-packages/airflow/example_dags/example_local_kubernetes_executor.py
[2025-02-04T16:48:47.320+0000] {processor.py:914} INFO - Processing file /home/airflow/.local/lib/python3.9/site-packages/airflow/example_dags/example_local_kubernetes_executor.py for tasks to queue
[2025-02-04T16:48:47.321+0000] {logging_mixin.py:190} INFO - [2025-02-04T16:48:47.321+0000] {dagbag.py:588} INFO - Filling up the DagBag from /home/airflow/.local/lib/python3.9/site-packages/airflow/example_dags/example_local_kubernetes_executor.py
[2025-02-04T16:48:47.333+0000] {processor.py:925} INFO - DAG(s) 'example_local_kubernetes_executor' retrieved from /home/airflow/.local/lib/python3.9/site-packages/airflow/example_dags/example_local_kubernetes_executor.py
[2025-02-04T16:48:47.370+0000] {logging_mixin.py:190} WARNING - /home/airflow/.local/lib/python3.9/site-packages/airflow/providers/cncf/kubernetes/utils/k8s_hashlib_wrapper.py:29 DeprecationWarning: Python version constraint 'PY39' is deprecated and will be removed in the future. Please get version info from the 'sys.version_info'.
[2025-02-04T16:48:47.378+0000] {logging_mixin.py:190} INFO - [2025-02-04T16:48:47.378+0000] {dag.py:3239} INFO - Sync 1 DAGs
[2025-02-04T16:48:47.393+0000] {logging_mixin.py:190} INFO - [2025-02-04T16:48:47.392+0000] {dag.py:4180} INFO - Setting next_dagrun for example_local_kubernetes_executor to None, run_after=None
[2025-02-04T16:48:47.419+0000] {processor.py:208} INFO - Processing /home/airflow/.local/lib/python3.9/site-packages/airflow/example_dags/example_local_kubernetes_executor.py took 0.108 seconds
[2025-02-04T16:49:17.482+0000] {processor.py:186} INFO - Started process (PID=3109) to work on /home/airflow/.local/lib/python3.9/site-packages/airflow/example_dags/example_local_kubernetes_executor.py
[2025-02-04T16:49:17.484+0000] {processor.py:914} INFO - Processing file /home/airflow/.local/lib/python3.9/site-packages/airflow/example_dags/example_local_kubernetes_executor.py for tasks to queue
[2025-02-04T16:49:17.486+0000] {logging_mixin.py:190} INFO - [2025-02-04T16:49:17.485+0000] {dagbag.py:588} INFO - Filling up the DagBag from /home/airflow/.local/lib/python3.9/site-packages/airflow/example_dags/example_local_kubernetes_executor.py
[2025-02-04T16:49:17.499+0000] {processor.py:925} INFO - DAG(s) 'example_local_kubernetes_executor' retrieved from /home/airflow/.local/lib/python3.9/site-packages/airflow/example_dags/example_local_kubernetes_executor.py
[2025-02-04T16:49:17.546+0000] {logging_mixin.py:190} WARNING - /home/airflow/.local/lib/python3.9/site-packages/airflow/providers/cncf/kubernetes/utils/k8s_hashlib_wrapper.py:29 DeprecationWarning: Python version constraint 'PY39' is deprecated and will be removed in the future. Please get version info from the 'sys.version_info'.
[2025-02-04T16:49:17.554+0000] {logging_mixin.py:190} INFO - [2025-02-04T16:49:17.554+0000] {dag.py:3239} INFO - Sync 1 DAGs
[2025-02-04T16:49:17.571+0000] {logging_mixin.py:190} INFO - [2025-02-04T16:49:17.571+0000] {dag.py:4180} INFO - Setting next_dagrun for example_local_kubernetes_executor to None, run_after=None
[2025-02-04T16:49:17.598+0000] {processor.py:208} INFO - Processing /home/airflow/.local/lib/python3.9/site-packages/airflow/example_dags/example_local_kubernetes_executor.py took 0.126 seconds
[2025-02-04T16:49:47.644+0000] {processor.py:186} INFO - Started process (PID=3173) to work on /home/airflow/.local/lib/python3.9/site-packages/airflow/example_dags/example_local_kubernetes_executor.py
[2025-02-04T16:49:47.645+0000] {processor.py:914} INFO - Processing file /home/airflow/.local/lib/python3.9/site-packages/airflow/example_dags/example_local_kubernetes_executor.py for tasks to queue
[2025-02-04T16:49:47.647+0000] {logging_mixin.py:190} INFO - [2025-02-04T16:49:47.646+0000] {dagbag.py:588} INFO - Filling up the DagBag from /home/airflow/.local/lib/python3.9/site-packages/airflow/example_dags/example_local_kubernetes_executor.py
[2025-02-04T16:49:47.656+0000] {processor.py:925} INFO - DAG(s) 'example_local_kubernetes_executor' retrieved from /home/airflow/.local/lib/python3.9/site-packages/airflow/example_dags/example_local_kubernetes_executor.py
[2025-02-04T16:49:47.689+0000] {logging_mixin.py:190} WARNING - /home/airflow/.local/lib/python3.9/site-packages/airflow/providers/cncf/kubernetes/utils/k8s_hashlib_wrapper.py:29 DeprecationWarning: Python version constraint 'PY39' is deprecated and will be removed in the future. Please get version info from the 'sys.version_info'.
[2025-02-04T16:49:47.697+0000] {logging_mixin.py:190} INFO - [2025-02-04T16:49:47.696+0000] {dag.py:3239} INFO - Sync 1 DAGs
[2025-02-04T16:49:47.713+0000] {logging_mixin.py:190} INFO - [2025-02-04T16:49:47.713+0000] {dag.py:4180} INFO - Setting next_dagrun for example_local_kubernetes_executor to None, run_after=None
[2025-02-04T16:49:47.742+0000] {processor.py:208} INFO - Processing /home/airflow/.local/lib/python3.9/site-packages/airflow/example_dags/example_local_kubernetes_executor.py took 0.104 seconds
[2025-02-04T16:50:18.188+0000] {processor.py:186} INFO - Started process (PID=3237) to work on /home/airflow/.local/lib/python3.9/site-packages/airflow/example_dags/example_local_kubernetes_executor.py
[2025-02-04T16:50:18.201+0000] {processor.py:914} INFO - Processing file /home/airflow/.local/lib/python3.9/site-packages/airflow/example_dags/example_local_kubernetes_executor.py for tasks to queue
[2025-02-04T16:50:18.208+0000] {logging_mixin.py:190} INFO - [2025-02-04T16:50:18.207+0000] {dagbag.py:588} INFO - Filling up the DagBag from /home/airflow/.local/lib/python3.9/site-packages/airflow/example_dags/example_local_kubernetes_executor.py
[2025-02-04T16:50:18.230+0000] {processor.py:925} INFO - DAG(s) 'example_local_kubernetes_executor' retrieved from /home/airflow/.local/lib/python3.9/site-packages/airflow/example_dags/example_local_kubernetes_executor.py
[2025-02-04T16:50:18.283+0000] {logging_mixin.py:190} WARNING - /home/airflow/.local/lib/python3.9/site-packages/airflow/providers/cncf/kubernetes/utils/k8s_hashlib_wrapper.py:29 DeprecationWarning: Python version constraint 'PY39' is deprecated and will be removed in the future. Please get version info from the 'sys.version_info'.
[2025-02-04T16:50:18.295+0000] {logging_mixin.py:190} INFO - [2025-02-04T16:50:18.295+0000] {dag.py:3239} INFO - Sync 1 DAGs
[2025-02-04T16:50:18.321+0000] {logging_mixin.py:190} INFO - [2025-02-04T16:50:18.320+0000] {dag.py:4180} INFO - Setting next_dagrun for example_local_kubernetes_executor to None, run_after=None
[2025-02-04T16:50:18.364+0000] {processor.py:208} INFO - Processing /home/airflow/.local/lib/python3.9/site-packages/airflow/example_dags/example_local_kubernetes_executor.py took 0.185 seconds
