[2025-02-04T16:22:37.680+0000] {processor.py:186} INFO - Started process (PID=87) to work on /home/airflow/.local/lib/python3.9/site-packages/airflow/example_dags/example_trigger_target_dag.py
[2025-02-04T16:22:37.682+0000] {processor.py:914} INFO - Processing file /home/airflow/.local/lib/python3.9/site-packages/airflow/example_dags/example_trigger_target_dag.py for tasks to queue
[2025-02-04T16:22:37.686+0000] {logging_mixin.py:190} INFO - [2025-02-04T16:22:37.685+0000] {dagbag.py:588} INFO - Filling up the DagBag from /home/airflow/.local/lib/python3.9/site-packages/airflow/example_dags/example_trigger_target_dag.py
[2025-02-04T16:22:37.770+0000] {processor.py:925} INFO - DAG(s) 'example_trigger_target_dag' retrieved from /home/airflow/.local/lib/python3.9/site-packages/airflow/example_dags/example_trigger_target_dag.py
[2025-02-04T16:22:38.314+0000] {logging_mixin.py:190} INFO - [2025-02-04T16:22:38.313+0000] {override.py:1912} INFO - Created Permission View: can delete on DAG:example_trigger_target_dag
[2025-02-04T16:22:38.330+0000] {logging_mixin.py:190} INFO - [2025-02-04T16:22:38.330+0000] {override.py:1912} INFO - Created Permission View: can edit on DAG:example_trigger_target_dag
[2025-02-04T16:22:38.346+0000] {logging_mixin.py:190} INFO - [2025-02-04T16:22:38.346+0000] {override.py:1912} INFO - Created Permission View: can read on DAG:example_trigger_target_dag
[2025-02-04T16:22:38.363+0000] {logging_mixin.py:190} INFO - [2025-02-04T16:22:38.363+0000] {override.py:1912} INFO - Created Permission View: can delete on DAG Run:example_trigger_target_dag
[2025-02-04T16:22:38.376+0000] {logging_mixin.py:190} INFO - [2025-02-04T16:22:38.375+0000] {override.py:1912} INFO - Created Permission View: menu access on DAG Run:example_trigger_target_dag
[2025-02-04T16:22:38.388+0000] {logging_mixin.py:190} INFO - [2025-02-04T16:22:38.387+0000] {override.py:1912} INFO - Created Permission View: can read on DAG Run:example_trigger_target_dag
[2025-02-04T16:22:38.399+0000] {logging_mixin.py:190} INFO - [2025-02-04T16:22:38.398+0000] {override.py:1912} INFO - Created Permission View: can create on DAG Run:example_trigger_target_dag
[2025-02-04T16:22:38.399+0000] {logging_mixin.py:190} INFO - [2025-02-04T16:22:38.399+0000] {dag.py:3239} INFO - Sync 1 DAGs
[2025-02-04T16:22:38.413+0000] {logging_mixin.py:190} INFO - [2025-02-04T16:22:38.412+0000] {dag.py:3262} INFO - Creating ORM DAG for example_trigger_target_dag
[2025-02-04T16:22:38.414+0000] {logging_mixin.py:190} INFO - [2025-02-04T16:22:38.414+0000] {dag.py:4180} INFO - Setting next_dagrun for example_trigger_target_dag to None, run_after=None
[2025-02-04T16:22:39.311+0000] {processor.py:208} INFO - Processing /home/airflow/.local/lib/python3.9/site-packages/airflow/example_dags/example_trigger_target_dag.py took 1.640 seconds
[2025-02-04T16:23:27.829+0000] {processor.py:186} INFO - Started process (PID=158) to work on /home/airflow/.local/lib/python3.9/site-packages/airflow/example_dags/example_trigger_target_dag.py
[2025-02-04T16:23:27.830+0000] {processor.py:914} INFO - Processing file /home/airflow/.local/lib/python3.9/site-packages/airflow/example_dags/example_trigger_target_dag.py for tasks to queue
[2025-02-04T16:23:27.833+0000] {logging_mixin.py:190} INFO - [2025-02-04T16:23:27.833+0000] {dagbag.py:588} INFO - Filling up the DagBag from /home/airflow/.local/lib/python3.9/site-packages/airflow/example_dags/example_trigger_target_dag.py
[2025-02-04T16:23:27.841+0000] {processor.py:925} INFO - DAG(s) 'example_trigger_target_dag' retrieved from /home/airflow/.local/lib/python3.9/site-packages/airflow/example_dags/example_trigger_target_dag.py
[2025-02-04T16:23:27.863+0000] {logging_mixin.py:190} INFO - [2025-02-04T16:23:27.863+0000] {dag.py:3239} INFO - Sync 1 DAGs
[2025-02-04T16:23:27.878+0000] {logging_mixin.py:190} INFO - [2025-02-04T16:23:27.877+0000] {dag.py:4180} INFO - Setting next_dagrun for example_trigger_target_dag to None, run_after=None
[2025-02-04T16:23:27.904+0000] {processor.py:208} INFO - Processing /home/airflow/.local/lib/python3.9/site-packages/airflow/example_dags/example_trigger_target_dag.py took 0.082 seconds
[2025-02-04T16:23:58.271+0000] {processor.py:186} INFO - Started process (PID=221) to work on /home/airflow/.local/lib/python3.9/site-packages/airflow/example_dags/example_trigger_target_dag.py
[2025-02-04T16:23:58.273+0000] {processor.py:914} INFO - Processing file /home/airflow/.local/lib/python3.9/site-packages/airflow/example_dags/example_trigger_target_dag.py for tasks to queue
[2025-02-04T16:23:58.276+0000] {logging_mixin.py:190} INFO - [2025-02-04T16:23:58.275+0000] {dagbag.py:588} INFO - Filling up the DagBag from /home/airflow/.local/lib/python3.9/site-packages/airflow/example_dags/example_trigger_target_dag.py
[2025-02-04T16:23:58.284+0000] {processor.py:925} INFO - DAG(s) 'example_trigger_target_dag' retrieved from /home/airflow/.local/lib/python3.9/site-packages/airflow/example_dags/example_trigger_target_dag.py
[2025-02-04T16:23:58.305+0000] {logging_mixin.py:190} INFO - [2025-02-04T16:23:58.305+0000] {dag.py:3239} INFO - Sync 1 DAGs
[2025-02-04T16:23:58.321+0000] {logging_mixin.py:190} INFO - [2025-02-04T16:23:58.320+0000] {dag.py:4180} INFO - Setting next_dagrun for example_trigger_target_dag to None, run_after=None
[2025-02-04T16:23:58.348+0000] {processor.py:208} INFO - Processing /home/airflow/.local/lib/python3.9/site-packages/airflow/example_dags/example_trigger_target_dag.py took 0.084 seconds
[2025-02-04T16:24:28.891+0000] {processor.py:186} INFO - Started process (PID=284) to work on /home/airflow/.local/lib/python3.9/site-packages/airflow/example_dags/example_trigger_target_dag.py
[2025-02-04T16:24:28.892+0000] {processor.py:914} INFO - Processing file /home/airflow/.local/lib/python3.9/site-packages/airflow/example_dags/example_trigger_target_dag.py for tasks to queue
[2025-02-04T16:24:28.896+0000] {logging_mixin.py:190} INFO - [2025-02-04T16:24:28.896+0000] {dagbag.py:588} INFO - Filling up the DagBag from /home/airflow/.local/lib/python3.9/site-packages/airflow/example_dags/example_trigger_target_dag.py
[2025-02-04T16:24:28.907+0000] {processor.py:925} INFO - DAG(s) 'example_trigger_target_dag' retrieved from /home/airflow/.local/lib/python3.9/site-packages/airflow/example_dags/example_trigger_target_dag.py
[2025-02-04T16:24:28.932+0000] {logging_mixin.py:190} INFO - [2025-02-04T16:24:28.932+0000] {dag.py:3239} INFO - Sync 1 DAGs
[2025-02-04T16:24:28.948+0000] {logging_mixin.py:190} INFO - [2025-02-04T16:24:28.948+0000] {dag.py:4180} INFO - Setting next_dagrun for example_trigger_target_dag to None, run_after=None
[2025-02-04T16:24:28.977+0000] {processor.py:208} INFO - Processing /home/airflow/.local/lib/python3.9/site-packages/airflow/example_dags/example_trigger_target_dag.py took 0.095 seconds
[2025-02-04T16:24:59.826+0000] {processor.py:186} INFO - Started process (PID=348) to work on /home/airflow/.local/lib/python3.9/site-packages/airflow/example_dags/example_trigger_target_dag.py
[2025-02-04T16:24:59.827+0000] {processor.py:914} INFO - Processing file /home/airflow/.local/lib/python3.9/site-packages/airflow/example_dags/example_trigger_target_dag.py for tasks to queue
[2025-02-04T16:24:59.830+0000] {logging_mixin.py:190} INFO - [2025-02-04T16:24:59.830+0000] {dagbag.py:588} INFO - Filling up the DagBag from /home/airflow/.local/lib/python3.9/site-packages/airflow/example_dags/example_trigger_target_dag.py
[2025-02-04T16:24:59.838+0000] {processor.py:925} INFO - DAG(s) 'example_trigger_target_dag' retrieved from /home/airflow/.local/lib/python3.9/site-packages/airflow/example_dags/example_trigger_target_dag.py
[2025-02-04T16:24:59.860+0000] {logging_mixin.py:190} INFO - [2025-02-04T16:24:59.859+0000] {dag.py:3239} INFO - Sync 1 DAGs
[2025-02-04T16:24:59.875+0000] {logging_mixin.py:190} INFO - [2025-02-04T16:24:59.874+0000] {dag.py:4180} INFO - Setting next_dagrun for example_trigger_target_dag to None, run_after=None
[2025-02-04T16:24:59.922+0000] {processor.py:208} INFO - Processing /home/airflow/.local/lib/python3.9/site-packages/airflow/example_dags/example_trigger_target_dag.py took 0.103 seconds
[2025-02-04T16:25:30.882+0000] {processor.py:186} INFO - Started process (PID=412) to work on /home/airflow/.local/lib/python3.9/site-packages/airflow/example_dags/example_trigger_target_dag.py
[2025-02-04T16:25:30.933+0000] {processor.py:914} INFO - Processing file /home/airflow/.local/lib/python3.9/site-packages/airflow/example_dags/example_trigger_target_dag.py for tasks to queue
[2025-02-04T16:25:30.936+0000] {logging_mixin.py:190} INFO - [2025-02-04T16:25:30.936+0000] {dagbag.py:588} INFO - Filling up the DagBag from /home/airflow/.local/lib/python3.9/site-packages/airflow/example_dags/example_trigger_target_dag.py
[2025-02-04T16:25:30.946+0000] {processor.py:925} INFO - DAG(s) 'example_trigger_target_dag' retrieved from /home/airflow/.local/lib/python3.9/site-packages/airflow/example_dags/example_trigger_target_dag.py
[2025-02-04T16:25:30.971+0000] {logging_mixin.py:190} INFO - [2025-02-04T16:25:30.970+0000] {dag.py:3239} INFO - Sync 1 DAGs
[2025-02-04T16:25:30.987+0000] {logging_mixin.py:190} INFO - [2025-02-04T16:25:30.986+0000] {dag.py:4180} INFO - Setting next_dagrun for example_trigger_target_dag to None, run_after=None
[2025-02-04T16:25:31.016+0000] {processor.py:208} INFO - Processing /home/airflow/.local/lib/python3.9/site-packages/airflow/example_dags/example_trigger_target_dag.py took 0.141 seconds
[2025-02-04T16:26:01.298+0000] {processor.py:186} INFO - Started process (PID=476) to work on /home/airflow/.local/lib/python3.9/site-packages/airflow/example_dags/example_trigger_target_dag.py
[2025-02-04T16:26:01.300+0000] {processor.py:914} INFO - Processing file /home/airflow/.local/lib/python3.9/site-packages/airflow/example_dags/example_trigger_target_dag.py for tasks to queue
[2025-02-04T16:26:01.303+0000] {logging_mixin.py:190} INFO - [2025-02-04T16:26:01.302+0000] {dagbag.py:588} INFO - Filling up the DagBag from /home/airflow/.local/lib/python3.9/site-packages/airflow/example_dags/example_trigger_target_dag.py
[2025-02-04T16:26:01.312+0000] {processor.py:925} INFO - DAG(s) 'example_trigger_target_dag' retrieved from /home/airflow/.local/lib/python3.9/site-packages/airflow/example_dags/example_trigger_target_dag.py
[2025-02-04T16:26:01.334+0000] {logging_mixin.py:190} INFO - [2025-02-04T16:26:01.334+0000] {dag.py:3239} INFO - Sync 1 DAGs
[2025-02-04T16:26:01.348+0000] {logging_mixin.py:190} INFO - [2025-02-04T16:26:01.348+0000] {dag.py:4180} INFO - Setting next_dagrun for example_trigger_target_dag to None, run_after=None
[2025-02-04T16:26:01.374+0000] {processor.py:208} INFO - Processing /home/airflow/.local/lib/python3.9/site-packages/airflow/example_dags/example_trigger_target_dag.py took 0.083 seconds
[2025-02-04T16:26:31.579+0000] {processor.py:186} INFO - Started process (PID=540) to work on /home/airflow/.local/lib/python3.9/site-packages/airflow/example_dags/example_trigger_target_dag.py
[2025-02-04T16:26:31.580+0000] {processor.py:914} INFO - Processing file /home/airflow/.local/lib/python3.9/site-packages/airflow/example_dags/example_trigger_target_dag.py for tasks to queue
[2025-02-04T16:26:31.583+0000] {logging_mixin.py:190} INFO - [2025-02-04T16:26:31.583+0000] {dagbag.py:588} INFO - Filling up the DagBag from /home/airflow/.local/lib/python3.9/site-packages/airflow/example_dags/example_trigger_target_dag.py
[2025-02-04T16:26:31.591+0000] {processor.py:925} INFO - DAG(s) 'example_trigger_target_dag' retrieved from /home/airflow/.local/lib/python3.9/site-packages/airflow/example_dags/example_trigger_target_dag.py
[2025-02-04T16:26:31.612+0000] {logging_mixin.py:190} INFO - [2025-02-04T16:26:31.612+0000] {dag.py:3239} INFO - Sync 1 DAGs
[2025-02-04T16:26:31.627+0000] {logging_mixin.py:190} INFO - [2025-02-04T16:26:31.627+0000] {dag.py:4180} INFO - Setting next_dagrun for example_trigger_target_dag to None, run_after=None
[2025-02-04T16:26:31.658+0000] {processor.py:208} INFO - Processing /home/airflow/.local/lib/python3.9/site-packages/airflow/example_dags/example_trigger_target_dag.py took 0.085 seconds
[2025-02-04T16:27:02.695+0000] {processor.py:186} INFO - Started process (PID=611) to work on /home/airflow/.local/lib/python3.9/site-packages/airflow/example_dags/example_trigger_target_dag.py
[2025-02-04T16:27:02.697+0000] {processor.py:914} INFO - Processing file /home/airflow/.local/lib/python3.9/site-packages/airflow/example_dags/example_trigger_target_dag.py for tasks to queue
[2025-02-04T16:27:02.700+0000] {logging_mixin.py:190} INFO - [2025-02-04T16:27:02.699+0000] {dagbag.py:588} INFO - Filling up the DagBag from /home/airflow/.local/lib/python3.9/site-packages/airflow/example_dags/example_trigger_target_dag.py
[2025-02-04T16:27:02.708+0000] {processor.py:925} INFO - DAG(s) 'example_trigger_target_dag' retrieved from /home/airflow/.local/lib/python3.9/site-packages/airflow/example_dags/example_trigger_target_dag.py
[2025-02-04T16:27:02.733+0000] {logging_mixin.py:190} INFO - [2025-02-04T16:27:02.733+0000] {dag.py:3239} INFO - Sync 1 DAGs
[2025-02-04T16:27:02.748+0000] {logging_mixin.py:190} INFO - [2025-02-04T16:27:02.747+0000] {dag.py:4180} INFO - Setting next_dagrun for example_trigger_target_dag to None, run_after=None
[2025-02-04T16:27:02.775+0000] {processor.py:208} INFO - Processing /home/airflow/.local/lib/python3.9/site-packages/airflow/example_dags/example_trigger_target_dag.py took 0.086 seconds
[2025-02-04T16:27:33.584+0000] {processor.py:186} INFO - Started process (PID=675) to work on /home/airflow/.local/lib/python3.9/site-packages/airflow/example_dags/example_trigger_target_dag.py
[2025-02-04T16:27:33.586+0000] {processor.py:914} INFO - Processing file /home/airflow/.local/lib/python3.9/site-packages/airflow/example_dags/example_trigger_target_dag.py for tasks to queue
[2025-02-04T16:27:33.590+0000] {logging_mixin.py:190} INFO - [2025-02-04T16:27:33.589+0000] {dagbag.py:588} INFO - Filling up the DagBag from /home/airflow/.local/lib/python3.9/site-packages/airflow/example_dags/example_trigger_target_dag.py
[2025-02-04T16:27:33.599+0000] {processor.py:925} INFO - DAG(s) 'example_trigger_target_dag' retrieved from /home/airflow/.local/lib/python3.9/site-packages/airflow/example_dags/example_trigger_target_dag.py
[2025-02-04T16:27:33.623+0000] {logging_mixin.py:190} INFO - [2025-02-04T16:27:33.622+0000] {dag.py:3239} INFO - Sync 1 DAGs
[2025-02-04T16:27:33.637+0000] {logging_mixin.py:190} INFO - [2025-02-04T16:27:33.636+0000] {dag.py:4180} INFO - Setting next_dagrun for example_trigger_target_dag to None, run_after=None
[2025-02-04T16:27:33.664+0000] {processor.py:208} INFO - Processing /home/airflow/.local/lib/python3.9/site-packages/airflow/example_dags/example_trigger_target_dag.py took 0.087 seconds
[2025-02-04T16:28:04.459+0000] {processor.py:186} INFO - Started process (PID=739) to work on /home/airflow/.local/lib/python3.9/site-packages/airflow/example_dags/example_trigger_target_dag.py
[2025-02-04T16:28:04.461+0000] {processor.py:914} INFO - Processing file /home/airflow/.local/lib/python3.9/site-packages/airflow/example_dags/example_trigger_target_dag.py for tasks to queue
[2025-02-04T16:28:04.465+0000] {logging_mixin.py:190} INFO - [2025-02-04T16:28:04.464+0000] {dagbag.py:588} INFO - Filling up the DagBag from /home/airflow/.local/lib/python3.9/site-packages/airflow/example_dags/example_trigger_target_dag.py
[2025-02-04T16:28:04.475+0000] {processor.py:925} INFO - DAG(s) 'example_trigger_target_dag' retrieved from /home/airflow/.local/lib/python3.9/site-packages/airflow/example_dags/example_trigger_target_dag.py
[2025-02-04T16:28:04.503+0000] {logging_mixin.py:190} INFO - [2025-02-04T16:28:04.503+0000] {dag.py:3239} INFO - Sync 1 DAGs
[2025-02-04T16:28:04.523+0000] {logging_mixin.py:190} INFO - [2025-02-04T16:28:04.522+0000] {dag.py:4180} INFO - Setting next_dagrun for example_trigger_target_dag to None, run_after=None
[2025-02-04T16:28:04.553+0000] {processor.py:208} INFO - Processing /home/airflow/.local/lib/python3.9/site-packages/airflow/example_dags/example_trigger_target_dag.py took 0.102 seconds
[2025-02-04T16:28:34.979+0000] {processor.py:186} INFO - Started process (PID=803) to work on /home/airflow/.local/lib/python3.9/site-packages/airflow/example_dags/example_trigger_target_dag.py
[2025-02-04T16:28:34.980+0000] {processor.py:914} INFO - Processing file /home/airflow/.local/lib/python3.9/site-packages/airflow/example_dags/example_trigger_target_dag.py for tasks to queue
[2025-02-04T16:28:34.983+0000] {logging_mixin.py:190} INFO - [2025-02-04T16:28:34.982+0000] {dagbag.py:588} INFO - Filling up the DagBag from /home/airflow/.local/lib/python3.9/site-packages/airflow/example_dags/example_trigger_target_dag.py
[2025-02-04T16:28:34.990+0000] {processor.py:925} INFO - DAG(s) 'example_trigger_target_dag' retrieved from /home/airflow/.local/lib/python3.9/site-packages/airflow/example_dags/example_trigger_target_dag.py
[2025-02-04T16:28:35.013+0000] {logging_mixin.py:190} INFO - [2025-02-04T16:28:35.013+0000] {dag.py:3239} INFO - Sync 1 DAGs
[2025-02-04T16:28:35.028+0000] {logging_mixin.py:190} INFO - [2025-02-04T16:28:35.028+0000] {dag.py:4180} INFO - Setting next_dagrun for example_trigger_target_dag to None, run_after=None
[2025-02-04T16:28:35.055+0000] {processor.py:208} INFO - Processing /home/airflow/.local/lib/python3.9/site-packages/airflow/example_dags/example_trigger_target_dag.py took 0.083 seconds
[2025-02-04T16:29:05.468+0000] {processor.py:186} INFO - Started process (PID=867) to work on /home/airflow/.local/lib/python3.9/site-packages/airflow/example_dags/example_trigger_target_dag.py
[2025-02-04T16:29:05.470+0000] {processor.py:914} INFO - Processing file /home/airflow/.local/lib/python3.9/site-packages/airflow/example_dags/example_trigger_target_dag.py for tasks to queue
[2025-02-04T16:29:05.473+0000] {logging_mixin.py:190} INFO - [2025-02-04T16:29:05.473+0000] {dagbag.py:588} INFO - Filling up the DagBag from /home/airflow/.local/lib/python3.9/site-packages/airflow/example_dags/example_trigger_target_dag.py
[2025-02-04T16:29:05.481+0000] {processor.py:925} INFO - DAG(s) 'example_trigger_target_dag' retrieved from /home/airflow/.local/lib/python3.9/site-packages/airflow/example_dags/example_trigger_target_dag.py
[2025-02-04T16:29:05.503+0000] {logging_mixin.py:190} INFO - [2025-02-04T16:29:05.502+0000] {dag.py:3239} INFO - Sync 1 DAGs
[2025-02-04T16:29:05.517+0000] {logging_mixin.py:190} INFO - [2025-02-04T16:29:05.517+0000] {dag.py:4180} INFO - Setting next_dagrun for example_trigger_target_dag to None, run_after=None
[2025-02-04T16:29:05.545+0000] {processor.py:208} INFO - Processing /home/airflow/.local/lib/python3.9/site-packages/airflow/example_dags/example_trigger_target_dag.py took 0.083 seconds
[2025-02-04T16:29:35.807+0000] {processor.py:186} INFO - Started process (PID=931) to work on /home/airflow/.local/lib/python3.9/site-packages/airflow/example_dags/example_trigger_target_dag.py
[2025-02-04T16:29:35.808+0000] {processor.py:914} INFO - Processing file /home/airflow/.local/lib/python3.9/site-packages/airflow/example_dags/example_trigger_target_dag.py for tasks to queue
[2025-02-04T16:29:35.811+0000] {logging_mixin.py:190} INFO - [2025-02-04T16:29:35.810+0000] {dagbag.py:588} INFO - Filling up the DagBag from /home/airflow/.local/lib/python3.9/site-packages/airflow/example_dags/example_trigger_target_dag.py
[2025-02-04T16:29:35.819+0000] {processor.py:925} INFO - DAG(s) 'example_trigger_target_dag' retrieved from /home/airflow/.local/lib/python3.9/site-packages/airflow/example_dags/example_trigger_target_dag.py
[2025-02-04T16:29:35.842+0000] {logging_mixin.py:190} INFO - [2025-02-04T16:29:35.842+0000] {dag.py:3239} INFO - Sync 1 DAGs
[2025-02-04T16:29:35.858+0000] {logging_mixin.py:190} INFO - [2025-02-04T16:29:35.857+0000] {dag.py:4180} INFO - Setting next_dagrun for example_trigger_target_dag to None, run_after=None
[2025-02-04T16:29:35.886+0000] {processor.py:208} INFO - Processing /home/airflow/.local/lib/python3.9/site-packages/airflow/example_dags/example_trigger_target_dag.py took 0.086 seconds
[2025-02-04T16:30:06.254+0000] {processor.py:186} INFO - Started process (PID=995) to work on /home/airflow/.local/lib/python3.9/site-packages/airflow/example_dags/example_trigger_target_dag.py
[2025-02-04T16:30:06.255+0000] {processor.py:914} INFO - Processing file /home/airflow/.local/lib/python3.9/site-packages/airflow/example_dags/example_trigger_target_dag.py for tasks to queue
[2025-02-04T16:30:06.259+0000] {logging_mixin.py:190} INFO - [2025-02-04T16:30:06.258+0000] {dagbag.py:588} INFO - Filling up the DagBag from /home/airflow/.local/lib/python3.9/site-packages/airflow/example_dags/example_trigger_target_dag.py
[2025-02-04T16:30:06.267+0000] {processor.py:925} INFO - DAG(s) 'example_trigger_target_dag' retrieved from /home/airflow/.local/lib/python3.9/site-packages/airflow/example_dags/example_trigger_target_dag.py
[2025-02-04T16:30:06.290+0000] {logging_mixin.py:190} INFO - [2025-02-04T16:30:06.289+0000] {dag.py:3239} INFO - Sync 1 DAGs
[2025-02-04T16:30:06.310+0000] {logging_mixin.py:190} INFO - [2025-02-04T16:30:06.310+0000] {dag.py:4180} INFO - Setting next_dagrun for example_trigger_target_dag to None, run_after=None
[2025-02-04T16:30:06.342+0000] {processor.py:208} INFO - Processing /home/airflow/.local/lib/python3.9/site-packages/airflow/example_dags/example_trigger_target_dag.py took 0.095 seconds
[2025-02-04T16:30:37.264+0000] {processor.py:186} INFO - Started process (PID=1059) to work on /home/airflow/.local/lib/python3.9/site-packages/airflow/example_dags/example_trigger_target_dag.py
[2025-02-04T16:30:37.265+0000] {processor.py:914} INFO - Processing file /home/airflow/.local/lib/python3.9/site-packages/airflow/example_dags/example_trigger_target_dag.py for tasks to queue
[2025-02-04T16:30:37.269+0000] {logging_mixin.py:190} INFO - [2025-02-04T16:30:37.269+0000] {dagbag.py:588} INFO - Filling up the DagBag from /home/airflow/.local/lib/python3.9/site-packages/airflow/example_dags/example_trigger_target_dag.py
[2025-02-04T16:30:37.277+0000] {processor.py:925} INFO - DAG(s) 'example_trigger_target_dag' retrieved from /home/airflow/.local/lib/python3.9/site-packages/airflow/example_dags/example_trigger_target_dag.py
[2025-02-04T16:30:37.300+0000] {logging_mixin.py:190} INFO - [2025-02-04T16:30:37.300+0000] {dag.py:3239} INFO - Sync 1 DAGs
[2025-02-04T16:30:37.315+0000] {logging_mixin.py:190} INFO - [2025-02-04T16:30:37.314+0000] {dag.py:4180} INFO - Setting next_dagrun for example_trigger_target_dag to None, run_after=None
[2025-02-04T16:30:37.346+0000] {processor.py:208} INFO - Processing /home/airflow/.local/lib/python3.9/site-packages/airflow/example_dags/example_trigger_target_dag.py took 0.091 seconds
[2025-02-04T16:31:07.821+0000] {processor.py:186} INFO - Started process (PID=1123) to work on /home/airflow/.local/lib/python3.9/site-packages/airflow/example_dags/example_trigger_target_dag.py
[2025-02-04T16:31:07.823+0000] {processor.py:914} INFO - Processing file /home/airflow/.local/lib/python3.9/site-packages/airflow/example_dags/example_trigger_target_dag.py for tasks to queue
[2025-02-04T16:31:07.828+0000] {logging_mixin.py:190} INFO - [2025-02-04T16:31:07.827+0000] {dagbag.py:588} INFO - Filling up the DagBag from /home/airflow/.local/lib/python3.9/site-packages/airflow/example_dags/example_trigger_target_dag.py
[2025-02-04T16:31:07.839+0000] {processor.py:925} INFO - DAG(s) 'example_trigger_target_dag' retrieved from /home/airflow/.local/lib/python3.9/site-packages/airflow/example_dags/example_trigger_target_dag.py
[2025-02-04T16:31:07.864+0000] {logging_mixin.py:190} INFO - [2025-02-04T16:31:07.864+0000] {dag.py:3239} INFO - Sync 1 DAGs
[2025-02-04T16:31:07.880+0000] {logging_mixin.py:190} INFO - [2025-02-04T16:31:07.880+0000] {dag.py:4180} INFO - Setting next_dagrun for example_trigger_target_dag to None, run_after=None
[2025-02-04T16:31:07.912+0000] {processor.py:208} INFO - Processing /home/airflow/.local/lib/python3.9/site-packages/airflow/example_dags/example_trigger_target_dag.py took 0.100 seconds
[2025-02-04T16:31:38.079+0000] {processor.py:186} INFO - Started process (PID=1187) to work on /home/airflow/.local/lib/python3.9/site-packages/airflow/example_dags/example_trigger_target_dag.py
[2025-02-04T16:31:38.081+0000] {processor.py:914} INFO - Processing file /home/airflow/.local/lib/python3.9/site-packages/airflow/example_dags/example_trigger_target_dag.py for tasks to queue
[2025-02-04T16:31:38.084+0000] {logging_mixin.py:190} INFO - [2025-02-04T16:31:38.084+0000] {dagbag.py:588} INFO - Filling up the DagBag from /home/airflow/.local/lib/python3.9/site-packages/airflow/example_dags/example_trigger_target_dag.py
[2025-02-04T16:31:38.093+0000] {processor.py:925} INFO - DAG(s) 'example_trigger_target_dag' retrieved from /home/airflow/.local/lib/python3.9/site-packages/airflow/example_dags/example_trigger_target_dag.py
[2025-02-04T16:31:38.116+0000] {logging_mixin.py:190} INFO - [2025-02-04T16:31:38.115+0000] {dag.py:3239} INFO - Sync 1 DAGs
[2025-02-04T16:31:38.131+0000] {logging_mixin.py:190} INFO - [2025-02-04T16:31:38.130+0000] {dag.py:4180} INFO - Setting next_dagrun for example_trigger_target_dag to None, run_after=None
[2025-02-04T16:31:38.161+0000] {processor.py:208} INFO - Processing /home/airflow/.local/lib/python3.9/site-packages/airflow/example_dags/example_trigger_target_dag.py took 0.088 seconds
[2025-02-04T16:32:08.348+0000] {processor.py:186} INFO - Started process (PID=1251) to work on /home/airflow/.local/lib/python3.9/site-packages/airflow/example_dags/example_trigger_target_dag.py
[2025-02-04T16:32:08.349+0000] {processor.py:914} INFO - Processing file /home/airflow/.local/lib/python3.9/site-packages/airflow/example_dags/example_trigger_target_dag.py for tasks to queue
[2025-02-04T16:32:08.353+0000] {logging_mixin.py:190} INFO - [2025-02-04T16:32:08.353+0000] {dagbag.py:588} INFO - Filling up the DagBag from /home/airflow/.local/lib/python3.9/site-packages/airflow/example_dags/example_trigger_target_dag.py
[2025-02-04T16:32:08.362+0000] {processor.py:925} INFO - DAG(s) 'example_trigger_target_dag' retrieved from /home/airflow/.local/lib/python3.9/site-packages/airflow/example_dags/example_trigger_target_dag.py
[2025-02-04T16:32:08.385+0000] {logging_mixin.py:190} INFO - [2025-02-04T16:32:08.384+0000] {dag.py:3239} INFO - Sync 1 DAGs
[2025-02-04T16:32:08.400+0000] {logging_mixin.py:190} INFO - [2025-02-04T16:32:08.400+0000] {dag.py:4180} INFO - Setting next_dagrun for example_trigger_target_dag to None, run_after=None
[2025-02-04T16:32:08.428+0000] {processor.py:208} INFO - Processing /home/airflow/.local/lib/python3.9/site-packages/airflow/example_dags/example_trigger_target_dag.py took 0.088 seconds
[2025-02-04T16:32:39.402+0000] {processor.py:186} INFO - Started process (PID=1322) to work on /home/airflow/.local/lib/python3.9/site-packages/airflow/example_dags/example_trigger_target_dag.py
[2025-02-04T16:32:39.403+0000] {processor.py:914} INFO - Processing file /home/airflow/.local/lib/python3.9/site-packages/airflow/example_dags/example_trigger_target_dag.py for tasks to queue
[2025-02-04T16:32:39.406+0000] {logging_mixin.py:190} INFO - [2025-02-04T16:32:39.406+0000] {dagbag.py:588} INFO - Filling up the DagBag from /home/airflow/.local/lib/python3.9/site-packages/airflow/example_dags/example_trigger_target_dag.py
[2025-02-04T16:32:39.415+0000] {processor.py:925} INFO - DAG(s) 'example_trigger_target_dag' retrieved from /home/airflow/.local/lib/python3.9/site-packages/airflow/example_dags/example_trigger_target_dag.py
[2025-02-04T16:32:39.438+0000] {logging_mixin.py:190} INFO - [2025-02-04T16:32:39.437+0000] {dag.py:3239} INFO - Sync 1 DAGs
[2025-02-04T16:32:39.453+0000] {logging_mixin.py:190} INFO - [2025-02-04T16:32:39.453+0000] {dag.py:4180} INFO - Setting next_dagrun for example_trigger_target_dag to None, run_after=None
[2025-02-04T16:32:39.485+0000] {processor.py:208} INFO - Processing /home/airflow/.local/lib/python3.9/site-packages/airflow/example_dags/example_trigger_target_dag.py took 0.090 seconds
[2025-02-04T16:33:09.562+0000] {processor.py:186} INFO - Started process (PID=1387) to work on /home/airflow/.local/lib/python3.9/site-packages/airflow/example_dags/example_trigger_target_dag.py
[2025-02-04T16:33:09.564+0000] {processor.py:914} INFO - Processing file /home/airflow/.local/lib/python3.9/site-packages/airflow/example_dags/example_trigger_target_dag.py for tasks to queue
[2025-02-04T16:33:09.567+0000] {logging_mixin.py:190} INFO - [2025-02-04T16:33:09.566+0000] {dagbag.py:588} INFO - Filling up the DagBag from /home/airflow/.local/lib/python3.9/site-packages/airflow/example_dags/example_trigger_target_dag.py
[2025-02-04T16:33:09.575+0000] {processor.py:925} INFO - DAG(s) 'example_trigger_target_dag' retrieved from /home/airflow/.local/lib/python3.9/site-packages/airflow/example_dags/example_trigger_target_dag.py
[2025-02-04T16:33:09.599+0000] {logging_mixin.py:190} INFO - [2025-02-04T16:33:09.598+0000] {dag.py:3239} INFO - Sync 1 DAGs
[2025-02-04T16:33:09.617+0000] {logging_mixin.py:190} INFO - [2025-02-04T16:33:09.617+0000] {dag.py:4180} INFO - Setting next_dagrun for example_trigger_target_dag to None, run_after=None
[2025-02-04T16:33:09.648+0000] {processor.py:208} INFO - Processing /home/airflow/.local/lib/python3.9/site-packages/airflow/example_dags/example_trigger_target_dag.py took 0.094 seconds
[2025-02-04T16:33:40.073+0000] {processor.py:186} INFO - Started process (PID=1451) to work on /home/airflow/.local/lib/python3.9/site-packages/airflow/example_dags/example_trigger_target_dag.py
[2025-02-04T16:33:40.074+0000] {processor.py:914} INFO - Processing file /home/airflow/.local/lib/python3.9/site-packages/airflow/example_dags/example_trigger_target_dag.py for tasks to queue
[2025-02-04T16:33:40.077+0000] {logging_mixin.py:190} INFO - [2025-02-04T16:33:40.077+0000] {dagbag.py:588} INFO - Filling up the DagBag from /home/airflow/.local/lib/python3.9/site-packages/airflow/example_dags/example_trigger_target_dag.py
[2025-02-04T16:33:40.086+0000] {processor.py:925} INFO - DAG(s) 'example_trigger_target_dag' retrieved from /home/airflow/.local/lib/python3.9/site-packages/airflow/example_dags/example_trigger_target_dag.py
[2025-02-04T16:33:40.107+0000] {logging_mixin.py:190} INFO - [2025-02-04T16:33:40.107+0000] {dag.py:3239} INFO - Sync 1 DAGs
[2025-02-04T16:33:40.753+0000] {logging_mixin.py:190} INFO - [2025-02-04T16:33:40.753+0000] {dag.py:4180} INFO - Setting next_dagrun for example_trigger_target_dag to None, run_after=None
[2025-02-04T16:33:39.226+0000] {processor.py:208} INFO - Processing /home/airflow/.local/lib/python3.9/site-packages/airflow/example_dags/example_trigger_target_dag.py took 1.201 seconds
[2025-02-04T16:34:10.150+0000] {processor.py:186} INFO - Started process (PID=1515) to work on /home/airflow/.local/lib/python3.9/site-packages/airflow/example_dags/example_trigger_target_dag.py
[2025-02-04T16:34:10.151+0000] {processor.py:914} INFO - Processing file /home/airflow/.local/lib/python3.9/site-packages/airflow/example_dags/example_trigger_target_dag.py for tasks to queue
[2025-02-04T16:34:10.155+0000] {logging_mixin.py:190} INFO - [2025-02-04T16:34:10.154+0000] {dagbag.py:588} INFO - Filling up the DagBag from /home/airflow/.local/lib/python3.9/site-packages/airflow/example_dags/example_trigger_target_dag.py
[2025-02-04T16:34:10.163+0000] {processor.py:925} INFO - DAG(s) 'example_trigger_target_dag' retrieved from /home/airflow/.local/lib/python3.9/site-packages/airflow/example_dags/example_trigger_target_dag.py
[2025-02-04T16:34:10.186+0000] {logging_mixin.py:190} INFO - [2025-02-04T16:34:10.186+0000] {dag.py:3239} INFO - Sync 1 DAGs
[2025-02-04T16:34:10.204+0000] {logging_mixin.py:190} INFO - [2025-02-04T16:34:10.204+0000] {dag.py:4180} INFO - Setting next_dagrun for example_trigger_target_dag to None, run_after=None
[2025-02-04T16:34:10.232+0000] {processor.py:208} INFO - Processing /home/airflow/.local/lib/python3.9/site-packages/airflow/example_dags/example_trigger_target_dag.py took 0.089 seconds
[2025-02-04T16:34:41.404+0000] {processor.py:186} INFO - Started process (PID=1569) to work on /home/airflow/.local/lib/python3.9/site-packages/airflow/example_dags/example_trigger_target_dag.py
[2025-02-04T16:34:41.406+0000] {processor.py:914} INFO - Processing file /home/airflow/.local/lib/python3.9/site-packages/airflow/example_dags/example_trigger_target_dag.py for tasks to queue
[2025-02-04T16:34:41.410+0000] {logging_mixin.py:190} INFO - [2025-02-04T16:34:41.409+0000] {dagbag.py:588} INFO - Filling up the DagBag from /home/airflow/.local/lib/python3.9/site-packages/airflow/example_dags/example_trigger_target_dag.py
[2025-02-04T16:34:41.419+0000] {processor.py:925} INFO - DAG(s) 'example_trigger_target_dag' retrieved from /home/airflow/.local/lib/python3.9/site-packages/airflow/example_dags/example_trigger_target_dag.py
[2025-02-04T16:34:41.453+0000] {logging_mixin.py:190} INFO - [2025-02-04T16:34:41.453+0000] {dag.py:3239} INFO - Sync 1 DAGs
[2025-02-04T16:34:41.481+0000] {logging_mixin.py:190} INFO - [2025-02-04T16:34:41.481+0000] {dag.py:4180} INFO - Setting next_dagrun for example_trigger_target_dag to None, run_after=None
[2025-02-04T16:34:41.506+0000] {processor.py:208} INFO - Processing /home/airflow/.local/lib/python3.9/site-packages/airflow/example_dags/example_trigger_target_dag.py took 0.110 seconds
[2025-02-04T16:35:12.076+0000] {processor.py:186} INFO - Started process (PID=1633) to work on /home/airflow/.local/lib/python3.9/site-packages/airflow/example_dags/example_trigger_target_dag.py
[2025-02-04T16:35:12.077+0000] {processor.py:914} INFO - Processing file /home/airflow/.local/lib/python3.9/site-packages/airflow/example_dags/example_trigger_target_dag.py for tasks to queue
[2025-02-04T16:35:12.080+0000] {logging_mixin.py:190} INFO - [2025-02-04T16:35:12.080+0000] {dagbag.py:588} INFO - Filling up the DagBag from /home/airflow/.local/lib/python3.9/site-packages/airflow/example_dags/example_trigger_target_dag.py
[2025-02-04T16:35:12.090+0000] {processor.py:925} INFO - DAG(s) 'example_trigger_target_dag' retrieved from /home/airflow/.local/lib/python3.9/site-packages/airflow/example_dags/example_trigger_target_dag.py
[2025-02-04T16:35:12.112+0000] {logging_mixin.py:190} INFO - [2025-02-04T16:35:12.111+0000] {dag.py:3239} INFO - Sync 1 DAGs
[2025-02-04T16:35:12.126+0000] {logging_mixin.py:190} INFO - [2025-02-04T16:35:12.126+0000] {dag.py:4180} INFO - Setting next_dagrun for example_trigger_target_dag to None, run_after=None
[2025-02-04T16:35:12.154+0000] {processor.py:208} INFO - Processing /home/airflow/.local/lib/python3.9/site-packages/airflow/example_dags/example_trigger_target_dag.py took 0.085 seconds
[2025-02-04T16:35:43.180+0000] {processor.py:186} INFO - Started process (PID=1697) to work on /home/airflow/.local/lib/python3.9/site-packages/airflow/example_dags/example_trigger_target_dag.py
[2025-02-04T16:35:43.181+0000] {processor.py:914} INFO - Processing file /home/airflow/.local/lib/python3.9/site-packages/airflow/example_dags/example_trigger_target_dag.py for tasks to queue
[2025-02-04T16:35:43.184+0000] {logging_mixin.py:190} INFO - [2025-02-04T16:35:43.184+0000] {dagbag.py:588} INFO - Filling up the DagBag from /home/airflow/.local/lib/python3.9/site-packages/airflow/example_dags/example_trigger_target_dag.py
[2025-02-04T16:35:43.195+0000] {processor.py:925} INFO - DAG(s) 'example_trigger_target_dag' retrieved from /home/airflow/.local/lib/python3.9/site-packages/airflow/example_dags/example_trigger_target_dag.py
[2025-02-04T16:35:43.216+0000] {logging_mixin.py:190} INFO - [2025-02-04T16:35:43.216+0000] {dag.py:3239} INFO - Sync 1 DAGs
[2025-02-04T16:35:43.231+0000] {logging_mixin.py:190} INFO - [2025-02-04T16:35:43.231+0000] {dag.py:4180} INFO - Setting next_dagrun for example_trigger_target_dag to None, run_after=None
[2025-02-04T16:35:43.259+0000] {processor.py:208} INFO - Processing /home/airflow/.local/lib/python3.9/site-packages/airflow/example_dags/example_trigger_target_dag.py took 0.086 seconds
[2025-02-04T16:36:14.263+0000] {processor.py:186} INFO - Started process (PID=1762) to work on /home/airflow/.local/lib/python3.9/site-packages/airflow/example_dags/example_trigger_target_dag.py
[2025-02-04T16:36:14.265+0000] {processor.py:914} INFO - Processing file /home/airflow/.local/lib/python3.9/site-packages/airflow/example_dags/example_trigger_target_dag.py for tasks to queue
[2025-02-04T16:36:14.268+0000] {logging_mixin.py:190} INFO - [2025-02-04T16:36:14.267+0000] {dagbag.py:588} INFO - Filling up the DagBag from /home/airflow/.local/lib/python3.9/site-packages/airflow/example_dags/example_trigger_target_dag.py
[2025-02-04T16:36:14.280+0000] {processor.py:925} INFO - DAG(s) 'example_trigger_target_dag' retrieved from /home/airflow/.local/lib/python3.9/site-packages/airflow/example_dags/example_trigger_target_dag.py
[2025-02-04T16:36:14.302+0000] {logging_mixin.py:190} INFO - [2025-02-04T16:36:14.301+0000] {dag.py:3239} INFO - Sync 1 DAGs
[2025-02-04T16:36:14.316+0000] {logging_mixin.py:190} INFO - [2025-02-04T16:36:14.316+0000] {dag.py:4180} INFO - Setting next_dagrun for example_trigger_target_dag to None, run_after=None
[2025-02-04T16:36:14.346+0000] {processor.py:208} INFO - Processing /home/airflow/.local/lib/python3.9/site-packages/airflow/example_dags/example_trigger_target_dag.py took 0.092 seconds
[2025-02-04T16:36:45.104+0000] {processor.py:186} INFO - Started process (PID=1826) to work on /home/airflow/.local/lib/python3.9/site-packages/airflow/example_dags/example_trigger_target_dag.py
[2025-02-04T16:36:45.105+0000] {processor.py:914} INFO - Processing file /home/airflow/.local/lib/python3.9/site-packages/airflow/example_dags/example_trigger_target_dag.py for tasks to queue
[2025-02-04T16:36:45.108+0000] {logging_mixin.py:190} INFO - [2025-02-04T16:36:45.107+0000] {dagbag.py:588} INFO - Filling up the DagBag from /home/airflow/.local/lib/python3.9/site-packages/airflow/example_dags/example_trigger_target_dag.py
[2025-02-04T16:36:45.116+0000] {processor.py:925} INFO - DAG(s) 'example_trigger_target_dag' retrieved from /home/airflow/.local/lib/python3.9/site-packages/airflow/example_dags/example_trigger_target_dag.py
[2025-02-04T16:36:45.136+0000] {logging_mixin.py:190} INFO - [2025-02-04T16:36:45.136+0000] {dag.py:3239} INFO - Sync 1 DAGs
[2025-02-04T16:36:45.152+0000] {logging_mixin.py:190} INFO - [2025-02-04T16:36:45.151+0000] {dag.py:4180} INFO - Setting next_dagrun for example_trigger_target_dag to None, run_after=None
[2025-02-04T16:36:45.177+0000] {processor.py:208} INFO - Processing /home/airflow/.local/lib/python3.9/site-packages/airflow/example_dags/example_trigger_target_dag.py took 0.081 seconds
[2025-02-04T16:39:23.578+0000] {processor.py:186} INFO - Started process (PID=1889) to work on /home/airflow/.local/lib/python3.9/site-packages/airflow/example_dags/example_trigger_target_dag.py
[2025-02-04T16:39:23.580+0000] {processor.py:914} INFO - Processing file /home/airflow/.local/lib/python3.9/site-packages/airflow/example_dags/example_trigger_target_dag.py for tasks to queue
[2025-02-04T16:39:23.583+0000] {logging_mixin.py:190} INFO - [2025-02-04T16:39:23.582+0000] {dagbag.py:588} INFO - Filling up the DagBag from /home/airflow/.local/lib/python3.9/site-packages/airflow/example_dags/example_trigger_target_dag.py
[2025-02-04T16:39:23.593+0000] {processor.py:925} INFO - DAG(s) 'example_trigger_target_dag' retrieved from /home/airflow/.local/lib/python3.9/site-packages/airflow/example_dags/example_trigger_target_dag.py
[2025-02-04T16:39:23.612+0000] {logging_mixin.py:190} INFO - [2025-02-04T16:39:23.612+0000] {dag.py:3239} INFO - Sync 1 DAGs
[2025-02-04T16:39:23.629+0000] {logging_mixin.py:190} INFO - [2025-02-04T16:39:23.628+0000] {dag.py:4180} INFO - Setting next_dagrun for example_trigger_target_dag to None, run_after=None
[2025-02-04T16:39:23.653+0000] {processor.py:208} INFO - Processing /home/airflow/.local/lib/python3.9/site-packages/airflow/example_dags/example_trigger_target_dag.py took 0.083 seconds
[2025-02-04T16:39:53.879+0000] {processor.py:186} INFO - Started process (PID=1953) to work on /home/airflow/.local/lib/python3.9/site-packages/airflow/example_dags/example_trigger_target_dag.py
[2025-02-04T16:39:53.880+0000] {processor.py:914} INFO - Processing file /home/airflow/.local/lib/python3.9/site-packages/airflow/example_dags/example_trigger_target_dag.py for tasks to queue
[2025-02-04T16:39:53.882+0000] {logging_mixin.py:190} INFO - [2025-02-04T16:39:53.882+0000] {dagbag.py:588} INFO - Filling up the DagBag from /home/airflow/.local/lib/python3.9/site-packages/airflow/example_dags/example_trigger_target_dag.py
[2025-02-04T16:39:53.890+0000] {processor.py:925} INFO - DAG(s) 'example_trigger_target_dag' retrieved from /home/airflow/.local/lib/python3.9/site-packages/airflow/example_dags/example_trigger_target_dag.py
[2025-02-04T16:39:53.911+0000] {logging_mixin.py:190} INFO - [2025-02-04T16:39:53.910+0000] {dag.py:3239} INFO - Sync 1 DAGs
[2025-02-04T16:39:53.928+0000] {logging_mixin.py:190} INFO - [2025-02-04T16:39:53.928+0000] {dag.py:4180} INFO - Setting next_dagrun for example_trigger_target_dag to None, run_after=None
[2025-02-04T16:39:53.952+0000] {processor.py:208} INFO - Processing /home/airflow/.local/lib/python3.9/site-packages/airflow/example_dags/example_trigger_target_dag.py took 0.080 seconds
[2025-02-04T16:40:24.945+0000] {processor.py:186} INFO - Started process (PID=2017) to work on /home/airflow/.local/lib/python3.9/site-packages/airflow/example_dags/example_trigger_target_dag.py
[2025-02-04T16:40:24.946+0000] {processor.py:914} INFO - Processing file /home/airflow/.local/lib/python3.9/site-packages/airflow/example_dags/example_trigger_target_dag.py for tasks to queue
[2025-02-04T16:40:24.948+0000] {logging_mixin.py:190} INFO - [2025-02-04T16:40:24.948+0000] {dagbag.py:588} INFO - Filling up the DagBag from /home/airflow/.local/lib/python3.9/site-packages/airflow/example_dags/example_trigger_target_dag.py
[2025-02-04T16:40:24.960+0000] {processor.py:925} INFO - DAG(s) 'example_trigger_target_dag' retrieved from /home/airflow/.local/lib/python3.9/site-packages/airflow/example_dags/example_trigger_target_dag.py
[2025-02-04T16:40:24.984+0000] {logging_mixin.py:190} INFO - [2025-02-04T16:40:24.983+0000] {dag.py:3239} INFO - Sync 1 DAGs
[2025-02-04T16:40:25.000+0000] {logging_mixin.py:190} INFO - [2025-02-04T16:40:25.000+0000] {dag.py:4180} INFO - Setting next_dagrun for example_trigger_target_dag to None, run_after=None
[2025-02-04T16:40:25.026+0000] {processor.py:208} INFO - Processing /home/airflow/.local/lib/python3.9/site-packages/airflow/example_dags/example_trigger_target_dag.py took 0.090 seconds
[2025-02-04T16:40:56.089+0000] {processor.py:186} INFO - Started process (PID=2081) to work on /home/airflow/.local/lib/python3.9/site-packages/airflow/example_dags/example_trigger_target_dag.py
[2025-02-04T16:40:56.090+0000] {processor.py:914} INFO - Processing file /home/airflow/.local/lib/python3.9/site-packages/airflow/example_dags/example_trigger_target_dag.py for tasks to queue
[2025-02-04T16:40:56.092+0000] {logging_mixin.py:190} INFO - [2025-02-04T16:40:56.092+0000] {dagbag.py:588} INFO - Filling up the DagBag from /home/airflow/.local/lib/python3.9/site-packages/airflow/example_dags/example_trigger_target_dag.py
[2025-02-04T16:40:56.100+0000] {processor.py:925} INFO - DAG(s) 'example_trigger_target_dag' retrieved from /home/airflow/.local/lib/python3.9/site-packages/airflow/example_dags/example_trigger_target_dag.py
[2025-02-04T16:40:56.120+0000] {logging_mixin.py:190} INFO - [2025-02-04T16:40:56.120+0000] {dag.py:3239} INFO - Sync 1 DAGs
[2025-02-04T16:40:56.135+0000] {logging_mixin.py:190} INFO - [2025-02-04T16:40:56.134+0000] {dag.py:4180} INFO - Setting next_dagrun for example_trigger_target_dag to None, run_after=None
[2025-02-04T16:40:56.159+0000] {processor.py:208} INFO - Processing /home/airflow/.local/lib/python3.9/site-packages/airflow/example_dags/example_trigger_target_dag.py took 0.076 seconds
[2025-02-04T16:41:26.912+0000] {processor.py:186} INFO - Started process (PID=2145) to work on /home/airflow/.local/lib/python3.9/site-packages/airflow/example_dags/example_trigger_target_dag.py
[2025-02-04T16:41:26.914+0000] {processor.py:914} INFO - Processing file /home/airflow/.local/lib/python3.9/site-packages/airflow/example_dags/example_trigger_target_dag.py for tasks to queue
[2025-02-04T16:41:26.915+0000] {logging_mixin.py:190} INFO - [2025-02-04T16:41:26.915+0000] {dagbag.py:588} INFO - Filling up the DagBag from /home/airflow/.local/lib/python3.9/site-packages/airflow/example_dags/example_trigger_target_dag.py
[2025-02-04T16:41:26.923+0000] {processor.py:925} INFO - DAG(s) 'example_trigger_target_dag' retrieved from /home/airflow/.local/lib/python3.9/site-packages/airflow/example_dags/example_trigger_target_dag.py
[2025-02-04T16:41:26.943+0000] {logging_mixin.py:190} INFO - [2025-02-04T16:41:26.943+0000] {dag.py:3239} INFO - Sync 1 DAGs
[2025-02-04T16:41:26.957+0000] {logging_mixin.py:190} INFO - [2025-02-04T16:41:26.957+0000] {dag.py:4180} INFO - Setting next_dagrun for example_trigger_target_dag to None, run_after=None
[2025-02-04T16:41:26.981+0000] {processor.py:208} INFO - Processing /home/airflow/.local/lib/python3.9/site-packages/airflow/example_dags/example_trigger_target_dag.py took 0.076 seconds
[2025-02-04T16:41:57.221+0000] {processor.py:186} INFO - Started process (PID=2209) to work on /home/airflow/.local/lib/python3.9/site-packages/airflow/example_dags/example_trigger_target_dag.py
[2025-02-04T16:41:57.222+0000] {processor.py:914} INFO - Processing file /home/airflow/.local/lib/python3.9/site-packages/airflow/example_dags/example_trigger_target_dag.py for tasks to queue
[2025-02-04T16:41:57.224+0000] {logging_mixin.py:190} INFO - [2025-02-04T16:41:57.223+0000] {dagbag.py:588} INFO - Filling up the DagBag from /home/airflow/.local/lib/python3.9/site-packages/airflow/example_dags/example_trigger_target_dag.py
[2025-02-04T16:41:57.232+0000] {processor.py:925} INFO - DAG(s) 'example_trigger_target_dag' retrieved from /home/airflow/.local/lib/python3.9/site-packages/airflow/example_dags/example_trigger_target_dag.py
[2025-02-04T16:41:57.253+0000] {logging_mixin.py:190} INFO - [2025-02-04T16:41:57.253+0000] {dag.py:3239} INFO - Sync 1 DAGs
[2025-02-04T16:41:57.267+0000] {logging_mixin.py:190} INFO - [2025-02-04T16:41:57.267+0000] {dag.py:4180} INFO - Setting next_dagrun for example_trigger_target_dag to None, run_after=None
[2025-02-04T16:41:57.291+0000] {processor.py:208} INFO - Processing /home/airflow/.local/lib/python3.9/site-packages/airflow/example_dags/example_trigger_target_dag.py took 0.076 seconds
[2025-02-04T16:42:28.374+0000] {processor.py:186} INFO - Started process (PID=2273) to work on /home/airflow/.local/lib/python3.9/site-packages/airflow/example_dags/example_trigger_target_dag.py
[2025-02-04T16:42:28.375+0000] {processor.py:914} INFO - Processing file /home/airflow/.local/lib/python3.9/site-packages/airflow/example_dags/example_trigger_target_dag.py for tasks to queue
[2025-02-04T16:42:28.377+0000] {logging_mixin.py:190} INFO - [2025-02-04T16:42:28.376+0000] {dagbag.py:588} INFO - Filling up the DagBag from /home/airflow/.local/lib/python3.9/site-packages/airflow/example_dags/example_trigger_target_dag.py
[2025-02-04T16:42:28.386+0000] {processor.py:925} INFO - DAG(s) 'example_trigger_target_dag' retrieved from /home/airflow/.local/lib/python3.9/site-packages/airflow/example_dags/example_trigger_target_dag.py
[2025-02-04T16:42:28.411+0000] {logging_mixin.py:190} INFO - [2025-02-04T16:42:28.411+0000] {dag.py:3239} INFO - Sync 1 DAGs
[2025-02-04T16:42:28.430+0000] {logging_mixin.py:190} INFO - [2025-02-04T16:42:28.430+0000] {dag.py:4180} INFO - Setting next_dagrun for example_trigger_target_dag to None, run_after=None
[2025-02-04T16:42:28.460+0000] {processor.py:208} INFO - Processing /home/airflow/.local/lib/python3.9/site-packages/airflow/example_dags/example_trigger_target_dag.py took 0.094 seconds
[2025-02-04T16:42:59.123+0000] {processor.py:186} INFO - Started process (PID=2337) to work on /home/airflow/.local/lib/python3.9/site-packages/airflow/example_dags/example_trigger_target_dag.py
[2025-02-04T16:42:59.125+0000] {processor.py:914} INFO - Processing file /home/airflow/.local/lib/python3.9/site-packages/airflow/example_dags/example_trigger_target_dag.py for tasks to queue
[2025-02-04T16:42:59.126+0000] {logging_mixin.py:190} INFO - [2025-02-04T16:42:59.126+0000] {dagbag.py:588} INFO - Filling up the DagBag from /home/airflow/.local/lib/python3.9/site-packages/airflow/example_dags/example_trigger_target_dag.py
[2025-02-04T16:42:59.135+0000] {processor.py:925} INFO - DAG(s) 'example_trigger_target_dag' retrieved from /home/airflow/.local/lib/python3.9/site-packages/airflow/example_dags/example_trigger_target_dag.py
[2025-02-04T16:42:59.157+0000] {logging_mixin.py:190} INFO - [2025-02-04T16:42:59.157+0000] {dag.py:3239} INFO - Sync 1 DAGs
[2025-02-04T16:42:59.176+0000] {logging_mixin.py:190} INFO - [2025-02-04T16:42:59.176+0000] {dag.py:4180} INFO - Setting next_dagrun for example_trigger_target_dag to None, run_after=None
[2025-02-04T16:42:59.204+0000] {processor.py:208} INFO - Processing /home/airflow/.local/lib/python3.9/site-packages/airflow/example_dags/example_trigger_target_dag.py took 0.088 seconds
[2025-02-04T16:43:29.279+0000] {processor.py:186} INFO - Started process (PID=2401) to work on /home/airflow/.local/lib/python3.9/site-packages/airflow/example_dags/example_trigger_target_dag.py
[2025-02-04T16:43:29.280+0000] {processor.py:914} INFO - Processing file /home/airflow/.local/lib/python3.9/site-packages/airflow/example_dags/example_trigger_target_dag.py for tasks to queue
[2025-02-04T16:43:29.282+0000] {logging_mixin.py:190} INFO - [2025-02-04T16:43:29.281+0000] {dagbag.py:588} INFO - Filling up the DagBag from /home/airflow/.local/lib/python3.9/site-packages/airflow/example_dags/example_trigger_target_dag.py
[2025-02-04T16:43:29.290+0000] {processor.py:925} INFO - DAG(s) 'example_trigger_target_dag' retrieved from /home/airflow/.local/lib/python3.9/site-packages/airflow/example_dags/example_trigger_target_dag.py
[2025-02-04T16:43:29.312+0000] {logging_mixin.py:190} INFO - [2025-02-04T16:43:29.311+0000] {dag.py:3239} INFO - Sync 1 DAGs
[2025-02-04T16:43:29.327+0000] {logging_mixin.py:190} INFO - [2025-02-04T16:43:29.327+0000] {dag.py:4180} INFO - Setting next_dagrun for example_trigger_target_dag to None, run_after=None
[2025-02-04T16:43:29.368+0000] {processor.py:208} INFO - Processing /home/airflow/.local/lib/python3.9/site-packages/airflow/example_dags/example_trigger_target_dag.py took 0.096 seconds
[2025-02-04T16:43:59.990+0000] {processor.py:186} INFO - Started process (PID=2465) to work on /home/airflow/.local/lib/python3.9/site-packages/airflow/example_dags/example_trigger_target_dag.py
[2025-02-04T16:43:59.991+0000] {processor.py:914} INFO - Processing file /home/airflow/.local/lib/python3.9/site-packages/airflow/example_dags/example_trigger_target_dag.py for tasks to queue
[2025-02-04T16:43:59.993+0000] {logging_mixin.py:190} INFO - [2025-02-04T16:43:59.993+0000] {dagbag.py:588} INFO - Filling up the DagBag from /home/airflow/.local/lib/python3.9/site-packages/airflow/example_dags/example_trigger_target_dag.py
[2025-02-04T16:44:00.003+0000] {processor.py:925} INFO - DAG(s) 'example_trigger_target_dag' retrieved from /home/airflow/.local/lib/python3.9/site-packages/airflow/example_dags/example_trigger_target_dag.py
[2025-02-04T16:44:00.026+0000] {logging_mixin.py:190} INFO - [2025-02-04T16:44:00.026+0000] {dag.py:3239} INFO - Sync 1 DAGs
[2025-02-04T16:44:00.045+0000] {logging_mixin.py:190} INFO - [2025-02-04T16:44:00.045+0000] {dag.py:4180} INFO - Setting next_dagrun for example_trigger_target_dag to None, run_after=None
[2025-02-04T16:44:00.072+0000] {processor.py:208} INFO - Processing /home/airflow/.local/lib/python3.9/site-packages/airflow/example_dags/example_trigger_target_dag.py took 0.089 seconds
[2025-02-04T16:44:30.267+0000] {processor.py:186} INFO - Started process (PID=2529) to work on /home/airflow/.local/lib/python3.9/site-packages/airflow/example_dags/example_trigger_target_dag.py
[2025-02-04T16:44:30.269+0000] {processor.py:914} INFO - Processing file /home/airflow/.local/lib/python3.9/site-packages/airflow/example_dags/example_trigger_target_dag.py for tasks to queue
[2025-02-04T16:44:30.271+0000] {logging_mixin.py:190} INFO - [2025-02-04T16:44:30.270+0000] {dagbag.py:588} INFO - Filling up the DagBag from /home/airflow/.local/lib/python3.9/site-packages/airflow/example_dags/example_trigger_target_dag.py
[2025-02-04T16:44:30.280+0000] {processor.py:925} INFO - DAG(s) 'example_trigger_target_dag' retrieved from /home/airflow/.local/lib/python3.9/site-packages/airflow/example_dags/example_trigger_target_dag.py
[2025-02-04T16:44:30.305+0000] {logging_mixin.py:190} INFO - [2025-02-04T16:44:30.305+0000] {dag.py:3239} INFO - Sync 1 DAGs
[2025-02-04T16:44:30.322+0000] {logging_mixin.py:190} INFO - [2025-02-04T16:44:30.322+0000] {dag.py:4180} INFO - Setting next_dagrun for example_trigger_target_dag to None, run_after=None
[2025-02-04T16:44:30.350+0000] {processor.py:208} INFO - Processing /home/airflow/.local/lib/python3.9/site-packages/airflow/example_dags/example_trigger_target_dag.py took 0.090 seconds
[2025-02-04T16:45:00.948+0000] {processor.py:186} INFO - Started process (PID=2593) to work on /home/airflow/.local/lib/python3.9/site-packages/airflow/example_dags/example_trigger_target_dag.py
[2025-02-04T16:45:00.949+0000] {processor.py:914} INFO - Processing file /home/airflow/.local/lib/python3.9/site-packages/airflow/example_dags/example_trigger_target_dag.py for tasks to queue
[2025-02-04T16:45:00.951+0000] {logging_mixin.py:190} INFO - [2025-02-04T16:45:00.950+0000] {dagbag.py:588} INFO - Filling up the DagBag from /home/airflow/.local/lib/python3.9/site-packages/airflow/example_dags/example_trigger_target_dag.py
[2025-02-04T16:45:00.960+0000] {processor.py:925} INFO - DAG(s) 'example_trigger_target_dag' retrieved from /home/airflow/.local/lib/python3.9/site-packages/airflow/example_dags/example_trigger_target_dag.py
[2025-02-04T16:45:00.983+0000] {logging_mixin.py:190} INFO - [2025-02-04T16:45:00.982+0000] {dag.py:3239} INFO - Sync 1 DAGs
[2025-02-04T16:45:00.998+0000] {logging_mixin.py:190} INFO - [2025-02-04T16:45:00.998+0000] {dag.py:4180} INFO - Setting next_dagrun for example_trigger_target_dag to None, run_after=None
[2025-02-04T16:45:01.026+0000] {processor.py:208} INFO - Processing /home/airflow/.local/lib/python3.9/site-packages/airflow/example_dags/example_trigger_target_dag.py took 0.085 seconds
[2025-02-04T16:45:31.187+0000] {processor.py:186} INFO - Started process (PID=2657) to work on /home/airflow/.local/lib/python3.9/site-packages/airflow/example_dags/example_trigger_target_dag.py
[2025-02-04T16:45:31.188+0000] {processor.py:914} INFO - Processing file /home/airflow/.local/lib/python3.9/site-packages/airflow/example_dags/example_trigger_target_dag.py for tasks to queue
[2025-02-04T16:45:31.189+0000] {logging_mixin.py:190} INFO - [2025-02-04T16:45:31.189+0000] {dagbag.py:588} INFO - Filling up the DagBag from /home/airflow/.local/lib/python3.9/site-packages/airflow/example_dags/example_trigger_target_dag.py
[2025-02-04T16:45:31.198+0000] {processor.py:925} INFO - DAG(s) 'example_trigger_target_dag' retrieved from /home/airflow/.local/lib/python3.9/site-packages/airflow/example_dags/example_trigger_target_dag.py
[2025-02-04T16:45:31.220+0000] {logging_mixin.py:190} INFO - [2025-02-04T16:45:31.220+0000] {dag.py:3239} INFO - Sync 1 DAGs
[2025-02-04T16:45:31.235+0000] {logging_mixin.py:190} INFO - [2025-02-04T16:45:31.234+0000] {dag.py:4180} INFO - Setting next_dagrun for example_trigger_target_dag to None, run_after=None
[2025-02-04T16:45:31.259+0000] {processor.py:208} INFO - Processing /home/airflow/.local/lib/python3.9/site-packages/airflow/example_dags/example_trigger_target_dag.py took 0.080 seconds
[2025-02-04T16:46:03.960+0000] {processor.py:186} INFO - Started process (PID=2728) to work on /home/airflow/.local/lib/python3.9/site-packages/airflow/example_dags/example_trigger_target_dag.py
[2025-02-04T16:46:03.962+0000] {processor.py:914} INFO - Processing file /home/airflow/.local/lib/python3.9/site-packages/airflow/example_dags/example_trigger_target_dag.py for tasks to queue
[2025-02-04T16:46:03.964+0000] {logging_mixin.py:190} INFO - [2025-02-04T16:46:03.964+0000] {dagbag.py:588} INFO - Filling up the DagBag from /home/airflow/.local/lib/python3.9/site-packages/airflow/example_dags/example_trigger_target_dag.py
[2025-02-04T16:46:03.977+0000] {processor.py:925} INFO - DAG(s) 'example_trigger_target_dag' retrieved from /home/airflow/.local/lib/python3.9/site-packages/airflow/example_dags/example_trigger_target_dag.py
[2025-02-04T16:46:03.998+0000] {logging_mixin.py:190} INFO - [2025-02-04T16:46:03.998+0000] {dag.py:3239} INFO - Sync 1 DAGs
[2025-02-04T16:46:04.015+0000] {logging_mixin.py:190} INFO - [2025-02-04T16:46:04.015+0000] {dag.py:4180} INFO - Setting next_dagrun for example_trigger_target_dag to None, run_after=None
[2025-02-04T16:46:04.045+0000] {processor.py:208} INFO - Processing /home/airflow/.local/lib/python3.9/site-packages/airflow/example_dags/example_trigger_target_dag.py took 0.094 seconds
[2025-02-04T16:46:34.058+0000] {processor.py:186} INFO - Started process (PID=2792) to work on /home/airflow/.local/lib/python3.9/site-packages/airflow/example_dags/example_trigger_target_dag.py
[2025-02-04T16:46:34.059+0000] {processor.py:914} INFO - Processing file /home/airflow/.local/lib/python3.9/site-packages/airflow/example_dags/example_trigger_target_dag.py for tasks to queue
[2025-02-04T16:46:34.060+0000] {logging_mixin.py:190} INFO - [2025-02-04T16:46:34.060+0000] {dagbag.py:588} INFO - Filling up the DagBag from /home/airflow/.local/lib/python3.9/site-packages/airflow/example_dags/example_trigger_target_dag.py
[2025-02-04T16:46:34.071+0000] {processor.py:925} INFO - DAG(s) 'example_trigger_target_dag' retrieved from /home/airflow/.local/lib/python3.9/site-packages/airflow/example_dags/example_trigger_target_dag.py
[2025-02-04T16:46:34.095+0000] {logging_mixin.py:190} INFO - [2025-02-04T16:46:34.095+0000] {dag.py:3239} INFO - Sync 1 DAGs
[2025-02-04T16:46:34.110+0000] {logging_mixin.py:190} INFO - [2025-02-04T16:46:34.110+0000] {dag.py:4180} INFO - Setting next_dagrun for example_trigger_target_dag to None, run_after=None
[2025-02-04T16:46:34.136+0000] {processor.py:208} INFO - Processing /home/airflow/.local/lib/python3.9/site-packages/airflow/example_dags/example_trigger_target_dag.py took 0.085 seconds
[2025-02-04T16:47:08.635+0000] {processor.py:186} INFO - Started process (PID=2859) to work on /home/airflow/.local/lib/python3.9/site-packages/airflow/example_dags/example_trigger_target_dag.py
[2025-02-04T16:47:08.636+0000] {processor.py:914} INFO - Processing file /home/airflow/.local/lib/python3.9/site-packages/airflow/example_dags/example_trigger_target_dag.py for tasks to queue
[2025-02-04T16:47:08.638+0000] {logging_mixin.py:190} INFO - [2025-02-04T16:47:08.637+0000] {dagbag.py:588} INFO - Filling up the DagBag from /home/airflow/.local/lib/python3.9/site-packages/airflow/example_dags/example_trigger_target_dag.py
[2025-02-04T16:47:08.647+0000] {processor.py:925} INFO - DAG(s) 'example_trigger_target_dag' retrieved from /home/airflow/.local/lib/python3.9/site-packages/airflow/example_dags/example_trigger_target_dag.py
[2025-02-04T16:47:08.707+0000] {logging_mixin.py:190} INFO - [2025-02-04T16:47:08.706+0000] {dag.py:3239} INFO - Sync 1 DAGs
[2025-02-04T16:47:08.744+0000] {logging_mixin.py:190} INFO - [2025-02-04T16:47:08.743+0000] {dag.py:4180} INFO - Setting next_dagrun for example_trigger_target_dag to None, run_after=None
[2025-02-04T16:47:09.058+0000] {processor.py:208} INFO - Processing /home/airflow/.local/lib/python3.9/site-packages/airflow/example_dags/example_trigger_target_dag.py took 0.430 seconds
[2025-02-04T16:47:49.710+0000] {processor.py:186} INFO - Started process (PID=2923) to work on /home/airflow/.local/lib/python3.9/site-packages/airflow/example_dags/example_trigger_target_dag.py
[2025-02-04T16:47:49.711+0000] {processor.py:914} INFO - Processing file /home/airflow/.local/lib/python3.9/site-packages/airflow/example_dags/example_trigger_target_dag.py for tasks to queue
[2025-02-04T16:47:49.713+0000] {logging_mixin.py:190} INFO - [2025-02-04T16:47:49.713+0000] {dagbag.py:588} INFO - Filling up the DagBag from /home/airflow/.local/lib/python3.9/site-packages/airflow/example_dags/example_trigger_target_dag.py
[2025-02-04T16:47:49.722+0000] {processor.py:925} INFO - DAG(s) 'example_trigger_target_dag' retrieved from /home/airflow/.local/lib/python3.9/site-packages/airflow/example_dags/example_trigger_target_dag.py
[2025-02-04T16:47:49.746+0000] {logging_mixin.py:190} INFO - [2025-02-04T16:47:49.746+0000] {dag.py:3239} INFO - Sync 1 DAGs
[2025-02-04T16:47:49.761+0000] {logging_mixin.py:190} INFO - [2025-02-04T16:47:49.761+0000] {dag.py:4180} INFO - Setting next_dagrun for example_trigger_target_dag to None, run_after=None
[2025-02-04T16:47:49.889+0000] {processor.py:208} INFO - Processing /home/airflow/.local/lib/python3.9/site-packages/airflow/example_dags/example_trigger_target_dag.py took 0.187 seconds
