[2025-02-04T16:22:51.895+0000] {processor.py:186} INFO - Started process (PID=117) to work on /home/airflow/.local/lib/python3.9/site-packages/airflow/example_dags/example_external_task_marker_dag.py
[2025-02-04T16:22:52.738+0000] {processor.py:914} INFO - Processing file /home/airflow/.local/lib/python3.9/site-packages/airflow/example_dags/example_external_task_marker_dag.py for tasks to queue
[2025-02-04T16:22:52.742+0000] {logging_mixin.py:190} INFO - [2025-02-04T16:22:52.742+0000] {dagbag.py:588} INFO - Filling up the DagBag from /home/airflow/.local/lib/python3.9/site-packages/airflow/example_dags/example_external_task_marker_dag.py
[2025-02-04T16:22:52.852+0000] {processor.py:925} INFO - DAG(s) 'example_external_task_marker_child', 'example_external_task_marker_parent' retrieved from /home/airflow/.local/lib/python3.9/site-packages/airflow/example_dags/example_external_task_marker_dag.py
[2025-02-04T16:22:52.970+0000] {logging_mixin.py:190} INFO - [2025-02-04T16:22:52.969+0000] {override.py:1912} INFO - Created Permission View: can delete on DAG:example_external_task_marker_child
[2025-02-04T16:22:52.987+0000] {logging_mixin.py:190} INFO - [2025-02-04T16:22:52.987+0000] {override.py:1912} INFO - Created Permission View: can edit on DAG:example_external_task_marker_child
[2025-02-04T16:22:53.001+0000] {logging_mixin.py:190} INFO - [2025-02-04T16:22:53.001+0000] {override.py:1912} INFO - Created Permission View: can read on DAG:example_external_task_marker_child
[2025-02-04T16:22:53.023+0000] {logging_mixin.py:190} INFO - [2025-02-04T16:22:53.023+0000] {override.py:1912} INFO - Created Permission View: can delete on DAG Run:example_external_task_marker_child
[2025-02-04T16:22:53.042+0000] {logging_mixin.py:190} INFO - [2025-02-04T16:22:53.042+0000] {override.py:1912} INFO - Created Permission View: menu access on DAG Run:example_external_task_marker_child
[2025-02-04T16:22:53.057+0000] {logging_mixin.py:190} INFO - [2025-02-04T16:22:53.056+0000] {override.py:1912} INFO - Created Permission View: can read on DAG Run:example_external_task_marker_child
[2025-02-04T16:22:53.071+0000] {logging_mixin.py:190} INFO - [2025-02-04T16:22:53.071+0000] {override.py:1912} INFO - Created Permission View: can create on DAG Run:example_external_task_marker_child
[2025-02-04T16:22:53.099+0000] {logging_mixin.py:190} INFO - [2025-02-04T16:22:53.098+0000] {override.py:1912} INFO - Created Permission View: can delete on DAG:example_external_task_marker_parent
[2025-02-04T16:22:53.112+0000] {logging_mixin.py:190} INFO - [2025-02-04T16:22:53.112+0000] {override.py:1912} INFO - Created Permission View: can edit on DAG:example_external_task_marker_parent
[2025-02-04T16:22:53.127+0000] {logging_mixin.py:190} INFO - [2025-02-04T16:22:53.126+0000] {override.py:1912} INFO - Created Permission View: can read on DAG:example_external_task_marker_parent
[2025-02-04T16:22:53.149+0000] {logging_mixin.py:190} INFO - [2025-02-04T16:22:53.148+0000] {override.py:1912} INFO - Created Permission View: can delete on DAG Run:example_external_task_marker_parent
[2025-02-04T16:22:53.165+0000] {logging_mixin.py:190} INFO - [2025-02-04T16:22:53.165+0000] {override.py:1912} INFO - Created Permission View: menu access on DAG Run:example_external_task_marker_parent
[2025-02-04T16:22:54.227+0000] {logging_mixin.py:190} INFO - [2025-02-04T16:22:54.226+0000] {override.py:1912} INFO - Created Permission View: can read on DAG Run:example_external_task_marker_parent
[2025-02-04T16:22:54.243+0000] {logging_mixin.py:190} INFO - [2025-02-04T16:22:54.243+0000] {override.py:1912} INFO - Created Permission View: can create on DAG Run:example_external_task_marker_parent
[2025-02-04T16:22:54.244+0000] {logging_mixin.py:190} INFO - [2025-02-04T16:22:54.244+0000] {dag.py:3239} INFO - Sync 2 DAGs
[2025-02-04T16:22:54.258+0000] {logging_mixin.py:190} INFO - [2025-02-04T16:22:54.258+0000] {dag.py:3262} INFO - Creating ORM DAG for example_external_task_marker_parent
[2025-02-04T16:22:54.259+0000] {logging_mixin.py:190} INFO - [2025-02-04T16:22:54.259+0000] {dag.py:3262} INFO - Creating ORM DAG for example_external_task_marker_child
[2025-02-04T16:22:54.261+0000] {logging_mixin.py:190} INFO - [2025-02-04T16:22:54.260+0000] {dag.py:4180} INFO - Setting next_dagrun for example_external_task_marker_child to None, run_after=None
[2025-02-04T16:22:54.262+0000] {logging_mixin.py:190} INFO - [2025-02-04T16:22:54.261+0000] {dag.py:4180} INFO - Setting next_dagrun for example_external_task_marker_parent to None, run_after=None
[2025-02-04T16:22:54.288+0000] {processor.py:208} INFO - Processing /home/airflow/.local/lib/python3.9/site-packages/airflow/example_dags/example_external_task_marker_dag.py took 2.399 seconds
[2025-02-04T16:23:33.490+0000] {processor.py:186} INFO - Started process (PID=181) to work on /home/airflow/.local/lib/python3.9/site-packages/airflow/example_dags/example_external_task_marker_dag.py
[2025-02-04T16:23:33.492+0000] {processor.py:914} INFO - Processing file /home/airflow/.local/lib/python3.9/site-packages/airflow/example_dags/example_external_task_marker_dag.py for tasks to queue
[2025-02-04T16:23:33.495+0000] {logging_mixin.py:190} INFO - [2025-02-04T16:23:33.495+0000] {dagbag.py:588} INFO - Filling up the DagBag from /home/airflow/.local/lib/python3.9/site-packages/airflow/example_dags/example_external_task_marker_dag.py
[2025-02-04T16:23:33.503+0000] {processor.py:925} INFO - DAG(s) 'example_external_task_marker_child', 'example_external_task_marker_parent' retrieved from /home/airflow/.local/lib/python3.9/site-packages/airflow/example_dags/example_external_task_marker_dag.py
[2025-02-04T16:23:33.529+0000] {logging_mixin.py:190} INFO - [2025-02-04T16:23:33.529+0000] {dag.py:3239} INFO - Sync 2 DAGs
[2025-02-04T16:23:33.543+0000] {logging_mixin.py:190} INFO - [2025-02-04T16:23:33.542+0000] {dag.py:4180} INFO - Setting next_dagrun for example_external_task_marker_child to None, run_after=None
[2025-02-04T16:23:33.548+0000] {logging_mixin.py:190} INFO - [2025-02-04T16:23:33.548+0000] {dag.py:4180} INFO - Setting next_dagrun for example_external_task_marker_parent to None, run_after=None
[2025-02-04T16:23:33.570+0000] {processor.py:208} INFO - Processing /home/airflow/.local/lib/python3.9/site-packages/airflow/example_dags/example_external_task_marker_dag.py took 0.086 seconds
[2025-02-04T16:24:04.066+0000] {processor.py:186} INFO - Started process (PID=243) to work on /home/airflow/.local/lib/python3.9/site-packages/airflow/example_dags/example_external_task_marker_dag.py
[2025-02-04T16:24:04.068+0000] {processor.py:914} INFO - Processing file /home/airflow/.local/lib/python3.9/site-packages/airflow/example_dags/example_external_task_marker_dag.py for tasks to queue
[2025-02-04T16:24:04.071+0000] {logging_mixin.py:190} INFO - [2025-02-04T16:24:04.071+0000] {dagbag.py:588} INFO - Filling up the DagBag from /home/airflow/.local/lib/python3.9/site-packages/airflow/example_dags/example_external_task_marker_dag.py
[2025-02-04T16:24:04.080+0000] {processor.py:925} INFO - DAG(s) 'example_external_task_marker_child', 'example_external_task_marker_parent' retrieved from /home/airflow/.local/lib/python3.9/site-packages/airflow/example_dags/example_external_task_marker_dag.py
[2025-02-04T16:24:04.380+0000] {logging_mixin.py:190} INFO - [2025-02-04T16:24:04.379+0000] {dag.py:3239} INFO - Sync 2 DAGs
[2025-02-04T16:24:04.395+0000] {logging_mixin.py:190} INFO - [2025-02-04T16:24:04.395+0000] {dag.py:4180} INFO - Setting next_dagrun for example_external_task_marker_child to None, run_after=None
[2025-02-04T16:24:04.401+0000] {logging_mixin.py:190} INFO - [2025-02-04T16:24:04.400+0000] {dag.py:4180} INFO - Setting next_dagrun for example_external_task_marker_parent to None, run_after=None
[2025-02-04T16:24:04.425+0000] {processor.py:208} INFO - Processing /home/airflow/.local/lib/python3.9/site-packages/airflow/example_dags/example_external_task_marker_dag.py took 0.366 seconds
[2025-02-04T16:24:34.855+0000] {processor.py:186} INFO - Started process (PID=307) to work on /home/airflow/.local/lib/python3.9/site-packages/airflow/example_dags/example_external_task_marker_dag.py
[2025-02-04T16:24:34.857+0000] {processor.py:914} INFO - Processing file /home/airflow/.local/lib/python3.9/site-packages/airflow/example_dags/example_external_task_marker_dag.py for tasks to queue
[2025-02-04T16:24:34.860+0000] {logging_mixin.py:190} INFO - [2025-02-04T16:24:34.859+0000] {dagbag.py:588} INFO - Filling up the DagBag from /home/airflow/.local/lib/python3.9/site-packages/airflow/example_dags/example_external_task_marker_dag.py
[2025-02-04T16:24:34.873+0000] {processor.py:925} INFO - DAG(s) 'example_external_task_marker_parent', 'example_external_task_marker_child' retrieved from /home/airflow/.local/lib/python3.9/site-packages/airflow/example_dags/example_external_task_marker_dag.py
[2025-02-04T16:24:34.900+0000] {logging_mixin.py:190} INFO - [2025-02-04T16:24:34.900+0000] {dag.py:3239} INFO - Sync 2 DAGs
[2025-02-04T16:24:34.916+0000] {logging_mixin.py:190} INFO - [2025-02-04T16:24:34.915+0000] {dag.py:4180} INFO - Setting next_dagrun for example_external_task_marker_child to None, run_after=None
[2025-02-04T16:24:34.920+0000] {logging_mixin.py:190} INFO - [2025-02-04T16:24:34.920+0000] {dag.py:4180} INFO - Setting next_dagrun for example_external_task_marker_parent to None, run_after=None
[2025-02-04T16:24:34.943+0000] {processor.py:208} INFO - Processing /home/airflow/.local/lib/python3.9/site-packages/airflow/example_dags/example_external_task_marker_dag.py took 0.095 seconds
[2025-02-04T16:25:05.693+0000] {processor.py:186} INFO - Started process (PID=371) to work on /home/airflow/.local/lib/python3.9/site-packages/airflow/example_dags/example_external_task_marker_dag.py
[2025-02-04T16:25:05.695+0000] {processor.py:914} INFO - Processing file /home/airflow/.local/lib/python3.9/site-packages/airflow/example_dags/example_external_task_marker_dag.py for tasks to queue
[2025-02-04T16:25:05.697+0000] {logging_mixin.py:190} INFO - [2025-02-04T16:25:05.697+0000] {dagbag.py:588} INFO - Filling up the DagBag from /home/airflow/.local/lib/python3.9/site-packages/airflow/example_dags/example_external_task_marker_dag.py
[2025-02-04T16:25:05.706+0000] {processor.py:925} INFO - DAG(s) 'example_external_task_marker_child', 'example_external_task_marker_parent' retrieved from /home/airflow/.local/lib/python3.9/site-packages/airflow/example_dags/example_external_task_marker_dag.py
[2025-02-04T16:25:05.735+0000] {logging_mixin.py:190} INFO - [2025-02-04T16:25:05.734+0000] {dag.py:3239} INFO - Sync 2 DAGs
[2025-02-04T16:25:05.753+0000] {logging_mixin.py:190} INFO - [2025-02-04T16:25:05.753+0000] {dag.py:4180} INFO - Setting next_dagrun for example_external_task_marker_child to None, run_after=None
[2025-02-04T16:25:05.758+0000] {logging_mixin.py:190} INFO - [2025-02-04T16:25:05.758+0000] {dag.py:4180} INFO - Setting next_dagrun for example_external_task_marker_parent to None, run_after=None
[2025-02-04T16:25:05.787+0000] {processor.py:208} INFO - Processing /home/airflow/.local/lib/python3.9/site-packages/airflow/example_dags/example_external_task_marker_dag.py took 0.101 seconds
[2025-02-04T16:25:36.067+0000] {processor.py:186} INFO - Started process (PID=435) to work on /home/airflow/.local/lib/python3.9/site-packages/airflow/example_dags/example_external_task_marker_dag.py
[2025-02-04T16:25:36.069+0000] {processor.py:914} INFO - Processing file /home/airflow/.local/lib/python3.9/site-packages/airflow/example_dags/example_external_task_marker_dag.py for tasks to queue
[2025-02-04T16:25:36.071+0000] {logging_mixin.py:190} INFO - [2025-02-04T16:25:36.071+0000] {dagbag.py:588} INFO - Filling up the DagBag from /home/airflow/.local/lib/python3.9/site-packages/airflow/example_dags/example_external_task_marker_dag.py
[2025-02-04T16:25:36.080+0000] {processor.py:925} INFO - DAG(s) 'example_external_task_marker_parent', 'example_external_task_marker_child' retrieved from /home/airflow/.local/lib/python3.9/site-packages/airflow/example_dags/example_external_task_marker_dag.py
[2025-02-04T16:25:36.156+0000] {logging_mixin.py:190} INFO - [2025-02-04T16:25:36.156+0000] {dag.py:3239} INFO - Sync 2 DAGs
[2025-02-04T16:25:36.173+0000] {logging_mixin.py:190} INFO - [2025-02-04T16:25:36.173+0000] {dag.py:4180} INFO - Setting next_dagrun for example_external_task_marker_child to None, run_after=None
[2025-02-04T16:25:36.177+0000] {logging_mixin.py:190} INFO - [2025-02-04T16:25:36.177+0000] {dag.py:4180} INFO - Setting next_dagrun for example_external_task_marker_parent to None, run_after=None
[2025-02-04T16:25:36.203+0000] {processor.py:208} INFO - Processing /home/airflow/.local/lib/python3.9/site-packages/airflow/example_dags/example_external_task_marker_dag.py took 0.142 seconds
[2025-02-04T16:26:06.433+0000] {processor.py:186} INFO - Started process (PID=506) to work on /home/airflow/.local/lib/python3.9/site-packages/airflow/example_dags/example_external_task_marker_dag.py
[2025-02-04T16:26:06.434+0000] {processor.py:914} INFO - Processing file /home/airflow/.local/lib/python3.9/site-packages/airflow/example_dags/example_external_task_marker_dag.py for tasks to queue
[2025-02-04T16:26:06.437+0000] {logging_mixin.py:190} INFO - [2025-02-04T16:26:06.436+0000] {dagbag.py:588} INFO - Filling up the DagBag from /home/airflow/.local/lib/python3.9/site-packages/airflow/example_dags/example_external_task_marker_dag.py
[2025-02-04T16:26:06.446+0000] {processor.py:925} INFO - DAG(s) 'example_external_task_marker_child', 'example_external_task_marker_parent' retrieved from /home/airflow/.local/lib/python3.9/site-packages/airflow/example_dags/example_external_task_marker_dag.py
[2025-02-04T16:26:06.473+0000] {logging_mixin.py:190} INFO - [2025-02-04T16:26:06.472+0000] {dag.py:3239} INFO - Sync 2 DAGs
[2025-02-04T16:26:06.489+0000] {logging_mixin.py:190} INFO - [2025-02-04T16:26:06.489+0000] {dag.py:4180} INFO - Setting next_dagrun for example_external_task_marker_child to None, run_after=None
[2025-02-04T16:26:06.496+0000] {logging_mixin.py:190} INFO - [2025-02-04T16:26:06.496+0000] {dag.py:4180} INFO - Setting next_dagrun for example_external_task_marker_parent to None, run_after=None
[2025-02-04T16:26:06.526+0000] {processor.py:208} INFO - Processing /home/airflow/.local/lib/python3.9/site-packages/airflow/example_dags/example_external_task_marker_dag.py took 0.100 seconds
[2025-02-04T16:26:37.532+0000] {processor.py:186} INFO - Started process (PID=570) to work on /home/airflow/.local/lib/python3.9/site-packages/airflow/example_dags/example_external_task_marker_dag.py
[2025-02-04T16:26:37.533+0000] {processor.py:914} INFO - Processing file /home/airflow/.local/lib/python3.9/site-packages/airflow/example_dags/example_external_task_marker_dag.py for tasks to queue
[2025-02-04T16:26:37.536+0000] {logging_mixin.py:190} INFO - [2025-02-04T16:26:37.535+0000] {dagbag.py:588} INFO - Filling up the DagBag from /home/airflow/.local/lib/python3.9/site-packages/airflow/example_dags/example_external_task_marker_dag.py
[2025-02-04T16:26:37.545+0000] {processor.py:925} INFO - DAG(s) 'example_external_task_marker_child', 'example_external_task_marker_parent' retrieved from /home/airflow/.local/lib/python3.9/site-packages/airflow/example_dags/example_external_task_marker_dag.py
[2025-02-04T16:26:37.574+0000] {logging_mixin.py:190} INFO - [2025-02-04T16:26:37.574+0000] {dag.py:3239} INFO - Sync 2 DAGs
[2025-02-04T16:26:37.592+0000] {logging_mixin.py:190} INFO - [2025-02-04T16:26:37.592+0000] {dag.py:4180} INFO - Setting next_dagrun for example_external_task_marker_child to None, run_after=None
[2025-02-04T16:26:37.598+0000] {logging_mixin.py:190} INFO - [2025-02-04T16:26:37.598+0000] {dag.py:4180} INFO - Setting next_dagrun for example_external_task_marker_parent to None, run_after=None
[2025-02-04T16:26:37.625+0000] {processor.py:208} INFO - Processing /home/airflow/.local/lib/python3.9/site-packages/airflow/example_dags/example_external_task_marker_dag.py took 0.101 seconds
[2025-02-04T16:27:08.603+0000] {processor.py:186} INFO - Started process (PID=634) to work on /home/airflow/.local/lib/python3.9/site-packages/airflow/example_dags/example_external_task_marker_dag.py
[2025-02-04T16:27:08.604+0000] {processor.py:914} INFO - Processing file /home/airflow/.local/lib/python3.9/site-packages/airflow/example_dags/example_external_task_marker_dag.py for tasks to queue
[2025-02-04T16:27:08.608+0000] {logging_mixin.py:190} INFO - [2025-02-04T16:27:08.607+0000] {dagbag.py:588} INFO - Filling up the DagBag from /home/airflow/.local/lib/python3.9/site-packages/airflow/example_dags/example_external_task_marker_dag.py
[2025-02-04T16:27:08.618+0000] {processor.py:925} INFO - DAG(s) 'example_external_task_marker_child', 'example_external_task_marker_parent' retrieved from /home/airflow/.local/lib/python3.9/site-packages/airflow/example_dags/example_external_task_marker_dag.py
[2025-02-04T16:27:08.649+0000] {logging_mixin.py:190} INFO - [2025-02-04T16:27:08.649+0000] {dag.py:3239} INFO - Sync 2 DAGs
[2025-02-04T16:27:08.071+0000] {logging_mixin.py:190} INFO - [2025-02-04T16:27:08.071+0000] {dag.py:4180} INFO - Setting next_dagrun for example_external_task_marker_child to None, run_after=None
[2025-02-04T16:27:08.077+0000] {logging_mixin.py:190} INFO - [2025-02-04T16:27:08.077+0000] {dag.py:4180} INFO - Setting next_dagrun for example_external_task_marker_parent to None, run_after=None
[2025-02-04T16:27:08.101+0000] {processor.py:208} INFO - Processing /home/airflow/.local/lib/python3.9/site-packages/airflow/example_dags/example_external_task_marker_dag.py took 0.105 seconds
[2025-02-04T16:27:38.799+0000] {processor.py:186} INFO - Started process (PID=701) to work on /home/airflow/.local/lib/python3.9/site-packages/airflow/example_dags/example_external_task_marker_dag.py
[2025-02-04T16:27:38.800+0000] {processor.py:914} INFO - Processing file /home/airflow/.local/lib/python3.9/site-packages/airflow/example_dags/example_external_task_marker_dag.py for tasks to queue
[2025-02-04T16:27:38.804+0000] {logging_mixin.py:190} INFO - [2025-02-04T16:27:38.803+0000] {dagbag.py:588} INFO - Filling up the DagBag from /home/airflow/.local/lib/python3.9/site-packages/airflow/example_dags/example_external_task_marker_dag.py
[2025-02-04T16:27:38.813+0000] {processor.py:925} INFO - DAG(s) 'example_external_task_marker_child', 'example_external_task_marker_parent' retrieved from /home/airflow/.local/lib/python3.9/site-packages/airflow/example_dags/example_external_task_marker_dag.py
[2025-02-04T16:27:38.840+0000] {logging_mixin.py:190} INFO - [2025-02-04T16:27:38.840+0000] {dag.py:3239} INFO - Sync 2 DAGs
[2025-02-04T16:27:38.856+0000] {logging_mixin.py:190} INFO - [2025-02-04T16:27:38.856+0000] {dag.py:4180} INFO - Setting next_dagrun for example_external_task_marker_child to None, run_after=None
[2025-02-04T16:27:38.861+0000] {logging_mixin.py:190} INFO - [2025-02-04T16:27:38.861+0000] {dag.py:4180} INFO - Setting next_dagrun for example_external_task_marker_parent to None, run_after=None
[2025-02-04T16:27:38.886+0000] {processor.py:208} INFO - Processing /home/airflow/.local/lib/python3.9/site-packages/airflow/example_dags/example_external_task_marker_dag.py took 0.094 seconds
[2025-02-04T16:28:10.543+0000] {processor.py:186} INFO - Started process (PID=766) to work on /home/airflow/.local/lib/python3.9/site-packages/airflow/example_dags/example_external_task_marker_dag.py
[2025-02-04T16:28:10.544+0000] {processor.py:914} INFO - Processing file /home/airflow/.local/lib/python3.9/site-packages/airflow/example_dags/example_external_task_marker_dag.py for tasks to queue
[2025-02-04T16:28:10.547+0000] {logging_mixin.py:190} INFO - [2025-02-04T16:28:10.547+0000] {dagbag.py:588} INFO - Filling up the DagBag from /home/airflow/.local/lib/python3.9/site-packages/airflow/example_dags/example_external_task_marker_dag.py
[2025-02-04T16:28:10.555+0000] {processor.py:925} INFO - DAG(s) 'example_external_task_marker_child', 'example_external_task_marker_parent' retrieved from /home/airflow/.local/lib/python3.9/site-packages/airflow/example_dags/example_external_task_marker_dag.py
[2025-02-04T16:28:10.586+0000] {logging_mixin.py:190} INFO - [2025-02-04T16:28:10.585+0000] {dag.py:3239} INFO - Sync 2 DAGs
[2025-02-04T16:28:10.605+0000] {logging_mixin.py:190} INFO - [2025-02-04T16:28:10.605+0000] {dag.py:4180} INFO - Setting next_dagrun for example_external_task_marker_child to None, run_after=None
[2025-02-04T16:28:10.610+0000] {logging_mixin.py:190} INFO - [2025-02-04T16:28:10.610+0000] {dag.py:4180} INFO - Setting next_dagrun for example_external_task_marker_parent to None, run_after=None
[2025-02-04T16:28:10.636+0000] {processor.py:208} INFO - Processing /home/airflow/.local/lib/python3.9/site-packages/airflow/example_dags/example_external_task_marker_dag.py took 0.100 seconds
[2025-02-04T16:28:40.767+0000] {processor.py:186} INFO - Started process (PID=830) to work on /home/airflow/.local/lib/python3.9/site-packages/airflow/example_dags/example_external_task_marker_dag.py
[2025-02-04T16:28:40.768+0000] {processor.py:914} INFO - Processing file /home/airflow/.local/lib/python3.9/site-packages/airflow/example_dags/example_external_task_marker_dag.py for tasks to queue
[2025-02-04T16:28:40.771+0000] {logging_mixin.py:190} INFO - [2025-02-04T16:28:40.771+0000] {dagbag.py:588} INFO - Filling up the DagBag from /home/airflow/.local/lib/python3.9/site-packages/airflow/example_dags/example_external_task_marker_dag.py
[2025-02-04T16:28:40.780+0000] {processor.py:925} INFO - DAG(s) 'example_external_task_marker_child', 'example_external_task_marker_parent' retrieved from /home/airflow/.local/lib/python3.9/site-packages/airflow/example_dags/example_external_task_marker_dag.py
[2025-02-04T16:28:40.808+0000] {logging_mixin.py:190} INFO - [2025-02-04T16:28:40.808+0000] {dag.py:3239} INFO - Sync 2 DAGs
[2025-02-04T16:28:40.825+0000] {logging_mixin.py:190} INFO - [2025-02-04T16:28:40.825+0000] {dag.py:4180} INFO - Setting next_dagrun for example_external_task_marker_child to None, run_after=None
[2025-02-04T16:28:40.831+0000] {logging_mixin.py:190} INFO - [2025-02-04T16:28:40.831+0000] {dag.py:4180} INFO - Setting next_dagrun for example_external_task_marker_parent to None, run_after=None
[2025-02-04T16:28:40.857+0000] {processor.py:208} INFO - Processing /home/airflow/.local/lib/python3.9/site-packages/airflow/example_dags/example_external_task_marker_dag.py took 0.096 seconds
[2025-02-04T16:29:10.983+0000] {processor.py:186} INFO - Started process (PID=893) to work on /home/airflow/.local/lib/python3.9/site-packages/airflow/example_dags/example_external_task_marker_dag.py
[2025-02-04T16:29:10.985+0000] {processor.py:914} INFO - Processing file /home/airflow/.local/lib/python3.9/site-packages/airflow/example_dags/example_external_task_marker_dag.py for tasks to queue
[2025-02-04T16:29:10.988+0000] {logging_mixin.py:190} INFO - [2025-02-04T16:29:10.987+0000] {dagbag.py:588} INFO - Filling up the DagBag from /home/airflow/.local/lib/python3.9/site-packages/airflow/example_dags/example_external_task_marker_dag.py
[2025-02-04T16:29:10.999+0000] {processor.py:925} INFO - DAG(s) 'example_external_task_marker_parent', 'example_external_task_marker_child' retrieved from /home/airflow/.local/lib/python3.9/site-packages/airflow/example_dags/example_external_task_marker_dag.py
[2025-02-04T16:29:11.029+0000] {logging_mixin.py:190} INFO - [2025-02-04T16:29:11.028+0000] {dag.py:3239} INFO - Sync 2 DAGs
[2025-02-04T16:29:11.047+0000] {logging_mixin.py:190} INFO - [2025-02-04T16:29:11.047+0000] {dag.py:4180} INFO - Setting next_dagrun for example_external_task_marker_child to None, run_after=None
[2025-02-04T16:29:11.057+0000] {logging_mixin.py:190} INFO - [2025-02-04T16:29:11.057+0000] {dag.py:4180} INFO - Setting next_dagrun for example_external_task_marker_parent to None, run_after=None
[2025-02-04T16:29:11.100+0000] {processor.py:208} INFO - Processing /home/airflow/.local/lib/python3.9/site-packages/airflow/example_dags/example_external_task_marker_dag.py took 0.124 seconds
[2025-02-04T16:29:41.347+0000] {processor.py:186} INFO - Started process (PID=957) to work on /home/airflow/.local/lib/python3.9/site-packages/airflow/example_dags/example_external_task_marker_dag.py
[2025-02-04T16:29:41.348+0000] {processor.py:914} INFO - Processing file /home/airflow/.local/lib/python3.9/site-packages/airflow/example_dags/example_external_task_marker_dag.py for tasks to queue
[2025-02-04T16:29:41.351+0000] {logging_mixin.py:190} INFO - [2025-02-04T16:29:41.350+0000] {dagbag.py:588} INFO - Filling up the DagBag from /home/airflow/.local/lib/python3.9/site-packages/airflow/example_dags/example_external_task_marker_dag.py
[2025-02-04T16:29:41.360+0000] {processor.py:925} INFO - DAG(s) 'example_external_task_marker_parent', 'example_external_task_marker_child' retrieved from /home/airflow/.local/lib/python3.9/site-packages/airflow/example_dags/example_external_task_marker_dag.py
[2025-02-04T16:29:41.386+0000] {logging_mixin.py:190} INFO - [2025-02-04T16:29:41.386+0000] {dag.py:3239} INFO - Sync 2 DAGs
[2025-02-04T16:29:41.403+0000] {logging_mixin.py:190} INFO - [2025-02-04T16:29:41.403+0000] {dag.py:4180} INFO - Setting next_dagrun for example_external_task_marker_child to None, run_after=None
[2025-02-04T16:29:41.408+0000] {logging_mixin.py:190} INFO - [2025-02-04T16:29:41.407+0000] {dag.py:4180} INFO - Setting next_dagrun for example_external_task_marker_parent to None, run_after=None
[2025-02-04T16:29:41.432+0000] {processor.py:208} INFO - Processing /home/airflow/.local/lib/python3.9/site-packages/airflow/example_dags/example_external_task_marker_dag.py took 0.094 seconds
[2025-02-04T16:30:11.504+0000] {processor.py:186} INFO - Started process (PID=1020) to work on /home/airflow/.local/lib/python3.9/site-packages/airflow/example_dags/example_external_task_marker_dag.py
[2025-02-04T16:30:11.505+0000] {processor.py:914} INFO - Processing file /home/airflow/.local/lib/python3.9/site-packages/airflow/example_dags/example_external_task_marker_dag.py for tasks to queue
[2025-02-04T16:30:11.508+0000] {logging_mixin.py:190} INFO - [2025-02-04T16:30:11.508+0000] {dagbag.py:588} INFO - Filling up the DagBag from /home/airflow/.local/lib/python3.9/site-packages/airflow/example_dags/example_external_task_marker_dag.py
[2025-02-04T16:30:11.520+0000] {processor.py:925} INFO - DAG(s) 'example_external_task_marker_parent', 'example_external_task_marker_child' retrieved from /home/airflow/.local/lib/python3.9/site-packages/airflow/example_dags/example_external_task_marker_dag.py
[2025-02-04T16:30:11.548+0000] {logging_mixin.py:190} INFO - [2025-02-04T16:30:11.548+0000] {dag.py:3239} INFO - Sync 2 DAGs
[2025-02-04T16:30:11.563+0000] {logging_mixin.py:190} INFO - [2025-02-04T16:30:11.563+0000] {dag.py:4180} INFO - Setting next_dagrun for example_external_task_marker_child to None, run_after=None
[2025-02-04T16:30:11.569+0000] {logging_mixin.py:190} INFO - [2025-02-04T16:30:11.569+0000] {dag.py:4180} INFO - Setting next_dagrun for example_external_task_marker_parent to None, run_after=None
[2025-02-04T16:30:11.596+0000] {processor.py:208} INFO - Processing /home/airflow/.local/lib/python3.9/site-packages/airflow/example_dags/example_external_task_marker_dag.py took 0.100 seconds
[2025-02-04T16:30:41.834+0000] {processor.py:186} INFO - Started process (PID=1082) to work on /home/airflow/.local/lib/python3.9/site-packages/airflow/example_dags/example_external_task_marker_dag.py
[2025-02-04T16:30:41.835+0000] {processor.py:914} INFO - Processing file /home/airflow/.local/lib/python3.9/site-packages/airflow/example_dags/example_external_task_marker_dag.py for tasks to queue
[2025-02-04T16:30:41.838+0000] {logging_mixin.py:190} INFO - [2025-02-04T16:30:41.838+0000] {dagbag.py:588} INFO - Filling up the DagBag from /home/airflow/.local/lib/python3.9/site-packages/airflow/example_dags/example_external_task_marker_dag.py
[2025-02-04T16:30:41.849+0000] {processor.py:925} INFO - DAG(s) 'example_external_task_marker_child', 'example_external_task_marker_parent' retrieved from /home/airflow/.local/lib/python3.9/site-packages/airflow/example_dags/example_external_task_marker_dag.py
[2025-02-04T16:30:41.878+0000] {logging_mixin.py:190} INFO - [2025-02-04T16:30:41.878+0000] {dag.py:3239} INFO - Sync 2 DAGs
[2025-02-04T16:30:41.897+0000] {logging_mixin.py:190} INFO - [2025-02-04T16:30:41.897+0000] {dag.py:4180} INFO - Setting next_dagrun for example_external_task_marker_child to None, run_after=None
[2025-02-04T16:30:41.902+0000] {logging_mixin.py:190} INFO - [2025-02-04T16:30:41.902+0000] {dag.py:4180} INFO - Setting next_dagrun for example_external_task_marker_parent to None, run_after=None
[2025-02-04T16:30:41.932+0000] {processor.py:208} INFO - Processing /home/airflow/.local/lib/python3.9/site-packages/airflow/example_dags/example_external_task_marker_dag.py took 0.107 seconds
[2025-02-04T16:31:12.713+0000] {processor.py:186} INFO - Started process (PID=1145) to work on /home/airflow/.local/lib/python3.9/site-packages/airflow/example_dags/example_external_task_marker_dag.py
[2025-02-04T16:31:12.715+0000] {processor.py:914} INFO - Processing file /home/airflow/.local/lib/python3.9/site-packages/airflow/example_dags/example_external_task_marker_dag.py for tasks to queue
[2025-02-04T16:31:12.719+0000] {logging_mixin.py:190} INFO - [2025-02-04T16:31:12.719+0000] {dagbag.py:588} INFO - Filling up the DagBag from /home/airflow/.local/lib/python3.9/site-packages/airflow/example_dags/example_external_task_marker_dag.py
[2025-02-04T16:31:12.729+0000] {processor.py:925} INFO - DAG(s) 'example_external_task_marker_child', 'example_external_task_marker_parent' retrieved from /home/airflow/.local/lib/python3.9/site-packages/airflow/example_dags/example_external_task_marker_dag.py
[2025-02-04T16:31:12.762+0000] {logging_mixin.py:190} INFO - [2025-02-04T16:31:12.762+0000] {dag.py:3239} INFO - Sync 2 DAGs
[2025-02-04T16:31:12.780+0000] {logging_mixin.py:190} INFO - [2025-02-04T16:31:12.780+0000] {dag.py:4180} INFO - Setting next_dagrun for example_external_task_marker_child to None, run_after=None
[2025-02-04T16:31:12.786+0000] {logging_mixin.py:190} INFO - [2025-02-04T16:31:12.786+0000] {dag.py:4180} INFO - Setting next_dagrun for example_external_task_marker_parent to None, run_after=None
[2025-02-04T16:31:12.817+0000] {processor.py:208} INFO - Processing /home/airflow/.local/lib/python3.9/site-packages/airflow/example_dags/example_external_task_marker_dag.py took 0.111 seconds
[2025-02-04T16:31:43.728+0000] {processor.py:186} INFO - Started process (PID=1216) to work on /home/airflow/.local/lib/python3.9/site-packages/airflow/example_dags/example_external_task_marker_dag.py
[2025-02-04T16:31:43.730+0000] {processor.py:914} INFO - Processing file /home/airflow/.local/lib/python3.9/site-packages/airflow/example_dags/example_external_task_marker_dag.py for tasks to queue
[2025-02-04T16:31:43.734+0000] {logging_mixin.py:190} INFO - [2025-02-04T16:31:43.733+0000] {dagbag.py:588} INFO - Filling up the DagBag from /home/airflow/.local/lib/python3.9/site-packages/airflow/example_dags/example_external_task_marker_dag.py
[2025-02-04T16:31:43.744+0000] {processor.py:925} INFO - DAG(s) 'example_external_task_marker_parent', 'example_external_task_marker_child' retrieved from /home/airflow/.local/lib/python3.9/site-packages/airflow/example_dags/example_external_task_marker_dag.py
[2025-02-04T16:31:43.776+0000] {logging_mixin.py:190} INFO - [2025-02-04T16:31:43.775+0000] {dag.py:3239} INFO - Sync 2 DAGs
[2025-02-04T16:31:43.795+0000] {logging_mixin.py:190} INFO - [2025-02-04T16:31:43.795+0000] {dag.py:4180} INFO - Setting next_dagrun for example_external_task_marker_child to None, run_after=None
[2025-02-04T16:31:43.800+0000] {logging_mixin.py:190} INFO - [2025-02-04T16:31:43.800+0000] {dag.py:4180} INFO - Setting next_dagrun for example_external_task_marker_parent to None, run_after=None
[2025-02-04T16:31:43.824+0000] {processor.py:208} INFO - Processing /home/airflow/.local/lib/python3.9/site-packages/airflow/example_dags/example_external_task_marker_dag.py took 0.106 seconds
[2025-02-04T16:32:13.960+0000] {processor.py:186} INFO - Started process (PID=1280) to work on /home/airflow/.local/lib/python3.9/site-packages/airflow/example_dags/example_external_task_marker_dag.py
[2025-02-04T16:32:13.961+0000] {processor.py:914} INFO - Processing file /home/airflow/.local/lib/python3.9/site-packages/airflow/example_dags/example_external_task_marker_dag.py for tasks to queue
[2025-02-04T16:32:13.964+0000] {logging_mixin.py:190} INFO - [2025-02-04T16:32:13.964+0000] {dagbag.py:588} INFO - Filling up the DagBag from /home/airflow/.local/lib/python3.9/site-packages/airflow/example_dags/example_external_task_marker_dag.py
[2025-02-04T16:32:13.979+0000] {processor.py:925} INFO - DAG(s) 'example_external_task_marker_parent', 'example_external_task_marker_child' retrieved from /home/airflow/.local/lib/python3.9/site-packages/airflow/example_dags/example_external_task_marker_dag.py
[2025-02-04T16:32:14.008+0000] {logging_mixin.py:190} INFO - [2025-02-04T16:32:14.008+0000] {dag.py:3239} INFO - Sync 2 DAGs
[2025-02-04T16:32:14.029+0000] {logging_mixin.py:190} INFO - [2025-02-04T16:32:14.028+0000] {dag.py:4180} INFO - Setting next_dagrun for example_external_task_marker_child to None, run_after=None
[2025-02-04T16:32:14.035+0000] {logging_mixin.py:190} INFO - [2025-02-04T16:32:14.035+0000] {dag.py:4180} INFO - Setting next_dagrun for example_external_task_marker_parent to None, run_after=None
[2025-02-04T16:32:14.069+0000] {processor.py:208} INFO - Processing /home/airflow/.local/lib/python3.9/site-packages/airflow/example_dags/example_external_task_marker_dag.py took 0.120 seconds
[2025-02-04T16:32:44.300+0000] {processor.py:186} INFO - Started process (PID=1344) to work on /home/airflow/.local/lib/python3.9/site-packages/airflow/example_dags/example_external_task_marker_dag.py
[2025-02-04T16:32:44.302+0000] {processor.py:914} INFO - Processing file /home/airflow/.local/lib/python3.9/site-packages/airflow/example_dags/example_external_task_marker_dag.py for tasks to queue
[2025-02-04T16:32:44.307+0000] {logging_mixin.py:190} INFO - [2025-02-04T16:32:44.306+0000] {dagbag.py:588} INFO - Filling up the DagBag from /home/airflow/.local/lib/python3.9/site-packages/airflow/example_dags/example_external_task_marker_dag.py
[2025-02-04T16:32:44.318+0000] {processor.py:925} INFO - DAG(s) 'example_external_task_marker_child', 'example_external_task_marker_parent' retrieved from /home/airflow/.local/lib/python3.9/site-packages/airflow/example_dags/example_external_task_marker_dag.py
[2025-02-04T16:32:44.350+0000] {logging_mixin.py:190} INFO - [2025-02-04T16:32:44.350+0000] {dag.py:3239} INFO - Sync 2 DAGs
[2025-02-04T16:32:44.367+0000] {logging_mixin.py:190} INFO - [2025-02-04T16:32:44.367+0000] {dag.py:4180} INFO - Setting next_dagrun for example_external_task_marker_child to None, run_after=None
[2025-02-04T16:32:44.372+0000] {logging_mixin.py:190} INFO - [2025-02-04T16:32:44.372+0000] {dag.py:4180} INFO - Setting next_dagrun for example_external_task_marker_parent to None, run_after=None
[2025-02-04T16:32:44.405+0000] {processor.py:208} INFO - Processing /home/airflow/.local/lib/python3.9/site-packages/airflow/example_dags/example_external_task_marker_dag.py took 0.113 seconds
[2025-02-04T16:33:15.252+0000] {processor.py:186} INFO - Started process (PID=1410) to work on /home/airflow/.local/lib/python3.9/site-packages/airflow/example_dags/example_external_task_marker_dag.py
[2025-02-04T16:33:15.253+0000] {processor.py:914} INFO - Processing file /home/airflow/.local/lib/python3.9/site-packages/airflow/example_dags/example_external_task_marker_dag.py for tasks to queue
[2025-02-04T16:33:15.256+0000] {logging_mixin.py:190} INFO - [2025-02-04T16:33:15.256+0000] {dagbag.py:588} INFO - Filling up the DagBag from /home/airflow/.local/lib/python3.9/site-packages/airflow/example_dags/example_external_task_marker_dag.py
[2025-02-04T16:33:15.266+0000] {processor.py:925} INFO - DAG(s) 'example_external_task_marker_parent', 'example_external_task_marker_child' retrieved from /home/airflow/.local/lib/python3.9/site-packages/airflow/example_dags/example_external_task_marker_dag.py
[2025-02-04T16:33:15.292+0000] {logging_mixin.py:190} INFO - [2025-02-04T16:33:15.292+0000] {dag.py:3239} INFO - Sync 2 DAGs
[2025-02-04T16:33:15.309+0000] {logging_mixin.py:190} INFO - [2025-02-04T16:33:15.309+0000] {dag.py:4180} INFO - Setting next_dagrun for example_external_task_marker_child to None, run_after=None
[2025-02-04T16:33:15.315+0000] {logging_mixin.py:190} INFO - [2025-02-04T16:33:15.315+0000] {dag.py:4180} INFO - Setting next_dagrun for example_external_task_marker_parent to None, run_after=None
[2025-02-04T16:33:15.342+0000] {processor.py:208} INFO - Processing /home/airflow/.local/lib/python3.9/site-packages/airflow/example_dags/example_external_task_marker_dag.py took 0.097 seconds
[2025-02-04T16:33:46.045+0000] {processor.py:186} INFO - Started process (PID=1474) to work on /home/airflow/.local/lib/python3.9/site-packages/airflow/example_dags/example_external_task_marker_dag.py
[2025-02-04T16:33:46.046+0000] {processor.py:914} INFO - Processing file /home/airflow/.local/lib/python3.9/site-packages/airflow/example_dags/example_external_task_marker_dag.py for tasks to queue
[2025-02-04T16:33:46.050+0000] {logging_mixin.py:190} INFO - [2025-02-04T16:33:46.049+0000] {dagbag.py:588} INFO - Filling up the DagBag from /home/airflow/.local/lib/python3.9/site-packages/airflow/example_dags/example_external_task_marker_dag.py
[2025-02-04T16:33:46.063+0000] {processor.py:925} INFO - DAG(s) 'example_external_task_marker_child', 'example_external_task_marker_parent' retrieved from /home/airflow/.local/lib/python3.9/site-packages/airflow/example_dags/example_external_task_marker_dag.py
[2025-02-04T16:33:46.097+0000] {logging_mixin.py:190} INFO - [2025-02-04T16:33:46.097+0000] {dag.py:3239} INFO - Sync 2 DAGs
[2025-02-04T16:33:46.115+0000] {logging_mixin.py:190} INFO - [2025-02-04T16:33:46.115+0000] {dag.py:4180} INFO - Setting next_dagrun for example_external_task_marker_child to None, run_after=None
[2025-02-04T16:33:46.119+0000] {logging_mixin.py:190} INFO - [2025-02-04T16:33:46.119+0000] {dag.py:4180} INFO - Setting next_dagrun for example_external_task_marker_parent to None, run_after=None
[2025-02-04T16:33:46.144+0000] {processor.py:208} INFO - Processing /home/airflow/.local/lib/python3.9/site-packages/airflow/example_dags/example_external_task_marker_dag.py took 0.109 seconds
[2025-02-04T16:34:16.952+0000] {processor.py:186} INFO - Started process (PID=1539) to work on /home/airflow/.local/lib/python3.9/site-packages/airflow/example_dags/example_external_task_marker_dag.py
[2025-02-04T16:34:16.953+0000] {processor.py:914} INFO - Processing file /home/airflow/.local/lib/python3.9/site-packages/airflow/example_dags/example_external_task_marker_dag.py for tasks to queue
[2025-02-04T16:34:16.956+0000] {logging_mixin.py:190} INFO - [2025-02-04T16:34:16.956+0000] {dagbag.py:588} INFO - Filling up the DagBag from /home/airflow/.local/lib/python3.9/site-packages/airflow/example_dags/example_external_task_marker_dag.py
[2025-02-04T16:34:16.965+0000] {processor.py:925} INFO - DAG(s) 'example_external_task_marker_child', 'example_external_task_marker_parent' retrieved from /home/airflow/.local/lib/python3.9/site-packages/airflow/example_dags/example_external_task_marker_dag.py
[2025-02-04T16:34:16.991+0000] {logging_mixin.py:190} INFO - [2025-02-04T16:34:16.991+0000] {dag.py:3239} INFO - Sync 2 DAGs
[2025-02-04T16:34:17.007+0000] {logging_mixin.py:190} INFO - [2025-02-04T16:34:17.007+0000] {dag.py:4180} INFO - Setting next_dagrun for example_external_task_marker_child to None, run_after=None
[2025-02-04T16:34:17.012+0000] {logging_mixin.py:190} INFO - [2025-02-04T16:34:17.012+0000] {dag.py:4180} INFO - Setting next_dagrun for example_external_task_marker_parent to None, run_after=None
[2025-02-04T16:34:17.036+0000] {processor.py:208} INFO - Processing /home/airflow/.local/lib/python3.9/site-packages/airflow/example_dags/example_external_task_marker_dag.py took 0.091 seconds
[2025-02-04T16:34:49.066+0000] {processor.py:186} INFO - Started process (PID=1602) to work on /home/airflow/.local/lib/python3.9/site-packages/airflow/example_dags/example_external_task_marker_dag.py
[2025-02-04T16:34:49.240+0000] {processor.py:914} INFO - Processing file /home/airflow/.local/lib/python3.9/site-packages/airflow/example_dags/example_external_task_marker_dag.py for tasks to queue
[2025-02-04T16:34:49.243+0000] {logging_mixin.py:190} INFO - [2025-02-04T16:34:49.243+0000] {dagbag.py:588} INFO - Filling up the DagBag from /home/airflow/.local/lib/python3.9/site-packages/airflow/example_dags/example_external_task_marker_dag.py
[2025-02-04T16:34:49.253+0000] {processor.py:925} INFO - DAG(s) 'example_external_task_marker_child', 'example_external_task_marker_parent' retrieved from /home/airflow/.local/lib/python3.9/site-packages/airflow/example_dags/example_external_task_marker_dag.py
[2025-02-04T16:34:49.280+0000] {logging_mixin.py:190} INFO - [2025-02-04T16:34:49.280+0000] {dag.py:3239} INFO - Sync 2 DAGs
[2025-02-04T16:34:49.297+0000] {logging_mixin.py:190} INFO - [2025-02-04T16:34:49.297+0000] {dag.py:4180} INFO - Setting next_dagrun for example_external_task_marker_child to None, run_after=None
[2025-02-04T16:34:49.302+0000] {logging_mixin.py:190} INFO - [2025-02-04T16:34:49.302+0000] {dag.py:4180} INFO - Setting next_dagrun for example_external_task_marker_parent to None, run_after=None
[2025-02-04T16:34:49.326+0000] {processor.py:208} INFO - Processing /home/airflow/.local/lib/python3.9/site-packages/airflow/example_dags/example_external_task_marker_dag.py took 0.266 seconds
[2025-02-04T16:35:19.440+0000] {processor.py:186} INFO - Started process (PID=1666) to work on /home/airflow/.local/lib/python3.9/site-packages/airflow/example_dags/example_external_task_marker_dag.py
[2025-02-04T16:35:19.441+0000] {processor.py:914} INFO - Processing file /home/airflow/.local/lib/python3.9/site-packages/airflow/example_dags/example_external_task_marker_dag.py for tasks to queue
[2025-02-04T16:35:19.444+0000] {logging_mixin.py:190} INFO - [2025-02-04T16:35:19.443+0000] {dagbag.py:588} INFO - Filling up the DagBag from /home/airflow/.local/lib/python3.9/site-packages/airflow/example_dags/example_external_task_marker_dag.py
[2025-02-04T16:35:19.452+0000] {processor.py:925} INFO - DAG(s) 'example_external_task_marker_child', 'example_external_task_marker_parent' retrieved from /home/airflow/.local/lib/python3.9/site-packages/airflow/example_dags/example_external_task_marker_dag.py
[2025-02-04T16:35:19.477+0000] {logging_mixin.py:190} INFO - [2025-02-04T16:35:19.477+0000] {dag.py:3239} INFO - Sync 2 DAGs
[2025-02-04T16:35:19.492+0000] {logging_mixin.py:190} INFO - [2025-02-04T16:35:19.492+0000] {dag.py:4180} INFO - Setting next_dagrun for example_external_task_marker_child to None, run_after=None
[2025-02-04T16:35:19.496+0000] {logging_mixin.py:190} INFO - [2025-02-04T16:35:19.496+0000] {dag.py:4180} INFO - Setting next_dagrun for example_external_task_marker_parent to None, run_after=None
[2025-02-04T16:35:19.521+0000] {processor.py:208} INFO - Processing /home/airflow/.local/lib/python3.9/site-packages/airflow/example_dags/example_external_task_marker_dag.py took 0.088 seconds
[2025-02-04T16:35:50.411+0000] {processor.py:186} INFO - Started process (PID=1730) to work on /home/airflow/.local/lib/python3.9/site-packages/airflow/example_dags/example_external_task_marker_dag.py
[2025-02-04T16:35:50.413+0000] {processor.py:914} INFO - Processing file /home/airflow/.local/lib/python3.9/site-packages/airflow/example_dags/example_external_task_marker_dag.py for tasks to queue
[2025-02-04T16:35:50.415+0000] {logging_mixin.py:190} INFO - [2025-02-04T16:35:50.415+0000] {dagbag.py:588} INFO - Filling up the DagBag from /home/airflow/.local/lib/python3.9/site-packages/airflow/example_dags/example_external_task_marker_dag.py
[2025-02-04T16:35:50.424+0000] {processor.py:925} INFO - DAG(s) 'example_external_task_marker_parent', 'example_external_task_marker_child' retrieved from /home/airflow/.local/lib/python3.9/site-packages/airflow/example_dags/example_external_task_marker_dag.py
[2025-02-04T16:35:50.451+0000] {logging_mixin.py:190} INFO - [2025-02-04T16:35:50.451+0000] {dag.py:3239} INFO - Sync 2 DAGs
[2025-02-04T16:35:50.466+0000] {logging_mixin.py:190} INFO - [2025-02-04T16:35:50.466+0000] {dag.py:4180} INFO - Setting next_dagrun for example_external_task_marker_child to None, run_after=None
[2025-02-04T16:35:50.471+0000] {logging_mixin.py:190} INFO - [2025-02-04T16:35:50.471+0000] {dag.py:4180} INFO - Setting next_dagrun for example_external_task_marker_parent to None, run_after=None
[2025-02-04T16:35:50.497+0000] {processor.py:208} INFO - Processing /home/airflow/.local/lib/python3.9/site-packages/airflow/example_dags/example_external_task_marker_dag.py took 0.093 seconds
[2025-02-04T16:36:20.748+0000] {processor.py:186} INFO - Started process (PID=1795) to work on /home/airflow/.local/lib/python3.9/site-packages/airflow/example_dags/example_external_task_marker_dag.py
[2025-02-04T16:36:20.749+0000] {processor.py:914} INFO - Processing file /home/airflow/.local/lib/python3.9/site-packages/airflow/example_dags/example_external_task_marker_dag.py for tasks to queue
[2025-02-04T16:36:20.752+0000] {logging_mixin.py:190} INFO - [2025-02-04T16:36:20.752+0000] {dagbag.py:588} INFO - Filling up the DagBag from /home/airflow/.local/lib/python3.9/site-packages/airflow/example_dags/example_external_task_marker_dag.py
[2025-02-04T16:36:20.761+0000] {processor.py:925} INFO - DAG(s) 'example_external_task_marker_parent', 'example_external_task_marker_child' retrieved from /home/airflow/.local/lib/python3.9/site-packages/airflow/example_dags/example_external_task_marker_dag.py
[2025-02-04T16:36:20.785+0000] {logging_mixin.py:190} INFO - [2025-02-04T16:36:20.784+0000] {dag.py:3239} INFO - Sync 2 DAGs
[2025-02-04T16:36:20.798+0000] {logging_mixin.py:190} INFO - [2025-02-04T16:36:20.798+0000] {dag.py:4180} INFO - Setting next_dagrun for example_external_task_marker_child to None, run_after=None
[2025-02-04T16:36:20.802+0000] {logging_mixin.py:190} INFO - [2025-02-04T16:36:20.802+0000] {dag.py:4180} INFO - Setting next_dagrun for example_external_task_marker_parent to None, run_after=None
[2025-02-04T16:36:20.827+0000] {processor.py:208} INFO - Processing /home/airflow/.local/lib/python3.9/site-packages/airflow/example_dags/example_external_task_marker_dag.py took 0.085 seconds
[2025-02-04T16:36:52.269+0000] {processor.py:186} INFO - Started process (PID=1859) to work on /home/airflow/.local/lib/python3.9/site-packages/airflow/example_dags/example_external_task_marker_dag.py
[2025-02-04T16:36:52.270+0000] {processor.py:914} INFO - Processing file /home/airflow/.local/lib/python3.9/site-packages/airflow/example_dags/example_external_task_marker_dag.py for tasks to queue
[2025-02-04T16:36:52.274+0000] {logging_mixin.py:190} INFO - [2025-02-04T16:36:52.273+0000] {dagbag.py:588} INFO - Filling up the DagBag from /home/airflow/.local/lib/python3.9/site-packages/airflow/example_dags/example_external_task_marker_dag.py
[2025-02-04T16:36:52.282+0000] {processor.py:925} INFO - DAG(s) 'example_external_task_marker_child', 'example_external_task_marker_parent' retrieved from /home/airflow/.local/lib/python3.9/site-packages/airflow/example_dags/example_external_task_marker_dag.py
[2025-02-04T16:36:52.307+0000] {logging_mixin.py:190} INFO - [2025-02-04T16:36:52.307+0000] {dag.py:3239} INFO - Sync 2 DAGs
[2025-02-04T16:36:52.322+0000] {logging_mixin.py:190} INFO - [2025-02-04T16:36:52.321+0000] {dag.py:4180} INFO - Setting next_dagrun for example_external_task_marker_child to None, run_after=None
[2025-02-04T16:36:52.327+0000] {logging_mixin.py:190} INFO - [2025-02-04T16:36:52.327+0000] {dag.py:4180} INFO - Setting next_dagrun for example_external_task_marker_parent to None, run_after=None
[2025-02-04T16:36:52.352+0000] {processor.py:208} INFO - Processing /home/airflow/.local/lib/python3.9/site-packages/airflow/example_dags/example_external_task_marker_dag.py took 0.089 seconds
[2025-02-04T16:39:25.716+0000] {processor.py:186} INFO - Started process (PID=1912) to work on /home/airflow/.local/lib/python3.9/site-packages/airflow/example_dags/example_external_task_marker_dag.py
[2025-02-04T16:39:25.717+0000] {processor.py:914} INFO - Processing file /home/airflow/.local/lib/python3.9/site-packages/airflow/example_dags/example_external_task_marker_dag.py for tasks to queue
[2025-02-04T16:39:25.719+0000] {logging_mixin.py:190} INFO - [2025-02-04T16:39:25.719+0000] {dagbag.py:588} INFO - Filling up the DagBag from /home/airflow/.local/lib/python3.9/site-packages/airflow/example_dags/example_external_task_marker_dag.py
[2025-02-04T16:39:25.732+0000] {processor.py:925} INFO - DAG(s) 'example_external_task_marker_child', 'example_external_task_marker_parent' retrieved from /home/airflow/.local/lib/python3.9/site-packages/airflow/example_dags/example_external_task_marker_dag.py
[2025-02-04T16:39:25.762+0000] {logging_mixin.py:190} INFO - [2025-02-04T16:39:25.762+0000] {dag.py:3239} INFO - Sync 2 DAGs
[2025-02-04T16:39:25.784+0000] {logging_mixin.py:190} INFO - [2025-02-04T16:39:25.784+0000] {dag.py:4180} INFO - Setting next_dagrun for example_external_task_marker_child to None, run_after=None
[2025-02-04T16:39:25.790+0000] {logging_mixin.py:190} INFO - [2025-02-04T16:39:25.790+0000] {dag.py:4180} INFO - Setting next_dagrun for example_external_task_marker_parent to None, run_after=None
[2025-02-04T16:39:25.813+0000] {processor.py:208} INFO - Processing /home/airflow/.local/lib/python3.9/site-packages/airflow/example_dags/example_external_task_marker_dag.py took 0.105 seconds
[2025-02-04T16:39:56.616+0000] {processor.py:186} INFO - Started process (PID=1975) to work on /home/airflow/.local/lib/python3.9/site-packages/airflow/example_dags/example_external_task_marker_dag.py
[2025-02-04T16:39:56.618+0000] {processor.py:914} INFO - Processing file /home/airflow/.local/lib/python3.9/site-packages/airflow/example_dags/example_external_task_marker_dag.py for tasks to queue
[2025-02-04T16:39:56.619+0000] {logging_mixin.py:190} INFO - [2025-02-04T16:39:56.619+0000] {dagbag.py:588} INFO - Filling up the DagBag from /home/airflow/.local/lib/python3.9/site-packages/airflow/example_dags/example_external_task_marker_dag.py
[2025-02-04T16:39:56.628+0000] {processor.py:925} INFO - DAG(s) 'example_external_task_marker_child', 'example_external_task_marker_parent' retrieved from /home/airflow/.local/lib/python3.9/site-packages/airflow/example_dags/example_external_task_marker_dag.py
[2025-02-04T16:39:56.649+0000] {logging_mixin.py:190} INFO - [2025-02-04T16:39:56.648+0000] {dag.py:3239} INFO - Sync 2 DAGs
[2025-02-04T16:39:56.663+0000] {logging_mixin.py:190} INFO - [2025-02-04T16:39:56.663+0000] {dag.py:4180} INFO - Setting next_dagrun for example_external_task_marker_child to None, run_after=None
[2025-02-04T16:39:56.668+0000] {logging_mixin.py:190} INFO - [2025-02-04T16:39:56.667+0000] {dag.py:4180} INFO - Setting next_dagrun for example_external_task_marker_parent to None, run_after=None
[2025-02-04T16:39:56.693+0000] {processor.py:208} INFO - Processing /home/airflow/.local/lib/python3.9/site-packages/airflow/example_dags/example_external_task_marker_dag.py took 0.084 seconds
[2025-02-04T16:40:27.759+0000] {processor.py:186} INFO - Started process (PID=2040) to work on /home/airflow/.local/lib/python3.9/site-packages/airflow/example_dags/example_external_task_marker_dag.py
[2025-02-04T16:40:27.760+0000] {processor.py:914} INFO - Processing file /home/airflow/.local/lib/python3.9/site-packages/airflow/example_dags/example_external_task_marker_dag.py for tasks to queue
[2025-02-04T16:40:27.762+0000] {logging_mixin.py:190} INFO - [2025-02-04T16:40:27.762+0000] {dagbag.py:588} INFO - Filling up the DagBag from /home/airflow/.local/lib/python3.9/site-packages/airflow/example_dags/example_external_task_marker_dag.py
[2025-02-04T16:40:27.773+0000] {processor.py:925} INFO - DAG(s) 'example_external_task_marker_child', 'example_external_task_marker_parent' retrieved from /home/airflow/.local/lib/python3.9/site-packages/airflow/example_dags/example_external_task_marker_dag.py
[2025-02-04T16:40:27.803+0000] {logging_mixin.py:190} INFO - [2025-02-04T16:40:27.803+0000] {dag.py:3239} INFO - Sync 2 DAGs
[2025-02-04T16:40:27.820+0000] {logging_mixin.py:190} INFO - [2025-02-04T16:40:27.820+0000] {dag.py:4180} INFO - Setting next_dagrun for example_external_task_marker_child to None, run_after=None
[2025-02-04T16:40:27.826+0000] {logging_mixin.py:190} INFO - [2025-02-04T16:40:27.825+0000] {dag.py:4180} INFO - Setting next_dagrun for example_external_task_marker_parent to None, run_after=None
[2025-02-04T16:40:27.851+0000] {processor.py:208} INFO - Processing /home/airflow/.local/lib/python3.9/site-packages/airflow/example_dags/example_external_task_marker_dag.py took 0.098 seconds
[2025-02-04T16:40:58.558+0000] {processor.py:186} INFO - Started process (PID=2104) to work on /home/airflow/.local/lib/python3.9/site-packages/airflow/example_dags/example_external_task_marker_dag.py
[2025-02-04T16:40:58.560+0000] {processor.py:914} INFO - Processing file /home/airflow/.local/lib/python3.9/site-packages/airflow/example_dags/example_external_task_marker_dag.py for tasks to queue
[2025-02-04T16:40:58.562+0000] {logging_mixin.py:190} INFO - [2025-02-04T16:40:58.562+0000] {dagbag.py:588} INFO - Filling up the DagBag from /home/airflow/.local/lib/python3.9/site-packages/airflow/example_dags/example_external_task_marker_dag.py
[2025-02-04T16:40:58.572+0000] {processor.py:925} INFO - DAG(s) 'example_external_task_marker_child', 'example_external_task_marker_parent' retrieved from /home/airflow/.local/lib/python3.9/site-packages/airflow/example_dags/example_external_task_marker_dag.py
[2025-02-04T16:40:58.596+0000] {logging_mixin.py:190} INFO - [2025-02-04T16:40:58.596+0000] {dag.py:3239} INFO - Sync 2 DAGs
[2025-02-04T16:40:58.612+0000] {logging_mixin.py:190} INFO - [2025-02-04T16:40:58.611+0000] {dag.py:4180} INFO - Setting next_dagrun for example_external_task_marker_child to None, run_after=None
[2025-02-04T16:40:58.616+0000] {logging_mixin.py:190} INFO - [2025-02-04T16:40:58.616+0000] {dag.py:4180} INFO - Setting next_dagrun for example_external_task_marker_parent to None, run_after=None
[2025-02-04T16:40:58.640+0000] {processor.py:208} INFO - Processing /home/airflow/.local/lib/python3.9/site-packages/airflow/example_dags/example_external_task_marker_dag.py took 0.089 seconds
[2025-02-04T16:41:29.606+0000] {processor.py:186} INFO - Started process (PID=2168) to work on /home/airflow/.local/lib/python3.9/site-packages/airflow/example_dags/example_external_task_marker_dag.py
[2025-02-04T16:41:29.608+0000] {processor.py:914} INFO - Processing file /home/airflow/.local/lib/python3.9/site-packages/airflow/example_dags/example_external_task_marker_dag.py for tasks to queue
[2025-02-04T16:41:29.609+0000] {logging_mixin.py:190} INFO - [2025-02-04T16:41:29.609+0000] {dagbag.py:588} INFO - Filling up the DagBag from /home/airflow/.local/lib/python3.9/site-packages/airflow/example_dags/example_external_task_marker_dag.py
[2025-02-04T16:41:29.618+0000] {processor.py:925} INFO - DAG(s) 'example_external_task_marker_parent', 'example_external_task_marker_child' retrieved from /home/airflow/.local/lib/python3.9/site-packages/airflow/example_dags/example_external_task_marker_dag.py
[2025-02-04T16:41:29.644+0000] {logging_mixin.py:190} INFO - [2025-02-04T16:41:29.644+0000] {dag.py:3239} INFO - Sync 2 DAGs
[2025-02-04T16:41:29.659+0000] {logging_mixin.py:190} INFO - [2025-02-04T16:41:29.659+0000] {dag.py:4180} INFO - Setting next_dagrun for example_external_task_marker_child to None, run_after=None
[2025-02-04T16:41:29.663+0000] {logging_mixin.py:190} INFO - [2025-02-04T16:41:29.663+0000] {dag.py:4180} INFO - Setting next_dagrun for example_external_task_marker_parent to None, run_after=None
[2025-02-04T16:41:29.688+0000] {processor.py:208} INFO - Processing /home/airflow/.local/lib/python3.9/site-packages/airflow/example_dags/example_external_task_marker_dag.py took 0.088 seconds
[2025-02-04T16:41:59.841+0000] {processor.py:186} INFO - Started process (PID=2232) to work on /home/airflow/.local/lib/python3.9/site-packages/airflow/example_dags/example_external_task_marker_dag.py
[2025-02-04T16:41:59.842+0000] {processor.py:914} INFO - Processing file /home/airflow/.local/lib/python3.9/site-packages/airflow/example_dags/example_external_task_marker_dag.py for tasks to queue
[2025-02-04T16:41:59.844+0000] {logging_mixin.py:190} INFO - [2025-02-04T16:41:59.843+0000] {dagbag.py:588} INFO - Filling up the DagBag from /home/airflow/.local/lib/python3.9/site-packages/airflow/example_dags/example_external_task_marker_dag.py
[2025-02-04T16:41:59.852+0000] {processor.py:925} INFO - DAG(s) 'example_external_task_marker_child', 'example_external_task_marker_parent' retrieved from /home/airflow/.local/lib/python3.9/site-packages/airflow/example_dags/example_external_task_marker_dag.py
[2025-02-04T16:41:59.877+0000] {logging_mixin.py:190} INFO - [2025-02-04T16:41:59.877+0000] {dag.py:3239} INFO - Sync 2 DAGs
[2025-02-04T16:41:59.891+0000] {logging_mixin.py:190} INFO - [2025-02-04T16:41:59.891+0000] {dag.py:4180} INFO - Setting next_dagrun for example_external_task_marker_child to None, run_after=None
[2025-02-04T16:41:59.896+0000] {logging_mixin.py:190} INFO - [2025-02-04T16:41:59.895+0000] {dag.py:4180} INFO - Setting next_dagrun for example_external_task_marker_parent to None, run_after=None
[2025-02-04T16:41:59.922+0000] {processor.py:208} INFO - Processing /home/airflow/.local/lib/python3.9/site-packages/airflow/example_dags/example_external_task_marker_dag.py took 0.088 seconds
[2025-02-04T16:42:30.514+0000] {processor.py:186} INFO - Started process (PID=2296) to work on /home/airflow/.local/lib/python3.9/site-packages/airflow/example_dags/example_external_task_marker_dag.py
[2025-02-04T16:42:30.515+0000] {processor.py:914} INFO - Processing file /home/airflow/.local/lib/python3.9/site-packages/airflow/example_dags/example_external_task_marker_dag.py for tasks to queue
[2025-02-04T16:42:30.517+0000] {logging_mixin.py:190} INFO - [2025-02-04T16:42:30.517+0000] {dagbag.py:588} INFO - Filling up the DagBag from /home/airflow/.local/lib/python3.9/site-packages/airflow/example_dags/example_external_task_marker_dag.py
[2025-02-04T16:42:30.528+0000] {processor.py:925} INFO - DAG(s) 'example_external_task_marker_parent', 'example_external_task_marker_child' retrieved from /home/airflow/.local/lib/python3.9/site-packages/airflow/example_dags/example_external_task_marker_dag.py
[2025-02-04T16:42:30.557+0000] {logging_mixin.py:190} INFO - [2025-02-04T16:42:30.557+0000] {dag.py:3239} INFO - Sync 2 DAGs
[2025-02-04T16:42:30.574+0000] {logging_mixin.py:190} INFO - [2025-02-04T16:42:30.574+0000] {dag.py:4180} INFO - Setting next_dagrun for example_external_task_marker_child to None, run_after=None
[2025-02-04T16:42:30.579+0000] {logging_mixin.py:190} INFO - [2025-02-04T16:42:30.578+0000] {dag.py:4180} INFO - Setting next_dagrun for example_external_task_marker_parent to None, run_after=None
[2025-02-04T16:42:30.607+0000] {processor.py:208} INFO - Processing /home/airflow/.local/lib/python3.9/site-packages/airflow/example_dags/example_external_task_marker_dag.py took 0.100 seconds
[2025-02-04T16:43:00.828+0000] {processor.py:186} INFO - Started process (PID=2362) to work on /home/airflow/.local/lib/python3.9/site-packages/airflow/example_dags/example_external_task_marker_dag.py
[2025-02-04T16:43:00.829+0000] {processor.py:914} INFO - Processing file /home/airflow/.local/lib/python3.9/site-packages/airflow/example_dags/example_external_task_marker_dag.py for tasks to queue
[2025-02-04T16:43:00.831+0000] {logging_mixin.py:190} INFO - [2025-02-04T16:43:00.831+0000] {dagbag.py:588} INFO - Filling up the DagBag from /home/airflow/.local/lib/python3.9/site-packages/airflow/example_dags/example_external_task_marker_dag.py
[2025-02-04T16:43:00.840+0000] {processor.py:925} INFO - DAG(s) 'example_external_task_marker_child', 'example_external_task_marker_parent' retrieved from /home/airflow/.local/lib/python3.9/site-packages/airflow/example_dags/example_external_task_marker_dag.py
[2025-02-04T16:43:00.866+0000] {logging_mixin.py:190} INFO - [2025-02-04T16:43:00.866+0000] {dag.py:3239} INFO - Sync 2 DAGs
[2025-02-04T16:43:00.882+0000] {logging_mixin.py:190} INFO - [2025-02-04T16:43:00.882+0000] {dag.py:4180} INFO - Setting next_dagrun for example_external_task_marker_child to None, run_after=None
[2025-02-04T16:43:00.887+0000] {logging_mixin.py:190} INFO - [2025-02-04T16:43:00.887+0000] {dag.py:4180} INFO - Setting next_dagrun for example_external_task_marker_parent to None, run_after=None
[2025-02-04T16:43:00.911+0000] {processor.py:208} INFO - Processing /home/airflow/.local/lib/python3.9/site-packages/airflow/example_dags/example_external_task_marker_dag.py took 0.090 seconds
[2025-02-04T16:43:31.477+0000] {processor.py:186} INFO - Started process (PID=2426) to work on /home/airflow/.local/lib/python3.9/site-packages/airflow/example_dags/example_external_task_marker_dag.py
[2025-02-04T16:43:31.478+0000] {processor.py:914} INFO - Processing file /home/airflow/.local/lib/python3.9/site-packages/airflow/example_dags/example_external_task_marker_dag.py for tasks to queue
[2025-02-04T16:43:31.480+0000] {logging_mixin.py:190} INFO - [2025-02-04T16:43:31.480+0000] {dagbag.py:588} INFO - Filling up the DagBag from /home/airflow/.local/lib/python3.9/site-packages/airflow/example_dags/example_external_task_marker_dag.py
[2025-02-04T16:43:31.489+0000] {processor.py:925} INFO - DAG(s) 'example_external_task_marker_child', 'example_external_task_marker_parent' retrieved from /home/airflow/.local/lib/python3.9/site-packages/airflow/example_dags/example_external_task_marker_dag.py
[2025-02-04T16:43:31.515+0000] {logging_mixin.py:190} INFO - [2025-02-04T16:43:31.515+0000] {dag.py:3239} INFO - Sync 2 DAGs
[2025-02-04T16:43:31.532+0000] {logging_mixin.py:190} INFO - [2025-02-04T16:43:31.532+0000] {dag.py:4180} INFO - Setting next_dagrun for example_external_task_marker_child to None, run_after=None
[2025-02-04T16:43:31.537+0000] {logging_mixin.py:190} INFO - [2025-02-04T16:43:31.537+0000] {dag.py:4180} INFO - Setting next_dagrun for example_external_task_marker_parent to None, run_after=None
[2025-02-04T16:43:31.572+0000] {processor.py:208} INFO - Processing /home/airflow/.local/lib/python3.9/site-packages/airflow/example_dags/example_external_task_marker_dag.py took 0.102 seconds
[2025-02-04T16:44:02.109+0000] {processor.py:186} INFO - Started process (PID=2490) to work on /home/airflow/.local/lib/python3.9/site-packages/airflow/example_dags/example_external_task_marker_dag.py
[2025-02-04T16:44:02.111+0000] {processor.py:914} INFO - Processing file /home/airflow/.local/lib/python3.9/site-packages/airflow/example_dags/example_external_task_marker_dag.py for tasks to queue
[2025-02-04T16:44:02.114+0000] {logging_mixin.py:190} INFO - [2025-02-04T16:44:02.113+0000] {dagbag.py:588} INFO - Filling up the DagBag from /home/airflow/.local/lib/python3.9/site-packages/airflow/example_dags/example_external_task_marker_dag.py
[2025-02-04T16:44:02.130+0000] {processor.py:925} INFO - DAG(s) 'example_external_task_marker_parent', 'example_external_task_marker_child' retrieved from /home/airflow/.local/lib/python3.9/site-packages/airflow/example_dags/example_external_task_marker_dag.py
[2025-02-04T16:44:02.159+0000] {logging_mixin.py:190} INFO - [2025-02-04T16:44:02.158+0000] {dag.py:3239} INFO - Sync 2 DAGs
[2025-02-04T16:44:02.176+0000] {logging_mixin.py:190} INFO - [2025-02-04T16:44:02.176+0000] {dag.py:4180} INFO - Setting next_dagrun for example_external_task_marker_child to None, run_after=None
[2025-02-04T16:44:02.181+0000] {logging_mixin.py:190} INFO - [2025-02-04T16:44:02.180+0000] {dag.py:4180} INFO - Setting next_dagrun for example_external_task_marker_parent to None, run_after=None
[2025-02-04T16:44:02.208+0000] {processor.py:208} INFO - Processing /home/airflow/.local/lib/python3.9/site-packages/airflow/example_dags/example_external_task_marker_dag.py took 0.121 seconds
[2025-02-04T16:44:32.397+0000] {processor.py:186} INFO - Started process (PID=2554) to work on /home/airflow/.local/lib/python3.9/site-packages/airflow/example_dags/example_external_task_marker_dag.py
[2025-02-04T16:44:32.398+0000] {processor.py:914} INFO - Processing file /home/airflow/.local/lib/python3.9/site-packages/airflow/example_dags/example_external_task_marker_dag.py for tasks to queue
[2025-02-04T16:44:32.400+0000] {logging_mixin.py:190} INFO - [2025-02-04T16:44:32.399+0000] {dagbag.py:588} INFO - Filling up the DagBag from /home/airflow/.local/lib/python3.9/site-packages/airflow/example_dags/example_external_task_marker_dag.py
[2025-02-04T16:44:32.411+0000] {processor.py:925} INFO - DAG(s) 'example_external_task_marker_child', 'example_external_task_marker_parent' retrieved from /home/airflow/.local/lib/python3.9/site-packages/airflow/example_dags/example_external_task_marker_dag.py
[2025-02-04T16:44:32.438+0000] {logging_mixin.py:190} INFO - [2025-02-04T16:44:32.438+0000] {dag.py:3239} INFO - Sync 2 DAGs
[2025-02-04T16:44:32.456+0000] {logging_mixin.py:190} INFO - [2025-02-04T16:44:32.456+0000] {dag.py:4180} INFO - Setting next_dagrun for example_external_task_marker_child to None, run_after=None
[2025-02-04T16:44:32.461+0000] {logging_mixin.py:190} INFO - [2025-02-04T16:44:32.461+0000] {dag.py:4180} INFO - Setting next_dagrun for example_external_task_marker_parent to None, run_after=None
[2025-02-04T16:44:32.486+0000] {processor.py:208} INFO - Processing /home/airflow/.local/lib/python3.9/site-packages/airflow/example_dags/example_external_task_marker_dag.py took 0.096 seconds
[2025-02-04T16:45:03.009+0000] {processor.py:186} INFO - Started process (PID=2618) to work on /home/airflow/.local/lib/python3.9/site-packages/airflow/example_dags/example_external_task_marker_dag.py
[2025-02-04T16:45:03.010+0000] {processor.py:914} INFO - Processing file /home/airflow/.local/lib/python3.9/site-packages/airflow/example_dags/example_external_task_marker_dag.py for tasks to queue
[2025-02-04T16:45:03.012+0000] {logging_mixin.py:190} INFO - [2025-02-04T16:45:03.012+0000] {dagbag.py:588} INFO - Filling up the DagBag from /home/airflow/.local/lib/python3.9/site-packages/airflow/example_dags/example_external_task_marker_dag.py
[2025-02-04T16:45:03.021+0000] {processor.py:925} INFO - DAG(s) 'example_external_task_marker_parent', 'example_external_task_marker_child' retrieved from /home/airflow/.local/lib/python3.9/site-packages/airflow/example_dags/example_external_task_marker_dag.py
[2025-02-04T16:45:03.049+0000] {logging_mixin.py:190} INFO - [2025-02-04T16:45:03.049+0000] {dag.py:3239} INFO - Sync 2 DAGs
[2025-02-04T16:45:03.066+0000] {logging_mixin.py:190} INFO - [2025-02-04T16:45:03.066+0000] {dag.py:4180} INFO - Setting next_dagrun for example_external_task_marker_child to None, run_after=None
[2025-02-04T16:45:03.071+0000] {logging_mixin.py:190} INFO - [2025-02-04T16:45:03.071+0000] {dag.py:4180} INFO - Setting next_dagrun for example_external_task_marker_parent to None, run_after=None
[2025-02-04T16:45:03.094+0000] {processor.py:208} INFO - Processing /home/airflow/.local/lib/python3.9/site-packages/airflow/example_dags/example_external_task_marker_dag.py took 0.092 seconds
[2025-02-04T16:45:33.454+0000] {processor.py:186} INFO - Started process (PID=2689) to work on /home/airflow/.local/lib/python3.9/site-packages/airflow/example_dags/example_external_task_marker_dag.py
[2025-02-04T16:45:33.455+0000] {processor.py:914} INFO - Processing file /home/airflow/.local/lib/python3.9/site-packages/airflow/example_dags/example_external_task_marker_dag.py for tasks to queue
[2025-02-04T16:45:33.457+0000] {logging_mixin.py:190} INFO - [2025-02-04T16:45:33.456+0000] {dagbag.py:588} INFO - Filling up the DagBag from /home/airflow/.local/lib/python3.9/site-packages/airflow/example_dags/example_external_task_marker_dag.py
[2025-02-04T16:45:33.466+0000] {processor.py:925} INFO - DAG(s) 'example_external_task_marker_parent', 'example_external_task_marker_child' retrieved from /home/airflow/.local/lib/python3.9/site-packages/airflow/example_dags/example_external_task_marker_dag.py
[2025-02-04T16:45:33.493+0000] {logging_mixin.py:190} INFO - [2025-02-04T16:45:33.493+0000] {dag.py:3239} INFO - Sync 2 DAGs
[2025-02-04T16:45:33.512+0000] {logging_mixin.py:190} INFO - [2025-02-04T16:45:33.512+0000] {dag.py:4180} INFO - Setting next_dagrun for example_external_task_marker_child to None, run_after=None
[2025-02-04T16:45:33.516+0000] {logging_mixin.py:190} INFO - [2025-02-04T16:45:33.516+0000] {dag.py:4180} INFO - Setting next_dagrun for example_external_task_marker_parent to None, run_after=None
[2025-02-04T16:45:33.544+0000] {processor.py:208} INFO - Processing /home/airflow/.local/lib/python3.9/site-packages/airflow/example_dags/example_external_task_marker_dag.py took 0.098 seconds
[2025-02-04T16:46:05.745+0000] {processor.py:186} INFO - Started process (PID=2751) to work on /home/airflow/.local/lib/python3.9/site-packages/airflow/example_dags/example_external_task_marker_dag.py
[2025-02-04T16:46:05.746+0000] {processor.py:914} INFO - Processing file /home/airflow/.local/lib/python3.9/site-packages/airflow/example_dags/example_external_task_marker_dag.py for tasks to queue
[2025-02-04T16:46:05.748+0000] {logging_mixin.py:190} INFO - [2025-02-04T16:46:05.747+0000] {dagbag.py:588} INFO - Filling up the DagBag from /home/airflow/.local/lib/python3.9/site-packages/airflow/example_dags/example_external_task_marker_dag.py
[2025-02-04T16:46:05.830+0000] {processor.py:925} INFO - DAG(s) 'example_external_task_marker_child', 'example_external_task_marker_parent' retrieved from /home/airflow/.local/lib/python3.9/site-packages/airflow/example_dags/example_external_task_marker_dag.py
[2025-02-04T16:46:05.857+0000] {logging_mixin.py:190} INFO - [2025-02-04T16:46:05.857+0000] {dag.py:3239} INFO - Sync 2 DAGs
[2025-02-04T16:46:05.874+0000] {logging_mixin.py:190} INFO - [2025-02-04T16:46:05.874+0000] {dag.py:4180} INFO - Setting next_dagrun for example_external_task_marker_child to None, run_after=None
[2025-02-04T16:46:05.879+0000] {logging_mixin.py:190} INFO - [2025-02-04T16:46:05.879+0000] {dag.py:4180} INFO - Setting next_dagrun for example_external_task_marker_parent to None, run_after=None
[2025-02-04T16:46:05.906+0000] {processor.py:208} INFO - Processing /home/airflow/.local/lib/python3.9/site-packages/airflow/example_dags/example_external_task_marker_dag.py took 0.168 seconds
[2025-02-04T16:46:36.170+0000] {processor.py:186} INFO - Started process (PID=2816) to work on /home/airflow/.local/lib/python3.9/site-packages/airflow/example_dags/example_external_task_marker_dag.py
[2025-02-04T16:46:36.172+0000] {processor.py:914} INFO - Processing file /home/airflow/.local/lib/python3.9/site-packages/airflow/example_dags/example_external_task_marker_dag.py for tasks to queue
[2025-02-04T16:46:36.174+0000] {logging_mixin.py:190} INFO - [2025-02-04T16:46:36.174+0000] {dagbag.py:588} INFO - Filling up the DagBag from /home/airflow/.local/lib/python3.9/site-packages/airflow/example_dags/example_external_task_marker_dag.py
[2025-02-04T16:46:36.184+0000] {processor.py:925} INFO - DAG(s) 'example_external_task_marker_child', 'example_external_task_marker_parent' retrieved from /home/airflow/.local/lib/python3.9/site-packages/airflow/example_dags/example_external_task_marker_dag.py
[2025-02-04T16:46:36.213+0000] {logging_mixin.py:190} INFO - [2025-02-04T16:46:36.212+0000] {dag.py:3239} INFO - Sync 2 DAGs
[2025-02-04T16:46:36.230+0000] {logging_mixin.py:190} INFO - [2025-02-04T16:46:36.230+0000] {dag.py:4180} INFO - Setting next_dagrun for example_external_task_marker_child to None, run_after=None
[2025-02-04T16:46:36.238+0000] {logging_mixin.py:190} INFO - [2025-02-04T16:46:36.237+0000] {dag.py:4180} INFO - Setting next_dagrun for example_external_task_marker_parent to None, run_after=None
[2025-02-04T16:46:36.267+0000] {processor.py:208} INFO - Processing /home/airflow/.local/lib/python3.9/site-packages/airflow/example_dags/example_external_task_marker_dag.py took 0.104 seconds
[2025-02-04T16:47:11.468+0000] {processor.py:186} INFO - Started process (PID=2882) to work on /home/airflow/.local/lib/python3.9/site-packages/airflow/example_dags/example_external_task_marker_dag.py
[2025-02-04T16:47:11.469+0000] {processor.py:914} INFO - Processing file /home/airflow/.local/lib/python3.9/site-packages/airflow/example_dags/example_external_task_marker_dag.py for tasks to queue
[2025-02-04T16:47:11.472+0000] {logging_mixin.py:190} INFO - [2025-02-04T16:47:11.471+0000] {dagbag.py:588} INFO - Filling up the DagBag from /home/airflow/.local/lib/python3.9/site-packages/airflow/example_dags/example_external_task_marker_dag.py
[2025-02-04T16:47:11.482+0000] {processor.py:925} INFO - DAG(s) 'example_external_task_marker_child', 'example_external_task_marker_parent' retrieved from /home/airflow/.local/lib/python3.9/site-packages/airflow/example_dags/example_external_task_marker_dag.py
[2025-02-04T16:47:11.511+0000] {logging_mixin.py:190} INFO - [2025-02-04T16:47:11.511+0000] {dag.py:3239} INFO - Sync 2 DAGs
[2025-02-04T16:47:11.528+0000] {logging_mixin.py:190} INFO - [2025-02-04T16:47:11.528+0000] {dag.py:4180} INFO - Setting next_dagrun for example_external_task_marker_child to None, run_after=None
[2025-02-04T16:47:11.533+0000] {logging_mixin.py:190} INFO - [2025-02-04T16:47:11.533+0000] {dag.py:4180} INFO - Setting next_dagrun for example_external_task_marker_parent to None, run_after=None
[2025-02-04T16:47:11.562+0000] {processor.py:208} INFO - Processing /home/airflow/.local/lib/python3.9/site-packages/airflow/example_dags/example_external_task_marker_dag.py took 0.105 seconds
