[2025-02-04T16:22:44.296+0000] {processor.py:186} INFO - Started process (PID=92) to work on /home/airflow/.local/lib/python3.9/site-packages/airflow/example_dags/example_branch_day_of_week_operator.py
[2025-02-04T16:22:44.297+0000] {processor.py:914} INFO - Processing file /home/airflow/.local/lib/python3.9/site-packages/airflow/example_dags/example_branch_day_of_week_operator.py for tasks to queue
[2025-02-04T16:22:44.301+0000] {logging_mixin.py:190} INFO - [2025-02-04T16:22:44.300+0000] {dagbag.py:588} INFO - Filling up the DagBag from /home/airflow/.local/lib/python3.9/site-packages/airflow/example_dags/example_branch_day_of_week_operator.py
[2025-02-04T16:22:44.312+0000] {processor.py:925} INFO - DAG(s) 'example_weekday_branch_operator' retrieved from /home/airflow/.local/lib/python3.9/site-packages/airflow/example_dags/example_branch_day_of_week_operator.py
[2025-02-04T16:22:44.426+0000] {logging_mixin.py:190} INFO - [2025-02-04T16:22:44.426+0000] {override.py:1912} INFO - Created Permission View: can delete on DAG:example_weekday_branch_operator
[2025-02-04T16:22:44.444+0000] {logging_mixin.py:190} INFO - [2025-02-04T16:22:44.444+0000] {override.py:1912} INFO - Created Permission View: can edit on DAG:example_weekday_branch_operator
[2025-02-04T16:22:44.457+0000] {logging_mixin.py:190} INFO - [2025-02-04T16:22:44.457+0000] {override.py:1912} INFO - Created Permission View: can read on DAG:example_weekday_branch_operator
[2025-02-04T16:22:44.479+0000] {logging_mixin.py:190} INFO - [2025-02-04T16:22:44.479+0000] {override.py:1912} INFO - Created Permission View: can delete on DAG Run:example_weekday_branch_operator
[2025-02-04T16:22:44.492+0000] {logging_mixin.py:190} INFO - [2025-02-04T16:22:44.492+0000] {override.py:1912} INFO - Created Permission View: menu access on DAG Run:example_weekday_branch_operator
[2025-02-04T16:22:44.507+0000] {logging_mixin.py:190} INFO - [2025-02-04T16:22:44.507+0000] {override.py:1912} INFO - Created Permission View: can read on DAG Run:example_weekday_branch_operator
[2025-02-04T16:22:44.567+0000] {logging_mixin.py:190} INFO - [2025-02-04T16:22:44.567+0000] {override.py:1912} INFO - Created Permission View: can create on DAG Run:example_weekday_branch_operator
[2025-02-04T16:22:44.568+0000] {logging_mixin.py:190} INFO - [2025-02-04T16:22:44.568+0000] {dag.py:3239} INFO - Sync 1 DAGs
[2025-02-04T16:22:44.581+0000] {logging_mixin.py:190} INFO - [2025-02-04T16:22:44.581+0000] {dag.py:3262} INFO - Creating ORM DAG for example_weekday_branch_operator
[2025-02-04T16:22:44.594+0000] {logging_mixin.py:190} INFO - [2025-02-04T16:22:44.594+0000] {dag.py:4180} INFO - Setting next_dagrun for example_weekday_branch_operator to 2025-02-03 00:00:00+00:00, run_after=2025-02-04 00:00:00+00:00
[2025-02-04T16:22:44.617+0000] {processor.py:208} INFO - Processing /home/airflow/.local/lib/python3.9/site-packages/airflow/example_dags/example_branch_day_of_week_operator.py took 0.328 seconds
[2025-02-04T16:23:28.153+0000] {processor.py:186} INFO - Started process (PID=163) to work on /home/airflow/.local/lib/python3.9/site-packages/airflow/example_dags/example_branch_day_of_week_operator.py
[2025-02-04T16:23:28.154+0000] {processor.py:914} INFO - Processing file /home/airflow/.local/lib/python3.9/site-packages/airflow/example_dags/example_branch_day_of_week_operator.py for tasks to queue
[2025-02-04T16:23:28.157+0000] {logging_mixin.py:190} INFO - [2025-02-04T16:23:28.157+0000] {dagbag.py:588} INFO - Filling up the DagBag from /home/airflow/.local/lib/python3.9/site-packages/airflow/example_dags/example_branch_day_of_week_operator.py
[2025-02-04T16:23:28.168+0000] {processor.py:925} INFO - DAG(s) 'example_weekday_branch_operator' retrieved from /home/airflow/.local/lib/python3.9/site-packages/airflow/example_dags/example_branch_day_of_week_operator.py
[2025-02-04T16:23:28.191+0000] {logging_mixin.py:190} INFO - [2025-02-04T16:23:28.191+0000] {dag.py:3239} INFO - Sync 1 DAGs
[2025-02-04T16:23:28.215+0000] {logging_mixin.py:190} INFO - [2025-02-04T16:23:28.215+0000] {dag.py:4180} INFO - Setting next_dagrun for example_weekday_branch_operator to 2025-02-03 00:00:00+00:00, run_after=2025-02-04 00:00:00+00:00
[2025-02-04T16:23:28.243+0000] {processor.py:208} INFO - Processing /home/airflow/.local/lib/python3.9/site-packages/airflow/example_dags/example_branch_day_of_week_operator.py took 0.096 seconds
[2025-02-04T16:23:58.737+0000] {processor.py:186} INFO - Started process (PID=226) to work on /home/airflow/.local/lib/python3.9/site-packages/airflow/example_dags/example_branch_day_of_week_operator.py
[2025-02-04T16:23:58.738+0000] {processor.py:914} INFO - Processing file /home/airflow/.local/lib/python3.9/site-packages/airflow/example_dags/example_branch_day_of_week_operator.py for tasks to queue
[2025-02-04T16:23:58.741+0000] {logging_mixin.py:190} INFO - [2025-02-04T16:23:58.740+0000] {dagbag.py:588} INFO - Filling up the DagBag from /home/airflow/.local/lib/python3.9/site-packages/airflow/example_dags/example_branch_day_of_week_operator.py
[2025-02-04T16:23:58.752+0000] {processor.py:925} INFO - DAG(s) 'example_weekday_branch_operator' retrieved from /home/airflow/.local/lib/python3.9/site-packages/airflow/example_dags/example_branch_day_of_week_operator.py
[2025-02-04T16:23:58.773+0000] {logging_mixin.py:190} INFO - [2025-02-04T16:23:58.773+0000] {dag.py:3239} INFO - Sync 1 DAGs
[2025-02-04T16:23:58.798+0000] {logging_mixin.py:190} INFO - [2025-02-04T16:23:58.797+0000] {dag.py:4180} INFO - Setting next_dagrun for example_weekday_branch_operator to 2025-02-03 00:00:00+00:00, run_after=2025-02-04 00:00:00+00:00
[2025-02-04T16:23:58.825+0000] {processor.py:208} INFO - Processing /home/airflow/.local/lib/python3.9/site-packages/airflow/example_dags/example_branch_day_of_week_operator.py took 0.095 seconds
[2025-02-04T16:24:29.443+0000] {processor.py:186} INFO - Started process (PID=289) to work on /home/airflow/.local/lib/python3.9/site-packages/airflow/example_dags/example_branch_day_of_week_operator.py
[2025-02-04T16:24:29.444+0000] {processor.py:914} INFO - Processing file /home/airflow/.local/lib/python3.9/site-packages/airflow/example_dags/example_branch_day_of_week_operator.py for tasks to queue
[2025-02-04T16:24:29.447+0000] {logging_mixin.py:190} INFO - [2025-02-04T16:24:29.447+0000] {dagbag.py:588} INFO - Filling up the DagBag from /home/airflow/.local/lib/python3.9/site-packages/airflow/example_dags/example_branch_day_of_week_operator.py
[2025-02-04T16:24:29.457+0000] {processor.py:925} INFO - DAG(s) 'example_weekday_branch_operator' retrieved from /home/airflow/.local/lib/python3.9/site-packages/airflow/example_dags/example_branch_day_of_week_operator.py
[2025-02-04T16:24:29.481+0000] {logging_mixin.py:190} INFO - [2025-02-04T16:24:29.480+0000] {dag.py:3239} INFO - Sync 1 DAGs
[2025-02-04T16:24:29.505+0000] {logging_mixin.py:190} INFO - [2025-02-04T16:24:29.505+0000] {dag.py:4180} INFO - Setting next_dagrun for example_weekday_branch_operator to 2025-02-03 00:00:00+00:00, run_after=2025-02-04 00:00:00+00:00
[2025-02-04T16:24:29.533+0000] {processor.py:208} INFO - Processing /home/airflow/.local/lib/python3.9/site-packages/airflow/example_dags/example_branch_day_of_week_operator.py took 0.096 seconds
[2025-02-04T16:25:00.254+0000] {processor.py:186} INFO - Started process (PID=353) to work on /home/airflow/.local/lib/python3.9/site-packages/airflow/example_dags/example_branch_day_of_week_operator.py
[2025-02-04T16:25:00.255+0000] {processor.py:914} INFO - Processing file /home/airflow/.local/lib/python3.9/site-packages/airflow/example_dags/example_branch_day_of_week_operator.py for tasks to queue
[2025-02-04T16:25:00.258+0000] {logging_mixin.py:190} INFO - [2025-02-04T16:25:00.258+0000] {dagbag.py:588} INFO - Filling up the DagBag from /home/airflow/.local/lib/python3.9/site-packages/airflow/example_dags/example_branch_day_of_week_operator.py
[2025-02-04T16:25:00.270+0000] {processor.py:925} INFO - DAG(s) 'example_weekday_branch_operator' retrieved from /home/airflow/.local/lib/python3.9/site-packages/airflow/example_dags/example_branch_day_of_week_operator.py
[2025-02-04T16:25:00.294+0000] {logging_mixin.py:190} INFO - [2025-02-04T16:25:00.294+0000] {dag.py:3239} INFO - Sync 1 DAGs
[2025-02-04T16:25:00.321+0000] {logging_mixin.py:190} INFO - [2025-02-04T16:25:00.321+0000] {dag.py:4180} INFO - Setting next_dagrun for example_weekday_branch_operator to 2025-02-03 00:00:00+00:00, run_after=2025-02-04 00:00:00+00:00
[2025-02-04T16:25:00.349+0000] {processor.py:208} INFO - Processing /home/airflow/.local/lib/python3.9/site-packages/airflow/example_dags/example_branch_day_of_week_operator.py took 0.103 seconds
[2025-02-04T16:25:31.429+0000] {processor.py:186} INFO - Started process (PID=417) to work on /home/airflow/.local/lib/python3.9/site-packages/airflow/example_dags/example_branch_day_of_week_operator.py
[2025-02-04T16:25:31.431+0000] {processor.py:914} INFO - Processing file /home/airflow/.local/lib/python3.9/site-packages/airflow/example_dags/example_branch_day_of_week_operator.py for tasks to queue
[2025-02-04T16:25:31.435+0000] {logging_mixin.py:190} INFO - [2025-02-04T16:25:31.435+0000] {dagbag.py:588} INFO - Filling up the DagBag from /home/airflow/.local/lib/python3.9/site-packages/airflow/example_dags/example_branch_day_of_week_operator.py
[2025-02-04T16:25:31.450+0000] {processor.py:925} INFO - DAG(s) 'example_weekday_branch_operator' retrieved from /home/airflow/.local/lib/python3.9/site-packages/airflow/example_dags/example_branch_day_of_week_operator.py
[2025-02-04T16:25:31.479+0000] {logging_mixin.py:190} INFO - [2025-02-04T16:25:31.478+0000] {dag.py:3239} INFO - Sync 1 DAGs
[2025-02-04T16:25:31.515+0000] {logging_mixin.py:190} INFO - [2025-02-04T16:25:31.515+0000] {dag.py:4180} INFO - Setting next_dagrun for example_weekday_branch_operator to 2025-02-03 00:00:00+00:00, run_after=2025-02-04 00:00:00+00:00
[2025-02-04T16:25:31.548+0000] {processor.py:208} INFO - Processing /home/airflow/.local/lib/python3.9/site-packages/airflow/example_dags/example_branch_day_of_week_operator.py took 0.133 seconds
[2025-02-04T16:26:02.163+0000] {processor.py:186} INFO - Started process (PID=481) to work on /home/airflow/.local/lib/python3.9/site-packages/airflow/example_dags/example_branch_day_of_week_operator.py
[2025-02-04T16:26:02.164+0000] {processor.py:914} INFO - Processing file /home/airflow/.local/lib/python3.9/site-packages/airflow/example_dags/example_branch_day_of_week_operator.py for tasks to queue
[2025-02-04T16:26:02.168+0000] {logging_mixin.py:190} INFO - [2025-02-04T16:26:02.167+0000] {dagbag.py:588} INFO - Filling up the DagBag from /home/airflow/.local/lib/python3.9/site-packages/airflow/example_dags/example_branch_day_of_week_operator.py
[2025-02-04T16:26:02.180+0000] {processor.py:925} INFO - DAG(s) 'example_weekday_branch_operator' retrieved from /home/airflow/.local/lib/python3.9/site-packages/airflow/example_dags/example_branch_day_of_week_operator.py
[2025-02-04T16:26:02.205+0000] {logging_mixin.py:190} INFO - [2025-02-04T16:26:02.205+0000] {dag.py:3239} INFO - Sync 1 DAGs
[2025-02-04T16:26:02.230+0000] {logging_mixin.py:190} INFO - [2025-02-04T16:26:02.229+0000] {dag.py:4180} INFO - Setting next_dagrun for example_weekday_branch_operator to 2025-02-03 00:00:00+00:00, run_after=2025-02-04 00:00:00+00:00
[2025-02-04T16:26:02.253+0000] {processor.py:208} INFO - Processing /home/airflow/.local/lib/python3.9/site-packages/airflow/example_dags/example_branch_day_of_week_operator.py took 0.099 seconds
[2025-02-04T16:26:33.040+0000] {processor.py:186} INFO - Started process (PID=545) to work on /home/airflow/.local/lib/python3.9/site-packages/airflow/example_dags/example_branch_day_of_week_operator.py
[2025-02-04T16:26:33.041+0000] {processor.py:914} INFO - Processing file /home/airflow/.local/lib/python3.9/site-packages/airflow/example_dags/example_branch_day_of_week_operator.py for tasks to queue
[2025-02-04T16:26:33.044+0000] {logging_mixin.py:190} INFO - [2025-02-04T16:26:33.044+0000] {dagbag.py:588} INFO - Filling up the DagBag from /home/airflow/.local/lib/python3.9/site-packages/airflow/example_dags/example_branch_day_of_week_operator.py
[2025-02-04T16:26:33.055+0000] {processor.py:925} INFO - DAG(s) 'example_weekday_branch_operator' retrieved from /home/airflow/.local/lib/python3.9/site-packages/airflow/example_dags/example_branch_day_of_week_operator.py
[2025-02-04T16:26:33.080+0000] {logging_mixin.py:190} INFO - [2025-02-04T16:26:33.079+0000] {dag.py:3239} INFO - Sync 1 DAGs
[2025-02-04T16:26:33.104+0000] {logging_mixin.py:190} INFO - [2025-02-04T16:26:33.104+0000] {dag.py:4180} INFO - Setting next_dagrun for example_weekday_branch_operator to 2025-02-03 00:00:00+00:00, run_after=2025-02-04 00:00:00+00:00
[2025-02-04T16:26:33.131+0000] {processor.py:208} INFO - Processing /home/airflow/.local/lib/python3.9/site-packages/airflow/example_dags/example_branch_day_of_week_operator.py took 0.098 seconds
[2025-02-04T16:27:03.995+0000] {processor.py:186} INFO - Started process (PID=616) to work on /home/airflow/.local/lib/python3.9/site-packages/airflow/example_dags/example_branch_day_of_week_operator.py
[2025-02-04T16:27:03.997+0000] {processor.py:914} INFO - Processing file /home/airflow/.local/lib/python3.9/site-packages/airflow/example_dags/example_branch_day_of_week_operator.py for tasks to queue
[2025-02-04T16:27:04.000+0000] {logging_mixin.py:190} INFO - [2025-02-04T16:27:04.000+0000] {dagbag.py:588} INFO - Filling up the DagBag from /home/airflow/.local/lib/python3.9/site-packages/airflow/example_dags/example_branch_day_of_week_operator.py
[2025-02-04T16:27:04.013+0000] {processor.py:925} INFO - DAG(s) 'example_weekday_branch_operator' retrieved from /home/airflow/.local/lib/python3.9/site-packages/airflow/example_dags/example_branch_day_of_week_operator.py
[2025-02-04T16:27:04.038+0000] {logging_mixin.py:190} INFO - [2025-02-04T16:27:04.038+0000] {dag.py:3239} INFO - Sync 1 DAGs
[2025-02-04T16:27:04.065+0000] {logging_mixin.py:190} INFO - [2025-02-04T16:27:04.065+0000] {dag.py:4180} INFO - Setting next_dagrun for example_weekday_branch_operator to 2025-02-03 00:00:00+00:00, run_after=2025-02-04 00:00:00+00:00
[2025-02-04T16:27:04.091+0000] {processor.py:208} INFO - Processing /home/airflow/.local/lib/python3.9/site-packages/airflow/example_dags/example_branch_day_of_week_operator.py took 0.105 seconds
[2025-02-04T16:27:34.888+0000] {processor.py:186} INFO - Started process (PID=680) to work on /home/airflow/.local/lib/python3.9/site-packages/airflow/example_dags/example_branch_day_of_week_operator.py
[2025-02-04T16:27:34.890+0000] {processor.py:914} INFO - Processing file /home/airflow/.local/lib/python3.9/site-packages/airflow/example_dags/example_branch_day_of_week_operator.py for tasks to queue
[2025-02-04T16:27:34.893+0000] {logging_mixin.py:190} INFO - [2025-02-04T16:27:34.893+0000] {dagbag.py:588} INFO - Filling up the DagBag from /home/airflow/.local/lib/python3.9/site-packages/airflow/example_dags/example_branch_day_of_week_operator.py
[2025-02-04T16:27:34.904+0000] {processor.py:925} INFO - DAG(s) 'example_weekday_branch_operator' retrieved from /home/airflow/.local/lib/python3.9/site-packages/airflow/example_dags/example_branch_day_of_week_operator.py
[2025-02-04T16:27:34.929+0000] {logging_mixin.py:190} INFO - [2025-02-04T16:27:34.929+0000] {dag.py:3239} INFO - Sync 1 DAGs
[2025-02-04T16:27:34.956+0000] {logging_mixin.py:190} INFO - [2025-02-04T16:27:34.956+0000] {dag.py:4180} INFO - Setting next_dagrun for example_weekday_branch_operator to 2025-02-03 00:00:00+00:00, run_after=2025-02-04 00:00:00+00:00
[2025-02-04T16:27:34.988+0000] {processor.py:208} INFO - Processing /home/airflow/.local/lib/python3.9/site-packages/airflow/example_dags/example_branch_day_of_week_operator.py took 0.107 seconds
[2025-02-04T16:28:05.874+0000] {processor.py:186} INFO - Started process (PID=744) to work on /home/airflow/.local/lib/python3.9/site-packages/airflow/example_dags/example_branch_day_of_week_operator.py
[2025-02-04T16:28:05.876+0000] {processor.py:914} INFO - Processing file /home/airflow/.local/lib/python3.9/site-packages/airflow/example_dags/example_branch_day_of_week_operator.py for tasks to queue
[2025-02-04T16:28:05.880+0000] {logging_mixin.py:190} INFO - [2025-02-04T16:28:05.879+0000] {dagbag.py:588} INFO - Filling up the DagBag from /home/airflow/.local/lib/python3.9/site-packages/airflow/example_dags/example_branch_day_of_week_operator.py
[2025-02-04T16:28:05.891+0000] {processor.py:925} INFO - DAG(s) 'example_weekday_branch_operator' retrieved from /home/airflow/.local/lib/python3.9/site-packages/airflow/example_dags/example_branch_day_of_week_operator.py
[2025-02-04T16:28:05.916+0000] {logging_mixin.py:190} INFO - [2025-02-04T16:28:05.916+0000] {dag.py:3239} INFO - Sync 1 DAGs
[2025-02-04T16:28:05.949+0000] {logging_mixin.py:190} INFO - [2025-02-04T16:28:05.949+0000] {dag.py:4180} INFO - Setting next_dagrun for example_weekday_branch_operator to 2025-02-03 00:00:00+00:00, run_after=2025-02-04 00:00:00+00:00
[2025-02-04T16:28:05.979+0000] {processor.py:208} INFO - Processing /home/airflow/.local/lib/python3.9/site-packages/airflow/example_dags/example_branch_day_of_week_operator.py took 0.112 seconds
[2025-02-04T16:28:36.331+0000] {processor.py:186} INFO - Started process (PID=808) to work on /home/airflow/.local/lib/python3.9/site-packages/airflow/example_dags/example_branch_day_of_week_operator.py
[2025-02-04T16:28:36.333+0000] {processor.py:914} INFO - Processing file /home/airflow/.local/lib/python3.9/site-packages/airflow/example_dags/example_branch_day_of_week_operator.py for tasks to queue
[2025-02-04T16:28:36.336+0000] {logging_mixin.py:190} INFO - [2025-02-04T16:28:36.335+0000] {dagbag.py:588} INFO - Filling up the DagBag from /home/airflow/.local/lib/python3.9/site-packages/airflow/example_dags/example_branch_day_of_week_operator.py
[2025-02-04T16:28:36.346+0000] {processor.py:925} INFO - DAG(s) 'example_weekday_branch_operator' retrieved from /home/airflow/.local/lib/python3.9/site-packages/airflow/example_dags/example_branch_day_of_week_operator.py
[2025-02-04T16:28:36.371+0000] {logging_mixin.py:190} INFO - [2025-02-04T16:28:36.371+0000] {dag.py:3239} INFO - Sync 1 DAGs
[2025-02-04T16:28:36.399+0000] {logging_mixin.py:190} INFO - [2025-02-04T16:28:36.398+0000] {dag.py:4180} INFO - Setting next_dagrun for example_weekday_branch_operator to 2025-02-03 00:00:00+00:00, run_after=2025-02-04 00:00:00+00:00
[2025-02-04T16:28:36.427+0000] {processor.py:208} INFO - Processing /home/airflow/.local/lib/python3.9/site-packages/airflow/example_dags/example_branch_day_of_week_operator.py took 0.103 seconds
[2025-02-04T16:29:07.123+0000] {processor.py:186} INFO - Started process (PID=872) to work on /home/airflow/.local/lib/python3.9/site-packages/airflow/example_dags/example_branch_day_of_week_operator.py
[2025-02-04T16:29:07.124+0000] {processor.py:914} INFO - Processing file /home/airflow/.local/lib/python3.9/site-packages/airflow/example_dags/example_branch_day_of_week_operator.py for tasks to queue
[2025-02-04T16:29:07.127+0000] {logging_mixin.py:190} INFO - [2025-02-04T16:29:07.126+0000] {dagbag.py:588} INFO - Filling up the DagBag from /home/airflow/.local/lib/python3.9/site-packages/airflow/example_dags/example_branch_day_of_week_operator.py
[2025-02-04T16:29:07.136+0000] {processor.py:925} INFO - DAG(s) 'example_weekday_branch_operator' retrieved from /home/airflow/.local/lib/python3.9/site-packages/airflow/example_dags/example_branch_day_of_week_operator.py
[2025-02-04T16:29:07.158+0000] {logging_mixin.py:190} INFO - [2025-02-04T16:29:07.158+0000] {dag.py:3239} INFO - Sync 1 DAGs
[2025-02-04T16:29:07.183+0000] {logging_mixin.py:190} INFO - [2025-02-04T16:29:07.183+0000] {dag.py:4180} INFO - Setting next_dagrun for example_weekday_branch_operator to 2025-02-03 00:00:00+00:00, run_after=2025-02-04 00:00:00+00:00
[2025-02-04T16:29:07.210+0000] {processor.py:208} INFO - Processing /home/airflow/.local/lib/python3.9/site-packages/airflow/example_dags/example_branch_day_of_week_operator.py took 0.094 seconds
[2025-02-04T16:29:37.461+0000] {processor.py:186} INFO - Started process (PID=936) to work on /home/airflow/.local/lib/python3.9/site-packages/airflow/example_dags/example_branch_day_of_week_operator.py
[2025-02-04T16:29:37.463+0000] {processor.py:914} INFO - Processing file /home/airflow/.local/lib/python3.9/site-packages/airflow/example_dags/example_branch_day_of_week_operator.py for tasks to queue
[2025-02-04T16:29:37.466+0000] {logging_mixin.py:190} INFO - [2025-02-04T16:29:37.465+0000] {dagbag.py:588} INFO - Filling up the DagBag from /home/airflow/.local/lib/python3.9/site-packages/airflow/example_dags/example_branch_day_of_week_operator.py
[2025-02-04T16:29:37.477+0000] {processor.py:925} INFO - DAG(s) 'example_weekday_branch_operator' retrieved from /home/airflow/.local/lib/python3.9/site-packages/airflow/example_dags/example_branch_day_of_week_operator.py
[2025-02-04T16:29:37.500+0000] {logging_mixin.py:190} INFO - [2025-02-04T16:29:37.500+0000] {dag.py:3239} INFO - Sync 1 DAGs
[2025-02-04T16:29:37.527+0000] {logging_mixin.py:190} INFO - [2025-02-04T16:29:37.527+0000] {dag.py:4180} INFO - Setting next_dagrun for example_weekday_branch_operator to 2025-02-03 00:00:00+00:00, run_after=2025-02-04 00:00:00+00:00
[2025-02-04T16:29:37.555+0000] {processor.py:208} INFO - Processing /home/airflow/.local/lib/python3.9/site-packages/airflow/example_dags/example_branch_day_of_week_operator.py took 0.100 seconds
[2025-02-04T16:30:07.806+0000] {processor.py:186} INFO - Started process (PID=1000) to work on /home/airflow/.local/lib/python3.9/site-packages/airflow/example_dags/example_branch_day_of_week_operator.py
[2025-02-04T16:30:07.808+0000] {processor.py:914} INFO - Processing file /home/airflow/.local/lib/python3.9/site-packages/airflow/example_dags/example_branch_day_of_week_operator.py for tasks to queue
[2025-02-04T16:30:07.811+0000] {logging_mixin.py:190} INFO - [2025-02-04T16:30:07.811+0000] {dagbag.py:588} INFO - Filling up the DagBag from /home/airflow/.local/lib/python3.9/site-packages/airflow/example_dags/example_branch_day_of_week_operator.py
[2025-02-04T16:30:07.823+0000] {processor.py:925} INFO - DAG(s) 'example_weekday_branch_operator' retrieved from /home/airflow/.local/lib/python3.9/site-packages/airflow/example_dags/example_branch_day_of_week_operator.py
[2025-02-04T16:30:07.849+0000] {logging_mixin.py:190} INFO - [2025-02-04T16:30:07.849+0000] {dag.py:3239} INFO - Sync 1 DAGs
[2025-02-04T16:30:07.879+0000] {logging_mixin.py:190} INFO - [2025-02-04T16:30:07.879+0000] {dag.py:4180} INFO - Setting next_dagrun for example_weekday_branch_operator to 2025-02-03 00:00:00+00:00, run_after=2025-02-04 00:00:00+00:00
[2025-02-04T16:30:07.909+0000] {processor.py:208} INFO - Processing /home/airflow/.local/lib/python3.9/site-packages/airflow/example_dags/example_branch_day_of_week_operator.py took 0.111 seconds
[2025-02-04T16:30:38.564+0000] {processor.py:186} INFO - Started process (PID=1064) to work on /home/airflow/.local/lib/python3.9/site-packages/airflow/example_dags/example_branch_day_of_week_operator.py
[2025-02-04T16:30:38.566+0000] {processor.py:914} INFO - Processing file /home/airflow/.local/lib/python3.9/site-packages/airflow/example_dags/example_branch_day_of_week_operator.py for tasks to queue
[2025-02-04T16:30:38.569+0000] {logging_mixin.py:190} INFO - [2025-02-04T16:30:38.568+0000] {dagbag.py:588} INFO - Filling up the DagBag from /home/airflow/.local/lib/python3.9/site-packages/airflow/example_dags/example_branch_day_of_week_operator.py
[2025-02-04T16:30:38.580+0000] {processor.py:925} INFO - DAG(s) 'example_weekday_branch_operator' retrieved from /home/airflow/.local/lib/python3.9/site-packages/airflow/example_dags/example_branch_day_of_week_operator.py
[2025-02-04T16:30:38.605+0000] {logging_mixin.py:190} INFO - [2025-02-04T16:30:38.605+0000] {dag.py:3239} INFO - Sync 1 DAGs
[2025-02-04T16:30:38.633+0000] {logging_mixin.py:190} INFO - [2025-02-04T16:30:38.632+0000] {dag.py:4180} INFO - Setting next_dagrun for example_weekday_branch_operator to 2025-02-03 00:00:00+00:00, run_after=2025-02-04 00:00:00+00:00
[2025-02-04T16:30:38.691+0000] {processor.py:208} INFO - Processing /home/airflow/.local/lib/python3.9/site-packages/airflow/example_dags/example_branch_day_of_week_operator.py took 0.134 seconds
[2025-02-04T16:31:09.178+0000] {processor.py:186} INFO - Started process (PID=1128) to work on /home/airflow/.local/lib/python3.9/site-packages/airflow/example_dags/example_branch_day_of_week_operator.py
[2025-02-04T16:31:09.179+0000] {processor.py:914} INFO - Processing file /home/airflow/.local/lib/python3.9/site-packages/airflow/example_dags/example_branch_day_of_week_operator.py for tasks to queue
[2025-02-04T16:31:09.182+0000] {logging_mixin.py:190} INFO - [2025-02-04T16:31:09.182+0000] {dagbag.py:588} INFO - Filling up the DagBag from /home/airflow/.local/lib/python3.9/site-packages/airflow/example_dags/example_branch_day_of_week_operator.py
[2025-02-04T16:31:09.194+0000] {processor.py:925} INFO - DAG(s) 'example_weekday_branch_operator' retrieved from /home/airflow/.local/lib/python3.9/site-packages/airflow/example_dags/example_branch_day_of_week_operator.py
[2025-02-04T16:31:09.226+0000] {logging_mixin.py:190} INFO - [2025-02-04T16:31:09.225+0000] {dag.py:3239} INFO - Sync 1 DAGs
[2025-02-04T16:31:09.258+0000] {logging_mixin.py:190} INFO - [2025-02-04T16:31:09.257+0000] {dag.py:4180} INFO - Setting next_dagrun for example_weekday_branch_operator to 2025-02-03 00:00:00+00:00, run_after=2025-02-04 00:00:00+00:00
[2025-02-04T16:31:09.287+0000] {processor.py:208} INFO - Processing /home/airflow/.local/lib/python3.9/site-packages/airflow/example_dags/example_branch_day_of_week_operator.py took 0.118 seconds
[2025-02-04T16:31:39.374+0000] {processor.py:186} INFO - Started process (PID=1192) to work on /home/airflow/.local/lib/python3.9/site-packages/airflow/example_dags/example_branch_day_of_week_operator.py
[2025-02-04T16:31:39.375+0000] {processor.py:914} INFO - Processing file /home/airflow/.local/lib/python3.9/site-packages/airflow/example_dags/example_branch_day_of_week_operator.py for tasks to queue
[2025-02-04T16:31:39.378+0000] {logging_mixin.py:190} INFO - [2025-02-04T16:31:39.377+0000] {dagbag.py:588} INFO - Filling up the DagBag from /home/airflow/.local/lib/python3.9/site-packages/airflow/example_dags/example_branch_day_of_week_operator.py
[2025-02-04T16:31:39.391+0000] {processor.py:925} INFO - DAG(s) 'example_weekday_branch_operator' retrieved from /home/airflow/.local/lib/python3.9/site-packages/airflow/example_dags/example_branch_day_of_week_operator.py
[2025-02-04T16:31:39.416+0000] {logging_mixin.py:190} INFO - [2025-02-04T16:31:39.415+0000] {dag.py:3239} INFO - Sync 1 DAGs
[2025-02-04T16:31:39.443+0000] {logging_mixin.py:190} INFO - [2025-02-04T16:31:39.443+0000] {dag.py:4180} INFO - Setting next_dagrun for example_weekday_branch_operator to 2025-02-03 00:00:00+00:00, run_after=2025-02-04 00:00:00+00:00
[2025-02-04T16:31:39.470+0000] {processor.py:208} INFO - Processing /home/airflow/.local/lib/python3.9/site-packages/airflow/example_dags/example_branch_day_of_week_operator.py took 0.103 seconds
[2025-02-04T16:32:09.655+0000] {processor.py:186} INFO - Started process (PID=1256) to work on /home/airflow/.local/lib/python3.9/site-packages/airflow/example_dags/example_branch_day_of_week_operator.py
[2025-02-04T16:32:09.657+0000] {processor.py:914} INFO - Processing file /home/airflow/.local/lib/python3.9/site-packages/airflow/example_dags/example_branch_day_of_week_operator.py for tasks to queue
[2025-02-04T16:32:09.660+0000] {logging_mixin.py:190} INFO - [2025-02-04T16:32:09.660+0000] {dagbag.py:588} INFO - Filling up the DagBag from /home/airflow/.local/lib/python3.9/site-packages/airflow/example_dags/example_branch_day_of_week_operator.py
[2025-02-04T16:32:09.671+0000] {processor.py:925} INFO - DAG(s) 'example_weekday_branch_operator' retrieved from /home/airflow/.local/lib/python3.9/site-packages/airflow/example_dags/example_branch_day_of_week_operator.py
[2025-02-04T16:32:09.700+0000] {logging_mixin.py:190} INFO - [2025-02-04T16:32:09.700+0000] {dag.py:3239} INFO - Sync 1 DAGs
[2025-02-04T16:32:09.729+0000] {logging_mixin.py:190} INFO - [2025-02-04T16:32:09.729+0000] {dag.py:4180} INFO - Setting next_dagrun for example_weekday_branch_operator to 2025-02-03 00:00:00+00:00, run_after=2025-02-04 00:00:00+00:00
[2025-02-04T16:32:09.758+0000] {processor.py:208} INFO - Processing /home/airflow/.local/lib/python3.9/site-packages/airflow/example_dags/example_branch_day_of_week_operator.py took 0.110 seconds
[2025-02-04T16:32:39.916+0000] {processor.py:186} INFO - Started process (PID=1327) to work on /home/airflow/.local/lib/python3.9/site-packages/airflow/example_dags/example_branch_day_of_week_operator.py
[2025-02-04T16:32:39.917+0000] {processor.py:914} INFO - Processing file /home/airflow/.local/lib/python3.9/site-packages/airflow/example_dags/example_branch_day_of_week_operator.py for tasks to queue
[2025-02-04T16:32:39.919+0000] {logging_mixin.py:190} INFO - [2025-02-04T16:32:39.919+0000] {dagbag.py:588} INFO - Filling up the DagBag from /home/airflow/.local/lib/python3.9/site-packages/airflow/example_dags/example_branch_day_of_week_operator.py
[2025-02-04T16:32:39.930+0000] {processor.py:925} INFO - DAG(s) 'example_weekday_branch_operator' retrieved from /home/airflow/.local/lib/python3.9/site-packages/airflow/example_dags/example_branch_day_of_week_operator.py
[2025-02-04T16:32:39.955+0000] {logging_mixin.py:190} INFO - [2025-02-04T16:32:39.955+0000] {dag.py:3239} INFO - Sync 1 DAGs
[2025-02-04T16:32:39.983+0000] {logging_mixin.py:190} INFO - [2025-02-04T16:32:39.983+0000] {dag.py:4180} INFO - Setting next_dagrun for example_weekday_branch_operator to 2025-02-03 00:00:00+00:00, run_after=2025-02-04 00:00:00+00:00
[2025-02-04T16:32:40.012+0000] {processor.py:208} INFO - Processing /home/airflow/.local/lib/python3.9/site-packages/airflow/example_dags/example_branch_day_of_week_operator.py took 0.103 seconds
[2025-02-04T16:33:10.938+0000] {processor.py:186} INFO - Started process (PID=1392) to work on /home/airflow/.local/lib/python3.9/site-packages/airflow/example_dags/example_branch_day_of_week_operator.py
[2025-02-04T16:33:10.939+0000] {processor.py:914} INFO - Processing file /home/airflow/.local/lib/python3.9/site-packages/airflow/example_dags/example_branch_day_of_week_operator.py for tasks to queue
[2025-02-04T16:33:10.942+0000] {logging_mixin.py:190} INFO - [2025-02-04T16:33:10.942+0000] {dagbag.py:588} INFO - Filling up the DagBag from /home/airflow/.local/lib/python3.9/site-packages/airflow/example_dags/example_branch_day_of_week_operator.py
[2025-02-04T16:33:10.954+0000] {processor.py:925} INFO - DAG(s) 'example_weekday_branch_operator' retrieved from /home/airflow/.local/lib/python3.9/site-packages/airflow/example_dags/example_branch_day_of_week_operator.py
[2025-02-04T16:33:10.979+0000] {logging_mixin.py:190} INFO - [2025-02-04T16:33:10.979+0000] {dag.py:3239} INFO - Sync 1 DAGs
[2025-02-04T16:33:11.006+0000] {logging_mixin.py:190} INFO - [2025-02-04T16:33:11.006+0000] {dag.py:4180} INFO - Setting next_dagrun for example_weekday_branch_operator to 2025-02-03 00:00:00+00:00, run_after=2025-02-04 00:00:00+00:00
[2025-02-04T16:33:11.034+0000] {processor.py:208} INFO - Processing /home/airflow/.local/lib/python3.9/site-packages/airflow/example_dags/example_branch_day_of_week_operator.py took 0.103 seconds
[2025-02-04T16:33:41.773+0000] {processor.py:186} INFO - Started process (PID=1456) to work on /home/airflow/.local/lib/python3.9/site-packages/airflow/example_dags/example_branch_day_of_week_operator.py
[2025-02-04T16:33:41.774+0000] {processor.py:914} INFO - Processing file /home/airflow/.local/lib/python3.9/site-packages/airflow/example_dags/example_branch_day_of_week_operator.py for tasks to queue
[2025-02-04T16:33:41.777+0000] {logging_mixin.py:190} INFO - [2025-02-04T16:33:41.777+0000] {dagbag.py:588} INFO - Filling up the DagBag from /home/airflow/.local/lib/python3.9/site-packages/airflow/example_dags/example_branch_day_of_week_operator.py
[2025-02-04T16:33:41.787+0000] {processor.py:925} INFO - DAG(s) 'example_weekday_branch_operator' retrieved from /home/airflow/.local/lib/python3.9/site-packages/airflow/example_dags/example_branch_day_of_week_operator.py
[2025-02-04T16:33:41.812+0000] {logging_mixin.py:190} INFO - [2025-02-04T16:33:41.812+0000] {dag.py:3239} INFO - Sync 1 DAGs
[2025-02-04T16:33:41.837+0000] {logging_mixin.py:190} INFO - [2025-02-04T16:33:41.836+0000] {dag.py:4180} INFO - Setting next_dagrun for example_weekday_branch_operator to 2025-02-03 00:00:00+00:00, run_after=2025-02-04 00:00:00+00:00
[2025-02-04T16:33:41.864+0000] {processor.py:208} INFO - Processing /home/airflow/.local/lib/python3.9/site-packages/airflow/example_dags/example_branch_day_of_week_operator.py took 0.098 seconds
[2025-02-04T16:34:12.681+0000] {processor.py:186} INFO - Started process (PID=1520) to work on /home/airflow/.local/lib/python3.9/site-packages/airflow/example_dags/example_branch_day_of_week_operator.py
[2025-02-04T16:34:12.683+0000] {processor.py:914} INFO - Processing file /home/airflow/.local/lib/python3.9/site-packages/airflow/example_dags/example_branch_day_of_week_operator.py for tasks to queue
[2025-02-04T16:34:12.686+0000] {logging_mixin.py:190} INFO - [2025-02-04T16:34:12.685+0000] {dagbag.py:588} INFO - Filling up the DagBag from /home/airflow/.local/lib/python3.9/site-packages/airflow/example_dags/example_branch_day_of_week_operator.py
[2025-02-04T16:34:12.696+0000] {processor.py:925} INFO - DAG(s) 'example_weekday_branch_operator' retrieved from /home/airflow/.local/lib/python3.9/site-packages/airflow/example_dags/example_branch_day_of_week_operator.py
[2025-02-04T16:34:12.719+0000] {logging_mixin.py:190} INFO - [2025-02-04T16:34:12.719+0000] {dag.py:3239} INFO - Sync 1 DAGs
[2025-02-04T16:34:12.743+0000] {logging_mixin.py:190} INFO - [2025-02-04T16:34:12.743+0000] {dag.py:4180} INFO - Setting next_dagrun for example_weekday_branch_operator to 2025-02-03 00:00:00+00:00, run_after=2025-02-04 00:00:00+00:00
[2025-02-04T16:34:12.769+0000] {processor.py:208} INFO - Processing /home/airflow/.local/lib/python3.9/site-packages/airflow/example_dags/example_branch_day_of_week_operator.py took 0.094 seconds
[2025-02-04T16:34:46.205+0000] {processor.py:186} INFO - Started process (PID=1584) to work on /home/airflow/.local/lib/python3.9/site-packages/airflow/example_dags/example_branch_day_of_week_operator.py
[2025-02-04T16:34:46.207+0000] {processor.py:914} INFO - Processing file /home/airflow/.local/lib/python3.9/site-packages/airflow/example_dags/example_branch_day_of_week_operator.py for tasks to queue
[2025-02-04T16:34:46.210+0000] {logging_mixin.py:190} INFO - [2025-02-04T16:34:46.210+0000] {dagbag.py:588} INFO - Filling up the DagBag from /home/airflow/.local/lib/python3.9/site-packages/airflow/example_dags/example_branch_day_of_week_operator.py
[2025-02-04T16:34:46.221+0000] {processor.py:925} INFO - DAG(s) 'example_weekday_branch_operator' retrieved from /home/airflow/.local/lib/python3.9/site-packages/airflow/example_dags/example_branch_day_of_week_operator.py
[2025-02-04T16:34:46.247+0000] {logging_mixin.py:190} INFO - [2025-02-04T16:34:46.246+0000] {dag.py:3239} INFO - Sync 1 DAGs
[2025-02-04T16:34:46.275+0000] {logging_mixin.py:190} INFO - [2025-02-04T16:34:46.275+0000] {dag.py:4180} INFO - Setting next_dagrun for example_weekday_branch_operator to 2025-02-03 00:00:00+00:00, run_after=2025-02-04 00:00:00+00:00
[2025-02-04T16:34:46.345+0000] {processor.py:208} INFO - Processing /home/airflow/.local/lib/python3.9/site-packages/airflow/example_dags/example_branch_day_of_week_operator.py took 0.147 seconds
[2025-02-04T16:35:16.991+0000] {processor.py:186} INFO - Started process (PID=1648) to work on /home/airflow/.local/lib/python3.9/site-packages/airflow/example_dags/example_branch_day_of_week_operator.py
[2025-02-04T16:35:16.992+0000] {processor.py:914} INFO - Processing file /home/airflow/.local/lib/python3.9/site-packages/airflow/example_dags/example_branch_day_of_week_operator.py for tasks to queue
[2025-02-04T16:35:16.995+0000] {logging_mixin.py:190} INFO - [2025-02-04T16:35:16.995+0000] {dagbag.py:588} INFO - Filling up the DagBag from /home/airflow/.local/lib/python3.9/site-packages/airflow/example_dags/example_branch_day_of_week_operator.py
[2025-02-04T16:35:17.006+0000] {processor.py:925} INFO - DAG(s) 'example_weekday_branch_operator' retrieved from /home/airflow/.local/lib/python3.9/site-packages/airflow/example_dags/example_branch_day_of_week_operator.py
[2025-02-04T16:35:17.028+0000] {logging_mixin.py:190} INFO - [2025-02-04T16:35:17.028+0000] {dag.py:3239} INFO - Sync 1 DAGs
[2025-02-04T16:35:17.057+0000] {logging_mixin.py:190} INFO - [2025-02-04T16:35:17.056+0000] {dag.py:4180} INFO - Setting next_dagrun for example_weekday_branch_operator to 2025-02-03 00:00:00+00:00, run_after=2025-02-04 00:00:00+00:00
[2025-02-04T16:35:17.082+0000] {processor.py:208} INFO - Processing /home/airflow/.local/lib/python3.9/site-packages/airflow/example_dags/example_branch_day_of_week_operator.py took 0.099 seconds
[2025-02-04T16:35:47.995+0000] {processor.py:186} INFO - Started process (PID=1712) to work on /home/airflow/.local/lib/python3.9/site-packages/airflow/example_dags/example_branch_day_of_week_operator.py
[2025-02-04T16:35:47.996+0000] {processor.py:914} INFO - Processing file /home/airflow/.local/lib/python3.9/site-packages/airflow/example_dags/example_branch_day_of_week_operator.py for tasks to queue
[2025-02-04T16:35:47.998+0000] {logging_mixin.py:190} INFO - [2025-02-04T16:35:47.998+0000] {dagbag.py:588} INFO - Filling up the DagBag from /home/airflow/.local/lib/python3.9/site-packages/airflow/example_dags/example_branch_day_of_week_operator.py
[2025-02-04T16:35:48.009+0000] {processor.py:925} INFO - DAG(s) 'example_weekday_branch_operator' retrieved from /home/airflow/.local/lib/python3.9/site-packages/airflow/example_dags/example_branch_day_of_week_operator.py
[2025-02-04T16:35:48.032+0000] {logging_mixin.py:190} INFO - [2025-02-04T16:35:48.032+0000] {dag.py:3239} INFO - Sync 1 DAGs
[2025-02-04T16:35:48.084+0000] {logging_mixin.py:190} INFO - [2025-02-04T16:35:48.084+0000] {dag.py:4180} INFO - Setting next_dagrun for example_weekday_branch_operator to 2025-02-03 00:00:00+00:00, run_after=2025-02-04 00:00:00+00:00
[2025-02-04T16:35:48.111+0000] {processor.py:208} INFO - Processing /home/airflow/.local/lib/python3.9/site-packages/airflow/example_dags/example_branch_day_of_week_operator.py took 0.123 seconds
[2025-02-04T16:36:18.154+0000] {processor.py:186} INFO - Started process (PID=1777) to work on /home/airflow/.local/lib/python3.9/site-packages/airflow/example_dags/example_branch_day_of_week_operator.py
[2025-02-04T16:36:18.155+0000] {processor.py:914} INFO - Processing file /home/airflow/.local/lib/python3.9/site-packages/airflow/example_dags/example_branch_day_of_week_operator.py for tasks to queue
[2025-02-04T16:36:18.157+0000] {logging_mixin.py:190} INFO - [2025-02-04T16:36:18.157+0000] {dagbag.py:588} INFO - Filling up the DagBag from /home/airflow/.local/lib/python3.9/site-packages/airflow/example_dags/example_branch_day_of_week_operator.py
[2025-02-04T16:36:18.166+0000] {processor.py:925} INFO - DAG(s) 'example_weekday_branch_operator' retrieved from /home/airflow/.local/lib/python3.9/site-packages/airflow/example_dags/example_branch_day_of_week_operator.py
[2025-02-04T16:36:18.189+0000] {logging_mixin.py:190} INFO - [2025-02-04T16:36:18.188+0000] {dag.py:3239} INFO - Sync 1 DAGs
[2025-02-04T16:36:18.215+0000] {logging_mixin.py:190} INFO - [2025-02-04T16:36:18.215+0000] {dag.py:4180} INFO - Setting next_dagrun for example_weekday_branch_operator to 2025-02-03 00:00:00+00:00, run_after=2025-02-04 00:00:00+00:00
[2025-02-04T16:36:18.243+0000] {processor.py:208} INFO - Processing /home/airflow/.local/lib/python3.9/site-packages/airflow/example_dags/example_branch_day_of_week_operator.py took 0.095 seconds
[2025-02-04T16:36:48.974+0000] {processor.py:186} INFO - Started process (PID=1841) to work on /home/airflow/.local/lib/python3.9/site-packages/airflow/example_dags/example_branch_day_of_week_operator.py
[2025-02-04T16:36:48.975+0000] {processor.py:914} INFO - Processing file /home/airflow/.local/lib/python3.9/site-packages/airflow/example_dags/example_branch_day_of_week_operator.py for tasks to queue
[2025-02-04T16:36:48.977+0000] {logging_mixin.py:190} INFO - [2025-02-04T16:36:48.977+0000] {dagbag.py:588} INFO - Filling up the DagBag from /home/airflow/.local/lib/python3.9/site-packages/airflow/example_dags/example_branch_day_of_week_operator.py
[2025-02-04T16:36:48.988+0000] {processor.py:925} INFO - DAG(s) 'example_weekday_branch_operator' retrieved from /home/airflow/.local/lib/python3.9/site-packages/airflow/example_dags/example_branch_day_of_week_operator.py
[2025-02-04T16:36:49.010+0000] {logging_mixin.py:190} INFO - [2025-02-04T16:36:49.010+0000] {dag.py:3239} INFO - Sync 1 DAGs
[2025-02-04T16:36:49.034+0000] {logging_mixin.py:190} INFO - [2025-02-04T16:36:49.034+0000] {dag.py:4180} INFO - Setting next_dagrun for example_weekday_branch_operator to 2025-02-03 00:00:00+00:00, run_after=2025-02-04 00:00:00+00:00
[2025-02-04T16:36:49.061+0000] {processor.py:208} INFO - Processing /home/airflow/.local/lib/python3.9/site-packages/airflow/example_dags/example_branch_day_of_week_operator.py took 0.093 seconds
[2025-02-04T16:39:24.237+0000] {processor.py:186} INFO - Started process (PID=1894) to work on /home/airflow/.local/lib/python3.9/site-packages/airflow/example_dags/example_branch_day_of_week_operator.py
[2025-02-04T16:39:24.238+0000] {processor.py:914} INFO - Processing file /home/airflow/.local/lib/python3.9/site-packages/airflow/example_dags/example_branch_day_of_week_operator.py for tasks to queue
[2025-02-04T16:39:24.241+0000] {logging_mixin.py:190} INFO - [2025-02-04T16:39:24.240+0000] {dagbag.py:588} INFO - Filling up the DagBag from /home/airflow/.local/lib/python3.9/site-packages/airflow/example_dags/example_branch_day_of_week_operator.py
[2025-02-04T16:39:24.255+0000] {processor.py:925} INFO - DAG(s) 'example_weekday_branch_operator' retrieved from /home/airflow/.local/lib/python3.9/site-packages/airflow/example_dags/example_branch_day_of_week_operator.py
[2025-02-04T16:39:24.277+0000] {logging_mixin.py:190} INFO - [2025-02-04T16:39:24.277+0000] {dag.py:3239} INFO - Sync 1 DAGs
[2025-02-04T16:39:24.302+0000] {logging_mixin.py:190} INFO - [2025-02-04T16:39:24.302+0000] {dag.py:4180} INFO - Setting next_dagrun for example_weekday_branch_operator to 2025-02-03 00:00:00+00:00, run_after=2025-02-04 00:00:00+00:00
[2025-02-04T16:39:24.337+0000] {processor.py:208} INFO - Processing /home/airflow/.local/lib/python3.9/site-packages/airflow/example_dags/example_branch_day_of_week_operator.py took 0.117 seconds
[2025-02-04T16:39:55.387+0000] {processor.py:186} INFO - Started process (PID=1958) to work on /home/airflow/.local/lib/python3.9/site-packages/airflow/example_dags/example_branch_day_of_week_operator.py
[2025-02-04T16:39:55.388+0000] {processor.py:914} INFO - Processing file /home/airflow/.local/lib/python3.9/site-packages/airflow/example_dags/example_branch_day_of_week_operator.py for tasks to queue
[2025-02-04T16:39:55.390+0000] {logging_mixin.py:190} INFO - [2025-02-04T16:39:55.390+0000] {dagbag.py:588} INFO - Filling up the DagBag from /home/airflow/.local/lib/python3.9/site-packages/airflow/example_dags/example_branch_day_of_week_operator.py
[2025-02-04T16:39:55.399+0000] {processor.py:925} INFO - DAG(s) 'example_weekday_branch_operator' retrieved from /home/airflow/.local/lib/python3.9/site-packages/airflow/example_dags/example_branch_day_of_week_operator.py
[2025-02-04T16:39:55.420+0000] {logging_mixin.py:190} INFO - [2025-02-04T16:39:55.419+0000] {dag.py:3239} INFO - Sync 1 DAGs
[2025-02-04T16:39:55.443+0000] {logging_mixin.py:190} INFO - [2025-02-04T16:39:55.443+0000] {dag.py:4180} INFO - Setting next_dagrun for example_weekday_branch_operator to 2025-02-03 00:00:00+00:00, run_after=2025-02-04 00:00:00+00:00
[2025-02-04T16:39:55.466+0000] {processor.py:208} INFO - Processing /home/airflow/.local/lib/python3.9/site-packages/airflow/example_dags/example_branch_day_of_week_operator.py took 0.086 seconds
[2025-02-04T16:40:26.387+0000] {processor.py:186} INFO - Started process (PID=2022) to work on /home/airflow/.local/lib/python3.9/site-packages/airflow/example_dags/example_branch_day_of_week_operator.py
[2025-02-04T16:40:26.389+0000] {processor.py:914} INFO - Processing file /home/airflow/.local/lib/python3.9/site-packages/airflow/example_dags/example_branch_day_of_week_operator.py for tasks to queue
[2025-02-04T16:40:26.391+0000] {logging_mixin.py:190} INFO - [2025-02-04T16:40:26.390+0000] {dagbag.py:588} INFO - Filling up the DagBag from /home/airflow/.local/lib/python3.9/site-packages/airflow/example_dags/example_branch_day_of_week_operator.py
[2025-02-04T16:40:26.402+0000] {processor.py:925} INFO - DAG(s) 'example_weekday_branch_operator' retrieved from /home/airflow/.local/lib/python3.9/site-packages/airflow/example_dags/example_branch_day_of_week_operator.py
[2025-02-04T16:40:26.426+0000] {logging_mixin.py:190} INFO - [2025-02-04T16:40:26.425+0000] {dag.py:3239} INFO - Sync 1 DAGs
[2025-02-04T16:40:26.453+0000] {logging_mixin.py:190} INFO - [2025-02-04T16:40:26.453+0000] {dag.py:4180} INFO - Setting next_dagrun for example_weekday_branch_operator to 2025-02-03 00:00:00+00:00, run_after=2025-02-04 00:00:00+00:00
[2025-02-04T16:40:26.479+0000] {processor.py:208} INFO - Processing /home/airflow/.local/lib/python3.9/site-packages/airflow/example_dags/example_branch_day_of_week_operator.py took 0.099 seconds
[2025-02-04T16:40:57.357+0000] {processor.py:186} INFO - Started process (PID=2086) to work on /home/airflow/.local/lib/python3.9/site-packages/airflow/example_dags/example_branch_day_of_week_operator.py
[2025-02-04T16:40:57.359+0000] {processor.py:914} INFO - Processing file /home/airflow/.local/lib/python3.9/site-packages/airflow/example_dags/example_branch_day_of_week_operator.py for tasks to queue
[2025-02-04T16:40:57.360+0000] {logging_mixin.py:190} INFO - [2025-02-04T16:40:57.360+0000] {dagbag.py:588} INFO - Filling up the DagBag from /home/airflow/.local/lib/python3.9/site-packages/airflow/example_dags/example_branch_day_of_week_operator.py
[2025-02-04T16:40:57.370+0000] {processor.py:925} INFO - DAG(s) 'example_weekday_branch_operator' retrieved from /home/airflow/.local/lib/python3.9/site-packages/airflow/example_dags/example_branch_day_of_week_operator.py
[2025-02-04T16:40:57.394+0000] {logging_mixin.py:190} INFO - [2025-02-04T16:40:57.394+0000] {dag.py:3239} INFO - Sync 1 DAGs
[2025-02-04T16:40:57.421+0000] {logging_mixin.py:190} INFO - [2025-02-04T16:40:57.421+0000] {dag.py:4180} INFO - Setting next_dagrun for example_weekday_branch_operator to 2025-02-03 00:00:00+00:00, run_after=2025-02-04 00:00:00+00:00
[2025-02-04T16:40:57.448+0000] {processor.py:208} INFO - Processing /home/airflow/.local/lib/python3.9/site-packages/airflow/example_dags/example_branch_day_of_week_operator.py took 0.097 seconds
[2025-02-04T16:41:28.296+0000] {processor.py:186} INFO - Started process (PID=2150) to work on /home/airflow/.local/lib/python3.9/site-packages/airflow/example_dags/example_branch_day_of_week_operator.py
[2025-02-04T16:41:28.298+0000] {processor.py:914} INFO - Processing file /home/airflow/.local/lib/python3.9/site-packages/airflow/example_dags/example_branch_day_of_week_operator.py for tasks to queue
[2025-02-04T16:41:28.299+0000] {logging_mixin.py:190} INFO - [2025-02-04T16:41:28.299+0000] {dagbag.py:588} INFO - Filling up the DagBag from /home/airflow/.local/lib/python3.9/site-packages/airflow/example_dags/example_branch_day_of_week_operator.py
[2025-02-04T16:41:28.309+0000] {processor.py:925} INFO - DAG(s) 'example_weekday_branch_operator' retrieved from /home/airflow/.local/lib/python3.9/site-packages/airflow/example_dags/example_branch_day_of_week_operator.py
[2025-02-04T16:41:28.330+0000] {logging_mixin.py:190} INFO - [2025-02-04T16:41:28.330+0000] {dag.py:3239} INFO - Sync 1 DAGs
[2025-02-04T16:41:28.356+0000] {logging_mixin.py:190} INFO - [2025-02-04T16:41:28.356+0000] {dag.py:4180} INFO - Setting next_dagrun for example_weekday_branch_operator to 2025-02-03 00:00:00+00:00, run_after=2025-02-04 00:00:00+00:00
[2025-02-04T16:41:28.382+0000] {processor.py:208} INFO - Processing /home/airflow/.local/lib/python3.9/site-packages/airflow/example_dags/example_branch_day_of_week_operator.py took 0.092 seconds
[2025-02-04T16:41:58.623+0000] {processor.py:186} INFO - Started process (PID=2214) to work on /home/airflow/.local/lib/python3.9/site-packages/airflow/example_dags/example_branch_day_of_week_operator.py
[2025-02-04T16:41:58.624+0000] {processor.py:914} INFO - Processing file /home/airflow/.local/lib/python3.9/site-packages/airflow/example_dags/example_branch_day_of_week_operator.py for tasks to queue
[2025-02-04T16:41:58.626+0000] {logging_mixin.py:190} INFO - [2025-02-04T16:41:58.626+0000] {dagbag.py:588} INFO - Filling up the DagBag from /home/airflow/.local/lib/python3.9/site-packages/airflow/example_dags/example_branch_day_of_week_operator.py
[2025-02-04T16:41:58.641+0000] {processor.py:925} INFO - DAG(s) 'example_weekday_branch_operator' retrieved from /home/airflow/.local/lib/python3.9/site-packages/airflow/example_dags/example_branch_day_of_week_operator.py
[2025-02-04T16:41:58.671+0000] {logging_mixin.py:190} INFO - [2025-02-04T16:41:58.671+0000] {dag.py:3239} INFO - Sync 1 DAGs
[2025-02-04T16:41:58.708+0000] {logging_mixin.py:190} INFO - [2025-02-04T16:41:58.708+0000] {dag.py:4180} INFO - Setting next_dagrun for example_weekday_branch_operator to 2025-02-03 00:00:00+00:00, run_after=2025-02-04 00:00:00+00:00
[2025-02-04T16:41:58.733+0000] {processor.py:208} INFO - Processing /home/airflow/.local/lib/python3.9/site-packages/airflow/example_dags/example_branch_day_of_week_operator.py took 0.118 seconds
[2025-02-04T16:42:28.830+0000] {processor.py:186} INFO - Started process (PID=2278) to work on /home/airflow/.local/lib/python3.9/site-packages/airflow/example_dags/example_branch_day_of_week_operator.py
[2025-02-04T16:42:28.832+0000] {processor.py:914} INFO - Processing file /home/airflow/.local/lib/python3.9/site-packages/airflow/example_dags/example_branch_day_of_week_operator.py for tasks to queue
[2025-02-04T16:42:28.833+0000] {logging_mixin.py:190} INFO - [2025-02-04T16:42:28.833+0000] {dagbag.py:588} INFO - Filling up the DagBag from /home/airflow/.local/lib/python3.9/site-packages/airflow/example_dags/example_branch_day_of_week_operator.py
[2025-02-04T16:42:28.845+0000] {processor.py:925} INFO - DAG(s) 'example_weekday_branch_operator' retrieved from /home/airflow/.local/lib/python3.9/site-packages/airflow/example_dags/example_branch_day_of_week_operator.py
[2025-02-04T16:42:28.872+0000] {logging_mixin.py:190} INFO - [2025-02-04T16:42:28.872+0000] {dag.py:3239} INFO - Sync 1 DAGs
[2025-02-04T16:42:28.903+0000] {logging_mixin.py:190} INFO - [2025-02-04T16:42:28.902+0000] {dag.py:4180} INFO - Setting next_dagrun for example_weekday_branch_operator to 2025-02-03 00:00:00+00:00, run_after=2025-02-04 00:00:00+00:00
[2025-02-04T16:42:28.933+0000] {processor.py:208} INFO - Processing /home/airflow/.local/lib/python3.9/site-packages/airflow/example_dags/example_branch_day_of_week_operator.py took 0.111 seconds
[2025-02-04T16:42:59.470+0000] {processor.py:186} INFO - Started process (PID=2342) to work on /home/airflow/.local/lib/python3.9/site-packages/airflow/example_dags/example_branch_day_of_week_operator.py
[2025-02-04T16:42:59.471+0000] {processor.py:914} INFO - Processing file /home/airflow/.local/lib/python3.9/site-packages/airflow/example_dags/example_branch_day_of_week_operator.py for tasks to queue
[2025-02-04T16:42:59.473+0000] {logging_mixin.py:190} INFO - [2025-02-04T16:42:59.473+0000] {dagbag.py:588} INFO - Filling up the DagBag from /home/airflow/.local/lib/python3.9/site-packages/airflow/example_dags/example_branch_day_of_week_operator.py
[2025-02-04T16:42:59.484+0000] {processor.py:925} INFO - DAG(s) 'example_weekday_branch_operator' retrieved from /home/airflow/.local/lib/python3.9/site-packages/airflow/example_dags/example_branch_day_of_week_operator.py
[2025-02-04T16:42:59.506+0000] {logging_mixin.py:190} INFO - [2025-02-04T16:42:59.506+0000] {dag.py:3239} INFO - Sync 1 DAGs
[2025-02-04T16:42:59.533+0000] {logging_mixin.py:190} INFO - [2025-02-04T16:42:59.533+0000] {dag.py:4180} INFO - Setting next_dagrun for example_weekday_branch_operator to 2025-02-03 00:00:00+00:00, run_after=2025-02-04 00:00:00+00:00
[2025-02-04T16:42:59.561+0000] {processor.py:208} INFO - Processing /home/airflow/.local/lib/python3.9/site-packages/airflow/example_dags/example_branch_day_of_week_operator.py took 0.098 seconds
[2025-02-04T16:43:29.733+0000] {processor.py:186} INFO - Started process (PID=2406) to work on /home/airflow/.local/lib/python3.9/site-packages/airflow/example_dags/example_branch_day_of_week_operator.py
[2025-02-04T16:43:29.734+0000] {processor.py:914} INFO - Processing file /home/airflow/.local/lib/python3.9/site-packages/airflow/example_dags/example_branch_day_of_week_operator.py for tasks to queue
[2025-02-04T16:43:29.736+0000] {logging_mixin.py:190} INFO - [2025-02-04T16:43:29.736+0000] {dagbag.py:588} INFO - Filling up the DagBag from /home/airflow/.local/lib/python3.9/site-packages/airflow/example_dags/example_branch_day_of_week_operator.py
[2025-02-04T16:43:29.748+0000] {processor.py:925} INFO - DAG(s) 'example_weekday_branch_operator' retrieved from /home/airflow/.local/lib/python3.9/site-packages/airflow/example_dags/example_branch_day_of_week_operator.py
[2025-02-04T16:43:29.772+0000] {logging_mixin.py:190} INFO - [2025-02-04T16:43:29.772+0000] {dag.py:3239} INFO - Sync 1 DAGs
[2025-02-04T16:43:29.800+0000] {logging_mixin.py:190} INFO - [2025-02-04T16:43:29.799+0000] {dag.py:4180} INFO - Setting next_dagrun for example_weekday_branch_operator to 2025-02-03 00:00:00+00:00, run_after=2025-02-04 00:00:00+00:00
[2025-02-04T16:43:29.835+0000] {processor.py:208} INFO - Processing /home/airflow/.local/lib/python3.9/site-packages/airflow/example_dags/example_branch_day_of_week_operator.py took 0.110 seconds
[2025-02-04T16:44:00.582+0000] {processor.py:186} INFO - Started process (PID=2470) to work on /home/airflow/.local/lib/python3.9/site-packages/airflow/example_dags/example_branch_day_of_week_operator.py
[2025-02-04T16:44:00.584+0000] {processor.py:914} INFO - Processing file /home/airflow/.local/lib/python3.9/site-packages/airflow/example_dags/example_branch_day_of_week_operator.py for tasks to queue
[2025-02-04T16:44:00.586+0000] {logging_mixin.py:190} INFO - [2025-02-04T16:44:00.586+0000] {dagbag.py:588} INFO - Filling up the DagBag from /home/airflow/.local/lib/python3.9/site-packages/airflow/example_dags/example_branch_day_of_week_operator.py
[2025-02-04T16:44:00.598+0000] {processor.py:925} INFO - DAG(s) 'example_weekday_branch_operator' retrieved from /home/airflow/.local/lib/python3.9/site-packages/airflow/example_dags/example_branch_day_of_week_operator.py
[2025-02-04T16:44:00.623+0000] {logging_mixin.py:190} INFO - [2025-02-04T16:44:00.623+0000] {dag.py:3239} INFO - Sync 1 DAGs
[2025-02-04T16:44:00.657+0000] {logging_mixin.py:190} INFO - [2025-02-04T16:44:00.657+0000] {dag.py:4180} INFO - Setting next_dagrun for example_weekday_branch_operator to 2025-02-03 00:00:00+00:00, run_after=2025-02-04 00:00:00+00:00
[2025-02-04T16:44:00.687+0000] {processor.py:208} INFO - Processing /home/airflow/.local/lib/python3.9/site-packages/airflow/example_dags/example_branch_day_of_week_operator.py took 0.113 seconds
[2025-02-04T16:44:30.743+0000] {processor.py:186} INFO - Started process (PID=2534) to work on /home/airflow/.local/lib/python3.9/site-packages/airflow/example_dags/example_branch_day_of_week_operator.py
[2025-02-04T16:44:30.744+0000] {processor.py:914} INFO - Processing file /home/airflow/.local/lib/python3.9/site-packages/airflow/example_dags/example_branch_day_of_week_operator.py for tasks to queue
[2025-02-04T16:44:30.745+0000] {logging_mixin.py:190} INFO - [2025-02-04T16:44:30.745+0000] {dagbag.py:588} INFO - Filling up the DagBag from /home/airflow/.local/lib/python3.9/site-packages/airflow/example_dags/example_branch_day_of_week_operator.py
[2025-02-04T16:44:30.755+0000] {processor.py:925} INFO - DAG(s) 'example_weekday_branch_operator' retrieved from /home/airflow/.local/lib/python3.9/site-packages/airflow/example_dags/example_branch_day_of_week_operator.py
[2025-02-04T16:44:30.777+0000] {logging_mixin.py:190} INFO - [2025-02-04T16:44:30.777+0000] {dag.py:3239} INFO - Sync 1 DAGs
[2025-02-04T16:44:30.801+0000] {logging_mixin.py:190} INFO - [2025-02-04T16:44:30.801+0000] {dag.py:4180} INFO - Setting next_dagrun for example_weekday_branch_operator to 2025-02-03 00:00:00+00:00, run_after=2025-02-04 00:00:00+00:00
[2025-02-04T16:44:30.827+0000] {processor.py:208} INFO - Processing /home/airflow/.local/lib/python3.9/site-packages/airflow/example_dags/example_branch_day_of_week_operator.py took 0.090 seconds
[2025-02-04T16:45:01.444+0000] {processor.py:186} INFO - Started process (PID=2598) to work on /home/airflow/.local/lib/python3.9/site-packages/airflow/example_dags/example_branch_day_of_week_operator.py
[2025-02-04T16:45:01.446+0000] {processor.py:914} INFO - Processing file /home/airflow/.local/lib/python3.9/site-packages/airflow/example_dags/example_branch_day_of_week_operator.py for tasks to queue
[2025-02-04T16:45:01.448+0000] {logging_mixin.py:190} INFO - [2025-02-04T16:45:01.448+0000] {dagbag.py:588} INFO - Filling up the DagBag from /home/airflow/.local/lib/python3.9/site-packages/airflow/example_dags/example_branch_day_of_week_operator.py
[2025-02-04T16:45:01.472+0000] {processor.py:925} INFO - DAG(s) 'example_weekday_branch_operator' retrieved from /home/airflow/.local/lib/python3.9/site-packages/airflow/example_dags/example_branch_day_of_week_operator.py
[2025-02-04T16:45:01.508+0000] {logging_mixin.py:190} INFO - [2025-02-04T16:45:01.508+0000] {dag.py:3239} INFO - Sync 1 DAGs
[2025-02-04T16:45:01.532+0000] {logging_mixin.py:190} INFO - [2025-02-04T16:45:01.532+0000] {dag.py:4180} INFO - Setting next_dagrun for example_weekday_branch_operator to 2025-02-03 00:00:00+00:00, run_after=2025-02-04 00:00:00+00:00
[2025-02-04T16:45:01.557+0000] {processor.py:208} INFO - Processing /home/airflow/.local/lib/python3.9/site-packages/airflow/example_dags/example_branch_day_of_week_operator.py took 0.122 seconds
[2025-02-04T16:45:31.690+0000] {processor.py:186} INFO - Started process (PID=2662) to work on /home/airflow/.local/lib/python3.9/site-packages/airflow/example_dags/example_branch_day_of_week_operator.py
[2025-02-04T16:45:31.691+0000] {processor.py:914} INFO - Processing file /home/airflow/.local/lib/python3.9/site-packages/airflow/example_dags/example_branch_day_of_week_operator.py for tasks to queue
[2025-02-04T16:45:31.692+0000] {logging_mixin.py:190} INFO - [2025-02-04T16:45:31.692+0000] {dagbag.py:588} INFO - Filling up the DagBag from /home/airflow/.local/lib/python3.9/site-packages/airflow/example_dags/example_branch_day_of_week_operator.py
[2025-02-04T16:45:31.703+0000] {processor.py:925} INFO - DAG(s) 'example_weekday_branch_operator' retrieved from /home/airflow/.local/lib/python3.9/site-packages/airflow/example_dags/example_branch_day_of_week_operator.py
[2025-02-04T16:45:31.726+0000] {logging_mixin.py:190} INFO - [2025-02-04T16:45:31.725+0000] {dag.py:3239} INFO - Sync 1 DAGs
[2025-02-04T16:45:31.755+0000] {logging_mixin.py:190} INFO - [2025-02-04T16:45:31.754+0000] {dag.py:4180} INFO - Setting next_dagrun for example_weekday_branch_operator to 2025-02-03 00:00:00+00:00, run_after=2025-02-04 00:00:00+00:00
[2025-02-04T16:45:31.779+0000] {processor.py:208} INFO - Processing /home/airflow/.local/lib/python3.9/site-packages/airflow/example_dags/example_branch_day_of_week_operator.py took 0.096 seconds
[2025-02-04T16:46:04.443+0000] {processor.py:186} INFO - Started process (PID=2733) to work on /home/airflow/.local/lib/python3.9/site-packages/airflow/example_dags/example_branch_day_of_week_operator.py
[2025-02-04T16:46:04.444+0000] {processor.py:914} INFO - Processing file /home/airflow/.local/lib/python3.9/site-packages/airflow/example_dags/example_branch_day_of_week_operator.py for tasks to queue
[2025-02-04T16:46:04.446+0000] {logging_mixin.py:190} INFO - [2025-02-04T16:46:04.446+0000] {dagbag.py:588} INFO - Filling up the DagBag from /home/airflow/.local/lib/python3.9/site-packages/airflow/example_dags/example_branch_day_of_week_operator.py
[2025-02-04T16:46:04.457+0000] {processor.py:925} INFO - DAG(s) 'example_weekday_branch_operator' retrieved from /home/airflow/.local/lib/python3.9/site-packages/airflow/example_dags/example_branch_day_of_week_operator.py
[2025-02-04T16:46:04.488+0000] {logging_mixin.py:190} INFO - [2025-02-04T16:46:04.487+0000] {dag.py:3239} INFO - Sync 1 DAGs
[2025-02-04T16:46:04.527+0000] {logging_mixin.py:190} INFO - [2025-02-04T16:46:04.526+0000] {dag.py:4180} INFO - Setting next_dagrun for example_weekday_branch_operator to 2025-02-03 00:00:00+00:00, run_after=2025-02-04 00:00:00+00:00
[2025-02-04T16:46:04.553+0000] {processor.py:208} INFO - Processing /home/airflow/.local/lib/python3.9/site-packages/airflow/example_dags/example_branch_day_of_week_operator.py took 0.118 seconds
[2025-02-04T16:46:34.561+0000] {processor.py:186} INFO - Started process (PID=2797) to work on /home/airflow/.local/lib/python3.9/site-packages/airflow/example_dags/example_branch_day_of_week_operator.py
[2025-02-04T16:46:34.562+0000] {processor.py:914} INFO - Processing file /home/airflow/.local/lib/python3.9/site-packages/airflow/example_dags/example_branch_day_of_week_operator.py for tasks to queue
[2025-02-04T16:46:34.564+0000] {logging_mixin.py:190} INFO - [2025-02-04T16:46:34.563+0000] {dagbag.py:588} INFO - Filling up the DagBag from /home/airflow/.local/lib/python3.9/site-packages/airflow/example_dags/example_branch_day_of_week_operator.py
[2025-02-04T16:46:34.574+0000] {processor.py:925} INFO - DAG(s) 'example_weekday_branch_operator' retrieved from /home/airflow/.local/lib/python3.9/site-packages/airflow/example_dags/example_branch_day_of_week_operator.py
[2025-02-04T16:46:34.597+0000] {logging_mixin.py:190} INFO - [2025-02-04T16:46:34.597+0000] {dag.py:3239} INFO - Sync 1 DAGs
[2025-02-04T16:46:34.621+0000] {logging_mixin.py:190} INFO - [2025-02-04T16:46:34.621+0000] {dag.py:4180} INFO - Setting next_dagrun for example_weekday_branch_operator to 2025-02-03 00:00:00+00:00, run_after=2025-02-04 00:00:00+00:00
[2025-02-04T16:46:34.650+0000] {processor.py:208} INFO - Processing /home/airflow/.local/lib/python3.9/site-packages/airflow/example_dags/example_branch_day_of_week_operator.py took 0.096 seconds
[2025-02-04T16:47:09.433+0000] {processor.py:186} INFO - Started process (PID=2864) to work on /home/airflow/.local/lib/python3.9/site-packages/airflow/example_dags/example_branch_day_of_week_operator.py
[2025-02-04T16:47:09.434+0000] {processor.py:914} INFO - Processing file /home/airflow/.local/lib/python3.9/site-packages/airflow/example_dags/example_branch_day_of_week_operator.py for tasks to queue
[2025-02-04T16:47:09.437+0000] {logging_mixin.py:190} INFO - [2025-02-04T16:47:09.436+0000] {dagbag.py:588} INFO - Filling up the DagBag from /home/airflow/.local/lib/python3.9/site-packages/airflow/example_dags/example_branch_day_of_week_operator.py
[2025-02-04T16:47:09.451+0000] {processor.py:925} INFO - DAG(s) 'example_weekday_branch_operator' retrieved from /home/airflow/.local/lib/python3.9/site-packages/airflow/example_dags/example_branch_day_of_week_operator.py
[2025-02-04T16:47:09.476+0000] {logging_mixin.py:190} INFO - [2025-02-04T16:47:09.475+0000] {dag.py:3239} INFO - Sync 1 DAGs
[2025-02-04T16:47:09.499+0000] {logging_mixin.py:190} INFO - [2025-02-04T16:47:09.499+0000] {dag.py:4180} INFO - Setting next_dagrun for example_weekday_branch_operator to 2025-02-03 00:00:00+00:00, run_after=2025-02-04 00:00:00+00:00
[2025-02-04T16:47:09.548+0000] {processor.py:208} INFO - Processing /home/airflow/.local/lib/python3.9/site-packages/airflow/example_dags/example_branch_day_of_week_operator.py took 0.124 seconds
[2025-02-04T16:47:50.191+0000] {processor.py:186} INFO - Started process (PID=2928) to work on /home/airflow/.local/lib/python3.9/site-packages/airflow/example_dags/example_branch_day_of_week_operator.py
[2025-02-04T16:47:50.192+0000] {processor.py:914} INFO - Processing file /home/airflow/.local/lib/python3.9/site-packages/airflow/example_dags/example_branch_day_of_week_operator.py for tasks to queue
[2025-02-04T16:47:50.194+0000] {logging_mixin.py:190} INFO - [2025-02-04T16:47:50.194+0000] {dagbag.py:588} INFO - Filling up the DagBag from /home/airflow/.local/lib/python3.9/site-packages/airflow/example_dags/example_branch_day_of_week_operator.py
[2025-02-04T16:47:50.206+0000] {processor.py:925} INFO - DAG(s) 'example_weekday_branch_operator' retrieved from /home/airflow/.local/lib/python3.9/site-packages/airflow/example_dags/example_branch_day_of_week_operator.py
[2025-02-04T16:47:50.230+0000] {logging_mixin.py:190} INFO - [2025-02-04T16:47:50.230+0000] {dag.py:3239} INFO - Sync 1 DAGs
[2025-02-04T16:47:50.268+0000] {logging_mixin.py:190} INFO - [2025-02-04T16:47:50.267+0000] {dag.py:4180} INFO - Setting next_dagrun for example_weekday_branch_operator to 2025-02-03 00:00:00+00:00, run_after=2025-02-04 00:00:00+00:00
[2025-02-04T16:47:50.316+0000] {processor.py:208} INFO - Processing /home/airflow/.local/lib/python3.9/site-packages/airflow/example_dags/example_branch_day_of_week_operator.py took 0.132 seconds
[2025-02-04T16:48:20.958+0000] {processor.py:186} INFO - Started process (PID=2993) to work on /home/airflow/.local/lib/python3.9/site-packages/airflow/example_dags/example_branch_day_of_week_operator.py
[2025-02-04T16:48:20.959+0000] {processor.py:914} INFO - Processing file /home/airflow/.local/lib/python3.9/site-packages/airflow/example_dags/example_branch_day_of_week_operator.py for tasks to queue
[2025-02-04T16:48:20.960+0000] {logging_mixin.py:190} INFO - [2025-02-04T16:48:20.960+0000] {dagbag.py:588} INFO - Filling up the DagBag from /home/airflow/.local/lib/python3.9/site-packages/airflow/example_dags/example_branch_day_of_week_operator.py
[2025-02-04T16:48:20.970+0000] {processor.py:925} INFO - DAG(s) 'example_weekday_branch_operator' retrieved from /home/airflow/.local/lib/python3.9/site-packages/airflow/example_dags/example_branch_day_of_week_operator.py
[2025-02-04T16:48:20.993+0000] {logging_mixin.py:190} INFO - [2025-02-04T16:48:20.993+0000] {dag.py:3239} INFO - Sync 1 DAGs
[2025-02-04T16:48:21.020+0000] {logging_mixin.py:190} INFO - [2025-02-04T16:48:21.019+0000] {dag.py:4180} INFO - Setting next_dagrun for example_weekday_branch_operator to 2025-02-03 00:00:00+00:00, run_after=2025-02-04 00:00:00+00:00
[2025-02-04T16:48:21.050+0000] {processor.py:208} INFO - Processing /home/airflow/.local/lib/python3.9/site-packages/airflow/example_dags/example_branch_day_of_week_operator.py took 0.100 seconds
[2025-02-04T16:48:51.165+0000] {processor.py:186} INFO - Started process (PID=3056) to work on /home/airflow/.local/lib/python3.9/site-packages/airflow/example_dags/example_branch_day_of_week_operator.py
[2025-02-04T16:48:51.167+0000] {processor.py:914} INFO - Processing file /home/airflow/.local/lib/python3.9/site-packages/airflow/example_dags/example_branch_day_of_week_operator.py for tasks to queue
[2025-02-04T16:48:51.168+0000] {logging_mixin.py:190} INFO - [2025-02-04T16:48:51.168+0000] {dagbag.py:588} INFO - Filling up the DagBag from /home/airflow/.local/lib/python3.9/site-packages/airflow/example_dags/example_branch_day_of_week_operator.py
[2025-02-04T16:48:51.179+0000] {processor.py:925} INFO - DAG(s) 'example_weekday_branch_operator' retrieved from /home/airflow/.local/lib/python3.9/site-packages/airflow/example_dags/example_branch_day_of_week_operator.py
[2025-02-04T16:48:51.201+0000] {logging_mixin.py:190} INFO - [2025-02-04T16:48:51.201+0000] {dag.py:3239} INFO - Sync 1 DAGs
[2025-02-04T16:48:51.226+0000] {logging_mixin.py:190} INFO - [2025-02-04T16:48:51.225+0000] {dag.py:4180} INFO - Setting next_dagrun for example_weekday_branch_operator to 2025-02-03 00:00:00+00:00, run_after=2025-02-04 00:00:00+00:00
[2025-02-04T16:48:51.250+0000] {processor.py:208} INFO - Processing /home/airflow/.local/lib/python3.9/site-packages/airflow/example_dags/example_branch_day_of_week_operator.py took 0.091 seconds
[2025-02-04T16:49:21.335+0000] {processor.py:186} INFO - Started process (PID=3120) to work on /home/airflow/.local/lib/python3.9/site-packages/airflow/example_dags/example_branch_day_of_week_operator.py
[2025-02-04T16:49:21.337+0000] {processor.py:914} INFO - Processing file /home/airflow/.local/lib/python3.9/site-packages/airflow/example_dags/example_branch_day_of_week_operator.py for tasks to queue
[2025-02-04T16:49:21.338+0000] {logging_mixin.py:190} INFO - [2025-02-04T16:49:21.338+0000] {dagbag.py:588} INFO - Filling up the DagBag from /home/airflow/.local/lib/python3.9/site-packages/airflow/example_dags/example_branch_day_of_week_operator.py
[2025-02-04T16:49:21.349+0000] {processor.py:925} INFO - DAG(s) 'example_weekday_branch_operator' retrieved from /home/airflow/.local/lib/python3.9/site-packages/airflow/example_dags/example_branch_day_of_week_operator.py
[2025-02-04T16:49:21.373+0000] {logging_mixin.py:190} INFO - [2025-02-04T16:49:21.373+0000] {dag.py:3239} INFO - Sync 1 DAGs
[2025-02-04T16:49:21.398+0000] {logging_mixin.py:190} INFO - [2025-02-04T16:49:21.397+0000] {dag.py:4180} INFO - Setting next_dagrun for example_weekday_branch_operator to 2025-02-03 00:00:00+00:00, run_after=2025-02-04 00:00:00+00:00
[2025-02-04T16:49:21.426+0000] {processor.py:208} INFO - Processing /home/airflow/.local/lib/python3.9/site-packages/airflow/example_dags/example_branch_day_of_week_operator.py took 0.098 seconds
[2025-02-04T16:49:51.509+0000] {processor.py:186} INFO - Started process (PID=3190) to work on /home/airflow/.local/lib/python3.9/site-packages/airflow/example_dags/example_branch_day_of_week_operator.py
[2025-02-04T16:49:51.510+0000] {processor.py:914} INFO - Processing file /home/airflow/.local/lib/python3.9/site-packages/airflow/example_dags/example_branch_day_of_week_operator.py for tasks to queue
[2025-02-04T16:49:51.512+0000] {logging_mixin.py:190} INFO - [2025-02-04T16:49:51.512+0000] {dagbag.py:588} INFO - Filling up the DagBag from /home/airflow/.local/lib/python3.9/site-packages/airflow/example_dags/example_branch_day_of_week_operator.py
[2025-02-04T16:49:51.522+0000] {processor.py:925} INFO - DAG(s) 'example_weekday_branch_operator' retrieved from /home/airflow/.local/lib/python3.9/site-packages/airflow/example_dags/example_branch_day_of_week_operator.py
[2025-02-04T16:49:51.544+0000] {logging_mixin.py:190} INFO - [2025-02-04T16:49:51.543+0000] {dag.py:3239} INFO - Sync 1 DAGs
[2025-02-04T16:49:51.567+0000] {logging_mixin.py:190} INFO - [2025-02-04T16:49:51.567+0000] {dag.py:4180} INFO - Setting next_dagrun for example_weekday_branch_operator to 2025-02-03 00:00:00+00:00, run_after=2025-02-04 00:00:00+00:00
[2025-02-04T16:49:51.593+0000] {processor.py:208} INFO - Processing /home/airflow/.local/lib/python3.9/site-packages/airflow/example_dags/example_branch_day_of_week_operator.py took 0.090 seconds
