[2025-02-04T16:23:10.904+0000] {processor.py:186} INFO - Started process (PID=134) to work on /home/airflow/.local/lib/python3.9/site-packages/airflow/example_dags/example_dataset_alias.py
[2025-02-04T16:23:10.906+0000] {processor.py:914} INFO - Processing file /home/airflow/.local/lib/python3.9/site-packages/airflow/example_dags/example_dataset_alias.py for tasks to queue
[2025-02-04T16:23:10.909+0000] {logging_mixin.py:190} INFO - [2025-02-04T16:23:10.908+0000] {dagbag.py:588} INFO - Filling up the DagBag from /home/airflow/.local/lib/python3.9/site-packages/airflow/example_dags/example_dataset_alias.py
[2025-02-04T16:23:11.006+0000] {processor.py:925} INFO - DAG(s) 'dataset_s3_bucket_consumer', 'dataset_alias_example_alias_producer', 'dataset_s3_bucket_producer', 'dataset_alias_example_alias_consumer' retrieved from /home/airflow/.local/lib/python3.9/site-packages/airflow/example_dags/example_dataset_alias.py
[2025-02-04T16:23:11.116+0000] {logging_mixin.py:190} INFO - [2025-02-04T16:23:11.115+0000] {override.py:1912} INFO - Created Permission View: can delete on DAG:dataset_s3_bucket_consumer
[2025-02-04T16:23:11.134+0000] {logging_mixin.py:190} INFO - [2025-02-04T16:23:11.133+0000] {override.py:1912} INFO - Created Permission View: can edit on DAG:dataset_s3_bucket_consumer
[2025-02-04T16:23:11.149+0000] {logging_mixin.py:190} INFO - [2025-02-04T16:23:11.148+0000] {override.py:1912} INFO - Created Permission View: can read on DAG:dataset_s3_bucket_consumer
[2025-02-04T16:23:11.168+0000] {logging_mixin.py:190} INFO - [2025-02-04T16:23:11.168+0000] {override.py:1912} INFO - Created Permission View: can delete on DAG Run:dataset_s3_bucket_consumer
[2025-02-04T16:23:11.181+0000] {logging_mixin.py:190} INFO - [2025-02-04T16:23:11.181+0000] {override.py:1912} INFO - Created Permission View: menu access on DAG Run:dataset_s3_bucket_consumer
[2025-02-04T16:23:11.197+0000] {logging_mixin.py:190} INFO - [2025-02-04T16:23:11.196+0000] {override.py:1912} INFO - Created Permission View: can read on DAG Run:dataset_s3_bucket_consumer
[2025-02-04T16:23:11.212+0000] {logging_mixin.py:190} INFO - [2025-02-04T16:23:11.212+0000] {override.py:1912} INFO - Created Permission View: can create on DAG Run:dataset_s3_bucket_consumer
[2025-02-04T16:23:11.246+0000] {logging_mixin.py:190} INFO - [2025-02-04T16:23:11.245+0000] {override.py:1912} INFO - Created Permission View: can delete on DAG:dataset_alias_example_alias_producer
[2025-02-04T16:23:11.262+0000] {logging_mixin.py:190} INFO - [2025-02-04T16:23:11.262+0000] {override.py:1912} INFO - Created Permission View: can edit on DAG:dataset_alias_example_alias_producer
[2025-02-04T16:23:11.275+0000] {logging_mixin.py:190} INFO - [2025-02-04T16:23:11.275+0000] {override.py:1912} INFO - Created Permission View: can read on DAG:dataset_alias_example_alias_producer
[2025-02-04T16:23:11.319+0000] {logging_mixin.py:190} INFO - [2025-02-04T16:23:11.318+0000] {override.py:1912} INFO - Created Permission View: can delete on DAG Run:dataset_alias_example_alias_producer
[2025-02-04T16:23:11.333+0000] {logging_mixin.py:190} INFO - [2025-02-04T16:23:11.332+0000] {override.py:1912} INFO - Created Permission View: menu access on DAG Run:dataset_alias_example_alias_producer
[2025-02-04T16:23:11.347+0000] {logging_mixin.py:190} INFO - [2025-02-04T16:23:11.346+0000] {override.py:1912} INFO - Created Permission View: can read on DAG Run:dataset_alias_example_alias_producer
[2025-02-04T16:23:11.361+0000] {logging_mixin.py:190} INFO - [2025-02-04T16:23:11.361+0000] {override.py:1912} INFO - Created Permission View: can create on DAG Run:dataset_alias_example_alias_producer
[2025-02-04T16:23:11.388+0000] {logging_mixin.py:190} INFO - [2025-02-04T16:23:11.388+0000] {override.py:1912} INFO - Created Permission View: can delete on DAG:dataset_s3_bucket_producer
[2025-02-04T16:23:11.402+0000] {logging_mixin.py:190} INFO - [2025-02-04T16:23:11.402+0000] {override.py:1912} INFO - Created Permission View: can edit on DAG:dataset_s3_bucket_producer
[2025-02-04T16:23:11.416+0000] {logging_mixin.py:190} INFO - [2025-02-04T16:23:11.415+0000] {override.py:1912} INFO - Created Permission View: can read on DAG:dataset_s3_bucket_producer
[2025-02-04T16:23:11.437+0000] {logging_mixin.py:190} INFO - [2025-02-04T16:23:11.436+0000] {override.py:1912} INFO - Created Permission View: can delete on DAG Run:dataset_s3_bucket_producer
[2025-02-04T16:23:11.450+0000] {logging_mixin.py:190} INFO - [2025-02-04T16:23:11.449+0000] {override.py:1912} INFO - Created Permission View: menu access on DAG Run:dataset_s3_bucket_producer
[2025-02-04T16:23:11.463+0000] {logging_mixin.py:190} INFO - [2025-02-04T16:23:11.463+0000] {override.py:1912} INFO - Created Permission View: can read on DAG Run:dataset_s3_bucket_producer
[2025-02-04T16:23:11.477+0000] {logging_mixin.py:190} INFO - [2025-02-04T16:23:11.476+0000] {override.py:1912} INFO - Created Permission View: can create on DAG Run:dataset_s3_bucket_producer
[2025-02-04T16:23:11.502+0000] {logging_mixin.py:190} INFO - [2025-02-04T16:23:11.501+0000] {override.py:1912} INFO - Created Permission View: can delete on DAG:dataset_alias_example_alias_consumer
[2025-02-04T16:23:11.515+0000] {logging_mixin.py:190} INFO - [2025-02-04T16:23:11.515+0000] {override.py:1912} INFO - Created Permission View: can edit on DAG:dataset_alias_example_alias_consumer
[2025-02-04T16:23:11.529+0000] {logging_mixin.py:190} INFO - [2025-02-04T16:23:11.528+0000] {override.py:1912} INFO - Created Permission View: can read on DAG:dataset_alias_example_alias_consumer
[2025-02-04T16:23:11.549+0000] {logging_mixin.py:190} INFO - [2025-02-04T16:23:11.548+0000] {override.py:1912} INFO - Created Permission View: can delete on DAG Run:dataset_alias_example_alias_consumer
[2025-02-04T16:23:11.562+0000] {logging_mixin.py:190} INFO - [2025-02-04T16:23:11.562+0000] {override.py:1912} INFO - Created Permission View: menu access on DAG Run:dataset_alias_example_alias_consumer
[2025-02-04T16:23:11.575+0000] {logging_mixin.py:190} INFO - [2025-02-04T16:23:11.575+0000] {override.py:1912} INFO - Created Permission View: can read on DAG Run:dataset_alias_example_alias_consumer
[2025-02-04T16:23:11.589+0000] {logging_mixin.py:190} INFO - [2025-02-04T16:23:11.589+0000] {override.py:1912} INFO - Created Permission View: can create on DAG Run:dataset_alias_example_alias_consumer
[2025-02-04T16:23:11.590+0000] {logging_mixin.py:190} INFO - [2025-02-04T16:23:11.590+0000] {dag.py:3239} INFO - Sync 4 DAGs
[2025-02-04T16:23:11.603+0000] {logging_mixin.py:190} INFO - [2025-02-04T16:23:11.602+0000] {dag.py:3262} INFO - Creating ORM DAG for dataset_alias_example_alias_consumer
[2025-02-04T16:23:11.604+0000] {logging_mixin.py:190} INFO - [2025-02-04T16:23:11.604+0000] {dag.py:3262} INFO - Creating ORM DAG for dataset_alias_example_alias_producer
[2025-02-04T16:23:11.605+0000] {logging_mixin.py:190} INFO - [2025-02-04T16:23:11.605+0000] {dag.py:3262} INFO - Creating ORM DAG for dataset_s3_bucket_producer
[2025-02-04T16:23:11.606+0000] {logging_mixin.py:190} INFO - [2025-02-04T16:23:11.606+0000] {dag.py:3262} INFO - Creating ORM DAG for dataset_s3_bucket_consumer
[2025-02-04T16:23:11.615+0000] {logging_mixin.py:190} INFO - [2025-02-04T16:23:11.615+0000] {dag.py:4180} INFO - Setting next_dagrun for dataset_alias_example_alias_consumer to None, run_after=None
[2025-02-04T16:23:11.617+0000] {logging_mixin.py:190} INFO - [2025-02-04T16:23:11.616+0000] {dag.py:4180} INFO - Setting next_dagrun for dataset_alias_example_alias_producer to None, run_after=None
[2025-02-04T16:23:11.618+0000] {logging_mixin.py:190} INFO - [2025-02-04T16:23:11.618+0000] {dag.py:4180} INFO - Setting next_dagrun for dataset_s3_bucket_consumer to None, run_after=None
[2025-02-04T16:23:11.619+0000] {logging_mixin.py:190} INFO - [2025-02-04T16:23:11.619+0000] {dag.py:4180} INFO - Setting next_dagrun for dataset_s3_bucket_producer to None, run_after=None
[2025-02-04T16:23:11.653+0000] {processor.py:208} INFO - Processing /home/airflow/.local/lib/python3.9/site-packages/airflow/example_dags/example_dataset_alias.py took 0.755 seconds
[2025-02-04T16:23:45.537+0000] {processor.py:186} INFO - Started process (PID=204) to work on /home/airflow/.local/lib/python3.9/site-packages/airflow/example_dags/example_dataset_alias.py
[2025-02-04T16:23:45.539+0000] {processor.py:914} INFO - Processing file /home/airflow/.local/lib/python3.9/site-packages/airflow/example_dags/example_dataset_alias.py for tasks to queue
[2025-02-04T16:23:45.542+0000] {logging_mixin.py:190} INFO - [2025-02-04T16:23:45.541+0000] {dagbag.py:588} INFO - Filling up the DagBag from /home/airflow/.local/lib/python3.9/site-packages/airflow/example_dags/example_dataset_alias.py
[2025-02-04T16:23:47.148+0000] {processor.py:925} INFO - DAG(s) 'dataset_s3_bucket_producer', 'dataset_alias_example_alias_producer', 'dataset_s3_bucket_consumer', 'dataset_alias_example_alias_consumer' retrieved from /home/airflow/.local/lib/python3.9/site-packages/airflow/example_dags/example_dataset_alias.py
[2025-02-04T16:23:48.245+0000] {logging_mixin.py:190} INFO - [2025-02-04T16:23:48.245+0000] {dag.py:3239} INFO - Sync 4 DAGs
[2025-02-04T16:23:48.268+0000] {logging_mixin.py:190} INFO - [2025-02-04T16:23:48.268+0000] {dag.py:4180} INFO - Setting next_dagrun for dataset_alias_example_alias_consumer to None, run_after=None
[2025-02-04T16:23:48.272+0000] {logging_mixin.py:190} INFO - [2025-02-04T16:23:48.272+0000] {dag.py:4180} INFO - Setting next_dagrun for dataset_alias_example_alias_producer to None, run_after=None
[2025-02-04T16:23:48.274+0000] {logging_mixin.py:190} INFO - [2025-02-04T16:23:48.274+0000] {dag.py:4180} INFO - Setting next_dagrun for dataset_s3_bucket_consumer to None, run_after=None
[2025-02-04T16:23:48.276+0000] {logging_mixin.py:190} INFO - [2025-02-04T16:23:48.276+0000] {dag.py:4180} INFO - Setting next_dagrun for dataset_s3_bucket_producer to None, run_after=None
[2025-02-04T16:23:48.304+0000] {processor.py:208} INFO - Processing /home/airflow/.local/lib/python3.9/site-packages/airflow/example_dags/example_dataset_alias.py took 2.773 seconds
[2025-02-04T16:24:18.411+0000] {processor.py:186} INFO - Started process (PID=269) to work on /home/airflow/.local/lib/python3.9/site-packages/airflow/example_dags/example_dataset_alias.py
[2025-02-04T16:24:18.412+0000] {processor.py:914} INFO - Processing file /home/airflow/.local/lib/python3.9/site-packages/airflow/example_dags/example_dataset_alias.py for tasks to queue
[2025-02-04T16:24:18.415+0000] {logging_mixin.py:190} INFO - [2025-02-04T16:24:18.415+0000] {dagbag.py:588} INFO - Filling up the DagBag from /home/airflow/.local/lib/python3.9/site-packages/airflow/example_dags/example_dataset_alias.py
[2025-02-04T16:24:18.449+0000] {processor.py:925} INFO - DAG(s) 'dataset_s3_bucket_producer', 'dataset_alias_example_alias_consumer', 'dataset_alias_example_alias_producer', 'dataset_s3_bucket_consumer' retrieved from /home/airflow/.local/lib/python3.9/site-packages/airflow/example_dags/example_dataset_alias.py
[2025-02-04T16:24:18.482+0000] {logging_mixin.py:190} INFO - [2025-02-04T16:24:18.482+0000] {dag.py:3239} INFO - Sync 4 DAGs
[2025-02-04T16:24:18.510+0000] {logging_mixin.py:190} INFO - [2025-02-04T16:24:18.509+0000] {dag.py:4180} INFO - Setting next_dagrun for dataset_alias_example_alias_consumer to None, run_after=None
[2025-02-04T16:24:18.513+0000] {logging_mixin.py:190} INFO - [2025-02-04T16:24:18.513+0000] {dag.py:4180} INFO - Setting next_dagrun for dataset_alias_example_alias_producer to None, run_after=None
[2025-02-04T16:24:18.515+0000] {logging_mixin.py:190} INFO - [2025-02-04T16:24:18.515+0000] {dag.py:4180} INFO - Setting next_dagrun for dataset_s3_bucket_consumer to None, run_after=None
[2025-02-04T16:24:18.518+0000] {logging_mixin.py:190} INFO - [2025-02-04T16:24:18.518+0000] {dag.py:4180} INFO - Setting next_dagrun for dataset_s3_bucket_producer to None, run_after=None
[2025-02-04T16:24:18.550+0000] {processor.py:208} INFO - Processing /home/airflow/.local/lib/python3.9/site-packages/airflow/example_dags/example_dataset_alias.py took 0.145 seconds
[2025-02-04T16:24:48.747+0000] {processor.py:186} INFO - Started process (PID=333) to work on /home/airflow/.local/lib/python3.9/site-packages/airflow/example_dags/example_dataset_alias.py
[2025-02-04T16:24:48.748+0000] {processor.py:914} INFO - Processing file /home/airflow/.local/lib/python3.9/site-packages/airflow/example_dags/example_dataset_alias.py for tasks to queue
[2025-02-04T16:24:48.751+0000] {logging_mixin.py:190} INFO - [2025-02-04T16:24:48.751+0000] {dagbag.py:588} INFO - Filling up the DagBag from /home/airflow/.local/lib/python3.9/site-packages/airflow/example_dags/example_dataset_alias.py
[2025-02-04T16:24:48.780+0000] {processor.py:925} INFO - DAG(s) 'dataset_s3_bucket_consumer', 'dataset_s3_bucket_producer', 'dataset_alias_example_alias_producer', 'dataset_alias_example_alias_consumer' retrieved from /home/airflow/.local/lib/python3.9/site-packages/airflow/example_dags/example_dataset_alias.py
[2025-02-04T16:24:48.805+0000] {logging_mixin.py:190} INFO - [2025-02-04T16:24:48.804+0000] {dag.py:3239} INFO - Sync 4 DAGs
[2025-02-04T16:24:48.826+0000] {logging_mixin.py:190} INFO - [2025-02-04T16:24:48.826+0000] {dag.py:4180} INFO - Setting next_dagrun for dataset_alias_example_alias_consumer to None, run_after=None
[2025-02-04T16:24:48.830+0000] {logging_mixin.py:190} INFO - [2025-02-04T16:24:48.829+0000] {dag.py:4180} INFO - Setting next_dagrun for dataset_alias_example_alias_producer to None, run_after=None
[2025-02-04T16:24:48.832+0000] {logging_mixin.py:190} INFO - [2025-02-04T16:24:48.832+0000] {dag.py:4180} INFO - Setting next_dagrun for dataset_s3_bucket_consumer to None, run_after=None
[2025-02-04T16:24:48.834+0000] {logging_mixin.py:190} INFO - [2025-02-04T16:24:48.833+0000] {dag.py:4180} INFO - Setting next_dagrun for dataset_s3_bucket_producer to None, run_after=None
[2025-02-04T16:24:48.950+0000] {processor.py:208} INFO - Processing /home/airflow/.local/lib/python3.9/site-packages/airflow/example_dags/example_dataset_alias.py took 0.210 seconds
[2025-02-04T16:25:19.188+0000] {processor.py:186} INFO - Started process (PID=397) to work on /home/airflow/.local/lib/python3.9/site-packages/airflow/example_dags/example_dataset_alias.py
[2025-02-04T16:25:19.319+0000] {processor.py:914} INFO - Processing file /home/airflow/.local/lib/python3.9/site-packages/airflow/example_dags/example_dataset_alias.py for tasks to queue
[2025-02-04T16:25:19.323+0000] {logging_mixin.py:190} INFO - [2025-02-04T16:25:19.322+0000] {dagbag.py:588} INFO - Filling up the DagBag from /home/airflow/.local/lib/python3.9/site-packages/airflow/example_dags/example_dataset_alias.py
[2025-02-04T16:25:19.360+0000] {processor.py:925} INFO - DAG(s) 'dataset_alias_example_alias_consumer', 'dataset_s3_bucket_consumer', 'dataset_s3_bucket_producer', 'dataset_alias_example_alias_producer' retrieved from /home/airflow/.local/lib/python3.9/site-packages/airflow/example_dags/example_dataset_alias.py
[2025-02-04T16:25:19.391+0000] {logging_mixin.py:190} INFO - [2025-02-04T16:25:19.390+0000] {dag.py:3239} INFO - Sync 4 DAGs
[2025-02-04T16:25:19.427+0000] {logging_mixin.py:190} INFO - [2025-02-04T16:25:19.427+0000] {dag.py:4180} INFO - Setting next_dagrun for dataset_alias_example_alias_consumer to None, run_after=None
[2025-02-04T16:25:19.434+0000] {logging_mixin.py:190} INFO - [2025-02-04T16:25:19.433+0000] {dag.py:4180} INFO - Setting next_dagrun for dataset_alias_example_alias_producer to None, run_after=None
[2025-02-04T16:25:19.437+0000] {logging_mixin.py:190} INFO - [2025-02-04T16:25:19.437+0000] {dag.py:4180} INFO - Setting next_dagrun for dataset_s3_bucket_consumer to None, run_after=None
[2025-02-04T16:25:19.439+0000] {logging_mixin.py:190} INFO - [2025-02-04T16:25:19.439+0000] {dag.py:4180} INFO - Setting next_dagrun for dataset_s3_bucket_producer to None, run_after=None
[2025-02-04T16:25:19.478+0000] {processor.py:208} INFO - Processing /home/airflow/.local/lib/python3.9/site-packages/airflow/example_dags/example_dataset_alias.py took 0.301 seconds
[2025-02-04T16:25:49.629+0000] {processor.py:186} INFO - Started process (PID=460) to work on /home/airflow/.local/lib/python3.9/site-packages/airflow/example_dags/example_dataset_alias.py
[2025-02-04T16:25:49.630+0000] {processor.py:914} INFO - Processing file /home/airflow/.local/lib/python3.9/site-packages/airflow/example_dags/example_dataset_alias.py for tasks to queue
[2025-02-04T16:25:49.634+0000] {logging_mixin.py:190} INFO - [2025-02-04T16:25:49.633+0000] {dagbag.py:588} INFO - Filling up the DagBag from /home/airflow/.local/lib/python3.9/site-packages/airflow/example_dags/example_dataset_alias.py
[2025-02-04T16:25:49.664+0000] {processor.py:925} INFO - DAG(s) 'dataset_s3_bucket_consumer', 'dataset_s3_bucket_producer', 'dataset_alias_example_alias_producer', 'dataset_alias_example_alias_consumer' retrieved from /home/airflow/.local/lib/python3.9/site-packages/airflow/example_dags/example_dataset_alias.py
[2025-02-04T16:25:49.692+0000] {logging_mixin.py:190} INFO - [2025-02-04T16:25:49.692+0000] {dag.py:3239} INFO - Sync 4 DAGs
[2025-02-04T16:25:49.716+0000] {logging_mixin.py:190} INFO - [2025-02-04T16:25:49.716+0000] {dag.py:4180} INFO - Setting next_dagrun for dataset_alias_example_alias_consumer to None, run_after=None
[2025-02-04T16:25:49.721+0000] {logging_mixin.py:190} INFO - [2025-02-04T16:25:49.721+0000] {dag.py:4180} INFO - Setting next_dagrun for dataset_alias_example_alias_producer to None, run_after=None
[2025-02-04T16:25:49.723+0000] {logging_mixin.py:190} INFO - [2025-02-04T16:25:49.723+0000] {dag.py:4180} INFO - Setting next_dagrun for dataset_s3_bucket_consumer to None, run_after=None
[2025-02-04T16:25:49.726+0000] {logging_mixin.py:190} INFO - [2025-02-04T16:25:49.726+0000] {dag.py:4180} INFO - Setting next_dagrun for dataset_s3_bucket_producer to None, run_after=None
[2025-02-04T16:25:49.756+0000] {processor.py:208} INFO - Processing /home/airflow/.local/lib/python3.9/site-packages/airflow/example_dags/example_dataset_alias.py took 0.134 seconds
[2025-02-04T16:26:20.148+0000] {processor.py:186} INFO - Started process (PID=524) to work on /home/airflow/.local/lib/python3.9/site-packages/airflow/example_dags/example_dataset_alias.py
[2025-02-04T16:26:20.149+0000] {processor.py:914} INFO - Processing file /home/airflow/.local/lib/python3.9/site-packages/airflow/example_dags/example_dataset_alias.py for tasks to queue
[2025-02-04T16:26:20.153+0000] {logging_mixin.py:190} INFO - [2025-02-04T16:26:20.152+0000] {dagbag.py:588} INFO - Filling up the DagBag from /home/airflow/.local/lib/python3.9/site-packages/airflow/example_dags/example_dataset_alias.py
[2025-02-04T16:26:20.195+0000] {processor.py:925} INFO - DAG(s) 'dataset_alias_example_alias_producer', 'dataset_s3_bucket_consumer', 'dataset_s3_bucket_producer', 'dataset_alias_example_alias_consumer' retrieved from /home/airflow/.local/lib/python3.9/site-packages/airflow/example_dags/example_dataset_alias.py
[2025-02-04T16:26:20.224+0000] {logging_mixin.py:190} INFO - [2025-02-04T16:26:20.224+0000] {dag.py:3239} INFO - Sync 4 DAGs
[2025-02-04T16:26:20.251+0000] {logging_mixin.py:190} INFO - [2025-02-04T16:26:20.250+0000] {dag.py:4180} INFO - Setting next_dagrun for dataset_alias_example_alias_consumer to None, run_after=None
[2025-02-04T16:26:20.254+0000] {logging_mixin.py:190} INFO - [2025-02-04T16:26:20.254+0000] {dag.py:4180} INFO - Setting next_dagrun for dataset_alias_example_alias_producer to None, run_after=None
[2025-02-04T16:26:20.256+0000] {logging_mixin.py:190} INFO - [2025-02-04T16:26:20.256+0000] {dag.py:4180} INFO - Setting next_dagrun for dataset_s3_bucket_consumer to None, run_after=None
[2025-02-04T16:26:20.259+0000] {logging_mixin.py:190} INFO - [2025-02-04T16:26:20.258+0000] {dag.py:4180} INFO - Setting next_dagrun for dataset_s3_bucket_producer to None, run_after=None
[2025-02-04T16:26:20.289+0000] {processor.py:208} INFO - Processing /home/airflow/.local/lib/python3.9/site-packages/airflow/example_dags/example_dataset_alias.py took 0.150 seconds
[2025-02-04T16:26:53.109+0000] {processor.py:186} INFO - Started process (PID=588) to work on /home/airflow/.local/lib/python3.9/site-packages/airflow/example_dags/example_dataset_alias.py
[2025-02-04T16:26:53.111+0000] {processor.py:914} INFO - Processing file /home/airflow/.local/lib/python3.9/site-packages/airflow/example_dags/example_dataset_alias.py for tasks to queue
[2025-02-04T16:26:53.114+0000] {logging_mixin.py:190} INFO - [2025-02-04T16:26:53.113+0000] {dagbag.py:588} INFO - Filling up the DagBag from /home/airflow/.local/lib/python3.9/site-packages/airflow/example_dags/example_dataset_alias.py
[2025-02-04T16:26:53.147+0000] {processor.py:925} INFO - DAG(s) 'dataset_alias_example_alias_producer', 'dataset_s3_bucket_producer', 'dataset_alias_example_alias_consumer', 'dataset_s3_bucket_consumer' retrieved from /home/airflow/.local/lib/python3.9/site-packages/airflow/example_dags/example_dataset_alias.py
[2025-02-04T16:26:53.175+0000] {logging_mixin.py:190} INFO - [2025-02-04T16:26:53.175+0000] {dag.py:3239} INFO - Sync 4 DAGs
[2025-02-04T16:26:53.199+0000] {logging_mixin.py:190} INFO - [2025-02-04T16:26:53.199+0000] {dag.py:4180} INFO - Setting next_dagrun for dataset_alias_example_alias_consumer to None, run_after=None
[2025-02-04T16:26:53.203+0000] {logging_mixin.py:190} INFO - [2025-02-04T16:26:53.202+0000] {dag.py:4180} INFO - Setting next_dagrun for dataset_alias_example_alias_producer to None, run_after=None
[2025-02-04T16:26:53.205+0000] {logging_mixin.py:190} INFO - [2025-02-04T16:26:53.205+0000] {dag.py:4180} INFO - Setting next_dagrun for dataset_s3_bucket_consumer to None, run_after=None
[2025-02-04T16:26:53.207+0000] {logging_mixin.py:190} INFO - [2025-02-04T16:26:53.207+0000] {dag.py:4180} INFO - Setting next_dagrun for dataset_s3_bucket_producer to None, run_after=None
[2025-02-04T16:26:53.248+0000] {processor.py:208} INFO - Processing /home/airflow/.local/lib/python3.9/site-packages/airflow/example_dags/example_dataset_alias.py took 0.146 seconds
[2025-02-04T16:27:23.357+0000] {processor.py:186} INFO - Started process (PID=651) to work on /home/airflow/.local/lib/python3.9/site-packages/airflow/example_dags/example_dataset_alias.py
[2025-02-04T16:27:23.358+0000] {processor.py:914} INFO - Processing file /home/airflow/.local/lib/python3.9/site-packages/airflow/example_dags/example_dataset_alias.py for tasks to queue
[2025-02-04T16:27:23.363+0000] {logging_mixin.py:190} INFO - [2025-02-04T16:27:23.362+0000] {dagbag.py:588} INFO - Filling up the DagBag from /home/airflow/.local/lib/python3.9/site-packages/airflow/example_dags/example_dataset_alias.py
[2025-02-04T16:27:23.973+0000] {processor.py:925} INFO - DAG(s) 'dataset_alias_example_alias_consumer', 'dataset_s3_bucket_producer', 'dataset_s3_bucket_consumer', 'dataset_alias_example_alias_producer' retrieved from /home/airflow/.local/lib/python3.9/site-packages/airflow/example_dags/example_dataset_alias.py
[2025-02-04T16:27:24.000+0000] {logging_mixin.py:190} INFO - [2025-02-04T16:27:24.000+0000] {dag.py:3239} INFO - Sync 4 DAGs
[2025-02-04T16:27:24.024+0000] {logging_mixin.py:190} INFO - [2025-02-04T16:27:24.024+0000] {dag.py:4180} INFO - Setting next_dagrun for dataset_alias_example_alias_consumer to None, run_after=None
[2025-02-04T16:27:24.028+0000] {logging_mixin.py:190} INFO - [2025-02-04T16:27:24.028+0000] {dag.py:4180} INFO - Setting next_dagrun for dataset_alias_example_alias_producer to None, run_after=None
[2025-02-04T16:27:24.030+0000] {logging_mixin.py:190} INFO - [2025-02-04T16:27:24.030+0000] {dag.py:4180} INFO - Setting next_dagrun for dataset_s3_bucket_consumer to None, run_after=None
[2025-02-04T16:27:24.033+0000] {logging_mixin.py:190} INFO - [2025-02-04T16:27:24.033+0000] {dag.py:4180} INFO - Setting next_dagrun for dataset_s3_bucket_producer to None, run_after=None
[2025-02-04T16:27:24.065+0000] {processor.py:208} INFO - Processing /home/airflow/.local/lib/python3.9/site-packages/airflow/example_dags/example_dataset_alias.py took 0.716 seconds
[2025-02-04T16:27:54.210+0000] {processor.py:186} INFO - Started process (PID=714) to work on /home/airflow/.local/lib/python3.9/site-packages/airflow/example_dags/example_dataset_alias.py
[2025-02-04T16:27:54.355+0000] {processor.py:914} INFO - Processing file /home/airflow/.local/lib/python3.9/site-packages/airflow/example_dags/example_dataset_alias.py for tasks to queue
[2025-02-04T16:27:54.359+0000] {logging_mixin.py:190} INFO - [2025-02-04T16:27:54.358+0000] {dagbag.py:588} INFO - Filling up the DagBag from /home/airflow/.local/lib/python3.9/site-packages/airflow/example_dags/example_dataset_alias.py
[2025-02-04T16:27:55.858+0000] {processor.py:925} INFO - DAG(s) 'dataset_s3_bucket_consumer', 'dataset_alias_example_alias_producer', 'dataset_s3_bucket_producer', 'dataset_alias_example_alias_consumer' retrieved from /home/airflow/.local/lib/python3.9/site-packages/airflow/example_dags/example_dataset_alias.py
[2025-02-04T16:27:56.119+0000] {logging_mixin.py:190} INFO - [2025-02-04T16:27:56.119+0000] {dag.py:3239} INFO - Sync 4 DAGs
[2025-02-04T16:27:56.150+0000] {logging_mixin.py:190} INFO - [2025-02-04T16:27:56.150+0000] {dag.py:4180} INFO - Setting next_dagrun for dataset_alias_example_alias_consumer to None, run_after=None
[2025-02-04T16:27:56.156+0000] {logging_mixin.py:190} INFO - [2025-02-04T16:27:56.155+0000] {dag.py:4180} INFO - Setting next_dagrun for dataset_alias_example_alias_producer to None, run_after=None
[2025-02-04T16:27:56.158+0000] {logging_mixin.py:190} INFO - [2025-02-04T16:27:56.158+0000] {dag.py:4180} INFO - Setting next_dagrun for dataset_s3_bucket_consumer to None, run_after=None
[2025-02-04T16:27:56.161+0000] {logging_mixin.py:190} INFO - [2025-02-04T16:27:56.160+0000] {dag.py:4180} INFO - Setting next_dagrun for dataset_s3_bucket_producer to None, run_after=None
[2025-02-04T16:27:56.857+0000] {processor.py:208} INFO - Processing /home/airflow/.local/lib/python3.9/site-packages/airflow/example_dags/example_dataset_alias.py took 2.656 seconds
[2025-02-04T16:28:27.026+0000] {processor.py:186} INFO - Started process (PID=786) to work on /home/airflow/.local/lib/python3.9/site-packages/airflow/example_dags/example_dataset_alias.py
[2025-02-04T16:28:27.027+0000] {processor.py:914} INFO - Processing file /home/airflow/.local/lib/python3.9/site-packages/airflow/example_dags/example_dataset_alias.py for tasks to queue
[2025-02-04T16:28:27.030+0000] {logging_mixin.py:190} INFO - [2025-02-04T16:28:27.030+0000] {dagbag.py:588} INFO - Filling up the DagBag from /home/airflow/.local/lib/python3.9/site-packages/airflow/example_dags/example_dataset_alias.py
[2025-02-04T16:28:27.062+0000] {processor.py:925} INFO - DAG(s) 'dataset_s3_bucket_producer', 'dataset_alias_example_alias_producer', 'dataset_alias_example_alias_consumer', 'dataset_s3_bucket_consumer' retrieved from /home/airflow/.local/lib/python3.9/site-packages/airflow/example_dags/example_dataset_alias.py
[2025-02-04T16:28:27.424+0000] {logging_mixin.py:190} INFO - [2025-02-04T16:28:27.424+0000] {dag.py:3239} INFO - Sync 4 DAGs
[2025-02-04T16:28:27.716+0000] {logging_mixin.py:190} INFO - [2025-02-04T16:28:27.716+0000] {dag.py:4180} INFO - Setting next_dagrun for dataset_alias_example_alias_consumer to None, run_after=None
[2025-02-04T16:28:27.720+0000] {logging_mixin.py:190} INFO - [2025-02-04T16:28:27.719+0000] {dag.py:4180} INFO - Setting next_dagrun for dataset_alias_example_alias_producer to None, run_after=None
[2025-02-04T16:28:27.722+0000] {logging_mixin.py:190} INFO - [2025-02-04T16:28:27.722+0000] {dag.py:4180} INFO - Setting next_dagrun for dataset_s3_bucket_consumer to None, run_after=None
[2025-02-04T16:28:27.724+0000] {logging_mixin.py:190} INFO - [2025-02-04T16:28:27.724+0000] {dag.py:4180} INFO - Setting next_dagrun for dataset_s3_bucket_producer to None, run_after=None
[2025-02-04T16:28:27.754+0000] {processor.py:208} INFO - Processing /home/airflow/.local/lib/python3.9/site-packages/airflow/example_dags/example_dataset_alias.py took 0.735 seconds
[2025-02-04T16:28:57.900+0000] {processor.py:186} INFO - Started process (PID=850) to work on /home/airflow/.local/lib/python3.9/site-packages/airflow/example_dags/example_dataset_alias.py
[2025-02-04T16:28:57.901+0000] {processor.py:914} INFO - Processing file /home/airflow/.local/lib/python3.9/site-packages/airflow/example_dags/example_dataset_alias.py for tasks to queue
[2025-02-04T16:28:57.904+0000] {logging_mixin.py:190} INFO - [2025-02-04T16:28:57.904+0000] {dagbag.py:588} INFO - Filling up the DagBag from /home/airflow/.local/lib/python3.9/site-packages/airflow/example_dags/example_dataset_alias.py
[2025-02-04T16:28:58.010+0000] {processor.py:925} INFO - DAG(s) 'dataset_alias_example_alias_producer', 'dataset_s3_bucket_consumer', 'dataset_s3_bucket_producer', 'dataset_alias_example_alias_consumer' retrieved from /home/airflow/.local/lib/python3.9/site-packages/airflow/example_dags/example_dataset_alias.py
[2025-02-04T16:28:58.758+0000] {logging_mixin.py:190} INFO - [2025-02-04T16:28:58.758+0000] {dag.py:3239} INFO - Sync 4 DAGs
[2025-02-04T16:28:58.782+0000] {logging_mixin.py:190} INFO - [2025-02-04T16:28:58.782+0000] {dag.py:4180} INFO - Setting next_dagrun for dataset_alias_example_alias_consumer to None, run_after=None
[2025-02-04T16:28:58.786+0000] {logging_mixin.py:190} INFO - [2025-02-04T16:28:58.786+0000] {dag.py:4180} INFO - Setting next_dagrun for dataset_alias_example_alias_producer to None, run_after=None
[2025-02-04T16:28:58.788+0000] {logging_mixin.py:190} INFO - [2025-02-04T16:28:58.788+0000] {dag.py:4180} INFO - Setting next_dagrun for dataset_s3_bucket_consumer to None, run_after=None
[2025-02-04T16:28:58.790+0000] {logging_mixin.py:190} INFO - [2025-02-04T16:28:58.790+0000] {dag.py:4180} INFO - Setting next_dagrun for dataset_s3_bucket_producer to None, run_after=None
[2025-02-04T16:28:58.824+0000] {processor.py:208} INFO - Processing /home/airflow/.local/lib/python3.9/site-packages/airflow/example_dags/example_dataset_alias.py took 0.932 seconds
[2025-02-04T16:29:29.447+0000] {processor.py:186} INFO - Started process (PID=915) to work on /home/airflow/.local/lib/python3.9/site-packages/airflow/example_dags/example_dataset_alias.py
[2025-02-04T16:29:29.449+0000] {processor.py:914} INFO - Processing file /home/airflow/.local/lib/python3.9/site-packages/airflow/example_dags/example_dataset_alias.py for tasks to queue
[2025-02-04T16:29:29.452+0000] {logging_mixin.py:190} INFO - [2025-02-04T16:29:29.452+0000] {dagbag.py:588} INFO - Filling up the DagBag from /home/airflow/.local/lib/python3.9/site-packages/airflow/example_dags/example_dataset_alias.py
[2025-02-04T16:29:29.489+0000] {processor.py:925} INFO - DAG(s) 'dataset_s3_bucket_consumer', 'dataset_alias_example_alias_producer', 'dataset_alias_example_alias_consumer', 'dataset_s3_bucket_producer' retrieved from /home/airflow/.local/lib/python3.9/site-packages/airflow/example_dags/example_dataset_alias.py
[2025-02-04T16:29:29.520+0000] {logging_mixin.py:190} INFO - [2025-02-04T16:29:29.520+0000] {dag.py:3239} INFO - Sync 4 DAGs
[2025-02-04T16:29:29.545+0000] {logging_mixin.py:190} INFO - [2025-02-04T16:29:29.545+0000] {dag.py:4180} INFO - Setting next_dagrun for dataset_alias_example_alias_consumer to None, run_after=None
[2025-02-04T16:29:29.549+0000] {logging_mixin.py:190} INFO - [2025-02-04T16:29:29.548+0000] {dag.py:4180} INFO - Setting next_dagrun for dataset_alias_example_alias_producer to None, run_after=None
[2025-02-04T16:29:29.553+0000] {logging_mixin.py:190} INFO - [2025-02-04T16:29:29.552+0000] {dag.py:4180} INFO - Setting next_dagrun for dataset_s3_bucket_consumer to None, run_after=None
[2025-02-04T16:29:29.555+0000] {logging_mixin.py:190} INFO - [2025-02-04T16:29:29.555+0000] {dag.py:4180} INFO - Setting next_dagrun for dataset_s3_bucket_producer to None, run_after=None
[2025-02-04T16:29:29.591+0000] {processor.py:208} INFO - Processing /home/airflow/.local/lib/python3.9/site-packages/airflow/example_dags/example_dataset_alias.py took 0.153 seconds
[2025-02-04T16:29:59.927+0000] {processor.py:186} INFO - Started process (PID=979) to work on /home/airflow/.local/lib/python3.9/site-packages/airflow/example_dags/example_dataset_alias.py
[2025-02-04T16:29:59.928+0000] {processor.py:914} INFO - Processing file /home/airflow/.local/lib/python3.9/site-packages/airflow/example_dags/example_dataset_alias.py for tasks to queue
[2025-02-04T16:29:59.931+0000] {logging_mixin.py:190} INFO - [2025-02-04T16:29:59.931+0000] {dagbag.py:588} INFO - Filling up the DagBag from /home/airflow/.local/lib/python3.9/site-packages/airflow/example_dags/example_dataset_alias.py
[2025-02-04T16:29:59.964+0000] {processor.py:925} INFO - DAG(s) 'dataset_alias_example_alias_producer', 'dataset_alias_example_alias_consumer', 'dataset_s3_bucket_consumer', 'dataset_s3_bucket_producer' retrieved from /home/airflow/.local/lib/python3.9/site-packages/airflow/example_dags/example_dataset_alias.py
[2025-02-04T16:29:59.995+0000] {logging_mixin.py:190} INFO - [2025-02-04T16:29:59.995+0000] {dag.py:3239} INFO - Sync 4 DAGs
[2025-02-04T16:30:00.018+0000] {logging_mixin.py:190} INFO - [2025-02-04T16:30:00.018+0000] {dag.py:4180} INFO - Setting next_dagrun for dataset_alias_example_alias_consumer to None, run_after=None
[2025-02-04T16:30:00.022+0000] {logging_mixin.py:190} INFO - [2025-02-04T16:30:00.022+0000] {dag.py:4180} INFO - Setting next_dagrun for dataset_alias_example_alias_producer to None, run_after=None
[2025-02-04T16:30:00.024+0000] {logging_mixin.py:190} INFO - [2025-02-04T16:30:00.024+0000] {dag.py:4180} INFO - Setting next_dagrun for dataset_s3_bucket_consumer to None, run_after=None
[2025-02-04T16:30:00.027+0000] {logging_mixin.py:190} INFO - [2025-02-04T16:30:00.027+0000] {dag.py:4180} INFO - Setting next_dagrun for dataset_s3_bucket_producer to None, run_after=None
[2025-02-04T16:30:00.060+0000] {processor.py:208} INFO - Processing /home/airflow/.local/lib/python3.9/site-packages/airflow/example_dags/example_dataset_alias.py took 0.141 seconds
[2025-02-04T16:30:31.140+0000] {processor.py:186} INFO - Started process (PID=1045) to work on /home/airflow/.local/lib/python3.9/site-packages/airflow/example_dags/example_dataset_alias.py
[2025-02-04T16:30:31.142+0000] {processor.py:914} INFO - Processing file /home/airflow/.local/lib/python3.9/site-packages/airflow/example_dags/example_dataset_alias.py for tasks to queue
[2025-02-04T16:30:31.145+0000] {logging_mixin.py:190} INFO - [2025-02-04T16:30:31.144+0000] {dagbag.py:588} INFO - Filling up the DagBag from /home/airflow/.local/lib/python3.9/site-packages/airflow/example_dags/example_dataset_alias.py
[2025-02-04T16:30:31.180+0000] {processor.py:925} INFO - DAG(s) 'dataset_s3_bucket_producer', 'dataset_s3_bucket_consumer', 'dataset_alias_example_alias_consumer', 'dataset_alias_example_alias_producer' retrieved from /home/airflow/.local/lib/python3.9/site-packages/airflow/example_dags/example_dataset_alias.py
[2025-02-04T16:30:31.234+0000] {logging_mixin.py:190} INFO - [2025-02-04T16:30:31.233+0000] {dag.py:3239} INFO - Sync 4 DAGs
[2025-02-04T16:30:31.270+0000] {logging_mixin.py:190} INFO - [2025-02-04T16:30:31.270+0000] {dag.py:4180} INFO - Setting next_dagrun for dataset_alias_example_alias_consumer to None, run_after=None
[2025-02-04T16:30:31.305+0000] {logging_mixin.py:190} INFO - [2025-02-04T16:30:31.305+0000] {dag.py:4180} INFO - Setting next_dagrun for dataset_alias_example_alias_producer to None, run_after=None
[2025-02-04T16:30:31.308+0000] {logging_mixin.py:190} INFO - [2025-02-04T16:30:31.308+0000] {dag.py:4180} INFO - Setting next_dagrun for dataset_s3_bucket_consumer to None, run_after=None
[2025-02-04T16:30:31.312+0000] {logging_mixin.py:190} INFO - [2025-02-04T16:30:31.312+0000] {dag.py:4180} INFO - Setting next_dagrun for dataset_s3_bucket_producer to None, run_after=None
[2025-02-04T16:30:31.351+0000] {processor.py:208} INFO - Processing /home/airflow/.local/lib/python3.9/site-packages/airflow/example_dags/example_dataset_alias.py took 0.217 seconds
[2025-02-04T16:31:01.826+0000] {processor.py:186} INFO - Started process (PID=1109) to work on /home/airflow/.local/lib/python3.9/site-packages/airflow/example_dags/example_dataset_alias.py
[2025-02-04T16:31:01.828+0000] {processor.py:914} INFO - Processing file /home/airflow/.local/lib/python3.9/site-packages/airflow/example_dags/example_dataset_alias.py for tasks to queue
[2025-02-04T16:31:01.831+0000] {logging_mixin.py:190} INFO - [2025-02-04T16:31:01.830+0000] {dagbag.py:588} INFO - Filling up the DagBag from /home/airflow/.local/lib/python3.9/site-packages/airflow/example_dags/example_dataset_alias.py
[2025-02-04T16:31:01.866+0000] {processor.py:925} INFO - DAG(s) 'dataset_s3_bucket_producer', 'dataset_alias_example_alias_consumer', 'dataset_s3_bucket_consumer', 'dataset_alias_example_alias_producer' retrieved from /home/airflow/.local/lib/python3.9/site-packages/airflow/example_dags/example_dataset_alias.py
[2025-02-04T16:31:01.926+0000] {logging_mixin.py:190} INFO - [2025-02-04T16:31:01.925+0000] {dag.py:3239} INFO - Sync 4 DAGs
[2025-02-04T16:31:01.955+0000] {logging_mixin.py:190} INFO - [2025-02-04T16:31:01.955+0000] {dag.py:4180} INFO - Setting next_dagrun for dataset_alias_example_alias_consumer to None, run_after=None
[2025-02-04T16:31:01.959+0000] {logging_mixin.py:190} INFO - [2025-02-04T16:31:01.959+0000] {dag.py:4180} INFO - Setting next_dagrun for dataset_alias_example_alias_producer to None, run_after=None
[2025-02-04T16:31:01.962+0000] {logging_mixin.py:190} INFO - [2025-02-04T16:31:01.961+0000] {dag.py:4180} INFO - Setting next_dagrun for dataset_s3_bucket_consumer to None, run_after=None
[2025-02-04T16:31:01.964+0000] {logging_mixin.py:190} INFO - [2025-02-04T16:31:01.964+0000] {dag.py:4180} INFO - Setting next_dagrun for dataset_s3_bucket_producer to None, run_after=None
[2025-02-04T16:31:01.999+0000] {processor.py:208} INFO - Processing /home/airflow/.local/lib/python3.9/site-packages/airflow/example_dags/example_dataset_alias.py took 0.179 seconds
[2025-02-04T16:31:32.634+0000] {processor.py:186} INFO - Started process (PID=1173) to work on /home/airflow/.local/lib/python3.9/site-packages/airflow/example_dags/example_dataset_alias.py
[2025-02-04T16:31:32.636+0000] {processor.py:914} INFO - Processing file /home/airflow/.local/lib/python3.9/site-packages/airflow/example_dags/example_dataset_alias.py for tasks to queue
[2025-02-04T16:31:32.639+0000] {logging_mixin.py:190} INFO - [2025-02-04T16:31:32.638+0000] {dagbag.py:588} INFO - Filling up the DagBag from /home/airflow/.local/lib/python3.9/site-packages/airflow/example_dags/example_dataset_alias.py
[2025-02-04T16:31:32.671+0000] {processor.py:925} INFO - DAG(s) 'dataset_s3_bucket_consumer', 'dataset_alias_example_alias_producer', 'dataset_s3_bucket_producer', 'dataset_alias_example_alias_consumer' retrieved from /home/airflow/.local/lib/python3.9/site-packages/airflow/example_dags/example_dataset_alias.py
[2025-02-04T16:31:32.701+0000] {logging_mixin.py:190} INFO - [2025-02-04T16:31:32.701+0000] {dag.py:3239} INFO - Sync 4 DAGs
[2025-02-04T16:31:32.735+0000] {logging_mixin.py:190} INFO - [2025-02-04T16:31:32.735+0000] {dag.py:4180} INFO - Setting next_dagrun for dataset_alias_example_alias_consumer to None, run_after=None
[2025-02-04T16:31:32.739+0000] {logging_mixin.py:190} INFO - [2025-02-04T16:31:32.738+0000] {dag.py:4180} INFO - Setting next_dagrun for dataset_alias_example_alias_producer to None, run_after=None
[2025-02-04T16:31:32.740+0000] {logging_mixin.py:190} INFO - [2025-02-04T16:31:32.740+0000] {dag.py:4180} INFO - Setting next_dagrun for dataset_s3_bucket_consumer to None, run_after=None
[2025-02-04T16:31:32.743+0000] {logging_mixin.py:190} INFO - [2025-02-04T16:31:32.742+0000] {dag.py:4180} INFO - Setting next_dagrun for dataset_s3_bucket_producer to None, run_after=None
[2025-02-04T16:31:32.778+0000] {processor.py:208} INFO - Processing /home/airflow/.local/lib/python3.9/site-packages/airflow/example_dags/example_dataset_alias.py took 0.151 seconds
[2025-02-04T16:32:05.438+0000] {processor.py:186} INFO - Started process (PID=1237) to work on /home/airflow/.local/lib/python3.9/site-packages/airflow/example_dags/example_dataset_alias.py
[2025-02-04T16:32:05.440+0000] {processor.py:914} INFO - Processing file /home/airflow/.local/lib/python3.9/site-packages/airflow/example_dags/example_dataset_alias.py for tasks to queue
[2025-02-04T16:32:05.443+0000] {logging_mixin.py:190} INFO - [2025-02-04T16:32:05.443+0000] {dagbag.py:588} INFO - Filling up the DagBag from /home/airflow/.local/lib/python3.9/site-packages/airflow/example_dags/example_dataset_alias.py
[2025-02-04T16:32:05.474+0000] {processor.py:925} INFO - DAG(s) 'dataset_alias_example_alias_consumer', 'dataset_s3_bucket_consumer', 'dataset_s3_bucket_producer', 'dataset_alias_example_alias_producer' retrieved from /home/airflow/.local/lib/python3.9/site-packages/airflow/example_dags/example_dataset_alias.py
[2025-02-04T16:32:05.506+0000] {logging_mixin.py:190} INFO - [2025-02-04T16:32:05.506+0000] {dag.py:3239} INFO - Sync 4 DAGs
[2025-02-04T16:32:05.530+0000] {logging_mixin.py:190} INFO - [2025-02-04T16:32:05.530+0000] {dag.py:4180} INFO - Setting next_dagrun for dataset_alias_example_alias_consumer to None, run_after=None
[2025-02-04T16:32:05.534+0000] {logging_mixin.py:190} INFO - [2025-02-04T16:32:05.534+0000] {dag.py:4180} INFO - Setting next_dagrun for dataset_alias_example_alias_producer to None, run_after=None
[2025-02-04T16:32:05.536+0000] {logging_mixin.py:190} INFO - [2025-02-04T16:32:05.536+0000] {dag.py:4180} INFO - Setting next_dagrun for dataset_s3_bucket_consumer to None, run_after=None
[2025-02-04T16:32:05.538+0000] {logging_mixin.py:190} INFO - [2025-02-04T16:32:05.538+0000] {dag.py:4180} INFO - Setting next_dagrun for dataset_s3_bucket_producer to None, run_after=None
[2025-02-04T16:32:05.573+0000] {processor.py:208} INFO - Processing /home/airflow/.local/lib/python3.9/site-packages/airflow/example_dags/example_dataset_alias.py took 0.141 seconds
[2025-02-04T16:32:36.272+0000] {processor.py:186} INFO - Started process (PID=1302) to work on /home/airflow/.local/lib/python3.9/site-packages/airflow/example_dags/example_dataset_alias.py
[2025-02-04T16:32:36.275+0000] {processor.py:914} INFO - Processing file /home/airflow/.local/lib/python3.9/site-packages/airflow/example_dags/example_dataset_alias.py for tasks to queue
[2025-02-04T16:32:36.283+0000] {logging_mixin.py:190} INFO - [2025-02-04T16:32:36.283+0000] {dagbag.py:588} INFO - Filling up the DagBag from /home/airflow/.local/lib/python3.9/site-packages/airflow/example_dags/example_dataset_alias.py
[2025-02-04T16:32:36.327+0000] {processor.py:925} INFO - DAG(s) 'dataset_alias_example_alias_consumer', 'dataset_s3_bucket_producer', 'dataset_s3_bucket_consumer', 'dataset_alias_example_alias_producer' retrieved from /home/airflow/.local/lib/python3.9/site-packages/airflow/example_dags/example_dataset_alias.py
[2025-02-04T16:32:36.370+0000] {logging_mixin.py:190} INFO - [2025-02-04T16:32:36.370+0000] {dag.py:3239} INFO - Sync 4 DAGs
[2025-02-04T16:32:36.409+0000] {logging_mixin.py:190} INFO - [2025-02-04T16:32:36.409+0000] {dag.py:4180} INFO - Setting next_dagrun for dataset_alias_example_alias_consumer to None, run_after=None
[2025-02-04T16:32:36.414+0000] {logging_mixin.py:190} INFO - [2025-02-04T16:32:36.413+0000] {dag.py:4180} INFO - Setting next_dagrun for dataset_alias_example_alias_producer to None, run_after=None
[2025-02-04T16:32:36.418+0000] {logging_mixin.py:190} INFO - [2025-02-04T16:32:36.417+0000] {dag.py:4180} INFO - Setting next_dagrun for dataset_s3_bucket_consumer to None, run_after=None
[2025-02-04T16:32:36.421+0000] {logging_mixin.py:190} INFO - [2025-02-04T16:32:36.421+0000] {dag.py:4180} INFO - Setting next_dagrun for dataset_s3_bucket_producer to None, run_after=None
[2025-02-04T16:32:36.465+0000] {processor.py:208} INFO - Processing /home/airflow/.local/lib/python3.9/site-packages/airflow/example_dags/example_dataset_alias.py took 0.202 seconds
[2025-02-04T16:33:06.573+0000] {processor.py:186} INFO - Started process (PID=1366) to work on /home/airflow/.local/lib/python3.9/site-packages/airflow/example_dags/example_dataset_alias.py
[2025-02-04T16:33:06.574+0000] {processor.py:914} INFO - Processing file /home/airflow/.local/lib/python3.9/site-packages/airflow/example_dags/example_dataset_alias.py for tasks to queue
[2025-02-04T16:33:06.578+0000] {logging_mixin.py:190} INFO - [2025-02-04T16:33:06.577+0000] {dagbag.py:588} INFO - Filling up the DagBag from /home/airflow/.local/lib/python3.9/site-packages/airflow/example_dags/example_dataset_alias.py
[2025-02-04T16:33:06.611+0000] {processor.py:925} INFO - DAG(s) 'dataset_s3_bucket_producer', 'dataset_s3_bucket_consumer', 'dataset_alias_example_alias_consumer', 'dataset_alias_example_alias_producer' retrieved from /home/airflow/.local/lib/python3.9/site-packages/airflow/example_dags/example_dataset_alias.py
[2025-02-04T16:33:06.640+0000] {logging_mixin.py:190} INFO - [2025-02-04T16:33:06.640+0000] {dag.py:3239} INFO - Sync 4 DAGs
[2025-02-04T16:33:06.681+0000] {logging_mixin.py:190} INFO - [2025-02-04T16:33:06.681+0000] {dag.py:4180} INFO - Setting next_dagrun for dataset_alias_example_alias_consumer to None, run_after=None
[2025-02-04T16:33:06.685+0000] {logging_mixin.py:190} INFO - [2025-02-04T16:33:06.684+0000] {dag.py:4180} INFO - Setting next_dagrun for dataset_alias_example_alias_producer to None, run_after=None
[2025-02-04T16:33:06.687+0000] {logging_mixin.py:190} INFO - [2025-02-04T16:33:06.687+0000] {dag.py:4180} INFO - Setting next_dagrun for dataset_s3_bucket_consumer to None, run_after=None
[2025-02-04T16:33:06.689+0000] {logging_mixin.py:190} INFO - [2025-02-04T16:33:06.689+0000] {dag.py:4180} INFO - Setting next_dagrun for dataset_s3_bucket_producer to None, run_after=None
[2025-02-04T16:33:06.721+0000] {processor.py:208} INFO - Processing /home/airflow/.local/lib/python3.9/site-packages/airflow/example_dags/example_dataset_alias.py took 0.156 seconds
[2025-02-04T16:33:37.094+0000] {processor.py:186} INFO - Started process (PID=1438) to work on /home/airflow/.local/lib/python3.9/site-packages/airflow/example_dags/example_dataset_alias.py
[2025-02-04T16:33:37.095+0000] {processor.py:914} INFO - Processing file /home/airflow/.local/lib/python3.9/site-packages/airflow/example_dags/example_dataset_alias.py for tasks to queue
[2025-02-04T16:33:37.098+0000] {logging_mixin.py:190} INFO - [2025-02-04T16:33:37.098+0000] {dagbag.py:588} INFO - Filling up the DagBag from /home/airflow/.local/lib/python3.9/site-packages/airflow/example_dags/example_dataset_alias.py
[2025-02-04T16:33:37.130+0000] {processor.py:925} INFO - DAG(s) 'dataset_alias_example_alias_producer', 'dataset_s3_bucket_consumer', 'dataset_s3_bucket_producer', 'dataset_alias_example_alias_consumer' retrieved from /home/airflow/.local/lib/python3.9/site-packages/airflow/example_dags/example_dataset_alias.py
[2025-02-04T16:33:37.164+0000] {logging_mixin.py:190} INFO - [2025-02-04T16:33:37.163+0000] {dag.py:3239} INFO - Sync 4 DAGs
[2025-02-04T16:33:37.188+0000] {logging_mixin.py:190} INFO - [2025-02-04T16:33:37.188+0000] {dag.py:4180} INFO - Setting next_dagrun for dataset_alias_example_alias_consumer to None, run_after=None
[2025-02-04T16:33:37.192+0000] {logging_mixin.py:190} INFO - [2025-02-04T16:33:37.192+0000] {dag.py:4180} INFO - Setting next_dagrun for dataset_alias_example_alias_producer to None, run_after=None
[2025-02-04T16:33:37.195+0000] {logging_mixin.py:190} INFO - [2025-02-04T16:33:37.194+0000] {dag.py:4180} INFO - Setting next_dagrun for dataset_s3_bucket_consumer to None, run_after=None
[2025-02-04T16:33:37.197+0000] {logging_mixin.py:190} INFO - [2025-02-04T16:33:37.197+0000] {dag.py:4180} INFO - Setting next_dagrun for dataset_s3_bucket_producer to None, run_after=None
[2025-02-04T16:33:37.235+0000] {processor.py:208} INFO - Processing /home/airflow/.local/lib/python3.9/site-packages/airflow/example_dags/example_dataset_alias.py took 0.148 seconds
[2025-02-04T16:34:08.076+0000] {processor.py:186} INFO - Started process (PID=1504) to work on /home/airflow/.local/lib/python3.9/site-packages/airflow/example_dags/example_dataset_alias.py
[2025-02-04T16:34:08.077+0000] {processor.py:914} INFO - Processing file /home/airflow/.local/lib/python3.9/site-packages/airflow/example_dags/example_dataset_alias.py for tasks to queue
[2025-02-04T16:34:08.080+0000] {logging_mixin.py:190} INFO - [2025-02-04T16:34:08.080+0000] {dagbag.py:588} INFO - Filling up the DagBag from /home/airflow/.local/lib/python3.9/site-packages/airflow/example_dags/example_dataset_alias.py
[2025-02-04T16:34:08.110+0000] {processor.py:925} INFO - DAG(s) 'dataset_alias_example_alias_producer', 'dataset_s3_bucket_consumer', 'dataset_alias_example_alias_consumer', 'dataset_s3_bucket_producer' retrieved from /home/airflow/.local/lib/python3.9/site-packages/airflow/example_dags/example_dataset_alias.py
[2025-02-04T16:34:08.139+0000] {logging_mixin.py:190} INFO - [2025-02-04T16:34:08.139+0000] {dag.py:3239} INFO - Sync 4 DAGs
[2025-02-04T16:34:08.163+0000] {logging_mixin.py:190} INFO - [2025-02-04T16:34:08.163+0000] {dag.py:4180} INFO - Setting next_dagrun for dataset_alias_example_alias_consumer to None, run_after=None
[2025-02-04T16:34:08.167+0000] {logging_mixin.py:190} INFO - [2025-02-04T16:34:08.166+0000] {dag.py:4180} INFO - Setting next_dagrun for dataset_alias_example_alias_producer to None, run_after=None
[2025-02-04T16:34:08.169+0000] {logging_mixin.py:190} INFO - [2025-02-04T16:34:08.169+0000] {dag.py:4180} INFO - Setting next_dagrun for dataset_s3_bucket_consumer to None, run_after=None
[2025-02-04T16:34:08.171+0000] {logging_mixin.py:190} INFO - [2025-02-04T16:34:08.171+0000] {dag.py:4180} INFO - Setting next_dagrun for dataset_s3_bucket_producer to None, run_after=None
[2025-02-04T16:34:08.203+0000] {processor.py:208} INFO - Processing /home/airflow/.local/lib/python3.9/site-packages/airflow/example_dags/example_dataset_alias.py took 0.134 seconds
[2025-02-04T16:34:41.698+0000] {processor.py:186} INFO - Started process (PID=1572) to work on /home/airflow/.local/lib/python3.9/site-packages/airflow/example_dags/example_dataset_alias.py
[2025-02-04T16:34:41.699+0000] {processor.py:914} INFO - Processing file /home/airflow/.local/lib/python3.9/site-packages/airflow/example_dags/example_dataset_alias.py for tasks to queue
[2025-02-04T16:34:41.702+0000] {logging_mixin.py:190} INFO - [2025-02-04T16:34:41.702+0000] {dagbag.py:588} INFO - Filling up the DagBag from /home/airflow/.local/lib/python3.9/site-packages/airflow/example_dags/example_dataset_alias.py
[2025-02-04T16:34:41.732+0000] {processor.py:925} INFO - DAG(s) 'dataset_alias_example_alias_producer', 'dataset_alias_example_alias_consumer', 'dataset_s3_bucket_consumer', 'dataset_s3_bucket_producer' retrieved from /home/airflow/.local/lib/python3.9/site-packages/airflow/example_dags/example_dataset_alias.py
[2025-02-04T16:34:41.759+0000] {logging_mixin.py:190} INFO - [2025-02-04T16:34:41.759+0000] {dag.py:3239} INFO - Sync 4 DAGs
[2025-02-04T16:34:41.788+0000] {logging_mixin.py:190} INFO - [2025-02-04T16:34:41.788+0000] {dag.py:4180} INFO - Setting next_dagrun for dataset_alias_example_alias_consumer to None, run_after=None
[2025-02-04T16:34:41.792+0000] {logging_mixin.py:190} INFO - [2025-02-04T16:34:41.792+0000] {dag.py:4180} INFO - Setting next_dagrun for dataset_alias_example_alias_producer to None, run_after=None
[2025-02-04T16:34:41.794+0000] {logging_mixin.py:190} INFO - [2025-02-04T16:34:41.794+0000] {dag.py:4180} INFO - Setting next_dagrun for dataset_s3_bucket_consumer to None, run_after=None
[2025-02-04T16:34:41.796+0000] {logging_mixin.py:190} INFO - [2025-02-04T16:34:41.796+0000] {dag.py:4180} INFO - Setting next_dagrun for dataset_s3_bucket_producer to None, run_after=None
[2025-02-04T16:34:41.833+0000] {processor.py:208} INFO - Processing /home/airflow/.local/lib/python3.9/site-packages/airflow/example_dags/example_dataset_alias.py took 0.145 seconds
[2025-02-04T16:35:12.235+0000] {processor.py:186} INFO - Started process (PID=1636) to work on /home/airflow/.local/lib/python3.9/site-packages/airflow/example_dags/example_dataset_alias.py
[2025-02-04T16:35:12.237+0000] {processor.py:914} INFO - Processing file /home/airflow/.local/lib/python3.9/site-packages/airflow/example_dags/example_dataset_alias.py for tasks to queue
[2025-02-04T16:35:12.240+0000] {logging_mixin.py:190} INFO - [2025-02-04T16:35:12.239+0000] {dagbag.py:588} INFO - Filling up the DagBag from /home/airflow/.local/lib/python3.9/site-packages/airflow/example_dags/example_dataset_alias.py
[2025-02-04T16:35:12.282+0000] {processor.py:925} INFO - DAG(s) 'dataset_alias_example_alias_consumer', 'dataset_s3_bucket_producer', 'dataset_s3_bucket_consumer', 'dataset_alias_example_alias_producer' retrieved from /home/airflow/.local/lib/python3.9/site-packages/airflow/example_dags/example_dataset_alias.py
[2025-02-04T16:35:12.312+0000] {logging_mixin.py:190} INFO - [2025-02-04T16:35:12.311+0000] {dag.py:3239} INFO - Sync 4 DAGs
[2025-02-04T16:35:12.339+0000] {logging_mixin.py:190} INFO - [2025-02-04T16:35:12.339+0000] {dag.py:4180} INFO - Setting next_dagrun for dataset_alias_example_alias_consumer to None, run_after=None
[2025-02-04T16:35:12.343+0000] {logging_mixin.py:190} INFO - [2025-02-04T16:35:12.343+0000] {dag.py:4180} INFO - Setting next_dagrun for dataset_alias_example_alias_producer to None, run_after=None
[2025-02-04T16:35:12.346+0000] {logging_mixin.py:190} INFO - [2025-02-04T16:35:12.345+0000] {dag.py:4180} INFO - Setting next_dagrun for dataset_s3_bucket_consumer to None, run_after=None
[2025-02-04T16:35:12.348+0000] {logging_mixin.py:190} INFO - [2025-02-04T16:35:12.347+0000] {dag.py:4180} INFO - Setting next_dagrun for dataset_s3_bucket_producer to None, run_after=None
[2025-02-04T16:35:12.377+0000] {processor.py:208} INFO - Processing /home/airflow/.local/lib/python3.9/site-packages/airflow/example_dags/example_dataset_alias.py took 0.149 seconds
[2025-02-04T16:35:43.467+0000] {processor.py:186} INFO - Started process (PID=1700) to work on /home/airflow/.local/lib/python3.9/site-packages/airflow/example_dags/example_dataset_alias.py
[2025-02-04T16:35:43.469+0000] {processor.py:914} INFO - Processing file /home/airflow/.local/lib/python3.9/site-packages/airflow/example_dags/example_dataset_alias.py for tasks to queue
[2025-02-04T16:35:43.472+0000] {logging_mixin.py:190} INFO - [2025-02-04T16:35:43.471+0000] {dagbag.py:588} INFO - Filling up the DagBag from /home/airflow/.local/lib/python3.9/site-packages/airflow/example_dags/example_dataset_alias.py
[2025-02-04T16:35:43.501+0000] {processor.py:925} INFO - DAG(s) 'dataset_s3_bucket_producer', 'dataset_s3_bucket_consumer', 'dataset_alias_example_alias_consumer', 'dataset_alias_example_alias_producer' retrieved from /home/airflow/.local/lib/python3.9/site-packages/airflow/example_dags/example_dataset_alias.py
[2025-02-04T16:35:43.527+0000] {logging_mixin.py:190} INFO - [2025-02-04T16:35:43.527+0000] {dag.py:3239} INFO - Sync 4 DAGs
[2025-02-04T16:35:43.552+0000] {logging_mixin.py:190} INFO - [2025-02-04T16:35:43.551+0000] {dag.py:4180} INFO - Setting next_dagrun for dataset_alias_example_alias_consumer to None, run_after=None
[2025-02-04T16:35:43.556+0000] {logging_mixin.py:190} INFO - [2025-02-04T16:35:43.555+0000] {dag.py:4180} INFO - Setting next_dagrun for dataset_alias_example_alias_producer to None, run_after=None
[2025-02-04T16:35:43.558+0000] {logging_mixin.py:190} INFO - [2025-02-04T16:35:43.558+0000] {dag.py:4180} INFO - Setting next_dagrun for dataset_s3_bucket_consumer to None, run_after=None
[2025-02-04T16:35:43.560+0000] {logging_mixin.py:190} INFO - [2025-02-04T16:35:43.560+0000] {dag.py:4180} INFO - Setting next_dagrun for dataset_s3_bucket_producer to None, run_after=None
[2025-02-04T16:35:43.597+0000] {processor.py:208} INFO - Processing /home/airflow/.local/lib/python3.9/site-packages/airflow/example_dags/example_dataset_alias.py took 0.137 seconds
[2025-02-04T16:36:14.486+0000] {processor.py:186} INFO - Started process (PID=1765) to work on /home/airflow/.local/lib/python3.9/site-packages/airflow/example_dags/example_dataset_alias.py
[2025-02-04T16:36:14.487+0000] {processor.py:914} INFO - Processing file /home/airflow/.local/lib/python3.9/site-packages/airflow/example_dags/example_dataset_alias.py for tasks to queue
[2025-02-04T16:36:14.490+0000] {logging_mixin.py:190} INFO - [2025-02-04T16:36:14.489+0000] {dagbag.py:588} INFO - Filling up the DagBag from /home/airflow/.local/lib/python3.9/site-packages/airflow/example_dags/example_dataset_alias.py
[2025-02-04T16:36:14.522+0000] {processor.py:925} INFO - DAG(s) 'dataset_alias_example_alias_consumer', 'dataset_alias_example_alias_producer', 'dataset_s3_bucket_consumer', 'dataset_s3_bucket_producer' retrieved from /home/airflow/.local/lib/python3.9/site-packages/airflow/example_dags/example_dataset_alias.py
[2025-02-04T16:36:14.552+0000] {logging_mixin.py:190} INFO - [2025-02-04T16:36:14.551+0000] {dag.py:3239} INFO - Sync 4 DAGs
[2025-02-04T16:36:14.576+0000] {logging_mixin.py:190} INFO - [2025-02-04T16:36:14.576+0000] {dag.py:4180} INFO - Setting next_dagrun for dataset_alias_example_alias_consumer to None, run_after=None
[2025-02-04T16:36:14.580+0000] {logging_mixin.py:190} INFO - [2025-02-04T16:36:14.580+0000] {dag.py:4180} INFO - Setting next_dagrun for dataset_alias_example_alias_producer to None, run_after=None
[2025-02-04T16:36:14.582+0000] {logging_mixin.py:190} INFO - [2025-02-04T16:36:14.582+0000] {dag.py:4180} INFO - Setting next_dagrun for dataset_s3_bucket_consumer to None, run_after=None
[2025-02-04T16:36:14.584+0000] {logging_mixin.py:190} INFO - [2025-02-04T16:36:14.584+0000] {dag.py:4180} INFO - Setting next_dagrun for dataset_s3_bucket_producer to None, run_after=None
[2025-02-04T16:36:14.618+0000] {processor.py:208} INFO - Processing /home/airflow/.local/lib/python3.9/site-packages/airflow/example_dags/example_dataset_alias.py took 0.140 seconds
[2025-02-04T16:36:45.309+0000] {processor.py:186} INFO - Started process (PID=1829) to work on /home/airflow/.local/lib/python3.9/site-packages/airflow/example_dags/example_dataset_alias.py
[2025-02-04T16:36:45.310+0000] {processor.py:914} INFO - Processing file /home/airflow/.local/lib/python3.9/site-packages/airflow/example_dags/example_dataset_alias.py for tasks to queue
[2025-02-04T16:36:45.313+0000] {logging_mixin.py:190} INFO - [2025-02-04T16:36:45.313+0000] {dagbag.py:588} INFO - Filling up the DagBag from /home/airflow/.local/lib/python3.9/site-packages/airflow/example_dags/example_dataset_alias.py
[2025-02-04T16:36:45.345+0000] {processor.py:925} INFO - DAG(s) 'dataset_s3_bucket_producer', 'dataset_alias_example_alias_producer', 'dataset_s3_bucket_consumer', 'dataset_alias_example_alias_consumer' retrieved from /home/airflow/.local/lib/python3.9/site-packages/airflow/example_dags/example_dataset_alias.py
[2025-02-04T16:36:45.374+0000] {logging_mixin.py:190} INFO - [2025-02-04T16:36:45.374+0000] {dag.py:3239} INFO - Sync 4 DAGs
[2025-02-04T16:36:45.401+0000] {logging_mixin.py:190} INFO - [2025-02-04T16:36:45.401+0000] {dag.py:4180} INFO - Setting next_dagrun for dataset_alias_example_alias_consumer to None, run_after=None
[2025-02-04T16:36:45.405+0000] {logging_mixin.py:190} INFO - [2025-02-04T16:36:45.404+0000] {dag.py:4180} INFO - Setting next_dagrun for dataset_alias_example_alias_producer to None, run_after=None
[2025-02-04T16:36:45.407+0000] {logging_mixin.py:190} INFO - [2025-02-04T16:36:45.406+0000] {dag.py:4180} INFO - Setting next_dagrun for dataset_s3_bucket_consumer to None, run_after=None
[2025-02-04T16:36:45.409+0000] {logging_mixin.py:190} INFO - [2025-02-04T16:36:45.408+0000] {dag.py:4180} INFO - Setting next_dagrun for dataset_s3_bucket_producer to None, run_after=None
[2025-02-04T16:36:45.439+0000] {processor.py:208} INFO - Processing /home/airflow/.local/lib/python3.9/site-packages/airflow/example_dags/example_dataset_alias.py took 0.137 seconds
[2025-02-04T16:39:27.559+0000] {processor.py:186} INFO - Started process (PID=1929) to work on /home/airflow/.local/lib/python3.9/site-packages/airflow/example_dags/example_dataset_alias.py
[2025-02-04T16:39:27.560+0000] {processor.py:914} INFO - Processing file /home/airflow/.local/lib/python3.9/site-packages/airflow/example_dags/example_dataset_alias.py for tasks to queue
[2025-02-04T16:39:27.562+0000] {logging_mixin.py:190} INFO - [2025-02-04T16:39:27.561+0000] {dagbag.py:588} INFO - Filling up the DagBag from /home/airflow/.local/lib/python3.9/site-packages/airflow/example_dags/example_dataset_alias.py
[2025-02-04T16:39:27.592+0000] {processor.py:925} INFO - DAG(s) 'dataset_alias_example_alias_producer', 'dataset_alias_example_alias_consumer', 'dataset_s3_bucket_consumer', 'dataset_s3_bucket_producer' retrieved from /home/airflow/.local/lib/python3.9/site-packages/airflow/example_dags/example_dataset_alias.py
[2025-02-04T16:39:27.621+0000] {logging_mixin.py:190} INFO - [2025-02-04T16:39:27.621+0000] {dag.py:3239} INFO - Sync 4 DAGs
[2025-02-04T16:39:27.644+0000] {logging_mixin.py:190} INFO - [2025-02-04T16:39:27.644+0000] {dag.py:4180} INFO - Setting next_dagrun for dataset_alias_example_alias_consumer to None, run_after=None
[2025-02-04T16:39:27.648+0000] {logging_mixin.py:190} INFO - [2025-02-04T16:39:27.648+0000] {dag.py:4180} INFO - Setting next_dagrun for dataset_alias_example_alias_producer to None, run_after=None
[2025-02-04T16:39:27.650+0000] {logging_mixin.py:190} INFO - [2025-02-04T16:39:27.650+0000] {dag.py:4180} INFO - Setting next_dagrun for dataset_s3_bucket_consumer to None, run_after=None
[2025-02-04T16:39:27.652+0000] {logging_mixin.py:190} INFO - [2025-02-04T16:39:27.652+0000] {dag.py:4180} INFO - Setting next_dagrun for dataset_s3_bucket_producer to None, run_after=None
[2025-02-04T16:39:27.686+0000] {processor.py:208} INFO - Processing /home/airflow/.local/lib/python3.9/site-packages/airflow/example_dags/example_dataset_alias.py took 0.135 seconds
[2025-02-04T16:39:57.926+0000] {processor.py:186} INFO - Started process (PID=1993) to work on /home/airflow/.local/lib/python3.9/site-packages/airflow/example_dags/example_dataset_alias.py
[2025-02-04T16:39:57.927+0000] {processor.py:914} INFO - Processing file /home/airflow/.local/lib/python3.9/site-packages/airflow/example_dags/example_dataset_alias.py for tasks to queue
[2025-02-04T16:39:57.929+0000] {logging_mixin.py:190} INFO - [2025-02-04T16:39:57.929+0000] {dagbag.py:588} INFO - Filling up the DagBag from /home/airflow/.local/lib/python3.9/site-packages/airflow/example_dags/example_dataset_alias.py
[2025-02-04T16:39:57.965+0000] {processor.py:925} INFO - DAG(s) 'dataset_alias_example_alias_consumer', 'dataset_s3_bucket_producer', 'dataset_s3_bucket_consumer', 'dataset_alias_example_alias_producer' retrieved from /home/airflow/.local/lib/python3.9/site-packages/airflow/example_dags/example_dataset_alias.py
[2025-02-04T16:39:57.994+0000] {logging_mixin.py:190} INFO - [2025-02-04T16:39:57.993+0000] {dag.py:3239} INFO - Sync 4 DAGs
[2025-02-04T16:39:58.022+0000] {logging_mixin.py:190} INFO - [2025-02-04T16:39:58.021+0000] {dag.py:4180} INFO - Setting next_dagrun for dataset_alias_example_alias_consumer to None, run_after=None
[2025-02-04T16:39:58.025+0000] {logging_mixin.py:190} INFO - [2025-02-04T16:39:58.025+0000] {dag.py:4180} INFO - Setting next_dagrun for dataset_alias_example_alias_producer to None, run_after=None
[2025-02-04T16:39:58.027+0000] {logging_mixin.py:190} INFO - [2025-02-04T16:39:58.027+0000] {dag.py:4180} INFO - Setting next_dagrun for dataset_s3_bucket_consumer to None, run_after=None
[2025-02-04T16:39:58.029+0000] {logging_mixin.py:190} INFO - [2025-02-04T16:39:58.028+0000] {dag.py:4180} INFO - Setting next_dagrun for dataset_s3_bucket_producer to None, run_after=None
[2025-02-04T16:39:58.055+0000] {processor.py:208} INFO - Processing /home/airflow/.local/lib/python3.9/site-packages/airflow/example_dags/example_dataset_alias.py took 0.136 seconds
[2025-02-04T16:40:28.872+0000] {processor.py:186} INFO - Started process (PID=2057) to work on /home/airflow/.local/lib/python3.9/site-packages/airflow/example_dags/example_dataset_alias.py
[2025-02-04T16:40:28.873+0000] {processor.py:914} INFO - Processing file /home/airflow/.local/lib/python3.9/site-packages/airflow/example_dags/example_dataset_alias.py for tasks to queue
[2025-02-04T16:40:28.875+0000] {logging_mixin.py:190} INFO - [2025-02-04T16:40:28.875+0000] {dagbag.py:588} INFO - Filling up the DagBag from /home/airflow/.local/lib/python3.9/site-packages/airflow/example_dags/example_dataset_alias.py
[2025-02-04T16:40:28.904+0000] {processor.py:925} INFO - DAG(s) 'dataset_s3_bucket_producer', 'dataset_s3_bucket_consumer', 'dataset_alias_example_alias_consumer', 'dataset_alias_example_alias_producer' retrieved from /home/airflow/.local/lib/python3.9/site-packages/airflow/example_dags/example_dataset_alias.py
[2025-02-04T16:40:28.931+0000] {logging_mixin.py:190} INFO - [2025-02-04T16:40:28.931+0000] {dag.py:3239} INFO - Sync 4 DAGs
[2025-02-04T16:40:28.954+0000] {logging_mixin.py:190} INFO - [2025-02-04T16:40:28.953+0000] {dag.py:4180} INFO - Setting next_dagrun for dataset_alias_example_alias_consumer to None, run_after=None
[2025-02-04T16:40:28.957+0000] {logging_mixin.py:190} INFO - [2025-02-04T16:40:28.957+0000] {dag.py:4180} INFO - Setting next_dagrun for dataset_alias_example_alias_producer to None, run_after=None
[2025-02-04T16:40:28.959+0000] {logging_mixin.py:190} INFO - [2025-02-04T16:40:28.959+0000] {dag.py:4180} INFO - Setting next_dagrun for dataset_s3_bucket_consumer to None, run_after=None
[2025-02-04T16:40:28.962+0000] {logging_mixin.py:190} INFO - [2025-02-04T16:40:28.962+0000] {dag.py:4180} INFO - Setting next_dagrun for dataset_s3_bucket_producer to None, run_after=None
[2025-02-04T16:40:28.991+0000] {processor.py:208} INFO - Processing /home/airflow/.local/lib/python3.9/site-packages/airflow/example_dags/example_dataset_alias.py took 0.126 seconds
[2025-02-04T16:40:59.626+0000] {processor.py:186} INFO - Started process (PID=2121) to work on /home/airflow/.local/lib/python3.9/site-packages/airflow/example_dags/example_dataset_alias.py
[2025-02-04T16:40:59.627+0000] {processor.py:914} INFO - Processing file /home/airflow/.local/lib/python3.9/site-packages/airflow/example_dags/example_dataset_alias.py for tasks to queue
[2025-02-04T16:40:59.629+0000] {logging_mixin.py:190} INFO - [2025-02-04T16:40:59.628+0000] {dagbag.py:588} INFO - Filling up the DagBag from /home/airflow/.local/lib/python3.9/site-packages/airflow/example_dags/example_dataset_alias.py
[2025-02-04T16:40:59.657+0000] {processor.py:925} INFO - DAG(s) 'dataset_alias_example_alias_producer', 'dataset_alias_example_alias_consumer', 'dataset_s3_bucket_consumer', 'dataset_s3_bucket_producer' retrieved from /home/airflow/.local/lib/python3.9/site-packages/airflow/example_dags/example_dataset_alias.py
[2025-02-04T16:40:59.683+0000] {logging_mixin.py:190} INFO - [2025-02-04T16:40:59.682+0000] {dag.py:3239} INFO - Sync 4 DAGs
[2025-02-04T16:40:59.707+0000] {logging_mixin.py:190} INFO - [2025-02-04T16:40:59.707+0000] {dag.py:4180} INFO - Setting next_dagrun for dataset_alias_example_alias_consumer to None, run_after=None
[2025-02-04T16:40:59.710+0000] {logging_mixin.py:190} INFO - [2025-02-04T16:40:59.710+0000] {dag.py:4180} INFO - Setting next_dagrun for dataset_alias_example_alias_producer to None, run_after=None
[2025-02-04T16:40:59.712+0000] {logging_mixin.py:190} INFO - [2025-02-04T16:40:59.712+0000] {dag.py:4180} INFO - Setting next_dagrun for dataset_s3_bucket_consumer to None, run_after=None
[2025-02-04T16:40:59.714+0000] {logging_mixin.py:190} INFO - [2025-02-04T16:40:59.714+0000] {dag.py:4180} INFO - Setting next_dagrun for dataset_s3_bucket_producer to None, run_after=None
[2025-02-04T16:40:59.743+0000] {processor.py:208} INFO - Processing /home/airflow/.local/lib/python3.9/site-packages/airflow/example_dags/example_dataset_alias.py took 0.126 seconds
[2025-02-04T16:41:30.918+0000] {processor.py:186} INFO - Started process (PID=2185) to work on /home/airflow/.local/lib/python3.9/site-packages/airflow/example_dags/example_dataset_alias.py
[2025-02-04T16:41:30.919+0000] {processor.py:914} INFO - Processing file /home/airflow/.local/lib/python3.9/site-packages/airflow/example_dags/example_dataset_alias.py for tasks to queue
[2025-02-04T16:41:30.921+0000] {logging_mixin.py:190} INFO - [2025-02-04T16:41:30.921+0000] {dagbag.py:588} INFO - Filling up the DagBag from /home/airflow/.local/lib/python3.9/site-packages/airflow/example_dags/example_dataset_alias.py
[2025-02-04T16:41:30.949+0000] {processor.py:925} INFO - DAG(s) 'dataset_s3_bucket_producer', 'dataset_s3_bucket_consumer', 'dataset_alias_example_alias_consumer', 'dataset_alias_example_alias_producer' retrieved from /home/airflow/.local/lib/python3.9/site-packages/airflow/example_dags/example_dataset_alias.py
[2025-02-04T16:41:30.975+0000] {logging_mixin.py:190} INFO - [2025-02-04T16:41:30.974+0000] {dag.py:3239} INFO - Sync 4 DAGs
[2025-02-04T16:41:30.996+0000] {logging_mixin.py:190} INFO - [2025-02-04T16:41:30.996+0000] {dag.py:4180} INFO - Setting next_dagrun for dataset_alias_example_alias_consumer to None, run_after=None
[2025-02-04T16:41:31.000+0000] {logging_mixin.py:190} INFO - [2025-02-04T16:41:31.000+0000] {dag.py:4180} INFO - Setting next_dagrun for dataset_alias_example_alias_producer to None, run_after=None
[2025-02-04T16:41:31.002+0000] {logging_mixin.py:190} INFO - [2025-02-04T16:41:31.002+0000] {dag.py:4180} INFO - Setting next_dagrun for dataset_s3_bucket_consumer to None, run_after=None
[2025-02-04T16:41:31.005+0000] {logging_mixin.py:190} INFO - [2025-02-04T16:41:31.005+0000] {dag.py:4180} INFO - Setting next_dagrun for dataset_s3_bucket_producer to None, run_after=None
[2025-02-04T16:41:31.035+0000] {processor.py:208} INFO - Processing /home/airflow/.local/lib/python3.9/site-packages/airflow/example_dags/example_dataset_alias.py took 0.124 seconds
[2025-02-04T16:42:02.092+0000] {processor.py:186} INFO - Started process (PID=2249) to work on /home/airflow/.local/lib/python3.9/site-packages/airflow/example_dags/example_dataset_alias.py
[2025-02-04T16:42:02.094+0000] {processor.py:914} INFO - Processing file /home/airflow/.local/lib/python3.9/site-packages/airflow/example_dags/example_dataset_alias.py for tasks to queue
[2025-02-04T16:42:02.096+0000] {logging_mixin.py:190} INFO - [2025-02-04T16:42:02.096+0000] {dagbag.py:588} INFO - Filling up the DagBag from /home/airflow/.local/lib/python3.9/site-packages/airflow/example_dags/example_dataset_alias.py
[2025-02-04T16:42:02.126+0000] {processor.py:925} INFO - DAG(s) 'dataset_alias_example_alias_consumer', 'dataset_s3_bucket_consumer', 'dataset_alias_example_alias_producer', 'dataset_s3_bucket_producer' retrieved from /home/airflow/.local/lib/python3.9/site-packages/airflow/example_dags/example_dataset_alias.py
[2025-02-04T16:42:02.152+0000] {logging_mixin.py:190} INFO - [2025-02-04T16:42:02.151+0000] {dag.py:3239} INFO - Sync 4 DAGs
[2025-02-04T16:42:02.175+0000] {logging_mixin.py:190} INFO - [2025-02-04T16:42:02.174+0000] {dag.py:4180} INFO - Setting next_dagrun for dataset_alias_example_alias_consumer to None, run_after=None
[2025-02-04T16:42:02.178+0000] {logging_mixin.py:190} INFO - [2025-02-04T16:42:02.178+0000] {dag.py:4180} INFO - Setting next_dagrun for dataset_alias_example_alias_producer to None, run_after=None
[2025-02-04T16:42:02.181+0000] {logging_mixin.py:190} INFO - [2025-02-04T16:42:02.180+0000] {dag.py:4180} INFO - Setting next_dagrun for dataset_s3_bucket_consumer to None, run_after=None
[2025-02-04T16:42:02.183+0000] {logging_mixin.py:190} INFO - [2025-02-04T16:42:02.183+0000] {dag.py:4180} INFO - Setting next_dagrun for dataset_s3_bucket_producer to None, run_after=None
[2025-02-04T16:42:02.213+0000] {processor.py:208} INFO - Processing /home/airflow/.local/lib/python3.9/site-packages/airflow/example_dags/example_dataset_alias.py took 0.127 seconds
[2025-02-04T16:42:32.792+0000] {processor.py:186} INFO - Started process (PID=2314) to work on /home/airflow/.local/lib/python3.9/site-packages/airflow/example_dags/example_dataset_alias.py
[2025-02-04T16:42:32.794+0000] {processor.py:914} INFO - Processing file /home/airflow/.local/lib/python3.9/site-packages/airflow/example_dags/example_dataset_alias.py for tasks to queue
[2025-02-04T16:42:32.795+0000] {logging_mixin.py:190} INFO - [2025-02-04T16:42:32.795+0000] {dagbag.py:588} INFO - Filling up the DagBag from /home/airflow/.local/lib/python3.9/site-packages/airflow/example_dags/example_dataset_alias.py
[2025-02-04T16:42:32.833+0000] {processor.py:925} INFO - DAG(s) 'dataset_s3_bucket_producer', 'dataset_alias_example_alias_consumer', 'dataset_alias_example_alias_producer', 'dataset_s3_bucket_consumer' retrieved from /home/airflow/.local/lib/python3.9/site-packages/airflow/example_dags/example_dataset_alias.py
[2025-02-04T16:42:32.862+0000] {logging_mixin.py:190} INFO - [2025-02-04T16:42:32.862+0000] {dag.py:3239} INFO - Sync 4 DAGs
[2025-02-04T16:42:32.897+0000] {logging_mixin.py:190} INFO - [2025-02-04T16:42:32.897+0000] {dag.py:4180} INFO - Setting next_dagrun for dataset_alias_example_alias_consumer to None, run_after=None
[2025-02-04T16:42:32.901+0000] {logging_mixin.py:190} INFO - [2025-02-04T16:42:32.900+0000] {dag.py:4180} INFO - Setting next_dagrun for dataset_alias_example_alias_producer to None, run_after=None
[2025-02-04T16:42:32.905+0000] {logging_mixin.py:190} INFO - [2025-02-04T16:42:32.904+0000] {dag.py:4180} INFO - Setting next_dagrun for dataset_s3_bucket_consumer to None, run_after=None
[2025-02-04T16:42:32.908+0000] {logging_mixin.py:190} INFO - [2025-02-04T16:42:32.907+0000] {dag.py:4180} INFO - Setting next_dagrun for dataset_s3_bucket_producer to None, run_after=None
[2025-02-04T16:42:32.941+0000] {processor.py:208} INFO - Processing /home/airflow/.local/lib/python3.9/site-packages/airflow/example_dags/example_dataset_alias.py took 0.158 seconds
[2025-02-04T16:43:03.177+0000] {processor.py:186} INFO - Started process (PID=2378) to work on /home/airflow/.local/lib/python3.9/site-packages/airflow/example_dags/example_dataset_alias.py
[2025-02-04T16:43:03.178+0000] {processor.py:914} INFO - Processing file /home/airflow/.local/lib/python3.9/site-packages/airflow/example_dags/example_dataset_alias.py for tasks to queue
[2025-02-04T16:43:03.179+0000] {logging_mixin.py:190} INFO - [2025-02-04T16:43:03.179+0000] {dagbag.py:588} INFO - Filling up the DagBag from /home/airflow/.local/lib/python3.9/site-packages/airflow/example_dags/example_dataset_alias.py
[2025-02-04T16:43:03.209+0000] {processor.py:925} INFO - DAG(s) 'dataset_s3_bucket_consumer', 'dataset_alias_example_alias_producer', 'dataset_s3_bucket_producer', 'dataset_alias_example_alias_consumer' retrieved from /home/airflow/.local/lib/python3.9/site-packages/airflow/example_dags/example_dataset_alias.py
[2025-02-04T16:43:03.236+0000] {logging_mixin.py:190} INFO - [2025-02-04T16:43:03.235+0000] {dag.py:3239} INFO - Sync 4 DAGs
[2025-02-04T16:43:03.259+0000] {logging_mixin.py:190} INFO - [2025-02-04T16:43:03.259+0000] {dag.py:4180} INFO - Setting next_dagrun for dataset_alias_example_alias_consumer to None, run_after=None
[2025-02-04T16:43:03.263+0000] {logging_mixin.py:190} INFO - [2025-02-04T16:43:03.262+0000] {dag.py:4180} INFO - Setting next_dagrun for dataset_alias_example_alias_producer to None, run_after=None
[2025-02-04T16:43:03.265+0000] {logging_mixin.py:190} INFO - [2025-02-04T16:43:03.265+0000] {dag.py:4180} INFO - Setting next_dagrun for dataset_s3_bucket_consumer to None, run_after=None
[2025-02-04T16:43:03.268+0000] {logging_mixin.py:190} INFO - [2025-02-04T16:43:03.268+0000] {dag.py:4180} INFO - Setting next_dagrun for dataset_s3_bucket_producer to None, run_after=None
[2025-02-04T16:43:03.308+0000] {processor.py:208} INFO - Processing /home/airflow/.local/lib/python3.9/site-packages/airflow/example_dags/example_dataset_alias.py took 0.137 seconds
[2025-02-04T16:43:33.854+0000] {processor.py:186} INFO - Started process (PID=2442) to work on /home/airflow/.local/lib/python3.9/site-packages/airflow/example_dags/example_dataset_alias.py
[2025-02-04T16:43:33.855+0000] {processor.py:914} INFO - Processing file /home/airflow/.local/lib/python3.9/site-packages/airflow/example_dags/example_dataset_alias.py for tasks to queue
[2025-02-04T16:43:33.857+0000] {logging_mixin.py:190} INFO - [2025-02-04T16:43:33.857+0000] {dagbag.py:588} INFO - Filling up the DagBag from /home/airflow/.local/lib/python3.9/site-packages/airflow/example_dags/example_dataset_alias.py
[2025-02-04T16:43:33.889+0000] {processor.py:925} INFO - DAG(s) 'dataset_alias_example_alias_consumer', 'dataset_s3_bucket_consumer', 'dataset_alias_example_alias_producer', 'dataset_s3_bucket_producer' retrieved from /home/airflow/.local/lib/python3.9/site-packages/airflow/example_dags/example_dataset_alias.py
[2025-02-04T16:43:33.919+0000] {logging_mixin.py:190} INFO - [2025-02-04T16:43:33.919+0000] {dag.py:3239} INFO - Sync 4 DAGs
[2025-02-04T16:43:33.943+0000] {logging_mixin.py:190} INFO - [2025-02-04T16:43:33.943+0000] {dag.py:4180} INFO - Setting next_dagrun for dataset_alias_example_alias_consumer to None, run_after=None
[2025-02-04T16:43:33.947+0000] {logging_mixin.py:190} INFO - [2025-02-04T16:43:33.947+0000] {dag.py:4180} INFO - Setting next_dagrun for dataset_alias_example_alias_producer to None, run_after=None
[2025-02-04T16:43:33.950+0000] {logging_mixin.py:190} INFO - [2025-02-04T16:43:33.950+0000] {dag.py:4180} INFO - Setting next_dagrun for dataset_s3_bucket_consumer to None, run_after=None
[2025-02-04T16:43:33.952+0000] {logging_mixin.py:190} INFO - [2025-02-04T16:43:33.952+0000] {dag.py:4180} INFO - Setting next_dagrun for dataset_s3_bucket_producer to None, run_after=None
[2025-02-04T16:43:33.994+0000] {processor.py:208} INFO - Processing /home/airflow/.local/lib/python3.9/site-packages/airflow/example_dags/example_dataset_alias.py took 0.147 seconds
[2025-02-04T16:44:04.667+0000] {processor.py:186} INFO - Started process (PID=2508) to work on /home/airflow/.local/lib/python3.9/site-packages/airflow/example_dags/example_dataset_alias.py
[2025-02-04T16:44:04.669+0000] {processor.py:914} INFO - Processing file /home/airflow/.local/lib/python3.9/site-packages/airflow/example_dags/example_dataset_alias.py for tasks to queue
[2025-02-04T16:44:04.670+0000] {logging_mixin.py:190} INFO - [2025-02-04T16:44:04.670+0000] {dagbag.py:588} INFO - Filling up the DagBag from /home/airflow/.local/lib/python3.9/site-packages/airflow/example_dags/example_dataset_alias.py
[2025-02-04T16:44:04.699+0000] {processor.py:925} INFO - DAG(s) 'dataset_s3_bucket_producer', 'dataset_alias_example_alias_producer', 'dataset_s3_bucket_consumer', 'dataset_alias_example_alias_consumer' retrieved from /home/airflow/.local/lib/python3.9/site-packages/airflow/example_dags/example_dataset_alias.py
[2025-02-04T16:44:04.729+0000] {logging_mixin.py:190} INFO - [2025-02-04T16:44:04.729+0000] {dag.py:3239} INFO - Sync 4 DAGs
[2025-02-04T16:44:04.755+0000] {logging_mixin.py:190} INFO - [2025-02-04T16:44:04.755+0000] {dag.py:4180} INFO - Setting next_dagrun for dataset_alias_example_alias_consumer to None, run_after=None
[2025-02-04T16:44:04.759+0000] {logging_mixin.py:190} INFO - [2025-02-04T16:44:04.759+0000] {dag.py:4180} INFO - Setting next_dagrun for dataset_alias_example_alias_producer to None, run_after=None
[2025-02-04T16:44:04.762+0000] {logging_mixin.py:190} INFO - [2025-02-04T16:44:04.762+0000] {dag.py:4180} INFO - Setting next_dagrun for dataset_s3_bucket_consumer to None, run_after=None
[2025-02-04T16:44:04.764+0000] {logging_mixin.py:190} INFO - [2025-02-04T16:44:04.764+0000] {dag.py:4180} INFO - Setting next_dagrun for dataset_s3_bucket_producer to None, run_after=None
[2025-02-04T16:44:04.796+0000] {processor.py:208} INFO - Processing /home/airflow/.local/lib/python3.9/site-packages/airflow/example_dags/example_dataset_alias.py took 0.136 seconds
[2025-02-04T16:44:34.905+0000] {processor.py:186} INFO - Started process (PID=2572) to work on /home/airflow/.local/lib/python3.9/site-packages/airflow/example_dags/example_dataset_alias.py
[2025-02-04T16:44:34.906+0000] {processor.py:914} INFO - Processing file /home/airflow/.local/lib/python3.9/site-packages/airflow/example_dags/example_dataset_alias.py for tasks to queue
[2025-02-04T16:44:34.908+0000] {logging_mixin.py:190} INFO - [2025-02-04T16:44:34.908+0000] {dagbag.py:588} INFO - Filling up the DagBag from /home/airflow/.local/lib/python3.9/site-packages/airflow/example_dags/example_dataset_alias.py
[2025-02-04T16:44:34.938+0000] {processor.py:925} INFO - DAG(s) 'dataset_alias_example_alias_producer', 'dataset_s3_bucket_producer', 'dataset_alias_example_alias_consumer', 'dataset_s3_bucket_consumer' retrieved from /home/airflow/.local/lib/python3.9/site-packages/airflow/example_dags/example_dataset_alias.py
[2025-02-04T16:44:34.965+0000] {logging_mixin.py:190} INFO - [2025-02-04T16:44:34.965+0000] {dag.py:3239} INFO - Sync 4 DAGs
[2025-02-04T16:44:34.989+0000] {logging_mixin.py:190} INFO - [2025-02-04T16:44:34.989+0000] {dag.py:4180} INFO - Setting next_dagrun for dataset_alias_example_alias_consumer to None, run_after=None
[2025-02-04T16:44:34.992+0000] {logging_mixin.py:190} INFO - [2025-02-04T16:44:34.992+0000] {dag.py:4180} INFO - Setting next_dagrun for dataset_alias_example_alias_producer to None, run_after=None
[2025-02-04T16:44:34.995+0000] {logging_mixin.py:190} INFO - [2025-02-04T16:44:34.994+0000] {dag.py:4180} INFO - Setting next_dagrun for dataset_s3_bucket_consumer to None, run_after=None
[2025-02-04T16:44:34.997+0000] {logging_mixin.py:190} INFO - [2025-02-04T16:44:34.997+0000] {dag.py:4180} INFO - Setting next_dagrun for dataset_s3_bucket_producer to None, run_after=None
[2025-02-04T16:44:35.030+0000] {processor.py:208} INFO - Processing /home/airflow/.local/lib/python3.9/site-packages/airflow/example_dags/example_dataset_alias.py took 0.132 seconds
[2025-02-04T16:45:05.371+0000] {processor.py:186} INFO - Started process (PID=2643) to work on /home/airflow/.local/lib/python3.9/site-packages/airflow/example_dags/example_dataset_alias.py
[2025-02-04T16:45:05.373+0000] {processor.py:914} INFO - Processing file /home/airflow/.local/lib/python3.9/site-packages/airflow/example_dags/example_dataset_alias.py for tasks to queue
[2025-02-04T16:45:05.375+0000] {logging_mixin.py:190} INFO - [2025-02-04T16:45:05.374+0000] {dagbag.py:588} INFO - Filling up the DagBag from /home/airflow/.local/lib/python3.9/site-packages/airflow/example_dags/example_dataset_alias.py
[2025-02-04T16:45:05.404+0000] {processor.py:925} INFO - DAG(s) 'dataset_s3_bucket_producer', 'dataset_s3_bucket_consumer', 'dataset_alias_example_alias_producer', 'dataset_alias_example_alias_consumer' retrieved from /home/airflow/.local/lib/python3.9/site-packages/airflow/example_dags/example_dataset_alias.py
[2025-02-04T16:45:05.430+0000] {logging_mixin.py:190} INFO - [2025-02-04T16:45:05.430+0000] {dag.py:3239} INFO - Sync 4 DAGs
[2025-02-04T16:45:05.456+0000] {logging_mixin.py:190} INFO - [2025-02-04T16:45:05.455+0000] {dag.py:4180} INFO - Setting next_dagrun for dataset_alias_example_alias_consumer to None, run_after=None
[2025-02-04T16:45:05.460+0000] {logging_mixin.py:190} INFO - [2025-02-04T16:45:05.459+0000] {dag.py:4180} INFO - Setting next_dagrun for dataset_alias_example_alias_producer to None, run_after=None
[2025-02-04T16:45:05.462+0000] {logging_mixin.py:190} INFO - [2025-02-04T16:45:05.462+0000] {dag.py:4180} INFO - Setting next_dagrun for dataset_s3_bucket_consumer to None, run_after=None
[2025-02-04T16:45:05.464+0000] {logging_mixin.py:190} INFO - [2025-02-04T16:45:05.464+0000] {dag.py:4180} INFO - Setting next_dagrun for dataset_s3_bucket_producer to None, run_after=None
[2025-02-04T16:45:05.496+0000] {processor.py:208} INFO - Processing /home/airflow/.local/lib/python3.9/site-packages/airflow/example_dags/example_dataset_alias.py took 0.132 seconds
[2025-02-04T16:45:35.766+0000] {processor.py:186} INFO - Started process (PID=2707) to work on /home/airflow/.local/lib/python3.9/site-packages/airflow/example_dags/example_dataset_alias.py
[2025-02-04T16:45:35.767+0000] {processor.py:914} INFO - Processing file /home/airflow/.local/lib/python3.9/site-packages/airflow/example_dags/example_dataset_alias.py for tasks to queue
[2025-02-04T16:45:35.769+0000] {logging_mixin.py:190} INFO - [2025-02-04T16:45:35.768+0000] {dagbag.py:588} INFO - Filling up the DagBag from /home/airflow/.local/lib/python3.9/site-packages/airflow/example_dags/example_dataset_alias.py
[2025-02-04T16:45:35.797+0000] {processor.py:925} INFO - DAG(s) 'dataset_s3_bucket_producer', 'dataset_alias_example_alias_producer', 'dataset_s3_bucket_consumer', 'dataset_alias_example_alias_consumer' retrieved from /home/airflow/.local/lib/python3.9/site-packages/airflow/example_dags/example_dataset_alias.py
[2025-02-04T16:45:35.822+0000] {logging_mixin.py:190} INFO - [2025-02-04T16:45:35.822+0000] {dag.py:3239} INFO - Sync 4 DAGs
[2025-02-04T16:45:35.846+0000] {logging_mixin.py:190} INFO - [2025-02-04T16:45:35.846+0000] {dag.py:4180} INFO - Setting next_dagrun for dataset_alias_example_alias_consumer to None, run_after=None
[2025-02-04T16:45:35.849+0000] {logging_mixin.py:190} INFO - [2025-02-04T16:45:35.849+0000] {dag.py:4180} INFO - Setting next_dagrun for dataset_alias_example_alias_producer to None, run_after=None
[2025-02-04T16:45:35.851+0000] {logging_mixin.py:190} INFO - [2025-02-04T16:45:35.851+0000] {dag.py:4180} INFO - Setting next_dagrun for dataset_s3_bucket_consumer to None, run_after=None
[2025-02-04T16:45:35.854+0000] {logging_mixin.py:190} INFO - [2025-02-04T16:45:35.853+0000] {dag.py:4180} INFO - Setting next_dagrun for dataset_s3_bucket_producer to None, run_after=None
[2025-02-04T16:45:35.884+0000] {processor.py:208} INFO - Processing /home/airflow/.local/lib/python3.9/site-packages/airflow/example_dags/example_dataset_alias.py took 0.125 seconds
[2025-02-04T16:46:07.038+0000] {processor.py:186} INFO - Started process (PID=2771) to work on /home/airflow/.local/lib/python3.9/site-packages/airflow/example_dags/example_dataset_alias.py
[2025-02-04T16:46:07.039+0000] {processor.py:914} INFO - Processing file /home/airflow/.local/lib/python3.9/site-packages/airflow/example_dags/example_dataset_alias.py for tasks to queue
[2025-02-04T16:46:07.041+0000] {logging_mixin.py:190} INFO - [2025-02-04T16:46:07.041+0000] {dagbag.py:588} INFO - Filling up the DagBag from /home/airflow/.local/lib/python3.9/site-packages/airflow/example_dags/example_dataset_alias.py
[2025-02-04T16:46:07.255+0000] {processor.py:925} INFO - DAG(s) 'dataset_s3_bucket_producer', 'dataset_s3_bucket_consumer', 'dataset_alias_example_alias_consumer', 'dataset_alias_example_alias_producer' retrieved from /home/airflow/.local/lib/python3.9/site-packages/airflow/example_dags/example_dataset_alias.py
[2025-02-04T16:46:07.283+0000] {logging_mixin.py:190} INFO - [2025-02-04T16:46:07.283+0000] {dag.py:3239} INFO - Sync 4 DAGs
[2025-02-04T16:46:07.307+0000] {logging_mixin.py:190} INFO - [2025-02-04T16:46:07.307+0000] {dag.py:4180} INFO - Setting next_dagrun for dataset_alias_example_alias_consumer to None, run_after=None
[2025-02-04T16:46:07.311+0000] {logging_mixin.py:190} INFO - [2025-02-04T16:46:07.310+0000] {dag.py:4180} INFO - Setting next_dagrun for dataset_alias_example_alias_producer to None, run_after=None
[2025-02-04T16:46:07.314+0000] {logging_mixin.py:190} INFO - [2025-02-04T16:46:07.313+0000] {dag.py:4180} INFO - Setting next_dagrun for dataset_s3_bucket_consumer to None, run_after=None
[2025-02-04T16:46:07.316+0000] {logging_mixin.py:190} INFO - [2025-02-04T16:46:07.316+0000] {dag.py:4180} INFO - Setting next_dagrun for dataset_s3_bucket_producer to None, run_after=None
[2025-02-04T16:46:07.346+0000] {processor.py:208} INFO - Processing /home/airflow/.local/lib/python3.9/site-packages/airflow/example_dags/example_dataset_alias.py took 0.315 seconds
[2025-02-04T16:46:37.648+0000] {processor.py:186} INFO - Started process (PID=2835) to work on /home/airflow/.local/lib/python3.9/site-packages/airflow/example_dags/example_dataset_alias.py
[2025-02-04T16:46:37.649+0000] {processor.py:914} INFO - Processing file /home/airflow/.local/lib/python3.9/site-packages/airflow/example_dags/example_dataset_alias.py for tasks to queue
[2025-02-04T16:46:37.651+0000] {logging_mixin.py:190} INFO - [2025-02-04T16:46:37.651+0000] {dagbag.py:588} INFO - Filling up the DagBag from /home/airflow/.local/lib/python3.9/site-packages/airflow/example_dags/example_dataset_alias.py
[2025-02-04T16:46:37.683+0000] {processor.py:925} INFO - DAG(s) 'dataset_alias_example_alias_producer', 'dataset_alias_example_alias_consumer', 'dataset_s3_bucket_producer', 'dataset_s3_bucket_consumer' retrieved from /home/airflow/.local/lib/python3.9/site-packages/airflow/example_dags/example_dataset_alias.py
[2025-02-04T16:46:37.713+0000] {logging_mixin.py:190} INFO - [2025-02-04T16:46:37.712+0000] {dag.py:3239} INFO - Sync 4 DAGs
[2025-02-04T16:46:37.737+0000] {logging_mixin.py:190} INFO - [2025-02-04T16:46:37.737+0000] {dag.py:4180} INFO - Setting next_dagrun for dataset_alias_example_alias_consumer to None, run_after=None
[2025-02-04T16:46:37.741+0000] {logging_mixin.py:190} INFO - [2025-02-04T16:46:37.741+0000] {dag.py:4180} INFO - Setting next_dagrun for dataset_alias_example_alias_producer to None, run_after=None
[2025-02-04T16:46:37.743+0000] {logging_mixin.py:190} INFO - [2025-02-04T16:46:37.743+0000] {dag.py:4180} INFO - Setting next_dagrun for dataset_s3_bucket_consumer to None, run_after=None
[2025-02-04T16:46:37.746+0000] {logging_mixin.py:190} INFO - [2025-02-04T16:46:37.745+0000] {dag.py:4180} INFO - Setting next_dagrun for dataset_s3_bucket_producer to None, run_after=None
[2025-02-04T16:46:37.778+0000] {processor.py:208} INFO - Processing /home/airflow/.local/lib/python3.9/site-packages/airflow/example_dags/example_dataset_alias.py took 0.137 seconds
[2025-02-04T16:47:12.726+0000] {processor.py:186} INFO - Started process (PID=2899) to work on /home/airflow/.local/lib/python3.9/site-packages/airflow/example_dags/example_dataset_alias.py
[2025-02-04T16:47:12.727+0000] {processor.py:914} INFO - Processing file /home/airflow/.local/lib/python3.9/site-packages/airflow/example_dags/example_dataset_alias.py for tasks to queue
[2025-02-04T16:47:12.729+0000] {logging_mixin.py:190} INFO - [2025-02-04T16:47:12.728+0000] {dagbag.py:588} INFO - Filling up the DagBag from /home/airflow/.local/lib/python3.9/site-packages/airflow/example_dags/example_dataset_alias.py
[2025-02-04T16:47:12.759+0000] {processor.py:925} INFO - DAG(s) 'dataset_alias_example_alias_producer', 'dataset_s3_bucket_consumer', 'dataset_alias_example_alias_consumer', 'dataset_s3_bucket_producer' retrieved from /home/airflow/.local/lib/python3.9/site-packages/airflow/example_dags/example_dataset_alias.py
[2025-02-04T16:47:12.792+0000] {logging_mixin.py:190} INFO - [2025-02-04T16:47:12.792+0000] {dag.py:3239} INFO - Sync 4 DAGs
[2025-02-04T16:47:12.822+0000] {logging_mixin.py:190} INFO - [2025-02-04T16:47:12.822+0000] {dag.py:4180} INFO - Setting next_dagrun for dataset_alias_example_alias_consumer to None, run_after=None
[2025-02-04T16:47:12.829+0000] {logging_mixin.py:190} INFO - [2025-02-04T16:47:12.828+0000] {dag.py:4180} INFO - Setting next_dagrun for dataset_alias_example_alias_producer to None, run_after=None
[2025-02-04T16:47:12.833+0000] {logging_mixin.py:190} INFO - [2025-02-04T16:47:12.833+0000] {dag.py:4180} INFO - Setting next_dagrun for dataset_s3_bucket_consumer to None, run_after=None
[2025-02-04T16:47:12.837+0000] {logging_mixin.py:190} INFO - [2025-02-04T16:47:12.836+0000] {dag.py:4180} INFO - Setting next_dagrun for dataset_s3_bucket_producer to None, run_after=None
[2025-02-04T16:47:12.876+0000] {processor.py:208} INFO - Processing /home/airflow/.local/lib/python3.9/site-packages/airflow/example_dags/example_dataset_alias.py took 0.157 seconds
