[2025-02-04T16:22:44.673+0000] {processor.py:186} INFO - Started process (PID=94) to work on /home/airflow/.local/lib/python3.9/site-packages/airflow/example_dags/example_branch_python_dop_operator_3.py
[2025-02-04T16:22:44.674+0000] {processor.py:914} INFO - Processing file /home/airflow/.local/lib/python3.9/site-packages/airflow/example_dags/example_branch_python_dop_operator_3.py for tasks to queue
[2025-02-04T16:22:44.677+0000] {logging_mixin.py:190} INFO - [2025-02-04T16:22:44.677+0000] {dagbag.py:588} INFO - Filling up the DagBag from /home/airflow/.local/lib/python3.9/site-packages/airflow/example_dags/example_branch_python_dop_operator_3.py
[2025-02-04T16:22:44.696+0000] {processor.py:925} INFO - DAG(s) 'example_branch_dop_operator_v3' retrieved from /home/airflow/.local/lib/python3.9/site-packages/airflow/example_dags/example_branch_python_dop_operator_3.py
[2025-02-04T16:22:44.816+0000] {logging_mixin.py:190} INFO - [2025-02-04T16:22:44.816+0000] {override.py:1912} INFO - Created Permission View: can delete on DAG:example_branch_dop_operator_v3
[2025-02-04T16:22:44.835+0000] {logging_mixin.py:190} INFO - [2025-02-04T16:22:44.834+0000] {override.py:1912} INFO - Created Permission View: can edit on DAG:example_branch_dop_operator_v3
[2025-02-04T16:22:44.849+0000] {logging_mixin.py:190} INFO - [2025-02-04T16:22:44.849+0000] {override.py:1912} INFO - Created Permission View: can read on DAG:example_branch_dop_operator_v3
[2025-02-04T16:22:44.872+0000] {logging_mixin.py:190} INFO - [2025-02-04T16:22:44.871+0000] {override.py:1912} INFO - Created Permission View: can delete on DAG Run:example_branch_dop_operator_v3
[2025-02-04T16:22:44.907+0000] {logging_mixin.py:190} INFO - [2025-02-04T16:22:44.907+0000] {override.py:1912} INFO - Created Permission View: menu access on DAG Run:example_branch_dop_operator_v3
[2025-02-04T16:22:44.926+0000] {logging_mixin.py:190} INFO - [2025-02-04T16:22:44.925+0000] {override.py:1912} INFO - Created Permission View: can read on DAG Run:example_branch_dop_operator_v3
[2025-02-04T16:22:44.942+0000] {logging_mixin.py:190} INFO - [2025-02-04T16:22:44.941+0000] {override.py:1912} INFO - Created Permission View: can create on DAG Run:example_branch_dop_operator_v3
[2025-02-04T16:22:44.943+0000] {logging_mixin.py:190} INFO - [2025-02-04T16:22:44.942+0000] {dag.py:3239} INFO - Sync 1 DAGs
[2025-02-04T16:22:44.956+0000] {logging_mixin.py:190} INFO - [2025-02-04T16:22:44.955+0000] {dag.py:3262} INFO - Creating ORM DAG for example_branch_dop_operator_v3
[2025-02-04T16:22:44.970+0000] {logging_mixin.py:190} INFO - [2025-02-04T16:22:44.970+0000] {dag.py:4180} INFO - Setting next_dagrun for example_branch_dop_operator_v3 to 2025-02-04 16:21:00+00:00, run_after=2025-02-04 16:22:00+00:00
[2025-02-04T16:22:44.998+0000] {processor.py:208} INFO - Processing /home/airflow/.local/lib/python3.9/site-packages/airflow/example_dags/example_branch_python_dop_operator_3.py took 0.332 seconds
[2025-02-04T16:23:28.403+0000] {processor.py:186} INFO - Started process (PID=165) to work on /home/airflow/.local/lib/python3.9/site-packages/airflow/example_dags/example_branch_python_dop_operator_3.py
[2025-02-04T16:23:28.405+0000] {processor.py:914} INFO - Processing file /home/airflow/.local/lib/python3.9/site-packages/airflow/example_dags/example_branch_python_dop_operator_3.py for tasks to queue
[2025-02-04T16:23:28.408+0000] {logging_mixin.py:190} INFO - [2025-02-04T16:23:28.407+0000] {dagbag.py:588} INFO - Filling up the DagBag from /home/airflow/.local/lib/python3.9/site-packages/airflow/example_dags/example_branch_python_dop_operator_3.py
[2025-02-04T16:23:28.418+0000] {processor.py:925} INFO - DAG(s) 'example_branch_dop_operator_v3' retrieved from /home/airflow/.local/lib/python3.9/site-packages/airflow/example_dags/example_branch_python_dop_operator_3.py
[2025-02-04T16:23:28.440+0000] {logging_mixin.py:190} INFO - [2025-02-04T16:23:28.439+0000] {dag.py:3239} INFO - Sync 1 DAGs
[2025-02-04T16:23:28.465+0000] {logging_mixin.py:190} INFO - [2025-02-04T16:23:28.465+0000] {dag.py:4180} INFO - Setting next_dagrun for example_branch_dop_operator_v3 to 2025-02-04 16:22:00+00:00, run_after=2025-02-04 16:23:00+00:00
[2025-02-04T16:23:28.495+0000] {processor.py:208} INFO - Processing /home/airflow/.local/lib/python3.9/site-packages/airflow/example_dags/example_branch_python_dop_operator_3.py took 0.098 seconds
[2025-02-04T16:23:59.914+0000] {processor.py:186} INFO - Started process (PID=229) to work on /home/airflow/.local/lib/python3.9/site-packages/airflow/example_dags/example_branch_python_dop_operator_3.py
[2025-02-04T16:23:59.915+0000] {processor.py:914} INFO - Processing file /home/airflow/.local/lib/python3.9/site-packages/airflow/example_dags/example_branch_python_dop_operator_3.py for tasks to queue
[2025-02-04T16:23:59.918+0000] {logging_mixin.py:190} INFO - [2025-02-04T16:23:59.918+0000] {dagbag.py:588} INFO - Filling up the DagBag from /home/airflow/.local/lib/python3.9/site-packages/airflow/example_dags/example_branch_python_dop_operator_3.py
[2025-02-04T16:23:59.929+0000] {processor.py:925} INFO - DAG(s) 'example_branch_dop_operator_v3' retrieved from /home/airflow/.local/lib/python3.9/site-packages/airflow/example_dags/example_branch_python_dop_operator_3.py
[2025-02-04T16:23:59.951+0000] {logging_mixin.py:190} INFO - [2025-02-04T16:23:59.951+0000] {dag.py:3239} INFO - Sync 1 DAGs
[2025-02-04T16:23:59.978+0000] {logging_mixin.py:190} INFO - [2025-02-04T16:23:59.978+0000] {dag.py:4180} INFO - Setting next_dagrun for example_branch_dop_operator_v3 to 2025-02-04 16:22:00+00:00, run_after=2025-02-04 16:23:00+00:00
[2025-02-04T16:24:00.010+0000] {processor.py:208} INFO - Processing /home/airflow/.local/lib/python3.9/site-packages/airflow/example_dags/example_branch_python_dop_operator_3.py took 0.103 seconds
[2025-02-04T16:24:30.708+0000] {processor.py:186} INFO - Started process (PID=292) to work on /home/airflow/.local/lib/python3.9/site-packages/airflow/example_dags/example_branch_python_dop_operator_3.py
[2025-02-04T16:24:30.710+0000] {processor.py:914} INFO - Processing file /home/airflow/.local/lib/python3.9/site-packages/airflow/example_dags/example_branch_python_dop_operator_3.py for tasks to queue
[2025-02-04T16:24:30.713+0000] {logging_mixin.py:190} INFO - [2025-02-04T16:24:30.712+0000] {dagbag.py:588} INFO - Filling up the DagBag from /home/airflow/.local/lib/python3.9/site-packages/airflow/example_dags/example_branch_python_dop_operator_3.py
[2025-02-04T16:24:30.723+0000] {processor.py:925} INFO - DAG(s) 'example_branch_dop_operator_v3' retrieved from /home/airflow/.local/lib/python3.9/site-packages/airflow/example_dags/example_branch_python_dop_operator_3.py
[2025-02-04T16:24:30.746+0000] {logging_mixin.py:190} INFO - [2025-02-04T16:24:30.745+0000] {dag.py:3239} INFO - Sync 1 DAGs
[2025-02-04T16:24:30.775+0000] {logging_mixin.py:190} INFO - [2025-02-04T16:24:30.775+0000] {dag.py:4180} INFO - Setting next_dagrun for example_branch_dop_operator_v3 to 2025-02-04 16:23:00+00:00, run_after=2025-02-04 16:24:00+00:00
[2025-02-04T16:24:30.805+0000] {processor.py:208} INFO - Processing /home/airflow/.local/lib/python3.9/site-packages/airflow/example_dags/example_branch_python_dop_operator_3.py took 0.104 seconds
[2025-02-04T16:25:01.467+0000] {processor.py:186} INFO - Started process (PID=356) to work on /home/airflow/.local/lib/python3.9/site-packages/airflow/example_dags/example_branch_python_dop_operator_3.py
[2025-02-04T16:25:01.469+0000] {processor.py:914} INFO - Processing file /home/airflow/.local/lib/python3.9/site-packages/airflow/example_dags/example_branch_python_dop_operator_3.py for tasks to queue
[2025-02-04T16:25:01.472+0000] {logging_mixin.py:190} INFO - [2025-02-04T16:25:01.471+0000] {dagbag.py:588} INFO - Filling up the DagBag from /home/airflow/.local/lib/python3.9/site-packages/airflow/example_dags/example_branch_python_dop_operator_3.py
[2025-02-04T16:25:01.483+0000] {processor.py:925} INFO - DAG(s) 'example_branch_dop_operator_v3' retrieved from /home/airflow/.local/lib/python3.9/site-packages/airflow/example_dags/example_branch_python_dop_operator_3.py
[2025-02-04T16:25:01.505+0000] {logging_mixin.py:190} INFO - [2025-02-04T16:25:01.504+0000] {dag.py:3239} INFO - Sync 1 DAGs
[2025-02-04T16:25:01.533+0000] {logging_mixin.py:190} INFO - [2025-02-04T16:25:01.532+0000] {dag.py:4180} INFO - Setting next_dagrun for example_branch_dop_operator_v3 to 2025-02-04 16:24:00+00:00, run_after=2025-02-04 16:25:00+00:00
[2025-02-04T16:25:01.566+0000] {processor.py:208} INFO - Processing /home/airflow/.local/lib/python3.9/site-packages/airflow/example_dags/example_branch_python_dop_operator_3.py took 0.106 seconds
[2025-02-04T16:25:31.659+0000] {processor.py:186} INFO - Started process (PID=420) to work on /home/airflow/.local/lib/python3.9/site-packages/airflow/example_dags/example_branch_python_dop_operator_3.py
[2025-02-04T16:25:31.660+0000] {processor.py:914} INFO - Processing file /home/airflow/.local/lib/python3.9/site-packages/airflow/example_dags/example_branch_python_dop_operator_3.py for tasks to queue
[2025-02-04T16:25:31.663+0000] {logging_mixin.py:190} INFO - [2025-02-04T16:25:31.663+0000] {dagbag.py:588} INFO - Filling up the DagBag from /home/airflow/.local/lib/python3.9/site-packages/airflow/example_dags/example_branch_python_dop_operator_3.py
[2025-02-04T16:25:31.676+0000] {processor.py:925} INFO - DAG(s) 'example_branch_dop_operator_v3' retrieved from /home/airflow/.local/lib/python3.9/site-packages/airflow/example_dags/example_branch_python_dop_operator_3.py
[2025-02-04T16:25:31.705+0000] {logging_mixin.py:190} INFO - [2025-02-04T16:25:31.704+0000] {dag.py:3239} INFO - Sync 1 DAGs
[2025-02-04T16:25:31.747+0000] {logging_mixin.py:190} INFO - [2025-02-04T16:25:31.746+0000] {dag.py:4180} INFO - Setting next_dagrun for example_branch_dop_operator_v3 to 2025-02-04 16:24:00+00:00, run_after=2025-02-04 16:25:00+00:00
[2025-02-04T16:25:31.780+0000] {processor.py:208} INFO - Processing /home/airflow/.local/lib/python3.9/site-packages/airflow/example_dags/example_branch_python_dop_operator_3.py took 0.128 seconds
[2025-02-04T16:26:02.292+0000] {processor.py:186} INFO - Started process (PID=483) to work on /home/airflow/.local/lib/python3.9/site-packages/airflow/example_dags/example_branch_python_dop_operator_3.py
[2025-02-04T16:26:02.293+0000] {processor.py:914} INFO - Processing file /home/airflow/.local/lib/python3.9/site-packages/airflow/example_dags/example_branch_python_dop_operator_3.py for tasks to queue
[2025-02-04T16:26:02.296+0000] {logging_mixin.py:190} INFO - [2025-02-04T16:26:02.296+0000] {dagbag.py:588} INFO - Filling up the DagBag from /home/airflow/.local/lib/python3.9/site-packages/airflow/example_dags/example_branch_python_dop_operator_3.py
[2025-02-04T16:26:02.307+0000] {processor.py:925} INFO - DAG(s) 'example_branch_dop_operator_v3' retrieved from /home/airflow/.local/lib/python3.9/site-packages/airflow/example_dags/example_branch_python_dop_operator_3.py
[2025-02-04T16:26:02.326+0000] {logging_mixin.py:190} INFO - [2025-02-04T16:26:02.326+0000] {dag.py:3239} INFO - Sync 1 DAGs
[2025-02-04T16:26:02.352+0000] {logging_mixin.py:190} INFO - [2025-02-04T16:26:02.352+0000] {dag.py:4180} INFO - Setting next_dagrun for example_branch_dop_operator_v3 to 2025-02-04 16:25:00+00:00, run_after=2025-02-04 16:26:00+00:00
[2025-02-04T16:26:02.377+0000] {processor.py:208} INFO - Processing /home/airflow/.local/lib/python3.9/site-packages/airflow/example_dags/example_branch_python_dop_operator_3.py took 0.093 seconds
[2025-02-04T16:26:33.171+0000] {processor.py:186} INFO - Started process (PID=547) to work on /home/airflow/.local/lib/python3.9/site-packages/airflow/example_dags/example_branch_python_dop_operator_3.py
[2025-02-04T16:26:33.172+0000] {processor.py:914} INFO - Processing file /home/airflow/.local/lib/python3.9/site-packages/airflow/example_dags/example_branch_python_dop_operator_3.py for tasks to queue
[2025-02-04T16:26:33.175+0000] {logging_mixin.py:190} INFO - [2025-02-04T16:26:33.175+0000] {dagbag.py:588} INFO - Filling up the DagBag from /home/airflow/.local/lib/python3.9/site-packages/airflow/example_dags/example_branch_python_dop_operator_3.py
[2025-02-04T16:26:33.187+0000] {processor.py:925} INFO - DAG(s) 'example_branch_dop_operator_v3' retrieved from /home/airflow/.local/lib/python3.9/site-packages/airflow/example_dags/example_branch_python_dop_operator_3.py
[2025-02-04T16:26:33.208+0000] {logging_mixin.py:190} INFO - [2025-02-04T16:26:33.208+0000] {dag.py:3239} INFO - Sync 1 DAGs
[2025-02-04T16:26:33.236+0000] {logging_mixin.py:190} INFO - [2025-02-04T16:26:33.236+0000] {dag.py:4180} INFO - Setting next_dagrun for example_branch_dop_operator_v3 to 2025-02-04 16:25:00+00:00, run_after=2025-02-04 16:26:00+00:00
[2025-02-04T16:26:33.265+0000] {processor.py:208} INFO - Processing /home/airflow/.local/lib/python3.9/site-packages/airflow/example_dags/example_branch_python_dop_operator_3.py took 0.104 seconds
[2025-02-04T16:27:04.129+0000] {processor.py:186} INFO - Started process (PID=618) to work on /home/airflow/.local/lib/python3.9/site-packages/airflow/example_dags/example_branch_python_dop_operator_3.py
[2025-02-04T16:27:04.131+0000] {processor.py:914} INFO - Processing file /home/airflow/.local/lib/python3.9/site-packages/airflow/example_dags/example_branch_python_dop_operator_3.py for tasks to queue
[2025-02-04T16:27:04.133+0000] {logging_mixin.py:190} INFO - [2025-02-04T16:27:04.133+0000] {dagbag.py:588} INFO - Filling up the DagBag from /home/airflow/.local/lib/python3.9/site-packages/airflow/example_dags/example_branch_python_dop_operator_3.py
[2025-02-04T16:27:04.145+0000] {processor.py:925} INFO - DAG(s) 'example_branch_dop_operator_v3' retrieved from /home/airflow/.local/lib/python3.9/site-packages/airflow/example_dags/example_branch_python_dop_operator_3.py
[2025-02-04T16:27:04.170+0000] {logging_mixin.py:190} INFO - [2025-02-04T16:27:04.170+0000] {dag.py:3239} INFO - Sync 1 DAGs
[2025-02-04T16:27:04.198+0000] {logging_mixin.py:190} INFO - [2025-02-04T16:27:04.198+0000] {dag.py:4180} INFO - Setting next_dagrun for example_branch_dop_operator_v3 to 2025-02-04 16:26:00+00:00, run_after=2025-02-04 16:27:00+00:00
[2025-02-04T16:27:04.226+0000] {processor.py:208} INFO - Processing /home/airflow/.local/lib/python3.9/site-packages/airflow/example_dags/example_branch_python_dop_operator_3.py took 0.103 seconds
[2025-02-04T16:27:35.029+0000] {processor.py:186} INFO - Started process (PID=682) to work on /home/airflow/.local/lib/python3.9/site-packages/airflow/example_dags/example_branch_python_dop_operator_3.py
[2025-02-04T16:27:35.031+0000] {processor.py:914} INFO - Processing file /home/airflow/.local/lib/python3.9/site-packages/airflow/example_dags/example_branch_python_dop_operator_3.py for tasks to queue
[2025-02-04T16:27:35.034+0000] {logging_mixin.py:190} INFO - [2025-02-04T16:27:35.034+0000] {dagbag.py:588} INFO - Filling up the DagBag from /home/airflow/.local/lib/python3.9/site-packages/airflow/example_dags/example_branch_python_dop_operator_3.py
[2025-02-04T16:27:35.046+0000] {processor.py:925} INFO - DAG(s) 'example_branch_dop_operator_v3' retrieved from /home/airflow/.local/lib/python3.9/site-packages/airflow/example_dags/example_branch_python_dop_operator_3.py
[2025-02-04T16:27:35.071+0000] {logging_mixin.py:190} INFO - [2025-02-04T16:27:35.070+0000] {dag.py:3239} INFO - Sync 1 DAGs
[2025-02-04T16:27:35.107+0000] {logging_mixin.py:190} INFO - [2025-02-04T16:27:35.107+0000] {dag.py:4180} INFO - Setting next_dagrun for example_branch_dop_operator_v3 to 2025-02-04 16:26:00+00:00, run_after=2025-02-04 16:27:00+00:00
[2025-02-04T16:27:35.140+0000] {processor.py:208} INFO - Processing /home/airflow/.local/lib/python3.9/site-packages/airflow/example_dags/example_branch_python_dop_operator_3.py took 0.117 seconds
[2025-02-04T16:28:06.023+0000] {processor.py:186} INFO - Started process (PID=746) to work on /home/airflow/.local/lib/python3.9/site-packages/airflow/example_dags/example_branch_python_dop_operator_3.py
[2025-02-04T16:28:06.025+0000] {processor.py:914} INFO - Processing file /home/airflow/.local/lib/python3.9/site-packages/airflow/example_dags/example_branch_python_dop_operator_3.py for tasks to queue
[2025-02-04T16:28:06.028+0000] {logging_mixin.py:190} INFO - [2025-02-04T16:28:06.027+0000] {dagbag.py:588} INFO - Filling up the DagBag from /home/airflow/.local/lib/python3.9/site-packages/airflow/example_dags/example_branch_python_dop_operator_3.py
[2025-02-04T16:28:06.040+0000] {processor.py:925} INFO - DAG(s) 'example_branch_dop_operator_v3' retrieved from /home/airflow/.local/lib/python3.9/site-packages/airflow/example_dags/example_branch_python_dop_operator_3.py
[2025-02-04T16:28:06.067+0000] {logging_mixin.py:190} INFO - [2025-02-04T16:28:06.067+0000] {dag.py:3239} INFO - Sync 1 DAGs
[2025-02-04T16:28:06.098+0000] {logging_mixin.py:190} INFO - [2025-02-04T16:28:06.098+0000] {dag.py:4180} INFO - Setting next_dagrun for example_branch_dop_operator_v3 to 2025-02-04 16:27:00+00:00, run_after=2025-02-04 16:28:00+00:00
[2025-02-04T16:28:06.125+0000] {processor.py:208} INFO - Processing /home/airflow/.local/lib/python3.9/site-packages/airflow/example_dags/example_branch_python_dop_operator_3.py took 0.109 seconds
[2025-02-04T16:28:36.467+0000] {processor.py:186} INFO - Started process (PID=810) to work on /home/airflow/.local/lib/python3.9/site-packages/airflow/example_dags/example_branch_python_dop_operator_3.py
[2025-02-04T16:28:36.468+0000] {processor.py:914} INFO - Processing file /home/airflow/.local/lib/python3.9/site-packages/airflow/example_dags/example_branch_python_dop_operator_3.py for tasks to queue
[2025-02-04T16:28:36.471+0000] {logging_mixin.py:190} INFO - [2025-02-04T16:28:36.471+0000] {dagbag.py:588} INFO - Filling up the DagBag from /home/airflow/.local/lib/python3.9/site-packages/airflow/example_dags/example_branch_python_dop_operator_3.py
[2025-02-04T16:28:36.485+0000] {processor.py:925} INFO - DAG(s) 'example_branch_dop_operator_v3' retrieved from /home/airflow/.local/lib/python3.9/site-packages/airflow/example_dags/example_branch_python_dop_operator_3.py
[2025-02-04T16:28:36.509+0000] {logging_mixin.py:190} INFO - [2025-02-04T16:28:36.509+0000] {dag.py:3239} INFO - Sync 1 DAGs
[2025-02-04T16:28:36.538+0000] {logging_mixin.py:190} INFO - [2025-02-04T16:28:36.538+0000] {dag.py:4180} INFO - Setting next_dagrun for example_branch_dop_operator_v3 to 2025-02-04 16:27:00+00:00, run_after=2025-02-04 16:28:00+00:00
[2025-02-04T16:28:36.566+0000] {processor.py:208} INFO - Processing /home/airflow/.local/lib/python3.9/site-packages/airflow/example_dags/example_branch_python_dop_operator_3.py took 0.106 seconds
[2025-02-04T16:29:07.251+0000] {processor.py:186} INFO - Started process (PID=874) to work on /home/airflow/.local/lib/python3.9/site-packages/airflow/example_dags/example_branch_python_dop_operator_3.py
[2025-02-04T16:29:07.253+0000] {processor.py:914} INFO - Processing file /home/airflow/.local/lib/python3.9/site-packages/airflow/example_dags/example_branch_python_dop_operator_3.py for tasks to queue
[2025-02-04T16:29:07.255+0000] {logging_mixin.py:190} INFO - [2025-02-04T16:29:07.255+0000] {dagbag.py:588} INFO - Filling up the DagBag from /home/airflow/.local/lib/python3.9/site-packages/airflow/example_dags/example_branch_python_dop_operator_3.py
[2025-02-04T16:29:07.266+0000] {processor.py:925} INFO - DAG(s) 'example_branch_dop_operator_v3' retrieved from /home/airflow/.local/lib/python3.9/site-packages/airflow/example_dags/example_branch_python_dop_operator_3.py
[2025-02-04T16:29:07.289+0000] {logging_mixin.py:190} INFO - [2025-02-04T16:29:07.289+0000] {dag.py:3239} INFO - Sync 1 DAGs
[2025-02-04T16:29:07.316+0000] {logging_mixin.py:190} INFO - [2025-02-04T16:29:07.316+0000] {dag.py:4180} INFO - Setting next_dagrun for example_branch_dop_operator_v3 to 2025-02-04 16:28:00+00:00, run_after=2025-02-04 16:29:00+00:00
[2025-02-04T16:29:07.344+0000] {processor.py:208} INFO - Processing /home/airflow/.local/lib/python3.9/site-packages/airflow/example_dags/example_branch_python_dop_operator_3.py took 0.100 seconds
[2025-02-04T16:29:37.586+0000] {processor.py:186} INFO - Started process (PID=938) to work on /home/airflow/.local/lib/python3.9/site-packages/airflow/example_dags/example_branch_python_dop_operator_3.py
[2025-02-04T16:29:37.587+0000] {processor.py:914} INFO - Processing file /home/airflow/.local/lib/python3.9/site-packages/airflow/example_dags/example_branch_python_dop_operator_3.py for tasks to queue
[2025-02-04T16:29:37.590+0000] {logging_mixin.py:190} INFO - [2025-02-04T16:29:37.589+0000] {dagbag.py:588} INFO - Filling up the DagBag from /home/airflow/.local/lib/python3.9/site-packages/airflow/example_dags/example_branch_python_dop_operator_3.py
[2025-02-04T16:29:37.603+0000] {processor.py:925} INFO - DAG(s) 'example_branch_dop_operator_v3' retrieved from /home/airflow/.local/lib/python3.9/site-packages/airflow/example_dags/example_branch_python_dop_operator_3.py
[2025-02-04T16:29:37.627+0000] {logging_mixin.py:190} INFO - [2025-02-04T16:29:37.627+0000] {dag.py:3239} INFO - Sync 1 DAGs
[2025-02-04T16:29:37.657+0000] {logging_mixin.py:190} INFO - [2025-02-04T16:29:37.656+0000] {dag.py:4180} INFO - Setting next_dagrun for example_branch_dop_operator_v3 to 2025-02-04 16:28:00+00:00, run_after=2025-02-04 16:29:00+00:00
[2025-02-04T16:29:37.686+0000] {processor.py:208} INFO - Processing /home/airflow/.local/lib/python3.9/site-packages/airflow/example_dags/example_branch_python_dop_operator_3.py took 0.107 seconds
[2025-02-04T16:30:07.970+0000] {processor.py:186} INFO - Started process (PID=1002) to work on /home/airflow/.local/lib/python3.9/site-packages/airflow/example_dags/example_branch_python_dop_operator_3.py
[2025-02-04T16:30:07.971+0000] {processor.py:914} INFO - Processing file /home/airflow/.local/lib/python3.9/site-packages/airflow/example_dags/example_branch_python_dop_operator_3.py for tasks to queue
[2025-02-04T16:30:07.975+0000] {logging_mixin.py:190} INFO - [2025-02-04T16:30:07.975+0000] {dagbag.py:588} INFO - Filling up the DagBag from /home/airflow/.local/lib/python3.9/site-packages/airflow/example_dags/example_branch_python_dop_operator_3.py
[2025-02-04T16:30:07.987+0000] {processor.py:925} INFO - DAG(s) 'example_branch_dop_operator_v3' retrieved from /home/airflow/.local/lib/python3.9/site-packages/airflow/example_dags/example_branch_python_dop_operator_3.py
[2025-02-04T16:30:08.013+0000] {logging_mixin.py:190} INFO - [2025-02-04T16:30:08.013+0000] {dag.py:3239} INFO - Sync 1 DAGs
[2025-02-04T16:30:08.044+0000] {logging_mixin.py:190} INFO - [2025-02-04T16:30:08.044+0000] {dag.py:4180} INFO - Setting next_dagrun for example_branch_dop_operator_v3 to 2025-02-04 16:29:00+00:00, run_after=2025-02-04 16:30:00+00:00
[2025-02-04T16:30:08.075+0000] {processor.py:208} INFO - Processing /home/airflow/.local/lib/python3.9/site-packages/airflow/example_dags/example_branch_python_dop_operator_3.py took 0.113 seconds
[2025-02-04T16:30:38.733+0000] {processor.py:186} INFO - Started process (PID=1066) to work on /home/airflow/.local/lib/python3.9/site-packages/airflow/example_dags/example_branch_python_dop_operator_3.py
[2025-02-04T16:30:38.735+0000] {processor.py:914} INFO - Processing file /home/airflow/.local/lib/python3.9/site-packages/airflow/example_dags/example_branch_python_dop_operator_3.py for tasks to queue
[2025-02-04T16:30:38.738+0000] {logging_mixin.py:190} INFO - [2025-02-04T16:30:38.737+0000] {dagbag.py:588} INFO - Filling up the DagBag from /home/airflow/.local/lib/python3.9/site-packages/airflow/example_dags/example_branch_python_dop_operator_3.py
[2025-02-04T16:30:38.750+0000] {processor.py:925} INFO - DAG(s) 'example_branch_dop_operator_v3' retrieved from /home/airflow/.local/lib/python3.9/site-packages/airflow/example_dags/example_branch_python_dop_operator_3.py
[2025-02-04T16:30:38.772+0000] {logging_mixin.py:190} INFO - [2025-02-04T16:30:38.771+0000] {dag.py:3239} INFO - Sync 1 DAGs
[2025-02-04T16:30:38.799+0000] {logging_mixin.py:190} INFO - [2025-02-04T16:30:38.799+0000] {dag.py:4180} INFO - Setting next_dagrun for example_branch_dop_operator_v3 to 2025-02-04 16:29:00+00:00, run_after=2025-02-04 16:30:00+00:00
[2025-02-04T16:30:38.827+0000] {processor.py:208} INFO - Processing /home/airflow/.local/lib/python3.9/site-packages/airflow/example_dags/example_branch_python_dop_operator_3.py took 0.100 seconds
[2025-02-04T16:31:09.327+0000] {processor.py:186} INFO - Started process (PID=1130) to work on /home/airflow/.local/lib/python3.9/site-packages/airflow/example_dags/example_branch_python_dop_operator_3.py
[2025-02-04T16:31:09.329+0000] {processor.py:914} INFO - Processing file /home/airflow/.local/lib/python3.9/site-packages/airflow/example_dags/example_branch_python_dop_operator_3.py for tasks to queue
[2025-02-04T16:31:09.333+0000] {logging_mixin.py:190} INFO - [2025-02-04T16:31:09.333+0000] {dagbag.py:588} INFO - Filling up the DagBag from /home/airflow/.local/lib/python3.9/site-packages/airflow/example_dags/example_branch_python_dop_operator_3.py
[2025-02-04T16:31:09.348+0000] {processor.py:925} INFO - DAG(s) 'example_branch_dop_operator_v3' retrieved from /home/airflow/.local/lib/python3.9/site-packages/airflow/example_dags/example_branch_python_dop_operator_3.py
[2025-02-04T16:31:09.386+0000] {logging_mixin.py:190} INFO - [2025-02-04T16:31:09.385+0000] {dag.py:3239} INFO - Sync 1 DAGs
[2025-02-04T16:31:09.419+0000] {logging_mixin.py:190} INFO - [2025-02-04T16:31:09.419+0000] {dag.py:4180} INFO - Setting next_dagrun for example_branch_dop_operator_v3 to 2025-02-04 16:30:00+00:00, run_after=2025-02-04 16:31:00+00:00
[2025-02-04T16:31:09.455+0000] {processor.py:208} INFO - Processing /home/airflow/.local/lib/python3.9/site-packages/airflow/example_dags/example_branch_python_dop_operator_3.py took 0.138 seconds
[2025-02-04T16:31:39.591+0000] {processor.py:186} INFO - Started process (PID=1194) to work on /home/airflow/.local/lib/python3.9/site-packages/airflow/example_dags/example_branch_python_dop_operator_3.py
[2025-02-04T16:31:39.593+0000] {processor.py:914} INFO - Processing file /home/airflow/.local/lib/python3.9/site-packages/airflow/example_dags/example_branch_python_dop_operator_3.py for tasks to queue
[2025-02-04T16:31:39.596+0000] {logging_mixin.py:190} INFO - [2025-02-04T16:31:39.596+0000] {dagbag.py:588} INFO - Filling up the DagBag from /home/airflow/.local/lib/python3.9/site-packages/airflow/example_dags/example_branch_python_dop_operator_3.py
[2025-02-04T16:31:39.609+0000] {processor.py:925} INFO - DAG(s) 'example_branch_dop_operator_v3' retrieved from /home/airflow/.local/lib/python3.9/site-packages/airflow/example_dags/example_branch_python_dop_operator_3.py
[2025-02-04T16:31:39.637+0000] {logging_mixin.py:190} INFO - [2025-02-04T16:31:39.636+0000] {dag.py:3239} INFO - Sync 1 DAGs
[2025-02-04T16:31:39.673+0000] {logging_mixin.py:190} INFO - [2025-02-04T16:31:39.673+0000] {dag.py:4180} INFO - Setting next_dagrun for example_branch_dop_operator_v3 to 2025-02-04 16:30:00+00:00, run_after=2025-02-04 16:31:00+00:00
[2025-02-04T16:31:39.705+0000] {processor.py:208} INFO - Processing /home/airflow/.local/lib/python3.9/site-packages/airflow/example_dags/example_branch_python_dop_operator_3.py took 0.124 seconds
[2025-02-04T16:32:09.861+0000] {processor.py:186} INFO - Started process (PID=1258) to work on /home/airflow/.local/lib/python3.9/site-packages/airflow/example_dags/example_branch_python_dop_operator_3.py
[2025-02-04T16:32:09.862+0000] {processor.py:914} INFO - Processing file /home/airflow/.local/lib/python3.9/site-packages/airflow/example_dags/example_branch_python_dop_operator_3.py for tasks to queue
[2025-02-04T16:32:09.865+0000] {logging_mixin.py:190} INFO - [2025-02-04T16:32:09.865+0000] {dagbag.py:588} INFO - Filling up the DagBag from /home/airflow/.local/lib/python3.9/site-packages/airflow/example_dags/example_branch_python_dop_operator_3.py
[2025-02-04T16:32:09.877+0000] {processor.py:925} INFO - DAG(s) 'example_branch_dop_operator_v3' retrieved from /home/airflow/.local/lib/python3.9/site-packages/airflow/example_dags/example_branch_python_dop_operator_3.py
[2025-02-04T16:32:09.902+0000] {logging_mixin.py:190} INFO - [2025-02-04T16:32:09.901+0000] {dag.py:3239} INFO - Sync 1 DAGs
[2025-02-04T16:32:09.932+0000] {logging_mixin.py:190} INFO - [2025-02-04T16:32:09.931+0000] {dag.py:4180} INFO - Setting next_dagrun for example_branch_dop_operator_v3 to 2025-02-04 16:31:00+00:00, run_after=2025-02-04 16:32:00+00:00
[2025-02-04T16:32:09.960+0000] {processor.py:208} INFO - Processing /home/airflow/.local/lib/python3.9/site-packages/airflow/example_dags/example_branch_python_dop_operator_3.py took 0.106 seconds
[2025-02-04T16:32:40.135+0000] {processor.py:186} INFO - Started process (PID=1329) to work on /home/airflow/.local/lib/python3.9/site-packages/airflow/example_dags/example_branch_python_dop_operator_3.py
[2025-02-04T16:32:40.137+0000] {processor.py:914} INFO - Processing file /home/airflow/.local/lib/python3.9/site-packages/airflow/example_dags/example_branch_python_dop_operator_3.py for tasks to queue
[2025-02-04T16:32:40.139+0000] {logging_mixin.py:190} INFO - [2025-02-04T16:32:40.139+0000] {dagbag.py:588} INFO - Filling up the DagBag from /home/airflow/.local/lib/python3.9/site-packages/airflow/example_dags/example_branch_python_dop_operator_3.py
[2025-02-04T16:32:40.152+0000] {processor.py:925} INFO - DAG(s) 'example_branch_dop_operator_v3' retrieved from /home/airflow/.local/lib/python3.9/site-packages/airflow/example_dags/example_branch_python_dop_operator_3.py
[2025-02-04T16:32:40.174+0000] {logging_mixin.py:190} INFO - [2025-02-04T16:32:40.174+0000] {dag.py:3239} INFO - Sync 1 DAGs
[2025-02-04T16:32:40.204+0000] {logging_mixin.py:190} INFO - [2025-02-04T16:32:40.204+0000] {dag.py:4180} INFO - Setting next_dagrun for example_branch_dop_operator_v3 to 2025-02-04 16:31:00+00:00, run_after=2025-02-04 16:32:00+00:00
[2025-02-04T16:32:40.251+0000] {processor.py:208} INFO - Processing /home/airflow/.local/lib/python3.9/site-packages/airflow/example_dags/example_branch_python_dop_operator_3.py took 0.122 seconds
[2025-02-04T16:33:11.072+0000] {processor.py:186} INFO - Started process (PID=1394) to work on /home/airflow/.local/lib/python3.9/site-packages/airflow/example_dags/example_branch_python_dop_operator_3.py
[2025-02-04T16:33:11.074+0000] {processor.py:914} INFO - Processing file /home/airflow/.local/lib/python3.9/site-packages/airflow/example_dags/example_branch_python_dop_operator_3.py for tasks to queue
[2025-02-04T16:33:11.077+0000] {logging_mixin.py:190} INFO - [2025-02-04T16:33:11.076+0000] {dagbag.py:588} INFO - Filling up the DagBag from /home/airflow/.local/lib/python3.9/site-packages/airflow/example_dags/example_branch_python_dop_operator_3.py
[2025-02-04T16:33:11.088+0000] {processor.py:925} INFO - DAG(s) 'example_branch_dop_operator_v3' retrieved from /home/airflow/.local/lib/python3.9/site-packages/airflow/example_dags/example_branch_python_dop_operator_3.py
[2025-02-04T16:33:11.115+0000] {logging_mixin.py:190} INFO - [2025-02-04T16:33:11.114+0000] {dag.py:3239} INFO - Sync 1 DAGs
[2025-02-04T16:33:11.145+0000] {logging_mixin.py:190} INFO - [2025-02-04T16:33:11.145+0000] {dag.py:4180} INFO - Setting next_dagrun for example_branch_dop_operator_v3 to 2025-02-04 16:32:00+00:00, run_after=2025-02-04 16:33:00+00:00
[2025-02-04T16:33:11.173+0000] {processor.py:208} INFO - Processing /home/airflow/.local/lib/python3.9/site-packages/airflow/example_dags/example_branch_python_dop_operator_3.py took 0.108 seconds
[2025-02-04T16:33:41.895+0000] {processor.py:186} INFO - Started process (PID=1458) to work on /home/airflow/.local/lib/python3.9/site-packages/airflow/example_dags/example_branch_python_dop_operator_3.py
[2025-02-04T16:33:41.896+0000] {processor.py:914} INFO - Processing file /home/airflow/.local/lib/python3.9/site-packages/airflow/example_dags/example_branch_python_dop_operator_3.py for tasks to queue
[2025-02-04T16:33:41.899+0000] {logging_mixin.py:190} INFO - [2025-02-04T16:33:41.899+0000] {dagbag.py:588} INFO - Filling up the DagBag from /home/airflow/.local/lib/python3.9/site-packages/airflow/example_dags/example_branch_python_dop_operator_3.py
[2025-02-04T16:33:41.915+0000] {processor.py:925} INFO - DAG(s) 'example_branch_dop_operator_v3' retrieved from /home/airflow/.local/lib/python3.9/site-packages/airflow/example_dags/example_branch_python_dop_operator_3.py
[2025-02-04T16:33:41.938+0000] {logging_mixin.py:190} INFO - [2025-02-04T16:33:41.938+0000] {dag.py:3239} INFO - Sync 1 DAGs
[2025-02-04T16:33:41.972+0000] {logging_mixin.py:190} INFO - [2025-02-04T16:33:41.972+0000] {dag.py:4180} INFO - Setting next_dagrun for example_branch_dop_operator_v3 to 2025-02-04 16:32:00+00:00, run_after=2025-02-04 16:33:00+00:00
[2025-02-04T16:33:42.002+0000] {processor.py:208} INFO - Processing /home/airflow/.local/lib/python3.9/site-packages/airflow/example_dags/example_branch_python_dop_operator_3.py took 0.117 seconds
[2025-02-04T16:34:12.812+0000] {processor.py:186} INFO - Started process (PID=1522) to work on /home/airflow/.local/lib/python3.9/site-packages/airflow/example_dags/example_branch_python_dop_operator_3.py
[2025-02-04T16:34:12.813+0000] {processor.py:914} INFO - Processing file /home/airflow/.local/lib/python3.9/site-packages/airflow/example_dags/example_branch_python_dop_operator_3.py for tasks to queue
[2025-02-04T16:34:12.816+0000] {logging_mixin.py:190} INFO - [2025-02-04T16:34:12.816+0000] {dagbag.py:588} INFO - Filling up the DagBag from /home/airflow/.local/lib/python3.9/site-packages/airflow/example_dags/example_branch_python_dop_operator_3.py
[2025-02-04T16:34:12.827+0000] {processor.py:925} INFO - DAG(s) 'example_branch_dop_operator_v3' retrieved from /home/airflow/.local/lib/python3.9/site-packages/airflow/example_dags/example_branch_python_dop_operator_3.py
[2025-02-04T16:34:12.850+0000] {logging_mixin.py:190} INFO - [2025-02-04T16:34:12.850+0000] {dag.py:3239} INFO - Sync 1 DAGs
[2025-02-04T16:34:12.877+0000] {logging_mixin.py:190} INFO - [2025-02-04T16:34:12.877+0000] {dag.py:4180} INFO - Setting next_dagrun for example_branch_dop_operator_v3 to 2025-02-04 16:33:00+00:00, run_after=2025-02-04 16:34:00+00:00
[2025-02-04T16:34:12.901+0000] {processor.py:208} INFO - Processing /home/airflow/.local/lib/python3.9/site-packages/airflow/example_dags/example_branch_python_dop_operator_3.py took 0.095 seconds
[2025-02-04T16:34:46.353+0000] {processor.py:186} INFO - Started process (PID=1586) to work on /home/airflow/.local/lib/python3.9/site-packages/airflow/example_dags/example_branch_python_dop_operator_3.py
[2025-02-04T16:34:46.355+0000] {processor.py:914} INFO - Processing file /home/airflow/.local/lib/python3.9/site-packages/airflow/example_dags/example_branch_python_dop_operator_3.py for tasks to queue
[2025-02-04T16:34:46.358+0000] {logging_mixin.py:190} INFO - [2025-02-04T16:34:46.358+0000] {dagbag.py:588} INFO - Filling up the DagBag from /home/airflow/.local/lib/python3.9/site-packages/airflow/example_dags/example_branch_python_dop_operator_3.py
[2025-02-04T16:34:46.371+0000] {processor.py:925} INFO - DAG(s) 'example_branch_dop_operator_v3' retrieved from /home/airflow/.local/lib/python3.9/site-packages/airflow/example_dags/example_branch_python_dop_operator_3.py
[2025-02-04T16:34:46.395+0000] {logging_mixin.py:190} INFO - [2025-02-04T16:34:46.394+0000] {dag.py:3239} INFO - Sync 1 DAGs
[2025-02-04T16:34:46.427+0000] {logging_mixin.py:190} INFO - [2025-02-04T16:34:46.426+0000] {dag.py:4180} INFO - Setting next_dagrun for example_branch_dop_operator_v3 to 2025-02-04 16:33:00+00:00, run_after=2025-02-04 16:34:00+00:00
[2025-02-04T16:34:46.460+0000] {processor.py:208} INFO - Processing /home/airflow/.local/lib/python3.9/site-packages/airflow/example_dags/example_branch_python_dop_operator_3.py took 0.115 seconds
[2025-02-04T16:35:17.118+0000] {processor.py:186} INFO - Started process (PID=1650) to work on /home/airflow/.local/lib/python3.9/site-packages/airflow/example_dags/example_branch_python_dop_operator_3.py
[2025-02-04T16:35:17.119+0000] {processor.py:914} INFO - Processing file /home/airflow/.local/lib/python3.9/site-packages/airflow/example_dags/example_branch_python_dop_operator_3.py for tasks to queue
[2025-02-04T16:35:17.121+0000] {logging_mixin.py:190} INFO - [2025-02-04T16:35:17.121+0000] {dagbag.py:588} INFO - Filling up the DagBag from /home/airflow/.local/lib/python3.9/site-packages/airflow/example_dags/example_branch_python_dop_operator_3.py
[2025-02-04T16:35:17.134+0000] {processor.py:925} INFO - DAG(s) 'example_branch_dop_operator_v3' retrieved from /home/airflow/.local/lib/python3.9/site-packages/airflow/example_dags/example_branch_python_dop_operator_3.py
[2025-02-04T16:35:17.155+0000] {logging_mixin.py:190} INFO - [2025-02-04T16:35:17.155+0000] {dag.py:3239} INFO - Sync 1 DAGs
[2025-02-04T16:35:17.181+0000] {logging_mixin.py:190} INFO - [2025-02-04T16:35:17.181+0000] {dag.py:4180} INFO - Setting next_dagrun for example_branch_dop_operator_v3 to 2025-02-04 16:34:00+00:00, run_after=2025-02-04 16:35:00+00:00
[2025-02-04T16:35:17.207+0000] {processor.py:208} INFO - Processing /home/airflow/.local/lib/python3.9/site-packages/airflow/example_dags/example_branch_python_dop_operator_3.py took 0.096 seconds
[2025-02-04T16:35:48.146+0000] {processor.py:186} INFO - Started process (PID=1714) to work on /home/airflow/.local/lib/python3.9/site-packages/airflow/example_dags/example_branch_python_dop_operator_3.py
[2025-02-04T16:35:48.147+0000] {processor.py:914} INFO - Processing file /home/airflow/.local/lib/python3.9/site-packages/airflow/example_dags/example_branch_python_dop_operator_3.py for tasks to queue
[2025-02-04T16:35:48.150+0000] {logging_mixin.py:190} INFO - [2025-02-04T16:35:48.150+0000] {dagbag.py:588} INFO - Filling up the DagBag from /home/airflow/.local/lib/python3.9/site-packages/airflow/example_dags/example_branch_python_dop_operator_3.py
[2025-02-04T16:35:48.161+0000] {processor.py:925} INFO - DAG(s) 'example_branch_dop_operator_v3' retrieved from /home/airflow/.local/lib/python3.9/site-packages/airflow/example_dags/example_branch_python_dop_operator_3.py
[2025-02-04T16:35:48.182+0000] {logging_mixin.py:190} INFO - [2025-02-04T16:35:48.182+0000] {dag.py:3239} INFO - Sync 1 DAGs
[2025-02-04T16:35:48.209+0000] {logging_mixin.py:190} INFO - [2025-02-04T16:35:48.209+0000] {dag.py:4180} INFO - Setting next_dagrun for example_branch_dop_operator_v3 to 2025-02-04 16:34:00+00:00, run_after=2025-02-04 16:35:00+00:00
[2025-02-04T16:35:48.236+0000] {processor.py:208} INFO - Processing /home/airflow/.local/lib/python3.9/site-packages/airflow/example_dags/example_branch_python_dop_operator_3.py took 0.096 seconds
[2025-02-04T16:36:18.284+0000] {processor.py:186} INFO - Started process (PID=1778) to work on /home/airflow/.local/lib/python3.9/site-packages/airflow/example_dags/example_branch_python_dop_operator_3.py
[2025-02-04T16:36:18.285+0000] {processor.py:914} INFO - Processing file /home/airflow/.local/lib/python3.9/site-packages/airflow/example_dags/example_branch_python_dop_operator_3.py for tasks to queue
[2025-02-04T16:36:18.287+0000] {logging_mixin.py:190} INFO - [2025-02-04T16:36:18.287+0000] {dagbag.py:588} INFO - Filling up the DagBag from /home/airflow/.local/lib/python3.9/site-packages/airflow/example_dags/example_branch_python_dop_operator_3.py
[2025-02-04T16:36:18.297+0000] {processor.py:925} INFO - DAG(s) 'example_branch_dop_operator_v3' retrieved from /home/airflow/.local/lib/python3.9/site-packages/airflow/example_dags/example_branch_python_dop_operator_3.py
[2025-02-04T16:36:18.317+0000] {logging_mixin.py:190} INFO - [2025-02-04T16:36:18.317+0000] {dag.py:3239} INFO - Sync 1 DAGs
[2025-02-04T16:36:18.340+0000] {logging_mixin.py:190} INFO - [2025-02-04T16:36:18.340+0000] {dag.py:4180} INFO - Setting next_dagrun for example_branch_dop_operator_v3 to 2025-02-04 16:35:00+00:00, run_after=2025-02-04 16:36:00+00:00
[2025-02-04T16:36:18.364+0000] {processor.py:208} INFO - Processing /home/airflow/.local/lib/python3.9/site-packages/airflow/example_dags/example_branch_python_dop_operator_3.py took 0.087 seconds
[2025-02-04T16:36:49.104+0000] {processor.py:186} INFO - Started process (PID=1843) to work on /home/airflow/.local/lib/python3.9/site-packages/airflow/example_dags/example_branch_python_dop_operator_3.py
[2025-02-04T16:36:49.105+0000] {processor.py:914} INFO - Processing file /home/airflow/.local/lib/python3.9/site-packages/airflow/example_dags/example_branch_python_dop_operator_3.py for tasks to queue
[2025-02-04T16:36:49.108+0000] {logging_mixin.py:190} INFO - [2025-02-04T16:36:49.108+0000] {dagbag.py:588} INFO - Filling up the DagBag from /home/airflow/.local/lib/python3.9/site-packages/airflow/example_dags/example_branch_python_dop_operator_3.py
[2025-02-04T16:36:49.118+0000] {processor.py:925} INFO - DAG(s) 'example_branch_dop_operator_v3' retrieved from /home/airflow/.local/lib/python3.9/site-packages/airflow/example_dags/example_branch_python_dop_operator_3.py
[2025-02-04T16:36:49.140+0000] {logging_mixin.py:190} INFO - [2025-02-04T16:36:49.139+0000] {dag.py:3239} INFO - Sync 1 DAGs
[2025-02-04T16:36:49.173+0000] {logging_mixin.py:190} INFO - [2025-02-04T16:36:49.172+0000] {dag.py:4180} INFO - Setting next_dagrun for example_branch_dop_operator_v3 to 2025-02-04 16:35:00+00:00, run_after=2025-02-04 16:36:00+00:00
[2025-02-04T16:36:49.199+0000] {processor.py:208} INFO - Processing /home/airflow/.local/lib/python3.9/site-packages/airflow/example_dags/example_branch_python_dop_operator_3.py took 0.100 seconds
[2025-02-04T16:39:24.400+0000] {processor.py:186} INFO - Started process (PID=1896) to work on /home/airflow/.local/lib/python3.9/site-packages/airflow/example_dags/example_branch_python_dop_operator_3.py
[2025-02-04T16:39:24.402+0000] {processor.py:914} INFO - Processing file /home/airflow/.local/lib/python3.9/site-packages/airflow/example_dags/example_branch_python_dop_operator_3.py for tasks to queue
[2025-02-04T16:39:24.405+0000] {logging_mixin.py:190} INFO - [2025-02-04T16:39:24.404+0000] {dagbag.py:588} INFO - Filling up the DagBag from /home/airflow/.local/lib/python3.9/site-packages/airflow/example_dags/example_branch_python_dop_operator_3.py
[2025-02-04T16:39:24.419+0000] {processor.py:925} INFO - DAG(s) 'example_branch_dop_operator_v3' retrieved from /home/airflow/.local/lib/python3.9/site-packages/airflow/example_dags/example_branch_python_dop_operator_3.py
[2025-02-04T16:39:24.440+0000] {logging_mixin.py:190} INFO - [2025-02-04T16:39:24.440+0000] {dag.py:3239} INFO - Sync 1 DAGs
[2025-02-04T16:39:24.468+0000] {logging_mixin.py:190} INFO - [2025-02-04T16:39:24.468+0000] {dag.py:4180} INFO - Setting next_dagrun for example_branch_dop_operator_v3 to 2025-02-04 16:38:00+00:00, run_after=2025-02-04 16:39:00+00:00
[2025-02-04T16:39:24.494+0000] {processor.py:208} INFO - Processing /home/airflow/.local/lib/python3.9/site-packages/airflow/example_dags/example_branch_python_dop_operator_3.py took 0.104 seconds
[2025-02-04T16:39:55.499+0000] {processor.py:186} INFO - Started process (PID=1960) to work on /home/airflow/.local/lib/python3.9/site-packages/airflow/example_dags/example_branch_python_dop_operator_3.py
[2025-02-04T16:39:55.500+0000] {processor.py:914} INFO - Processing file /home/airflow/.local/lib/python3.9/site-packages/airflow/example_dags/example_branch_python_dop_operator_3.py for tasks to queue
[2025-02-04T16:39:55.502+0000] {logging_mixin.py:190} INFO - [2025-02-04T16:39:55.502+0000] {dagbag.py:588} INFO - Filling up the DagBag from /home/airflow/.local/lib/python3.9/site-packages/airflow/example_dags/example_branch_python_dop_operator_3.py
[2025-02-04T16:39:55.512+0000] {processor.py:925} INFO - DAG(s) 'example_branch_dop_operator_v3' retrieved from /home/airflow/.local/lib/python3.9/site-packages/airflow/example_dags/example_branch_python_dop_operator_3.py
[2025-02-04T16:39:55.532+0000] {logging_mixin.py:190} INFO - [2025-02-04T16:39:55.531+0000] {dag.py:3239} INFO - Sync 1 DAGs
[2025-02-04T16:39:55.559+0000] {logging_mixin.py:190} INFO - [2025-02-04T16:39:55.559+0000] {dag.py:4180} INFO - Setting next_dagrun for example_branch_dop_operator_v3 to 2025-02-04 16:38:00+00:00, run_after=2025-02-04 16:39:00+00:00
[2025-02-04T16:39:55.581+0000] {processor.py:208} INFO - Processing /home/airflow/.local/lib/python3.9/site-packages/airflow/example_dags/example_branch_python_dop_operator_3.py took 0.088 seconds
[2025-02-04T16:40:26.518+0000] {processor.py:186} INFO - Started process (PID=2024) to work on /home/airflow/.local/lib/python3.9/site-packages/airflow/example_dags/example_branch_python_dop_operator_3.py
[2025-02-04T16:40:26.520+0000] {processor.py:914} INFO - Processing file /home/airflow/.local/lib/python3.9/site-packages/airflow/example_dags/example_branch_python_dop_operator_3.py for tasks to queue
[2025-02-04T16:40:26.522+0000] {logging_mixin.py:190} INFO - [2025-02-04T16:40:26.521+0000] {dagbag.py:588} INFO - Filling up the DagBag from /home/airflow/.local/lib/python3.9/site-packages/airflow/example_dags/example_branch_python_dop_operator_3.py
[2025-02-04T16:40:26.534+0000] {processor.py:925} INFO - DAG(s) 'example_branch_dop_operator_v3' retrieved from /home/airflow/.local/lib/python3.9/site-packages/airflow/example_dags/example_branch_python_dop_operator_3.py
[2025-02-04T16:40:26.558+0000] {logging_mixin.py:190} INFO - [2025-02-04T16:40:26.557+0000] {dag.py:3239} INFO - Sync 1 DAGs
[2025-02-04T16:40:26.589+0000] {logging_mixin.py:190} INFO - [2025-02-04T16:40:26.589+0000] {dag.py:4180} INFO - Setting next_dagrun for example_branch_dop_operator_v3 to 2025-02-04 16:39:00+00:00, run_after=2025-02-04 16:40:00+00:00
[2025-02-04T16:40:26.654+0000] {processor.py:208} INFO - Processing /home/airflow/.local/lib/python3.9/site-packages/airflow/example_dags/example_branch_python_dop_operator_3.py took 0.143 seconds
[2025-02-04T16:40:57.487+0000] {processor.py:186} INFO - Started process (PID=2088) to work on /home/airflow/.local/lib/python3.9/site-packages/airflow/example_dags/example_branch_python_dop_operator_3.py
[2025-02-04T16:40:57.488+0000] {processor.py:914} INFO - Processing file /home/airflow/.local/lib/python3.9/site-packages/airflow/example_dags/example_branch_python_dop_operator_3.py for tasks to queue
[2025-02-04T16:40:57.490+0000] {logging_mixin.py:190} INFO - [2025-02-04T16:40:57.490+0000] {dagbag.py:588} INFO - Filling up the DagBag from /home/airflow/.local/lib/python3.9/site-packages/airflow/example_dags/example_branch_python_dop_operator_3.py
[2025-02-04T16:40:57.501+0000] {processor.py:925} INFO - DAG(s) 'example_branch_dop_operator_v3' retrieved from /home/airflow/.local/lib/python3.9/site-packages/airflow/example_dags/example_branch_python_dop_operator_3.py
[2025-02-04T16:40:57.522+0000] {logging_mixin.py:190} INFO - [2025-02-04T16:40:57.522+0000] {dag.py:3239} INFO - Sync 1 DAGs
[2025-02-04T16:40:57.550+0000] {logging_mixin.py:190} INFO - [2025-02-04T16:40:57.550+0000] {dag.py:4180} INFO - Setting next_dagrun for example_branch_dop_operator_v3 to 2025-02-04 16:39:00+00:00, run_after=2025-02-04 16:40:00+00:00
[2025-02-04T16:40:57.575+0000] {processor.py:208} INFO - Processing /home/airflow/.local/lib/python3.9/site-packages/airflow/example_dags/example_branch_python_dop_operator_3.py took 0.096 seconds
[2025-02-04T16:41:28.415+0000] {processor.py:186} INFO - Started process (PID=2152) to work on /home/airflow/.local/lib/python3.9/site-packages/airflow/example_dags/example_branch_python_dop_operator_3.py
[2025-02-04T16:41:28.416+0000] {processor.py:914} INFO - Processing file /home/airflow/.local/lib/python3.9/site-packages/airflow/example_dags/example_branch_python_dop_operator_3.py for tasks to queue
[2025-02-04T16:41:28.418+0000] {logging_mixin.py:190} INFO - [2025-02-04T16:41:28.417+0000] {dagbag.py:588} INFO - Filling up the DagBag from /home/airflow/.local/lib/python3.9/site-packages/airflow/example_dags/example_branch_python_dop_operator_3.py
[2025-02-04T16:41:28.429+0000] {processor.py:925} INFO - DAG(s) 'example_branch_dop_operator_v3' retrieved from /home/airflow/.local/lib/python3.9/site-packages/airflow/example_dags/example_branch_python_dop_operator_3.py
[2025-02-04T16:41:28.449+0000] {logging_mixin.py:190} INFO - [2025-02-04T16:41:28.449+0000] {dag.py:3239} INFO - Sync 1 DAGs
[2025-02-04T16:41:28.477+0000] {logging_mixin.py:190} INFO - [2025-02-04T16:41:28.477+0000] {dag.py:4180} INFO - Setting next_dagrun for example_branch_dop_operator_v3 to 2025-02-04 16:40:00+00:00, run_after=2025-02-04 16:41:00+00:00
[2025-02-04T16:41:28.509+0000] {processor.py:208} INFO - Processing /home/airflow/.local/lib/python3.9/site-packages/airflow/example_dags/example_branch_python_dop_operator_3.py took 0.100 seconds
[2025-02-04T16:41:58.769+0000] {processor.py:186} INFO - Started process (PID=2216) to work on /home/airflow/.local/lib/python3.9/site-packages/airflow/example_dags/example_branch_python_dop_operator_3.py
[2025-02-04T16:41:58.770+0000] {processor.py:914} INFO - Processing file /home/airflow/.local/lib/python3.9/site-packages/airflow/example_dags/example_branch_python_dop_operator_3.py for tasks to queue
[2025-02-04T16:41:58.772+0000] {logging_mixin.py:190} INFO - [2025-02-04T16:41:58.772+0000] {dagbag.py:588} INFO - Filling up the DagBag from /home/airflow/.local/lib/python3.9/site-packages/airflow/example_dags/example_branch_python_dop_operator_3.py
[2025-02-04T16:41:58.785+0000] {processor.py:925} INFO - DAG(s) 'example_branch_dop_operator_v3' retrieved from /home/airflow/.local/lib/python3.9/site-packages/airflow/example_dags/example_branch_python_dop_operator_3.py
[2025-02-04T16:41:58.810+0000] {logging_mixin.py:190} INFO - [2025-02-04T16:41:58.810+0000] {dag.py:3239} INFO - Sync 1 DAGs
[2025-02-04T16:41:58.843+0000] {logging_mixin.py:190} INFO - [2025-02-04T16:41:58.843+0000] {dag.py:4180} INFO - Setting next_dagrun for example_branch_dop_operator_v3 to 2025-02-04 16:40:00+00:00, run_after=2025-02-04 16:41:00+00:00
[2025-02-04T16:41:58.872+0000] {processor.py:208} INFO - Processing /home/airflow/.local/lib/python3.9/site-packages/airflow/example_dags/example_branch_python_dop_operator_3.py took 0.111 seconds
[2025-02-04T16:42:29.159+0000] {processor.py:186} INFO - Started process (PID=2280) to work on /home/airflow/.local/lib/python3.9/site-packages/airflow/example_dags/example_branch_python_dop_operator_3.py
[2025-02-04T16:42:29.163+0000] {processor.py:914} INFO - Processing file /home/airflow/.local/lib/python3.9/site-packages/airflow/example_dags/example_branch_python_dop_operator_3.py for tasks to queue
[2025-02-04T16:42:29.166+0000] {logging_mixin.py:190} INFO - [2025-02-04T16:42:29.165+0000] {dagbag.py:588} INFO - Filling up the DagBag from /home/airflow/.local/lib/python3.9/site-packages/airflow/example_dags/example_branch_python_dop_operator_3.py
[2025-02-04T16:42:29.179+0000] {processor.py:925} INFO - DAG(s) 'example_branch_dop_operator_v3' retrieved from /home/airflow/.local/lib/python3.9/site-packages/airflow/example_dags/example_branch_python_dop_operator_3.py
[2025-02-04T16:42:29.213+0000] {logging_mixin.py:190} INFO - [2025-02-04T16:42:29.213+0000] {dag.py:3239} INFO - Sync 1 DAGs
[2025-02-04T16:42:29.308+0000] {logging_mixin.py:190} INFO - [2025-02-04T16:42:29.308+0000] {dag.py:4180} INFO - Setting next_dagrun for example_branch_dop_operator_v3 to 2025-02-04 16:41:00+00:00, run_after=2025-02-04 16:42:00+00:00
[2025-02-04T16:42:29.340+0000] {processor.py:208} INFO - Processing /home/airflow/.local/lib/python3.9/site-packages/airflow/example_dags/example_branch_python_dop_operator_3.py took 0.195 seconds
[2025-02-04T16:42:59.605+0000] {processor.py:186} INFO - Started process (PID=2344) to work on /home/airflow/.local/lib/python3.9/site-packages/airflow/example_dags/example_branch_python_dop_operator_3.py
[2025-02-04T16:42:59.607+0000] {processor.py:914} INFO - Processing file /home/airflow/.local/lib/python3.9/site-packages/airflow/example_dags/example_branch_python_dop_operator_3.py for tasks to queue
[2025-02-04T16:42:59.609+0000] {logging_mixin.py:190} INFO - [2025-02-04T16:42:59.608+0000] {dagbag.py:588} INFO - Filling up the DagBag from /home/airflow/.local/lib/python3.9/site-packages/airflow/example_dags/example_branch_python_dop_operator_3.py
[2025-02-04T16:42:59.620+0000] {processor.py:925} INFO - DAG(s) 'example_branch_dop_operator_v3' retrieved from /home/airflow/.local/lib/python3.9/site-packages/airflow/example_dags/example_branch_python_dop_operator_3.py
[2025-02-04T16:42:59.644+0000] {logging_mixin.py:190} INFO - [2025-02-04T16:42:59.643+0000] {dag.py:3239} INFO - Sync 1 DAGs
[2025-02-04T16:42:59.678+0000] {logging_mixin.py:190} INFO - [2025-02-04T16:42:59.678+0000] {dag.py:4180} INFO - Setting next_dagrun for example_branch_dop_operator_v3 to 2025-02-04 16:41:00+00:00, run_after=2025-02-04 16:42:00+00:00
[2025-02-04T16:42:59.706+0000] {processor.py:208} INFO - Processing /home/airflow/.local/lib/python3.9/site-packages/airflow/example_dags/example_branch_python_dop_operator_3.py took 0.108 seconds
[2025-02-04T16:43:29.878+0000] {processor.py:186} INFO - Started process (PID=2408) to work on /home/airflow/.local/lib/python3.9/site-packages/airflow/example_dags/example_branch_python_dop_operator_3.py
[2025-02-04T16:43:29.880+0000] {processor.py:914} INFO - Processing file /home/airflow/.local/lib/python3.9/site-packages/airflow/example_dags/example_branch_python_dop_operator_3.py for tasks to queue
[2025-02-04T16:43:29.882+0000] {logging_mixin.py:190} INFO - [2025-02-04T16:43:29.881+0000] {dagbag.py:588} INFO - Filling up the DagBag from /home/airflow/.local/lib/python3.9/site-packages/airflow/example_dags/example_branch_python_dop_operator_3.py
[2025-02-04T16:43:29.893+0000] {processor.py:925} INFO - DAG(s) 'example_branch_dop_operator_v3' retrieved from /home/airflow/.local/lib/python3.9/site-packages/airflow/example_dags/example_branch_python_dop_operator_3.py
[2025-02-04T16:43:29.916+0000] {logging_mixin.py:190} INFO - [2025-02-04T16:43:29.916+0000] {dag.py:3239} INFO - Sync 1 DAGs
[2025-02-04T16:43:29.946+0000] {logging_mixin.py:190} INFO - [2025-02-04T16:43:29.945+0000] {dag.py:4180} INFO - Setting next_dagrun for example_branch_dop_operator_v3 to 2025-02-04 16:42:00+00:00, run_after=2025-02-04 16:43:00+00:00
[2025-02-04T16:43:29.976+0000] {processor.py:208} INFO - Processing /home/airflow/.local/lib/python3.9/site-packages/airflow/example_dags/example_branch_python_dop_operator_3.py took 0.105 seconds
[2025-02-04T16:44:00.728+0000] {processor.py:186} INFO - Started process (PID=2472) to work on /home/airflow/.local/lib/python3.9/site-packages/airflow/example_dags/example_branch_python_dop_operator_3.py
[2025-02-04T16:44:00.730+0000] {processor.py:914} INFO - Processing file /home/airflow/.local/lib/python3.9/site-packages/airflow/example_dags/example_branch_python_dop_operator_3.py for tasks to queue
[2025-02-04T16:44:00.732+0000] {logging_mixin.py:190} INFO - [2025-02-04T16:44:00.731+0000] {dagbag.py:588} INFO - Filling up the DagBag from /home/airflow/.local/lib/python3.9/site-packages/airflow/example_dags/example_branch_python_dop_operator_3.py
[2025-02-04T16:44:00.748+0000] {processor.py:925} INFO - DAG(s) 'example_branch_dop_operator_v3' retrieved from /home/airflow/.local/lib/python3.9/site-packages/airflow/example_dags/example_branch_python_dop_operator_3.py
[2025-02-04T16:44:00.776+0000] {logging_mixin.py:190} INFO - [2025-02-04T16:44:00.775+0000] {dag.py:3239} INFO - Sync 1 DAGs
[2025-02-04T16:44:00.813+0000] {logging_mixin.py:190} INFO - [2025-02-04T16:44:00.813+0000] {dag.py:4180} INFO - Setting next_dagrun for example_branch_dop_operator_v3 to 2025-02-04 16:43:00+00:00, run_after=2025-02-04 16:44:00+00:00
[2025-02-04T16:44:00.844+0000] {processor.py:208} INFO - Processing /home/airflow/.local/lib/python3.9/site-packages/airflow/example_dags/example_branch_python_dop_operator_3.py took 0.123 seconds
[2025-02-04T16:44:30.952+0000] {processor.py:186} INFO - Started process (PID=2536) to work on /home/airflow/.local/lib/python3.9/site-packages/airflow/example_dags/example_branch_python_dop_operator_3.py
[2025-02-04T16:44:30.954+0000] {processor.py:914} INFO - Processing file /home/airflow/.local/lib/python3.9/site-packages/airflow/example_dags/example_branch_python_dop_operator_3.py for tasks to queue
[2025-02-04T16:44:30.955+0000] {logging_mixin.py:190} INFO - [2025-02-04T16:44:30.955+0000] {dagbag.py:588} INFO - Filling up the DagBag from /home/airflow/.local/lib/python3.9/site-packages/airflow/example_dags/example_branch_python_dop_operator_3.py
[2025-02-04T16:44:30.968+0000] {processor.py:925} INFO - DAG(s) 'example_branch_dop_operator_v3' retrieved from /home/airflow/.local/lib/python3.9/site-packages/airflow/example_dags/example_branch_python_dop_operator_3.py
[2025-02-04T16:44:30.988+0000] {logging_mixin.py:190} INFO - [2025-02-04T16:44:30.988+0000] {dag.py:3239} INFO - Sync 1 DAGs
[2025-02-04T16:44:31.017+0000] {logging_mixin.py:190} INFO - [2025-02-04T16:44:31.016+0000] {dag.py:4180} INFO - Setting next_dagrun for example_branch_dop_operator_v3 to 2025-02-04 16:43:00+00:00, run_after=2025-02-04 16:44:00+00:00
[2025-02-04T16:44:31.043+0000] {processor.py:208} INFO - Processing /home/airflow/.local/lib/python3.9/site-packages/airflow/example_dags/example_branch_python_dop_operator_3.py took 0.098 seconds
[2025-02-04T16:45:01.719+0000] {processor.py:186} INFO - Started process (PID=2600) to work on /home/airflow/.local/lib/python3.9/site-packages/airflow/example_dags/example_branch_python_dop_operator_3.py
[2025-02-04T16:45:01.720+0000] {processor.py:914} INFO - Processing file /home/airflow/.local/lib/python3.9/site-packages/airflow/example_dags/example_branch_python_dop_operator_3.py for tasks to queue
[2025-02-04T16:45:01.722+0000] {logging_mixin.py:190} INFO - [2025-02-04T16:45:01.722+0000] {dagbag.py:588} INFO - Filling up the DagBag from /home/airflow/.local/lib/python3.9/site-packages/airflow/example_dags/example_branch_python_dop_operator_3.py
[2025-02-04T16:45:01.733+0000] {processor.py:925} INFO - DAG(s) 'example_branch_dop_operator_v3' retrieved from /home/airflow/.local/lib/python3.9/site-packages/airflow/example_dags/example_branch_python_dop_operator_3.py
[2025-02-04T16:45:01.757+0000] {logging_mixin.py:190} INFO - [2025-02-04T16:45:01.757+0000] {dag.py:3239} INFO - Sync 1 DAGs
[2025-02-04T16:45:01.784+0000] {logging_mixin.py:190} INFO - [2025-02-04T16:45:01.784+0000] {dag.py:4180} INFO - Setting next_dagrun for example_branch_dop_operator_v3 to 2025-02-04 16:44:00+00:00, run_after=2025-02-04 16:45:00+00:00
[2025-02-04T16:45:01.814+0000] {processor.py:208} INFO - Processing /home/airflow/.local/lib/python3.9/site-packages/airflow/example_dags/example_branch_python_dop_operator_3.py took 0.102 seconds
[2025-02-04T16:45:31.929+0000] {processor.py:186} INFO - Started process (PID=2664) to work on /home/airflow/.local/lib/python3.9/site-packages/airflow/example_dags/example_branch_python_dop_operator_3.py
[2025-02-04T16:45:31.931+0000] {processor.py:914} INFO - Processing file /home/airflow/.local/lib/python3.9/site-packages/airflow/example_dags/example_branch_python_dop_operator_3.py for tasks to queue
[2025-02-04T16:45:31.932+0000] {logging_mixin.py:190} INFO - [2025-02-04T16:45:31.932+0000] {dagbag.py:588} INFO - Filling up the DagBag from /home/airflow/.local/lib/python3.9/site-packages/airflow/example_dags/example_branch_python_dop_operator_3.py
[2025-02-04T16:45:31.943+0000] {processor.py:925} INFO - DAG(s) 'example_branch_dop_operator_v3' retrieved from /home/airflow/.local/lib/python3.9/site-packages/airflow/example_dags/example_branch_python_dop_operator_3.py
[2025-02-04T16:45:31.966+0000] {logging_mixin.py:190} INFO - [2025-02-04T16:45:31.966+0000] {dag.py:3239} INFO - Sync 1 DAGs
[2025-02-04T16:45:31.993+0000] {logging_mixin.py:190} INFO - [2025-02-04T16:45:31.993+0000] {dag.py:4180} INFO - Setting next_dagrun for example_branch_dop_operator_v3 to 2025-02-04 16:44:00+00:00, run_after=2025-02-04 16:45:00+00:00
[2025-02-04T16:45:32.030+0000] {processor.py:208} INFO - Processing /home/airflow/.local/lib/python3.9/site-packages/airflow/example_dags/example_branch_python_dop_operator_3.py took 0.107 seconds
[2025-02-04T16:46:04.596+0000] {processor.py:186} INFO - Started process (PID=2735) to work on /home/airflow/.local/lib/python3.9/site-packages/airflow/example_dags/example_branch_python_dop_operator_3.py
[2025-02-04T16:46:04.597+0000] {processor.py:914} INFO - Processing file /home/airflow/.local/lib/python3.9/site-packages/airflow/example_dags/example_branch_python_dop_operator_3.py for tasks to queue
[2025-02-04T16:46:04.599+0000] {logging_mixin.py:190} INFO - [2025-02-04T16:46:04.598+0000] {dagbag.py:588} INFO - Filling up the DagBag from /home/airflow/.local/lib/python3.9/site-packages/airflow/example_dags/example_branch_python_dop_operator_3.py
[2025-02-04T16:46:04.611+0000] {processor.py:925} INFO - DAG(s) 'example_branch_dop_operator_v3' retrieved from /home/airflow/.local/lib/python3.9/site-packages/airflow/example_dags/example_branch_python_dop_operator_3.py
[2025-02-04T16:46:04.635+0000] {logging_mixin.py:190} INFO - [2025-02-04T16:46:04.635+0000] {dag.py:3239} INFO - Sync 1 DAGs
[2025-02-04T16:46:04.665+0000] {logging_mixin.py:190} INFO - [2025-02-04T16:46:04.665+0000] {dag.py:4180} INFO - Setting next_dagrun for example_branch_dop_operator_v3 to 2025-02-04 16:45:00+00:00, run_after=2025-02-04 16:46:00+00:00
[2025-02-04T16:46:04.691+0000] {processor.py:208} INFO - Processing /home/airflow/.local/lib/python3.9/site-packages/airflow/example_dags/example_branch_python_dop_operator_3.py took 0.103 seconds
[2025-02-04T16:46:34.692+0000] {processor.py:186} INFO - Started process (PID=2799) to work on /home/airflow/.local/lib/python3.9/site-packages/airflow/example_dags/example_branch_python_dop_operator_3.py
[2025-02-04T16:46:34.693+0000] {processor.py:914} INFO - Processing file /home/airflow/.local/lib/python3.9/site-packages/airflow/example_dags/example_branch_python_dop_operator_3.py for tasks to queue
[2025-02-04T16:46:34.695+0000] {logging_mixin.py:190} INFO - [2025-02-04T16:46:34.694+0000] {dagbag.py:588} INFO - Filling up the DagBag from /home/airflow/.local/lib/python3.9/site-packages/airflow/example_dags/example_branch_python_dop_operator_3.py
[2025-02-04T16:46:34.706+0000] {processor.py:925} INFO - DAG(s) 'example_branch_dop_operator_v3' retrieved from /home/airflow/.local/lib/python3.9/site-packages/airflow/example_dags/example_branch_python_dop_operator_3.py
[2025-02-04T16:46:34.730+0000] {logging_mixin.py:190} INFO - [2025-02-04T16:46:34.729+0000] {dag.py:3239} INFO - Sync 1 DAGs
[2025-02-04T16:46:34.758+0000] {logging_mixin.py:190} INFO - [2025-02-04T16:46:34.758+0000] {dag.py:4180} INFO - Setting next_dagrun for example_branch_dop_operator_v3 to 2025-02-04 16:45:00+00:00, run_after=2025-02-04 16:46:00+00:00
[2025-02-04T16:46:34.787+0000] {processor.py:208} INFO - Processing /home/airflow/.local/lib/python3.9/site-packages/airflow/example_dags/example_branch_python_dop_operator_3.py took 0.102 seconds
[2025-02-04T16:47:09.587+0000] {processor.py:186} INFO - Started process (PID=2866) to work on /home/airflow/.local/lib/python3.9/site-packages/airflow/example_dags/example_branch_python_dop_operator_3.py
[2025-02-04T16:47:09.588+0000] {processor.py:914} INFO - Processing file /home/airflow/.local/lib/python3.9/site-packages/airflow/example_dags/example_branch_python_dop_operator_3.py for tasks to queue
[2025-02-04T16:47:09.590+0000] {logging_mixin.py:190} INFO - [2025-02-04T16:47:09.589+0000] {dagbag.py:588} INFO - Filling up the DagBag from /home/airflow/.local/lib/python3.9/site-packages/airflow/example_dags/example_branch_python_dop_operator_3.py
[2025-02-04T16:47:09.601+0000] {processor.py:925} INFO - DAG(s) 'example_branch_dop_operator_v3' retrieved from /home/airflow/.local/lib/python3.9/site-packages/airflow/example_dags/example_branch_python_dop_operator_3.py
[2025-02-04T16:47:09.624+0000] {logging_mixin.py:190} INFO - [2025-02-04T16:47:09.623+0000] {dag.py:3239} INFO - Sync 1 DAGs
[2025-02-04T16:47:09.655+0000] {logging_mixin.py:190} INFO - [2025-02-04T16:47:09.655+0000] {dag.py:4180} INFO - Setting next_dagrun for example_branch_dop_operator_v3 to 2025-02-04 16:46:00+00:00, run_after=2025-02-04 16:47:00+00:00
[2025-02-04T16:47:09.682+0000] {processor.py:208} INFO - Processing /home/airflow/.local/lib/python3.9/site-packages/airflow/example_dags/example_branch_python_dop_operator_3.py took 0.102 seconds
[2025-02-04T16:47:50.541+0000] {processor.py:186} INFO - Started process (PID=2930) to work on /home/airflow/.local/lib/python3.9/site-packages/airflow/example_dags/example_branch_python_dop_operator_3.py
[2025-02-04T16:47:50.542+0000] {processor.py:914} INFO - Processing file /home/airflow/.local/lib/python3.9/site-packages/airflow/example_dags/example_branch_python_dop_operator_3.py for tasks to queue
[2025-02-04T16:47:50.543+0000] {logging_mixin.py:190} INFO - [2025-02-04T16:47:50.543+0000] {dagbag.py:588} INFO - Filling up the DagBag from /home/airflow/.local/lib/python3.9/site-packages/airflow/example_dags/example_branch_python_dop_operator_3.py
[2025-02-04T16:47:50.555+0000] {processor.py:925} INFO - DAG(s) 'example_branch_dop_operator_v3' retrieved from /home/airflow/.local/lib/python3.9/site-packages/airflow/example_dags/example_branch_python_dop_operator_3.py
[2025-02-04T16:47:50.600+0000] {logging_mixin.py:190} INFO - [2025-02-04T16:47:50.599+0000] {dag.py:3239} INFO - Sync 1 DAGs
[2025-02-04T16:47:50.630+0000] {logging_mixin.py:190} INFO - [2025-02-04T16:47:50.630+0000] {dag.py:4180} INFO - Setting next_dagrun for example_branch_dop_operator_v3 to 2025-02-04 16:46:00+00:00, run_after=2025-02-04 16:47:00+00:00
[2025-02-04T16:47:50.659+0000] {processor.py:208} INFO - Processing /home/airflow/.local/lib/python3.9/site-packages/airflow/example_dags/example_branch_python_dop_operator_3.py took 0.125 seconds
