[2025-02-04T16:22:43.031+0000] {processor.py:186} INFO - Started process (PID=91) to work on /home/airflow/.local/lib/python3.9/site-packages/airflow/example_dags/example_branch_datetime_operator.py
[2025-02-04T16:22:43.727+0000] {processor.py:914} INFO - Processing file /home/airflow/.local/lib/python3.9/site-packages/airflow/example_dags/example_branch_datetime_operator.py for tasks to queue
[2025-02-04T16:22:43.733+0000] {logging_mixin.py:190} INFO - [2025-02-04T16:22:43.733+0000] {dagbag.py:588} INFO - Filling up the DagBag from /home/airflow/.local/lib/python3.9/site-packages/airflow/example_dags/example_branch_datetime_operator.py
[2025-02-04T16:22:43.746+0000] {processor.py:925} INFO - DAG(s) 'example_branch_datetime_operator_2', 'example_branch_datetime_operator_3', 'example_branch_datetime_operator' retrieved from /home/airflow/.local/lib/python3.9/site-packages/airflow/example_dags/example_branch_datetime_operator.py
[2025-02-04T16:22:43.856+0000] {logging_mixin.py:190} INFO - [2025-02-04T16:22:43.855+0000] {override.py:1912} INFO - Created Permission View: can delete on DAG:example_branch_datetime_operator_2
[2025-02-04T16:22:43.873+0000] {logging_mixin.py:190} INFO - [2025-02-04T16:22:43.873+0000] {override.py:1912} INFO - Created Permission View: can edit on DAG:example_branch_datetime_operator_2
[2025-02-04T16:22:43.887+0000] {logging_mixin.py:190} INFO - [2025-02-04T16:22:43.886+0000] {override.py:1912} INFO - Created Permission View: can read on DAG:example_branch_datetime_operator_2
[2025-02-04T16:22:43.908+0000] {logging_mixin.py:190} INFO - [2025-02-04T16:22:43.907+0000] {override.py:1912} INFO - Created Permission View: can delete on DAG Run:example_branch_datetime_operator_2
[2025-02-04T16:22:43.922+0000] {logging_mixin.py:190} INFO - [2025-02-04T16:22:43.921+0000] {override.py:1912} INFO - Created Permission View: menu access on DAG Run:example_branch_datetime_operator_2
[2025-02-04T16:22:43.935+0000] {logging_mixin.py:190} INFO - [2025-02-04T16:22:43.934+0000] {override.py:1912} INFO - Created Permission View: can read on DAG Run:example_branch_datetime_operator_2
[2025-02-04T16:22:43.948+0000] {logging_mixin.py:190} INFO - [2025-02-04T16:22:43.948+0000] {override.py:1912} INFO - Created Permission View: can create on DAG Run:example_branch_datetime_operator_2
[2025-02-04T16:22:43.979+0000] {logging_mixin.py:190} INFO - [2025-02-04T16:22:43.978+0000] {override.py:1912} INFO - Created Permission View: can delete on DAG:example_branch_datetime_operator_3
[2025-02-04T16:22:43.992+0000] {logging_mixin.py:190} INFO - [2025-02-04T16:22:43.992+0000] {override.py:1912} INFO - Created Permission View: can edit on DAG:example_branch_datetime_operator_3
[2025-02-04T16:22:44.008+0000] {logging_mixin.py:190} INFO - [2025-02-04T16:22:44.008+0000] {override.py:1912} INFO - Created Permission View: can read on DAG:example_branch_datetime_operator_3
[2025-02-04T16:22:44.030+0000] {logging_mixin.py:190} INFO - [2025-02-04T16:22:44.030+0000] {override.py:1912} INFO - Created Permission View: can delete on DAG Run:example_branch_datetime_operator_3
[2025-02-04T16:22:44.044+0000] {logging_mixin.py:190} INFO - [2025-02-04T16:22:44.043+0000] {override.py:1912} INFO - Created Permission View: menu access on DAG Run:example_branch_datetime_operator_3
[2025-02-04T16:22:44.064+0000] {logging_mixin.py:190} INFO - [2025-02-04T16:22:44.063+0000] {override.py:1912} INFO - Created Permission View: can read on DAG Run:example_branch_datetime_operator_3
[2025-02-04T16:22:44.079+0000] {logging_mixin.py:190} INFO - [2025-02-04T16:22:44.079+0000] {override.py:1912} INFO - Created Permission View: can create on DAG Run:example_branch_datetime_operator_3
[2025-02-04T16:22:44.108+0000] {logging_mixin.py:190} INFO - [2025-02-04T16:22:44.107+0000] {override.py:1912} INFO - Created Permission View: can delete on DAG:example_branch_datetime_operator
[2025-02-04T16:22:44.123+0000] {logging_mixin.py:190} INFO - [2025-02-04T16:22:44.122+0000] {override.py:1912} INFO - Created Permission View: can edit on DAG:example_branch_datetime_operator
[2025-02-04T16:22:44.136+0000] {logging_mixin.py:190} INFO - [2025-02-04T16:22:44.135+0000] {override.py:1912} INFO - Created Permission View: can read on DAG:example_branch_datetime_operator
[2025-02-04T16:22:44.156+0000] {logging_mixin.py:190} INFO - [2025-02-04T16:22:44.155+0000] {override.py:1912} INFO - Created Permission View: can delete on DAG Run:example_branch_datetime_operator
[2025-02-04T16:22:44.170+0000] {logging_mixin.py:190} INFO - [2025-02-04T16:22:44.169+0000] {override.py:1912} INFO - Created Permission View: menu access on DAG Run:example_branch_datetime_operator
[2025-02-04T16:22:44.184+0000] {logging_mixin.py:190} INFO - [2025-02-04T16:22:44.183+0000] {override.py:1912} INFO - Created Permission View: can read on DAG Run:example_branch_datetime_operator
[2025-02-04T16:22:44.197+0000] {logging_mixin.py:190} INFO - [2025-02-04T16:22:44.197+0000] {override.py:1912} INFO - Created Permission View: can create on DAG Run:example_branch_datetime_operator
[2025-02-04T16:22:44.198+0000] {logging_mixin.py:190} INFO - [2025-02-04T16:22:44.198+0000] {dag.py:3239} INFO - Sync 3 DAGs
[2025-02-04T16:22:44.212+0000] {logging_mixin.py:190} INFO - [2025-02-04T16:22:44.211+0000] {dag.py:3262} INFO - Creating ORM DAG for example_branch_datetime_operator_2
[2025-02-04T16:22:44.213+0000] {logging_mixin.py:190} INFO - [2025-02-04T16:22:44.213+0000] {dag.py:3262} INFO - Creating ORM DAG for example_branch_datetime_operator
[2025-02-04T16:22:44.215+0000] {logging_mixin.py:190} INFO - [2025-02-04T16:22:44.214+0000] {dag.py:3262} INFO - Creating ORM DAG for example_branch_datetime_operator_3
[2025-02-04T16:22:44.226+0000] {logging_mixin.py:190} INFO - [2025-02-04T16:22:44.226+0000] {dag.py:4180} INFO - Setting next_dagrun for example_branch_datetime_operator to 2025-02-03 00:00:00+00:00, run_after=2025-02-04 00:00:00+00:00
[2025-02-04T16:22:44.228+0000] {logging_mixin.py:190} INFO - [2025-02-04T16:22:44.228+0000] {dag.py:4180} INFO - Setting next_dagrun for example_branch_datetime_operator_2 to 2025-02-03 00:00:00+00:00, run_after=2025-02-04 00:00:00+00:00
[2025-02-04T16:22:44.231+0000] {logging_mixin.py:190} INFO - [2025-02-04T16:22:44.231+0000] {dag.py:4180} INFO - Setting next_dagrun for example_branch_datetime_operator_3 to 2025-02-03 00:00:00+00:00, run_after=2025-02-04 00:00:00+00:00
[2025-02-04T16:22:44.259+0000] {processor.py:208} INFO - Processing /home/airflow/.local/lib/python3.9/site-packages/airflow/example_dags/example_branch_datetime_operator.py took 1.234 seconds
[2025-02-04T16:23:28.135+0000] {processor.py:186} INFO - Started process (PID=162) to work on /home/airflow/.local/lib/python3.9/site-packages/airflow/example_dags/example_branch_datetime_operator.py
[2025-02-04T16:23:28.136+0000] {processor.py:914} INFO - Processing file /home/airflow/.local/lib/python3.9/site-packages/airflow/example_dags/example_branch_datetime_operator.py for tasks to queue
[2025-02-04T16:23:28.139+0000] {logging_mixin.py:190} INFO - [2025-02-04T16:23:28.139+0000] {dagbag.py:588} INFO - Filling up the DagBag from /home/airflow/.local/lib/python3.9/site-packages/airflow/example_dags/example_branch_datetime_operator.py
[2025-02-04T16:23:28.152+0000] {processor.py:925} INFO - DAG(s) 'example_branch_datetime_operator_2', 'example_branch_datetime_operator', 'example_branch_datetime_operator_3' retrieved from /home/airflow/.local/lib/python3.9/site-packages/airflow/example_dags/example_branch_datetime_operator.py
[2025-02-04T16:23:28.183+0000] {logging_mixin.py:190} INFO - [2025-02-04T16:23:28.182+0000] {dag.py:3239} INFO - Sync 3 DAGs
[2025-02-04T16:23:28.208+0000] {logging_mixin.py:190} INFO - [2025-02-04T16:23:28.207+0000] {dag.py:4180} INFO - Setting next_dagrun for example_branch_datetime_operator to 2025-02-03 00:00:00+00:00, run_after=2025-02-04 00:00:00+00:00
[2025-02-04T16:23:28.214+0000] {logging_mixin.py:190} INFO - [2025-02-04T16:23:28.213+0000] {dag.py:4180} INFO - Setting next_dagrun for example_branch_datetime_operator_2 to 2025-02-03 00:00:00+00:00, run_after=2025-02-04 00:00:00+00:00
[2025-02-04T16:23:28.217+0000] {logging_mixin.py:190} INFO - [2025-02-04T16:23:28.217+0000] {dag.py:4180} INFO - Setting next_dagrun for example_branch_datetime_operator_3 to 2025-02-03 00:00:00+00:00, run_after=2025-02-04 00:00:00+00:00
[2025-02-04T16:23:28.249+0000] {processor.py:208} INFO - Processing /home/airflow/.local/lib/python3.9/site-packages/airflow/example_dags/example_branch_datetime_operator.py took 0.120 seconds
[2025-02-04T16:23:58.570+0000] {processor.py:186} INFO - Started process (PID=225) to work on /home/airflow/.local/lib/python3.9/site-packages/airflow/example_dags/example_branch_datetime_operator.py
[2025-02-04T16:23:58.572+0000] {processor.py:914} INFO - Processing file /home/airflow/.local/lib/python3.9/site-packages/airflow/example_dags/example_branch_datetime_operator.py for tasks to queue
[2025-02-04T16:23:58.575+0000] {logging_mixin.py:190} INFO - [2025-02-04T16:23:58.575+0000] {dagbag.py:588} INFO - Filling up the DagBag from /home/airflow/.local/lib/python3.9/site-packages/airflow/example_dags/example_branch_datetime_operator.py
[2025-02-04T16:23:58.597+0000] {processor.py:925} INFO - DAG(s) 'example_branch_datetime_operator', 'example_branch_datetime_operator_2', 'example_branch_datetime_operator_3' retrieved from /home/airflow/.local/lib/python3.9/site-packages/airflow/example_dags/example_branch_datetime_operator.py
[2025-02-04T16:23:58.630+0000] {logging_mixin.py:190} INFO - [2025-02-04T16:23:58.630+0000] {dag.py:3239} INFO - Sync 3 DAGs
[2025-02-04T16:23:58.662+0000] {logging_mixin.py:190} INFO - [2025-02-04T16:23:58.661+0000] {dag.py:4180} INFO - Setting next_dagrun for example_branch_datetime_operator to 2025-02-03 00:00:00+00:00, run_after=2025-02-04 00:00:00+00:00
[2025-02-04T16:23:58.670+0000] {logging_mixin.py:190} INFO - [2025-02-04T16:23:58.669+0000] {dag.py:4180} INFO - Setting next_dagrun for example_branch_datetime_operator_2 to 2025-02-03 00:00:00+00:00, run_after=2025-02-04 00:00:00+00:00
[2025-02-04T16:23:58.675+0000] {logging_mixin.py:190} INFO - [2025-02-04T16:23:58.675+0000] {dag.py:4180} INFO - Setting next_dagrun for example_branch_datetime_operator_3 to 2025-02-03 00:00:00+00:00, run_after=2025-02-04 00:00:00+00:00
[2025-02-04T16:23:58.706+0000] {processor.py:208} INFO - Processing /home/airflow/.local/lib/python3.9/site-packages/airflow/example_dags/example_branch_datetime_operator.py took 0.147 seconds
[2025-02-04T16:24:29.442+0000] {processor.py:186} INFO - Started process (PID=288) to work on /home/airflow/.local/lib/python3.9/site-packages/airflow/example_dags/example_branch_datetime_operator.py
[2025-02-04T16:24:29.444+0000] {processor.py:914} INFO - Processing file /home/airflow/.local/lib/python3.9/site-packages/airflow/example_dags/example_branch_datetime_operator.py for tasks to queue
[2025-02-04T16:24:29.447+0000] {logging_mixin.py:190} INFO - [2025-02-04T16:24:29.446+0000] {dagbag.py:588} INFO - Filling up the DagBag from /home/airflow/.local/lib/python3.9/site-packages/airflow/example_dags/example_branch_datetime_operator.py
[2025-02-04T16:24:29.459+0000] {processor.py:925} INFO - DAG(s) 'example_branch_datetime_operator_3', 'example_branch_datetime_operator_2', 'example_branch_datetime_operator' retrieved from /home/airflow/.local/lib/python3.9/site-packages/airflow/example_dags/example_branch_datetime_operator.py
[2025-02-04T16:24:29.489+0000] {logging_mixin.py:190} INFO - [2025-02-04T16:24:29.488+0000] {dag.py:3239} INFO - Sync 3 DAGs
[2025-02-04T16:24:29.515+0000] {logging_mixin.py:190} INFO - [2025-02-04T16:24:29.515+0000] {dag.py:4180} INFO - Setting next_dagrun for example_branch_datetime_operator to 2025-02-03 00:00:00+00:00, run_after=2025-02-04 00:00:00+00:00
[2025-02-04T16:24:29.521+0000] {logging_mixin.py:190} INFO - [2025-02-04T16:24:29.520+0000] {dag.py:4180} INFO - Setting next_dagrun for example_branch_datetime_operator_2 to 2025-02-03 00:00:00+00:00, run_after=2025-02-04 00:00:00+00:00
[2025-02-04T16:24:29.524+0000] {logging_mixin.py:190} INFO - [2025-02-04T16:24:29.524+0000] {dag.py:4180} INFO - Setting next_dagrun for example_branch_datetime_operator_3 to 2025-02-03 00:00:00+00:00, run_after=2025-02-04 00:00:00+00:00
[2025-02-04T16:24:29.550+0000] {processor.py:208} INFO - Processing /home/airflow/.local/lib/python3.9/site-packages/airflow/example_dags/example_branch_datetime_operator.py took 0.114 seconds
[2025-02-04T16:25:00.182+0000] {processor.py:186} INFO - Started process (PID=352) to work on /home/airflow/.local/lib/python3.9/site-packages/airflow/example_dags/example_branch_datetime_operator.py
[2025-02-04T16:25:00.184+0000] {processor.py:914} INFO - Processing file /home/airflow/.local/lib/python3.9/site-packages/airflow/example_dags/example_branch_datetime_operator.py for tasks to queue
[2025-02-04T16:25:00.186+0000] {logging_mixin.py:190} INFO - [2025-02-04T16:25:00.186+0000] {dagbag.py:588} INFO - Filling up the DagBag from /home/airflow/.local/lib/python3.9/site-packages/airflow/example_dags/example_branch_datetime_operator.py
[2025-02-04T16:25:00.200+0000] {processor.py:925} INFO - DAG(s) 'example_branch_datetime_operator', 'example_branch_datetime_operator_3', 'example_branch_datetime_operator_2' retrieved from /home/airflow/.local/lib/python3.9/site-packages/airflow/example_dags/example_branch_datetime_operator.py
[2025-02-04T16:25:00.233+0000] {logging_mixin.py:190} INFO - [2025-02-04T16:25:00.233+0000] {dag.py:3239} INFO - Sync 3 DAGs
[2025-02-04T16:25:00.261+0000] {logging_mixin.py:190} INFO - [2025-02-04T16:25:00.261+0000] {dag.py:4180} INFO - Setting next_dagrun for example_branch_datetime_operator to 2025-02-03 00:00:00+00:00, run_after=2025-02-04 00:00:00+00:00
[2025-02-04T16:25:00.267+0000] {logging_mixin.py:190} INFO - [2025-02-04T16:25:00.267+0000] {dag.py:4180} INFO - Setting next_dagrun for example_branch_datetime_operator_2 to 2025-02-03 00:00:00+00:00, run_after=2025-02-04 00:00:00+00:00
[2025-02-04T16:25:00.271+0000] {logging_mixin.py:190} INFO - [2025-02-04T16:25:00.271+0000] {dag.py:4180} INFO - Setting next_dagrun for example_branch_datetime_operator_3 to 2025-02-03 00:00:00+00:00, run_after=2025-02-04 00:00:00+00:00
[2025-02-04T16:25:00.297+0000] {processor.py:208} INFO - Processing /home/airflow/.local/lib/python3.9/site-packages/airflow/example_dags/example_branch_datetime_operator.py took 0.123 seconds
[2025-02-04T16:25:31.275+0000] {processor.py:186} INFO - Started process (PID=416) to work on /home/airflow/.local/lib/python3.9/site-packages/airflow/example_dags/example_branch_datetime_operator.py
[2025-02-04T16:25:31.339+0000] {processor.py:914} INFO - Processing file /home/airflow/.local/lib/python3.9/site-packages/airflow/example_dags/example_branch_datetime_operator.py for tasks to queue
[2025-02-04T16:25:31.343+0000] {logging_mixin.py:190} INFO - [2025-02-04T16:25:31.342+0000] {dagbag.py:588} INFO - Filling up the DagBag from /home/airflow/.local/lib/python3.9/site-packages/airflow/example_dags/example_branch_datetime_operator.py
[2025-02-04T16:25:31.357+0000] {processor.py:925} INFO - DAG(s) 'example_branch_datetime_operator', 'example_branch_datetime_operator_3', 'example_branch_datetime_operator_2' retrieved from /home/airflow/.local/lib/python3.9/site-packages/airflow/example_dags/example_branch_datetime_operator.py
[2025-02-04T16:25:31.409+0000] {logging_mixin.py:190} INFO - [2025-02-04T16:25:31.408+0000] {dag.py:3239} INFO - Sync 3 DAGs
[2025-02-04T16:25:31.451+0000] {logging_mixin.py:190} INFO - [2025-02-04T16:25:31.451+0000] {dag.py:4180} INFO - Setting next_dagrun for example_branch_datetime_operator to 2025-02-03 00:00:00+00:00, run_after=2025-02-04 00:00:00+00:00
[2025-02-04T16:25:31.459+0000] {logging_mixin.py:190} INFO - [2025-02-04T16:25:31.458+0000] {dag.py:4180} INFO - Setting next_dagrun for example_branch_datetime_operator_2 to 2025-02-03 00:00:00+00:00, run_after=2025-02-04 00:00:00+00:00
[2025-02-04T16:25:31.464+0000] {logging_mixin.py:190} INFO - [2025-02-04T16:25:31.463+0000] {dag.py:4180} INFO - Setting next_dagrun for example_branch_datetime_operator_3 to 2025-02-03 00:00:00+00:00, run_after=2025-02-04 00:00:00+00:00
[2025-02-04T16:25:31.495+0000] {processor.py:208} INFO - Processing /home/airflow/.local/lib/python3.9/site-packages/airflow/example_dags/example_branch_datetime_operator.py took 0.227 seconds
[2025-02-04T16:26:01.709+0000] {processor.py:186} INFO - Started process (PID=480) to work on /home/airflow/.local/lib/python3.9/site-packages/airflow/example_dags/example_branch_datetime_operator.py
[2025-02-04T16:26:01.710+0000] {processor.py:914} INFO - Processing file /home/airflow/.local/lib/python3.9/site-packages/airflow/example_dags/example_branch_datetime_operator.py for tasks to queue
[2025-02-04T16:26:01.714+0000] {logging_mixin.py:190} INFO - [2025-02-04T16:26:01.714+0000] {dagbag.py:588} INFO - Filling up the DagBag from /home/airflow/.local/lib/python3.9/site-packages/airflow/example_dags/example_branch_datetime_operator.py
[2025-02-04T16:26:01.737+0000] {processor.py:925} INFO - DAG(s) 'example_branch_datetime_operator_3', 'example_branch_datetime_operator_2', 'example_branch_datetime_operator' retrieved from /home/airflow/.local/lib/python3.9/site-packages/airflow/example_dags/example_branch_datetime_operator.py
[2025-02-04T16:26:01.764+0000] {logging_mixin.py:190} INFO - [2025-02-04T16:26:01.764+0000] {dag.py:3239} INFO - Sync 3 DAGs
[2025-02-04T16:26:01.787+0000] {logging_mixin.py:190} INFO - [2025-02-04T16:26:01.787+0000] {dag.py:4180} INFO - Setting next_dagrun for example_branch_datetime_operator to 2025-02-03 00:00:00+00:00, run_after=2025-02-04 00:00:00+00:00
[2025-02-04T16:26:01.792+0000] {logging_mixin.py:190} INFO - [2025-02-04T16:26:01.792+0000] {dag.py:4180} INFO - Setting next_dagrun for example_branch_datetime_operator_2 to 2025-02-03 00:00:00+00:00, run_after=2025-02-04 00:00:00+00:00
[2025-02-04T16:26:01.795+0000] {logging_mixin.py:190} INFO - [2025-02-04T16:26:01.795+0000] {dag.py:4180} INFO - Setting next_dagrun for example_branch_datetime_operator_3 to 2025-02-03 00:00:00+00:00, run_after=2025-02-04 00:00:00+00:00
[2025-02-04T16:26:02.118+0000] {processor.py:208} INFO - Processing /home/airflow/.local/lib/python3.9/site-packages/airflow/example_dags/example_branch_datetime_operator.py took 0.419 seconds
[2025-02-04T16:26:32.847+0000] {processor.py:186} INFO - Started process (PID=544) to work on /home/airflow/.local/lib/python3.9/site-packages/airflow/example_dags/example_branch_datetime_operator.py
[2025-02-04T16:26:32.848+0000] {processor.py:914} INFO - Processing file /home/airflow/.local/lib/python3.9/site-packages/airflow/example_dags/example_branch_datetime_operator.py for tasks to queue
[2025-02-04T16:26:32.851+0000] {logging_mixin.py:190} INFO - [2025-02-04T16:26:32.851+0000] {dagbag.py:588} INFO - Filling up the DagBag from /home/airflow/.local/lib/python3.9/site-packages/airflow/example_dags/example_branch_datetime_operator.py
[2025-02-04T16:26:32.866+0000] {processor.py:925} INFO - DAG(s) 'example_branch_datetime_operator_2', 'example_branch_datetime_operator_3', 'example_branch_datetime_operator' retrieved from /home/airflow/.local/lib/python3.9/site-packages/airflow/example_dags/example_branch_datetime_operator.py
[2025-02-04T16:26:32.900+0000] {logging_mixin.py:190} INFO - [2025-02-04T16:26:32.900+0000] {dag.py:3239} INFO - Sync 3 DAGs
[2025-02-04T16:26:32.927+0000] {logging_mixin.py:190} INFO - [2025-02-04T16:26:32.927+0000] {dag.py:4180} INFO - Setting next_dagrun for example_branch_datetime_operator to 2025-02-03 00:00:00+00:00, run_after=2025-02-04 00:00:00+00:00
[2025-02-04T16:26:32.934+0000] {logging_mixin.py:190} INFO - [2025-02-04T16:26:32.934+0000] {dag.py:4180} INFO - Setting next_dagrun for example_branch_datetime_operator_2 to 2025-02-03 00:00:00+00:00, run_after=2025-02-04 00:00:00+00:00
[2025-02-04T16:26:32.939+0000] {logging_mixin.py:190} INFO - [2025-02-04T16:26:32.939+0000] {dag.py:4180} INFO - Setting next_dagrun for example_branch_datetime_operator_3 to 2025-02-03 00:00:00+00:00, run_after=2025-02-04 00:00:00+00:00
[2025-02-04T16:26:32.966+0000] {processor.py:208} INFO - Processing /home/airflow/.local/lib/python3.9/site-packages/airflow/example_dags/example_branch_datetime_operator.py took 0.126 seconds
[2025-02-04T16:27:03.848+0000] {processor.py:186} INFO - Started process (PID=615) to work on /home/airflow/.local/lib/python3.9/site-packages/airflow/example_dags/example_branch_datetime_operator.py
[2025-02-04T16:27:03.849+0000] {processor.py:914} INFO - Processing file /home/airflow/.local/lib/python3.9/site-packages/airflow/example_dags/example_branch_datetime_operator.py for tasks to queue
[2025-02-04T16:27:03.852+0000] {logging_mixin.py:190} INFO - [2025-02-04T16:27:03.851+0000] {dagbag.py:588} INFO - Filling up the DagBag from /home/airflow/.local/lib/python3.9/site-packages/airflow/example_dags/example_branch_datetime_operator.py
[2025-02-04T16:27:03.864+0000] {processor.py:925} INFO - DAG(s) 'example_branch_datetime_operator_3', 'example_branch_datetime_operator', 'example_branch_datetime_operator_2' retrieved from /home/airflow/.local/lib/python3.9/site-packages/airflow/example_dags/example_branch_datetime_operator.py
[2025-02-04T16:27:03.896+0000] {logging_mixin.py:190} INFO - [2025-02-04T16:27:03.896+0000] {dag.py:3239} INFO - Sync 3 DAGs
[2025-02-04T16:27:03.923+0000] {logging_mixin.py:190} INFO - [2025-02-04T16:27:03.923+0000] {dag.py:4180} INFO - Setting next_dagrun for example_branch_datetime_operator to 2025-02-03 00:00:00+00:00, run_after=2025-02-04 00:00:00+00:00
[2025-02-04T16:27:03.930+0000] {logging_mixin.py:190} INFO - [2025-02-04T16:27:03.929+0000] {dag.py:4180} INFO - Setting next_dagrun for example_branch_datetime_operator_2 to 2025-02-03 00:00:00+00:00, run_after=2025-02-04 00:00:00+00:00
[2025-02-04T16:27:03.933+0000] {logging_mixin.py:190} INFO - [2025-02-04T16:27:03.933+0000] {dag.py:4180} INFO - Setting next_dagrun for example_branch_datetime_operator_3 to 2025-02-03 00:00:00+00:00, run_after=2025-02-04 00:00:00+00:00
[2025-02-04T16:27:03.959+0000] {processor.py:208} INFO - Processing /home/airflow/.local/lib/python3.9/site-packages/airflow/example_dags/example_branch_datetime_operator.py took 0.118 seconds
[2025-02-04T16:27:34.734+0000] {processor.py:186} INFO - Started process (PID=679) to work on /home/airflow/.local/lib/python3.9/site-packages/airflow/example_dags/example_branch_datetime_operator.py
[2025-02-04T16:27:34.736+0000] {processor.py:914} INFO - Processing file /home/airflow/.local/lib/python3.9/site-packages/airflow/example_dags/example_branch_datetime_operator.py for tasks to queue
[2025-02-04T16:27:34.738+0000] {logging_mixin.py:190} INFO - [2025-02-04T16:27:34.738+0000] {dagbag.py:588} INFO - Filling up the DagBag from /home/airflow/.local/lib/python3.9/site-packages/airflow/example_dags/example_branch_datetime_operator.py
[2025-02-04T16:27:34.753+0000] {processor.py:925} INFO - DAG(s) 'example_branch_datetime_operator_2', 'example_branch_datetime_operator', 'example_branch_datetime_operator_3' retrieved from /home/airflow/.local/lib/python3.9/site-packages/airflow/example_dags/example_branch_datetime_operator.py
[2025-02-04T16:27:34.789+0000] {logging_mixin.py:190} INFO - [2025-02-04T16:27:34.788+0000] {dag.py:3239} INFO - Sync 3 DAGs
[2025-02-04T16:27:34.815+0000] {logging_mixin.py:190} INFO - [2025-02-04T16:27:34.815+0000] {dag.py:4180} INFO - Setting next_dagrun for example_branch_datetime_operator to 2025-02-03 00:00:00+00:00, run_after=2025-02-04 00:00:00+00:00
[2025-02-04T16:27:34.823+0000] {logging_mixin.py:190} INFO - [2025-02-04T16:27:34.822+0000] {dag.py:4180} INFO - Setting next_dagrun for example_branch_datetime_operator_2 to 2025-02-03 00:00:00+00:00, run_after=2025-02-04 00:00:00+00:00
[2025-02-04T16:27:34.827+0000] {logging_mixin.py:190} INFO - [2025-02-04T16:27:34.827+0000] {dag.py:4180} INFO - Setting next_dagrun for example_branch_datetime_operator_3 to 2025-02-03 00:00:00+00:00, run_after=2025-02-04 00:00:00+00:00
[2025-02-04T16:27:34.853+0000] {processor.py:208} INFO - Processing /home/airflow/.local/lib/python3.9/site-packages/airflow/example_dags/example_branch_datetime_operator.py took 0.127 seconds
[2025-02-04T16:28:05.724+0000] {processor.py:186} INFO - Started process (PID=743) to work on /home/airflow/.local/lib/python3.9/site-packages/airflow/example_dags/example_branch_datetime_operator.py
[2025-02-04T16:28:05.725+0000] {processor.py:914} INFO - Processing file /home/airflow/.local/lib/python3.9/site-packages/airflow/example_dags/example_branch_datetime_operator.py for tasks to queue
[2025-02-04T16:28:05.728+0000] {logging_mixin.py:190} INFO - [2025-02-04T16:28:05.728+0000] {dagbag.py:588} INFO - Filling up the DagBag from /home/airflow/.local/lib/python3.9/site-packages/airflow/example_dags/example_branch_datetime_operator.py
[2025-02-04T16:28:05.743+0000] {processor.py:925} INFO - DAG(s) 'example_branch_datetime_operator_2', 'example_branch_datetime_operator', 'example_branch_datetime_operator_3' retrieved from /home/airflow/.local/lib/python3.9/site-packages/airflow/example_dags/example_branch_datetime_operator.py
[2025-02-04T16:28:05.777+0000] {logging_mixin.py:190} INFO - [2025-02-04T16:28:05.777+0000] {dag.py:3239} INFO - Sync 3 DAGs
[2025-02-04T16:28:05.804+0000] {logging_mixin.py:190} INFO - [2025-02-04T16:28:05.804+0000] {dag.py:4180} INFO - Setting next_dagrun for example_branch_datetime_operator to 2025-02-03 00:00:00+00:00, run_after=2025-02-04 00:00:00+00:00
[2025-02-04T16:28:05.810+0000] {logging_mixin.py:190} INFO - [2025-02-04T16:28:05.810+0000] {dag.py:4180} INFO - Setting next_dagrun for example_branch_datetime_operator_2 to 2025-02-03 00:00:00+00:00, run_after=2025-02-04 00:00:00+00:00
[2025-02-04T16:28:05.814+0000] {logging_mixin.py:190} INFO - [2025-02-04T16:28:05.814+0000] {dag.py:4180} INFO - Setting next_dagrun for example_branch_datetime_operator_3 to 2025-02-03 00:00:00+00:00, run_after=2025-02-04 00:00:00+00:00
[2025-02-04T16:28:05.838+0000] {processor.py:208} INFO - Processing /home/airflow/.local/lib/python3.9/site-packages/airflow/example_dags/example_branch_datetime_operator.py took 0.126 seconds
[2025-02-04T16:28:36.182+0000] {processor.py:186} INFO - Started process (PID=807) to work on /home/airflow/.local/lib/python3.9/site-packages/airflow/example_dags/example_branch_datetime_operator.py
[2025-02-04T16:28:36.183+0000] {processor.py:914} INFO - Processing file /home/airflow/.local/lib/python3.9/site-packages/airflow/example_dags/example_branch_datetime_operator.py for tasks to queue
[2025-02-04T16:28:36.186+0000] {logging_mixin.py:190} INFO - [2025-02-04T16:28:36.185+0000] {dagbag.py:588} INFO - Filling up the DagBag from /home/airflow/.local/lib/python3.9/site-packages/airflow/example_dags/example_branch_datetime_operator.py
[2025-02-04T16:28:36.198+0000] {processor.py:925} INFO - DAG(s) 'example_branch_datetime_operator', 'example_branch_datetime_operator_3', 'example_branch_datetime_operator_2' retrieved from /home/airflow/.local/lib/python3.9/site-packages/airflow/example_dags/example_branch_datetime_operator.py
[2025-02-04T16:28:36.234+0000] {logging_mixin.py:190} INFO - [2025-02-04T16:28:36.234+0000] {dag.py:3239} INFO - Sync 3 DAGs
[2025-02-04T16:28:36.260+0000] {logging_mixin.py:190} INFO - [2025-02-04T16:28:36.260+0000] {dag.py:4180} INFO - Setting next_dagrun for example_branch_datetime_operator to 2025-02-03 00:00:00+00:00, run_after=2025-02-04 00:00:00+00:00
[2025-02-04T16:28:36.266+0000] {logging_mixin.py:190} INFO - [2025-02-04T16:28:36.266+0000] {dag.py:4180} INFO - Setting next_dagrun for example_branch_datetime_operator_2 to 2025-02-03 00:00:00+00:00, run_after=2025-02-04 00:00:00+00:00
[2025-02-04T16:28:36.270+0000] {logging_mixin.py:190} INFO - [2025-02-04T16:28:36.269+0000] {dag.py:4180} INFO - Setting next_dagrun for example_branch_datetime_operator_3 to 2025-02-03 00:00:00+00:00, run_after=2025-02-04 00:00:00+00:00
[2025-02-04T16:28:36.296+0000] {processor.py:208} INFO - Processing /home/airflow/.local/lib/python3.9/site-packages/airflow/example_dags/example_branch_datetime_operator.py took 0.120 seconds
[2025-02-04T16:29:06.863+0000] {processor.py:186} INFO - Started process (PID=871) to work on /home/airflow/.local/lib/python3.9/site-packages/airflow/example_dags/example_branch_datetime_operator.py
[2025-02-04T16:29:06.864+0000] {processor.py:914} INFO - Processing file /home/airflow/.local/lib/python3.9/site-packages/airflow/example_dags/example_branch_datetime_operator.py for tasks to queue
[2025-02-04T16:29:06.868+0000] {logging_mixin.py:190} INFO - [2025-02-04T16:29:06.867+0000] {dagbag.py:588} INFO - Filling up the DagBag from /home/airflow/.local/lib/python3.9/site-packages/airflow/example_dags/example_branch_datetime_operator.py
[2025-02-04T16:29:06.882+0000] {processor.py:925} INFO - DAG(s) 'example_branch_datetime_operator_3', 'example_branch_datetime_operator', 'example_branch_datetime_operator_2' retrieved from /home/airflow/.local/lib/python3.9/site-packages/airflow/example_dags/example_branch_datetime_operator.py
[2025-02-04T16:29:06.915+0000] {logging_mixin.py:190} INFO - [2025-02-04T16:29:06.915+0000] {dag.py:3239} INFO - Sync 3 DAGs
[2025-02-04T16:29:06.941+0000] {logging_mixin.py:190} INFO - [2025-02-04T16:29:06.941+0000] {dag.py:4180} INFO - Setting next_dagrun for example_branch_datetime_operator to 2025-02-03 00:00:00+00:00, run_after=2025-02-04 00:00:00+00:00
[2025-02-04T16:29:06.947+0000] {logging_mixin.py:190} INFO - [2025-02-04T16:29:06.947+0000] {dag.py:4180} INFO - Setting next_dagrun for example_branch_datetime_operator_2 to 2025-02-03 00:00:00+00:00, run_after=2025-02-04 00:00:00+00:00
[2025-02-04T16:29:06.951+0000] {logging_mixin.py:190} INFO - [2025-02-04T16:29:06.951+0000] {dag.py:4180} INFO - Setting next_dagrun for example_branch_datetime_operator_3 to 2025-02-03 00:00:00+00:00, run_after=2025-02-04 00:00:00+00:00
[2025-02-04T16:29:06.976+0000] {processor.py:208} INFO - Processing /home/airflow/.local/lib/python3.9/site-packages/airflow/example_dags/example_branch_datetime_operator.py took 0.120 seconds
[2025-02-04T16:29:37.095+0000] {processor.py:186} INFO - Started process (PID=934) to work on /home/airflow/.local/lib/python3.9/site-packages/airflow/example_dags/example_branch_datetime_operator.py
[2025-02-04T16:29:37.096+0000] {processor.py:914} INFO - Processing file /home/airflow/.local/lib/python3.9/site-packages/airflow/example_dags/example_branch_datetime_operator.py for tasks to queue
[2025-02-04T16:29:37.099+0000] {logging_mixin.py:190} INFO - [2025-02-04T16:29:37.099+0000] {dagbag.py:588} INFO - Filling up the DagBag from /home/airflow/.local/lib/python3.9/site-packages/airflow/example_dags/example_branch_datetime_operator.py
[2025-02-04T16:29:37.111+0000] {processor.py:925} INFO - DAG(s) 'example_branch_datetime_operator', 'example_branch_datetime_operator_3', 'example_branch_datetime_operator_2' retrieved from /home/airflow/.local/lib/python3.9/site-packages/airflow/example_dags/example_branch_datetime_operator.py
[2025-02-04T16:29:37.142+0000] {logging_mixin.py:190} INFO - [2025-02-04T16:29:37.142+0000] {dag.py:3239} INFO - Sync 3 DAGs
[2025-02-04T16:29:37.166+0000] {logging_mixin.py:190} INFO - [2025-02-04T16:29:37.166+0000] {dag.py:4180} INFO - Setting next_dagrun for example_branch_datetime_operator to 2025-02-03 00:00:00+00:00, run_after=2025-02-04 00:00:00+00:00
[2025-02-04T16:29:37.172+0000] {logging_mixin.py:190} INFO - [2025-02-04T16:29:37.172+0000] {dag.py:4180} INFO - Setting next_dagrun for example_branch_datetime_operator_2 to 2025-02-03 00:00:00+00:00, run_after=2025-02-04 00:00:00+00:00
[2025-02-04T16:29:37.175+0000] {logging_mixin.py:190} INFO - [2025-02-04T16:29:37.175+0000] {dag.py:4180} INFO - Setting next_dagrun for example_branch_datetime_operator_3 to 2025-02-03 00:00:00+00:00, run_after=2025-02-04 00:00:00+00:00
[2025-02-04T16:29:37.201+0000] {processor.py:208} INFO - Processing /home/airflow/.local/lib/python3.9/site-packages/airflow/example_dags/example_branch_datetime_operator.py took 0.113 seconds
[2025-02-04T16:30:07.406+0000] {processor.py:186} INFO - Started process (PID=998) to work on /home/airflow/.local/lib/python3.9/site-packages/airflow/example_dags/example_branch_datetime_operator.py
[2025-02-04T16:30:07.408+0000] {processor.py:914} INFO - Processing file /home/airflow/.local/lib/python3.9/site-packages/airflow/example_dags/example_branch_datetime_operator.py for tasks to queue
[2025-02-04T16:30:07.410+0000] {logging_mixin.py:190} INFO - [2025-02-04T16:30:07.410+0000] {dagbag.py:588} INFO - Filling up the DagBag from /home/airflow/.local/lib/python3.9/site-packages/airflow/example_dags/example_branch_datetime_operator.py
[2025-02-04T16:30:07.425+0000] {processor.py:925} INFO - DAG(s) 'example_branch_datetime_operator_2', 'example_branch_datetime_operator', 'example_branch_datetime_operator_3' retrieved from /home/airflow/.local/lib/python3.9/site-packages/airflow/example_dags/example_branch_datetime_operator.py
[2025-02-04T16:30:07.459+0000] {logging_mixin.py:190} INFO - [2025-02-04T16:30:07.459+0000] {dag.py:3239} INFO - Sync 3 DAGs
[2025-02-04T16:30:07.696+0000] {logging_mixin.py:190} INFO - [2025-02-04T16:30:07.696+0000] {dag.py:4180} INFO - Setting next_dagrun for example_branch_datetime_operator to 2025-02-03 00:00:00+00:00, run_after=2025-02-04 00:00:00+00:00
[2025-02-04T16:30:07.735+0000] {logging_mixin.py:190} INFO - [2025-02-04T16:30:07.735+0000] {dag.py:4180} INFO - Setting next_dagrun for example_branch_datetime_operator_2 to 2025-02-03 00:00:00+00:00, run_after=2025-02-04 00:00:00+00:00
[2025-02-04T16:30:07.740+0000] {logging_mixin.py:190} INFO - [2025-02-04T16:30:07.739+0000] {dag.py:4180} INFO - Setting next_dagrun for example_branch_datetime_operator_3 to 2025-02-03 00:00:00+00:00, run_after=2025-02-04 00:00:00+00:00
[2025-02-04T16:30:07.767+0000] {processor.py:208} INFO - Processing /home/airflow/.local/lib/python3.9/site-packages/airflow/example_dags/example_branch_datetime_operator.py took 0.368 seconds
[2025-02-04T16:30:38.416+0000] {processor.py:186} INFO - Started process (PID=1063) to work on /home/airflow/.local/lib/python3.9/site-packages/airflow/example_dags/example_branch_datetime_operator.py
[2025-02-04T16:30:38.417+0000] {processor.py:914} INFO - Processing file /home/airflow/.local/lib/python3.9/site-packages/airflow/example_dags/example_branch_datetime_operator.py for tasks to queue
[2025-02-04T16:30:38.420+0000] {logging_mixin.py:190} INFO - [2025-02-04T16:30:38.419+0000] {dagbag.py:588} INFO - Filling up the DagBag from /home/airflow/.local/lib/python3.9/site-packages/airflow/example_dags/example_branch_datetime_operator.py
[2025-02-04T16:30:38.432+0000] {processor.py:925} INFO - DAG(s) 'example_branch_datetime_operator_2', 'example_branch_datetime_operator_3', 'example_branch_datetime_operator' retrieved from /home/airflow/.local/lib/python3.9/site-packages/airflow/example_dags/example_branch_datetime_operator.py
[2025-02-04T16:30:38.466+0000] {logging_mixin.py:190} INFO - [2025-02-04T16:30:38.465+0000] {dag.py:3239} INFO - Sync 3 DAGs
[2025-02-04T16:30:38.491+0000] {logging_mixin.py:190} INFO - [2025-02-04T16:30:38.490+0000] {dag.py:4180} INFO - Setting next_dagrun for example_branch_datetime_operator to 2025-02-03 00:00:00+00:00, run_after=2025-02-04 00:00:00+00:00
[2025-02-04T16:30:38.497+0000] {logging_mixin.py:190} INFO - [2025-02-04T16:30:38.497+0000] {dag.py:4180} INFO - Setting next_dagrun for example_branch_datetime_operator_2 to 2025-02-03 00:00:00+00:00, run_after=2025-02-04 00:00:00+00:00
[2025-02-04T16:30:38.501+0000] {logging_mixin.py:190} INFO - [2025-02-04T16:30:38.501+0000] {dag.py:4180} INFO - Setting next_dagrun for example_branch_datetime_operator_3 to 2025-02-03 00:00:00+00:00, run_after=2025-02-04 00:00:00+00:00
[2025-02-04T16:30:38.527+0000] {processor.py:208} INFO - Processing /home/airflow/.local/lib/python3.9/site-packages/airflow/example_dags/example_branch_datetime_operator.py took 0.118 seconds
[2025-02-04T16:31:09.000+0000] {processor.py:186} INFO - Started process (PID=1127) to work on /home/airflow/.local/lib/python3.9/site-packages/airflow/example_dags/example_branch_datetime_operator.py
[2025-02-04T16:31:09.001+0000] {processor.py:914} INFO - Processing file /home/airflow/.local/lib/python3.9/site-packages/airflow/example_dags/example_branch_datetime_operator.py for tasks to queue
[2025-02-04T16:31:09.005+0000] {logging_mixin.py:190} INFO - [2025-02-04T16:31:09.005+0000] {dagbag.py:588} INFO - Filling up the DagBag from /home/airflow/.local/lib/python3.9/site-packages/airflow/example_dags/example_branch_datetime_operator.py
[2025-02-04T16:31:09.025+0000] {processor.py:925} INFO - DAG(s) 'example_branch_datetime_operator_2', 'example_branch_datetime_operator', 'example_branch_datetime_operator_3' retrieved from /home/airflow/.local/lib/python3.9/site-packages/airflow/example_dags/example_branch_datetime_operator.py
[2025-02-04T16:31:09.063+0000] {logging_mixin.py:190} INFO - [2025-02-04T16:31:09.063+0000] {dag.py:3239} INFO - Sync 3 DAGs
[2025-02-04T16:31:09.097+0000] {logging_mixin.py:190} INFO - [2025-02-04T16:31:09.097+0000] {dag.py:4180} INFO - Setting next_dagrun for example_branch_datetime_operator to 2025-02-03 00:00:00+00:00, run_after=2025-02-04 00:00:00+00:00
[2025-02-04T16:31:09.105+0000] {logging_mixin.py:190} INFO - [2025-02-04T16:31:09.105+0000] {dag.py:4180} INFO - Setting next_dagrun for example_branch_datetime_operator_2 to 2025-02-03 00:00:00+00:00, run_after=2025-02-04 00:00:00+00:00
[2025-02-04T16:31:09.110+0000] {logging_mixin.py:190} INFO - [2025-02-04T16:31:09.110+0000] {dag.py:4180} INFO - Setting next_dagrun for example_branch_datetime_operator_3 to 2025-02-03 00:00:00+00:00, run_after=2025-02-04 00:00:00+00:00
[2025-02-04T16:31:09.139+0000] {processor.py:208} INFO - Processing /home/airflow/.local/lib/python3.9/site-packages/airflow/example_dags/example_branch_datetime_operator.py took 0.147 seconds
[2025-02-04T16:31:39.223+0000] {processor.py:186} INFO - Started process (PID=1190) to work on /home/airflow/.local/lib/python3.9/site-packages/airflow/example_dags/example_branch_datetime_operator.py
[2025-02-04T16:31:39.224+0000] {processor.py:914} INFO - Processing file /home/airflow/.local/lib/python3.9/site-packages/airflow/example_dags/example_branch_datetime_operator.py for tasks to queue
[2025-02-04T16:31:39.227+0000] {logging_mixin.py:190} INFO - [2025-02-04T16:31:39.226+0000] {dagbag.py:588} INFO - Filling up the DagBag from /home/airflow/.local/lib/python3.9/site-packages/airflow/example_dags/example_branch_datetime_operator.py
[2025-02-04T16:31:39.238+0000] {processor.py:925} INFO - DAG(s) 'example_branch_datetime_operator_2', 'example_branch_datetime_operator', 'example_branch_datetime_operator_3' retrieved from /home/airflow/.local/lib/python3.9/site-packages/airflow/example_dags/example_branch_datetime_operator.py
[2025-02-04T16:31:39.271+0000] {logging_mixin.py:190} INFO - [2025-02-04T16:31:39.270+0000] {dag.py:3239} INFO - Sync 3 DAGs
[2025-02-04T16:31:39.298+0000] {logging_mixin.py:190} INFO - [2025-02-04T16:31:39.298+0000] {dag.py:4180} INFO - Setting next_dagrun for example_branch_datetime_operator to 2025-02-03 00:00:00+00:00, run_after=2025-02-04 00:00:00+00:00
[2025-02-04T16:31:39.304+0000] {logging_mixin.py:190} INFO - [2025-02-04T16:31:39.303+0000] {dag.py:4180} INFO - Setting next_dagrun for example_branch_datetime_operator_2 to 2025-02-03 00:00:00+00:00, run_after=2025-02-04 00:00:00+00:00
[2025-02-04T16:31:39.308+0000] {logging_mixin.py:190} INFO - [2025-02-04T16:31:39.308+0000] {dag.py:4180} INFO - Setting next_dagrun for example_branch_datetime_operator_3 to 2025-02-03 00:00:00+00:00, run_after=2025-02-04 00:00:00+00:00
[2025-02-04T16:31:39.333+0000] {processor.py:208} INFO - Processing /home/airflow/.local/lib/python3.9/site-packages/airflow/example_dags/example_branch_datetime_operator.py took 0.116 seconds
[2025-02-04T16:32:09.497+0000] {processor.py:186} INFO - Started process (PID=1254) to work on /home/airflow/.local/lib/python3.9/site-packages/airflow/example_dags/example_branch_datetime_operator.py
[2025-02-04T16:32:09.499+0000] {processor.py:914} INFO - Processing file /home/airflow/.local/lib/python3.9/site-packages/airflow/example_dags/example_branch_datetime_operator.py for tasks to queue
[2025-02-04T16:32:09.502+0000] {logging_mixin.py:190} INFO - [2025-02-04T16:32:09.501+0000] {dagbag.py:588} INFO - Filling up the DagBag from /home/airflow/.local/lib/python3.9/site-packages/airflow/example_dags/example_branch_datetime_operator.py
[2025-02-04T16:32:09.514+0000] {processor.py:925} INFO - DAG(s) 'example_branch_datetime_operator', 'example_branch_datetime_operator_2', 'example_branch_datetime_operator_3' retrieved from /home/airflow/.local/lib/python3.9/site-packages/airflow/example_dags/example_branch_datetime_operator.py
[2025-02-04T16:32:09.546+0000] {logging_mixin.py:190} INFO - [2025-02-04T16:32:09.546+0000] {dag.py:3239} INFO - Sync 3 DAGs
[2025-02-04T16:32:09.572+0000] {logging_mixin.py:190} INFO - [2025-02-04T16:32:09.571+0000] {dag.py:4180} INFO - Setting next_dagrun for example_branch_datetime_operator to 2025-02-03 00:00:00+00:00, run_after=2025-02-04 00:00:00+00:00
[2025-02-04T16:32:09.577+0000] {logging_mixin.py:190} INFO - [2025-02-04T16:32:09.577+0000] {dag.py:4180} INFO - Setting next_dagrun for example_branch_datetime_operator_2 to 2025-02-03 00:00:00+00:00, run_after=2025-02-04 00:00:00+00:00
[2025-02-04T16:32:09.581+0000] {logging_mixin.py:190} INFO - [2025-02-04T16:32:09.581+0000] {dag.py:4180} INFO - Setting next_dagrun for example_branch_datetime_operator_3 to 2025-02-03 00:00:00+00:00, run_after=2025-02-04 00:00:00+00:00
[2025-02-04T16:32:09.606+0000] {processor.py:208} INFO - Processing /home/airflow/.local/lib/python3.9/site-packages/airflow/example_dags/example_branch_datetime_operator.py took 0.115 seconds
[2025-02-04T16:32:39.762+0000] {processor.py:186} INFO - Started process (PID=1325) to work on /home/airflow/.local/lib/python3.9/site-packages/airflow/example_dags/example_branch_datetime_operator.py
[2025-02-04T16:32:39.763+0000] {processor.py:914} INFO - Processing file /home/airflow/.local/lib/python3.9/site-packages/airflow/example_dags/example_branch_datetime_operator.py for tasks to queue
[2025-02-04T16:32:39.766+0000] {logging_mixin.py:190} INFO - [2025-02-04T16:32:39.766+0000] {dagbag.py:588} INFO - Filling up the DagBag from /home/airflow/.local/lib/python3.9/site-packages/airflow/example_dags/example_branch_datetime_operator.py
[2025-02-04T16:32:39.778+0000] {processor.py:925} INFO - DAG(s) 'example_branch_datetime_operator_2', 'example_branch_datetime_operator_3', 'example_branch_datetime_operator' retrieved from /home/airflow/.local/lib/python3.9/site-packages/airflow/example_dags/example_branch_datetime_operator.py
[2025-02-04T16:32:39.810+0000] {logging_mixin.py:190} INFO - [2025-02-04T16:32:39.809+0000] {dag.py:3239} INFO - Sync 3 DAGs
[2025-02-04T16:32:39.837+0000] {logging_mixin.py:190} INFO - [2025-02-04T16:32:39.836+0000] {dag.py:4180} INFO - Setting next_dagrun for example_branch_datetime_operator to 2025-02-03 00:00:00+00:00, run_after=2025-02-04 00:00:00+00:00
[2025-02-04T16:32:39.843+0000] {logging_mixin.py:190} INFO - [2025-02-04T16:32:39.843+0000] {dag.py:4180} INFO - Setting next_dagrun for example_branch_datetime_operator_2 to 2025-02-03 00:00:00+00:00, run_after=2025-02-04 00:00:00+00:00
[2025-02-04T16:32:39.846+0000] {logging_mixin.py:190} INFO - [2025-02-04T16:32:39.846+0000] {dag.py:4180} INFO - Setting next_dagrun for example_branch_datetime_operator_3 to 2025-02-03 00:00:00+00:00, run_after=2025-02-04 00:00:00+00:00
[2025-02-04T16:32:39.874+0000] {processor.py:208} INFO - Processing /home/airflow/.local/lib/python3.9/site-packages/airflow/example_dags/example_branch_datetime_operator.py took 0.119 seconds
[2025-02-04T16:33:10.856+0000] {processor.py:186} INFO - Started process (PID=1391) to work on /home/airflow/.local/lib/python3.9/site-packages/airflow/example_dags/example_branch_datetime_operator.py
[2025-02-04T16:33:10.858+0000] {processor.py:914} INFO - Processing file /home/airflow/.local/lib/python3.9/site-packages/airflow/example_dags/example_branch_datetime_operator.py for tasks to queue
[2025-02-04T16:33:10.861+0000] {logging_mixin.py:190} INFO - [2025-02-04T16:33:10.860+0000] {dagbag.py:588} INFO - Filling up the DagBag from /home/airflow/.local/lib/python3.9/site-packages/airflow/example_dags/example_branch_datetime_operator.py
[2025-02-04T16:33:10.874+0000] {processor.py:925} INFO - DAG(s) 'example_branch_datetime_operator_2', 'example_branch_datetime_operator_3', 'example_branch_datetime_operator' retrieved from /home/airflow/.local/lib/python3.9/site-packages/airflow/example_dags/example_branch_datetime_operator.py
[2025-02-04T16:33:10.925+0000] {logging_mixin.py:190} INFO - [2025-02-04T16:33:10.925+0000] {dag.py:3239} INFO - Sync 3 DAGs
[2025-02-04T16:33:10.955+0000] {logging_mixin.py:190} INFO - [2025-02-04T16:33:10.955+0000] {dag.py:4180} INFO - Setting next_dagrun for example_branch_datetime_operator to 2025-02-03 00:00:00+00:00, run_after=2025-02-04 00:00:00+00:00
[2025-02-04T16:33:10.963+0000] {logging_mixin.py:190} INFO - [2025-02-04T16:33:10.962+0000] {dag.py:4180} INFO - Setting next_dagrun for example_branch_datetime_operator_2 to 2025-02-03 00:00:00+00:00, run_after=2025-02-04 00:00:00+00:00
[2025-02-04T16:33:10.966+0000] {logging_mixin.py:190} INFO - [2025-02-04T16:33:10.966+0000] {dag.py:4180} INFO - Setting next_dagrun for example_branch_datetime_operator_3 to 2025-02-03 00:00:00+00:00, run_after=2025-02-04 00:00:00+00:00
[2025-02-04T16:33:10.990+0000] {processor.py:208} INFO - Processing /home/airflow/.local/lib/python3.9/site-packages/airflow/example_dags/example_branch_datetime_operator.py took 0.140 seconds
[2025-02-04T16:33:41.630+0000] {processor.py:186} INFO - Started process (PID=1455) to work on /home/airflow/.local/lib/python3.9/site-packages/airflow/example_dags/example_branch_datetime_operator.py
[2025-02-04T16:33:41.631+0000] {processor.py:914} INFO - Processing file /home/airflow/.local/lib/python3.9/site-packages/airflow/example_dags/example_branch_datetime_operator.py for tasks to queue
[2025-02-04T16:33:41.635+0000] {logging_mixin.py:190} INFO - [2025-02-04T16:33:41.634+0000] {dagbag.py:588} INFO - Filling up the DagBag from /home/airflow/.local/lib/python3.9/site-packages/airflow/example_dags/example_branch_datetime_operator.py
[2025-02-04T16:33:41.647+0000] {processor.py:925} INFO - DAG(s) 'example_branch_datetime_operator', 'example_branch_datetime_operator_3', 'example_branch_datetime_operator_2' retrieved from /home/airflow/.local/lib/python3.9/site-packages/airflow/example_dags/example_branch_datetime_operator.py
[2025-02-04T16:33:41.677+0000] {logging_mixin.py:190} INFO - [2025-02-04T16:33:41.677+0000] {dag.py:3239} INFO - Sync 3 DAGs
[2025-02-04T16:33:41.701+0000] {logging_mixin.py:190} INFO - [2025-02-04T16:33:41.701+0000] {dag.py:4180} INFO - Setting next_dagrun for example_branch_datetime_operator to 2025-02-03 00:00:00+00:00, run_after=2025-02-04 00:00:00+00:00
[2025-02-04T16:33:41.706+0000] {logging_mixin.py:190} INFO - [2025-02-04T16:33:41.706+0000] {dag.py:4180} INFO - Setting next_dagrun for example_branch_datetime_operator_2 to 2025-02-03 00:00:00+00:00, run_after=2025-02-04 00:00:00+00:00
[2025-02-04T16:33:41.710+0000] {logging_mixin.py:190} INFO - [2025-02-04T16:33:41.709+0000] {dag.py:4180} INFO - Setting next_dagrun for example_branch_datetime_operator_3 to 2025-02-03 00:00:00+00:00, run_after=2025-02-04 00:00:00+00:00
[2025-02-04T16:33:41.733+0000] {processor.py:208} INFO - Processing /home/airflow/.local/lib/python3.9/site-packages/airflow/example_dags/example_branch_datetime_operator.py took 0.109 seconds
[2025-02-04T16:34:12.620+0000] {processor.py:186} INFO - Started process (PID=1519) to work on /home/airflow/.local/lib/python3.9/site-packages/airflow/example_dags/example_branch_datetime_operator.py
[2025-02-04T16:34:12.621+0000] {processor.py:914} INFO - Processing file /home/airflow/.local/lib/python3.9/site-packages/airflow/example_dags/example_branch_datetime_operator.py for tasks to queue
[2025-02-04T16:34:12.624+0000] {logging_mixin.py:190} INFO - [2025-02-04T16:34:12.624+0000] {dagbag.py:588} INFO - Filling up the DagBag from /home/airflow/.local/lib/python3.9/site-packages/airflow/example_dags/example_branch_datetime_operator.py
[2025-02-04T16:34:12.639+0000] {processor.py:925} INFO - DAG(s) 'example_branch_datetime_operator', 'example_branch_datetime_operator_2', 'example_branch_datetime_operator_3' retrieved from /home/airflow/.local/lib/python3.9/site-packages/airflow/example_dags/example_branch_datetime_operator.py
[2025-02-04T16:34:12.672+0000] {logging_mixin.py:190} INFO - [2025-02-04T16:34:12.672+0000] {dag.py:3239} INFO - Sync 3 DAGs
[2025-02-04T16:34:12.697+0000] {logging_mixin.py:190} INFO - [2025-02-04T16:34:12.697+0000] {dag.py:4180} INFO - Setting next_dagrun for example_branch_datetime_operator to 2025-02-03 00:00:00+00:00, run_after=2025-02-04 00:00:00+00:00
[2025-02-04T16:34:12.704+0000] {logging_mixin.py:190} INFO - [2025-02-04T16:34:12.703+0000] {dag.py:4180} INFO - Setting next_dagrun for example_branch_datetime_operator_2 to 2025-02-03 00:00:00+00:00, run_after=2025-02-04 00:00:00+00:00
[2025-02-04T16:34:12.707+0000] {logging_mixin.py:190} INFO - [2025-02-04T16:34:12.707+0000] {dag.py:4180} INFO - Setting next_dagrun for example_branch_datetime_operator_3 to 2025-02-03 00:00:00+00:00, run_after=2025-02-04 00:00:00+00:00
[2025-02-04T16:34:12.731+0000] {processor.py:208} INFO - Processing /home/airflow/.local/lib/python3.9/site-packages/airflow/example_dags/example_branch_datetime_operator.py took 0.118 seconds
[2025-02-04T16:34:45.598+0000] {processor.py:186} INFO - Started process (PID=1583) to work on /home/airflow/.local/lib/python3.9/site-packages/airflow/example_dags/example_branch_datetime_operator.py
[2025-02-04T16:34:45.599+0000] {processor.py:914} INFO - Processing file /home/airflow/.local/lib/python3.9/site-packages/airflow/example_dags/example_branch_datetime_operator.py for tasks to queue
[2025-02-04T16:34:45.602+0000] {logging_mixin.py:190} INFO - [2025-02-04T16:34:45.602+0000] {dagbag.py:588} INFO - Filling up the DagBag from /home/airflow/.local/lib/python3.9/site-packages/airflow/example_dags/example_branch_datetime_operator.py
[2025-02-04T16:34:45.619+0000] {processor.py:925} INFO - DAG(s) 'example_branch_datetime_operator_3', 'example_branch_datetime_operator', 'example_branch_datetime_operator_2' retrieved from /home/airflow/.local/lib/python3.9/site-packages/airflow/example_dags/example_branch_datetime_operator.py
[2025-02-04T16:34:46.098+0000] {logging_mixin.py:190} INFO - [2025-02-04T16:34:46.098+0000] {dag.py:3239} INFO - Sync 3 DAGs
[2025-02-04T16:34:46.124+0000] {logging_mixin.py:190} INFO - [2025-02-04T16:34:46.124+0000] {dag.py:4180} INFO - Setting next_dagrun for example_branch_datetime_operator to 2025-02-03 00:00:00+00:00, run_after=2025-02-04 00:00:00+00:00
[2025-02-04T16:34:46.131+0000] {logging_mixin.py:190} INFO - [2025-02-04T16:34:46.130+0000] {dag.py:4180} INFO - Setting next_dagrun for example_branch_datetime_operator_2 to 2025-02-03 00:00:00+00:00, run_after=2025-02-04 00:00:00+00:00
[2025-02-04T16:34:46.134+0000] {logging_mixin.py:190} INFO - [2025-02-04T16:34:46.134+0000] {dag.py:4180} INFO - Setting next_dagrun for example_branch_datetime_operator_3 to 2025-02-03 00:00:00+00:00, run_after=2025-02-04 00:00:00+00:00
[2025-02-04T16:34:46.161+0000] {processor.py:208} INFO - Processing /home/airflow/.local/lib/python3.9/site-packages/airflow/example_dags/example_branch_datetime_operator.py took 0.570 seconds
[2025-02-04T16:35:16.815+0000] {processor.py:186} INFO - Started process (PID=1647) to work on /home/airflow/.local/lib/python3.9/site-packages/airflow/example_dags/example_branch_datetime_operator.py
[2025-02-04T16:35:16.816+0000] {processor.py:914} INFO - Processing file /home/airflow/.local/lib/python3.9/site-packages/airflow/example_dags/example_branch_datetime_operator.py for tasks to queue
[2025-02-04T16:35:16.820+0000] {logging_mixin.py:190} INFO - [2025-02-04T16:35:16.820+0000] {dagbag.py:588} INFO - Filling up the DagBag from /home/airflow/.local/lib/python3.9/site-packages/airflow/example_dags/example_branch_datetime_operator.py
[2025-02-04T16:35:16.839+0000] {processor.py:925} INFO - DAG(s) 'example_branch_datetime_operator_2', 'example_branch_datetime_operator', 'example_branch_datetime_operator_3' retrieved from /home/airflow/.local/lib/python3.9/site-packages/airflow/example_dags/example_branch_datetime_operator.py
[2025-02-04T16:35:16.874+0000] {logging_mixin.py:190} INFO - [2025-02-04T16:35:16.874+0000] {dag.py:3239} INFO - Sync 3 DAGs
[2025-02-04T16:35:16.909+0000] {logging_mixin.py:190} INFO - [2025-02-04T16:35:16.909+0000] {dag.py:4180} INFO - Setting next_dagrun for example_branch_datetime_operator to 2025-02-03 00:00:00+00:00, run_after=2025-02-04 00:00:00+00:00
[2025-02-04T16:35:16.917+0000] {logging_mixin.py:190} INFO - [2025-02-04T16:35:16.916+0000] {dag.py:4180} INFO - Setting next_dagrun for example_branch_datetime_operator_2 to 2025-02-03 00:00:00+00:00, run_after=2025-02-04 00:00:00+00:00
[2025-02-04T16:35:16.920+0000] {logging_mixin.py:190} INFO - [2025-02-04T16:35:16.920+0000] {dag.py:4180} INFO - Setting next_dagrun for example_branch_datetime_operator_3 to 2025-02-03 00:00:00+00:00, run_after=2025-02-04 00:00:00+00:00
[2025-02-04T16:35:16.945+0000] {processor.py:208} INFO - Processing /home/airflow/.local/lib/python3.9/site-packages/airflow/example_dags/example_branch_datetime_operator.py took 0.139 seconds
[2025-02-04T16:35:47.752+0000] {processor.py:186} INFO - Started process (PID=1711) to work on /home/airflow/.local/lib/python3.9/site-packages/airflow/example_dags/example_branch_datetime_operator.py
[2025-02-04T16:35:47.753+0000] {processor.py:914} INFO - Processing file /home/airflow/.local/lib/python3.9/site-packages/airflow/example_dags/example_branch_datetime_operator.py for tasks to queue
[2025-02-04T16:35:47.756+0000] {logging_mixin.py:190} INFO - [2025-02-04T16:35:47.756+0000] {dagbag.py:588} INFO - Filling up the DagBag from /home/airflow/.local/lib/python3.9/site-packages/airflow/example_dags/example_branch_datetime_operator.py
[2025-02-04T16:35:47.768+0000] {processor.py:925} INFO - DAG(s) 'example_branch_datetime_operator_2', 'example_branch_datetime_operator', 'example_branch_datetime_operator_3' retrieved from /home/airflow/.local/lib/python3.9/site-packages/airflow/example_dags/example_branch_datetime_operator.py
[2025-02-04T16:35:47.802+0000] {logging_mixin.py:190} INFO - [2025-02-04T16:35:47.802+0000] {dag.py:3239} INFO - Sync 3 DAGs
[2025-02-04T16:35:47.827+0000] {logging_mixin.py:190} INFO - [2025-02-04T16:35:47.827+0000] {dag.py:4180} INFO - Setting next_dagrun for example_branch_datetime_operator to 2025-02-03 00:00:00+00:00, run_after=2025-02-04 00:00:00+00:00
[2025-02-04T16:35:47.832+0000] {logging_mixin.py:190} INFO - [2025-02-04T16:35:47.832+0000] {dag.py:4180} INFO - Setting next_dagrun for example_branch_datetime_operator_2 to 2025-02-03 00:00:00+00:00, run_after=2025-02-04 00:00:00+00:00
[2025-02-04T16:35:47.836+0000] {logging_mixin.py:190} INFO - [2025-02-04T16:35:47.836+0000] {dag.py:4180} INFO - Setting next_dagrun for example_branch_datetime_operator_3 to 2025-02-03 00:00:00+00:00, run_after=2025-02-04 00:00:00+00:00
[2025-02-04T16:35:47.860+0000] {processor.py:208} INFO - Processing /home/airflow/.local/lib/python3.9/site-packages/airflow/example_dags/example_branch_datetime_operator.py took 0.114 seconds
[2025-02-04T16:36:18.011+0000] {processor.py:186} INFO - Started process (PID=1776) to work on /home/airflow/.local/lib/python3.9/site-packages/airflow/example_dags/example_branch_datetime_operator.py
[2025-02-04T16:36:18.012+0000] {processor.py:914} INFO - Processing file /home/airflow/.local/lib/python3.9/site-packages/airflow/example_dags/example_branch_datetime_operator.py for tasks to queue
[2025-02-04T16:36:18.014+0000] {logging_mixin.py:190} INFO - [2025-02-04T16:36:18.014+0000] {dagbag.py:588} INFO - Filling up the DagBag from /home/airflow/.local/lib/python3.9/site-packages/airflow/example_dags/example_branch_datetime_operator.py
[2025-02-04T16:36:18.027+0000] {processor.py:925} INFO - DAG(s) 'example_branch_datetime_operator', 'example_branch_datetime_operator_2', 'example_branch_datetime_operator_3' retrieved from /home/airflow/.local/lib/python3.9/site-packages/airflow/example_dags/example_branch_datetime_operator.py
[2025-02-04T16:36:18.055+0000] {logging_mixin.py:190} INFO - [2025-02-04T16:36:18.055+0000] {dag.py:3239} INFO - Sync 3 DAGs
[2025-02-04T16:36:18.078+0000] {logging_mixin.py:190} INFO - [2025-02-04T16:36:18.078+0000] {dag.py:4180} INFO - Setting next_dagrun for example_branch_datetime_operator to 2025-02-03 00:00:00+00:00, run_after=2025-02-04 00:00:00+00:00
[2025-02-04T16:36:18.083+0000] {logging_mixin.py:190} INFO - [2025-02-04T16:36:18.083+0000] {dag.py:4180} INFO - Setting next_dagrun for example_branch_datetime_operator_2 to 2025-02-03 00:00:00+00:00, run_after=2025-02-04 00:00:00+00:00
[2025-02-04T16:36:18.087+0000] {logging_mixin.py:190} INFO - [2025-02-04T16:36:18.087+0000] {dag.py:4180} INFO - Setting next_dagrun for example_branch_datetime_operator_3 to 2025-02-03 00:00:00+00:00, run_after=2025-02-04 00:00:00+00:00
[2025-02-04T16:36:18.110+0000] {processor.py:208} INFO - Processing /home/airflow/.local/lib/python3.9/site-packages/airflow/example_dags/example_branch_datetime_operator.py took 0.105 seconds
[2025-02-04T16:36:48.848+0000] {processor.py:186} INFO - Started process (PID=1840) to work on /home/airflow/.local/lib/python3.9/site-packages/airflow/example_dags/example_branch_datetime_operator.py
[2025-02-04T16:36:48.849+0000] {processor.py:914} INFO - Processing file /home/airflow/.local/lib/python3.9/site-packages/airflow/example_dags/example_branch_datetime_operator.py for tasks to queue
[2025-02-04T16:36:48.852+0000] {logging_mixin.py:190} INFO - [2025-02-04T16:36:48.852+0000] {dagbag.py:588} INFO - Filling up the DagBag from /home/airflow/.local/lib/python3.9/site-packages/airflow/example_dags/example_branch_datetime_operator.py
[2025-02-04T16:36:48.865+0000] {processor.py:925} INFO - DAG(s) 'example_branch_datetime_operator_3', 'example_branch_datetime_operator', 'example_branch_datetime_operator_2' retrieved from /home/airflow/.local/lib/python3.9/site-packages/airflow/example_dags/example_branch_datetime_operator.py
[2025-02-04T16:36:48.897+0000] {logging_mixin.py:190} INFO - [2025-02-04T16:36:48.897+0000] {dag.py:3239} INFO - Sync 3 DAGs
[2025-02-04T16:36:48.926+0000] {logging_mixin.py:190} INFO - [2025-02-04T16:36:48.926+0000] {dag.py:4180} INFO - Setting next_dagrun for example_branch_datetime_operator to 2025-02-03 00:00:00+00:00, run_after=2025-02-04 00:00:00+00:00
[2025-02-04T16:36:48.932+0000] {logging_mixin.py:190} INFO - [2025-02-04T16:36:48.931+0000] {dag.py:4180} INFO - Setting next_dagrun for example_branch_datetime_operator_2 to 2025-02-03 00:00:00+00:00, run_after=2025-02-04 00:00:00+00:00
[2025-02-04T16:36:48.935+0000] {logging_mixin.py:190} INFO - [2025-02-04T16:36:48.935+0000] {dag.py:4180} INFO - Setting next_dagrun for example_branch_datetime_operator_3 to 2025-02-03 00:00:00+00:00, run_after=2025-02-04 00:00:00+00:00
[2025-02-04T16:36:48.958+0000] {processor.py:208} INFO - Processing /home/airflow/.local/lib/python3.9/site-packages/airflow/example_dags/example_branch_datetime_operator.py took 0.116 seconds
[2025-02-04T16:39:24.087+0000] {processor.py:186} INFO - Started process (PID=1893) to work on /home/airflow/.local/lib/python3.9/site-packages/airflow/example_dags/example_branch_datetime_operator.py
[2025-02-04T16:39:24.088+0000] {processor.py:914} INFO - Processing file /home/airflow/.local/lib/python3.9/site-packages/airflow/example_dags/example_branch_datetime_operator.py for tasks to queue
[2025-02-04T16:39:24.090+0000] {logging_mixin.py:190} INFO - [2025-02-04T16:39:24.089+0000] {dagbag.py:588} INFO - Filling up the DagBag from /home/airflow/.local/lib/python3.9/site-packages/airflow/example_dags/example_branch_datetime_operator.py
[2025-02-04T16:39:24.104+0000] {processor.py:925} INFO - DAG(s) 'example_branch_datetime_operator_2', 'example_branch_datetime_operator_3', 'example_branch_datetime_operator' retrieved from /home/airflow/.local/lib/python3.9/site-packages/airflow/example_dags/example_branch_datetime_operator.py
[2025-02-04T16:39:24.133+0000] {logging_mixin.py:190} INFO - [2025-02-04T16:39:24.133+0000] {dag.py:3239} INFO - Sync 3 DAGs
[2025-02-04T16:39:24.159+0000] {logging_mixin.py:190} INFO - [2025-02-04T16:39:24.159+0000] {dag.py:4180} INFO - Setting next_dagrun for example_branch_datetime_operator to 2025-02-03 00:00:00+00:00, run_after=2025-02-04 00:00:00+00:00
[2025-02-04T16:39:24.166+0000] {logging_mixin.py:190} INFO - [2025-02-04T16:39:24.165+0000] {dag.py:4180} INFO - Setting next_dagrun for example_branch_datetime_operator_2 to 2025-02-03 00:00:00+00:00, run_after=2025-02-04 00:00:00+00:00
[2025-02-04T16:39:24.169+0000] {logging_mixin.py:190} INFO - [2025-02-04T16:39:24.169+0000] {dag.py:4180} INFO - Setting next_dagrun for example_branch_datetime_operator_3 to 2025-02-03 00:00:00+00:00, run_after=2025-02-04 00:00:00+00:00
[2025-02-04T16:39:24.217+0000] {processor.py:208} INFO - Processing /home/airflow/.local/lib/python3.9/site-packages/airflow/example_dags/example_branch_datetime_operator.py took 0.140 seconds
[2025-02-04T16:39:55.119+0000] {processor.py:186} INFO - Started process (PID=1957) to work on /home/airflow/.local/lib/python3.9/site-packages/airflow/example_dags/example_branch_datetime_operator.py
[2025-02-04T16:39:55.120+0000] {processor.py:914} INFO - Processing file /home/airflow/.local/lib/python3.9/site-packages/airflow/example_dags/example_branch_datetime_operator.py for tasks to queue
[2025-02-04T16:39:55.121+0000] {logging_mixin.py:190} INFO - [2025-02-04T16:39:55.121+0000] {dagbag.py:588} INFO - Filling up the DagBag from /home/airflow/.local/lib/python3.9/site-packages/airflow/example_dags/example_branch_datetime_operator.py
[2025-02-04T16:39:55.132+0000] {processor.py:925} INFO - DAG(s) 'example_branch_datetime_operator_3', 'example_branch_datetime_operator_2', 'example_branch_datetime_operator' retrieved from /home/airflow/.local/lib/python3.9/site-packages/airflow/example_dags/example_branch_datetime_operator.py
[2025-02-04T16:39:55.293+0000] {logging_mixin.py:190} INFO - [2025-02-04T16:39:55.292+0000] {dag.py:3239} INFO - Sync 3 DAGs
[2025-02-04T16:39:55.315+0000] {logging_mixin.py:190} INFO - [2025-02-04T16:39:55.315+0000] {dag.py:4180} INFO - Setting next_dagrun for example_branch_datetime_operator to 2025-02-03 00:00:00+00:00, run_after=2025-02-04 00:00:00+00:00
[2025-02-04T16:39:55.320+0000] {logging_mixin.py:190} INFO - [2025-02-04T16:39:55.320+0000] {dag.py:4180} INFO - Setting next_dagrun for example_branch_datetime_operator_2 to 2025-02-03 00:00:00+00:00, run_after=2025-02-04 00:00:00+00:00
[2025-02-04T16:39:55.323+0000] {logging_mixin.py:190} INFO - [2025-02-04T16:39:55.323+0000] {dag.py:4180} INFO - Setting next_dagrun for example_branch_datetime_operator_3 to 2025-02-03 00:00:00+00:00, run_after=2025-02-04 00:00:00+00:00
[2025-02-04T16:39:55.347+0000] {processor.py:208} INFO - Processing /home/airflow/.local/lib/python3.9/site-packages/airflow/example_dags/example_branch_datetime_operator.py took 0.234 seconds
[2025-02-04T16:40:26.240+0000] {processor.py:186} INFO - Started process (PID=2021) to work on /home/airflow/.local/lib/python3.9/site-packages/airflow/example_dags/example_branch_datetime_operator.py
[2025-02-04T16:40:26.241+0000] {processor.py:914} INFO - Processing file /home/airflow/.local/lib/python3.9/site-packages/airflow/example_dags/example_branch_datetime_operator.py for tasks to queue
[2025-02-04T16:40:26.243+0000] {logging_mixin.py:190} INFO - [2025-02-04T16:40:26.242+0000] {dagbag.py:588} INFO - Filling up the DagBag from /home/airflow/.local/lib/python3.9/site-packages/airflow/example_dags/example_branch_datetime_operator.py
[2025-02-04T16:40:26.255+0000] {processor.py:925} INFO - DAG(s) 'example_branch_datetime_operator', 'example_branch_datetime_operator_3', 'example_branch_datetime_operator_2' retrieved from /home/airflow/.local/lib/python3.9/site-packages/airflow/example_dags/example_branch_datetime_operator.py
[2025-02-04T16:40:26.287+0000] {logging_mixin.py:190} INFO - [2025-02-04T16:40:26.287+0000] {dag.py:3239} INFO - Sync 3 DAGs
[2025-02-04T16:40:26.314+0000] {logging_mixin.py:190} INFO - [2025-02-04T16:40:26.314+0000] {dag.py:4180} INFO - Setting next_dagrun for example_branch_datetime_operator to 2025-02-03 00:00:00+00:00, run_after=2025-02-04 00:00:00+00:00
[2025-02-04T16:40:26.320+0000] {logging_mixin.py:190} INFO - [2025-02-04T16:40:26.320+0000] {dag.py:4180} INFO - Setting next_dagrun for example_branch_datetime_operator_2 to 2025-02-03 00:00:00+00:00, run_after=2025-02-04 00:00:00+00:00
[2025-02-04T16:40:26.324+0000] {logging_mixin.py:190} INFO - [2025-02-04T16:40:26.324+0000] {dag.py:4180} INFO - Setting next_dagrun for example_branch_datetime_operator_3 to 2025-02-03 00:00:00+00:00, run_after=2025-02-04 00:00:00+00:00
[2025-02-04T16:40:26.349+0000] {processor.py:208} INFO - Processing /home/airflow/.local/lib/python3.9/site-packages/airflow/example_dags/example_branch_datetime_operator.py took 0.116 seconds
[2025-02-04T16:40:57.222+0000] {processor.py:186} INFO - Started process (PID=2085) to work on /home/airflow/.local/lib/python3.9/site-packages/airflow/example_dags/example_branch_datetime_operator.py
[2025-02-04T16:40:57.223+0000] {processor.py:914} INFO - Processing file /home/airflow/.local/lib/python3.9/site-packages/airflow/example_dags/example_branch_datetime_operator.py for tasks to queue
[2025-02-04T16:40:57.224+0000] {logging_mixin.py:190} INFO - [2025-02-04T16:40:57.224+0000] {dagbag.py:588} INFO - Filling up the DagBag from /home/airflow/.local/lib/python3.9/site-packages/airflow/example_dags/example_branch_datetime_operator.py
[2025-02-04T16:40:57.236+0000] {processor.py:925} INFO - DAG(s) 'example_branch_datetime_operator', 'example_branch_datetime_operator_3', 'example_branch_datetime_operator_2' retrieved from /home/airflow/.local/lib/python3.9/site-packages/airflow/example_dags/example_branch_datetime_operator.py
[2025-02-04T16:40:57.266+0000] {logging_mixin.py:190} INFO - [2025-02-04T16:40:57.266+0000] {dag.py:3239} INFO - Sync 3 DAGs
[2025-02-04T16:40:57.292+0000] {logging_mixin.py:190} INFO - [2025-02-04T16:40:57.291+0000] {dag.py:4180} INFO - Setting next_dagrun for example_branch_datetime_operator to 2025-02-03 00:00:00+00:00, run_after=2025-02-04 00:00:00+00:00
[2025-02-04T16:40:57.297+0000] {logging_mixin.py:190} INFO - [2025-02-04T16:40:57.297+0000] {dag.py:4180} INFO - Setting next_dagrun for example_branch_datetime_operator_2 to 2025-02-03 00:00:00+00:00, run_after=2025-02-04 00:00:00+00:00
[2025-02-04T16:40:57.300+0000] {logging_mixin.py:190} INFO - [2025-02-04T16:40:57.300+0000] {dag.py:4180} INFO - Setting next_dagrun for example_branch_datetime_operator_3 to 2025-02-03 00:00:00+00:00, run_after=2025-02-04 00:00:00+00:00
[2025-02-04T16:40:57.324+0000] {processor.py:208} INFO - Processing /home/airflow/.local/lib/python3.9/site-packages/airflow/example_dags/example_branch_datetime_operator.py took 0.109 seconds
[2025-02-04T16:41:28.160+0000] {processor.py:186} INFO - Started process (PID=2149) to work on /home/airflow/.local/lib/python3.9/site-packages/airflow/example_dags/example_branch_datetime_operator.py
[2025-02-04T16:41:28.162+0000] {processor.py:914} INFO - Processing file /home/airflow/.local/lib/python3.9/site-packages/airflow/example_dags/example_branch_datetime_operator.py for tasks to queue
[2025-02-04T16:41:28.163+0000] {logging_mixin.py:190} INFO - [2025-02-04T16:41:28.163+0000] {dagbag.py:588} INFO - Filling up the DagBag from /home/airflow/.local/lib/python3.9/site-packages/airflow/example_dags/example_branch_datetime_operator.py
[2025-02-04T16:41:28.176+0000] {processor.py:925} INFO - DAG(s) 'example_branch_datetime_operator_2', 'example_branch_datetime_operator', 'example_branch_datetime_operator_3' retrieved from /home/airflow/.local/lib/python3.9/site-packages/airflow/example_dags/example_branch_datetime_operator.py
[2025-02-04T16:41:28.204+0000] {logging_mixin.py:190} INFO - [2025-02-04T16:41:28.203+0000] {dag.py:3239} INFO - Sync 3 DAGs
[2025-02-04T16:41:28.230+0000] {logging_mixin.py:190} INFO - [2025-02-04T16:41:28.229+0000] {dag.py:4180} INFO - Setting next_dagrun for example_branch_datetime_operator to 2025-02-03 00:00:00+00:00, run_after=2025-02-04 00:00:00+00:00
[2025-02-04T16:41:28.237+0000] {logging_mixin.py:190} INFO - [2025-02-04T16:41:28.237+0000] {dag.py:4180} INFO - Setting next_dagrun for example_branch_datetime_operator_2 to 2025-02-03 00:00:00+00:00, run_after=2025-02-04 00:00:00+00:00
[2025-02-04T16:41:28.241+0000] {logging_mixin.py:190} INFO - [2025-02-04T16:41:28.240+0000] {dag.py:4180} INFO - Setting next_dagrun for example_branch_datetime_operator_3 to 2025-02-03 00:00:00+00:00, run_after=2025-02-04 00:00:00+00:00
[2025-02-04T16:41:28.266+0000] {processor.py:208} INFO - Processing /home/airflow/.local/lib/python3.9/site-packages/airflow/example_dags/example_branch_datetime_operator.py took 0.114 seconds
[2025-02-04T16:41:58.467+0000] {processor.py:186} INFO - Started process (PID=2213) to work on /home/airflow/.local/lib/python3.9/site-packages/airflow/example_dags/example_branch_datetime_operator.py
[2025-02-04T16:41:58.469+0000] {processor.py:914} INFO - Processing file /home/airflow/.local/lib/python3.9/site-packages/airflow/example_dags/example_branch_datetime_operator.py for tasks to queue
[2025-02-04T16:41:58.470+0000] {logging_mixin.py:190} INFO - [2025-02-04T16:41:58.470+0000] {dagbag.py:588} INFO - Filling up the DagBag from /home/airflow/.local/lib/python3.9/site-packages/airflow/example_dags/example_branch_datetime_operator.py
[2025-02-04T16:41:58.482+0000] {processor.py:925} INFO - DAG(s) 'example_branch_datetime_operator_3', 'example_branch_datetime_operator_2', 'example_branch_datetime_operator' retrieved from /home/airflow/.local/lib/python3.9/site-packages/airflow/example_dags/example_branch_datetime_operator.py
[2025-02-04T16:41:58.516+0000] {logging_mixin.py:190} INFO - [2025-02-04T16:41:58.516+0000] {dag.py:3239} INFO - Sync 3 DAGs
[2025-02-04T16:41:58.546+0000] {logging_mixin.py:190} INFO - [2025-02-04T16:41:58.546+0000] {dag.py:4180} INFO - Setting next_dagrun for example_branch_datetime_operator to 2025-02-03 00:00:00+00:00, run_after=2025-02-04 00:00:00+00:00
[2025-02-04T16:41:58.554+0000] {logging_mixin.py:190} INFO - [2025-02-04T16:41:58.554+0000] {dag.py:4180} INFO - Setting next_dagrun for example_branch_datetime_operator_2 to 2025-02-03 00:00:00+00:00, run_after=2025-02-04 00:00:00+00:00
[2025-02-04T16:41:58.558+0000] {logging_mixin.py:190} INFO - [2025-02-04T16:41:58.558+0000] {dag.py:4180} INFO - Setting next_dagrun for example_branch_datetime_operator_3 to 2025-02-03 00:00:00+00:00, run_after=2025-02-04 00:00:00+00:00
[2025-02-04T16:41:58.584+0000] {processor.py:208} INFO - Processing /home/airflow/.local/lib/python3.9/site-packages/airflow/example_dags/example_branch_datetime_operator.py took 0.123 seconds
[2025-02-04T16:42:28.657+0000] {processor.py:186} INFO - Started process (PID=2276) to work on /home/airflow/.local/lib/python3.9/site-packages/airflow/example_dags/example_branch_datetime_operator.py
[2025-02-04T16:42:28.658+0000] {processor.py:914} INFO - Processing file /home/airflow/.local/lib/python3.9/site-packages/airflow/example_dags/example_branch_datetime_operator.py for tasks to queue
[2025-02-04T16:42:28.660+0000] {logging_mixin.py:190} INFO - [2025-02-04T16:42:28.660+0000] {dagbag.py:588} INFO - Filling up the DagBag from /home/airflow/.local/lib/python3.9/site-packages/airflow/example_dags/example_branch_datetime_operator.py
[2025-02-04T16:42:28.675+0000] {processor.py:925} INFO - DAG(s) 'example_branch_datetime_operator_3', 'example_branch_datetime_operator', 'example_branch_datetime_operator_2' retrieved from /home/airflow/.local/lib/python3.9/site-packages/airflow/example_dags/example_branch_datetime_operator.py
[2025-02-04T16:42:28.710+0000] {logging_mixin.py:190} INFO - [2025-02-04T16:42:28.710+0000] {dag.py:3239} INFO - Sync 3 DAGs
[2025-02-04T16:42:28.739+0000] {logging_mixin.py:190} INFO - [2025-02-04T16:42:28.738+0000] {dag.py:4180} INFO - Setting next_dagrun for example_branch_datetime_operator to 2025-02-03 00:00:00+00:00, run_after=2025-02-04 00:00:00+00:00
[2025-02-04T16:42:28.745+0000] {logging_mixin.py:190} INFO - [2025-02-04T16:42:28.745+0000] {dag.py:4180} INFO - Setting next_dagrun for example_branch_datetime_operator_2 to 2025-02-03 00:00:00+00:00, run_after=2025-02-04 00:00:00+00:00
[2025-02-04T16:42:28.748+0000] {logging_mixin.py:190} INFO - [2025-02-04T16:42:28.748+0000] {dag.py:4180} INFO - Setting next_dagrun for example_branch_datetime_operator_3 to 2025-02-03 00:00:00+00:00, run_after=2025-02-04 00:00:00+00:00
[2025-02-04T16:42:28.777+0000] {processor.py:208} INFO - Processing /home/airflow/.local/lib/python3.9/site-packages/airflow/example_dags/example_branch_datetime_operator.py took 0.127 seconds
[2025-02-04T16:42:59.392+0000] {processor.py:186} INFO - Started process (PID=2341) to work on /home/airflow/.local/lib/python3.9/site-packages/airflow/example_dags/example_branch_datetime_operator.py
[2025-02-04T16:42:59.394+0000] {processor.py:914} INFO - Processing file /home/airflow/.local/lib/python3.9/site-packages/airflow/example_dags/example_branch_datetime_operator.py for tasks to queue
[2025-02-04T16:42:59.396+0000] {logging_mixin.py:190} INFO - [2025-02-04T16:42:59.395+0000] {dagbag.py:588} INFO - Filling up the DagBag from /home/airflow/.local/lib/python3.9/site-packages/airflow/example_dags/example_branch_datetime_operator.py
[2025-02-04T16:42:59.409+0000] {processor.py:925} INFO - DAG(s) 'example_branch_datetime_operator', 'example_branch_datetime_operator_2', 'example_branch_datetime_operator_3' retrieved from /home/airflow/.local/lib/python3.9/site-packages/airflow/example_dags/example_branch_datetime_operator.py
[2025-02-04T16:42:59.444+0000] {logging_mixin.py:190} INFO - [2025-02-04T16:42:59.444+0000] {dag.py:3239} INFO - Sync 3 DAGs
[2025-02-04T16:42:59.473+0000] {logging_mixin.py:190} INFO - [2025-02-04T16:42:59.473+0000] {dag.py:4180} INFO - Setting next_dagrun for example_branch_datetime_operator to 2025-02-03 00:00:00+00:00, run_after=2025-02-04 00:00:00+00:00
[2025-02-04T16:42:59.480+0000] {logging_mixin.py:190} INFO - [2025-02-04T16:42:59.479+0000] {dag.py:4180} INFO - Setting next_dagrun for example_branch_datetime_operator_2 to 2025-02-03 00:00:00+00:00, run_after=2025-02-04 00:00:00+00:00
[2025-02-04T16:42:59.484+0000] {logging_mixin.py:190} INFO - [2025-02-04T16:42:59.483+0000] {dag.py:4180} INFO - Setting next_dagrun for example_branch_datetime_operator_3 to 2025-02-03 00:00:00+00:00, run_after=2025-02-04 00:00:00+00:00
[2025-02-04T16:42:59.508+0000] {processor.py:208} INFO - Processing /home/airflow/.local/lib/python3.9/site-packages/airflow/example_dags/example_branch_datetime_operator.py took 0.123 seconds
[2025-02-04T16:43:29.571+0000] {processor.py:186} INFO - Started process (PID=2405) to work on /home/airflow/.local/lib/python3.9/site-packages/airflow/example_dags/example_branch_datetime_operator.py
[2025-02-04T16:43:29.572+0000] {processor.py:914} INFO - Processing file /home/airflow/.local/lib/python3.9/site-packages/airflow/example_dags/example_branch_datetime_operator.py for tasks to queue
[2025-02-04T16:43:29.574+0000] {logging_mixin.py:190} INFO - [2025-02-04T16:43:29.574+0000] {dagbag.py:588} INFO - Filling up the DagBag from /home/airflow/.local/lib/python3.9/site-packages/airflow/example_dags/example_branch_datetime_operator.py
[2025-02-04T16:43:29.587+0000] {processor.py:925} INFO - DAG(s) 'example_branch_datetime_operator', 'example_branch_datetime_operator_3', 'example_branch_datetime_operator_2' retrieved from /home/airflow/.local/lib/python3.9/site-packages/airflow/example_dags/example_branch_datetime_operator.py
[2025-02-04T16:43:29.621+0000] {logging_mixin.py:190} INFO - [2025-02-04T16:43:29.620+0000] {dag.py:3239} INFO - Sync 3 DAGs
[2025-02-04T16:43:29.647+0000] {logging_mixin.py:190} INFO - [2025-02-04T16:43:29.647+0000] {dag.py:4180} INFO - Setting next_dagrun for example_branch_datetime_operator to 2025-02-03 00:00:00+00:00, run_after=2025-02-04 00:00:00+00:00
[2025-02-04T16:43:29.655+0000] {logging_mixin.py:190} INFO - [2025-02-04T16:43:29.654+0000] {dag.py:4180} INFO - Setting next_dagrun for example_branch_datetime_operator_2 to 2025-02-03 00:00:00+00:00, run_after=2025-02-04 00:00:00+00:00
[2025-02-04T16:43:29.658+0000] {logging_mixin.py:190} INFO - [2025-02-04T16:43:29.658+0000] {dag.py:4180} INFO - Setting next_dagrun for example_branch_datetime_operator_3 to 2025-02-03 00:00:00+00:00, run_after=2025-02-04 00:00:00+00:00
[2025-02-04T16:43:29.694+0000] {processor.py:208} INFO - Processing /home/airflow/.local/lib/python3.9/site-packages/airflow/example_dags/example_branch_datetime_operator.py took 0.129 seconds
[2025-02-04T16:44:00.423+0000] {processor.py:186} INFO - Started process (PID=2469) to work on /home/airflow/.local/lib/python3.9/site-packages/airflow/example_dags/example_branch_datetime_operator.py
[2025-02-04T16:44:00.425+0000] {processor.py:914} INFO - Processing file /home/airflow/.local/lib/python3.9/site-packages/airflow/example_dags/example_branch_datetime_operator.py for tasks to queue
[2025-02-04T16:44:00.427+0000] {logging_mixin.py:190} INFO - [2025-02-04T16:44:00.427+0000] {dagbag.py:588} INFO - Filling up the DagBag from /home/airflow/.local/lib/python3.9/site-packages/airflow/example_dags/example_branch_datetime_operator.py
[2025-02-04T16:44:00.441+0000] {processor.py:925} INFO - DAG(s) 'example_branch_datetime_operator_3', 'example_branch_datetime_operator_2', 'example_branch_datetime_operator' retrieved from /home/airflow/.local/lib/python3.9/site-packages/airflow/example_dags/example_branch_datetime_operator.py
[2025-02-04T16:44:00.475+0000] {logging_mixin.py:190} INFO - [2025-02-04T16:44:00.475+0000] {dag.py:3239} INFO - Sync 3 DAGs
[2025-02-04T16:44:00.504+0000] {logging_mixin.py:190} INFO - [2025-02-04T16:44:00.503+0000] {dag.py:4180} INFO - Setting next_dagrun for example_branch_datetime_operator to 2025-02-03 00:00:00+00:00, run_after=2025-02-04 00:00:00+00:00
[2025-02-04T16:44:00.510+0000] {logging_mixin.py:190} INFO - [2025-02-04T16:44:00.510+0000] {dag.py:4180} INFO - Setting next_dagrun for example_branch_datetime_operator_2 to 2025-02-03 00:00:00+00:00, run_after=2025-02-04 00:00:00+00:00
[2025-02-04T16:44:00.514+0000] {logging_mixin.py:190} INFO - [2025-02-04T16:44:00.514+0000] {dag.py:4180} INFO - Setting next_dagrun for example_branch_datetime_operator_3 to 2025-02-03 00:00:00+00:00, run_after=2025-02-04 00:00:00+00:00
[2025-02-04T16:44:00.541+0000] {processor.py:208} INFO - Processing /home/airflow/.local/lib/python3.9/site-packages/airflow/example_dags/example_branch_datetime_operator.py took 0.124 seconds
[2025-02-04T16:44:30.600+0000] {processor.py:186} INFO - Started process (PID=2532) to work on /home/airflow/.local/lib/python3.9/site-packages/airflow/example_dags/example_branch_datetime_operator.py
[2025-02-04T16:44:30.601+0000] {processor.py:914} INFO - Processing file /home/airflow/.local/lib/python3.9/site-packages/airflow/example_dags/example_branch_datetime_operator.py for tasks to queue
[2025-02-04T16:44:30.603+0000] {logging_mixin.py:190} INFO - [2025-02-04T16:44:30.602+0000] {dagbag.py:588} INFO - Filling up the DagBag from /home/airflow/.local/lib/python3.9/site-packages/airflow/example_dags/example_branch_datetime_operator.py
[2025-02-04T16:44:30.616+0000] {processor.py:925} INFO - DAG(s) 'example_branch_datetime_operator', 'example_branch_datetime_operator_3', 'example_branch_datetime_operator_2' retrieved from /home/airflow/.local/lib/python3.9/site-packages/airflow/example_dags/example_branch_datetime_operator.py
[2025-02-04T16:44:30.643+0000] {logging_mixin.py:190} INFO - [2025-02-04T16:44:30.643+0000] {dag.py:3239} INFO - Sync 3 DAGs
[2025-02-04T16:44:30.668+0000] {logging_mixin.py:190} INFO - [2025-02-04T16:44:30.667+0000] {dag.py:4180} INFO - Setting next_dagrun for example_branch_datetime_operator to 2025-02-03 00:00:00+00:00, run_after=2025-02-04 00:00:00+00:00
[2025-02-04T16:44:30.673+0000] {logging_mixin.py:190} INFO - [2025-02-04T16:44:30.673+0000] {dag.py:4180} INFO - Setting next_dagrun for example_branch_datetime_operator_2 to 2025-02-03 00:00:00+00:00, run_after=2025-02-04 00:00:00+00:00
[2025-02-04T16:44:30.676+0000] {logging_mixin.py:190} INFO - [2025-02-04T16:44:30.676+0000] {dag.py:4180} INFO - Setting next_dagrun for example_branch_datetime_operator_3 to 2025-02-03 00:00:00+00:00, run_after=2025-02-04 00:00:00+00:00
[2025-02-04T16:44:30.701+0000] {processor.py:208} INFO - Processing /home/airflow/.local/lib/python3.9/site-packages/airflow/example_dags/example_branch_datetime_operator.py took 0.108 seconds
[2025-02-04T16:45:01.284+0000] {processor.py:186} INFO - Started process (PID=2597) to work on /home/airflow/.local/lib/python3.9/site-packages/airflow/example_dags/example_branch_datetime_operator.py
[2025-02-04T16:45:01.285+0000] {processor.py:914} INFO - Processing file /home/airflow/.local/lib/python3.9/site-packages/airflow/example_dags/example_branch_datetime_operator.py for tasks to queue
[2025-02-04T16:45:01.287+0000] {logging_mixin.py:190} INFO - [2025-02-04T16:45:01.286+0000] {dagbag.py:588} INFO - Filling up the DagBag from /home/airflow/.local/lib/python3.9/site-packages/airflow/example_dags/example_branch_datetime_operator.py
[2025-02-04T16:45:01.300+0000] {processor.py:925} INFO - DAG(s) 'example_branch_datetime_operator_3', 'example_branch_datetime_operator_2', 'example_branch_datetime_operator' retrieved from /home/airflow/.local/lib/python3.9/site-packages/airflow/example_dags/example_branch_datetime_operator.py
[2025-02-04T16:45:01.331+0000] {logging_mixin.py:190} INFO - [2025-02-04T16:45:01.331+0000] {dag.py:3239} INFO - Sync 3 DAGs
[2025-02-04T16:45:01.358+0000] {logging_mixin.py:190} INFO - [2025-02-04T16:45:01.358+0000] {dag.py:4180} INFO - Setting next_dagrun for example_branch_datetime_operator to 2025-02-03 00:00:00+00:00, run_after=2025-02-04 00:00:00+00:00
[2025-02-04T16:45:01.364+0000] {logging_mixin.py:190} INFO - [2025-02-04T16:45:01.363+0000] {dag.py:4180} INFO - Setting next_dagrun for example_branch_datetime_operator_2 to 2025-02-03 00:00:00+00:00, run_after=2025-02-04 00:00:00+00:00
[2025-02-04T16:45:01.367+0000] {logging_mixin.py:190} INFO - [2025-02-04T16:45:01.367+0000] {dag.py:4180} INFO - Setting next_dagrun for example_branch_datetime_operator_3 to 2025-02-03 00:00:00+00:00, run_after=2025-02-04 00:00:00+00:00
[2025-02-04T16:45:01.394+0000] {processor.py:208} INFO - Processing /home/airflow/.local/lib/python3.9/site-packages/airflow/example_dags/example_branch_datetime_operator.py took 0.117 seconds
[2025-02-04T16:45:31.536+0000] {processor.py:186} INFO - Started process (PID=2661) to work on /home/airflow/.local/lib/python3.9/site-packages/airflow/example_dags/example_branch_datetime_operator.py
[2025-02-04T16:45:31.537+0000] {processor.py:914} INFO - Processing file /home/airflow/.local/lib/python3.9/site-packages/airflow/example_dags/example_branch_datetime_operator.py for tasks to queue
[2025-02-04T16:45:31.539+0000] {logging_mixin.py:190} INFO - [2025-02-04T16:45:31.539+0000] {dagbag.py:588} INFO - Filling up the DagBag from /home/airflow/.local/lib/python3.9/site-packages/airflow/example_dags/example_branch_datetime_operator.py
[2025-02-04T16:45:31.557+0000] {processor.py:925} INFO - DAG(s) 'example_branch_datetime_operator_3', 'example_branch_datetime_operator', 'example_branch_datetime_operator_2' retrieved from /home/airflow/.local/lib/python3.9/site-packages/airflow/example_dags/example_branch_datetime_operator.py
[2025-02-04T16:45:31.592+0000] {logging_mixin.py:190} INFO - [2025-02-04T16:45:31.592+0000] {dag.py:3239} INFO - Sync 3 DAGs
[2025-02-04T16:45:31.620+0000] {logging_mixin.py:190} INFO - [2025-02-04T16:45:31.619+0000] {dag.py:4180} INFO - Setting next_dagrun for example_branch_datetime_operator to 2025-02-03 00:00:00+00:00, run_after=2025-02-04 00:00:00+00:00
[2025-02-04T16:45:31.625+0000] {logging_mixin.py:190} INFO - [2025-02-04T16:45:31.625+0000] {dag.py:4180} INFO - Setting next_dagrun for example_branch_datetime_operator_2 to 2025-02-03 00:00:00+00:00, run_after=2025-02-04 00:00:00+00:00
[2025-02-04T16:45:31.629+0000] {logging_mixin.py:190} INFO - [2025-02-04T16:45:31.628+0000] {dag.py:4180} INFO - Setting next_dagrun for example_branch_datetime_operator_3 to 2025-02-03 00:00:00+00:00, run_after=2025-02-04 00:00:00+00:00
[2025-02-04T16:45:31.660+0000] {processor.py:208} INFO - Processing /home/airflow/.local/lib/python3.9/site-packages/airflow/example_dags/example_branch_datetime_operator.py took 0.131 seconds
[2025-02-04T16:46:04.391+0000] {processor.py:186} INFO - Started process (PID=2732) to work on /home/airflow/.local/lib/python3.9/site-packages/airflow/example_dags/example_branch_datetime_operator.py
[2025-02-04T16:46:04.393+0000] {processor.py:914} INFO - Processing file /home/airflow/.local/lib/python3.9/site-packages/airflow/example_dags/example_branch_datetime_operator.py for tasks to queue
[2025-02-04T16:46:04.395+0000] {logging_mixin.py:190} INFO - [2025-02-04T16:46:04.395+0000] {dagbag.py:588} INFO - Filling up the DagBag from /home/airflow/.local/lib/python3.9/site-packages/airflow/example_dags/example_branch_datetime_operator.py
[2025-02-04T16:46:04.409+0000] {processor.py:925} INFO - DAG(s) 'example_branch_datetime_operator_3', 'example_branch_datetime_operator_2', 'example_branch_datetime_operator' retrieved from /home/airflow/.local/lib/python3.9/site-packages/airflow/example_dags/example_branch_datetime_operator.py
[2025-02-04T16:46:04.444+0000] {logging_mixin.py:190} INFO - [2025-02-04T16:46:04.443+0000] {dag.py:3239} INFO - Sync 3 DAGs
[2025-02-04T16:46:04.474+0000] {logging_mixin.py:190} INFO - [2025-02-04T16:46:04.474+0000] {dag.py:4180} INFO - Setting next_dagrun for example_branch_datetime_operator to 2025-02-03 00:00:00+00:00, run_after=2025-02-04 00:00:00+00:00
[2025-02-04T16:46:04.485+0000] {logging_mixin.py:190} INFO - [2025-02-04T16:46:04.485+0000] {dag.py:4180} INFO - Setting next_dagrun for example_branch_datetime_operator_2 to 2025-02-03 00:00:00+00:00, run_after=2025-02-04 00:00:00+00:00
[2025-02-04T16:46:04.490+0000] {logging_mixin.py:190} INFO - [2025-02-04T16:46:04.489+0000] {dag.py:4180} INFO - Setting next_dagrun for example_branch_datetime_operator_3 to 2025-02-03 00:00:00+00:00, run_after=2025-02-04 00:00:00+00:00
[2025-02-04T16:46:04.520+0000] {processor.py:208} INFO - Processing /home/airflow/.local/lib/python3.9/site-packages/airflow/example_dags/example_branch_datetime_operator.py took 0.136 seconds
[2025-02-04T16:46:34.397+0000] {processor.py:186} INFO - Started process (PID=2796) to work on /home/airflow/.local/lib/python3.9/site-packages/airflow/example_dags/example_branch_datetime_operator.py
[2025-02-04T16:46:34.398+0000] {processor.py:914} INFO - Processing file /home/airflow/.local/lib/python3.9/site-packages/airflow/example_dags/example_branch_datetime_operator.py for tasks to queue
[2025-02-04T16:46:34.400+0000] {logging_mixin.py:190} INFO - [2025-02-04T16:46:34.399+0000] {dagbag.py:588} INFO - Filling up the DagBag from /home/airflow/.local/lib/python3.9/site-packages/airflow/example_dags/example_branch_datetime_operator.py
[2025-02-04T16:46:34.413+0000] {processor.py:925} INFO - DAG(s) 'example_branch_datetime_operator', 'example_branch_datetime_operator_3', 'example_branch_datetime_operator_2' retrieved from /home/airflow/.local/lib/python3.9/site-packages/airflow/example_dags/example_branch_datetime_operator.py
[2025-02-04T16:46:34.448+0000] {logging_mixin.py:190} INFO - [2025-02-04T16:46:34.447+0000] {dag.py:3239} INFO - Sync 3 DAGs
[2025-02-04T16:46:34.474+0000] {logging_mixin.py:190} INFO - [2025-02-04T16:46:34.474+0000] {dag.py:4180} INFO - Setting next_dagrun for example_branch_datetime_operator to 2025-02-03 00:00:00+00:00, run_after=2025-02-04 00:00:00+00:00
[2025-02-04T16:46:34.480+0000] {logging_mixin.py:190} INFO - [2025-02-04T16:46:34.480+0000] {dag.py:4180} INFO - Setting next_dagrun for example_branch_datetime_operator_2 to 2025-02-03 00:00:00+00:00, run_after=2025-02-04 00:00:00+00:00
[2025-02-04T16:46:34.484+0000] {logging_mixin.py:190} INFO - [2025-02-04T16:46:34.484+0000] {dag.py:4180} INFO - Setting next_dagrun for example_branch_datetime_operator_3 to 2025-02-03 00:00:00+00:00, run_after=2025-02-04 00:00:00+00:00
[2025-02-04T16:46:34.510+0000] {processor.py:208} INFO - Processing /home/airflow/.local/lib/python3.9/site-packages/airflow/example_dags/example_branch_datetime_operator.py took 0.120 seconds
[2025-02-04T16:47:09.276+0000] {processor.py:186} INFO - Started process (PID=2863) to work on /home/airflow/.local/lib/python3.9/site-packages/airflow/example_dags/example_branch_datetime_operator.py
[2025-02-04T16:47:09.278+0000] {processor.py:914} INFO - Processing file /home/airflow/.local/lib/python3.9/site-packages/airflow/example_dags/example_branch_datetime_operator.py for tasks to queue
[2025-02-04T16:47:09.279+0000] {logging_mixin.py:190} INFO - [2025-02-04T16:47:09.279+0000] {dagbag.py:588} INFO - Filling up the DagBag from /home/airflow/.local/lib/python3.9/site-packages/airflow/example_dags/example_branch_datetime_operator.py
[2025-02-04T16:47:09.291+0000] {processor.py:925} INFO - DAG(s) 'example_branch_datetime_operator_3', 'example_branch_datetime_operator_2', 'example_branch_datetime_operator' retrieved from /home/airflow/.local/lib/python3.9/site-packages/airflow/example_dags/example_branch_datetime_operator.py
[2025-02-04T16:47:09.321+0000] {logging_mixin.py:190} INFO - [2025-02-04T16:47:09.321+0000] {dag.py:3239} INFO - Sync 3 DAGs
[2025-02-04T16:47:09.353+0000] {logging_mixin.py:190} INFO - [2025-02-04T16:47:09.353+0000] {dag.py:4180} INFO - Setting next_dagrun for example_branch_datetime_operator to 2025-02-03 00:00:00+00:00, run_after=2025-02-04 00:00:00+00:00
[2025-02-04T16:47:09.360+0000] {logging_mixin.py:190} INFO - [2025-02-04T16:47:09.360+0000] {dag.py:4180} INFO - Setting next_dagrun for example_branch_datetime_operator_2 to 2025-02-03 00:00:00+00:00, run_after=2025-02-04 00:00:00+00:00
[2025-02-04T16:47:09.364+0000] {logging_mixin.py:190} INFO - [2025-02-04T16:47:09.364+0000] {dag.py:4180} INFO - Setting next_dagrun for example_branch_datetime_operator_3 to 2025-02-03 00:00:00+00:00, run_after=2025-02-04 00:00:00+00:00
[2025-02-04T16:47:09.388+0000] {processor.py:208} INFO - Processing /home/airflow/.local/lib/python3.9/site-packages/airflow/example_dags/example_branch_datetime_operator.py took 0.118 seconds
[2025-02-04T16:47:50.157+0000] {processor.py:186} INFO - Started process (PID=2927) to work on /home/airflow/.local/lib/python3.9/site-packages/airflow/example_dags/example_branch_datetime_operator.py
[2025-02-04T16:47:50.158+0000] {processor.py:914} INFO - Processing file /home/airflow/.local/lib/python3.9/site-packages/airflow/example_dags/example_branch_datetime_operator.py for tasks to queue
[2025-02-04T16:47:50.161+0000] {logging_mixin.py:190} INFO - [2025-02-04T16:47:50.160+0000] {dagbag.py:588} INFO - Filling up the DagBag from /home/airflow/.local/lib/python3.9/site-packages/airflow/example_dags/example_branch_datetime_operator.py
[2025-02-04T16:47:50.176+0000] {processor.py:925} INFO - DAG(s) 'example_branch_datetime_operator', 'example_branch_datetime_operator_2', 'example_branch_datetime_operator_3' retrieved from /home/airflow/.local/lib/python3.9/site-packages/airflow/example_dags/example_branch_datetime_operator.py
[2025-02-04T16:47:50.234+0000] {logging_mixin.py:190} INFO - [2025-02-04T16:47:50.233+0000] {dag.py:3239} INFO - Sync 3 DAGs
[2025-02-04T16:47:50.270+0000] {logging_mixin.py:190} INFO - [2025-02-04T16:47:50.269+0000] {dag.py:4180} INFO - Setting next_dagrun for example_branch_datetime_operator to 2025-02-03 00:00:00+00:00, run_after=2025-02-04 00:00:00+00:00
[2025-02-04T16:47:50.276+0000] {logging_mixin.py:190} INFO - [2025-02-04T16:47:50.276+0000] {dag.py:4180} INFO - Setting next_dagrun for example_branch_datetime_operator_2 to 2025-02-03 00:00:00+00:00, run_after=2025-02-04 00:00:00+00:00
[2025-02-04T16:47:50.280+0000] {logging_mixin.py:190} INFO - [2025-02-04T16:47:50.279+0000] {dag.py:4180} INFO - Setting next_dagrun for example_branch_datetime_operator_3 to 2025-02-03 00:00:00+00:00, run_after=2025-02-04 00:00:00+00:00
[2025-02-04T16:47:50.321+0000] {processor.py:208} INFO - Processing /home/airflow/.local/lib/python3.9/site-packages/airflow/example_dags/example_branch_datetime_operator.py took 0.173 seconds
