[2025-02-04T16:21:52.799+0000] {processor.py:186} INFO - Started process (PID=74) to work on /home/airflow/.local/lib/python3.9/site-packages/airflow/example_dags/example_trigger_controller_dag.py
[2025-02-04T16:21:56.289+0000] {processor.py:914} INFO - Processing file /home/airflow/.local/lib/python3.9/site-packages/airflow/example_dags/example_trigger_controller_dag.py for tasks to queue
[2025-02-04T16:21:57.123+0000] {logging_mixin.py:190} INFO - [2025-02-04T16:21:57.122+0000] {dagbag.py:588} INFO - Filling up the DagBag from /home/airflow/.local/lib/python3.9/site-packages/airflow/example_dags/example_trigger_controller_dag.py
[2025-02-04T16:21:59.155+0000] {processor.py:925} INFO - DAG(s) 'example_trigger_controller_dag' retrieved from /home/airflow/.local/lib/python3.9/site-packages/airflow/example_dags/example_trigger_controller_dag.py
[2025-02-04T16:22:27.295+0000] {logging_mixin.py:190} INFO - [2025-02-04T16:22:27.295+0000] {override.py:1912} INFO - Created Permission View: can delete on DAG:example_trigger_controller_dag
[2025-02-04T16:22:27.311+0000] {logging_mixin.py:190} INFO - [2025-02-04T16:22:27.311+0000] {override.py:1912} INFO - Created Permission View: can edit on DAG:example_trigger_controller_dag
[2025-02-04T16:22:27.974+0000] {logging_mixin.py:190} INFO - [2025-02-04T16:22:27.974+0000] {override.py:1912} INFO - Created Permission View: can read on DAG:example_trigger_controller_dag
[2025-02-04T16:22:28.561+0000] {logging_mixin.py:190} INFO - [2025-02-04T16:22:28.560+0000] {override.py:1912} INFO - Created Permission View: can delete on DAG Run:example_trigger_controller_dag
[2025-02-04T16:22:28.578+0000] {logging_mixin.py:190} INFO - [2025-02-04T16:22:28.577+0000] {override.py:1912} INFO - Created Permission View: menu access on DAG Run:example_trigger_controller_dag
[2025-02-04T16:22:28.591+0000] {logging_mixin.py:190} INFO - [2025-02-04T16:22:28.590+0000] {override.py:1912} INFO - Created Permission View: can read on DAG Run:example_trigger_controller_dag
[2025-02-04T16:22:28.604+0000] {logging_mixin.py:190} INFO - [2025-02-04T16:22:28.603+0000] {override.py:1912} INFO - Created Permission View: can create on DAG Run:example_trigger_controller_dag
[2025-02-04T16:22:28.605+0000] {logging_mixin.py:190} INFO - [2025-02-04T16:22:28.604+0000] {dag.py:3239} INFO - Sync 1 DAGs
[2025-02-04T16:22:28.620+0000] {logging_mixin.py:190} INFO - [2025-02-04T16:22:28.619+0000] {dag.py:3262} INFO - Creating ORM DAG for example_trigger_controller_dag
[2025-02-04T16:22:28.633+0000] {logging_mixin.py:190} INFO - [2025-02-04T16:22:28.633+0000] {dag.py:4180} INFO - Setting next_dagrun for example_trigger_controller_dag to 2021-01-01 00:00:00+00:00, run_after=2021-01-01 00:00:00+00:00
[2025-02-04T16:22:28.657+0000] {processor.py:208} INFO - Processing /home/airflow/.local/lib/python3.9/site-packages/airflow/example_dags/example_trigger_controller_dag.py took 42.101 seconds
[2025-02-04T16:23:27.719+0000] {processor.py:186} INFO - Started process (PID=153) to work on /home/airflow/.local/lib/python3.9/site-packages/airflow/example_dags/example_trigger_controller_dag.py
[2025-02-04T16:23:27.720+0000] {processor.py:914} INFO - Processing file /home/airflow/.local/lib/python3.9/site-packages/airflow/example_dags/example_trigger_controller_dag.py for tasks to queue
[2025-02-04T16:23:27.723+0000] {logging_mixin.py:190} INFO - [2025-02-04T16:23:27.722+0000] {dagbag.py:588} INFO - Filling up the DagBag from /home/airflow/.local/lib/python3.9/site-packages/airflow/example_dags/example_trigger_controller_dag.py
[2025-02-04T16:23:27.729+0000] {processor.py:925} INFO - DAG(s) 'example_trigger_controller_dag' retrieved from /home/airflow/.local/lib/python3.9/site-packages/airflow/example_dags/example_trigger_controller_dag.py
[2025-02-04T16:23:27.752+0000] {logging_mixin.py:190} INFO - [2025-02-04T16:23:27.751+0000] {dag.py:3239} INFO - Sync 1 DAGs
[2025-02-04T16:23:27.774+0000] {logging_mixin.py:190} INFO - [2025-02-04T16:23:27.773+0000] {dag.py:4180} INFO - Setting next_dagrun for example_trigger_controller_dag to 2021-01-01 00:00:00+00:00, run_after=2021-01-01 00:00:00+00:00
[2025-02-04T16:23:27.800+0000] {processor.py:208} INFO - Processing /home/airflow/.local/lib/python3.9/site-packages/airflow/example_dags/example_trigger_controller_dag.py took 0.087 seconds
[2025-02-04T16:23:58.151+0000] {processor.py:186} INFO - Started process (PID=219) to work on /home/airflow/.local/lib/python3.9/site-packages/airflow/example_dags/example_trigger_controller_dag.py
[2025-02-04T16:23:58.152+0000] {processor.py:914} INFO - Processing file /home/airflow/.local/lib/python3.9/site-packages/airflow/example_dags/example_trigger_controller_dag.py for tasks to queue
[2025-02-04T16:23:58.155+0000] {logging_mixin.py:190} INFO - [2025-02-04T16:23:58.155+0000] {dagbag.py:588} INFO - Filling up the DagBag from /home/airflow/.local/lib/python3.9/site-packages/airflow/example_dags/example_trigger_controller_dag.py
[2025-02-04T16:23:58.162+0000] {processor.py:925} INFO - DAG(s) 'example_trigger_controller_dag' retrieved from /home/airflow/.local/lib/python3.9/site-packages/airflow/example_dags/example_trigger_controller_dag.py
[2025-02-04T16:23:58.183+0000] {logging_mixin.py:190} INFO - [2025-02-04T16:23:58.183+0000] {dag.py:3239} INFO - Sync 1 DAGs
[2025-02-04T16:23:58.206+0000] {logging_mixin.py:190} INFO - [2025-02-04T16:23:58.206+0000] {dag.py:4180} INFO - Setting next_dagrun for example_trigger_controller_dag to 2021-01-01 00:00:00+00:00, run_after=2021-01-01 00:00:00+00:00
[2025-02-04T16:23:58.233+0000] {processor.py:208} INFO - Processing /home/airflow/.local/lib/python3.9/site-packages/airflow/example_dags/example_trigger_controller_dag.py took 0.090 seconds
[2025-02-04T16:24:28.501+0000] {processor.py:186} INFO - Started process (PID=282) to work on /home/airflow/.local/lib/python3.9/site-packages/airflow/example_dags/example_trigger_controller_dag.py
[2025-02-04T16:24:28.502+0000] {processor.py:914} INFO - Processing file /home/airflow/.local/lib/python3.9/site-packages/airflow/example_dags/example_trigger_controller_dag.py for tasks to queue
[2025-02-04T16:24:28.505+0000] {logging_mixin.py:190} INFO - [2025-02-04T16:24:28.505+0000] {dagbag.py:588} INFO - Filling up the DagBag from /home/airflow/.local/lib/python3.9/site-packages/airflow/example_dags/example_trigger_controller_dag.py
[2025-02-04T16:24:28.512+0000] {processor.py:925} INFO - DAG(s) 'example_trigger_controller_dag' retrieved from /home/airflow/.local/lib/python3.9/site-packages/airflow/example_dags/example_trigger_controller_dag.py
[2025-02-04T16:24:28.644+0000] {logging_mixin.py:190} INFO - [2025-02-04T16:24:28.644+0000] {dag.py:3239} INFO - Sync 1 DAGs
[2025-02-04T16:24:28.846+0000] {logging_mixin.py:190} INFO - [2025-02-04T16:24:28.846+0000] {dag.py:4180} INFO - Setting next_dagrun for example_trigger_controller_dag to 2021-01-01 00:00:00+00:00, run_after=2021-01-01 00:00:00+00:00
[2025-02-04T16:24:28.876+0000] {processor.py:208} INFO - Processing /home/airflow/.local/lib/python3.9/site-packages/airflow/example_dags/example_trigger_controller_dag.py took 0.382 seconds
[2025-02-04T16:24:59.698+0000] {processor.py:186} INFO - Started process (PID=346) to work on /home/airflow/.local/lib/python3.9/site-packages/airflow/example_dags/example_trigger_controller_dag.py
[2025-02-04T16:24:59.700+0000] {processor.py:914} INFO - Processing file /home/airflow/.local/lib/python3.9/site-packages/airflow/example_dags/example_trigger_controller_dag.py for tasks to queue
[2025-02-04T16:24:59.703+0000] {logging_mixin.py:190} INFO - [2025-02-04T16:24:59.703+0000] {dagbag.py:588} INFO - Filling up the DagBag from /home/airflow/.local/lib/python3.9/site-packages/airflow/example_dags/example_trigger_controller_dag.py
[2025-02-04T16:24:59.710+0000] {processor.py:925} INFO - DAG(s) 'example_trigger_controller_dag' retrieved from /home/airflow/.local/lib/python3.9/site-packages/airflow/example_dags/example_trigger_controller_dag.py
[2025-02-04T16:24:59.733+0000] {logging_mixin.py:190} INFO - [2025-02-04T16:24:59.733+0000] {dag.py:3239} INFO - Sync 1 DAGs
[2025-02-04T16:24:59.757+0000] {logging_mixin.py:190} INFO - [2025-02-04T16:24:59.757+0000] {dag.py:4180} INFO - Setting next_dagrun for example_trigger_controller_dag to 2021-01-01 00:00:00+00:00, run_after=2021-01-01 00:00:00+00:00
[2025-02-04T16:24:59.788+0000] {processor.py:208} INFO - Processing /home/airflow/.local/lib/python3.9/site-packages/airflow/example_dags/example_trigger_controller_dag.py took 0.096 seconds
[2025-02-04T16:25:30.714+0000] {processor.py:186} INFO - Started process (PID=410) to work on /home/airflow/.local/lib/python3.9/site-packages/airflow/example_dags/example_trigger_controller_dag.py
[2025-02-04T16:25:30.802+0000] {processor.py:914} INFO - Processing file /home/airflow/.local/lib/python3.9/site-packages/airflow/example_dags/example_trigger_controller_dag.py for tasks to queue
[2025-02-04T16:25:30.806+0000] {logging_mixin.py:190} INFO - [2025-02-04T16:25:30.805+0000] {dagbag.py:588} INFO - Filling up the DagBag from /home/airflow/.local/lib/python3.9/site-packages/airflow/example_dags/example_trigger_controller_dag.py
[2025-02-04T16:25:30.816+0000] {processor.py:925} INFO - DAG(s) 'example_trigger_controller_dag' retrieved from /home/airflow/.local/lib/python3.9/site-packages/airflow/example_dags/example_trigger_controller_dag.py
[2025-02-04T16:25:30.839+0000] {logging_mixin.py:190} INFO - [2025-02-04T16:25:30.838+0000] {dag.py:3239} INFO - Sync 1 DAGs
[2025-02-04T16:25:30.864+0000] {logging_mixin.py:190} INFO - [2025-02-04T16:25:30.864+0000] {dag.py:4180} INFO - Setting next_dagrun for example_trigger_controller_dag to 2021-01-01 00:00:00+00:00, run_after=2021-01-01 00:00:00+00:00
[2025-02-04T16:25:30.890+0000] {processor.py:208} INFO - Processing /home/airflow/.local/lib/python3.9/site-packages/airflow/example_dags/example_trigger_controller_dag.py took 0.184 seconds
[2025-02-04T16:26:01.181+0000] {processor.py:186} INFO - Started process (PID=474) to work on /home/airflow/.local/lib/python3.9/site-packages/airflow/example_dags/example_trigger_controller_dag.py
[2025-02-04T16:26:01.183+0000] {processor.py:914} INFO - Processing file /home/airflow/.local/lib/python3.9/site-packages/airflow/example_dags/example_trigger_controller_dag.py for tasks to queue
[2025-02-04T16:26:01.186+0000] {logging_mixin.py:190} INFO - [2025-02-04T16:26:01.186+0000] {dagbag.py:588} INFO - Filling up the DagBag from /home/airflow/.local/lib/python3.9/site-packages/airflow/example_dags/example_trigger_controller_dag.py
[2025-02-04T16:26:01.193+0000] {processor.py:925} INFO - DAG(s) 'example_trigger_controller_dag' retrieved from /home/airflow/.local/lib/python3.9/site-packages/airflow/example_dags/example_trigger_controller_dag.py
[2025-02-04T16:26:01.218+0000] {logging_mixin.py:190} INFO - [2025-02-04T16:26:01.218+0000] {dag.py:3239} INFO - Sync 1 DAGs
[2025-02-04T16:26:01.241+0000] {logging_mixin.py:190} INFO - [2025-02-04T16:26:01.241+0000] {dag.py:4180} INFO - Setting next_dagrun for example_trigger_controller_dag to 2021-01-01 00:00:00+00:00, run_after=2021-01-01 00:00:00+00:00
[2025-02-04T16:26:01.267+0000] {processor.py:208} INFO - Processing /home/airflow/.local/lib/python3.9/site-packages/airflow/example_dags/example_trigger_controller_dag.py took 0.092 seconds
[2025-02-04T16:26:31.358+0000] {processor.py:186} INFO - Started process (PID=538) to work on /home/airflow/.local/lib/python3.9/site-packages/airflow/example_dags/example_trigger_controller_dag.py
[2025-02-04T16:26:31.359+0000] {processor.py:914} INFO - Processing file /home/airflow/.local/lib/python3.9/site-packages/airflow/example_dags/example_trigger_controller_dag.py for tasks to queue
[2025-02-04T16:26:31.362+0000] {logging_mixin.py:190} INFO - [2025-02-04T16:26:31.362+0000] {dagbag.py:588} INFO - Filling up the DagBag from /home/airflow/.local/lib/python3.9/site-packages/airflow/example_dags/example_trigger_controller_dag.py
[2025-02-04T16:26:31.370+0000] {processor.py:925} INFO - DAG(s) 'example_trigger_controller_dag' retrieved from /home/airflow/.local/lib/python3.9/site-packages/airflow/example_dags/example_trigger_controller_dag.py
[2025-02-04T16:26:31.395+0000] {logging_mixin.py:190} INFO - [2025-02-04T16:26:31.394+0000] {dag.py:3239} INFO - Sync 1 DAGs
[2025-02-04T16:26:31.421+0000] {logging_mixin.py:190} INFO - [2025-02-04T16:26:31.421+0000] {dag.py:4180} INFO - Setting next_dagrun for example_trigger_controller_dag to 2021-01-01 00:00:00+00:00, run_after=2021-01-01 00:00:00+00:00
[2025-02-04T16:26:31.447+0000] {processor.py:208} INFO - Processing /home/airflow/.local/lib/python3.9/site-packages/airflow/example_dags/example_trigger_controller_dag.py took 0.096 seconds
[2025-02-04T16:27:01.558+0000] {processor.py:186} INFO - Started process (PID=602) to work on /home/airflow/.local/lib/python3.9/site-packages/airflow/example_dags/example_trigger_controller_dag.py
[2025-02-04T16:27:01.559+0000] {processor.py:914} INFO - Processing file /home/airflow/.local/lib/python3.9/site-packages/airflow/example_dags/example_trigger_controller_dag.py for tasks to queue
[2025-02-04T16:27:01.562+0000] {logging_mixin.py:190} INFO - [2025-02-04T16:27:01.562+0000] {dagbag.py:588} INFO - Filling up the DagBag from /home/airflow/.local/lib/python3.9/site-packages/airflow/example_dags/example_trigger_controller_dag.py
[2025-02-04T16:27:01.569+0000] {processor.py:925} INFO - DAG(s) 'example_trigger_controller_dag' retrieved from /home/airflow/.local/lib/python3.9/site-packages/airflow/example_dags/example_trigger_controller_dag.py
[2025-02-04T16:27:01.592+0000] {logging_mixin.py:190} INFO - [2025-02-04T16:27:01.591+0000] {dag.py:3239} INFO - Sync 1 DAGs
[2025-02-04T16:27:01.616+0000] {logging_mixin.py:190} INFO - [2025-02-04T16:27:01.616+0000] {dag.py:4180} INFO - Setting next_dagrun for example_trigger_controller_dag to 2021-01-01 00:00:00+00:00, run_after=2021-01-01 00:00:00+00:00
[2025-02-04T16:27:01.651+0000] {processor.py:208} INFO - Processing /home/airflow/.local/lib/python3.9/site-packages/airflow/example_dags/example_trigger_controller_dag.py took 0.099 seconds
[2025-02-04T16:27:32.445+0000] {processor.py:186} INFO - Started process (PID=673) to work on /home/airflow/.local/lib/python3.9/site-packages/airflow/example_dags/example_trigger_controller_dag.py
[2025-02-04T16:27:32.446+0000] {processor.py:914} INFO - Processing file /home/airflow/.local/lib/python3.9/site-packages/airflow/example_dags/example_trigger_controller_dag.py for tasks to queue
[2025-02-04T16:27:32.449+0000] {logging_mixin.py:190} INFO - [2025-02-04T16:27:32.449+0000] {dagbag.py:588} INFO - Filling up the DagBag from /home/airflow/.local/lib/python3.9/site-packages/airflow/example_dags/example_trigger_controller_dag.py
[2025-02-04T16:27:32.456+0000] {processor.py:925} INFO - DAG(s) 'example_trigger_controller_dag' retrieved from /home/airflow/.local/lib/python3.9/site-packages/airflow/example_dags/example_trigger_controller_dag.py
[2025-02-04T16:27:32.479+0000] {logging_mixin.py:190} INFO - [2025-02-04T16:27:32.478+0000] {dag.py:3239} INFO - Sync 1 DAGs
[2025-02-04T16:27:32.503+0000] {logging_mixin.py:190} INFO - [2025-02-04T16:27:32.503+0000] {dag.py:4180} INFO - Setting next_dagrun for example_trigger_controller_dag to 2021-01-01 00:00:00+00:00, run_after=2021-01-01 00:00:00+00:00
[2025-02-04T16:27:32.532+0000] {processor.py:208} INFO - Processing /home/airflow/.local/lib/python3.9/site-packages/airflow/example_dags/example_trigger_controller_dag.py took 0.093 seconds
[2025-02-04T16:28:03.319+0000] {processor.py:186} INFO - Started process (PID=737) to work on /home/airflow/.local/lib/python3.9/site-packages/airflow/example_dags/example_trigger_controller_dag.py
[2025-02-04T16:28:03.320+0000] {processor.py:914} INFO - Processing file /home/airflow/.local/lib/python3.9/site-packages/airflow/example_dags/example_trigger_controller_dag.py for tasks to queue
[2025-02-04T16:28:03.323+0000] {logging_mixin.py:190} INFO - [2025-02-04T16:28:03.323+0000] {dagbag.py:588} INFO - Filling up the DagBag from /home/airflow/.local/lib/python3.9/site-packages/airflow/example_dags/example_trigger_controller_dag.py
[2025-02-04T16:28:03.335+0000] {processor.py:925} INFO - DAG(s) 'example_trigger_controller_dag' retrieved from /home/airflow/.local/lib/python3.9/site-packages/airflow/example_dags/example_trigger_controller_dag.py
[2025-02-04T16:28:03.362+0000] {logging_mixin.py:190} INFO - [2025-02-04T16:28:03.361+0000] {dag.py:3239} INFO - Sync 1 DAGs
[2025-02-04T16:28:03.385+0000] {logging_mixin.py:190} INFO - [2025-02-04T16:28:03.385+0000] {dag.py:4180} INFO - Setting next_dagrun for example_trigger_controller_dag to 2021-01-01 00:00:00+00:00, run_after=2021-01-01 00:00:00+00:00
[2025-02-04T16:28:03.414+0000] {processor.py:208} INFO - Processing /home/airflow/.local/lib/python3.9/site-packages/airflow/example_dags/example_trigger_controller_dag.py took 0.102 seconds
[2025-02-04T16:28:33.850+0000] {processor.py:186} INFO - Started process (PID=801) to work on /home/airflow/.local/lib/python3.9/site-packages/airflow/example_dags/example_trigger_controller_dag.py
[2025-02-04T16:28:33.852+0000] {processor.py:914} INFO - Processing file /home/airflow/.local/lib/python3.9/site-packages/airflow/example_dags/example_trigger_controller_dag.py for tasks to queue
[2025-02-04T16:28:33.855+0000] {logging_mixin.py:190} INFO - [2025-02-04T16:28:33.855+0000] {dagbag.py:588} INFO - Filling up the DagBag from /home/airflow/.local/lib/python3.9/site-packages/airflow/example_dags/example_trigger_controller_dag.py
[2025-02-04T16:28:33.862+0000] {processor.py:925} INFO - DAG(s) 'example_trigger_controller_dag' retrieved from /home/airflow/.local/lib/python3.9/site-packages/airflow/example_dags/example_trigger_controller_dag.py
[2025-02-04T16:28:33.884+0000] {logging_mixin.py:190} INFO - [2025-02-04T16:28:33.884+0000] {dag.py:3239} INFO - Sync 1 DAGs
[2025-02-04T16:28:33.909+0000] {logging_mixin.py:190} INFO - [2025-02-04T16:28:33.908+0000] {dag.py:4180} INFO - Setting next_dagrun for example_trigger_controller_dag to 2021-01-01 00:00:00+00:00, run_after=2021-01-01 00:00:00+00:00
[2025-02-04T16:28:33.935+0000] {processor.py:208} INFO - Processing /home/airflow/.local/lib/python3.9/site-packages/airflow/example_dags/example_trigger_controller_dag.py took 0.092 seconds
[2025-02-04T16:29:04.336+0000] {processor.py:186} INFO - Started process (PID=865) to work on /home/airflow/.local/lib/python3.9/site-packages/airflow/example_dags/example_trigger_controller_dag.py
[2025-02-04T16:29:04.337+0000] {processor.py:914} INFO - Processing file /home/airflow/.local/lib/python3.9/site-packages/airflow/example_dags/example_trigger_controller_dag.py for tasks to queue
[2025-02-04T16:29:04.340+0000] {logging_mixin.py:190} INFO - [2025-02-04T16:29:04.340+0000] {dagbag.py:588} INFO - Filling up the DagBag from /home/airflow/.local/lib/python3.9/site-packages/airflow/example_dags/example_trigger_controller_dag.py
[2025-02-04T16:29:04.347+0000] {processor.py:925} INFO - DAG(s) 'example_trigger_controller_dag' retrieved from /home/airflow/.local/lib/python3.9/site-packages/airflow/example_dags/example_trigger_controller_dag.py
[2025-02-04T16:29:04.369+0000] {logging_mixin.py:190} INFO - [2025-02-04T16:29:04.369+0000] {dag.py:3239} INFO - Sync 1 DAGs
[2025-02-04T16:29:04.392+0000] {logging_mixin.py:190} INFO - [2025-02-04T16:29:04.392+0000] {dag.py:4180} INFO - Setting next_dagrun for example_trigger_controller_dag to 2021-01-01 00:00:00+00:00, run_after=2021-01-01 00:00:00+00:00
[2025-02-04T16:29:04.420+0000] {processor.py:208} INFO - Processing /home/airflow/.local/lib/python3.9/site-packages/airflow/example_dags/example_trigger_controller_dag.py took 0.090 seconds
[2025-02-04T16:29:34.667+0000] {processor.py:186} INFO - Started process (PID=929) to work on /home/airflow/.local/lib/python3.9/site-packages/airflow/example_dags/example_trigger_controller_dag.py
[2025-02-04T16:29:34.669+0000] {processor.py:914} INFO - Processing file /home/airflow/.local/lib/python3.9/site-packages/airflow/example_dags/example_trigger_controller_dag.py for tasks to queue
[2025-02-04T16:29:34.672+0000] {logging_mixin.py:190} INFO - [2025-02-04T16:29:34.671+0000] {dagbag.py:588} INFO - Filling up the DagBag from /home/airflow/.local/lib/python3.9/site-packages/airflow/example_dags/example_trigger_controller_dag.py
[2025-02-04T16:29:34.679+0000] {processor.py:925} INFO - DAG(s) 'example_trigger_controller_dag' retrieved from /home/airflow/.local/lib/python3.9/site-packages/airflow/example_dags/example_trigger_controller_dag.py
[2025-02-04T16:29:34.703+0000] {logging_mixin.py:190} INFO - [2025-02-04T16:29:34.702+0000] {dag.py:3239} INFO - Sync 1 DAGs
[2025-02-04T16:29:34.729+0000] {logging_mixin.py:190} INFO - [2025-02-04T16:29:34.728+0000] {dag.py:4180} INFO - Setting next_dagrun for example_trigger_controller_dag to 2021-01-01 00:00:00+00:00, run_after=2021-01-01 00:00:00+00:00
[2025-02-04T16:29:34.760+0000] {processor.py:208} INFO - Processing /home/airflow/.local/lib/python3.9/site-packages/airflow/example_dags/example_trigger_controller_dag.py took 0.099 seconds
[2025-02-04T16:30:05.182+0000] {processor.py:186} INFO - Started process (PID=993) to work on /home/airflow/.local/lib/python3.9/site-packages/airflow/example_dags/example_trigger_controller_dag.py
[2025-02-04T16:30:05.183+0000] {processor.py:914} INFO - Processing file /home/airflow/.local/lib/python3.9/site-packages/airflow/example_dags/example_trigger_controller_dag.py for tasks to queue
[2025-02-04T16:30:05.186+0000] {logging_mixin.py:190} INFO - [2025-02-04T16:30:05.186+0000] {dagbag.py:588} INFO - Filling up the DagBag from /home/airflow/.local/lib/python3.9/site-packages/airflow/example_dags/example_trigger_controller_dag.py
[2025-02-04T16:30:05.197+0000] {processor.py:925} INFO - DAG(s) 'example_trigger_controller_dag' retrieved from /home/airflow/.local/lib/python3.9/site-packages/airflow/example_dags/example_trigger_controller_dag.py
[2025-02-04T16:30:05.222+0000] {logging_mixin.py:190} INFO - [2025-02-04T16:30:05.221+0000] {dag.py:3239} INFO - Sync 1 DAGs
[2025-02-04T16:30:05.249+0000] {logging_mixin.py:190} INFO - [2025-02-04T16:30:05.249+0000] {dag.py:4180} INFO - Setting next_dagrun for example_trigger_controller_dag to 2021-01-01 00:00:00+00:00, run_after=2021-01-01 00:00:00+00:00
[2025-02-04T16:30:05.277+0000] {processor.py:208} INFO - Processing /home/airflow/.local/lib/python3.9/site-packages/airflow/example_dags/example_trigger_controller_dag.py took 0.102 seconds
[2025-02-04T16:30:36.127+0000] {processor.py:186} INFO - Started process (PID=1057) to work on /home/airflow/.local/lib/python3.9/site-packages/airflow/example_dags/example_trigger_controller_dag.py
[2025-02-04T16:30:36.128+0000] {processor.py:914} INFO - Processing file /home/airflow/.local/lib/python3.9/site-packages/airflow/example_dags/example_trigger_controller_dag.py for tasks to queue
[2025-02-04T16:30:36.131+0000] {logging_mixin.py:190} INFO - [2025-02-04T16:30:36.131+0000] {dagbag.py:588} INFO - Filling up the DagBag from /home/airflow/.local/lib/python3.9/site-packages/airflow/example_dags/example_trigger_controller_dag.py
[2025-02-04T16:30:36.138+0000] {processor.py:925} INFO - DAG(s) 'example_trigger_controller_dag' retrieved from /home/airflow/.local/lib/python3.9/site-packages/airflow/example_dags/example_trigger_controller_dag.py
[2025-02-04T16:30:36.161+0000] {logging_mixin.py:190} INFO - [2025-02-04T16:30:36.161+0000] {dag.py:3239} INFO - Sync 1 DAGs
[2025-02-04T16:30:36.185+0000] {logging_mixin.py:190} INFO - [2025-02-04T16:30:36.184+0000] {dag.py:4180} INFO - Setting next_dagrun for example_trigger_controller_dag to 2021-01-01 00:00:00+00:00, run_after=2021-01-01 00:00:00+00:00
[2025-02-04T16:30:36.211+0000] {processor.py:208} INFO - Processing /home/airflow/.local/lib/python3.9/site-packages/airflow/example_dags/example_trigger_controller_dag.py took 0.091 seconds
[2025-02-04T16:31:06.681+0000] {processor.py:186} INFO - Started process (PID=1121) to work on /home/airflow/.local/lib/python3.9/site-packages/airflow/example_dags/example_trigger_controller_dag.py
[2025-02-04T16:31:06.683+0000] {processor.py:914} INFO - Processing file /home/airflow/.local/lib/python3.9/site-packages/airflow/example_dags/example_trigger_controller_dag.py for tasks to queue
[2025-02-04T16:31:06.686+0000] {logging_mixin.py:190} INFO - [2025-02-04T16:31:06.685+0000] {dagbag.py:588} INFO - Filling up the DagBag from /home/airflow/.local/lib/python3.9/site-packages/airflow/example_dags/example_trigger_controller_dag.py
[2025-02-04T16:31:06.693+0000] {processor.py:925} INFO - DAG(s) 'example_trigger_controller_dag' retrieved from /home/airflow/.local/lib/python3.9/site-packages/airflow/example_dags/example_trigger_controller_dag.py
[2025-02-04T16:31:06.720+0000] {logging_mixin.py:190} INFO - [2025-02-04T16:31:06.720+0000] {dag.py:3239} INFO - Sync 1 DAGs
[2025-02-04T16:31:06.747+0000] {logging_mixin.py:190} INFO - [2025-02-04T16:31:06.747+0000] {dag.py:4180} INFO - Setting next_dagrun for example_trigger_controller_dag to 2021-01-01 00:00:00+00:00, run_after=2021-01-01 00:00:00+00:00
[2025-02-04T16:31:06.778+0000] {processor.py:208} INFO - Processing /home/airflow/.local/lib/python3.9/site-packages/airflow/example_dags/example_trigger_controller_dag.py took 0.105 seconds
[2025-02-04T16:31:36.840+0000] {processor.py:186} INFO - Started process (PID=1185) to work on /home/airflow/.local/lib/python3.9/site-packages/airflow/example_dags/example_trigger_controller_dag.py
[2025-02-04T16:31:36.842+0000] {processor.py:914} INFO - Processing file /home/airflow/.local/lib/python3.9/site-packages/airflow/example_dags/example_trigger_controller_dag.py for tasks to queue
[2025-02-04T16:31:36.845+0000] {logging_mixin.py:190} INFO - [2025-02-04T16:31:36.844+0000] {dagbag.py:588} INFO - Filling up the DagBag from /home/airflow/.local/lib/python3.9/site-packages/airflow/example_dags/example_trigger_controller_dag.py
[2025-02-04T16:31:36.855+0000] {processor.py:925} INFO - DAG(s) 'example_trigger_controller_dag' retrieved from /home/airflow/.local/lib/python3.9/site-packages/airflow/example_dags/example_trigger_controller_dag.py
[2025-02-04T16:31:36.877+0000] {logging_mixin.py:190} INFO - [2025-02-04T16:31:36.877+0000] {dag.py:3239} INFO - Sync 1 DAGs
[2025-02-04T16:31:36.901+0000] {logging_mixin.py:190} INFO - [2025-02-04T16:31:36.901+0000] {dag.py:4180} INFO - Setting next_dagrun for example_trigger_controller_dag to 2021-01-01 00:00:00+00:00, run_after=2021-01-01 00:00:00+00:00
[2025-02-04T16:31:36.932+0000] {processor.py:208} INFO - Processing /home/airflow/.local/lib/python3.9/site-packages/airflow/example_dags/example_trigger_controller_dag.py took 0.099 seconds
[2025-02-04T16:32:07.271+0000] {processor.py:186} INFO - Started process (PID=1249) to work on /home/airflow/.local/lib/python3.9/site-packages/airflow/example_dags/example_trigger_controller_dag.py
[2025-02-04T16:32:07.273+0000] {processor.py:914} INFO - Processing file /home/airflow/.local/lib/python3.9/site-packages/airflow/example_dags/example_trigger_controller_dag.py for tasks to queue
[2025-02-04T16:32:07.276+0000] {logging_mixin.py:190} INFO - [2025-02-04T16:32:07.275+0000] {dagbag.py:588} INFO - Filling up the DagBag from /home/airflow/.local/lib/python3.9/site-packages/airflow/example_dags/example_trigger_controller_dag.py
[2025-02-04T16:32:07.285+0000] {processor.py:925} INFO - DAG(s) 'example_trigger_controller_dag' retrieved from /home/airflow/.local/lib/python3.9/site-packages/airflow/example_dags/example_trigger_controller_dag.py
[2025-02-04T16:32:07.309+0000] {logging_mixin.py:190} INFO - [2025-02-04T16:32:07.308+0000] {dag.py:3239} INFO - Sync 1 DAGs
[2025-02-04T16:32:07.334+0000] {logging_mixin.py:190} INFO - [2025-02-04T16:32:07.334+0000] {dag.py:4180} INFO - Setting next_dagrun for example_trigger_controller_dag to 2021-01-01 00:00:00+00:00, run_after=2021-01-01 00:00:00+00:00
[2025-02-04T16:32:07.367+0000] {processor.py:208} INFO - Processing /home/airflow/.local/lib/python3.9/site-packages/airflow/example_dags/example_trigger_controller_dag.py took 0.103 seconds
[2025-02-04T16:32:38.231+0000] {processor.py:186} INFO - Started process (PID=1313) to work on /home/airflow/.local/lib/python3.9/site-packages/airflow/example_dags/example_trigger_controller_dag.py
[2025-02-04T16:32:38.233+0000] {processor.py:914} INFO - Processing file /home/airflow/.local/lib/python3.9/site-packages/airflow/example_dags/example_trigger_controller_dag.py for tasks to queue
[2025-02-04T16:32:38.235+0000] {logging_mixin.py:190} INFO - [2025-02-04T16:32:38.235+0000] {dagbag.py:588} INFO - Filling up the DagBag from /home/airflow/.local/lib/python3.9/site-packages/airflow/example_dags/example_trigger_controller_dag.py
[2025-02-04T16:32:38.246+0000] {processor.py:925} INFO - DAG(s) 'example_trigger_controller_dag' retrieved from /home/airflow/.local/lib/python3.9/site-packages/airflow/example_dags/example_trigger_controller_dag.py
[2025-02-04T16:32:38.277+0000] {logging_mixin.py:190} INFO - [2025-02-04T16:32:38.276+0000] {dag.py:3239} INFO - Sync 1 DAGs
[2025-02-04T16:32:38.309+0000] {logging_mixin.py:190} INFO - [2025-02-04T16:32:38.308+0000] {dag.py:4180} INFO - Setting next_dagrun for example_trigger_controller_dag to 2021-01-01 00:00:00+00:00, run_after=2021-01-01 00:00:00+00:00
[2025-02-04T16:32:38.350+0000] {processor.py:208} INFO - Processing /home/airflow/.local/lib/python3.9/site-packages/airflow/example_dags/example_trigger_controller_dag.py took 0.132 seconds
[2025-02-04T16:33:08.424+0000] {processor.py:186} INFO - Started process (PID=1385) to work on /home/airflow/.local/lib/python3.9/site-packages/airflow/example_dags/example_trigger_controller_dag.py
[2025-02-04T16:33:08.426+0000] {processor.py:914} INFO - Processing file /home/airflow/.local/lib/python3.9/site-packages/airflow/example_dags/example_trigger_controller_dag.py for tasks to queue
[2025-02-04T16:33:08.429+0000] {logging_mixin.py:190} INFO - [2025-02-04T16:33:08.429+0000] {dagbag.py:588} INFO - Filling up the DagBag from /home/airflow/.local/lib/python3.9/site-packages/airflow/example_dags/example_trigger_controller_dag.py
[2025-02-04T16:33:08.437+0000] {processor.py:925} INFO - DAG(s) 'example_trigger_controller_dag' retrieved from /home/airflow/.local/lib/python3.9/site-packages/airflow/example_dags/example_trigger_controller_dag.py
[2025-02-04T16:33:08.467+0000] {logging_mixin.py:190} INFO - [2025-02-04T16:33:08.466+0000] {dag.py:3239} INFO - Sync 1 DAGs
[2025-02-04T16:33:08.496+0000] {logging_mixin.py:190} INFO - [2025-02-04T16:33:08.495+0000] {dag.py:4180} INFO - Setting next_dagrun for example_trigger_controller_dag to 2021-01-01 00:00:00+00:00, run_after=2021-01-01 00:00:00+00:00
[2025-02-04T16:33:08.527+0000] {processor.py:208} INFO - Processing /home/airflow/.local/lib/python3.9/site-packages/airflow/example_dags/example_trigger_controller_dag.py took 0.109 seconds
[2025-02-04T16:33:38.886+0000] {processor.py:186} INFO - Started process (PID=1449) to work on /home/airflow/.local/lib/python3.9/site-packages/airflow/example_dags/example_trigger_controller_dag.py
[2025-02-04T16:33:38.888+0000] {processor.py:914} INFO - Processing file /home/airflow/.local/lib/python3.9/site-packages/airflow/example_dags/example_trigger_controller_dag.py for tasks to queue
[2025-02-04T16:33:38.890+0000] {logging_mixin.py:190} INFO - [2025-02-04T16:33:38.890+0000] {dagbag.py:588} INFO - Filling up the DagBag from /home/airflow/.local/lib/python3.9/site-packages/airflow/example_dags/example_trigger_controller_dag.py
[2025-02-04T16:33:38.898+0000] {processor.py:925} INFO - DAG(s) 'example_trigger_controller_dag' retrieved from /home/airflow/.local/lib/python3.9/site-packages/airflow/example_dags/example_trigger_controller_dag.py
[2025-02-04T16:33:38.923+0000] {logging_mixin.py:190} INFO - [2025-02-04T16:33:38.923+0000] {dag.py:3239} INFO - Sync 1 DAGs
[2025-02-04T16:33:38.950+0000] {logging_mixin.py:190} INFO - [2025-02-04T16:33:38.950+0000] {dag.py:4180} INFO - Setting next_dagrun for example_trigger_controller_dag to 2021-01-01 00:00:00+00:00, run_after=2021-01-01 00:00:00+00:00
[2025-02-04T16:33:39.025+0000] {processor.py:208} INFO - Processing /home/airflow/.local/lib/python3.9/site-packages/airflow/example_dags/example_trigger_controller_dag.py took 0.145 seconds
[2025-02-04T16:34:10.024+0000] {processor.py:186} INFO - Started process (PID=1513) to work on /home/airflow/.local/lib/python3.9/site-packages/airflow/example_dags/example_trigger_controller_dag.py
[2025-02-04T16:34:10.025+0000] {processor.py:914} INFO - Processing file /home/airflow/.local/lib/python3.9/site-packages/airflow/example_dags/example_trigger_controller_dag.py for tasks to queue
[2025-02-04T16:34:10.028+0000] {logging_mixin.py:190} INFO - [2025-02-04T16:34:10.028+0000] {dagbag.py:588} INFO - Filling up the DagBag from /home/airflow/.local/lib/python3.9/site-packages/airflow/example_dags/example_trigger_controller_dag.py
[2025-02-04T16:34:10.036+0000] {processor.py:925} INFO - DAG(s) 'example_trigger_controller_dag' retrieved from /home/airflow/.local/lib/python3.9/site-packages/airflow/example_dags/example_trigger_controller_dag.py
[2025-02-04T16:34:10.061+0000] {logging_mixin.py:190} INFO - [2025-02-04T16:34:10.061+0000] {dag.py:3239} INFO - Sync 1 DAGs
[2025-02-04T16:34:10.086+0000] {logging_mixin.py:190} INFO - [2025-02-04T16:34:10.085+0000] {dag.py:4180} INFO - Setting next_dagrun for example_trigger_controller_dag to 2021-01-01 00:00:00+00:00, run_after=2021-01-01 00:00:00+00:00
[2025-02-04T16:34:10.115+0000] {processor.py:208} INFO - Processing /home/airflow/.local/lib/python3.9/site-packages/airflow/example_dags/example_trigger_controller_dag.py took 0.098 seconds
[2025-02-04T16:34:40.803+0000] {processor.py:186} INFO - Started process (PID=1566) to work on /home/airflow/.local/lib/python3.9/site-packages/airflow/example_dags/example_trigger_controller_dag.py
[2025-02-04T16:34:40.805+0000] {processor.py:914} INFO - Processing file /home/airflow/.local/lib/python3.9/site-packages/airflow/example_dags/example_trigger_controller_dag.py for tasks to queue
[2025-02-04T16:34:40.809+0000] {logging_mixin.py:190} INFO - [2025-02-04T16:34:40.808+0000] {dagbag.py:588} INFO - Filling up the DagBag from /home/airflow/.local/lib/python3.9/site-packages/airflow/example_dags/example_trigger_controller_dag.py
[2025-02-04T16:34:40.840+0000] {processor.py:925} INFO - DAG(s) 'example_trigger_controller_dag' retrieved from /home/airflow/.local/lib/python3.9/site-packages/airflow/example_dags/example_trigger_controller_dag.py
[2025-02-04T16:34:40.885+0000] {logging_mixin.py:190} INFO - [2025-02-04T16:34:40.885+0000] {dag.py:3239} INFO - Sync 1 DAGs
[2025-02-04T16:34:40.960+0000] {logging_mixin.py:190} INFO - [2025-02-04T16:34:40.960+0000] {dag.py:4180} INFO - Setting next_dagrun for example_trigger_controller_dag to 2021-01-01 00:00:00+00:00, run_after=2021-01-01 00:00:00+00:00
[2025-02-04T16:34:40.988+0000] {processor.py:208} INFO - Processing /home/airflow/.local/lib/python3.9/site-packages/airflow/example_dags/example_trigger_controller_dag.py took 0.200 seconds
[2025-02-04T16:35:11.837+0000] {processor.py:186} INFO - Started process (PID=1629) to work on /home/airflow/.local/lib/python3.9/site-packages/airflow/example_dags/example_trigger_controller_dag.py
[2025-02-04T16:35:11.838+0000] {processor.py:914} INFO - Processing file /home/airflow/.local/lib/python3.9/site-packages/airflow/example_dags/example_trigger_controller_dag.py for tasks to queue
[2025-02-04T16:35:11.842+0000] {logging_mixin.py:190} INFO - [2025-02-04T16:35:11.841+0000] {dagbag.py:588} INFO - Filling up the DagBag from /home/airflow/.local/lib/python3.9/site-packages/airflow/example_dags/example_trigger_controller_dag.py
[2025-02-04T16:35:11.848+0000] {processor.py:925} INFO - DAG(s) 'example_trigger_controller_dag' retrieved from /home/airflow/.local/lib/python3.9/site-packages/airflow/example_dags/example_trigger_controller_dag.py
[2025-02-04T16:35:11.871+0000] {logging_mixin.py:190} INFO - [2025-02-04T16:35:11.871+0000] {dag.py:3239} INFO - Sync 1 DAGs
[2025-02-04T16:35:11.892+0000] {logging_mixin.py:190} INFO - [2025-02-04T16:35:11.891+0000] {dag.py:4180} INFO - Setting next_dagrun for example_trigger_controller_dag to 2021-01-01 00:00:00+00:00, run_after=2021-01-01 00:00:00+00:00
[2025-02-04T16:35:11.918+0000] {processor.py:208} INFO - Processing /home/airflow/.local/lib/python3.9/site-packages/airflow/example_dags/example_trigger_controller_dag.py took 0.088 seconds
[2025-02-04T16:35:41.986+0000] {processor.py:186} INFO - Started process (PID=1693) to work on /home/airflow/.local/lib/python3.9/site-packages/airflow/example_dags/example_trigger_controller_dag.py
[2025-02-04T16:35:41.988+0000] {processor.py:914} INFO - Processing file /home/airflow/.local/lib/python3.9/site-packages/airflow/example_dags/example_trigger_controller_dag.py for tasks to queue
[2025-02-04T16:35:41.990+0000] {logging_mixin.py:190} INFO - [2025-02-04T16:35:41.990+0000] {dagbag.py:588} INFO - Filling up the DagBag from /home/airflow/.local/lib/python3.9/site-packages/airflow/example_dags/example_trigger_controller_dag.py
[2025-02-04T16:35:41.997+0000] {processor.py:925} INFO - DAG(s) 'example_trigger_controller_dag' retrieved from /home/airflow/.local/lib/python3.9/site-packages/airflow/example_dags/example_trigger_controller_dag.py
[2025-02-04T16:35:42.018+0000] {logging_mixin.py:190} INFO - [2025-02-04T16:35:42.018+0000] {dag.py:3239} INFO - Sync 1 DAGs
[2025-02-04T16:35:42.039+0000] {logging_mixin.py:190} INFO - [2025-02-04T16:35:42.039+0000] {dag.py:4180} INFO - Setting next_dagrun for example_trigger_controller_dag to 2021-01-01 00:00:00+00:00, run_after=2021-01-01 00:00:00+00:00
[2025-02-04T16:35:42.066+0000] {processor.py:208} INFO - Processing /home/airflow/.local/lib/python3.9/site-packages/airflow/example_dags/example_trigger_controller_dag.py took 0.086 seconds
[2025-02-04T16:36:12.478+0000] {processor.py:186} INFO - Started process (PID=1757) to work on /home/airflow/.local/lib/python3.9/site-packages/airflow/example_dags/example_trigger_controller_dag.py
[2025-02-04T16:36:12.930+0000] {processor.py:914} INFO - Processing file /home/airflow/.local/lib/python3.9/site-packages/airflow/example_dags/example_trigger_controller_dag.py for tasks to queue
[2025-02-04T16:36:12.937+0000] {logging_mixin.py:190} INFO - [2025-02-04T16:36:12.936+0000] {dagbag.py:588} INFO - Filling up the DagBag from /home/airflow/.local/lib/python3.9/site-packages/airflow/example_dags/example_trigger_controller_dag.py
[2025-02-04T16:36:12.948+0000] {processor.py:925} INFO - DAG(s) 'example_trigger_controller_dag' retrieved from /home/airflow/.local/lib/python3.9/site-packages/airflow/example_dags/example_trigger_controller_dag.py
[2025-02-04T16:36:12.970+0000] {logging_mixin.py:190} INFO - [2025-02-04T16:36:12.970+0000] {dag.py:3239} INFO - Sync 1 DAGs
[2025-02-04T16:36:12.994+0000] {logging_mixin.py:190} INFO - [2025-02-04T16:36:12.994+0000] {dag.py:4180} INFO - Setting next_dagrun for example_trigger_controller_dag to 2021-01-01 00:00:00+00:00, run_after=2021-01-01 00:00:00+00:00
[2025-02-04T16:36:13.022+0000] {processor.py:208} INFO - Processing /home/airflow/.local/lib/python3.9/site-packages/airflow/example_dags/example_trigger_controller_dag.py took 0.551 seconds
[2025-02-04T16:36:43.821+0000] {processor.py:186} INFO - Started process (PID=1821) to work on /home/airflow/.local/lib/python3.9/site-packages/airflow/example_dags/example_trigger_controller_dag.py
[2025-02-04T16:36:43.822+0000] {processor.py:914} INFO - Processing file /home/airflow/.local/lib/python3.9/site-packages/airflow/example_dags/example_trigger_controller_dag.py for tasks to queue
[2025-02-04T16:36:43.825+0000] {logging_mixin.py:190} INFO - [2025-02-04T16:36:43.825+0000] {dagbag.py:588} INFO - Filling up the DagBag from /home/airflow/.local/lib/python3.9/site-packages/airflow/example_dags/example_trigger_controller_dag.py
[2025-02-04T16:36:43.834+0000] {processor.py:925} INFO - DAG(s) 'example_trigger_controller_dag' retrieved from /home/airflow/.local/lib/python3.9/site-packages/airflow/example_dags/example_trigger_controller_dag.py
[2025-02-04T16:36:43.870+0000] {logging_mixin.py:190} INFO - [2025-02-04T16:36:43.870+0000] {dag.py:3239} INFO - Sync 1 DAGs
[2025-02-04T16:36:43.897+0000] {logging_mixin.py:190} INFO - [2025-02-04T16:36:43.897+0000] {dag.py:4180} INFO - Setting next_dagrun for example_trigger_controller_dag to 2021-01-01 00:00:00+00:00, run_after=2021-01-01 00:00:00+00:00
[2025-02-04T16:36:43.927+0000] {processor.py:208} INFO - Processing /home/airflow/.local/lib/python3.9/site-packages/airflow/example_dags/example_trigger_controller_dag.py took 0.114 seconds
[2025-02-04T16:38:20.544+0000] {processor.py:186} INFO - Started process (PID=1884) to work on /home/airflow/.local/lib/python3.9/site-packages/airflow/example_dags/example_trigger_controller_dag.py
[2025-02-04T16:38:20.545+0000] {processor.py:914} INFO - Processing file /home/airflow/.local/lib/python3.9/site-packages/airflow/example_dags/example_trigger_controller_dag.py for tasks to queue
[2025-02-04T16:38:20.548+0000] {logging_mixin.py:190} INFO - [2025-02-04T16:38:20.548+0000] {dagbag.py:588} INFO - Filling up the DagBag from /home/airflow/.local/lib/python3.9/site-packages/airflow/example_dags/example_trigger_controller_dag.py
[2025-02-04T16:38:20.555+0000] {processor.py:925} INFO - DAG(s) 'example_trigger_controller_dag' retrieved from /home/airflow/.local/lib/python3.9/site-packages/airflow/example_dags/example_trigger_controller_dag.py
[2025-02-04T16:38:20.618+0000] {logging_mixin.py:190} INFO - [2025-02-04T16:38:20.617+0000] {dag.py:3239} INFO - Sync 1 DAGs
[2025-02-04T16:38:20.664+0000] {logging_mixin.py:190} INFO - [2025-02-04T16:38:20.664+0000] {dag.py:4180} INFO - Setting next_dagrun for example_trigger_controller_dag to 2021-01-01 00:00:00+00:00, run_after=2021-01-01 00:00:00+00:00
[2025-02-04T16:39:23.353+0000] {processor.py:208} INFO - Processing /home/airflow/.local/lib/python3.9/site-packages/airflow/example_dags/example_trigger_controller_dag.py took 0.606 seconds
[2025-02-04T16:39:53.443+0000] {processor.py:186} INFO - Started process (PID=1948) to work on /home/airflow/.local/lib/python3.9/site-packages/airflow/example_dags/example_trigger_controller_dag.py
[2025-02-04T16:39:53.444+0000] {processor.py:914} INFO - Processing file /home/airflow/.local/lib/python3.9/site-packages/airflow/example_dags/example_trigger_controller_dag.py for tasks to queue
[2025-02-04T16:39:53.446+0000] {logging_mixin.py:190} INFO - [2025-02-04T16:39:53.446+0000] {dagbag.py:588} INFO - Filling up the DagBag from /home/airflow/.local/lib/python3.9/site-packages/airflow/example_dags/example_trigger_controller_dag.py
[2025-02-04T16:39:53.454+0000] {processor.py:925} INFO - DAG(s) 'example_trigger_controller_dag' retrieved from /home/airflow/.local/lib/python3.9/site-packages/airflow/example_dags/example_trigger_controller_dag.py
[2025-02-04T16:39:53.568+0000] {logging_mixin.py:190} INFO - [2025-02-04T16:39:53.568+0000] {dag.py:3239} INFO - Sync 1 DAGs
[2025-02-04T16:39:53.593+0000] {logging_mixin.py:190} INFO - [2025-02-04T16:39:53.593+0000] {dag.py:4180} INFO - Setting next_dagrun for example_trigger_controller_dag to 2021-01-01 00:00:00+00:00, run_after=2021-01-01 00:00:00+00:00
[2025-02-04T16:39:53.618+0000] {processor.py:208} INFO - Processing /home/airflow/.local/lib/python3.9/site-packages/airflow/example_dags/example_trigger_controller_dag.py took 0.184 seconds
[2025-02-04T16:40:24.667+0000] {processor.py:186} INFO - Started process (PID=2012) to work on /home/airflow/.local/lib/python3.9/site-packages/airflow/example_dags/example_trigger_controller_dag.py
[2025-02-04T16:40:24.668+0000] {processor.py:914} INFO - Processing file /home/airflow/.local/lib/python3.9/site-packages/airflow/example_dags/example_trigger_controller_dag.py for tasks to queue
[2025-02-04T16:40:24.670+0000] {logging_mixin.py:190} INFO - [2025-02-04T16:40:24.669+0000] {dagbag.py:588} INFO - Filling up the DagBag from /home/airflow/.local/lib/python3.9/site-packages/airflow/example_dags/example_trigger_controller_dag.py
[2025-02-04T16:40:24.677+0000] {processor.py:925} INFO - DAG(s) 'example_trigger_controller_dag' retrieved from /home/airflow/.local/lib/python3.9/site-packages/airflow/example_dags/example_trigger_controller_dag.py
[2025-02-04T16:40:24.700+0000] {logging_mixin.py:190} INFO - [2025-02-04T16:40:24.700+0000] {dag.py:3239} INFO - Sync 1 DAGs
[2025-02-04T16:40:24.725+0000] {logging_mixin.py:190} INFO - [2025-02-04T16:40:24.725+0000] {dag.py:4180} INFO - Setting next_dagrun for example_trigger_controller_dag to 2021-01-01 00:00:00+00:00, run_after=2021-01-01 00:00:00+00:00
[2025-02-04T16:40:24.751+0000] {processor.py:208} INFO - Processing /home/airflow/.local/lib/python3.9/site-packages/airflow/example_dags/example_trigger_controller_dag.py took 0.091 seconds
[2025-02-04T16:40:55.718+0000] {processor.py:186} INFO - Started process (PID=2076) to work on /home/airflow/.local/lib/python3.9/site-packages/airflow/example_dags/example_trigger_controller_dag.py
[2025-02-04T16:40:55.719+0000] {processor.py:914} INFO - Processing file /home/airflow/.local/lib/python3.9/site-packages/airflow/example_dags/example_trigger_controller_dag.py for tasks to queue
[2025-02-04T16:40:55.721+0000] {logging_mixin.py:190} INFO - [2025-02-04T16:40:55.721+0000] {dagbag.py:588} INFO - Filling up the DagBag from /home/airflow/.local/lib/python3.9/site-packages/airflow/example_dags/example_trigger_controller_dag.py
[2025-02-04T16:40:55.728+0000] {processor.py:925} INFO - DAG(s) 'example_trigger_controller_dag' retrieved from /home/airflow/.local/lib/python3.9/site-packages/airflow/example_dags/example_trigger_controller_dag.py
[2025-02-04T16:40:55.749+0000] {logging_mixin.py:190} INFO - [2025-02-04T16:40:55.749+0000] {dag.py:3239} INFO - Sync 1 DAGs
[2025-02-04T16:40:55.782+0000] {logging_mixin.py:190} INFO - [2025-02-04T16:40:55.781+0000] {dag.py:4180} INFO - Setting next_dagrun for example_trigger_controller_dag to 2021-01-01 00:00:00+00:00, run_after=2021-01-01 00:00:00+00:00
[2025-02-04T16:40:55.806+0000] {processor.py:208} INFO - Processing /home/airflow/.local/lib/python3.9/site-packages/airflow/example_dags/example_trigger_controller_dag.py took 0.094 seconds
[2025-02-04T16:41:26.648+0000] {processor.py:186} INFO - Started process (PID=2140) to work on /home/airflow/.local/lib/python3.9/site-packages/airflow/example_dags/example_trigger_controller_dag.py
[2025-02-04T16:41:26.649+0000] {processor.py:914} INFO - Processing file /home/airflow/.local/lib/python3.9/site-packages/airflow/example_dags/example_trigger_controller_dag.py for tasks to queue
[2025-02-04T16:41:26.651+0000] {logging_mixin.py:190} INFO - [2025-02-04T16:41:26.651+0000] {dagbag.py:588} INFO - Filling up the DagBag from /home/airflow/.local/lib/python3.9/site-packages/airflow/example_dags/example_trigger_controller_dag.py
[2025-02-04T16:41:26.658+0000] {processor.py:925} INFO - DAG(s) 'example_trigger_controller_dag' retrieved from /home/airflow/.local/lib/python3.9/site-packages/airflow/example_dags/example_trigger_controller_dag.py
[2025-02-04T16:41:26.678+0000] {logging_mixin.py:190} INFO - [2025-02-04T16:41:26.678+0000] {dag.py:3239} INFO - Sync 1 DAGs
[2025-02-04T16:41:26.701+0000] {logging_mixin.py:190} INFO - [2025-02-04T16:41:26.700+0000] {dag.py:4180} INFO - Setting next_dagrun for example_trigger_controller_dag to 2021-01-01 00:00:00+00:00, run_after=2021-01-01 00:00:00+00:00
[2025-02-04T16:41:26.726+0000] {processor.py:208} INFO - Processing /home/airflow/.local/lib/python3.9/site-packages/airflow/example_dags/example_trigger_controller_dag.py took 0.085 seconds
[2025-02-04T16:41:56.847+0000] {processor.py:186} INFO - Started process (PID=2204) to work on /home/airflow/.local/lib/python3.9/site-packages/airflow/example_dags/example_trigger_controller_dag.py
[2025-02-04T16:41:56.848+0000] {processor.py:914} INFO - Processing file /home/airflow/.local/lib/python3.9/site-packages/airflow/example_dags/example_trigger_controller_dag.py for tasks to queue
[2025-02-04T16:41:56.850+0000] {logging_mixin.py:190} INFO - [2025-02-04T16:41:56.850+0000] {dagbag.py:588} INFO - Filling up the DagBag from /home/airflow/.local/lib/python3.9/site-packages/airflow/example_dags/example_trigger_controller_dag.py
[2025-02-04T16:41:56.859+0000] {processor.py:925} INFO - DAG(s) 'example_trigger_controller_dag' retrieved from /home/airflow/.local/lib/python3.9/site-packages/airflow/example_dags/example_trigger_controller_dag.py
[2025-02-04T16:41:56.881+0000] {logging_mixin.py:190} INFO - [2025-02-04T16:41:56.880+0000] {dag.py:3239} INFO - Sync 1 DAGs
[2025-02-04T16:41:56.912+0000] {logging_mixin.py:190} INFO - [2025-02-04T16:41:56.911+0000] {dag.py:4180} INFO - Setting next_dagrun for example_trigger_controller_dag to 2021-01-01 00:00:00+00:00, run_after=2021-01-01 00:00:00+00:00
[2025-02-04T16:41:56.938+0000] {processor.py:208} INFO - Processing /home/airflow/.local/lib/python3.9/site-packages/airflow/example_dags/example_trigger_controller_dag.py took 0.099 seconds
[2025-02-04T16:42:27.967+0000] {processor.py:186} INFO - Started process (PID=2268) to work on /home/airflow/.local/lib/python3.9/site-packages/airflow/example_dags/example_trigger_controller_dag.py
[2025-02-04T16:42:27.968+0000] {processor.py:914} INFO - Processing file /home/airflow/.local/lib/python3.9/site-packages/airflow/example_dags/example_trigger_controller_dag.py for tasks to queue
[2025-02-04T16:42:27.972+0000] {logging_mixin.py:190} INFO - [2025-02-04T16:42:27.971+0000] {dagbag.py:588} INFO - Filling up the DagBag from /home/airflow/.local/lib/python3.9/site-packages/airflow/example_dags/example_trigger_controller_dag.py
[2025-02-04T16:42:27.978+0000] {processor.py:925} INFO - DAG(s) 'example_trigger_controller_dag' retrieved from /home/airflow/.local/lib/python3.9/site-packages/airflow/example_dags/example_trigger_controller_dag.py
[2025-02-04T16:42:28.002+0000] {logging_mixin.py:190} INFO - [2025-02-04T16:42:28.002+0000] {dag.py:3239} INFO - Sync 1 DAGs
[2025-02-04T16:42:28.032+0000] {logging_mixin.py:190} INFO - [2025-02-04T16:42:28.032+0000] {dag.py:4180} INFO - Setting next_dagrun for example_trigger_controller_dag to 2021-01-01 00:00:00+00:00, run_after=2021-01-01 00:00:00+00:00
[2025-02-04T16:42:28.062+0000] {processor.py:208} INFO - Processing /home/airflow/.local/lib/python3.9/site-packages/airflow/example_dags/example_trigger_controller_dag.py took 0.103 seconds
[2025-02-04T16:42:58.737+0000] {processor.py:186} INFO - Started process (PID=2332) to work on /home/airflow/.local/lib/python3.9/site-packages/airflow/example_dags/example_trigger_controller_dag.py
[2025-02-04T16:42:58.738+0000] {processor.py:914} INFO - Processing file /home/airflow/.local/lib/python3.9/site-packages/airflow/example_dags/example_trigger_controller_dag.py for tasks to queue
[2025-02-04T16:42:58.740+0000] {logging_mixin.py:190} INFO - [2025-02-04T16:42:58.740+0000] {dagbag.py:588} INFO - Filling up the DagBag from /home/airflow/.local/lib/python3.9/site-packages/airflow/example_dags/example_trigger_controller_dag.py
[2025-02-04T16:42:58.747+0000] {processor.py:925} INFO - DAG(s) 'example_trigger_controller_dag' retrieved from /home/airflow/.local/lib/python3.9/site-packages/airflow/example_dags/example_trigger_controller_dag.py
[2025-02-04T16:42:58.769+0000] {logging_mixin.py:190} INFO - [2025-02-04T16:42:58.769+0000] {dag.py:3239} INFO - Sync 1 DAGs
[2025-02-04T16:42:58.794+0000] {logging_mixin.py:190} INFO - [2025-02-04T16:42:58.793+0000] {dag.py:4180} INFO - Setting next_dagrun for example_trigger_controller_dag to 2021-01-01 00:00:00+00:00, run_after=2021-01-01 00:00:00+00:00
[2025-02-04T16:42:58.822+0000] {processor.py:208} INFO - Processing /home/airflow/.local/lib/python3.9/site-packages/airflow/example_dags/example_trigger_controller_dag.py took 0.092 seconds
[2025-02-04T16:43:28.865+0000] {processor.py:186} INFO - Started process (PID=2396) to work on /home/airflow/.local/lib/python3.9/site-packages/airflow/example_dags/example_trigger_controller_dag.py
[2025-02-04T16:43:28.867+0000] {processor.py:914} INFO - Processing file /home/airflow/.local/lib/python3.9/site-packages/airflow/example_dags/example_trigger_controller_dag.py for tasks to queue
[2025-02-04T16:43:28.868+0000] {logging_mixin.py:190} INFO - [2025-02-04T16:43:28.868+0000] {dagbag.py:588} INFO - Filling up the DagBag from /home/airflow/.local/lib/python3.9/site-packages/airflow/example_dags/example_trigger_controller_dag.py
[2025-02-04T16:43:28.875+0000] {processor.py:925} INFO - DAG(s) 'example_trigger_controller_dag' retrieved from /home/airflow/.local/lib/python3.9/site-packages/airflow/example_dags/example_trigger_controller_dag.py
[2025-02-04T16:43:28.898+0000] {logging_mixin.py:190} INFO - [2025-02-04T16:43:28.898+0000] {dag.py:3239} INFO - Sync 1 DAGs
[2025-02-04T16:43:28.923+0000] {logging_mixin.py:190} INFO - [2025-02-04T16:43:28.923+0000] {dag.py:4180} INFO - Setting next_dagrun for example_trigger_controller_dag to 2021-01-01 00:00:00+00:00, run_after=2021-01-01 00:00:00+00:00
[2025-02-04T16:43:28.972+0000] {processor.py:208} INFO - Processing /home/airflow/.local/lib/python3.9/site-packages/airflow/example_dags/example_trigger_controller_dag.py took 0.113 seconds
[2025-02-04T16:43:59.704+0000] {processor.py:186} INFO - Started process (PID=2460) to work on /home/airflow/.local/lib/python3.9/site-packages/airflow/example_dags/example_trigger_controller_dag.py
[2025-02-04T16:43:59.705+0000] {processor.py:914} INFO - Processing file /home/airflow/.local/lib/python3.9/site-packages/airflow/example_dags/example_trigger_controller_dag.py for tasks to queue
[2025-02-04T16:43:59.707+0000] {logging_mixin.py:190} INFO - [2025-02-04T16:43:59.707+0000] {dagbag.py:588} INFO - Filling up the DagBag from /home/airflow/.local/lib/python3.9/site-packages/airflow/example_dags/example_trigger_controller_dag.py
[2025-02-04T16:43:59.714+0000] {processor.py:925} INFO - DAG(s) 'example_trigger_controller_dag' retrieved from /home/airflow/.local/lib/python3.9/site-packages/airflow/example_dags/example_trigger_controller_dag.py
[2025-02-04T16:43:59.737+0000] {logging_mixin.py:190} INFO - [2025-02-04T16:43:59.737+0000] {dag.py:3239} INFO - Sync 1 DAGs
[2025-02-04T16:43:59.761+0000] {logging_mixin.py:190} INFO - [2025-02-04T16:43:59.761+0000] {dag.py:4180} INFO - Setting next_dagrun for example_trigger_controller_dag to 2021-01-01 00:00:00+00:00, run_after=2021-01-01 00:00:00+00:00
[2025-02-04T16:43:59.790+0000] {processor.py:208} INFO - Processing /home/airflow/.local/lib/python3.9/site-packages/airflow/example_dags/example_trigger_controller_dag.py took 0.092 seconds
[2025-02-04T16:44:29.961+0000] {processor.py:186} INFO - Started process (PID=2524) to work on /home/airflow/.local/lib/python3.9/site-packages/airflow/example_dags/example_trigger_controller_dag.py
[2025-02-04T16:44:29.962+0000] {processor.py:914} INFO - Processing file /home/airflow/.local/lib/python3.9/site-packages/airflow/example_dags/example_trigger_controller_dag.py for tasks to queue
[2025-02-04T16:44:29.963+0000] {logging_mixin.py:190} INFO - [2025-02-04T16:44:29.963+0000] {dagbag.py:588} INFO - Filling up the DagBag from /home/airflow/.local/lib/python3.9/site-packages/airflow/example_dags/example_trigger_controller_dag.py
[2025-02-04T16:44:29.971+0000] {processor.py:925} INFO - DAG(s) 'example_trigger_controller_dag' retrieved from /home/airflow/.local/lib/python3.9/site-packages/airflow/example_dags/example_trigger_controller_dag.py
[2025-02-04T16:44:29.993+0000] {logging_mixin.py:190} INFO - [2025-02-04T16:44:29.993+0000] {dag.py:3239} INFO - Sync 1 DAGs
[2025-02-04T16:44:30.018+0000] {logging_mixin.py:190} INFO - [2025-02-04T16:44:30.017+0000] {dag.py:4180} INFO - Setting next_dagrun for example_trigger_controller_dag to 2021-01-01 00:00:00+00:00, run_after=2021-01-01 00:00:00+00:00
[2025-02-04T16:44:30.045+0000] {processor.py:208} INFO - Processing /home/airflow/.local/lib/python3.9/site-packages/airflow/example_dags/example_trigger_controller_dag.py took 0.091 seconds
[2025-02-04T16:45:00.470+0000] {processor.py:186} INFO - Started process (PID=2588) to work on /home/airflow/.local/lib/python3.9/site-packages/airflow/example_dags/example_trigger_controller_dag.py
[2025-02-04T16:45:00.472+0000] {processor.py:914} INFO - Processing file /home/airflow/.local/lib/python3.9/site-packages/airflow/example_dags/example_trigger_controller_dag.py for tasks to queue
[2025-02-04T16:45:00.473+0000] {logging_mixin.py:190} INFO - [2025-02-04T16:45:00.473+0000] {dagbag.py:588} INFO - Filling up the DagBag from /home/airflow/.local/lib/python3.9/site-packages/airflow/example_dags/example_trigger_controller_dag.py
[2025-02-04T16:45:00.480+0000] {processor.py:925} INFO - DAG(s) 'example_trigger_controller_dag' retrieved from /home/airflow/.local/lib/python3.9/site-packages/airflow/example_dags/example_trigger_controller_dag.py
[2025-02-04T16:45:00.504+0000] {logging_mixin.py:190} INFO - [2025-02-04T16:45:00.504+0000] {dag.py:3239} INFO - Sync 1 DAGs
[2025-02-04T16:45:00.530+0000] {logging_mixin.py:190} INFO - [2025-02-04T16:45:00.529+0000] {dag.py:4180} INFO - Setting next_dagrun for example_trigger_controller_dag to 2021-01-01 00:00:00+00:00, run_after=2021-01-01 00:00:00+00:00
[2025-02-04T16:45:00.558+0000] {processor.py:208} INFO - Processing /home/airflow/.local/lib/python3.9/site-packages/airflow/example_dags/example_trigger_controller_dag.py took 0.094 seconds
[2025-02-04T16:45:30.922+0000] {processor.py:186} INFO - Started process (PID=2652) to work on /home/airflow/.local/lib/python3.9/site-packages/airflow/example_dags/example_trigger_controller_dag.py
[2025-02-04T16:45:30.924+0000] {processor.py:914} INFO - Processing file /home/airflow/.local/lib/python3.9/site-packages/airflow/example_dags/example_trigger_controller_dag.py for tasks to queue
[2025-02-04T16:45:30.925+0000] {logging_mixin.py:190} INFO - [2025-02-04T16:45:30.925+0000] {dagbag.py:588} INFO - Filling up the DagBag from /home/airflow/.local/lib/python3.9/site-packages/airflow/example_dags/example_trigger_controller_dag.py
[2025-02-04T16:45:30.932+0000] {processor.py:925} INFO - DAG(s) 'example_trigger_controller_dag' retrieved from /home/airflow/.local/lib/python3.9/site-packages/airflow/example_dags/example_trigger_controller_dag.py
[2025-02-04T16:45:30.954+0000] {logging_mixin.py:190} INFO - [2025-02-04T16:45:30.953+0000] {dag.py:3239} INFO - Sync 1 DAGs
[2025-02-04T16:45:30.978+0000] {logging_mixin.py:190} INFO - [2025-02-04T16:45:30.978+0000] {dag.py:4180} INFO - Setting next_dagrun for example_trigger_controller_dag to 2021-01-01 00:00:00+00:00, run_after=2021-01-01 00:00:00+00:00
[2025-02-04T16:45:31.005+0000] {processor.py:208} INFO - Processing /home/airflow/.local/lib/python3.9/site-packages/airflow/example_dags/example_trigger_controller_dag.py took 0.089 seconds
[2025-02-04T16:46:02.740+0000] {processor.py:186} INFO - Started process (PID=2716) to work on /home/airflow/.local/lib/python3.9/site-packages/airflow/example_dags/example_trigger_controller_dag.py
[2025-02-04T16:46:02.741+0000] {processor.py:914} INFO - Processing file /home/airflow/.local/lib/python3.9/site-packages/airflow/example_dags/example_trigger_controller_dag.py for tasks to queue
[2025-02-04T16:46:02.743+0000] {logging_mixin.py:190} INFO - [2025-02-04T16:46:02.743+0000] {dagbag.py:588} INFO - Filling up the DagBag from /home/airflow/.local/lib/python3.9/site-packages/airflow/example_dags/example_trigger_controller_dag.py
[2025-02-04T16:46:02.996+0000] {processor.py:925} INFO - DAG(s) 'example_trigger_controller_dag' retrieved from /home/airflow/.local/lib/python3.9/site-packages/airflow/example_dags/example_trigger_controller_dag.py
[2025-02-04T16:46:03.020+0000] {logging_mixin.py:190} INFO - [2025-02-04T16:46:03.020+0000] {dag.py:3239} INFO - Sync 1 DAGs
[2025-02-04T16:46:03.490+0000] {logging_mixin.py:190} INFO - [2025-02-04T16:46:03.490+0000] {dag.py:4180} INFO - Setting next_dagrun for example_trigger_controller_dag to 2021-01-01 00:00:00+00:00, run_after=2021-01-01 00:00:00+00:00
[2025-02-04T16:46:03.519+0000] {processor.py:208} INFO - Processing /home/airflow/.local/lib/python3.9/site-packages/airflow/example_dags/example_trigger_controller_dag.py took 1.292 seconds
[2025-02-04T16:46:34.950+0000] {processor.py:186} INFO - Started process (PID=2787) to work on /home/airflow/.local/lib/python3.9/site-packages/airflow/example_dags/example_trigger_controller_dag.py
[2025-02-04T16:46:34.952+0000] {processor.py:914} INFO - Processing file /home/airflow/.local/lib/python3.9/site-packages/airflow/example_dags/example_trigger_controller_dag.py for tasks to queue
[2025-02-04T16:46:33.654+0000] {logging_mixin.py:190} INFO - [2025-02-04T16:46:34.953+0000] {dagbag.py:588} INFO - Filling up the DagBag from /home/airflow/.local/lib/python3.9/site-packages/airflow/example_dags/example_trigger_controller_dag.py
[2025-02-04T16:46:33.662+0000] {processor.py:925} INFO - DAG(s) 'example_trigger_controller_dag' retrieved from /home/airflow/.local/lib/python3.9/site-packages/airflow/example_dags/example_trigger_controller_dag.py
[2025-02-04T16:46:33.689+0000] {logging_mixin.py:190} INFO - [2025-02-04T16:46:33.688+0000] {dag.py:3239} INFO - Sync 1 DAGs
[2025-02-04T16:46:33.715+0000] {logging_mixin.py:190} INFO - [2025-02-04T16:46:33.714+0000] {dag.py:4180} INFO - Setting next_dagrun for example_trigger_controller_dag to 2021-01-01 00:00:00+00:00, run_after=2021-01-01 00:00:00+00:00
[2025-02-04T16:46:33.742+0000] {processor.py:208} INFO - Processing /home/airflow/.local/lib/python3.9/site-packages/airflow/example_dags/example_trigger_controller_dag.py took 0.099 seconds
[2025-02-04T16:47:04.106+0000] {processor.py:186} INFO - Started process (PID=2851) to work on /home/airflow/.local/lib/python3.9/site-packages/airflow/example_dags/example_trigger_controller_dag.py
[2025-02-04T16:47:04.108+0000] {processor.py:914} INFO - Processing file /home/airflow/.local/lib/python3.9/site-packages/airflow/example_dags/example_trigger_controller_dag.py for tasks to queue
[2025-02-04T16:47:04.110+0000] {logging_mixin.py:190} INFO - [2025-02-04T16:47:04.110+0000] {dagbag.py:588} INFO - Filling up the DagBag from /home/airflow/.local/lib/python3.9/site-packages/airflow/example_dags/example_trigger_controller_dag.py
[2025-02-04T16:47:04.122+0000] {processor.py:925} INFO - DAG(s) 'example_trigger_controller_dag' retrieved from /home/airflow/.local/lib/python3.9/site-packages/airflow/example_dags/example_trigger_controller_dag.py
[2025-02-04T16:47:04.147+0000] {logging_mixin.py:190} INFO - [2025-02-04T16:47:04.147+0000] {dag.py:3239} INFO - Sync 1 DAGs
[2025-02-04T16:47:04.233+0000] {logging_mixin.py:190} INFO - [2025-02-04T16:47:04.233+0000] {dag.py:4180} INFO - Setting next_dagrun for example_trigger_controller_dag to 2021-01-01 00:00:00+00:00, run_after=2021-01-01 00:00:00+00:00
[2025-02-04T16:47:04.436+0000] {processor.py:208} INFO - Processing /home/airflow/.local/lib/python3.9/site-packages/airflow/example_dags/example_trigger_controller_dag.py took 0.339 seconds
[2025-02-04T16:47:35.184+0000] {processor.py:186} INFO - Started process (PID=2915) to work on /home/airflow/.local/lib/python3.9/site-packages/airflow/example_dags/example_trigger_controller_dag.py
[2025-02-04T16:47:35.185+0000] {processor.py:914} INFO - Processing file /home/airflow/.local/lib/python3.9/site-packages/airflow/example_dags/example_trigger_controller_dag.py for tasks to queue
[2025-02-04T16:47:35.187+0000] {logging_mixin.py:190} INFO - [2025-02-04T16:47:35.186+0000] {dagbag.py:588} INFO - Filling up the DagBag from /home/airflow/.local/lib/python3.9/site-packages/airflow/example_dags/example_trigger_controller_dag.py
[2025-02-04T16:47:35.195+0000] {processor.py:925} INFO - DAG(s) 'example_trigger_controller_dag' retrieved from /home/airflow/.local/lib/python3.9/site-packages/airflow/example_dags/example_trigger_controller_dag.py
[2025-02-04T16:47:35.218+0000] {logging_mixin.py:190} INFO - [2025-02-04T16:47:35.218+0000] {dag.py:3239} INFO - Sync 1 DAGs
[2025-02-04T16:47:35.245+0000] {logging_mixin.py:190} INFO - [2025-02-04T16:47:35.245+0000] {dag.py:4180} INFO - Setting next_dagrun for example_trigger_controller_dag to 2021-01-01 00:00:00+00:00, run_after=2021-01-01 00:00:00+00:00
[2025-02-04T16:47:35.276+0000] {processor.py:208} INFO - Processing /home/airflow/.local/lib/python3.9/site-packages/airflow/example_dags/example_trigger_controller_dag.py took 0.100 seconds
