[2025-02-04T16:22:27.903+0000] {processor.py:186} INFO - Started process (PID=85) to work on /home/airflow/.local/lib/python3.9/site-packages/airflow/example_dags/example_task_group.py
[2025-02-04T16:22:27.905+0000] {processor.py:914} INFO - Processing file /home/airflow/.local/lib/python3.9/site-packages/airflow/example_dags/example_task_group.py for tasks to queue
[2025-02-04T16:22:27.908+0000] {logging_mixin.py:190} INFO - [2025-02-04T16:22:27.908+0000] {dagbag.py:588} INFO - Filling up the DagBag from /home/airflow/.local/lib/python3.9/site-packages/airflow/example_dags/example_task_group.py
[2025-02-04T16:22:29.010+0000] {processor.py:925} INFO - DAG(s) 'example_task_group' retrieved from /home/airflow/.local/lib/python3.9/site-packages/airflow/example_dags/example_task_group.py
[2025-02-04T16:22:36.110+0000] {logging_mixin.py:190} INFO - [2025-02-04T16:22:36.109+0000] {override.py:1912} INFO - Created Permission View: can delete on DAG:example_task_group
[2025-02-04T16:22:37.281+0000] {logging_mixin.py:190} INFO - [2025-02-04T16:22:37.281+0000] {override.py:1912} INFO - Created Permission View: can edit on DAG:example_task_group
[2025-02-04T16:22:37.296+0000] {logging_mixin.py:190} INFO - [2025-02-04T16:22:37.296+0000] {override.py:1912} INFO - Created Permission View: can read on DAG:example_task_group
[2025-02-04T16:22:37.317+0000] {logging_mixin.py:190} INFO - [2025-02-04T16:22:37.316+0000] {override.py:1912} INFO - Created Permission View: can delete on DAG Run:example_task_group
[2025-02-04T16:22:37.553+0000] {logging_mixin.py:190} INFO - [2025-02-04T16:22:37.552+0000] {override.py:1912} INFO - Created Permission View: menu access on DAG Run:example_task_group
[2025-02-04T16:22:37.572+0000] {logging_mixin.py:190} INFO - [2025-02-04T16:22:37.572+0000] {override.py:1912} INFO - Created Permission View: can read on DAG Run:example_task_group
[2025-02-04T16:22:37.591+0000] {logging_mixin.py:190} INFO - [2025-02-04T16:22:37.591+0000] {override.py:1912} INFO - Created Permission View: can create on DAG Run:example_task_group
[2025-02-04T16:22:37.593+0000] {logging_mixin.py:190} INFO - [2025-02-04T16:22:37.592+0000] {dag.py:3239} INFO - Sync 1 DAGs
[2025-02-04T16:22:37.612+0000] {logging_mixin.py:190} INFO - [2025-02-04T16:22:37.612+0000] {dag.py:3262} INFO - Creating ORM DAG for example_task_group
[2025-02-04T16:22:37.614+0000] {logging_mixin.py:190} INFO - [2025-02-04T16:22:37.614+0000] {dag.py:4180} INFO - Setting next_dagrun for example_task_group to None, run_after=None
[2025-02-04T16:22:37.644+0000] {processor.py:208} INFO - Processing /home/airflow/.local/lib/python3.9/site-packages/airflow/example_dags/example_task_group.py took 9.749 seconds
[2025-02-04T16:23:23.370+0000] {processor.py:186} INFO - Started process (PID=156) to work on /home/airflow/.local/lib/python3.9/site-packages/airflow/example_dags/example_task_group.py
[2025-02-04T16:23:23.372+0000] {processor.py:914} INFO - Processing file /home/airflow/.local/lib/python3.9/site-packages/airflow/example_dags/example_task_group.py for tasks to queue
[2025-02-04T16:23:23.374+0000] {logging_mixin.py:190} INFO - [2025-02-04T16:23:23.374+0000] {dagbag.py:588} INFO - Filling up the DagBag from /home/airflow/.local/lib/python3.9/site-packages/airflow/example_dags/example_task_group.py
[2025-02-04T16:23:23.383+0000] {processor.py:925} INFO - DAG(s) 'example_task_group' retrieved from /home/airflow/.local/lib/python3.9/site-packages/airflow/example_dags/example_task_group.py
[2025-02-04T16:23:24.530+0000] {logging_mixin.py:190} INFO - [2025-02-04T16:23:24.530+0000] {dag.py:3239} INFO - Sync 1 DAGs
[2025-02-04T16:23:24.543+0000] {logging_mixin.py:190} INFO - [2025-02-04T16:23:24.543+0000] {dag.py:4180} INFO - Setting next_dagrun for example_task_group to None, run_after=None
[2025-02-04T16:23:24.569+0000] {processor.py:208} INFO - Processing /home/airflow/.local/lib/python3.9/site-packages/airflow/example_dags/example_task_group.py took 1.205 seconds
[2025-02-04T16:23:54.927+0000] {processor.py:186} INFO - Started process (PID=217) to work on /home/airflow/.local/lib/python3.9/site-packages/airflow/example_dags/example_task_group.py
[2025-02-04T16:23:54.929+0000] {processor.py:914} INFO - Processing file /home/airflow/.local/lib/python3.9/site-packages/airflow/example_dags/example_task_group.py for tasks to queue
[2025-02-04T16:23:54.935+0000] {logging_mixin.py:190} INFO - [2025-02-04T16:23:54.931+0000] {dagbag.py:588} INFO - Filling up the DagBag from /home/airflow/.local/lib/python3.9/site-packages/airflow/example_dags/example_task_group.py
[2025-02-04T16:23:54.948+0000] {processor.py:925} INFO - DAG(s) 'example_task_group' retrieved from /home/airflow/.local/lib/python3.9/site-packages/airflow/example_dags/example_task_group.py
[2025-02-04T16:23:54.974+0000] {logging_mixin.py:190} INFO - [2025-02-04T16:23:54.974+0000] {dag.py:3239} INFO - Sync 1 DAGs
[2025-02-04T16:23:54.988+0000] {logging_mixin.py:190} INFO - [2025-02-04T16:23:54.988+0000] {dag.py:4180} INFO - Setting next_dagrun for example_task_group to None, run_after=None
[2025-02-04T16:23:55.015+0000] {processor.py:208} INFO - Processing /home/airflow/.local/lib/python3.9/site-packages/airflow/example_dags/example_task_group.py took 0.095 seconds
[2025-02-04T16:24:25.323+0000] {processor.py:186} INFO - Started process (PID=280) to work on /home/airflow/.local/lib/python3.9/site-packages/airflow/example_dags/example_task_group.py
[2025-02-04T16:24:25.324+0000] {processor.py:914} INFO - Processing file /home/airflow/.local/lib/python3.9/site-packages/airflow/example_dags/example_task_group.py for tasks to queue
[2025-02-04T16:24:25.327+0000] {logging_mixin.py:190} INFO - [2025-02-04T16:24:25.327+0000] {dagbag.py:588} INFO - Filling up the DagBag from /home/airflow/.local/lib/python3.9/site-packages/airflow/example_dags/example_task_group.py
[2025-02-04T16:24:25.337+0000] {processor.py:925} INFO - DAG(s) 'example_task_group' retrieved from /home/airflow/.local/lib/python3.9/site-packages/airflow/example_dags/example_task_group.py
[2025-02-04T16:24:25.360+0000] {logging_mixin.py:190} INFO - [2025-02-04T16:24:25.360+0000] {dag.py:3239} INFO - Sync 1 DAGs
[2025-02-04T16:24:25.375+0000] {logging_mixin.py:190} INFO - [2025-02-04T16:24:25.375+0000] {dag.py:4180} INFO - Setting next_dagrun for example_task_group to None, run_after=None
[2025-02-04T16:24:25.403+0000] {processor.py:208} INFO - Processing /home/airflow/.local/lib/python3.9/site-packages/airflow/example_dags/example_task_group.py took 0.086 seconds
[2025-02-04T16:24:55.514+0000] {processor.py:186} INFO - Started process (PID=344) to work on /home/airflow/.local/lib/python3.9/site-packages/airflow/example_dags/example_task_group.py
[2025-02-04T16:24:55.515+0000] {processor.py:914} INFO - Processing file /home/airflow/.local/lib/python3.9/site-packages/airflow/example_dags/example_task_group.py for tasks to queue
[2025-02-04T16:24:55.518+0000] {logging_mixin.py:190} INFO - [2025-02-04T16:24:55.517+0000] {dagbag.py:588} INFO - Filling up the DagBag from /home/airflow/.local/lib/python3.9/site-packages/airflow/example_dags/example_task_group.py
[2025-02-04T16:24:55.527+0000] {processor.py:925} INFO - DAG(s) 'example_task_group' retrieved from /home/airflow/.local/lib/python3.9/site-packages/airflow/example_dags/example_task_group.py
[2025-02-04T16:24:55.550+0000] {logging_mixin.py:190} INFO - [2025-02-04T16:24:55.549+0000] {dag.py:3239} INFO - Sync 1 DAGs
[2025-02-04T16:24:55.565+0000] {logging_mixin.py:190} INFO - [2025-02-04T16:24:55.564+0000] {dag.py:4180} INFO - Setting next_dagrun for example_task_group to None, run_after=None
[2025-02-04T16:24:55.591+0000] {processor.py:208} INFO - Processing /home/airflow/.local/lib/python3.9/site-packages/airflow/example_dags/example_task_group.py took 0.084 seconds
[2025-02-04T16:25:26.425+0000] {processor.py:186} INFO - Started process (PID=408) to work on /home/airflow/.local/lib/python3.9/site-packages/airflow/example_dags/example_task_group.py
[2025-02-04T16:25:26.522+0000] {processor.py:914} INFO - Processing file /home/airflow/.local/lib/python3.9/site-packages/airflow/example_dags/example_task_group.py for tasks to queue
[2025-02-04T16:25:26.525+0000] {logging_mixin.py:190} INFO - [2025-02-04T16:25:26.525+0000] {dagbag.py:588} INFO - Filling up the DagBag from /home/airflow/.local/lib/python3.9/site-packages/airflow/example_dags/example_task_group.py
[2025-02-04T16:25:26.541+0000] {processor.py:925} INFO - DAG(s) 'example_task_group' retrieved from /home/airflow/.local/lib/python3.9/site-packages/airflow/example_dags/example_task_group.py
[2025-02-04T16:25:26.565+0000] {logging_mixin.py:190} INFO - [2025-02-04T16:25:26.565+0000] {dag.py:3239} INFO - Sync 1 DAGs
[2025-02-04T16:25:26.580+0000] {logging_mixin.py:190} INFO - [2025-02-04T16:25:26.580+0000] {dag.py:4180} INFO - Setting next_dagrun for example_task_group to None, run_after=None
[2025-02-04T16:25:26.609+0000] {processor.py:208} INFO - Processing /home/airflow/.local/lib/python3.9/site-packages/airflow/example_dags/example_task_group.py took 0.194 seconds
[2025-02-04T16:25:57.005+0000] {processor.py:186} INFO - Started process (PID=472) to work on /home/airflow/.local/lib/python3.9/site-packages/airflow/example_dags/example_task_group.py
[2025-02-04T16:25:57.006+0000] {processor.py:914} INFO - Processing file /home/airflow/.local/lib/python3.9/site-packages/airflow/example_dags/example_task_group.py for tasks to queue
[2025-02-04T16:25:57.009+0000] {logging_mixin.py:190} INFO - [2025-02-04T16:25:57.009+0000] {dagbag.py:588} INFO - Filling up the DagBag from /home/airflow/.local/lib/python3.9/site-packages/airflow/example_dags/example_task_group.py
[2025-02-04T16:25:57.020+0000] {processor.py:925} INFO - DAG(s) 'example_task_group' retrieved from /home/airflow/.local/lib/python3.9/site-packages/airflow/example_dags/example_task_group.py
[2025-02-04T16:25:57.044+0000] {logging_mixin.py:190} INFO - [2025-02-04T16:25:57.044+0000] {dag.py:3239} INFO - Sync 1 DAGs
[2025-02-04T16:25:57.058+0000] {logging_mixin.py:190} INFO - [2025-02-04T16:25:57.058+0000] {dag.py:4180} INFO - Setting next_dagrun for example_task_group to None, run_after=None
[2025-02-04T16:25:57.087+0000] {processor.py:208} INFO - Processing /home/airflow/.local/lib/python3.9/site-packages/airflow/example_dags/example_task_group.py took 0.089 seconds
[2025-02-04T16:26:28.025+0000] {processor.py:186} INFO - Started process (PID=535) to work on /home/airflow/.local/lib/python3.9/site-packages/airflow/example_dags/example_task_group.py
[2025-02-04T16:26:28.026+0000] {processor.py:914} INFO - Processing file /home/airflow/.local/lib/python3.9/site-packages/airflow/example_dags/example_task_group.py for tasks to queue
[2025-02-04T16:26:28.028+0000] {logging_mixin.py:190} INFO - [2025-02-04T16:26:28.028+0000] {dagbag.py:588} INFO - Filling up the DagBag from /home/airflow/.local/lib/python3.9/site-packages/airflow/example_dags/example_task_group.py
[2025-02-04T16:26:28.038+0000] {processor.py:925} INFO - DAG(s) 'example_task_group' retrieved from /home/airflow/.local/lib/python3.9/site-packages/airflow/example_dags/example_task_group.py
[2025-02-04T16:26:28.066+0000] {logging_mixin.py:190} INFO - [2025-02-04T16:26:28.066+0000] {dag.py:3239} INFO - Sync 1 DAGs
[2025-02-04T16:26:28.083+0000] {logging_mixin.py:190} INFO - [2025-02-04T16:26:28.083+0000] {dag.py:4180} INFO - Setting next_dagrun for example_task_group to None, run_after=None
[2025-02-04T16:26:28.114+0000] {processor.py:208} INFO - Processing /home/airflow/.local/lib/python3.9/site-packages/airflow/example_dags/example_task_group.py took 0.097 seconds
[2025-02-04T16:26:58.267+0000] {processor.py:186} INFO - Started process (PID=599) to work on /home/airflow/.local/lib/python3.9/site-packages/airflow/example_dags/example_task_group.py
[2025-02-04T16:26:58.269+0000] {processor.py:914} INFO - Processing file /home/airflow/.local/lib/python3.9/site-packages/airflow/example_dags/example_task_group.py for tasks to queue
[2025-02-04T16:26:58.274+0000] {logging_mixin.py:190} INFO - [2025-02-04T16:26:58.274+0000] {dagbag.py:588} INFO - Filling up the DagBag from /home/airflow/.local/lib/python3.9/site-packages/airflow/example_dags/example_task_group.py
[2025-02-04T16:26:58.285+0000] {processor.py:925} INFO - DAG(s) 'example_task_group' retrieved from /home/airflow/.local/lib/python3.9/site-packages/airflow/example_dags/example_task_group.py
[2025-02-04T16:26:58.312+0000] {logging_mixin.py:190} INFO - [2025-02-04T16:26:58.311+0000] {dag.py:3239} INFO - Sync 1 DAGs
[2025-02-04T16:26:58.327+0000] {logging_mixin.py:190} INFO - [2025-02-04T16:26:58.327+0000] {dag.py:4180} INFO - Setting next_dagrun for example_task_group to None, run_after=None
[2025-02-04T16:26:58.353+0000] {processor.py:208} INFO - Processing /home/airflow/.local/lib/python3.9/site-packages/airflow/example_dags/example_task_group.py took 0.093 seconds
[2025-02-04T16:27:29.278+0000] {processor.py:186} INFO - Started process (PID=663) to work on /home/airflow/.local/lib/python3.9/site-packages/airflow/example_dags/example_task_group.py
[2025-02-04T16:27:29.279+0000] {processor.py:914} INFO - Processing file /home/airflow/.local/lib/python3.9/site-packages/airflow/example_dags/example_task_group.py for tasks to queue
[2025-02-04T16:27:29.282+0000] {logging_mixin.py:190} INFO - [2025-02-04T16:27:29.282+0000] {dagbag.py:588} INFO - Filling up the DagBag from /home/airflow/.local/lib/python3.9/site-packages/airflow/example_dags/example_task_group.py
[2025-02-04T16:27:29.292+0000] {processor.py:925} INFO - DAG(s) 'example_task_group' retrieved from /home/airflow/.local/lib/python3.9/site-packages/airflow/example_dags/example_task_group.py
[2025-02-04T16:27:29.317+0000] {logging_mixin.py:190} INFO - [2025-02-04T16:27:29.317+0000] {dag.py:3239} INFO - Sync 1 DAGs
[2025-02-04T16:27:29.333+0000] {logging_mixin.py:190} INFO - [2025-02-04T16:27:29.332+0000] {dag.py:4180} INFO - Setting next_dagrun for example_task_group to None, run_after=None
[2025-02-04T16:27:29.360+0000] {processor.py:208} INFO - Processing /home/airflow/.local/lib/python3.9/site-packages/airflow/example_dags/example_task_group.py took 0.089 seconds
[2025-02-04T16:28:00.072+0000] {processor.py:186} INFO - Started process (PID=734) to work on /home/airflow/.local/lib/python3.9/site-packages/airflow/example_dags/example_task_group.py
[2025-02-04T16:28:00.073+0000] {processor.py:914} INFO - Processing file /home/airflow/.local/lib/python3.9/site-packages/airflow/example_dags/example_task_group.py for tasks to queue
[2025-02-04T16:28:00.076+0000] {logging_mixin.py:190} INFO - [2025-02-04T16:28:00.076+0000] {dagbag.py:588} INFO - Filling up the DagBag from /home/airflow/.local/lib/python3.9/site-packages/airflow/example_dags/example_task_group.py
[2025-02-04T16:28:00.086+0000] {processor.py:925} INFO - DAG(s) 'example_task_group' retrieved from /home/airflow/.local/lib/python3.9/site-packages/airflow/example_dags/example_task_group.py
[2025-02-04T16:28:00.110+0000] {logging_mixin.py:190} INFO - [2025-02-04T16:28:00.110+0000] {dag.py:3239} INFO - Sync 1 DAGs
[2025-02-04T16:28:00.125+0000] {logging_mixin.py:190} INFO - [2025-02-04T16:28:00.125+0000] {dag.py:4180} INFO - Setting next_dagrun for example_task_group to None, run_after=None
[2025-02-04T16:28:00.153+0000] {processor.py:208} INFO - Processing /home/airflow/.local/lib/python3.9/site-packages/airflow/example_dags/example_task_group.py took 0.088 seconds
[2025-02-04T16:28:30.679+0000] {processor.py:186} INFO - Started process (PID=798) to work on /home/airflow/.local/lib/python3.9/site-packages/airflow/example_dags/example_task_group.py
[2025-02-04T16:28:30.680+0000] {processor.py:914} INFO - Processing file /home/airflow/.local/lib/python3.9/site-packages/airflow/example_dags/example_task_group.py for tasks to queue
[2025-02-04T16:28:30.683+0000] {logging_mixin.py:190} INFO - [2025-02-04T16:28:30.682+0000] {dagbag.py:588} INFO - Filling up the DagBag from /home/airflow/.local/lib/python3.9/site-packages/airflow/example_dags/example_task_group.py
[2025-02-04T16:28:30.692+0000] {processor.py:925} INFO - DAG(s) 'example_task_group' retrieved from /home/airflow/.local/lib/python3.9/site-packages/airflow/example_dags/example_task_group.py
[2025-02-04T16:28:30.716+0000] {logging_mixin.py:190} INFO - [2025-02-04T16:28:30.715+0000] {dag.py:3239} INFO - Sync 1 DAGs
[2025-02-04T16:28:30.730+0000] {logging_mixin.py:190} INFO - [2025-02-04T16:28:30.729+0000] {dag.py:4180} INFO - Setting next_dagrun for example_task_group to None, run_after=None
[2025-02-04T16:28:30.757+0000] {processor.py:208} INFO - Processing /home/airflow/.local/lib/python3.9/site-packages/airflow/example_dags/example_task_group.py took 0.084 seconds
[2025-02-04T16:29:01.180+0000] {processor.py:186} INFO - Started process (PID=862) to work on /home/airflow/.local/lib/python3.9/site-packages/airflow/example_dags/example_task_group.py
[2025-02-04T16:29:01.181+0000] {processor.py:914} INFO - Processing file /home/airflow/.local/lib/python3.9/site-packages/airflow/example_dags/example_task_group.py for tasks to queue
[2025-02-04T16:29:01.184+0000] {logging_mixin.py:190} INFO - [2025-02-04T16:29:01.184+0000] {dagbag.py:588} INFO - Filling up the DagBag from /home/airflow/.local/lib/python3.9/site-packages/airflow/example_dags/example_task_group.py
[2025-02-04T16:29:01.193+0000] {processor.py:925} INFO - DAG(s) 'example_task_group' retrieved from /home/airflow/.local/lib/python3.9/site-packages/airflow/example_dags/example_task_group.py
[2025-02-04T16:29:01.218+0000] {logging_mixin.py:190} INFO - [2025-02-04T16:29:01.217+0000] {dag.py:3239} INFO - Sync 1 DAGs
[2025-02-04T16:29:01.231+0000] {logging_mixin.py:190} INFO - [2025-02-04T16:29:01.231+0000] {dag.py:4180} INFO - Setting next_dagrun for example_task_group to None, run_after=None
[2025-02-04T16:29:01.257+0000] {processor.py:208} INFO - Processing /home/airflow/.local/lib/python3.9/site-packages/airflow/example_dags/example_task_group.py took 0.084 seconds
[2025-02-04T16:29:31.466+0000] {processor.py:186} INFO - Started process (PID=926) to work on /home/airflow/.local/lib/python3.9/site-packages/airflow/example_dags/example_task_group.py
[2025-02-04T16:29:31.468+0000] {processor.py:914} INFO - Processing file /home/airflow/.local/lib/python3.9/site-packages/airflow/example_dags/example_task_group.py for tasks to queue
[2025-02-04T16:29:31.471+0000] {logging_mixin.py:190} INFO - [2025-02-04T16:29:31.471+0000] {dagbag.py:588} INFO - Filling up the DagBag from /home/airflow/.local/lib/python3.9/site-packages/airflow/example_dags/example_task_group.py
[2025-02-04T16:29:31.482+0000] {processor.py:925} INFO - DAG(s) 'example_task_group' retrieved from /home/airflow/.local/lib/python3.9/site-packages/airflow/example_dags/example_task_group.py
[2025-02-04T16:29:31.509+0000] {logging_mixin.py:190} INFO - [2025-02-04T16:29:31.509+0000] {dag.py:3239} INFO - Sync 1 DAGs
[2025-02-04T16:29:31.531+0000] {logging_mixin.py:190} INFO - [2025-02-04T16:29:31.531+0000] {dag.py:4180} INFO - Setting next_dagrun for example_task_group to None, run_after=None
[2025-02-04T16:29:31.564+0000] {processor.py:208} INFO - Processing /home/airflow/.local/lib/python3.9/site-packages/airflow/example_dags/example_task_group.py took 0.106 seconds
[2025-02-04T16:30:01.892+0000] {processor.py:186} INFO - Started process (PID=988) to work on /home/airflow/.local/lib/python3.9/site-packages/airflow/example_dags/example_task_group.py
[2025-02-04T16:30:01.893+0000] {processor.py:914} INFO - Processing file /home/airflow/.local/lib/python3.9/site-packages/airflow/example_dags/example_task_group.py for tasks to queue
[2025-02-04T16:30:01.898+0000] {logging_mixin.py:190} INFO - [2025-02-04T16:30:01.897+0000] {dagbag.py:588} INFO - Filling up the DagBag from /home/airflow/.local/lib/python3.9/site-packages/airflow/example_dags/example_task_group.py
[2025-02-04T16:30:01.913+0000] {processor.py:925} INFO - DAG(s) 'example_task_group' retrieved from /home/airflow/.local/lib/python3.9/site-packages/airflow/example_dags/example_task_group.py
[2025-02-04T16:30:01.947+0000] {logging_mixin.py:190} INFO - [2025-02-04T16:30:01.947+0000] {dag.py:3239} INFO - Sync 1 DAGs
[2025-02-04T16:30:01.972+0000] {logging_mixin.py:190} INFO - [2025-02-04T16:30:01.971+0000] {dag.py:4180} INFO - Setting next_dagrun for example_task_group to None, run_after=None
[2025-02-04T16:30:01.997+0000] {processor.py:208} INFO - Processing /home/airflow/.local/lib/python3.9/site-packages/airflow/example_dags/example_task_group.py took 0.117 seconds
[2025-02-04T16:30:32.707+0000] {processor.py:186} INFO - Started process (PID=1049) to work on /home/airflow/.local/lib/python3.9/site-packages/airflow/example_dags/example_task_group.py
[2025-02-04T16:30:32.709+0000] {processor.py:914} INFO - Processing file /home/airflow/.local/lib/python3.9/site-packages/airflow/example_dags/example_task_group.py for tasks to queue
[2025-02-04T16:30:32.713+0000] {logging_mixin.py:190} INFO - [2025-02-04T16:30:32.712+0000] {dagbag.py:588} INFO - Filling up the DagBag from /home/airflow/.local/lib/python3.9/site-packages/airflow/example_dags/example_task_group.py
[2025-02-04T16:30:32.726+0000] {processor.py:925} INFO - DAG(s) 'example_task_group' retrieved from /home/airflow/.local/lib/python3.9/site-packages/airflow/example_dags/example_task_group.py
[2025-02-04T16:30:32.764+0000] {logging_mixin.py:190} INFO - [2025-02-04T16:30:32.763+0000] {dag.py:3239} INFO - Sync 1 DAGs
[2025-02-04T16:30:32.782+0000] {logging_mixin.py:190} INFO - [2025-02-04T16:30:32.782+0000] {dag.py:4180} INFO - Setting next_dagrun for example_task_group to None, run_after=None
[2025-02-04T16:30:32.816+0000] {processor.py:208} INFO - Processing /home/airflow/.local/lib/python3.9/site-packages/airflow/example_dags/example_task_group.py took 0.119 seconds
[2025-02-04T16:31:03.228+0000] {processor.py:186} INFO - Started process (PID=1113) to work on /home/airflow/.local/lib/python3.9/site-packages/airflow/example_dags/example_task_group.py
[2025-02-04T16:31:03.230+0000] {processor.py:914} INFO - Processing file /home/airflow/.local/lib/python3.9/site-packages/airflow/example_dags/example_task_group.py for tasks to queue
[2025-02-04T16:31:03.233+0000] {logging_mixin.py:190} INFO - [2025-02-04T16:31:03.232+0000] {dagbag.py:588} INFO - Filling up the DagBag from /home/airflow/.local/lib/python3.9/site-packages/airflow/example_dags/example_task_group.py
[2025-02-04T16:31:03.242+0000] {processor.py:925} INFO - DAG(s) 'example_task_group' retrieved from /home/airflow/.local/lib/python3.9/site-packages/airflow/example_dags/example_task_group.py
[2025-02-04T16:31:03.268+0000] {logging_mixin.py:190} INFO - [2025-02-04T16:31:03.267+0000] {dag.py:3239} INFO - Sync 1 DAGs
[2025-02-04T16:31:03.283+0000] {logging_mixin.py:190} INFO - [2025-02-04T16:31:03.283+0000] {dag.py:4180} INFO - Setting next_dagrun for example_task_group to None, run_after=None
[2025-02-04T16:31:03.311+0000] {processor.py:208} INFO - Processing /home/airflow/.local/lib/python3.9/site-packages/airflow/example_dags/example_task_group.py took 0.091 seconds
[2025-02-04T16:31:34.307+0000] {processor.py:186} INFO - Started process (PID=1177) to work on /home/airflow/.local/lib/python3.9/site-packages/airflow/example_dags/example_task_group.py
[2025-02-04T16:31:34.309+0000] {processor.py:914} INFO - Processing file /home/airflow/.local/lib/python3.9/site-packages/airflow/example_dags/example_task_group.py for tasks to queue
[2025-02-04T16:31:34.312+0000] {logging_mixin.py:190} INFO - [2025-02-04T16:31:34.312+0000] {dagbag.py:588} INFO - Filling up the DagBag from /home/airflow/.local/lib/python3.9/site-packages/airflow/example_dags/example_task_group.py
[2025-02-04T16:31:34.322+0000] {processor.py:925} INFO - DAG(s) 'example_task_group' retrieved from /home/airflow/.local/lib/python3.9/site-packages/airflow/example_dags/example_task_group.py
[2025-02-04T16:31:34.344+0000] {logging_mixin.py:190} INFO - [2025-02-04T16:31:34.344+0000] {dag.py:3239} INFO - Sync 1 DAGs
[2025-02-04T16:31:34.358+0000] {logging_mixin.py:190} INFO - [2025-02-04T16:31:34.357+0000] {dag.py:4180} INFO - Setting next_dagrun for example_task_group to None, run_after=None
[2025-02-04T16:31:34.416+0000] {processor.py:208} INFO - Processing /home/airflow/.local/lib/python3.9/site-packages/airflow/example_dags/example_task_group.py took 0.116 seconds
[2025-02-04T16:32:05.783+0000] {processor.py:186} INFO - Started process (PID=1241) to work on /home/airflow/.local/lib/python3.9/site-packages/airflow/example_dags/example_task_group.py
[2025-02-04T16:32:05.784+0000] {processor.py:914} INFO - Processing file /home/airflow/.local/lib/python3.9/site-packages/airflow/example_dags/example_task_group.py for tasks to queue
[2025-02-04T16:32:05.787+0000] {logging_mixin.py:190} INFO - [2025-02-04T16:32:05.787+0000] {dagbag.py:588} INFO - Filling up the DagBag from /home/airflow/.local/lib/python3.9/site-packages/airflow/example_dags/example_task_group.py
[2025-02-04T16:32:05.798+0000] {processor.py:925} INFO - DAG(s) 'example_task_group' retrieved from /home/airflow/.local/lib/python3.9/site-packages/airflow/example_dags/example_task_group.py
[2025-02-04T16:32:05.822+0000] {logging_mixin.py:190} INFO - [2025-02-04T16:32:05.822+0000] {dag.py:3239} INFO - Sync 1 DAGs
[2025-02-04T16:32:05.840+0000] {logging_mixin.py:190} INFO - [2025-02-04T16:32:05.840+0000] {dag.py:4180} INFO - Setting next_dagrun for example_task_group to None, run_after=None
[2025-02-04T16:32:05.868+0000] {processor.py:208} INFO - Processing /home/airflow/.local/lib/python3.9/site-packages/airflow/example_dags/example_task_group.py took 0.092 seconds
[2025-02-04T16:32:36.554+0000] {processor.py:186} INFO - Started process (PID=1305) to work on /home/airflow/.local/lib/python3.9/site-packages/airflow/example_dags/example_task_group.py
[2025-02-04T16:32:36.555+0000] {processor.py:914} INFO - Processing file /home/airflow/.local/lib/python3.9/site-packages/airflow/example_dags/example_task_group.py for tasks to queue
[2025-02-04T16:32:36.557+0000] {logging_mixin.py:190} INFO - [2025-02-04T16:32:36.557+0000] {dagbag.py:588} INFO - Filling up the DagBag from /home/airflow/.local/lib/python3.9/site-packages/airflow/example_dags/example_task_group.py
[2025-02-04T16:32:36.571+0000] {processor.py:925} INFO - DAG(s) 'example_task_group' retrieved from /home/airflow/.local/lib/python3.9/site-packages/airflow/example_dags/example_task_group.py
[2025-02-04T16:32:36.602+0000] {logging_mixin.py:190} INFO - [2025-02-04T16:32:36.601+0000] {dag.py:3239} INFO - Sync 1 DAGs
[2025-02-04T16:32:36.622+0000] {logging_mixin.py:190} INFO - [2025-02-04T16:32:36.621+0000] {dag.py:4180} INFO - Setting next_dagrun for example_task_group to None, run_after=None
[2025-02-04T16:32:36.659+0000] {processor.py:208} INFO - Processing /home/airflow/.local/lib/python3.9/site-packages/airflow/example_dags/example_task_group.py took 0.116 seconds
[2025-02-04T16:33:06.936+0000] {processor.py:186} INFO - Started process (PID=1377) to work on /home/airflow/.local/lib/python3.9/site-packages/airflow/example_dags/example_task_group.py
[2025-02-04T16:33:06.938+0000] {processor.py:914} INFO - Processing file /home/airflow/.local/lib/python3.9/site-packages/airflow/example_dags/example_task_group.py for tasks to queue
[2025-02-04T16:33:06.942+0000] {logging_mixin.py:190} INFO - [2025-02-04T16:33:06.942+0000] {dagbag.py:588} INFO - Filling up the DagBag from /home/airflow/.local/lib/python3.9/site-packages/airflow/example_dags/example_task_group.py
[2025-02-04T16:33:06.955+0000] {processor.py:925} INFO - DAG(s) 'example_task_group' retrieved from /home/airflow/.local/lib/python3.9/site-packages/airflow/example_dags/example_task_group.py
[2025-02-04T16:33:06.983+0000] {logging_mixin.py:190} INFO - [2025-02-04T16:33:06.982+0000] {dag.py:3239} INFO - Sync 1 DAGs
[2025-02-04T16:33:07.000+0000] {logging_mixin.py:190} INFO - [2025-02-04T16:33:07.000+0000] {dag.py:4180} INFO - Setting next_dagrun for example_task_group to None, run_after=None
[2025-02-04T16:33:07.028+0000] {processor.py:208} INFO - Processing /home/airflow/.local/lib/python3.9/site-packages/airflow/example_dags/example_task_group.py took 0.100 seconds
[2025-02-04T16:33:37.313+0000] {processor.py:186} INFO - Started process (PID=1441) to work on /home/airflow/.local/lib/python3.9/site-packages/airflow/example_dags/example_task_group.py
[2025-02-04T16:33:37.314+0000] {processor.py:914} INFO - Processing file /home/airflow/.local/lib/python3.9/site-packages/airflow/example_dags/example_task_group.py for tasks to queue
[2025-02-04T16:33:37.317+0000] {logging_mixin.py:190} INFO - [2025-02-04T16:33:37.316+0000] {dagbag.py:588} INFO - Filling up the DagBag from /home/airflow/.local/lib/python3.9/site-packages/airflow/example_dags/example_task_group.py
[2025-02-04T16:33:37.326+0000] {processor.py:925} INFO - DAG(s) 'example_task_group' retrieved from /home/airflow/.local/lib/python3.9/site-packages/airflow/example_dags/example_task_group.py
[2025-02-04T16:33:37.351+0000] {logging_mixin.py:190} INFO - [2025-02-04T16:33:37.350+0000] {dag.py:3239} INFO - Sync 1 DAGs
[2025-02-04T16:33:37.366+0000] {logging_mixin.py:190} INFO - [2025-02-04T16:33:37.366+0000] {dag.py:4180} INFO - Setting next_dagrun for example_task_group to None, run_after=None
[2025-02-04T16:33:37.394+0000] {processor.py:208} INFO - Processing /home/airflow/.local/lib/python3.9/site-packages/airflow/example_dags/example_task_group.py took 0.088 seconds
[2025-02-04T16:34:07.954+0000] {processor.py:186} INFO - Started process (PID=1502) to work on /home/airflow/.local/lib/python3.9/site-packages/airflow/example_dags/example_task_group.py
[2025-02-04T16:34:07.956+0000] {processor.py:914} INFO - Processing file /home/airflow/.local/lib/python3.9/site-packages/airflow/example_dags/example_task_group.py for tasks to queue
[2025-02-04T16:34:07.959+0000] {logging_mixin.py:190} INFO - [2025-02-04T16:34:07.958+0000] {dagbag.py:588} INFO - Filling up the DagBag from /home/airflow/.local/lib/python3.9/site-packages/airflow/example_dags/example_task_group.py
[2025-02-04T16:34:07.969+0000] {processor.py:925} INFO - DAG(s) 'example_task_group' retrieved from /home/airflow/.local/lib/python3.9/site-packages/airflow/example_dags/example_task_group.py
[2025-02-04T16:34:07.993+0000] {logging_mixin.py:190} INFO - [2025-02-04T16:34:07.993+0000] {dag.py:3239} INFO - Sync 1 DAGs
[2025-02-04T16:34:08.007+0000] {logging_mixin.py:190} INFO - [2025-02-04T16:34:08.007+0000] {dag.py:4180} INFO - Setting next_dagrun for example_task_group to None, run_after=None
[2025-02-04T16:34:08.035+0000] {processor.py:208} INFO - Processing /home/airflow/.local/lib/python3.9/site-packages/airflow/example_dags/example_task_group.py took 0.087 seconds
[2025-02-04T16:34:41.034+0000] {processor.py:186} INFO - Started process (PID=1567) to work on /home/airflow/.local/lib/python3.9/site-packages/airflow/example_dags/example_task_group.py
[2025-02-04T16:34:41.036+0000] {processor.py:914} INFO - Processing file /home/airflow/.local/lib/python3.9/site-packages/airflow/example_dags/example_task_group.py for tasks to queue
[2025-02-04T16:34:41.038+0000] {logging_mixin.py:190} INFO - [2025-02-04T16:34:41.038+0000] {dagbag.py:588} INFO - Filling up the DagBag from /home/airflow/.local/lib/python3.9/site-packages/airflow/example_dags/example_task_group.py
[2025-02-04T16:34:41.047+0000] {processor.py:925} INFO - DAG(s) 'example_task_group' retrieved from /home/airflow/.local/lib/python3.9/site-packages/airflow/example_dags/example_task_group.py
[2025-02-04T16:34:41.073+0000] {logging_mixin.py:190} INFO - [2025-02-04T16:34:41.072+0000] {dag.py:3239} INFO - Sync 1 DAGs
[2025-02-04T16:34:41.090+0000] {logging_mixin.py:190} INFO - [2025-02-04T16:34:41.090+0000] {dag.py:4180} INFO - Setting next_dagrun for example_task_group to None, run_after=None
[2025-02-04T16:34:41.117+0000] {processor.py:208} INFO - Processing /home/airflow/.local/lib/python3.9/site-packages/airflow/example_dags/example_task_group.py took 0.089 seconds
[2025-02-04T16:35:11.956+0000] {processor.py:186} INFO - Started process (PID=1631) to work on /home/airflow/.local/lib/python3.9/site-packages/airflow/example_dags/example_task_group.py
[2025-02-04T16:35:11.957+0000] {processor.py:914} INFO - Processing file /home/airflow/.local/lib/python3.9/site-packages/airflow/example_dags/example_task_group.py for tasks to queue
[2025-02-04T16:35:11.960+0000] {logging_mixin.py:190} INFO - [2025-02-04T16:35:11.960+0000] {dagbag.py:588} INFO - Filling up the DagBag from /home/airflow/.local/lib/python3.9/site-packages/airflow/example_dags/example_task_group.py
[2025-02-04T16:35:11.970+0000] {processor.py:925} INFO - DAG(s) 'example_task_group' retrieved from /home/airflow/.local/lib/python3.9/site-packages/airflow/example_dags/example_task_group.py
[2025-02-04T16:35:11.994+0000] {logging_mixin.py:190} INFO - [2025-02-04T16:35:11.994+0000] {dag.py:3239} INFO - Sync 1 DAGs
[2025-02-04T16:35:12.009+0000] {logging_mixin.py:190} INFO - [2025-02-04T16:35:12.009+0000] {dag.py:4180} INFO - Setting next_dagrun for example_task_group to None, run_after=None
[2025-02-04T16:35:12.036+0000] {processor.py:208} INFO - Processing /home/airflow/.local/lib/python3.9/site-packages/airflow/example_dags/example_task_group.py took 0.087 seconds
[2025-02-04T16:35:43.016+0000] {processor.py:186} INFO - Started process (PID=1695) to work on /home/airflow/.local/lib/python3.9/site-packages/airflow/example_dags/example_task_group.py
[2025-02-04T16:35:43.017+0000] {processor.py:914} INFO - Processing file /home/airflow/.local/lib/python3.9/site-packages/airflow/example_dags/example_task_group.py for tasks to queue
[2025-02-04T16:35:43.020+0000] {logging_mixin.py:190} INFO - [2025-02-04T16:35:43.020+0000] {dagbag.py:588} INFO - Filling up the DagBag from /home/airflow/.local/lib/python3.9/site-packages/airflow/example_dags/example_task_group.py
[2025-02-04T16:35:43.029+0000] {processor.py:925} INFO - DAG(s) 'example_task_group' retrieved from /home/airflow/.local/lib/python3.9/site-packages/airflow/example_dags/example_task_group.py
[2025-02-04T16:35:43.057+0000] {logging_mixin.py:190} INFO - [2025-02-04T16:35:43.057+0000] {dag.py:3239} INFO - Sync 1 DAGs
[2025-02-04T16:35:43.073+0000] {logging_mixin.py:190} INFO - [2025-02-04T16:35:43.073+0000] {dag.py:4180} INFO - Setting next_dagrun for example_task_group to None, run_after=None
[2025-02-04T16:35:43.107+0000] {processor.py:208} INFO - Processing /home/airflow/.local/lib/python3.9/site-packages/airflow/example_dags/example_task_group.py took 0.098 seconds
[2025-02-04T16:36:14.110+0000] {processor.py:186} INFO - Started process (PID=1760) to work on /home/airflow/.local/lib/python3.9/site-packages/airflow/example_dags/example_task_group.py
[2025-02-04T16:36:14.112+0000] {processor.py:914} INFO - Processing file /home/airflow/.local/lib/python3.9/site-packages/airflow/example_dags/example_task_group.py for tasks to queue
[2025-02-04T16:36:14.115+0000] {logging_mixin.py:190} INFO - [2025-02-04T16:36:14.114+0000] {dagbag.py:588} INFO - Filling up the DagBag from /home/airflow/.local/lib/python3.9/site-packages/airflow/example_dags/example_task_group.py
[2025-02-04T16:36:14.124+0000] {processor.py:925} INFO - DAG(s) 'example_task_group' retrieved from /home/airflow/.local/lib/python3.9/site-packages/airflow/example_dags/example_task_group.py
[2025-02-04T16:36:14.149+0000] {logging_mixin.py:190} INFO - [2025-02-04T16:36:14.149+0000] {dag.py:3239} INFO - Sync 1 DAGs
[2025-02-04T16:36:14.163+0000] {logging_mixin.py:190} INFO - [2025-02-04T16:36:14.162+0000] {dag.py:4180} INFO - Setting next_dagrun for example_task_group to None, run_after=None
[2025-02-04T16:36:14.192+0000] {processor.py:208} INFO - Processing /home/airflow/.local/lib/python3.9/site-packages/airflow/example_dags/example_task_group.py took 0.088 seconds
[2025-02-04T16:36:44.967+0000] {processor.py:186} INFO - Started process (PID=1824) to work on /home/airflow/.local/lib/python3.9/site-packages/airflow/example_dags/example_task_group.py
[2025-02-04T16:36:44.968+0000] {processor.py:914} INFO - Processing file /home/airflow/.local/lib/python3.9/site-packages/airflow/example_dags/example_task_group.py for tasks to queue
[2025-02-04T16:36:44.971+0000] {logging_mixin.py:190} INFO - [2025-02-04T16:36:44.970+0000] {dagbag.py:588} INFO - Filling up the DagBag from /home/airflow/.local/lib/python3.9/site-packages/airflow/example_dags/example_task_group.py
[2025-02-04T16:36:44.980+0000] {processor.py:925} INFO - DAG(s) 'example_task_group' retrieved from /home/airflow/.local/lib/python3.9/site-packages/airflow/example_dags/example_task_group.py
[2025-02-04T16:36:45.002+0000] {logging_mixin.py:190} INFO - [2025-02-04T16:36:45.001+0000] {dag.py:3239} INFO - Sync 1 DAGs
[2025-02-04T16:36:45.016+0000] {logging_mixin.py:190} INFO - [2025-02-04T16:36:45.016+0000] {dag.py:4180} INFO - Setting next_dagrun for example_task_group to None, run_after=None
[2025-02-04T16:36:45.039+0000] {processor.py:208} INFO - Processing /home/airflow/.local/lib/python3.9/site-packages/airflow/example_dags/example_task_group.py took 0.078 seconds
[2025-02-04T16:39:23.423+0000] {processor.py:186} INFO - Started process (PID=1887) to work on /home/airflow/.local/lib/python3.9/site-packages/airflow/example_dags/example_task_group.py
[2025-02-04T16:39:23.424+0000] {processor.py:914} INFO - Processing file /home/airflow/.local/lib/python3.9/site-packages/airflow/example_dags/example_task_group.py for tasks to queue
[2025-02-04T16:39:23.426+0000] {logging_mixin.py:190} INFO - [2025-02-04T16:39:23.425+0000] {dagbag.py:588} INFO - Filling up the DagBag from /home/airflow/.local/lib/python3.9/site-packages/airflow/example_dags/example_task_group.py
[2025-02-04T16:39:23.438+0000] {processor.py:925} INFO - DAG(s) 'example_task_group' retrieved from /home/airflow/.local/lib/python3.9/site-packages/airflow/example_dags/example_task_group.py
[2025-02-04T16:39:23.465+0000] {logging_mixin.py:190} INFO - [2025-02-04T16:39:23.464+0000] {dag.py:3239} INFO - Sync 1 DAGs
[2025-02-04T16:39:23.487+0000] {logging_mixin.py:190} INFO - [2025-02-04T16:39:23.487+0000] {dag.py:4180} INFO - Setting next_dagrun for example_task_group to None, run_after=None
[2025-02-04T16:39:23.512+0000] {processor.py:208} INFO - Processing /home/airflow/.local/lib/python3.9/site-packages/airflow/example_dags/example_task_group.py took 0.097 seconds
[2025-02-04T16:39:53.662+0000] {processor.py:186} INFO - Started process (PID=1950) to work on /home/airflow/.local/lib/python3.9/site-packages/airflow/example_dags/example_task_group.py
[2025-02-04T16:39:53.663+0000] {processor.py:914} INFO - Processing file /home/airflow/.local/lib/python3.9/site-packages/airflow/example_dags/example_task_group.py for tasks to queue
[2025-02-04T16:39:53.665+0000] {logging_mixin.py:190} INFO - [2025-02-04T16:39:53.664+0000] {dagbag.py:588} INFO - Filling up the DagBag from /home/airflow/.local/lib/python3.9/site-packages/airflow/example_dags/example_task_group.py
[2025-02-04T16:39:53.674+0000] {processor.py:925} INFO - DAG(s) 'example_task_group' retrieved from /home/airflow/.local/lib/python3.9/site-packages/airflow/example_dags/example_task_group.py
[2025-02-04T16:39:53.694+0000] {logging_mixin.py:190} INFO - [2025-02-04T16:39:53.693+0000] {dag.py:3239} INFO - Sync 1 DAGs
[2025-02-04T16:39:53.709+0000] {logging_mixin.py:190} INFO - [2025-02-04T16:39:53.708+0000] {dag.py:4180} INFO - Setting next_dagrun for example_task_group to None, run_after=None
[2025-02-04T16:39:53.732+0000] {processor.py:208} INFO - Processing /home/airflow/.local/lib/python3.9/site-packages/airflow/example_dags/example_task_group.py took 0.075 seconds
[2025-02-04T16:40:24.809+0000] {processor.py:186} INFO - Started process (PID=2015) to work on /home/airflow/.local/lib/python3.9/site-packages/airflow/example_dags/example_task_group.py
[2025-02-04T16:40:24.811+0000] {processor.py:914} INFO - Processing file /home/airflow/.local/lib/python3.9/site-packages/airflow/example_dags/example_task_group.py for tasks to queue
[2025-02-04T16:40:24.813+0000] {logging_mixin.py:190} INFO - [2025-02-04T16:40:24.813+0000] {dagbag.py:588} INFO - Filling up the DagBag from /home/airflow/.local/lib/python3.9/site-packages/airflow/example_dags/example_task_group.py
[2025-02-04T16:40:24.825+0000] {processor.py:925} INFO - DAG(s) 'example_task_group' retrieved from /home/airflow/.local/lib/python3.9/site-packages/airflow/example_dags/example_task_group.py
[2025-02-04T16:40:24.850+0000] {logging_mixin.py:190} INFO - [2025-02-04T16:40:24.849+0000] {dag.py:3239} INFO - Sync 1 DAGs
[2025-02-04T16:40:24.864+0000] {logging_mixin.py:190} INFO - [2025-02-04T16:40:24.864+0000] {dag.py:4180} INFO - Setting next_dagrun for example_task_group to None, run_after=None
[2025-02-04T16:40:24.890+0000] {processor.py:208} INFO - Processing /home/airflow/.local/lib/python3.9/site-packages/airflow/example_dags/example_task_group.py took 0.087 seconds
[2025-02-04T16:40:55.855+0000] {processor.py:186} INFO - Started process (PID=2079) to work on /home/airflow/.local/lib/python3.9/site-packages/airflow/example_dags/example_task_group.py
[2025-02-04T16:40:55.856+0000] {processor.py:914} INFO - Processing file /home/airflow/.local/lib/python3.9/site-packages/airflow/example_dags/example_task_group.py for tasks to queue
[2025-02-04T16:40:55.857+0000] {logging_mixin.py:190} INFO - [2025-02-04T16:40:55.857+0000] {dagbag.py:588} INFO - Filling up the DagBag from /home/airflow/.local/lib/python3.9/site-packages/airflow/example_dags/example_task_group.py
[2025-02-04T16:40:55.866+0000] {processor.py:925} INFO - DAG(s) 'example_task_group' retrieved from /home/airflow/.local/lib/python3.9/site-packages/airflow/example_dags/example_task_group.py
[2025-02-04T16:40:55.891+0000] {logging_mixin.py:190} INFO - [2025-02-04T16:40:55.890+0000] {dag.py:3239} INFO - Sync 1 DAGs
[2025-02-04T16:40:55.914+0000] {logging_mixin.py:190} INFO - [2025-02-04T16:40:55.914+0000] {dag.py:4180} INFO - Setting next_dagrun for example_task_group to None, run_after=None
[2025-02-04T16:40:55.942+0000] {processor.py:208} INFO - Processing /home/airflow/.local/lib/python3.9/site-packages/airflow/example_dags/example_task_group.py took 0.094 seconds
[2025-02-04T16:41:26.776+0000] {processor.py:186} INFO - Started process (PID=2143) to work on /home/airflow/.local/lib/python3.9/site-packages/airflow/example_dags/example_task_group.py
[2025-02-04T16:41:26.777+0000] {processor.py:914} INFO - Processing file /home/airflow/.local/lib/python3.9/site-packages/airflow/example_dags/example_task_group.py for tasks to queue
[2025-02-04T16:41:26.779+0000] {logging_mixin.py:190} INFO - [2025-02-04T16:41:26.779+0000] {dagbag.py:588} INFO - Filling up the DagBag from /home/airflow/.local/lib/python3.9/site-packages/airflow/example_dags/example_task_group.py
[2025-02-04T16:41:26.788+0000] {processor.py:925} INFO - DAG(s) 'example_task_group' retrieved from /home/airflow/.local/lib/python3.9/site-packages/airflow/example_dags/example_task_group.py
[2025-02-04T16:41:26.811+0000] {logging_mixin.py:190} INFO - [2025-02-04T16:41:26.811+0000] {dag.py:3239} INFO - Sync 1 DAGs
[2025-02-04T16:41:26.825+0000] {logging_mixin.py:190} INFO - [2025-02-04T16:41:26.825+0000] {dag.py:4180} INFO - Setting next_dagrun for example_task_group to None, run_after=None
[2025-02-04T16:41:26.865+0000] {processor.py:208} INFO - Processing /home/airflow/.local/lib/python3.9/site-packages/airflow/example_dags/example_task_group.py took 0.095 seconds
[2025-02-04T16:41:57.110+0000] {processor.py:186} INFO - Started process (PID=2207) to work on /home/airflow/.local/lib/python3.9/site-packages/airflow/example_dags/example_task_group.py
[2025-02-04T16:41:57.111+0000] {processor.py:914} INFO - Processing file /home/airflow/.local/lib/python3.9/site-packages/airflow/example_dags/example_task_group.py for tasks to queue
[2025-02-04T16:41:57.113+0000] {logging_mixin.py:190} INFO - [2025-02-04T16:41:57.112+0000] {dagbag.py:588} INFO - Filling up the DagBag from /home/airflow/.local/lib/python3.9/site-packages/airflow/example_dags/example_task_group.py
[2025-02-04T16:41:57.121+0000] {processor.py:925} INFO - DAG(s) 'example_task_group' retrieved from /home/airflow/.local/lib/python3.9/site-packages/airflow/example_dags/example_task_group.py
[2025-02-04T16:41:57.143+0000] {logging_mixin.py:190} INFO - [2025-02-04T16:41:57.143+0000] {dag.py:3239} INFO - Sync 1 DAGs
[2025-02-04T16:41:57.156+0000] {logging_mixin.py:190} INFO - [2025-02-04T16:41:57.156+0000] {dag.py:4180} INFO - Setting next_dagrun for example_task_group to None, run_after=None
[2025-02-04T16:41:57.181+0000] {processor.py:208} INFO - Processing /home/airflow/.local/lib/python3.9/site-packages/airflow/example_dags/example_task_group.py took 0.077 seconds
[2025-02-04T16:42:28.124+0000] {processor.py:186} INFO - Started process (PID=2271) to work on /home/airflow/.local/lib/python3.9/site-packages/airflow/example_dags/example_task_group.py
[2025-02-04T16:42:28.126+0000] {processor.py:914} INFO - Processing file /home/airflow/.local/lib/python3.9/site-packages/airflow/example_dags/example_task_group.py for tasks to queue
[2025-02-04T16:42:28.127+0000] {logging_mixin.py:190} INFO - [2025-02-04T16:42:28.127+0000] {dagbag.py:588} INFO - Filling up the DagBag from /home/airflow/.local/lib/python3.9/site-packages/airflow/example_dags/example_task_group.py
[2025-02-04T16:42:28.138+0000] {processor.py:925} INFO - DAG(s) 'example_task_group' retrieved from /home/airflow/.local/lib/python3.9/site-packages/airflow/example_dags/example_task_group.py
[2025-02-04T16:42:28.166+0000] {logging_mixin.py:190} INFO - [2025-02-04T16:42:28.165+0000] {dag.py:3239} INFO - Sync 1 DAGs
[2025-02-04T16:42:28.184+0000] {logging_mixin.py:190} INFO - [2025-02-04T16:42:28.183+0000] {dag.py:4180} INFO - Setting next_dagrun for example_task_group to None, run_after=None
[2025-02-04T16:42:28.216+0000] {processor.py:208} INFO - Processing /home/airflow/.local/lib/python3.9/site-packages/airflow/example_dags/example_task_group.py took 0.099 seconds
[2025-02-04T16:42:58.877+0000] {processor.py:186} INFO - Started process (PID=2335) to work on /home/airflow/.local/lib/python3.9/site-packages/airflow/example_dags/example_task_group.py
[2025-02-04T16:42:58.878+0000] {processor.py:914} INFO - Processing file /home/airflow/.local/lib/python3.9/site-packages/airflow/example_dags/example_task_group.py for tasks to queue
[2025-02-04T16:42:58.880+0000] {logging_mixin.py:190} INFO - [2025-02-04T16:42:58.880+0000] {dagbag.py:588} INFO - Filling up the DagBag from /home/airflow/.local/lib/python3.9/site-packages/airflow/example_dags/example_task_group.py
[2025-02-04T16:42:58.890+0000] {processor.py:925} INFO - DAG(s) 'example_task_group' retrieved from /home/airflow/.local/lib/python3.9/site-packages/airflow/example_dags/example_task_group.py
[2025-02-04T16:42:58.915+0000] {logging_mixin.py:190} INFO - [2025-02-04T16:42:58.914+0000] {dag.py:3239} INFO - Sync 1 DAGs
[2025-02-04T16:42:58.930+0000] {logging_mixin.py:190} INFO - [2025-02-04T16:42:58.930+0000] {dag.py:4180} INFO - Setting next_dagrun for example_task_group to None, run_after=None
[2025-02-04T16:42:58.958+0000] {processor.py:208} INFO - Processing /home/airflow/.local/lib/python3.9/site-packages/airflow/example_dags/example_task_group.py took 0.088 seconds
[2025-02-04T16:43:29.023+0000] {processor.py:186} INFO - Started process (PID=2399) to work on /home/airflow/.local/lib/python3.9/site-packages/airflow/example_dags/example_task_group.py
[2025-02-04T16:43:29.024+0000] {processor.py:914} INFO - Processing file /home/airflow/.local/lib/python3.9/site-packages/airflow/example_dags/example_task_group.py for tasks to queue
[2025-02-04T16:43:29.026+0000] {logging_mixin.py:190} INFO - [2025-02-04T16:43:29.025+0000] {dagbag.py:588} INFO - Filling up the DagBag from /home/airflow/.local/lib/python3.9/site-packages/airflow/example_dags/example_task_group.py
[2025-02-04T16:43:29.036+0000] {processor.py:925} INFO - DAG(s) 'example_task_group' retrieved from /home/airflow/.local/lib/python3.9/site-packages/airflow/example_dags/example_task_group.py
[2025-02-04T16:43:29.061+0000] {logging_mixin.py:190} INFO - [2025-02-04T16:43:29.061+0000] {dag.py:3239} INFO - Sync 1 DAGs
[2025-02-04T16:43:29.083+0000] {logging_mixin.py:190} INFO - [2025-02-04T16:43:29.082+0000] {dag.py:4180} INFO - Setting next_dagrun for example_task_group to None, run_after=None
[2025-02-04T16:43:29.119+0000] {processor.py:208} INFO - Processing /home/airflow/.local/lib/python3.9/site-packages/airflow/example_dags/example_task_group.py took 0.103 seconds
[2025-02-04T16:43:59.848+0000] {processor.py:186} INFO - Started process (PID=2463) to work on /home/airflow/.local/lib/python3.9/site-packages/airflow/example_dags/example_task_group.py
[2025-02-04T16:43:59.850+0000] {processor.py:914} INFO - Processing file /home/airflow/.local/lib/python3.9/site-packages/airflow/example_dags/example_task_group.py for tasks to queue
[2025-02-04T16:43:59.852+0000] {logging_mixin.py:190} INFO - [2025-02-04T16:43:59.851+0000] {dagbag.py:588} INFO - Filling up the DagBag from /home/airflow/.local/lib/python3.9/site-packages/airflow/example_dags/example_task_group.py
[2025-02-04T16:43:59.868+0000] {processor.py:925} INFO - DAG(s) 'example_task_group' retrieved from /home/airflow/.local/lib/python3.9/site-packages/airflow/example_dags/example_task_group.py
[2025-02-04T16:43:59.893+0000] {logging_mixin.py:190} INFO - [2025-02-04T16:43:59.893+0000] {dag.py:3239} INFO - Sync 1 DAGs
[2025-02-04T16:43:59.909+0000] {logging_mixin.py:190} INFO - [2025-02-04T16:43:59.909+0000] {dag.py:4180} INFO - Setting next_dagrun for example_task_group to None, run_after=None
[2025-02-04T16:43:59.938+0000] {processor.py:208} INFO - Processing /home/airflow/.local/lib/python3.9/site-packages/airflow/example_dags/example_task_group.py took 0.097 seconds
[2025-02-04T16:44:30.084+0000] {processor.py:186} INFO - Started process (PID=2526) to work on /home/airflow/.local/lib/python3.9/site-packages/airflow/example_dags/example_task_group.py
[2025-02-04T16:44:30.086+0000] {processor.py:914} INFO - Processing file /home/airflow/.local/lib/python3.9/site-packages/airflow/example_dags/example_task_group.py for tasks to queue
[2025-02-04T16:44:30.088+0000] {logging_mixin.py:190} INFO - [2025-02-04T16:44:30.087+0000] {dagbag.py:588} INFO - Filling up the DagBag from /home/airflow/.local/lib/python3.9/site-packages/airflow/example_dags/example_task_group.py
[2025-02-04T16:44:30.098+0000] {processor.py:925} INFO - DAG(s) 'example_task_group' retrieved from /home/airflow/.local/lib/python3.9/site-packages/airflow/example_dags/example_task_group.py
[2025-02-04T16:44:30.121+0000] {logging_mixin.py:190} INFO - [2025-02-04T16:44:30.120+0000] {dag.py:3239} INFO - Sync 1 DAGs
[2025-02-04T16:44:30.136+0000] {logging_mixin.py:190} INFO - [2025-02-04T16:44:30.136+0000] {dag.py:4180} INFO - Setting next_dagrun for example_task_group to None, run_after=None
[2025-02-04T16:44:30.163+0000] {processor.py:208} INFO - Processing /home/airflow/.local/lib/python3.9/site-packages/airflow/example_dags/example_task_group.py took 0.088 seconds
[2025-02-04T16:45:00.615+0000] {processor.py:186} INFO - Started process (PID=2591) to work on /home/airflow/.local/lib/python3.9/site-packages/airflow/example_dags/example_task_group.py
[2025-02-04T16:45:00.617+0000] {processor.py:914} INFO - Processing file /home/airflow/.local/lib/python3.9/site-packages/airflow/example_dags/example_task_group.py for tasks to queue
[2025-02-04T16:45:00.618+0000] {logging_mixin.py:190} INFO - [2025-02-04T16:45:00.618+0000] {dagbag.py:588} INFO - Filling up the DagBag from /home/airflow/.local/lib/python3.9/site-packages/airflow/example_dags/example_task_group.py
[2025-02-04T16:45:00.629+0000] {processor.py:925} INFO - DAG(s) 'example_task_group' retrieved from /home/airflow/.local/lib/python3.9/site-packages/airflow/example_dags/example_task_group.py
[2025-02-04T16:45:00.653+0000] {logging_mixin.py:190} INFO - [2025-02-04T16:45:00.653+0000] {dag.py:3239} INFO - Sync 1 DAGs
[2025-02-04T16:45:00.669+0000] {logging_mixin.py:190} INFO - [2025-02-04T16:45:00.668+0000] {dag.py:4180} INFO - Setting next_dagrun for example_task_group to None, run_after=None
[2025-02-04T16:45:00.784+0000] {processor.py:208} INFO - Processing /home/airflow/.local/lib/python3.9/site-packages/airflow/example_dags/example_task_group.py took 0.176 seconds
[2025-02-04T16:45:31.056+0000] {processor.py:186} INFO - Started process (PID=2655) to work on /home/airflow/.local/lib/python3.9/site-packages/airflow/example_dags/example_task_group.py
[2025-02-04T16:45:31.057+0000] {processor.py:914} INFO - Processing file /home/airflow/.local/lib/python3.9/site-packages/airflow/example_dags/example_task_group.py for tasks to queue
[2025-02-04T16:45:31.059+0000] {logging_mixin.py:190} INFO - [2025-02-04T16:45:31.059+0000] {dagbag.py:588} INFO - Filling up the DagBag from /home/airflow/.local/lib/python3.9/site-packages/airflow/example_dags/example_task_group.py
[2025-02-04T16:45:31.069+0000] {processor.py:925} INFO - DAG(s) 'example_task_group' retrieved from /home/airflow/.local/lib/python3.9/site-packages/airflow/example_dags/example_task_group.py
[2025-02-04T16:45:31.093+0000] {logging_mixin.py:190} INFO - [2025-02-04T16:45:31.093+0000] {dag.py:3239} INFO - Sync 1 DAGs
[2025-02-04T16:45:31.108+0000] {logging_mixin.py:190} INFO - [2025-02-04T16:45:31.107+0000] {dag.py:4180} INFO - Setting next_dagrun for example_task_group to None, run_after=None
[2025-02-04T16:45:31.132+0000] {processor.py:208} INFO - Processing /home/airflow/.local/lib/python3.9/site-packages/airflow/example_dags/example_task_group.py took 0.083 seconds
[2025-02-04T16:46:03.752+0000] {processor.py:186} INFO - Started process (PID=2726) to work on /home/airflow/.local/lib/python3.9/site-packages/airflow/example_dags/example_task_group.py
[2025-02-04T16:46:03.755+0000] {processor.py:914} INFO - Processing file /home/airflow/.local/lib/python3.9/site-packages/airflow/example_dags/example_task_group.py for tasks to queue
[2025-02-04T16:46:03.784+0000] {logging_mixin.py:190} INFO - [2025-02-04T16:46:03.782+0000] {dagbag.py:588} INFO - Filling up the DagBag from /home/airflow/.local/lib/python3.9/site-packages/airflow/example_dags/example_task_group.py
[2025-02-04T16:46:03.803+0000] {processor.py:925} INFO - DAG(s) 'example_task_group' retrieved from /home/airflow/.local/lib/python3.9/site-packages/airflow/example_dags/example_task_group.py
[2025-02-04T16:46:03.839+0000] {logging_mixin.py:190} INFO - [2025-02-04T16:46:03.839+0000] {dag.py:3239} INFO - Sync 1 DAGs
[2025-02-04T16:46:03.862+0000] {logging_mixin.py:190} INFO - [2025-02-04T16:46:03.862+0000] {dag.py:4180} INFO - Setting next_dagrun for example_task_group to None, run_after=None
[2025-02-04T16:46:03.943+0000] {processor.py:208} INFO - Processing /home/airflow/.local/lib/python3.9/site-packages/airflow/example_dags/example_task_group.py took 0.202 seconds
[2025-02-04T16:46:33.799+0000] {processor.py:186} INFO - Started process (PID=2790) to work on /home/airflow/.local/lib/python3.9/site-packages/airflow/example_dags/example_task_group.py
[2025-02-04T16:46:33.801+0000] {processor.py:914} INFO - Processing file /home/airflow/.local/lib/python3.9/site-packages/airflow/example_dags/example_task_group.py for tasks to queue
[2025-02-04T16:46:33.805+0000] {logging_mixin.py:190} INFO - [2025-02-04T16:46:33.804+0000] {dagbag.py:588} INFO - Filling up the DagBag from /home/airflow/.local/lib/python3.9/site-packages/airflow/example_dags/example_task_group.py
[2025-02-04T16:46:33.822+0000] {processor.py:925} INFO - DAG(s) 'example_task_group' retrieved from /home/airflow/.local/lib/python3.9/site-packages/airflow/example_dags/example_task_group.py
[2025-02-04T16:46:33.853+0000] {logging_mixin.py:190} INFO - [2025-02-04T16:46:33.852+0000] {dag.py:3239} INFO - Sync 1 DAGs
[2025-02-04T16:46:33.868+0000] {logging_mixin.py:190} INFO - [2025-02-04T16:46:33.867+0000] {dag.py:4180} INFO - Setting next_dagrun for example_task_group to None, run_after=None
[2025-02-04T16:46:33.896+0000] {processor.py:208} INFO - Processing /home/airflow/.local/lib/python3.9/site-packages/airflow/example_dags/example_task_group.py took 0.103 seconds
[2025-02-04T16:47:07.641+0000] {processor.py:186} INFO - Started process (PID=2854) to work on /home/airflow/.local/lib/python3.9/site-packages/airflow/example_dags/example_task_group.py
[2025-02-04T16:47:07.642+0000] {processor.py:914} INFO - Processing file /home/airflow/.local/lib/python3.9/site-packages/airflow/example_dags/example_task_group.py for tasks to queue
[2025-02-04T16:47:07.644+0000] {logging_mixin.py:190} INFO - [2025-02-04T16:47:07.643+0000] {dagbag.py:588} INFO - Filling up the DagBag from /home/airflow/.local/lib/python3.9/site-packages/airflow/example_dags/example_task_group.py
[2025-02-04T16:47:07.654+0000] {processor.py:925} INFO - DAG(s) 'example_task_group' retrieved from /home/airflow/.local/lib/python3.9/site-packages/airflow/example_dags/example_task_group.py
[2025-02-04T16:47:07.693+0000] {logging_mixin.py:190} INFO - [2025-02-04T16:47:07.693+0000] {dag.py:3239} INFO - Sync 1 DAGs
[2025-02-04T16:47:07.949+0000] {logging_mixin.py:190} INFO - [2025-02-04T16:47:07.949+0000] {dag.py:4180} INFO - Setting next_dagrun for example_task_group to None, run_after=None
[2025-02-04T16:47:07.971+0000] {processor.py:208} INFO - Processing /home/airflow/.local/lib/python3.9/site-packages/airflow/example_dags/example_task_group.py took 0.337 seconds
[2025-02-04T16:47:46.820+0000] {processor.py:186} INFO - Started process (PID=2918) to work on /home/airflow/.local/lib/python3.9/site-packages/airflow/example_dags/example_task_group.py
[2025-02-04T16:47:46.821+0000] {processor.py:914} INFO - Processing file /home/airflow/.local/lib/python3.9/site-packages/airflow/example_dags/example_task_group.py for tasks to queue
[2025-02-04T16:47:46.824+0000] {logging_mixin.py:190} INFO - [2025-02-04T16:47:46.823+0000] {dagbag.py:588} INFO - Filling up the DagBag from /home/airflow/.local/lib/python3.9/site-packages/airflow/example_dags/example_task_group.py
[2025-02-04T16:47:46.956+0000] {processor.py:925} INFO - DAG(s) 'example_task_group' retrieved from /home/airflow/.local/lib/python3.9/site-packages/airflow/example_dags/example_task_group.py
[2025-02-04T16:47:47.113+0000] {logging_mixin.py:190} INFO - [2025-02-04T16:47:47.113+0000] {dag.py:3239} INFO - Sync 1 DAGs
[2025-02-04T16:47:47.134+0000] {logging_mixin.py:190} INFO - [2025-02-04T16:47:47.134+0000] {dag.py:4180} INFO - Setting next_dagrun for example_task_group to None, run_after=None
[2025-02-04T16:47:47.171+0000] {processor.py:208} INFO - Processing /home/airflow/.local/lib/python3.9/site-packages/airflow/example_dags/example_task_group.py took 0.358 seconds
