[2025-02-04T16:22:45.889+0000] {processor.py:186} INFO - Started process (PID=97) to work on /home/airflow/.local/lib/python3.9/site-packages/airflow/example_dags/example_short_circuit_decorator.py
[2025-02-04T16:22:45.890+0000] {processor.py:914} INFO - Processing file /home/airflow/.local/lib/python3.9/site-packages/airflow/example_dags/example_short_circuit_decorator.py for tasks to queue
[2025-02-04T16:22:45.893+0000] {logging_mixin.py:190} INFO - [2025-02-04T16:22:45.893+0000] {dagbag.py:588} INFO - Filling up the DagBag from /home/airflow/.local/lib/python3.9/site-packages/airflow/example_dags/example_short_circuit_decorator.py
[2025-02-04T16:22:45.972+0000] {processor.py:925} INFO - DAG(s) 'example_short_circuit_decorator' retrieved from /home/airflow/.local/lib/python3.9/site-packages/airflow/example_dags/example_short_circuit_decorator.py
[2025-02-04T16:22:46.094+0000] {logging_mixin.py:190} INFO - [2025-02-04T16:22:46.093+0000] {override.py:1912} INFO - Created Permission View: can delete on DAG:example_short_circuit_decorator
[2025-02-04T16:22:46.112+0000] {logging_mixin.py:190} INFO - [2025-02-04T16:22:46.111+0000] {override.py:1912} INFO - Created Permission View: can edit on DAG:example_short_circuit_decorator
[2025-02-04T16:22:46.127+0000] {logging_mixin.py:190} INFO - [2025-02-04T16:22:46.127+0000] {override.py:1912} INFO - Created Permission View: can read on DAG:example_short_circuit_decorator
[2025-02-04T16:22:46.152+0000] {logging_mixin.py:190} INFO - [2025-02-04T16:22:46.151+0000] {override.py:1912} INFO - Created Permission View: can delete on DAG Run:example_short_circuit_decorator
[2025-02-04T16:22:46.166+0000] {logging_mixin.py:190} INFO - [2025-02-04T16:22:46.165+0000] {override.py:1912} INFO - Created Permission View: menu access on DAG Run:example_short_circuit_decorator
[2025-02-04T16:22:46.180+0000] {logging_mixin.py:190} INFO - [2025-02-04T16:22:46.180+0000] {override.py:1912} INFO - Created Permission View: can read on DAG Run:example_short_circuit_decorator
[2025-02-04T16:22:46.196+0000] {logging_mixin.py:190} INFO - [2025-02-04T16:22:46.195+0000] {override.py:1912} INFO - Created Permission View: can create on DAG Run:example_short_circuit_decorator
[2025-02-04T16:22:46.197+0000] {logging_mixin.py:190} INFO - [2025-02-04T16:22:46.197+0000] {dag.py:3239} INFO - Sync 1 DAGs
[2025-02-04T16:22:46.210+0000] {logging_mixin.py:190} INFO - [2025-02-04T16:22:46.210+0000] {dag.py:3262} INFO - Creating ORM DAG for example_short_circuit_decorator
[2025-02-04T16:22:46.211+0000] {logging_mixin.py:190} INFO - [2025-02-04T16:22:46.211+0000] {dag.py:4180} INFO - Setting next_dagrun for example_short_circuit_decorator to None, run_after=None
[2025-02-04T16:22:46.236+0000] {processor.py:208} INFO - Processing /home/airflow/.local/lib/python3.9/site-packages/airflow/example_dags/example_short_circuit_decorator.py took 0.354 seconds
[2025-02-04T16:23:29.200+0000] {processor.py:186} INFO - Started process (PID=168) to work on /home/airflow/.local/lib/python3.9/site-packages/airflow/example_dags/example_short_circuit_decorator.py
[2025-02-04T16:23:29.201+0000] {processor.py:914} INFO - Processing file /home/airflow/.local/lib/python3.9/site-packages/airflow/example_dags/example_short_circuit_decorator.py for tasks to queue
[2025-02-04T16:23:29.204+0000] {logging_mixin.py:190} INFO - [2025-02-04T16:23:29.204+0000] {dagbag.py:588} INFO - Filling up the DagBag from /home/airflow/.local/lib/python3.9/site-packages/airflow/example_dags/example_short_circuit_decorator.py
[2025-02-04T16:23:29.214+0000] {processor.py:925} INFO - DAG(s) 'example_short_circuit_decorator' retrieved from /home/airflow/.local/lib/python3.9/site-packages/airflow/example_dags/example_short_circuit_decorator.py
[2025-02-04T16:23:29.239+0000] {logging_mixin.py:190} INFO - [2025-02-04T16:23:29.239+0000] {dag.py:3239} INFO - Sync 1 DAGs
[2025-02-04T16:23:29.253+0000] {logging_mixin.py:190} INFO - [2025-02-04T16:23:29.253+0000] {dag.py:4180} INFO - Setting next_dagrun for example_short_circuit_decorator to None, run_after=None
[2025-02-04T16:23:29.281+0000] {processor.py:208} INFO - Processing /home/airflow/.local/lib/python3.9/site-packages/airflow/example_dags/example_short_circuit_decorator.py took 0.088 seconds
[2025-02-04T16:24:00.043+0000] {processor.py:186} INFO - Started process (PID=231) to work on /home/airflow/.local/lib/python3.9/site-packages/airflow/example_dags/example_short_circuit_decorator.py
[2025-02-04T16:24:00.044+0000] {processor.py:914} INFO - Processing file /home/airflow/.local/lib/python3.9/site-packages/airflow/example_dags/example_short_circuit_decorator.py for tasks to queue
[2025-02-04T16:24:00.047+0000] {logging_mixin.py:190} INFO - [2025-02-04T16:24:00.047+0000] {dagbag.py:588} INFO - Filling up the DagBag from /home/airflow/.local/lib/python3.9/site-packages/airflow/example_dags/example_short_circuit_decorator.py
[2025-02-04T16:24:00.057+0000] {processor.py:925} INFO - DAG(s) 'example_short_circuit_decorator' retrieved from /home/airflow/.local/lib/python3.9/site-packages/airflow/example_dags/example_short_circuit_decorator.py
[2025-02-04T16:24:00.083+0000] {logging_mixin.py:190} INFO - [2025-02-04T16:24:00.082+0000] {dag.py:3239} INFO - Sync 1 DAGs
[2025-02-04T16:24:00.097+0000] {logging_mixin.py:190} INFO - [2025-02-04T16:24:00.097+0000] {dag.py:4180} INFO - Setting next_dagrun for example_short_circuit_decorator to None, run_after=None
[2025-02-04T16:24:00.125+0000] {processor.py:208} INFO - Processing /home/airflow/.local/lib/python3.9/site-packages/airflow/example_dags/example_short_circuit_decorator.py took 0.088 seconds
[2025-02-04T16:24:30.841+0000] {processor.py:186} INFO - Started process (PID=294) to work on /home/airflow/.local/lib/python3.9/site-packages/airflow/example_dags/example_short_circuit_decorator.py
[2025-02-04T16:24:30.842+0000] {processor.py:914} INFO - Processing file /home/airflow/.local/lib/python3.9/site-packages/airflow/example_dags/example_short_circuit_decorator.py for tasks to queue
[2025-02-04T16:24:30.845+0000] {logging_mixin.py:190} INFO - [2025-02-04T16:24:30.845+0000] {dagbag.py:588} INFO - Filling up the DagBag from /home/airflow/.local/lib/python3.9/site-packages/airflow/example_dags/example_short_circuit_decorator.py
[2025-02-04T16:24:30.855+0000] {processor.py:925} INFO - DAG(s) 'example_short_circuit_decorator' retrieved from /home/airflow/.local/lib/python3.9/site-packages/airflow/example_dags/example_short_circuit_decorator.py
[2025-02-04T16:24:30.881+0000] {logging_mixin.py:190} INFO - [2025-02-04T16:24:30.880+0000] {dag.py:3239} INFO - Sync 1 DAGs
[2025-02-04T16:24:30.894+0000] {logging_mixin.py:190} INFO - [2025-02-04T16:24:30.894+0000] {dag.py:4180} INFO - Setting next_dagrun for example_short_circuit_decorator to None, run_after=None
[2025-02-04T16:24:30.920+0000] {processor.py:208} INFO - Processing /home/airflow/.local/lib/python3.9/site-packages/airflow/example_dags/example_short_circuit_decorator.py took 0.085 seconds
[2025-02-04T16:25:01.604+0000] {processor.py:186} INFO - Started process (PID=358) to work on /home/airflow/.local/lib/python3.9/site-packages/airflow/example_dags/example_short_circuit_decorator.py
[2025-02-04T16:25:01.606+0000] {processor.py:914} INFO - Processing file /home/airflow/.local/lib/python3.9/site-packages/airflow/example_dags/example_short_circuit_decorator.py for tasks to queue
[2025-02-04T16:25:01.609+0000] {logging_mixin.py:190} INFO - [2025-02-04T16:25:01.608+0000] {dagbag.py:588} INFO - Filling up the DagBag from /home/airflow/.local/lib/python3.9/site-packages/airflow/example_dags/example_short_circuit_decorator.py
[2025-02-04T16:25:01.619+0000] {processor.py:925} INFO - DAG(s) 'example_short_circuit_decorator' retrieved from /home/airflow/.local/lib/python3.9/site-packages/airflow/example_dags/example_short_circuit_decorator.py
[2025-02-04T16:25:01.644+0000] {logging_mixin.py:190} INFO - [2025-02-04T16:25:01.644+0000] {dag.py:3239} INFO - Sync 1 DAGs
[2025-02-04T16:25:01.659+0000] {logging_mixin.py:190} INFO - [2025-02-04T16:25:01.659+0000] {dag.py:4180} INFO - Setting next_dagrun for example_short_circuit_decorator to None, run_after=None
[2025-02-04T16:25:01.686+0000] {processor.py:208} INFO - Processing /home/airflow/.local/lib/python3.9/site-packages/airflow/example_dags/example_short_circuit_decorator.py took 0.088 seconds
[2025-02-04T16:25:32.052+0000] {processor.py:186} INFO - Started process (PID=422) to work on /home/airflow/.local/lib/python3.9/site-packages/airflow/example_dags/example_short_circuit_decorator.py
[2025-02-04T16:25:32.053+0000] {processor.py:914} INFO - Processing file /home/airflow/.local/lib/python3.9/site-packages/airflow/example_dags/example_short_circuit_decorator.py for tasks to queue
[2025-02-04T16:25:32.057+0000] {logging_mixin.py:190} INFO - [2025-02-04T16:25:32.056+0000] {dagbag.py:588} INFO - Filling up the DagBag from /home/airflow/.local/lib/python3.9/site-packages/airflow/example_dags/example_short_circuit_decorator.py
[2025-02-04T16:25:32.068+0000] {processor.py:925} INFO - DAG(s) 'example_short_circuit_decorator' retrieved from /home/airflow/.local/lib/python3.9/site-packages/airflow/example_dags/example_short_circuit_decorator.py
[2025-02-04T16:25:32.096+0000] {logging_mixin.py:190} INFO - [2025-02-04T16:25:32.096+0000] {dag.py:3239} INFO - Sync 1 DAGs
[2025-02-04T16:25:32.113+0000] {logging_mixin.py:190} INFO - [2025-02-04T16:25:32.113+0000] {dag.py:4180} INFO - Setting next_dagrun for example_short_circuit_decorator to None, run_after=None
[2025-02-04T16:25:32.141+0000] {processor.py:208} INFO - Processing /home/airflow/.local/lib/python3.9/site-packages/airflow/example_dags/example_short_circuit_decorator.py took 0.096 seconds
[2025-02-04T16:26:02.534+0000] {processor.py:186} INFO - Started process (PID=486) to work on /home/airflow/.local/lib/python3.9/site-packages/airflow/example_dags/example_short_circuit_decorator.py
[2025-02-04T16:26:02.535+0000] {processor.py:914} INFO - Processing file /home/airflow/.local/lib/python3.9/site-packages/airflow/example_dags/example_short_circuit_decorator.py for tasks to queue
[2025-02-04T16:26:02.538+0000] {logging_mixin.py:190} INFO - [2025-02-04T16:26:02.537+0000] {dagbag.py:588} INFO - Filling up the DagBag from /home/airflow/.local/lib/python3.9/site-packages/airflow/example_dags/example_short_circuit_decorator.py
[2025-02-04T16:26:02.548+0000] {processor.py:925} INFO - DAG(s) 'example_short_circuit_decorator' retrieved from /home/airflow/.local/lib/python3.9/site-packages/airflow/example_dags/example_short_circuit_decorator.py
[2025-02-04T16:26:02.569+0000] {logging_mixin.py:190} INFO - [2025-02-04T16:26:02.569+0000] {dag.py:3239} INFO - Sync 1 DAGs
[2025-02-04T16:26:02.583+0000] {logging_mixin.py:190} INFO - [2025-02-04T16:26:02.582+0000] {dag.py:4180} INFO - Setting next_dagrun for example_short_circuit_decorator to None, run_after=None
[2025-02-04T16:26:02.609+0000] {processor.py:208} INFO - Processing /home/airflow/.local/lib/python3.9/site-packages/airflow/example_dags/example_short_circuit_decorator.py took 0.081 seconds
[2025-02-04T16:26:33.322+0000] {processor.py:186} INFO - Started process (PID=550) to work on /home/airflow/.local/lib/python3.9/site-packages/airflow/example_dags/example_short_circuit_decorator.py
[2025-02-04T16:26:33.323+0000] {processor.py:914} INFO - Processing file /home/airflow/.local/lib/python3.9/site-packages/airflow/example_dags/example_short_circuit_decorator.py for tasks to queue
[2025-02-04T16:26:33.328+0000] {logging_mixin.py:190} INFO - [2025-02-04T16:26:33.327+0000] {dagbag.py:588} INFO - Filling up the DagBag from /home/airflow/.local/lib/python3.9/site-packages/airflow/example_dags/example_short_circuit_decorator.py
[2025-02-04T16:26:33.342+0000] {processor.py:925} INFO - DAG(s) 'example_short_circuit_decorator' retrieved from /home/airflow/.local/lib/python3.9/site-packages/airflow/example_dags/example_short_circuit_decorator.py
[2025-02-04T16:26:33.378+0000] {logging_mixin.py:190} INFO - [2025-02-04T16:26:33.378+0000] {dag.py:3239} INFO - Sync 1 DAGs
[2025-02-04T16:26:33.393+0000] {logging_mixin.py:190} INFO - [2025-02-04T16:26:33.392+0000] {dag.py:4180} INFO - Setting next_dagrun for example_short_circuit_decorator to None, run_after=None
[2025-02-04T16:26:33.425+0000] {processor.py:208} INFO - Processing /home/airflow/.local/lib/python3.9/site-packages/airflow/example_dags/example_short_circuit_decorator.py took 0.110 seconds
[2025-02-04T16:27:04.429+0000] {processor.py:186} INFO - Started process (PID=621) to work on /home/airflow/.local/lib/python3.9/site-packages/airflow/example_dags/example_short_circuit_decorator.py
[2025-02-04T16:27:04.431+0000] {processor.py:914} INFO - Processing file /home/airflow/.local/lib/python3.9/site-packages/airflow/example_dags/example_short_circuit_decorator.py for tasks to queue
[2025-02-04T16:27:04.435+0000] {logging_mixin.py:190} INFO - [2025-02-04T16:27:04.434+0000] {dagbag.py:588} INFO - Filling up the DagBag from /home/airflow/.local/lib/python3.9/site-packages/airflow/example_dags/example_short_circuit_decorator.py
[2025-02-04T16:27:04.450+0000] {processor.py:925} INFO - DAG(s) 'example_short_circuit_decorator' retrieved from /home/airflow/.local/lib/python3.9/site-packages/airflow/example_dags/example_short_circuit_decorator.py
[2025-02-04T16:27:04.482+0000] {logging_mixin.py:190} INFO - [2025-02-04T16:27:04.481+0000] {dag.py:3239} INFO - Sync 1 DAGs
[2025-02-04T16:27:04.519+0000] {logging_mixin.py:190} INFO - [2025-02-04T16:27:04.518+0000] {dag.py:4180} INFO - Setting next_dagrun for example_short_circuit_decorator to None, run_after=None
[2025-02-04T16:27:04.558+0000] {processor.py:208} INFO - Processing /home/airflow/.local/lib/python3.9/site-packages/airflow/example_dags/example_short_circuit_decorator.py took 0.141 seconds
[2025-02-04T16:27:35.254+0000] {processor.py:186} INFO - Started process (PID=685) to work on /home/airflow/.local/lib/python3.9/site-packages/airflow/example_dags/example_short_circuit_decorator.py
[2025-02-04T16:27:35.256+0000] {processor.py:914} INFO - Processing file /home/airflow/.local/lib/python3.9/site-packages/airflow/example_dags/example_short_circuit_decorator.py for tasks to queue
[2025-02-04T16:27:35.259+0000] {logging_mixin.py:190} INFO - [2025-02-04T16:27:35.259+0000] {dagbag.py:588} INFO - Filling up the DagBag from /home/airflow/.local/lib/python3.9/site-packages/airflow/example_dags/example_short_circuit_decorator.py
[2025-02-04T16:27:35.270+0000] {processor.py:925} INFO - DAG(s) 'example_short_circuit_decorator' retrieved from /home/airflow/.local/lib/python3.9/site-packages/airflow/example_dags/example_short_circuit_decorator.py
[2025-02-04T16:27:35.370+0000] {logging_mixin.py:190} INFO - [2025-02-04T16:27:35.370+0000] {dag.py:3239} INFO - Sync 1 DAGs
[2025-02-04T16:27:35.391+0000] {logging_mixin.py:190} INFO - [2025-02-04T16:27:35.391+0000] {dag.py:4180} INFO - Setting next_dagrun for example_short_circuit_decorator to None, run_after=None
[2025-02-04T16:27:35.418+0000] {processor.py:208} INFO - Processing /home/airflow/.local/lib/python3.9/site-packages/airflow/example_dags/example_short_circuit_decorator.py took 0.171 seconds
[2025-02-04T16:28:06.223+0000] {processor.py:186} INFO - Started process (PID=749) to work on /home/airflow/.local/lib/python3.9/site-packages/airflow/example_dags/example_short_circuit_decorator.py
[2025-02-04T16:28:06.224+0000] {processor.py:914} INFO - Processing file /home/airflow/.local/lib/python3.9/site-packages/airflow/example_dags/example_short_circuit_decorator.py for tasks to queue
[2025-02-04T16:28:06.227+0000] {logging_mixin.py:190} INFO - [2025-02-04T16:28:06.227+0000] {dagbag.py:588} INFO - Filling up the DagBag from /home/airflow/.local/lib/python3.9/site-packages/airflow/example_dags/example_short_circuit_decorator.py
[2025-02-04T16:28:06.239+0000] {processor.py:925} INFO - DAG(s) 'example_short_circuit_decorator' retrieved from /home/airflow/.local/lib/python3.9/site-packages/airflow/example_dags/example_short_circuit_decorator.py
[2025-02-04T16:28:06.296+0000] {logging_mixin.py:190} INFO - [2025-02-04T16:28:06.295+0000] {dag.py:3239} INFO - Sync 1 DAGs
[2025-02-04T16:28:06.311+0000] {logging_mixin.py:190} INFO - [2025-02-04T16:28:06.311+0000] {dag.py:4180} INFO - Setting next_dagrun for example_short_circuit_decorator to None, run_after=None
[2025-02-04T16:28:06.337+0000] {processor.py:208} INFO - Processing /home/airflow/.local/lib/python3.9/site-packages/airflow/example_dags/example_short_circuit_decorator.py took 0.121 seconds
[2025-02-04T16:28:36.877+0000] {processor.py:186} INFO - Started process (PID=813) to work on /home/airflow/.local/lib/python3.9/site-packages/airflow/example_dags/example_short_circuit_decorator.py
[2025-02-04T16:28:36.878+0000] {processor.py:914} INFO - Processing file /home/airflow/.local/lib/python3.9/site-packages/airflow/example_dags/example_short_circuit_decorator.py for tasks to queue
[2025-02-04T16:28:36.881+0000] {logging_mixin.py:190} INFO - [2025-02-04T16:28:36.881+0000] {dagbag.py:588} INFO - Filling up the DagBag from /home/airflow/.local/lib/python3.9/site-packages/airflow/example_dags/example_short_circuit_decorator.py
[2025-02-04T16:28:36.891+0000] {processor.py:925} INFO - DAG(s) 'example_short_circuit_decorator' retrieved from /home/airflow/.local/lib/python3.9/site-packages/airflow/example_dags/example_short_circuit_decorator.py
[2025-02-04T16:28:36.919+0000] {logging_mixin.py:190} INFO - [2025-02-04T16:28:36.918+0000] {dag.py:3239} INFO - Sync 1 DAGs
[2025-02-04T16:28:36.934+0000] {logging_mixin.py:190} INFO - [2025-02-04T16:28:36.934+0000] {dag.py:4180} INFO - Setting next_dagrun for example_short_circuit_decorator to None, run_after=None
[2025-02-04T16:28:36.962+0000] {processor.py:208} INFO - Processing /home/airflow/.local/lib/python3.9/site-packages/airflow/example_dags/example_short_circuit_decorator.py took 0.091 seconds
[2025-02-04T16:29:07.497+0000] {processor.py:186} INFO - Started process (PID=877) to work on /home/airflow/.local/lib/python3.9/site-packages/airflow/example_dags/example_short_circuit_decorator.py
[2025-02-04T16:29:07.498+0000] {processor.py:914} INFO - Processing file /home/airflow/.local/lib/python3.9/site-packages/airflow/example_dags/example_short_circuit_decorator.py for tasks to queue
[2025-02-04T16:29:07.502+0000] {logging_mixin.py:190} INFO - [2025-02-04T16:29:07.501+0000] {dagbag.py:588} INFO - Filling up the DagBag from /home/airflow/.local/lib/python3.9/site-packages/airflow/example_dags/example_short_circuit_decorator.py
[2025-02-04T16:29:07.512+0000] {processor.py:925} INFO - DAG(s) 'example_short_circuit_decorator' retrieved from /home/airflow/.local/lib/python3.9/site-packages/airflow/example_dags/example_short_circuit_decorator.py
[2025-02-04T16:29:07.541+0000] {logging_mixin.py:190} INFO - [2025-02-04T16:29:07.541+0000] {dag.py:3239} INFO - Sync 1 DAGs
[2025-02-04T16:29:07.556+0000] {logging_mixin.py:190} INFO - [2025-02-04T16:29:07.556+0000] {dag.py:4180} INFO - Setting next_dagrun for example_short_circuit_decorator to None, run_after=None
[2025-02-04T16:29:07.585+0000] {processor.py:208} INFO - Processing /home/airflow/.local/lib/python3.9/site-packages/airflow/example_dags/example_short_circuit_decorator.py took 0.095 seconds
[2025-02-04T16:29:37.876+0000] {processor.py:186} INFO - Started process (PID=941) to work on /home/airflow/.local/lib/python3.9/site-packages/airflow/example_dags/example_short_circuit_decorator.py
[2025-02-04T16:29:37.878+0000] {processor.py:914} INFO - Processing file /home/airflow/.local/lib/python3.9/site-packages/airflow/example_dags/example_short_circuit_decorator.py for tasks to queue
[2025-02-04T16:29:37.881+0000] {logging_mixin.py:190} INFO - [2025-02-04T16:29:37.880+0000] {dagbag.py:588} INFO - Filling up the DagBag from /home/airflow/.local/lib/python3.9/site-packages/airflow/example_dags/example_short_circuit_decorator.py
[2025-02-04T16:29:37.891+0000] {processor.py:925} INFO - DAG(s) 'example_short_circuit_decorator' retrieved from /home/airflow/.local/lib/python3.9/site-packages/airflow/example_dags/example_short_circuit_decorator.py
[2025-02-04T16:29:37.920+0000] {logging_mixin.py:190} INFO - [2025-02-04T16:29:37.920+0000] {dag.py:3239} INFO - Sync 1 DAGs
[2025-02-04T16:29:37.935+0000] {logging_mixin.py:190} INFO - [2025-02-04T16:29:37.935+0000] {dag.py:4180} INFO - Setting next_dagrun for example_short_circuit_decorator to None, run_after=None
[2025-02-04T16:29:37.962+0000] {processor.py:208} INFO - Processing /home/airflow/.local/lib/python3.9/site-packages/airflow/example_dags/example_short_circuit_decorator.py took 0.092 seconds
[2025-02-04T16:30:08.227+0000] {processor.py:186} INFO - Started process (PID=1005) to work on /home/airflow/.local/lib/python3.9/site-packages/airflow/example_dags/example_short_circuit_decorator.py
[2025-02-04T16:30:08.229+0000] {processor.py:914} INFO - Processing file /home/airflow/.local/lib/python3.9/site-packages/airflow/example_dags/example_short_circuit_decorator.py for tasks to queue
[2025-02-04T16:30:08.233+0000] {logging_mixin.py:190} INFO - [2025-02-04T16:30:08.232+0000] {dagbag.py:588} INFO - Filling up the DagBag from /home/airflow/.local/lib/python3.9/site-packages/airflow/example_dags/example_short_circuit_decorator.py
[2025-02-04T16:30:08.248+0000] {processor.py:925} INFO - DAG(s) 'example_short_circuit_decorator' retrieved from /home/airflow/.local/lib/python3.9/site-packages/airflow/example_dags/example_short_circuit_decorator.py
[2025-02-04T16:30:08.279+0000] {logging_mixin.py:190} INFO - [2025-02-04T16:30:08.279+0000] {dag.py:3239} INFO - Sync 1 DAGs
[2025-02-04T16:30:08.296+0000] {logging_mixin.py:190} INFO - [2025-02-04T16:30:08.295+0000] {dag.py:4180} INFO - Setting next_dagrun for example_short_circuit_decorator to None, run_after=None
[2025-02-04T16:30:08.325+0000] {processor.py:208} INFO - Processing /home/airflow/.local/lib/python3.9/site-packages/airflow/example_dags/example_short_circuit_decorator.py took 0.106 seconds
[2025-02-04T16:30:38.904+0000] {processor.py:186} INFO - Started process (PID=1069) to work on /home/airflow/.local/lib/python3.9/site-packages/airflow/example_dags/example_short_circuit_decorator.py
[2025-02-04T16:30:38.906+0000] {processor.py:914} INFO - Processing file /home/airflow/.local/lib/python3.9/site-packages/airflow/example_dags/example_short_circuit_decorator.py for tasks to queue
[2025-02-04T16:30:38.909+0000] {logging_mixin.py:190} INFO - [2025-02-04T16:30:38.909+0000] {dagbag.py:588} INFO - Filling up the DagBag from /home/airflow/.local/lib/python3.9/site-packages/airflow/example_dags/example_short_circuit_decorator.py
[2025-02-04T16:30:38.921+0000] {processor.py:925} INFO - DAG(s) 'example_short_circuit_decorator' retrieved from /home/airflow/.local/lib/python3.9/site-packages/airflow/example_dags/example_short_circuit_decorator.py
[2025-02-04T16:30:38.948+0000] {logging_mixin.py:190} INFO - [2025-02-04T16:30:38.948+0000] {dag.py:3239} INFO - Sync 1 DAGs
[2025-02-04T16:30:38.967+0000] {logging_mixin.py:190} INFO - [2025-02-04T16:30:38.966+0000] {dag.py:4180} INFO - Setting next_dagrun for example_short_circuit_decorator to None, run_after=None
[2025-02-04T16:30:38.995+0000] {processor.py:208} INFO - Processing /home/airflow/.local/lib/python3.9/site-packages/airflow/example_dags/example_short_circuit_decorator.py took 0.097 seconds
[2025-02-04T16:31:09.667+0000] {processor.py:186} INFO - Started process (PID=1133) to work on /home/airflow/.local/lib/python3.9/site-packages/airflow/example_dags/example_short_circuit_decorator.py
[2025-02-04T16:31:09.716+0000] {processor.py:914} INFO - Processing file /home/airflow/.local/lib/python3.9/site-packages/airflow/example_dags/example_short_circuit_decorator.py for tasks to queue
[2025-02-04T16:31:09.736+0000] {logging_mixin.py:190} INFO - [2025-02-04T16:31:09.735+0000] {dagbag.py:588} INFO - Filling up the DagBag from /home/airflow/.local/lib/python3.9/site-packages/airflow/example_dags/example_short_circuit_decorator.py
[2025-02-04T16:31:09.750+0000] {processor.py:925} INFO - DAG(s) 'example_short_circuit_decorator' retrieved from /home/airflow/.local/lib/python3.9/site-packages/airflow/example_dags/example_short_circuit_decorator.py
[2025-02-04T16:31:09.802+0000] {logging_mixin.py:190} INFO - [2025-02-04T16:31:09.802+0000] {dag.py:3239} INFO - Sync 1 DAGs
[2025-02-04T16:31:09.823+0000] {logging_mixin.py:190} INFO - [2025-02-04T16:31:09.823+0000] {dag.py:4180} INFO - Setting next_dagrun for example_short_circuit_decorator to None, run_after=None
[2025-02-04T16:31:09.857+0000] {processor.py:208} INFO - Processing /home/airflow/.local/lib/python3.9/site-packages/airflow/example_dags/example_short_circuit_decorator.py took 0.201 seconds
[2025-02-04T16:31:40.765+0000] {processor.py:186} INFO - Started process (PID=1197) to work on /home/airflow/.local/lib/python3.9/site-packages/airflow/example_dags/example_short_circuit_decorator.py
[2025-02-04T16:31:40.767+0000] {processor.py:914} INFO - Processing file /home/airflow/.local/lib/python3.9/site-packages/airflow/example_dags/example_short_circuit_decorator.py for tasks to queue
[2025-02-04T16:31:40.770+0000] {logging_mixin.py:190} INFO - [2025-02-04T16:31:40.769+0000] {dagbag.py:588} INFO - Filling up the DagBag from /home/airflow/.local/lib/python3.9/site-packages/airflow/example_dags/example_short_circuit_decorator.py
[2025-02-04T16:31:40.781+0000] {processor.py:925} INFO - DAG(s) 'example_short_circuit_decorator' retrieved from /home/airflow/.local/lib/python3.9/site-packages/airflow/example_dags/example_short_circuit_decorator.py
[2025-02-04T16:31:40.807+0000] {logging_mixin.py:190} INFO - [2025-02-04T16:31:40.807+0000] {dag.py:3239} INFO - Sync 1 DAGs
[2025-02-04T16:31:40.823+0000] {logging_mixin.py:190} INFO - [2025-02-04T16:31:40.823+0000] {dag.py:4180} INFO - Setting next_dagrun for example_short_circuit_decorator to None, run_after=None
[2025-02-04T16:31:40.853+0000] {processor.py:208} INFO - Processing /home/airflow/.local/lib/python3.9/site-packages/airflow/example_dags/example_short_circuit_decorator.py took 0.097 seconds
[2025-02-04T16:32:11.036+0000] {processor.py:186} INFO - Started process (PID=1268) to work on /home/airflow/.local/lib/python3.9/site-packages/airflow/example_dags/example_short_circuit_decorator.py
[2025-02-04T16:32:11.037+0000] {processor.py:914} INFO - Processing file /home/airflow/.local/lib/python3.9/site-packages/airflow/example_dags/example_short_circuit_decorator.py for tasks to queue
[2025-02-04T16:32:11.041+0000] {logging_mixin.py:190} INFO - [2025-02-04T16:32:11.040+0000] {dagbag.py:588} INFO - Filling up the DagBag from /home/airflow/.local/lib/python3.9/site-packages/airflow/example_dags/example_short_circuit_decorator.py
[2025-02-04T16:32:11.052+0000] {processor.py:925} INFO - DAG(s) 'example_short_circuit_decorator' retrieved from /home/airflow/.local/lib/python3.9/site-packages/airflow/example_dags/example_short_circuit_decorator.py
[2025-02-04T16:32:11.080+0000] {logging_mixin.py:190} INFO - [2025-02-04T16:32:11.079+0000] {dag.py:3239} INFO - Sync 1 DAGs
[2025-02-04T16:32:11.095+0000] {logging_mixin.py:190} INFO - [2025-02-04T16:32:11.094+0000] {dag.py:4180} INFO - Setting next_dagrun for example_short_circuit_decorator to None, run_after=None
[2025-02-04T16:32:11.122+0000] {processor.py:208} INFO - Processing /home/airflow/.local/lib/python3.9/site-packages/airflow/example_dags/example_short_circuit_decorator.py took 0.094 seconds
[2025-02-04T16:32:41.340+0000] {processor.py:186} INFO - Started process (PID=1332) to work on /home/airflow/.local/lib/python3.9/site-packages/airflow/example_dags/example_short_circuit_decorator.py
[2025-02-04T16:32:41.341+0000] {processor.py:914} INFO - Processing file /home/airflow/.local/lib/python3.9/site-packages/airflow/example_dags/example_short_circuit_decorator.py for tasks to queue
[2025-02-04T16:32:41.345+0000] {logging_mixin.py:190} INFO - [2025-02-04T16:32:41.345+0000] {dagbag.py:588} INFO - Filling up the DagBag from /home/airflow/.local/lib/python3.9/site-packages/airflow/example_dags/example_short_circuit_decorator.py
[2025-02-04T16:32:41.362+0000] {processor.py:925} INFO - DAG(s) 'example_short_circuit_decorator' retrieved from /home/airflow/.local/lib/python3.9/site-packages/airflow/example_dags/example_short_circuit_decorator.py
[2025-02-04T16:32:41.393+0000] {logging_mixin.py:190} INFO - [2025-02-04T16:32:41.392+0000] {dag.py:3239} INFO - Sync 1 DAGs
[2025-02-04T16:32:41.410+0000] {logging_mixin.py:190} INFO - [2025-02-04T16:32:41.409+0000] {dag.py:4180} INFO - Setting next_dagrun for example_short_circuit_decorator to None, run_after=None
[2025-02-04T16:32:41.479+0000] {processor.py:208} INFO - Processing /home/airflow/.local/lib/python3.9/site-packages/airflow/example_dags/example_short_circuit_decorator.py took 0.147 seconds
[2025-02-04T16:33:12.228+0000] {processor.py:186} INFO - Started process (PID=1397) to work on /home/airflow/.local/lib/python3.9/site-packages/airflow/example_dags/example_short_circuit_decorator.py
[2025-02-04T16:33:12.229+0000] {processor.py:914} INFO - Processing file /home/airflow/.local/lib/python3.9/site-packages/airflow/example_dags/example_short_circuit_decorator.py for tasks to queue
[2025-02-04T16:33:12.232+0000] {logging_mixin.py:190} INFO - [2025-02-04T16:33:12.232+0000] {dagbag.py:588} INFO - Filling up the DagBag from /home/airflow/.local/lib/python3.9/site-packages/airflow/example_dags/example_short_circuit_decorator.py
[2025-02-04T16:33:12.243+0000] {processor.py:925} INFO - DAG(s) 'example_short_circuit_decorator' retrieved from /home/airflow/.local/lib/python3.9/site-packages/airflow/example_dags/example_short_circuit_decorator.py
[2025-02-04T16:33:12.270+0000] {logging_mixin.py:190} INFO - [2025-02-04T16:33:12.269+0000] {dag.py:3239} INFO - Sync 1 DAGs
[2025-02-04T16:33:12.285+0000] {logging_mixin.py:190} INFO - [2025-02-04T16:33:12.285+0000] {dag.py:4180} INFO - Setting next_dagrun for example_short_circuit_decorator to None, run_after=None
[2025-02-04T16:33:12.312+0000] {processor.py:208} INFO - Processing /home/airflow/.local/lib/python3.9/site-packages/airflow/example_dags/example_short_circuit_decorator.py took 0.091 seconds
[2025-02-04T16:33:42.932+0000] {processor.py:186} INFO - Started process (PID=1461) to work on /home/airflow/.local/lib/python3.9/site-packages/airflow/example_dags/example_short_circuit_decorator.py
[2025-02-04T16:33:42.934+0000] {processor.py:914} INFO - Processing file /home/airflow/.local/lib/python3.9/site-packages/airflow/example_dags/example_short_circuit_decorator.py for tasks to queue
[2025-02-04T16:33:42.936+0000] {logging_mixin.py:190} INFO - [2025-02-04T16:33:42.936+0000] {dagbag.py:588} INFO - Filling up the DagBag from /home/airflow/.local/lib/python3.9/site-packages/airflow/example_dags/example_short_circuit_decorator.py
[2025-02-04T16:33:42.947+0000] {processor.py:925} INFO - DAG(s) 'example_short_circuit_decorator' retrieved from /home/airflow/.local/lib/python3.9/site-packages/airflow/example_dags/example_short_circuit_decorator.py
[2025-02-04T16:33:42.973+0000] {logging_mixin.py:190} INFO - [2025-02-04T16:33:42.972+0000] {dag.py:3239} INFO - Sync 1 DAGs
[2025-02-04T16:33:42.986+0000] {logging_mixin.py:190} INFO - [2025-02-04T16:33:42.986+0000] {dag.py:4180} INFO - Setting next_dagrun for example_short_circuit_decorator to None, run_after=None
[2025-02-04T16:33:43.013+0000] {processor.py:208} INFO - Processing /home/airflow/.local/lib/python3.9/site-packages/airflow/example_dags/example_short_circuit_decorator.py took 0.087 seconds
[2025-02-04T16:34:13.271+0000] {processor.py:186} INFO - Started process (PID=1525) to work on /home/airflow/.local/lib/python3.9/site-packages/airflow/example_dags/example_short_circuit_decorator.py
[2025-02-04T16:34:13.273+0000] {processor.py:914} INFO - Processing file /home/airflow/.local/lib/python3.9/site-packages/airflow/example_dags/example_short_circuit_decorator.py for tasks to queue
[2025-02-04T16:34:13.281+0000] {logging_mixin.py:190} INFO - [2025-02-04T16:34:13.280+0000] {dagbag.py:588} INFO - Filling up the DagBag from /home/airflow/.local/lib/python3.9/site-packages/airflow/example_dags/example_short_circuit_decorator.py
[2025-02-04T16:34:13.296+0000] {processor.py:925} INFO - DAG(s) 'example_short_circuit_decorator' retrieved from /home/airflow/.local/lib/python3.9/site-packages/airflow/example_dags/example_short_circuit_decorator.py
[2025-02-04T16:34:13.406+0000] {logging_mixin.py:190} INFO - [2025-02-04T16:34:13.405+0000] {dag.py:3239} INFO - Sync 1 DAGs
[2025-02-04T16:34:13.445+0000] {logging_mixin.py:190} INFO - [2025-02-04T16:34:13.445+0000] {dag.py:4180} INFO - Setting next_dagrun for example_short_circuit_decorator to None, run_after=None
[2025-02-04T16:34:13.486+0000] {processor.py:208} INFO - Processing /home/airflow/.local/lib/python3.9/site-packages/airflow/example_dags/example_short_circuit_decorator.py took 0.224 seconds
[2025-02-04T16:34:46.763+0000] {processor.py:186} INFO - Started process (PID=1589) to work on /home/airflow/.local/lib/python3.9/site-packages/airflow/example_dags/example_short_circuit_decorator.py
[2025-02-04T16:34:46.764+0000] {processor.py:914} INFO - Processing file /home/airflow/.local/lib/python3.9/site-packages/airflow/example_dags/example_short_circuit_decorator.py for tasks to queue
[2025-02-04T16:34:46.768+0000] {logging_mixin.py:190} INFO - [2025-02-04T16:34:46.768+0000] {dagbag.py:588} INFO - Filling up the DagBag from /home/airflow/.local/lib/python3.9/site-packages/airflow/example_dags/example_short_circuit_decorator.py
[2025-02-04T16:34:46.779+0000] {processor.py:925} INFO - DAG(s) 'example_short_circuit_decorator' retrieved from /home/airflow/.local/lib/python3.9/site-packages/airflow/example_dags/example_short_circuit_decorator.py
[2025-02-04T16:34:46.806+0000] {logging_mixin.py:190} INFO - [2025-02-04T16:34:46.806+0000] {dag.py:3239} INFO - Sync 1 DAGs
[2025-02-04T16:34:46.822+0000] {logging_mixin.py:190} INFO - [2025-02-04T16:34:46.821+0000] {dag.py:4180} INFO - Setting next_dagrun for example_short_circuit_decorator to None, run_after=None
[2025-02-04T16:34:46.849+0000] {processor.py:208} INFO - Processing /home/airflow/.local/lib/python3.9/site-packages/airflow/example_dags/example_short_circuit_decorator.py took 0.093 seconds
[2025-02-04T16:35:17.375+0000] {processor.py:186} INFO - Started process (PID=1653) to work on /home/airflow/.local/lib/python3.9/site-packages/airflow/example_dags/example_short_circuit_decorator.py
[2025-02-04T16:35:17.376+0000] {processor.py:914} INFO - Processing file /home/airflow/.local/lib/python3.9/site-packages/airflow/example_dags/example_short_circuit_decorator.py for tasks to queue
[2025-02-04T16:35:17.379+0000] {logging_mixin.py:190} INFO - [2025-02-04T16:35:17.378+0000] {dagbag.py:588} INFO - Filling up the DagBag from /home/airflow/.local/lib/python3.9/site-packages/airflow/example_dags/example_short_circuit_decorator.py
[2025-02-04T16:35:17.389+0000] {processor.py:925} INFO - DAG(s) 'example_short_circuit_decorator' retrieved from /home/airflow/.local/lib/python3.9/site-packages/airflow/example_dags/example_short_circuit_decorator.py
[2025-02-04T16:35:17.414+0000] {logging_mixin.py:190} INFO - [2025-02-04T16:35:17.414+0000] {dag.py:3239} INFO - Sync 1 DAGs
[2025-02-04T16:35:17.429+0000] {logging_mixin.py:190} INFO - [2025-02-04T16:35:17.429+0000] {dag.py:4180} INFO - Setting next_dagrun for example_short_circuit_decorator to None, run_after=None
[2025-02-04T16:35:17.454+0000] {processor.py:208} INFO - Processing /home/airflow/.local/lib/python3.9/site-packages/airflow/example_dags/example_short_circuit_decorator.py took 0.086 seconds
[2025-02-04T16:35:48.462+0000] {processor.py:186} INFO - Started process (PID=1717) to work on /home/airflow/.local/lib/python3.9/site-packages/airflow/example_dags/example_short_circuit_decorator.py
[2025-02-04T16:35:48.463+0000] {processor.py:914} INFO - Processing file /home/airflow/.local/lib/python3.9/site-packages/airflow/example_dags/example_short_circuit_decorator.py for tasks to queue
[2025-02-04T16:35:48.466+0000] {logging_mixin.py:190} INFO - [2025-02-04T16:35:48.466+0000] {dagbag.py:588} INFO - Filling up the DagBag from /home/airflow/.local/lib/python3.9/site-packages/airflow/example_dags/example_short_circuit_decorator.py
[2025-02-04T16:35:48.477+0000] {processor.py:925} INFO - DAG(s) 'example_short_circuit_decorator' retrieved from /home/airflow/.local/lib/python3.9/site-packages/airflow/example_dags/example_short_circuit_decorator.py
[2025-02-04T16:35:48.504+0000] {logging_mixin.py:190} INFO - [2025-02-04T16:35:48.504+0000] {dag.py:3239} INFO - Sync 1 DAGs
[2025-02-04T16:35:48.520+0000] {logging_mixin.py:190} INFO - [2025-02-04T16:35:48.520+0000] {dag.py:4180} INFO - Setting next_dagrun for example_short_circuit_decorator to None, run_after=None
[2025-02-04T16:35:48.548+0000] {processor.py:208} INFO - Processing /home/airflow/.local/lib/python3.9/site-packages/airflow/example_dags/example_short_circuit_decorator.py took 0.093 seconds
[2025-02-04T16:36:18.648+0000] {processor.py:186} INFO - Started process (PID=1782) to work on /home/airflow/.local/lib/python3.9/site-packages/airflow/example_dags/example_short_circuit_decorator.py
[2025-02-04T16:36:18.649+0000] {processor.py:914} INFO - Processing file /home/airflow/.local/lib/python3.9/site-packages/airflow/example_dags/example_short_circuit_decorator.py for tasks to queue
[2025-02-04T16:36:18.651+0000] {logging_mixin.py:190} INFO - [2025-02-04T16:36:18.651+0000] {dagbag.py:588} INFO - Filling up the DagBag from /home/airflow/.local/lib/python3.9/site-packages/airflow/example_dags/example_short_circuit_decorator.py
[2025-02-04T16:36:18.660+0000] {processor.py:925} INFO - DAG(s) 'example_short_circuit_decorator' retrieved from /home/airflow/.local/lib/python3.9/site-packages/airflow/example_dags/example_short_circuit_decorator.py
[2025-02-04T16:36:18.688+0000] {logging_mixin.py:190} INFO - [2025-02-04T16:36:18.688+0000] {dag.py:3239} INFO - Sync 1 DAGs
[2025-02-04T16:36:18.703+0000] {logging_mixin.py:190} INFO - [2025-02-04T16:36:18.703+0000] {dag.py:4180} INFO - Setting next_dagrun for example_short_circuit_decorator to None, run_after=None
[2025-02-04T16:36:18.728+0000] {processor.py:208} INFO - Processing /home/airflow/.local/lib/python3.9/site-packages/airflow/example_dags/example_short_circuit_decorator.py took 0.087 seconds
[2025-02-04T16:36:49.375+0000] {processor.py:186} INFO - Started process (PID=1846) to work on /home/airflow/.local/lib/python3.9/site-packages/airflow/example_dags/example_short_circuit_decorator.py
[2025-02-04T16:36:49.377+0000] {processor.py:914} INFO - Processing file /home/airflow/.local/lib/python3.9/site-packages/airflow/example_dags/example_short_circuit_decorator.py for tasks to queue
[2025-02-04T16:36:49.380+0000] {logging_mixin.py:190} INFO - [2025-02-04T16:36:49.380+0000] {dagbag.py:588} INFO - Filling up the DagBag from /home/airflow/.local/lib/python3.9/site-packages/airflow/example_dags/example_short_circuit_decorator.py
[2025-02-04T16:36:49.404+0000] {processor.py:925} INFO - DAG(s) 'example_short_circuit_decorator' retrieved from /home/airflow/.local/lib/python3.9/site-packages/airflow/example_dags/example_short_circuit_decorator.py
[2025-02-04T16:36:49.519+0000] {logging_mixin.py:190} INFO - [2025-02-04T16:36:49.518+0000] {dag.py:3239} INFO - Sync 1 DAGs
[2025-02-04T16:36:49.533+0000] {logging_mixin.py:190} INFO - [2025-02-04T16:36:49.533+0000] {dag.py:4180} INFO - Setting next_dagrun for example_short_circuit_decorator to None, run_after=None
[2025-02-04T16:36:49.559+0000] {processor.py:208} INFO - Processing /home/airflow/.local/lib/python3.9/site-packages/airflow/example_dags/example_short_circuit_decorator.py took 0.193 seconds
[2025-02-04T16:39:24.556+0000] {processor.py:186} INFO - Started process (PID=1899) to work on /home/airflow/.local/lib/python3.9/site-packages/airflow/example_dags/example_short_circuit_decorator.py
[2025-02-04T16:39:24.565+0000] {processor.py:914} INFO - Processing file /home/airflow/.local/lib/python3.9/site-packages/airflow/example_dags/example_short_circuit_decorator.py for tasks to queue
[2025-02-04T16:39:24.572+0000] {logging_mixin.py:190} INFO - [2025-02-04T16:39:24.571+0000] {dagbag.py:588} INFO - Filling up the DagBag from /home/airflow/.local/lib/python3.9/site-packages/airflow/example_dags/example_short_circuit_decorator.py
[2025-02-04T16:39:24.600+0000] {processor.py:925} INFO - DAG(s) 'example_short_circuit_decorator' retrieved from /home/airflow/.local/lib/python3.9/site-packages/airflow/example_dags/example_short_circuit_decorator.py
[2025-02-04T16:39:24.634+0000] {logging_mixin.py:190} INFO - [2025-02-04T16:39:24.634+0000] {dag.py:3239} INFO - Sync 1 DAGs
[2025-02-04T16:39:24.660+0000] {logging_mixin.py:190} INFO - [2025-02-04T16:39:24.660+0000] {dag.py:4180} INFO - Setting next_dagrun for example_short_circuit_decorator to None, run_after=None
[2025-02-04T16:39:24.710+0000] {processor.py:208} INFO - Processing /home/airflow/.local/lib/python3.9/site-packages/airflow/example_dags/example_short_circuit_decorator.py took 0.174 seconds
[2025-02-04T16:39:55.647+0000] {processor.py:186} INFO - Started process (PID=1963) to work on /home/airflow/.local/lib/python3.9/site-packages/airflow/example_dags/example_short_circuit_decorator.py
[2025-02-04T16:39:55.649+0000] {processor.py:914} INFO - Processing file /home/airflow/.local/lib/python3.9/site-packages/airflow/example_dags/example_short_circuit_decorator.py for tasks to queue
[2025-02-04T16:39:55.650+0000] {logging_mixin.py:190} INFO - [2025-02-04T16:39:55.650+0000] {dagbag.py:588} INFO - Filling up the DagBag from /home/airflow/.local/lib/python3.9/site-packages/airflow/example_dags/example_short_circuit_decorator.py
[2025-02-04T16:39:55.660+0000] {processor.py:925} INFO - DAG(s) 'example_short_circuit_decorator' retrieved from /home/airflow/.local/lib/python3.9/site-packages/airflow/example_dags/example_short_circuit_decorator.py
[2025-02-04T16:39:55.683+0000] {logging_mixin.py:190} INFO - [2025-02-04T16:39:55.683+0000] {dag.py:3239} INFO - Sync 1 DAGs
[2025-02-04T16:39:55.696+0000] {logging_mixin.py:190} INFO - [2025-02-04T16:39:55.696+0000] {dag.py:4180} INFO - Setting next_dagrun for example_short_circuit_decorator to None, run_after=None
[2025-02-04T16:39:55.722+0000] {processor.py:208} INFO - Processing /home/airflow/.local/lib/python3.9/site-packages/airflow/example_dags/example_short_circuit_decorator.py took 0.080 seconds
[2025-02-04T16:40:26.713+0000] {processor.py:186} INFO - Started process (PID=2027) to work on /home/airflow/.local/lib/python3.9/site-packages/airflow/example_dags/example_short_circuit_decorator.py
[2025-02-04T16:40:26.715+0000] {processor.py:914} INFO - Processing file /home/airflow/.local/lib/python3.9/site-packages/airflow/example_dags/example_short_circuit_decorator.py for tasks to queue
[2025-02-04T16:40:26.716+0000] {logging_mixin.py:190} INFO - [2025-02-04T16:40:26.716+0000] {dagbag.py:588} INFO - Filling up the DagBag from /home/airflow/.local/lib/python3.9/site-packages/airflow/example_dags/example_short_circuit_decorator.py
[2025-02-04T16:40:26.730+0000] {processor.py:925} INFO - DAG(s) 'example_short_circuit_decorator' retrieved from /home/airflow/.local/lib/python3.9/site-packages/airflow/example_dags/example_short_circuit_decorator.py
[2025-02-04T16:40:26.760+0000] {logging_mixin.py:190} INFO - [2025-02-04T16:40:26.759+0000] {dag.py:3239} INFO - Sync 1 DAGs
[2025-02-04T16:40:26.776+0000] {logging_mixin.py:190} INFO - [2025-02-04T16:40:26.776+0000] {dag.py:4180} INFO - Setting next_dagrun for example_short_circuit_decorator to None, run_after=None
[2025-02-04T16:40:26.807+0000] {processor.py:208} INFO - Processing /home/airflow/.local/lib/python3.9/site-packages/airflow/example_dags/example_short_circuit_decorator.py took 0.101 seconds
[2025-02-04T16:40:57.704+0000] {processor.py:186} INFO - Started process (PID=2091) to work on /home/airflow/.local/lib/python3.9/site-packages/airflow/example_dags/example_short_circuit_decorator.py
[2025-02-04T16:40:57.706+0000] {processor.py:914} INFO - Processing file /home/airflow/.local/lib/python3.9/site-packages/airflow/example_dags/example_short_circuit_decorator.py for tasks to queue
[2025-02-04T16:40:57.708+0000] {logging_mixin.py:190} INFO - [2025-02-04T16:40:57.707+0000] {dagbag.py:588} INFO - Filling up the DagBag from /home/airflow/.local/lib/python3.9/site-packages/airflow/example_dags/example_short_circuit_decorator.py
[2025-02-04T16:40:57.721+0000] {processor.py:925} INFO - DAG(s) 'example_short_circuit_decorator' retrieved from /home/airflow/.local/lib/python3.9/site-packages/airflow/example_dags/example_short_circuit_decorator.py
[2025-02-04T16:40:57.753+0000] {logging_mixin.py:190} INFO - [2025-02-04T16:40:57.753+0000] {dag.py:3239} INFO - Sync 1 DAGs
[2025-02-04T16:40:57.775+0000] {logging_mixin.py:190} INFO - [2025-02-04T16:40:57.774+0000] {dag.py:4180} INFO - Setting next_dagrun for example_short_circuit_decorator to None, run_after=None
[2025-02-04T16:40:57.806+0000] {processor.py:208} INFO - Processing /home/airflow/.local/lib/python3.9/site-packages/airflow/example_dags/example_short_circuit_decorator.py took 0.110 seconds
[2025-02-04T16:41:28.585+0000] {processor.py:186} INFO - Started process (PID=2155) to work on /home/airflow/.local/lib/python3.9/site-packages/airflow/example_dags/example_short_circuit_decorator.py
[2025-02-04T16:41:28.587+0000] {processor.py:914} INFO - Processing file /home/airflow/.local/lib/python3.9/site-packages/airflow/example_dags/example_short_circuit_decorator.py for tasks to queue
[2025-02-04T16:41:28.588+0000] {logging_mixin.py:190} INFO - [2025-02-04T16:41:28.588+0000] {dagbag.py:588} INFO - Filling up the DagBag from /home/airflow/.local/lib/python3.9/site-packages/airflow/example_dags/example_short_circuit_decorator.py
[2025-02-04T16:41:28.598+0000] {processor.py:925} INFO - DAG(s) 'example_short_circuit_decorator' retrieved from /home/airflow/.local/lib/python3.9/site-packages/airflow/example_dags/example_short_circuit_decorator.py
[2025-02-04T16:41:28.622+0000] {logging_mixin.py:190} INFO - [2025-02-04T16:41:28.622+0000] {dag.py:3239} INFO - Sync 1 DAGs
[2025-02-04T16:41:28.639+0000] {logging_mixin.py:190} INFO - [2025-02-04T16:41:28.638+0000] {dag.py:4180} INFO - Setting next_dagrun for example_short_circuit_decorator to None, run_after=None
[2025-02-04T16:41:28.665+0000] {processor.py:208} INFO - Processing /home/airflow/.local/lib/python3.9/site-packages/airflow/example_dags/example_short_circuit_decorator.py took 0.087 seconds
[2025-02-04T16:41:58.963+0000] {processor.py:186} INFO - Started process (PID=2219) to work on /home/airflow/.local/lib/python3.9/site-packages/airflow/example_dags/example_short_circuit_decorator.py
[2025-02-04T16:41:58.965+0000] {processor.py:914} INFO - Processing file /home/airflow/.local/lib/python3.9/site-packages/airflow/example_dags/example_short_circuit_decorator.py for tasks to queue
[2025-02-04T16:41:58.967+0000] {logging_mixin.py:190} INFO - [2025-02-04T16:41:58.966+0000] {dagbag.py:588} INFO - Filling up the DagBag from /home/airflow/.local/lib/python3.9/site-packages/airflow/example_dags/example_short_circuit_decorator.py
[2025-02-04T16:41:58.980+0000] {processor.py:925} INFO - DAG(s) 'example_short_circuit_decorator' retrieved from /home/airflow/.local/lib/python3.9/site-packages/airflow/example_dags/example_short_circuit_decorator.py
[2025-02-04T16:41:59.007+0000] {logging_mixin.py:190} INFO - [2025-02-04T16:41:59.007+0000] {dag.py:3239} INFO - Sync 1 DAGs
[2025-02-04T16:41:59.023+0000] {logging_mixin.py:190} INFO - [2025-02-04T16:41:59.023+0000] {dag.py:4180} INFO - Setting next_dagrun for example_short_circuit_decorator to None, run_after=None
[2025-02-04T16:41:59.049+0000] {processor.py:208} INFO - Processing /home/airflow/.local/lib/python3.9/site-packages/airflow/example_dags/example_short_circuit_decorator.py took 0.094 seconds
[2025-02-04T16:42:29.378+0000] {processor.py:186} INFO - Started process (PID=2283) to work on /home/airflow/.local/lib/python3.9/site-packages/airflow/example_dags/example_short_circuit_decorator.py
[2025-02-04T16:42:29.380+0000] {processor.py:914} INFO - Processing file /home/airflow/.local/lib/python3.9/site-packages/airflow/example_dags/example_short_circuit_decorator.py for tasks to queue
[2025-02-04T16:42:29.381+0000] {logging_mixin.py:190} INFO - [2025-02-04T16:42:29.381+0000] {dagbag.py:588} INFO - Filling up the DagBag from /home/airflow/.local/lib/python3.9/site-packages/airflow/example_dags/example_short_circuit_decorator.py
[2025-02-04T16:42:29.394+0000] {processor.py:925} INFO - DAG(s) 'example_short_circuit_decorator' retrieved from /home/airflow/.local/lib/python3.9/site-packages/airflow/example_dags/example_short_circuit_decorator.py
[2025-02-04T16:42:29.422+0000] {logging_mixin.py:190} INFO - [2025-02-04T16:42:29.421+0000] {dag.py:3239} INFO - Sync 1 DAGs
[2025-02-04T16:42:29.437+0000] {logging_mixin.py:190} INFO - [2025-02-04T16:42:29.437+0000] {dag.py:4180} INFO - Setting next_dagrun for example_short_circuit_decorator to None, run_after=None
[2025-02-04T16:42:29.464+0000] {processor.py:208} INFO - Processing /home/airflow/.local/lib/python3.9/site-packages/airflow/example_dags/example_short_circuit_decorator.py took 0.092 seconds
[2025-02-04T16:42:59.812+0000] {processor.py:186} INFO - Started process (PID=2347) to work on /home/airflow/.local/lib/python3.9/site-packages/airflow/example_dags/example_short_circuit_decorator.py
[2025-02-04T16:42:59.814+0000] {processor.py:914} INFO - Processing file /home/airflow/.local/lib/python3.9/site-packages/airflow/example_dags/example_short_circuit_decorator.py for tasks to queue
[2025-02-04T16:42:59.816+0000] {logging_mixin.py:190} INFO - [2025-02-04T16:42:59.815+0000] {dagbag.py:588} INFO - Filling up the DagBag from /home/airflow/.local/lib/python3.9/site-packages/airflow/example_dags/example_short_circuit_decorator.py
[2025-02-04T16:42:59.828+0000] {processor.py:925} INFO - DAG(s) 'example_short_circuit_decorator' retrieved from /home/airflow/.local/lib/python3.9/site-packages/airflow/example_dags/example_short_circuit_decorator.py
[2025-02-04T16:42:59.861+0000] {logging_mixin.py:190} INFO - [2025-02-04T16:42:59.861+0000] {dag.py:3239} INFO - Sync 1 DAGs
[2025-02-04T16:42:59.877+0000] {logging_mixin.py:190} INFO - [2025-02-04T16:42:59.876+0000] {dag.py:4180} INFO - Setting next_dagrun for example_short_circuit_decorator to None, run_after=None
[2025-02-04T16:42:59.904+0000] {processor.py:208} INFO - Processing /home/airflow/.local/lib/python3.9/site-packages/airflow/example_dags/example_short_circuit_decorator.py took 0.099 seconds
[2025-02-04T16:43:30.050+0000] {processor.py:186} INFO - Started process (PID=2411) to work on /home/airflow/.local/lib/python3.9/site-packages/airflow/example_dags/example_short_circuit_decorator.py
[2025-02-04T16:43:30.051+0000] {processor.py:914} INFO - Processing file /home/airflow/.local/lib/python3.9/site-packages/airflow/example_dags/example_short_circuit_decorator.py for tasks to queue
[2025-02-04T16:43:30.053+0000] {logging_mixin.py:190} INFO - [2025-02-04T16:43:30.053+0000] {dagbag.py:588} INFO - Filling up the DagBag from /home/airflow/.local/lib/python3.9/site-packages/airflow/example_dags/example_short_circuit_decorator.py
[2025-02-04T16:43:30.065+0000] {processor.py:925} INFO - DAG(s) 'example_short_circuit_decorator' retrieved from /home/airflow/.local/lib/python3.9/site-packages/airflow/example_dags/example_short_circuit_decorator.py
[2025-02-04T16:43:30.093+0000] {logging_mixin.py:190} INFO - [2025-02-04T16:43:30.093+0000] {dag.py:3239} INFO - Sync 1 DAGs
[2025-02-04T16:43:30.108+0000] {logging_mixin.py:190} INFO - [2025-02-04T16:43:30.108+0000] {dag.py:4180} INFO - Setting next_dagrun for example_short_circuit_decorator to None, run_after=None
[2025-02-04T16:43:30.147+0000] {processor.py:208} INFO - Processing /home/airflow/.local/lib/python3.9/site-packages/airflow/example_dags/example_short_circuit_decorator.py took 0.104 seconds
[2025-02-04T16:44:00.947+0000] {processor.py:186} INFO - Started process (PID=2475) to work on /home/airflow/.local/lib/python3.9/site-packages/airflow/example_dags/example_short_circuit_decorator.py
[2025-02-04T16:44:00.949+0000] {processor.py:914} INFO - Processing file /home/airflow/.local/lib/python3.9/site-packages/airflow/example_dags/example_short_circuit_decorator.py for tasks to queue
[2025-02-04T16:44:00.950+0000] {logging_mixin.py:190} INFO - [2025-02-04T16:44:00.950+0000] {dagbag.py:588} INFO - Filling up the DagBag from /home/airflow/.local/lib/python3.9/site-packages/airflow/example_dags/example_short_circuit_decorator.py
[2025-02-04T16:44:00.961+0000] {processor.py:925} INFO - DAG(s) 'example_short_circuit_decorator' retrieved from /home/airflow/.local/lib/python3.9/site-packages/airflow/example_dags/example_short_circuit_decorator.py
[2025-02-04T16:44:00.987+0000] {logging_mixin.py:190} INFO - [2025-02-04T16:44:00.986+0000] {dag.py:3239} INFO - Sync 1 DAGs
[2025-02-04T16:44:01.003+0000] {logging_mixin.py:190} INFO - [2025-02-04T16:44:01.003+0000] {dag.py:4180} INFO - Setting next_dagrun for example_short_circuit_decorator to None, run_after=None
[2025-02-04T16:44:01.032+0000] {processor.py:208} INFO - Processing /home/airflow/.local/lib/python3.9/site-packages/airflow/example_dags/example_short_circuit_decorator.py took 0.093 seconds
[2025-02-04T16:44:31.110+0000] {processor.py:186} INFO - Started process (PID=2539) to work on /home/airflow/.local/lib/python3.9/site-packages/airflow/example_dags/example_short_circuit_decorator.py
[2025-02-04T16:44:31.112+0000] {processor.py:914} INFO - Processing file /home/airflow/.local/lib/python3.9/site-packages/airflow/example_dags/example_short_circuit_decorator.py for tasks to queue
[2025-02-04T16:44:31.113+0000] {logging_mixin.py:190} INFO - [2025-02-04T16:44:31.113+0000] {dagbag.py:588} INFO - Filling up the DagBag from /home/airflow/.local/lib/python3.9/site-packages/airflow/example_dags/example_short_circuit_decorator.py
[2025-02-04T16:44:31.123+0000] {processor.py:925} INFO - DAG(s) 'example_short_circuit_decorator' retrieved from /home/airflow/.local/lib/python3.9/site-packages/airflow/example_dags/example_short_circuit_decorator.py
[2025-02-04T16:44:31.149+0000] {logging_mixin.py:190} INFO - [2025-02-04T16:44:31.149+0000] {dag.py:3239} INFO - Sync 1 DAGs
[2025-02-04T16:44:31.165+0000] {logging_mixin.py:190} INFO - [2025-02-04T16:44:31.165+0000] {dag.py:4180} INFO - Setting next_dagrun for example_short_circuit_decorator to None, run_after=None
[2025-02-04T16:44:31.193+0000] {processor.py:208} INFO - Processing /home/airflow/.local/lib/python3.9/site-packages/airflow/example_dags/example_short_circuit_decorator.py took 0.090 seconds
[2025-02-04T16:45:01.977+0000] {processor.py:186} INFO - Started process (PID=2603) to work on /home/airflow/.local/lib/python3.9/site-packages/airflow/example_dags/example_short_circuit_decorator.py
[2025-02-04T16:45:01.978+0000] {processor.py:914} INFO - Processing file /home/airflow/.local/lib/python3.9/site-packages/airflow/example_dags/example_short_circuit_decorator.py for tasks to queue
[2025-02-04T16:45:01.980+0000] {logging_mixin.py:190} INFO - [2025-02-04T16:45:01.980+0000] {dagbag.py:588} INFO - Filling up the DagBag from /home/airflow/.local/lib/python3.9/site-packages/airflow/example_dags/example_short_circuit_decorator.py
[2025-02-04T16:45:01.994+0000] {processor.py:925} INFO - DAG(s) 'example_short_circuit_decorator' retrieved from /home/airflow/.local/lib/python3.9/site-packages/airflow/example_dags/example_short_circuit_decorator.py
[2025-02-04T16:45:02.020+0000] {logging_mixin.py:190} INFO - [2025-02-04T16:45:02.019+0000] {dag.py:3239} INFO - Sync 1 DAGs
[2025-02-04T16:45:02.034+0000] {logging_mixin.py:190} INFO - [2025-02-04T16:45:02.034+0000] {dag.py:4180} INFO - Setting next_dagrun for example_short_circuit_decorator to None, run_after=None
[2025-02-04T16:45:02.060+0000] {processor.py:208} INFO - Processing /home/airflow/.local/lib/python3.9/site-packages/airflow/example_dags/example_short_circuit_decorator.py took 0.092 seconds
[2025-02-04T16:45:32.226+0000] {processor.py:186} INFO - Started process (PID=2667) to work on /home/airflow/.local/lib/python3.9/site-packages/airflow/example_dags/example_short_circuit_decorator.py
[2025-02-04T16:45:32.228+0000] {processor.py:914} INFO - Processing file /home/airflow/.local/lib/python3.9/site-packages/airflow/example_dags/example_short_circuit_decorator.py for tasks to queue
[2025-02-04T16:45:32.229+0000] {logging_mixin.py:190} INFO - [2025-02-04T16:45:32.229+0000] {dagbag.py:588} INFO - Filling up the DagBag from /home/airflow/.local/lib/python3.9/site-packages/airflow/example_dags/example_short_circuit_decorator.py
[2025-02-04T16:45:32.243+0000] {processor.py:925} INFO - DAG(s) 'example_short_circuit_decorator' retrieved from /home/airflow/.local/lib/python3.9/site-packages/airflow/example_dags/example_short_circuit_decorator.py
[2025-02-04T16:45:32.273+0000] {logging_mixin.py:190} INFO - [2025-02-04T16:45:32.273+0000] {dag.py:3239} INFO - Sync 1 DAGs
[2025-02-04T16:45:32.290+0000] {logging_mixin.py:190} INFO - [2025-02-04T16:45:32.289+0000] {dag.py:4180} INFO - Setting next_dagrun for example_short_circuit_decorator to None, run_after=None
[2025-02-04T16:45:32.316+0000] {processor.py:208} INFO - Processing /home/airflow/.local/lib/python3.9/site-packages/airflow/example_dags/example_short_circuit_decorator.py took 0.100 seconds
[2025-02-04T16:46:04.812+0000] {processor.py:186} INFO - Started process (PID=2738) to work on /home/airflow/.local/lib/python3.9/site-packages/airflow/example_dags/example_short_circuit_decorator.py
[2025-02-04T16:46:04.813+0000] {processor.py:914} INFO - Processing file /home/airflow/.local/lib/python3.9/site-packages/airflow/example_dags/example_short_circuit_decorator.py for tasks to queue
[2025-02-04T16:46:04.815+0000] {logging_mixin.py:190} INFO - [2025-02-04T16:46:04.815+0000] {dagbag.py:588} INFO - Filling up the DagBag from /home/airflow/.local/lib/python3.9/site-packages/airflow/example_dags/example_short_circuit_decorator.py
[2025-02-04T16:46:04.828+0000] {processor.py:925} INFO - DAG(s) 'example_short_circuit_decorator' retrieved from /home/airflow/.local/lib/python3.9/site-packages/airflow/example_dags/example_short_circuit_decorator.py
[2025-02-04T16:46:04.857+0000] {logging_mixin.py:190} INFO - [2025-02-04T16:46:04.857+0000] {dag.py:3239} INFO - Sync 1 DAGs
[2025-02-04T16:46:04.873+0000] {logging_mixin.py:190} INFO - [2025-02-04T16:46:04.872+0000] {dag.py:4180} INFO - Setting next_dagrun for example_short_circuit_decorator to None, run_after=None
[2025-02-04T16:46:04.899+0000] {processor.py:208} INFO - Processing /home/airflow/.local/lib/python3.9/site-packages/airflow/example_dags/example_short_circuit_decorator.py took 0.094 seconds
[2025-02-04T16:46:34.944+0000] {processor.py:186} INFO - Started process (PID=2802) to work on /home/airflow/.local/lib/python3.9/site-packages/airflow/example_dags/example_short_circuit_decorator.py
[2025-02-04T16:46:34.946+0000] {processor.py:914} INFO - Processing file /home/airflow/.local/lib/python3.9/site-packages/airflow/example_dags/example_short_circuit_decorator.py for tasks to queue
[2025-02-04T16:46:34.947+0000] {logging_mixin.py:190} INFO - [2025-02-04T16:46:34.947+0000] {dagbag.py:588} INFO - Filling up the DagBag from /home/airflow/.local/lib/python3.9/site-packages/airflow/example_dags/example_short_circuit_decorator.py
[2025-02-04T16:46:34.958+0000] {processor.py:925} INFO - DAG(s) 'example_short_circuit_decorator' retrieved from /home/airflow/.local/lib/python3.9/site-packages/airflow/example_dags/example_short_circuit_decorator.py
[2025-02-04T16:46:34.987+0000] {logging_mixin.py:190} INFO - [2025-02-04T16:46:34.986+0000] {dag.py:3239} INFO - Sync 1 DAGs
[2025-02-04T16:46:35.002+0000] {logging_mixin.py:190} INFO - [2025-02-04T16:46:35.001+0000] {dag.py:4180} INFO - Setting next_dagrun for example_short_circuit_decorator to None, run_after=None
[2025-02-04T16:46:35.029+0000] {processor.py:208} INFO - Processing /home/airflow/.local/lib/python3.9/site-packages/airflow/example_dags/example_short_circuit_decorator.py took 0.090 seconds
[2025-02-04T16:47:10.160+0000] {processor.py:186} INFO - Started process (PID=2869) to work on /home/airflow/.local/lib/python3.9/site-packages/airflow/example_dags/example_short_circuit_decorator.py
[2025-02-04T16:47:10.161+0000] {processor.py:914} INFO - Processing file /home/airflow/.local/lib/python3.9/site-packages/airflow/example_dags/example_short_circuit_decorator.py for tasks to queue
[2025-02-04T16:47:10.162+0000] {logging_mixin.py:190} INFO - [2025-02-04T16:47:10.162+0000] {dagbag.py:588} INFO - Filling up the DagBag from /home/airflow/.local/lib/python3.9/site-packages/airflow/example_dags/example_short_circuit_decorator.py
[2025-02-04T16:47:10.173+0000] {processor.py:925} INFO - DAG(s) 'example_short_circuit_decorator' retrieved from /home/airflow/.local/lib/python3.9/site-packages/airflow/example_dags/example_short_circuit_decorator.py
[2025-02-04T16:47:10.199+0000] {logging_mixin.py:190} INFO - [2025-02-04T16:47:10.199+0000] {dag.py:3239} INFO - Sync 1 DAGs
[2025-02-04T16:47:10.215+0000] {logging_mixin.py:190} INFO - [2025-02-04T16:47:10.215+0000] {dag.py:4180} INFO - Setting next_dagrun for example_short_circuit_decorator to None, run_after=None
[2025-02-04T16:47:10.241+0000] {processor.py:208} INFO - Processing /home/airflow/.local/lib/python3.9/site-packages/airflow/example_dags/example_short_circuit_decorator.py took 0.088 seconds
[2025-02-04T16:47:50.699+0000] {processor.py:186} INFO - Started process (PID=2933) to work on /home/airflow/.local/lib/python3.9/site-packages/airflow/example_dags/example_short_circuit_decorator.py
[2025-02-04T16:47:50.700+0000] {processor.py:914} INFO - Processing file /home/airflow/.local/lib/python3.9/site-packages/airflow/example_dags/example_short_circuit_decorator.py for tasks to queue
[2025-02-04T16:47:50.702+0000] {logging_mixin.py:190} INFO - [2025-02-04T16:47:50.702+0000] {dagbag.py:588} INFO - Filling up the DagBag from /home/airflow/.local/lib/python3.9/site-packages/airflow/example_dags/example_short_circuit_decorator.py
[2025-02-04T16:47:50.713+0000] {processor.py:925} INFO - DAG(s) 'example_short_circuit_decorator' retrieved from /home/airflow/.local/lib/python3.9/site-packages/airflow/example_dags/example_short_circuit_decorator.py
[2025-02-04T16:47:50.740+0000] {logging_mixin.py:190} INFO - [2025-02-04T16:47:50.739+0000] {dag.py:3239} INFO - Sync 1 DAGs
[2025-02-04T16:47:50.756+0000] {logging_mixin.py:190} INFO - [2025-02-04T16:47:50.756+0000] {dag.py:4180} INFO - Setting next_dagrun for example_short_circuit_decorator to None, run_after=None
[2025-02-04T16:47:50.786+0000] {processor.py:208} INFO - Processing /home/airflow/.local/lib/python3.9/site-packages/airflow/example_dags/example_short_circuit_decorator.py took 0.094 seconds
[2025-02-04T16:48:21.341+0000] {processor.py:186} INFO - Started process (PID=2998) to work on /home/airflow/.local/lib/python3.9/site-packages/airflow/example_dags/example_short_circuit_decorator.py
[2025-02-04T16:48:21.343+0000] {processor.py:914} INFO - Processing file /home/airflow/.local/lib/python3.9/site-packages/airflow/example_dags/example_short_circuit_decorator.py for tasks to queue
[2025-02-04T16:48:21.345+0000] {logging_mixin.py:190} INFO - [2025-02-04T16:48:21.344+0000] {dagbag.py:588} INFO - Filling up the DagBag from /home/airflow/.local/lib/python3.9/site-packages/airflow/example_dags/example_short_circuit_decorator.py
[2025-02-04T16:48:21.359+0000] {processor.py:925} INFO - DAG(s) 'example_short_circuit_decorator' retrieved from /home/airflow/.local/lib/python3.9/site-packages/airflow/example_dags/example_short_circuit_decorator.py
[2025-02-04T16:48:21.387+0000] {logging_mixin.py:190} INFO - [2025-02-04T16:48:21.387+0000] {dag.py:3239} INFO - Sync 1 DAGs
[2025-02-04T16:48:21.406+0000] {logging_mixin.py:190} INFO - [2025-02-04T16:48:21.405+0000] {dag.py:4180} INFO - Setting next_dagrun for example_short_circuit_decorator to None, run_after=None
[2025-02-04T16:48:21.438+0000] {processor.py:208} INFO - Processing /home/airflow/.local/lib/python3.9/site-packages/airflow/example_dags/example_short_circuit_decorator.py took 0.104 seconds
[2025-02-04T16:48:51.521+0000] {processor.py:186} INFO - Started process (PID=3062) to work on /home/airflow/.local/lib/python3.9/site-packages/airflow/example_dags/example_short_circuit_decorator.py
[2025-02-04T16:48:51.522+0000] {processor.py:914} INFO - Processing file /home/airflow/.local/lib/python3.9/site-packages/airflow/example_dags/example_short_circuit_decorator.py for tasks to queue
[2025-02-04T16:48:51.524+0000] {logging_mixin.py:190} INFO - [2025-02-04T16:48:51.523+0000] {dagbag.py:588} INFO - Filling up the DagBag from /home/airflow/.local/lib/python3.9/site-packages/airflow/example_dags/example_short_circuit_decorator.py
[2025-02-04T16:48:51.534+0000] {processor.py:925} INFO - DAG(s) 'example_short_circuit_decorator' retrieved from /home/airflow/.local/lib/python3.9/site-packages/airflow/example_dags/example_short_circuit_decorator.py
[2025-02-04T16:48:51.557+0000] {logging_mixin.py:190} INFO - [2025-02-04T16:48:51.557+0000] {dag.py:3239} INFO - Sync 1 DAGs
[2025-02-04T16:48:51.573+0000] {logging_mixin.py:190} INFO - [2025-02-04T16:48:51.573+0000] {dag.py:4180} INFO - Setting next_dagrun for example_short_circuit_decorator to None, run_after=None
[2025-02-04T16:48:51.596+0000] {processor.py:208} INFO - Processing /home/airflow/.local/lib/python3.9/site-packages/airflow/example_dags/example_short_circuit_decorator.py took 0.083 seconds
[2025-02-04T16:49:21.810+0000] {processor.py:186} INFO - Started process (PID=3126) to work on /home/airflow/.local/lib/python3.9/site-packages/airflow/example_dags/example_short_circuit_decorator.py
[2025-02-04T16:49:21.811+0000] {processor.py:914} INFO - Processing file /home/airflow/.local/lib/python3.9/site-packages/airflow/example_dags/example_short_circuit_decorator.py for tasks to queue
[2025-02-04T16:49:21.813+0000] {logging_mixin.py:190} INFO - [2025-02-04T16:49:21.813+0000] {dagbag.py:588} INFO - Filling up the DagBag from /home/airflow/.local/lib/python3.9/site-packages/airflow/example_dags/example_short_circuit_decorator.py
[2025-02-04T16:49:21.825+0000] {processor.py:925} INFO - DAG(s) 'example_short_circuit_decorator' retrieved from /home/airflow/.local/lib/python3.9/site-packages/airflow/example_dags/example_short_circuit_decorator.py
[2025-02-04T16:49:21.854+0000] {logging_mixin.py:190} INFO - [2025-02-04T16:49:21.854+0000] {dag.py:3239} INFO - Sync 1 DAGs
[2025-02-04T16:49:21.870+0000] {logging_mixin.py:190} INFO - [2025-02-04T16:49:21.870+0000] {dag.py:4180} INFO - Setting next_dagrun for example_short_circuit_decorator to None, run_after=None
[2025-02-04T16:49:21.897+0000] {processor.py:208} INFO - Processing /home/airflow/.local/lib/python3.9/site-packages/airflow/example_dags/example_short_circuit_decorator.py took 0.093 seconds
[2025-02-04T16:49:52.035+0000] {processor.py:186} INFO - Started process (PID=3197) to work on /home/airflow/.local/lib/python3.9/site-packages/airflow/example_dags/example_short_circuit_decorator.py
[2025-02-04T16:49:52.037+0000] {processor.py:914} INFO - Processing file /home/airflow/.local/lib/python3.9/site-packages/airflow/example_dags/example_short_circuit_decorator.py for tasks to queue
[2025-02-04T16:49:52.039+0000] {logging_mixin.py:190} INFO - [2025-02-04T16:49:52.038+0000] {dagbag.py:588} INFO - Filling up the DagBag from /home/airflow/.local/lib/python3.9/site-packages/airflow/example_dags/example_short_circuit_decorator.py
[2025-02-04T16:49:52.050+0000] {processor.py:925} INFO - DAG(s) 'example_short_circuit_decorator' retrieved from /home/airflow/.local/lib/python3.9/site-packages/airflow/example_dags/example_short_circuit_decorator.py
[2025-02-04T16:49:52.074+0000] {logging_mixin.py:190} INFO - [2025-02-04T16:49:52.074+0000] {dag.py:3239} INFO - Sync 1 DAGs
[2025-02-04T16:49:52.092+0000] {logging_mixin.py:190} INFO - [2025-02-04T16:49:52.092+0000] {dag.py:4180} INFO - Setting next_dagrun for example_short_circuit_decorator to None, run_after=None
[2025-02-04T16:49:52.125+0000] {processor.py:208} INFO - Processing /home/airflow/.local/lib/python3.9/site-packages/airflow/example_dags/example_short_circuit_decorator.py took 0.096 seconds
