[2025-02-04T16:22:45.018+0000] {processor.py:186} INFO - Started process (PID=95) to work on /home/airflow/.local/lib/python3.9/site-packages/airflow/example_dags/example_task_group_decorator.py
[2025-02-04T16:22:45.020+0000] {processor.py:914} INFO - Processing file /home/airflow/.local/lib/python3.9/site-packages/airflow/example_dags/example_task_group_decorator.py for tasks to queue
[2025-02-04T16:22:45.023+0000] {logging_mixin.py:190} INFO - [2025-02-04T16:22:45.023+0000] {dagbag.py:588} INFO - Filling up the DagBag from /home/airflow/.local/lib/python3.9/site-packages/airflow/example_dags/example_task_group_decorator.py
[2025-02-04T16:22:45.116+0000] {processor.py:925} INFO - DAG(s) 'example_task_group_decorator' retrieved from /home/airflow/.local/lib/python3.9/site-packages/airflow/example_dags/example_task_group_decorator.py
[2025-02-04T16:22:45.317+0000] {logging_mixin.py:190} INFO - [2025-02-04T16:22:45.316+0000] {override.py:1912} INFO - Created Permission View: can delete on DAG:example_task_group_decorator
[2025-02-04T16:22:45.335+0000] {logging_mixin.py:190} INFO - [2025-02-04T16:22:45.334+0000] {override.py:1912} INFO - Created Permission View: can edit on DAG:example_task_group_decorator
[2025-02-04T16:22:45.350+0000] {logging_mixin.py:190} INFO - [2025-02-04T16:22:45.349+0000] {override.py:1912} INFO - Created Permission View: can read on DAG:example_task_group_decorator
[2025-02-04T16:22:45.369+0000] {logging_mixin.py:190} INFO - [2025-02-04T16:22:45.369+0000] {override.py:1912} INFO - Created Permission View: can delete on DAG Run:example_task_group_decorator
[2025-02-04T16:22:45.383+0000] {logging_mixin.py:190} INFO - [2025-02-04T16:22:45.383+0000] {override.py:1912} INFO - Created Permission View: menu access on DAG Run:example_task_group_decorator
[2025-02-04T16:22:45.397+0000] {logging_mixin.py:190} INFO - [2025-02-04T16:22:45.396+0000] {override.py:1912} INFO - Created Permission View: can read on DAG Run:example_task_group_decorator
[2025-02-04T16:22:45.411+0000] {logging_mixin.py:190} INFO - [2025-02-04T16:22:45.411+0000] {override.py:1912} INFO - Created Permission View: can create on DAG Run:example_task_group_decorator
[2025-02-04T16:22:45.413+0000] {logging_mixin.py:190} INFO - [2025-02-04T16:22:45.412+0000] {dag.py:3239} INFO - Sync 1 DAGs
[2025-02-04T16:22:45.425+0000] {logging_mixin.py:190} INFO - [2025-02-04T16:22:45.424+0000] {dag.py:3262} INFO - Creating ORM DAG for example_task_group_decorator
[2025-02-04T16:22:45.426+0000] {logging_mixin.py:190} INFO - [2025-02-04T16:22:45.426+0000] {dag.py:4180} INFO - Setting next_dagrun for example_task_group_decorator to None, run_after=None
[2025-02-04T16:22:45.449+0000] {processor.py:208} INFO - Processing /home/airflow/.local/lib/python3.9/site-packages/airflow/example_dags/example_task_group_decorator.py took 0.437 seconds
[2025-02-04T16:23:28.403+0000] {processor.py:186} INFO - Started process (PID=166) to work on /home/airflow/.local/lib/python3.9/site-packages/airflow/example_dags/example_task_group_decorator.py
[2025-02-04T16:23:28.405+0000] {processor.py:914} INFO - Processing file /home/airflow/.local/lib/python3.9/site-packages/airflow/example_dags/example_task_group_decorator.py for tasks to queue
[2025-02-04T16:23:28.408+0000] {logging_mixin.py:190} INFO - [2025-02-04T16:23:28.408+0000] {dagbag.py:588} INFO - Filling up the DagBag from /home/airflow/.local/lib/python3.9/site-packages/airflow/example_dags/example_task_group_decorator.py
[2025-02-04T16:23:28.423+0000] {processor.py:925} INFO - DAG(s) 'example_task_group_decorator' retrieved from /home/airflow/.local/lib/python3.9/site-packages/airflow/example_dags/example_task_group_decorator.py
[2025-02-04T16:23:28.449+0000] {logging_mixin.py:190} INFO - [2025-02-04T16:23:28.449+0000] {dag.py:3239} INFO - Sync 1 DAGs
[2025-02-04T16:23:28.463+0000] {logging_mixin.py:190} INFO - [2025-02-04T16:23:28.462+0000] {dag.py:4180} INFO - Setting next_dagrun for example_task_group_decorator to None, run_after=None
[2025-02-04T16:23:28.488+0000] {processor.py:208} INFO - Processing /home/airflow/.local/lib/python3.9/site-packages/airflow/example_dags/example_task_group_decorator.py took 0.091 seconds
[2025-02-04T16:23:58.859+0000] {processor.py:186} INFO - Started process (PID=228) to work on /home/airflow/.local/lib/python3.9/site-packages/airflow/example_dags/example_task_group_decorator.py
[2025-02-04T16:23:58.861+0000] {processor.py:914} INFO - Processing file /home/airflow/.local/lib/python3.9/site-packages/airflow/example_dags/example_task_group_decorator.py for tasks to queue
[2025-02-04T16:23:58.864+0000] {logging_mixin.py:190} INFO - [2025-02-04T16:23:58.863+0000] {dagbag.py:588} INFO - Filling up the DagBag from /home/airflow/.local/lib/python3.9/site-packages/airflow/example_dags/example_task_group_decorator.py
[2025-02-04T16:23:58.880+0000] {processor.py:925} INFO - DAG(s) 'example_task_group_decorator' retrieved from /home/airflow/.local/lib/python3.9/site-packages/airflow/example_dags/example_task_group_decorator.py
[2025-02-04T16:23:58.906+0000] {logging_mixin.py:190} INFO - [2025-02-04T16:23:58.905+0000] {dag.py:3239} INFO - Sync 1 DAGs
[2025-02-04T16:23:58.919+0000] {logging_mixin.py:190} INFO - [2025-02-04T16:23:58.919+0000] {dag.py:4180} INFO - Setting next_dagrun for example_task_group_decorator to None, run_after=None
[2025-02-04T16:23:58.946+0000] {processor.py:208} INFO - Processing /home/airflow/.local/lib/python3.9/site-packages/airflow/example_dags/example_task_group_decorator.py took 0.093 seconds
[2025-02-04T16:24:29.592+0000] {processor.py:186} INFO - Started process (PID=291) to work on /home/airflow/.local/lib/python3.9/site-packages/airflow/example_dags/example_task_group_decorator.py
[2025-02-04T16:24:29.594+0000] {processor.py:914} INFO - Processing file /home/airflow/.local/lib/python3.9/site-packages/airflow/example_dags/example_task_group_decorator.py for tasks to queue
[2025-02-04T16:24:29.596+0000] {logging_mixin.py:190} INFO - [2025-02-04T16:24:29.596+0000] {dagbag.py:588} INFO - Filling up the DagBag from /home/airflow/.local/lib/python3.9/site-packages/airflow/example_dags/example_task_group_decorator.py
[2025-02-04T16:24:29.618+0000] {processor.py:925} INFO - DAG(s) 'example_task_group_decorator' retrieved from /home/airflow/.local/lib/python3.9/site-packages/airflow/example_dags/example_task_group_decorator.py
[2025-02-04T16:24:29.647+0000] {logging_mixin.py:190} INFO - [2025-02-04T16:24:29.647+0000] {dag.py:3239} INFO - Sync 1 DAGs
[2025-02-04T16:24:29.662+0000] {logging_mixin.py:190} INFO - [2025-02-04T16:24:29.662+0000] {dag.py:4180} INFO - Setting next_dagrun for example_task_group_decorator to None, run_after=None
[2025-02-04T16:24:29.686+0000] {processor.py:208} INFO - Processing /home/airflow/.local/lib/python3.9/site-packages/airflow/example_dags/example_task_group_decorator.py took 0.103 seconds
[2025-02-04T16:25:00.388+0000] {processor.py:186} INFO - Started process (PID=355) to work on /home/airflow/.local/lib/python3.9/site-packages/airflow/example_dags/example_task_group_decorator.py
[2025-02-04T16:25:00.389+0000] {processor.py:914} INFO - Processing file /home/airflow/.local/lib/python3.9/site-packages/airflow/example_dags/example_task_group_decorator.py for tasks to queue
[2025-02-04T16:25:00.392+0000] {logging_mixin.py:190} INFO - [2025-02-04T16:25:00.392+0000] {dagbag.py:588} INFO - Filling up the DagBag from /home/airflow/.local/lib/python3.9/site-packages/airflow/example_dags/example_task_group_decorator.py
[2025-02-04T16:25:00.408+0000] {processor.py:925} INFO - DAG(s) 'example_task_group_decorator' retrieved from /home/airflow/.local/lib/python3.9/site-packages/airflow/example_dags/example_task_group_decorator.py
[2025-02-04T16:25:00.438+0000] {logging_mixin.py:190} INFO - [2025-02-04T16:25:00.438+0000] {dag.py:3239} INFO - Sync 1 DAGs
[2025-02-04T16:25:00.452+0000] {logging_mixin.py:190} INFO - [2025-02-04T16:25:00.452+0000] {dag.py:4180} INFO - Setting next_dagrun for example_task_group_decorator to None, run_after=None
[2025-02-04T16:25:00.481+0000] {processor.py:208} INFO - Processing /home/airflow/.local/lib/python3.9/site-packages/airflow/example_dags/example_task_group_decorator.py took 0.100 seconds
[2025-02-04T16:25:31.588+0000] {processor.py:186} INFO - Started process (PID=419) to work on /home/airflow/.local/lib/python3.9/site-packages/airflow/example_dags/example_task_group_decorator.py
[2025-02-04T16:25:31.590+0000] {processor.py:914} INFO - Processing file /home/airflow/.local/lib/python3.9/site-packages/airflow/example_dags/example_task_group_decorator.py for tasks to queue
[2025-02-04T16:25:31.592+0000] {logging_mixin.py:190} INFO - [2025-02-04T16:25:31.592+0000] {dagbag.py:588} INFO - Filling up the DagBag from /home/airflow/.local/lib/python3.9/site-packages/airflow/example_dags/example_task_group_decorator.py
[2025-02-04T16:25:31.610+0000] {processor.py:925} INFO - DAG(s) 'example_task_group_decorator' retrieved from /home/airflow/.local/lib/python3.9/site-packages/airflow/example_dags/example_task_group_decorator.py
[2025-02-04T16:25:31.641+0000] {logging_mixin.py:190} INFO - [2025-02-04T16:25:31.641+0000] {dag.py:3239} INFO - Sync 1 DAGs
[2025-02-04T16:25:31.659+0000] {logging_mixin.py:190} INFO - [2025-02-04T16:25:31.659+0000] {dag.py:4180} INFO - Setting next_dagrun for example_task_group_decorator to None, run_after=None
[2025-02-04T16:25:31.689+0000] {processor.py:208} INFO - Processing /home/airflow/.local/lib/python3.9/site-packages/airflow/example_dags/example_task_group_decorator.py took 0.110 seconds
[2025-02-04T16:26:02.404+0000] {processor.py:186} INFO - Started process (PID=484) to work on /home/airflow/.local/lib/python3.9/site-packages/airflow/example_dags/example_task_group_decorator.py
[2025-02-04T16:26:02.405+0000] {processor.py:914} INFO - Processing file /home/airflow/.local/lib/python3.9/site-packages/airflow/example_dags/example_task_group_decorator.py for tasks to queue
[2025-02-04T16:26:02.407+0000] {logging_mixin.py:190} INFO - [2025-02-04T16:26:02.407+0000] {dagbag.py:588} INFO - Filling up the DagBag from /home/airflow/.local/lib/python3.9/site-packages/airflow/example_dags/example_task_group_decorator.py
[2025-02-04T16:26:02.422+0000] {processor.py:925} INFO - DAG(s) 'example_task_group_decorator' retrieved from /home/airflow/.local/lib/python3.9/site-packages/airflow/example_dags/example_task_group_decorator.py
[2025-02-04T16:26:02.450+0000] {logging_mixin.py:190} INFO - [2025-02-04T16:26:02.450+0000] {dag.py:3239} INFO - Sync 1 DAGs
[2025-02-04T16:26:02.464+0000] {logging_mixin.py:190} INFO - [2025-02-04T16:26:02.464+0000] {dag.py:4180} INFO - Setting next_dagrun for example_task_group_decorator to None, run_after=None
[2025-02-04T16:26:02.491+0000] {processor.py:208} INFO - Processing /home/airflow/.local/lib/python3.9/site-packages/airflow/example_dags/example_task_group_decorator.py took 0.094 seconds
[2025-02-04T16:26:33.189+0000] {processor.py:186} INFO - Started process (PID=548) to work on /home/airflow/.local/lib/python3.9/site-packages/airflow/example_dags/example_task_group_decorator.py
[2025-02-04T16:26:33.191+0000] {processor.py:914} INFO - Processing file /home/airflow/.local/lib/python3.9/site-packages/airflow/example_dags/example_task_group_decorator.py for tasks to queue
[2025-02-04T16:26:33.193+0000] {logging_mixin.py:190} INFO - [2025-02-04T16:26:33.193+0000] {dagbag.py:588} INFO - Filling up the DagBag from /home/airflow/.local/lib/python3.9/site-packages/airflow/example_dags/example_task_group_decorator.py
[2025-02-04T16:26:33.210+0000] {processor.py:925} INFO - DAG(s) 'example_task_group_decorator' retrieved from /home/airflow/.local/lib/python3.9/site-packages/airflow/example_dags/example_task_group_decorator.py
[2025-02-04T16:26:33.239+0000] {logging_mixin.py:190} INFO - [2025-02-04T16:26:33.239+0000] {dag.py:3239} INFO - Sync 1 DAGs
[2025-02-04T16:26:33.254+0000] {logging_mixin.py:190} INFO - [2025-02-04T16:26:33.254+0000] {dag.py:4180} INFO - Setting next_dagrun for example_task_group_decorator to None, run_after=None
[2025-02-04T16:26:33.282+0000] {processor.py:208} INFO - Processing /home/airflow/.local/lib/python3.9/site-packages/airflow/example_dags/example_task_group_decorator.py took 0.100 seconds
[2025-02-04T16:27:04.284+0000] {processor.py:186} INFO - Started process (PID=619) to work on /home/airflow/.local/lib/python3.9/site-packages/airflow/example_dags/example_task_group_decorator.py
[2025-02-04T16:27:04.286+0000] {processor.py:914} INFO - Processing file /home/airflow/.local/lib/python3.9/site-packages/airflow/example_dags/example_task_group_decorator.py for tasks to queue
[2025-02-04T16:27:04.290+0000] {logging_mixin.py:190} INFO - [2025-02-04T16:27:04.290+0000] {dagbag.py:588} INFO - Filling up the DagBag from /home/airflow/.local/lib/python3.9/site-packages/airflow/example_dags/example_task_group_decorator.py
[2025-02-04T16:27:04.312+0000] {processor.py:925} INFO - DAG(s) 'example_task_group_decorator' retrieved from /home/airflow/.local/lib/python3.9/site-packages/airflow/example_dags/example_task_group_decorator.py
[2025-02-04T16:27:04.340+0000] {logging_mixin.py:190} INFO - [2025-02-04T16:27:04.339+0000] {dag.py:3239} INFO - Sync 1 DAGs
[2025-02-04T16:27:04.353+0000] {logging_mixin.py:190} INFO - [2025-02-04T16:27:04.353+0000] {dag.py:4180} INFO - Setting next_dagrun for example_task_group_decorator to None, run_after=None
[2025-02-04T16:27:04.380+0000] {processor.py:208} INFO - Processing /home/airflow/.local/lib/python3.9/site-packages/airflow/example_dags/example_task_group_decorator.py took 0.110 seconds
[2025-02-04T16:27:35.094+0000] {processor.py:186} INFO - Started process (PID=683) to work on /home/airflow/.local/lib/python3.9/site-packages/airflow/example_dags/example_task_group_decorator.py
[2025-02-04T16:27:35.096+0000] {processor.py:914} INFO - Processing file /home/airflow/.local/lib/python3.9/site-packages/airflow/example_dags/example_task_group_decorator.py for tasks to queue
[2025-02-04T16:27:35.099+0000] {logging_mixin.py:190} INFO - [2025-02-04T16:27:35.099+0000] {dagbag.py:588} INFO - Filling up the DagBag from /home/airflow/.local/lib/python3.9/site-packages/airflow/example_dags/example_task_group_decorator.py
[2025-02-04T16:27:35.121+0000] {processor.py:925} INFO - DAG(s) 'example_task_group_decorator' retrieved from /home/airflow/.local/lib/python3.9/site-packages/airflow/example_dags/example_task_group_decorator.py
[2025-02-04T16:27:35.153+0000] {logging_mixin.py:190} INFO - [2025-02-04T16:27:35.153+0000] {dag.py:3239} INFO - Sync 1 DAGs
[2025-02-04T16:27:35.174+0000] {logging_mixin.py:190} INFO - [2025-02-04T16:27:35.173+0000] {dag.py:4180} INFO - Setting next_dagrun for example_task_group_decorator to None, run_after=None
[2025-02-04T16:27:35.208+0000] {processor.py:208} INFO - Processing /home/airflow/.local/lib/python3.9/site-packages/airflow/example_dags/example_task_group_decorator.py took 0.121 seconds
[2025-02-04T16:28:06.083+0000] {processor.py:186} INFO - Started process (PID=747) to work on /home/airflow/.local/lib/python3.9/site-packages/airflow/example_dags/example_task_group_decorator.py
[2025-02-04T16:28:06.085+0000] {processor.py:914} INFO - Processing file /home/airflow/.local/lib/python3.9/site-packages/airflow/example_dags/example_task_group_decorator.py for tasks to queue
[2025-02-04T16:28:06.088+0000] {logging_mixin.py:190} INFO - [2025-02-04T16:28:06.087+0000] {dagbag.py:588} INFO - Filling up the DagBag from /home/airflow/.local/lib/python3.9/site-packages/airflow/example_dags/example_task_group_decorator.py
[2025-02-04T16:28:06.103+0000] {processor.py:925} INFO - DAG(s) 'example_task_group_decorator' retrieved from /home/airflow/.local/lib/python3.9/site-packages/airflow/example_dags/example_task_group_decorator.py
[2025-02-04T16:28:06.133+0000] {logging_mixin.py:190} INFO - [2025-02-04T16:28:06.133+0000] {dag.py:3239} INFO - Sync 1 DAGs
[2025-02-04T16:28:06.151+0000] {logging_mixin.py:190} INFO - [2025-02-04T16:28:06.151+0000] {dag.py:4180} INFO - Setting next_dagrun for example_task_group_decorator to None, run_after=None
[2025-02-04T16:28:06.178+0000] {processor.py:208} INFO - Processing /home/airflow/.local/lib/python3.9/site-packages/airflow/example_dags/example_task_group_decorator.py took 0.102 seconds
[2025-02-04T16:28:36.520+0000] {processor.py:186} INFO - Started process (PID=811) to work on /home/airflow/.local/lib/python3.9/site-packages/airflow/example_dags/example_task_group_decorator.py
[2025-02-04T16:28:36.521+0000] {processor.py:914} INFO - Processing file /home/airflow/.local/lib/python3.9/site-packages/airflow/example_dags/example_task_group_decorator.py for tasks to queue
[2025-02-04T16:28:36.524+0000] {logging_mixin.py:190} INFO - [2025-02-04T16:28:36.524+0000] {dagbag.py:588} INFO - Filling up the DagBag from /home/airflow/.local/lib/python3.9/site-packages/airflow/example_dags/example_task_group_decorator.py
[2025-02-04T16:28:36.540+0000] {processor.py:925} INFO - DAG(s) 'example_task_group_decorator' retrieved from /home/airflow/.local/lib/python3.9/site-packages/airflow/example_dags/example_task_group_decorator.py
[2025-02-04T16:28:36.570+0000] {logging_mixin.py:190} INFO - [2025-02-04T16:28:36.570+0000] {dag.py:3239} INFO - Sync 1 DAGs
[2025-02-04T16:28:36.586+0000] {logging_mixin.py:190} INFO - [2025-02-04T16:28:36.586+0000] {dag.py:4180} INFO - Setting next_dagrun for example_task_group_decorator to None, run_after=None
[2025-02-04T16:28:36.615+0000] {processor.py:208} INFO - Processing /home/airflow/.local/lib/python3.9/site-packages/airflow/example_dags/example_task_group_decorator.py took 0.102 seconds
[2025-02-04T16:29:07.364+0000] {processor.py:186} INFO - Started process (PID=875) to work on /home/airflow/.local/lib/python3.9/site-packages/airflow/example_dags/example_task_group_decorator.py
[2025-02-04T16:29:07.365+0000] {processor.py:914} INFO - Processing file /home/airflow/.local/lib/python3.9/site-packages/airflow/example_dags/example_task_group_decorator.py for tasks to queue
[2025-02-04T16:29:07.368+0000] {logging_mixin.py:190} INFO - [2025-02-04T16:29:07.368+0000] {dagbag.py:588} INFO - Filling up the DagBag from /home/airflow/.local/lib/python3.9/site-packages/airflow/example_dags/example_task_group_decorator.py
[2025-02-04T16:29:07.383+0000] {processor.py:925} INFO - DAG(s) 'example_task_group_decorator' retrieved from /home/airflow/.local/lib/python3.9/site-packages/airflow/example_dags/example_task_group_decorator.py
[2025-02-04T16:29:07.413+0000] {logging_mixin.py:190} INFO - [2025-02-04T16:29:07.412+0000] {dag.py:3239} INFO - Sync 1 DAGs
[2025-02-04T16:29:07.429+0000] {logging_mixin.py:190} INFO - [2025-02-04T16:29:07.428+0000] {dag.py:4180} INFO - Setting next_dagrun for example_task_group_decorator to None, run_after=None
[2025-02-04T16:29:07.457+0000] {processor.py:208} INFO - Processing /home/airflow/.local/lib/python3.9/site-packages/airflow/example_dags/example_task_group_decorator.py took 0.099 seconds
[2025-02-04T16:29:37.730+0000] {processor.py:186} INFO - Started process (PID=939) to work on /home/airflow/.local/lib/python3.9/site-packages/airflow/example_dags/example_task_group_decorator.py
[2025-02-04T16:29:37.732+0000] {processor.py:914} INFO - Processing file /home/airflow/.local/lib/python3.9/site-packages/airflow/example_dags/example_task_group_decorator.py for tasks to queue
[2025-02-04T16:29:37.735+0000] {logging_mixin.py:190} INFO - [2025-02-04T16:29:37.735+0000] {dagbag.py:588} INFO - Filling up the DagBag from /home/airflow/.local/lib/python3.9/site-packages/airflow/example_dags/example_task_group_decorator.py
[2025-02-04T16:29:37.755+0000] {processor.py:925} INFO - DAG(s) 'example_task_group_decorator' retrieved from /home/airflow/.local/lib/python3.9/site-packages/airflow/example_dags/example_task_group_decorator.py
[2025-02-04T16:29:37.787+0000] {logging_mixin.py:190} INFO - [2025-02-04T16:29:37.787+0000] {dag.py:3239} INFO - Sync 1 DAGs
[2025-02-04T16:29:37.804+0000] {logging_mixin.py:190} INFO - [2025-02-04T16:29:37.803+0000] {dag.py:4180} INFO - Setting next_dagrun for example_task_group_decorator to None, run_after=None
[2025-02-04T16:29:37.836+0000] {processor.py:208} INFO - Processing /home/airflow/.local/lib/python3.9/site-packages/airflow/example_dags/example_task_group_decorator.py took 0.113 seconds
[2025-02-04T16:30:08.074+0000] {processor.py:186} INFO - Started process (PID=1003) to work on /home/airflow/.local/lib/python3.9/site-packages/airflow/example_dags/example_task_group_decorator.py
[2025-02-04T16:30:08.075+0000] {processor.py:914} INFO - Processing file /home/airflow/.local/lib/python3.9/site-packages/airflow/example_dags/example_task_group_decorator.py for tasks to queue
[2025-02-04T16:30:08.079+0000] {logging_mixin.py:190} INFO - [2025-02-04T16:30:08.079+0000] {dagbag.py:588} INFO - Filling up the DagBag from /home/airflow/.local/lib/python3.9/site-packages/airflow/example_dags/example_task_group_decorator.py
[2025-02-04T16:30:08.103+0000] {processor.py:925} INFO - DAG(s) 'example_task_group_decorator' retrieved from /home/airflow/.local/lib/python3.9/site-packages/airflow/example_dags/example_task_group_decorator.py
[2025-02-04T16:30:08.137+0000] {logging_mixin.py:190} INFO - [2025-02-04T16:30:08.137+0000] {dag.py:3239} INFO - Sync 1 DAGs
[2025-02-04T16:30:08.156+0000] {logging_mixin.py:190} INFO - [2025-02-04T16:30:08.156+0000] {dag.py:4180} INFO - Setting next_dagrun for example_task_group_decorator to None, run_after=None
[2025-02-04T16:30:08.186+0000] {processor.py:208} INFO - Processing /home/airflow/.local/lib/python3.9/site-packages/airflow/example_dags/example_task_group_decorator.py took 0.119 seconds
[2025-02-04T16:30:38.776+0000] {processor.py:186} INFO - Started process (PID=1067) to work on /home/airflow/.local/lib/python3.9/site-packages/airflow/example_dags/example_task_group_decorator.py
[2025-02-04T16:30:38.778+0000] {processor.py:914} INFO - Processing file /home/airflow/.local/lib/python3.9/site-packages/airflow/example_dags/example_task_group_decorator.py for tasks to queue
[2025-02-04T16:30:38.780+0000] {logging_mixin.py:190} INFO - [2025-02-04T16:30:38.780+0000] {dagbag.py:588} INFO - Filling up the DagBag from /home/airflow/.local/lib/python3.9/site-packages/airflow/example_dags/example_task_group_decorator.py
[2025-02-04T16:30:38.795+0000] {processor.py:925} INFO - DAG(s) 'example_task_group_decorator' retrieved from /home/airflow/.local/lib/python3.9/site-packages/airflow/example_dags/example_task_group_decorator.py
[2025-02-04T16:30:38.825+0000] {logging_mixin.py:190} INFO - [2025-02-04T16:30:38.825+0000] {dag.py:3239} INFO - Sync 1 DAGs
[2025-02-04T16:30:38.840+0000] {logging_mixin.py:190} INFO - [2025-02-04T16:30:38.839+0000] {dag.py:4180} INFO - Setting next_dagrun for example_task_group_decorator to None, run_after=None
[2025-02-04T16:30:38.868+0000] {processor.py:208} INFO - Processing /home/airflow/.local/lib/python3.9/site-packages/airflow/example_dags/example_task_group_decorator.py took 0.099 seconds
[2025-02-04T16:31:09.393+0000] {processor.py:186} INFO - Started process (PID=1131) to work on /home/airflow/.local/lib/python3.9/site-packages/airflow/example_dags/example_task_group_decorator.py
[2025-02-04T16:31:09.395+0000] {processor.py:914} INFO - Processing file /home/airflow/.local/lib/python3.9/site-packages/airflow/example_dags/example_task_group_decorator.py for tasks to queue
[2025-02-04T16:31:09.398+0000] {logging_mixin.py:190} INFO - [2025-02-04T16:31:09.397+0000] {dagbag.py:588} INFO - Filling up the DagBag from /home/airflow/.local/lib/python3.9/site-packages/airflow/example_dags/example_task_group_decorator.py
[2025-02-04T16:31:09.418+0000] {processor.py:925} INFO - DAG(s) 'example_task_group_decorator' retrieved from /home/airflow/.local/lib/python3.9/site-packages/airflow/example_dags/example_task_group_decorator.py
[2025-02-04T16:31:09.451+0000] {logging_mixin.py:190} INFO - [2025-02-04T16:31:09.450+0000] {dag.py:3239} INFO - Sync 1 DAGs
[2025-02-04T16:31:09.470+0000] {logging_mixin.py:190} INFO - [2025-02-04T16:31:09.470+0000] {dag.py:4180} INFO - Setting next_dagrun for example_task_group_decorator to None, run_after=None
[2025-02-04T16:31:09.505+0000] {processor.py:208} INFO - Processing /home/airflow/.local/lib/python3.9/site-packages/airflow/example_dags/example_task_group_decorator.py took 0.119 seconds
[2025-02-04T16:31:39.632+0000] {processor.py:186} INFO - Started process (PID=1195) to work on /home/airflow/.local/lib/python3.9/site-packages/airflow/example_dags/example_task_group_decorator.py
[2025-02-04T16:31:39.633+0000] {processor.py:914} INFO - Processing file /home/airflow/.local/lib/python3.9/site-packages/airflow/example_dags/example_task_group_decorator.py for tasks to queue
[2025-02-04T16:31:39.637+0000] {logging_mixin.py:190} INFO - [2025-02-04T16:31:39.636+0000] {dagbag.py:588} INFO - Filling up the DagBag from /home/airflow/.local/lib/python3.9/site-packages/airflow/example_dags/example_task_group_decorator.py
[2025-02-04T16:31:39.661+0000] {processor.py:925} INFO - DAG(s) 'example_task_group_decorator' retrieved from /home/airflow/.local/lib/python3.9/site-packages/airflow/example_dags/example_task_group_decorator.py
[2025-02-04T16:31:39.695+0000] {logging_mixin.py:190} INFO - [2025-02-04T16:31:39.694+0000] {dag.py:3239} INFO - Sync 1 DAGs
[2025-02-04T16:31:39.713+0000] {logging_mixin.py:190} INFO - [2025-02-04T16:31:39.713+0000] {dag.py:4180} INFO - Setting next_dagrun for example_task_group_decorator to None, run_after=None
[2025-02-04T16:31:39.743+0000] {processor.py:208} INFO - Processing /home/airflow/.local/lib/python3.9/site-packages/airflow/example_dags/example_task_group_decorator.py took 0.120 seconds
[2025-02-04T16:32:09.920+0000] {processor.py:186} INFO - Started process (PID=1259) to work on /home/airflow/.local/lib/python3.9/site-packages/airflow/example_dags/example_task_group_decorator.py
[2025-02-04T16:32:09.922+0000] {processor.py:914} INFO - Processing file /home/airflow/.local/lib/python3.9/site-packages/airflow/example_dags/example_task_group_decorator.py for tasks to queue
[2025-02-04T16:32:09.925+0000] {logging_mixin.py:190} INFO - [2025-02-04T16:32:09.925+0000] {dagbag.py:588} INFO - Filling up the DagBag from /home/airflow/.local/lib/python3.9/site-packages/airflow/example_dags/example_task_group_decorator.py
[2025-02-04T16:32:09.941+0000] {processor.py:925} INFO - DAG(s) 'example_task_group_decorator' retrieved from /home/airflow/.local/lib/python3.9/site-packages/airflow/example_dags/example_task_group_decorator.py
[2025-02-04T16:32:09.974+0000] {logging_mixin.py:190} INFO - [2025-02-04T16:32:09.974+0000] {dag.py:3239} INFO - Sync 1 DAGs
[2025-02-04T16:32:09.991+0000] {logging_mixin.py:190} INFO - [2025-02-04T16:32:09.991+0000] {dag.py:4180} INFO - Setting next_dagrun for example_task_group_decorator to None, run_after=None
[2025-02-04T16:32:10.024+0000] {processor.py:208} INFO - Processing /home/airflow/.local/lib/python3.9/site-packages/airflow/example_dags/example_task_group_decorator.py took 0.111 seconds
[2025-02-04T16:32:40.164+0000] {processor.py:186} INFO - Started process (PID=1330) to work on /home/airflow/.local/lib/python3.9/site-packages/airflow/example_dags/example_task_group_decorator.py
[2025-02-04T16:32:40.166+0000] {processor.py:914} INFO - Processing file /home/airflow/.local/lib/python3.9/site-packages/airflow/example_dags/example_task_group_decorator.py for tasks to queue
[2025-02-04T16:32:40.168+0000] {logging_mixin.py:190} INFO - [2025-02-04T16:32:40.168+0000] {dagbag.py:588} INFO - Filling up the DagBag from /home/airflow/.local/lib/python3.9/site-packages/airflow/example_dags/example_task_group_decorator.py
[2025-02-04T16:32:40.184+0000] {processor.py:925} INFO - DAG(s) 'example_task_group_decorator' retrieved from /home/airflow/.local/lib/python3.9/site-packages/airflow/example_dags/example_task_group_decorator.py
[2025-02-04T16:32:40.216+0000] {logging_mixin.py:190} INFO - [2025-02-04T16:32:40.215+0000] {dag.py:3239} INFO - Sync 1 DAGs
[2025-02-04T16:32:40.245+0000] {logging_mixin.py:190} INFO - [2025-02-04T16:32:40.245+0000] {dag.py:4180} INFO - Setting next_dagrun for example_task_group_decorator to None, run_after=None
[2025-02-04T16:32:40.292+0000] {processor.py:208} INFO - Processing /home/airflow/.local/lib/python3.9/site-packages/airflow/example_dags/example_task_group_decorator.py took 0.135 seconds
[2025-02-04T16:33:11.151+0000] {processor.py:186} INFO - Started process (PID=1395) to work on /home/airflow/.local/lib/python3.9/site-packages/airflow/example_dags/example_task_group_decorator.py
[2025-02-04T16:33:11.153+0000] {processor.py:914} INFO - Processing file /home/airflow/.local/lib/python3.9/site-packages/airflow/example_dags/example_task_group_decorator.py for tasks to queue
[2025-02-04T16:33:11.156+0000] {logging_mixin.py:190} INFO - [2025-02-04T16:33:11.156+0000] {dagbag.py:588} INFO - Filling up the DagBag from /home/airflow/.local/lib/python3.9/site-packages/airflow/example_dags/example_task_group_decorator.py
[2025-02-04T16:33:11.172+0000] {processor.py:925} INFO - DAG(s) 'example_task_group_decorator' retrieved from /home/airflow/.local/lib/python3.9/site-packages/airflow/example_dags/example_task_group_decorator.py
[2025-02-04T16:33:11.205+0000] {logging_mixin.py:190} INFO - [2025-02-04T16:33:11.205+0000] {dag.py:3239} INFO - Sync 1 DAGs
[2025-02-04T16:33:11.221+0000] {logging_mixin.py:190} INFO - [2025-02-04T16:33:11.221+0000] {dag.py:4180} INFO - Setting next_dagrun for example_task_group_decorator to None, run_after=None
[2025-02-04T16:33:11.255+0000] {processor.py:208} INFO - Processing /home/airflow/.local/lib/python3.9/site-packages/airflow/example_dags/example_task_group_decorator.py took 0.110 seconds
[2025-02-04T16:33:41.913+0000] {processor.py:186} INFO - Started process (PID=1459) to work on /home/airflow/.local/lib/python3.9/site-packages/airflow/example_dags/example_task_group_decorator.py
[2025-02-04T16:33:41.915+0000] {processor.py:914} INFO - Processing file /home/airflow/.local/lib/python3.9/site-packages/airflow/example_dags/example_task_group_decorator.py for tasks to queue
[2025-02-04T16:33:41.918+0000] {logging_mixin.py:190} INFO - [2025-02-04T16:33:41.917+0000] {dagbag.py:588} INFO - Filling up the DagBag from /home/airflow/.local/lib/python3.9/site-packages/airflow/example_dags/example_task_group_decorator.py
[2025-02-04T16:33:41.938+0000] {processor.py:925} INFO - DAG(s) 'example_task_group_decorator' retrieved from /home/airflow/.local/lib/python3.9/site-packages/airflow/example_dags/example_task_group_decorator.py
[2025-02-04T16:33:41.969+0000] {logging_mixin.py:190} INFO - [2025-02-04T16:33:41.969+0000] {dag.py:3239} INFO - Sync 1 DAGs
[2025-02-04T16:33:41.988+0000] {logging_mixin.py:190} INFO - [2025-02-04T16:33:41.987+0000] {dag.py:4180} INFO - Setting next_dagrun for example_task_group_decorator to None, run_after=None
[2025-02-04T16:33:42.015+0000] {processor.py:208} INFO - Processing /home/airflow/.local/lib/python3.9/site-packages/airflow/example_dags/example_task_group_decorator.py took 0.110 seconds
[2025-02-04T16:34:13.138+0000] {processor.py:186} INFO - Started process (PID=1523) to work on /home/airflow/.local/lib/python3.9/site-packages/airflow/example_dags/example_task_group_decorator.py
[2025-02-04T16:34:13.140+0000] {processor.py:914} INFO - Processing file /home/airflow/.local/lib/python3.9/site-packages/airflow/example_dags/example_task_group_decorator.py for tasks to queue
[2025-02-04T16:34:13.143+0000] {logging_mixin.py:190} INFO - [2025-02-04T16:34:13.143+0000] {dagbag.py:588} INFO - Filling up the DagBag from /home/airflow/.local/lib/python3.9/site-packages/airflow/example_dags/example_task_group_decorator.py
[2025-02-04T16:34:13.158+0000] {processor.py:925} INFO - DAG(s) 'example_task_group_decorator' retrieved from /home/airflow/.local/lib/python3.9/site-packages/airflow/example_dags/example_task_group_decorator.py
[2025-02-04T16:34:13.186+0000] {logging_mixin.py:190} INFO - [2025-02-04T16:34:13.186+0000] {dag.py:3239} INFO - Sync 1 DAGs
[2025-02-04T16:34:13.199+0000] {logging_mixin.py:190} INFO - [2025-02-04T16:34:13.199+0000] {dag.py:4180} INFO - Setting next_dagrun for example_task_group_decorator to None, run_after=None
[2025-02-04T16:34:13.227+0000] {processor.py:208} INFO - Processing /home/airflow/.local/lib/python3.9/site-packages/airflow/example_dags/example_task_group_decorator.py took 0.096 seconds
[2025-02-04T16:34:46.634+0000] {processor.py:186} INFO - Started process (PID=1587) to work on /home/airflow/.local/lib/python3.9/site-packages/airflow/example_dags/example_task_group_decorator.py
[2025-02-04T16:34:46.635+0000] {processor.py:914} INFO - Processing file /home/airflow/.local/lib/python3.9/site-packages/airflow/example_dags/example_task_group_decorator.py for tasks to queue
[2025-02-04T16:34:46.638+0000] {logging_mixin.py:190} INFO - [2025-02-04T16:34:46.638+0000] {dagbag.py:588} INFO - Filling up the DagBag from /home/airflow/.local/lib/python3.9/site-packages/airflow/example_dags/example_task_group_decorator.py
[2025-02-04T16:34:46.653+0000] {processor.py:925} INFO - DAG(s) 'example_task_group_decorator' retrieved from /home/airflow/.local/lib/python3.9/site-packages/airflow/example_dags/example_task_group_decorator.py
[2025-02-04T16:34:46.683+0000] {logging_mixin.py:190} INFO - [2025-02-04T16:34:46.682+0000] {dag.py:3239} INFO - Sync 1 DAGs
[2025-02-04T16:34:46.697+0000] {logging_mixin.py:190} INFO - [2025-02-04T16:34:46.697+0000] {dag.py:4180} INFO - Setting next_dagrun for example_task_group_decorator to None, run_after=None
[2025-02-04T16:34:46.722+0000] {processor.py:208} INFO - Processing /home/airflow/.local/lib/python3.9/site-packages/airflow/example_dags/example_task_group_decorator.py took 0.094 seconds
[2025-02-04T16:35:17.247+0000] {processor.py:186} INFO - Started process (PID=1651) to work on /home/airflow/.local/lib/python3.9/site-packages/airflow/example_dags/example_task_group_decorator.py
[2025-02-04T16:35:17.248+0000] {processor.py:914} INFO - Processing file /home/airflow/.local/lib/python3.9/site-packages/airflow/example_dags/example_task_group_decorator.py for tasks to queue
[2025-02-04T16:35:17.251+0000] {logging_mixin.py:190} INFO - [2025-02-04T16:35:17.250+0000] {dagbag.py:588} INFO - Filling up the DagBag from /home/airflow/.local/lib/python3.9/site-packages/airflow/example_dags/example_task_group_decorator.py
[2025-02-04T16:35:17.267+0000] {processor.py:925} INFO - DAG(s) 'example_task_group_decorator' retrieved from /home/airflow/.local/lib/python3.9/site-packages/airflow/example_dags/example_task_group_decorator.py
[2025-02-04T16:35:17.296+0000] {logging_mixin.py:190} INFO - [2025-02-04T16:35:17.295+0000] {dag.py:3239} INFO - Sync 1 DAGs
[2025-02-04T16:35:17.310+0000] {logging_mixin.py:190} INFO - [2025-02-04T16:35:17.309+0000] {dag.py:4180} INFO - Setting next_dagrun for example_task_group_decorator to None, run_after=None
[2025-02-04T16:35:17.335+0000] {processor.py:208} INFO - Processing /home/airflow/.local/lib/python3.9/site-packages/airflow/example_dags/example_task_group_decorator.py took 0.095 seconds
[2025-02-04T16:35:48.274+0000] {processor.py:186} INFO - Started process (PID=1715) to work on /home/airflow/.local/lib/python3.9/site-packages/airflow/example_dags/example_task_group_decorator.py
[2025-02-04T16:35:48.275+0000] {processor.py:914} INFO - Processing file /home/airflow/.local/lib/python3.9/site-packages/airflow/example_dags/example_task_group_decorator.py for tasks to queue
[2025-02-04T16:35:48.278+0000] {logging_mixin.py:190} INFO - [2025-02-04T16:35:48.277+0000] {dagbag.py:588} INFO - Filling up the DagBag from /home/airflow/.local/lib/python3.9/site-packages/airflow/example_dags/example_task_group_decorator.py
[2025-02-04T16:35:48.292+0000] {processor.py:925} INFO - DAG(s) 'example_task_group_decorator' retrieved from /home/airflow/.local/lib/python3.9/site-packages/airflow/example_dags/example_task_group_decorator.py
[2025-02-04T16:35:48.321+0000] {logging_mixin.py:190} INFO - [2025-02-04T16:35:48.321+0000] {dag.py:3239} INFO - Sync 1 DAGs
[2025-02-04T16:35:48.336+0000] {logging_mixin.py:190} INFO - [2025-02-04T16:35:48.335+0000] {dag.py:4180} INFO - Setting next_dagrun for example_task_group_decorator to None, run_after=None
[2025-02-04T16:35:48.365+0000] {processor.py:208} INFO - Processing /home/airflow/.local/lib/python3.9/site-packages/airflow/example_dags/example_task_group_decorator.py took 0.099 seconds
[2025-02-04T16:36:18.405+0000] {processor.py:186} INFO - Started process (PID=1779) to work on /home/airflow/.local/lib/python3.9/site-packages/airflow/example_dags/example_task_group_decorator.py
[2025-02-04T16:36:18.407+0000] {processor.py:914} INFO - Processing file /home/airflow/.local/lib/python3.9/site-packages/airflow/example_dags/example_task_group_decorator.py for tasks to queue
[2025-02-04T16:36:18.409+0000] {logging_mixin.py:190} INFO - [2025-02-04T16:36:18.409+0000] {dagbag.py:588} INFO - Filling up the DagBag from /home/airflow/.local/lib/python3.9/site-packages/airflow/example_dags/example_task_group_decorator.py
[2025-02-04T16:36:18.426+0000] {processor.py:925} INFO - DAG(s) 'example_task_group_decorator' retrieved from /home/airflow/.local/lib/python3.9/site-packages/airflow/example_dags/example_task_group_decorator.py
[2025-02-04T16:36:18.453+0000] {logging_mixin.py:190} INFO - [2025-02-04T16:36:18.453+0000] {dag.py:3239} INFO - Sync 1 DAGs
[2025-02-04T16:36:18.466+0000] {logging_mixin.py:190} INFO - [2025-02-04T16:36:18.466+0000] {dag.py:4180} INFO - Setting next_dagrun for example_task_group_decorator to None, run_after=None
[2025-02-04T16:36:18.490+0000] {processor.py:208} INFO - Processing /home/airflow/.local/lib/python3.9/site-packages/airflow/example_dags/example_task_group_decorator.py took 0.093 seconds
[2025-02-04T16:36:49.109+0000] {processor.py:186} INFO - Started process (PID=1844) to work on /home/airflow/.local/lib/python3.9/site-packages/airflow/example_dags/example_task_group_decorator.py
[2025-02-04T16:36:49.110+0000] {processor.py:914} INFO - Processing file /home/airflow/.local/lib/python3.9/site-packages/airflow/example_dags/example_task_group_decorator.py for tasks to queue
[2025-02-04T16:36:49.113+0000] {logging_mixin.py:190} INFO - [2025-02-04T16:36:49.112+0000] {dagbag.py:588} INFO - Filling up the DagBag from /home/airflow/.local/lib/python3.9/site-packages/airflow/example_dags/example_task_group_decorator.py
[2025-02-04T16:36:49.128+0000] {processor.py:925} INFO - DAG(s) 'example_task_group_decorator' retrieved from /home/airflow/.local/lib/python3.9/site-packages/airflow/example_dags/example_task_group_decorator.py
[2025-02-04T16:36:49.162+0000] {logging_mixin.py:190} INFO - [2025-02-04T16:36:49.161+0000] {dag.py:3239} INFO - Sync 1 DAGs
[2025-02-04T16:36:49.177+0000] {logging_mixin.py:190} INFO - [2025-02-04T16:36:49.176+0000] {dag.py:4180} INFO - Setting next_dagrun for example_task_group_decorator to None, run_after=None
[2025-02-04T16:36:49.205+0000] {processor.py:208} INFO - Processing /home/airflow/.local/lib/python3.9/site-packages/airflow/example_dags/example_task_group_decorator.py took 0.103 seconds
[2025-02-04T16:39:24.422+0000] {processor.py:186} INFO - Started process (PID=1897) to work on /home/airflow/.local/lib/python3.9/site-packages/airflow/example_dags/example_task_group_decorator.py
[2025-02-04T16:39:24.423+0000] {processor.py:914} INFO - Processing file /home/airflow/.local/lib/python3.9/site-packages/airflow/example_dags/example_task_group_decorator.py for tasks to queue
[2025-02-04T16:39:24.425+0000] {logging_mixin.py:190} INFO - [2025-02-04T16:39:24.425+0000] {dagbag.py:588} INFO - Filling up the DagBag from /home/airflow/.local/lib/python3.9/site-packages/airflow/example_dags/example_task_group_decorator.py
[2025-02-04T16:39:24.441+0000] {processor.py:925} INFO - DAG(s) 'example_task_group_decorator' retrieved from /home/airflow/.local/lib/python3.9/site-packages/airflow/example_dags/example_task_group_decorator.py
[2025-02-04T16:39:24.467+0000] {logging_mixin.py:190} INFO - [2025-02-04T16:39:24.467+0000] {dag.py:3239} INFO - Sync 1 DAGs
[2025-02-04T16:39:24.482+0000] {logging_mixin.py:190} INFO - [2025-02-04T16:39:24.482+0000] {dag.py:4180} INFO - Setting next_dagrun for example_task_group_decorator to None, run_after=None
[2025-02-04T16:39:24.509+0000] {processor.py:208} INFO - Processing /home/airflow/.local/lib/python3.9/site-packages/airflow/example_dags/example_task_group_decorator.py took 0.095 seconds
[2025-02-04T16:39:55.531+0000] {processor.py:186} INFO - Started process (PID=1961) to work on /home/airflow/.local/lib/python3.9/site-packages/airflow/example_dags/example_task_group_decorator.py
[2025-02-04T16:39:55.532+0000] {processor.py:914} INFO - Processing file /home/airflow/.local/lib/python3.9/site-packages/airflow/example_dags/example_task_group_decorator.py for tasks to queue
[2025-02-04T16:39:55.534+0000] {logging_mixin.py:190} INFO - [2025-02-04T16:39:55.533+0000] {dagbag.py:588} INFO - Filling up the DagBag from /home/airflow/.local/lib/python3.9/site-packages/airflow/example_dags/example_task_group_decorator.py
[2025-02-04T16:39:55.549+0000] {processor.py:925} INFO - DAG(s) 'example_task_group_decorator' retrieved from /home/airflow/.local/lib/python3.9/site-packages/airflow/example_dags/example_task_group_decorator.py
[2025-02-04T16:39:55.575+0000] {logging_mixin.py:190} INFO - [2025-02-04T16:39:55.574+0000] {dag.py:3239} INFO - Sync 1 DAGs
[2025-02-04T16:39:55.589+0000] {logging_mixin.py:190} INFO - [2025-02-04T16:39:55.589+0000] {dag.py:4180} INFO - Setting next_dagrun for example_task_group_decorator to None, run_after=None
[2025-02-04T16:39:55.613+0000] {processor.py:208} INFO - Processing /home/airflow/.local/lib/python3.9/site-packages/airflow/example_dags/example_task_group_decorator.py took 0.087 seconds
[2025-02-04T16:40:26.571+0000] {processor.py:186} INFO - Started process (PID=2025) to work on /home/airflow/.local/lib/python3.9/site-packages/airflow/example_dags/example_task_group_decorator.py
[2025-02-04T16:40:26.573+0000] {processor.py:914} INFO - Processing file /home/airflow/.local/lib/python3.9/site-packages/airflow/example_dags/example_task_group_decorator.py for tasks to queue
[2025-02-04T16:40:26.575+0000] {logging_mixin.py:190} INFO - [2025-02-04T16:40:26.574+0000] {dagbag.py:588} INFO - Filling up the DagBag from /home/airflow/.local/lib/python3.9/site-packages/airflow/example_dags/example_task_group_decorator.py
[2025-02-04T16:40:26.591+0000] {processor.py:925} INFO - DAG(s) 'example_task_group_decorator' retrieved from /home/airflow/.local/lib/python3.9/site-packages/airflow/example_dags/example_task_group_decorator.py
[2025-02-04T16:40:26.619+0000] {logging_mixin.py:190} INFO - [2025-02-04T16:40:26.619+0000] {dag.py:3239} INFO - Sync 1 DAGs
[2025-02-04T16:40:26.639+0000] {logging_mixin.py:190} INFO - [2025-02-04T16:40:26.639+0000] {dag.py:4180} INFO - Setting next_dagrun for example_task_group_decorator to None, run_after=None
[2025-02-04T16:40:26.666+0000] {processor.py:208} INFO - Processing /home/airflow/.local/lib/python3.9/site-packages/airflow/example_dags/example_task_group_decorator.py took 0.104 seconds
[2025-02-04T16:40:57.570+0000] {processor.py:186} INFO - Started process (PID=2089) to work on /home/airflow/.local/lib/python3.9/site-packages/airflow/example_dags/example_task_group_decorator.py
[2025-02-04T16:40:57.572+0000] {processor.py:914} INFO - Processing file /home/airflow/.local/lib/python3.9/site-packages/airflow/example_dags/example_task_group_decorator.py for tasks to queue
[2025-02-04T16:40:57.573+0000] {logging_mixin.py:190} INFO - [2025-02-04T16:40:57.573+0000] {dagbag.py:588} INFO - Filling up the DagBag from /home/airflow/.local/lib/python3.9/site-packages/airflow/example_dags/example_task_group_decorator.py
[2025-02-04T16:40:57.592+0000] {processor.py:925} INFO - DAG(s) 'example_task_group_decorator' retrieved from /home/airflow/.local/lib/python3.9/site-packages/airflow/example_dags/example_task_group_decorator.py
[2025-02-04T16:40:57.618+0000] {logging_mixin.py:190} INFO - [2025-02-04T16:40:57.618+0000] {dag.py:3239} INFO - Sync 1 DAGs
[2025-02-04T16:40:57.635+0000] {logging_mixin.py:190} INFO - [2025-02-04T16:40:57.635+0000] {dag.py:4180} INFO - Setting next_dagrun for example_task_group_decorator to None, run_after=None
[2025-02-04T16:40:57.662+0000] {processor.py:208} INFO - Processing /home/airflow/.local/lib/python3.9/site-packages/airflow/example_dags/example_task_group_decorator.py took 0.099 seconds
[2025-02-04T16:41:28.457+0000] {processor.py:186} INFO - Started process (PID=2153) to work on /home/airflow/.local/lib/python3.9/site-packages/airflow/example_dags/example_task_group_decorator.py
[2025-02-04T16:41:28.459+0000] {processor.py:914} INFO - Processing file /home/airflow/.local/lib/python3.9/site-packages/airflow/example_dags/example_task_group_decorator.py for tasks to queue
[2025-02-04T16:41:28.460+0000] {logging_mixin.py:190} INFO - [2025-02-04T16:41:28.460+0000] {dagbag.py:588} INFO - Filling up the DagBag from /home/airflow/.local/lib/python3.9/site-packages/airflow/example_dags/example_task_group_decorator.py
[2025-02-04T16:41:28.476+0000] {processor.py:925} INFO - DAG(s) 'example_task_group_decorator' retrieved from /home/airflow/.local/lib/python3.9/site-packages/airflow/example_dags/example_task_group_decorator.py
[2025-02-04T16:41:28.506+0000] {logging_mixin.py:190} INFO - [2025-02-04T16:41:28.505+0000] {dag.py:3239} INFO - Sync 1 DAGs
[2025-02-04T16:41:28.527+0000] {logging_mixin.py:190} INFO - [2025-02-04T16:41:28.526+0000] {dag.py:4180} INFO - Setting next_dagrun for example_task_group_decorator to None, run_after=None
[2025-02-04T16:41:28.552+0000] {processor.py:208} INFO - Processing /home/airflow/.local/lib/python3.9/site-packages/airflow/example_dags/example_task_group_decorator.py took 0.101 seconds
[2025-02-04T16:41:58.826+0000] {processor.py:186} INFO - Started process (PID=2217) to work on /home/airflow/.local/lib/python3.9/site-packages/airflow/example_dags/example_task_group_decorator.py
[2025-02-04T16:41:58.828+0000] {processor.py:914} INFO - Processing file /home/airflow/.local/lib/python3.9/site-packages/airflow/example_dags/example_task_group_decorator.py for tasks to queue
[2025-02-04T16:41:58.829+0000] {logging_mixin.py:190} INFO - [2025-02-04T16:41:58.829+0000] {dagbag.py:588} INFO - Filling up the DagBag from /home/airflow/.local/lib/python3.9/site-packages/airflow/example_dags/example_task_group_decorator.py
[2025-02-04T16:41:58.847+0000] {processor.py:925} INFO - DAG(s) 'example_task_group_decorator' retrieved from /home/airflow/.local/lib/python3.9/site-packages/airflow/example_dags/example_task_group_decorator.py
[2025-02-04T16:41:58.877+0000] {logging_mixin.py:190} INFO - [2025-02-04T16:41:58.877+0000] {dag.py:3239} INFO - Sync 1 DAGs
[2025-02-04T16:41:58.896+0000] {logging_mixin.py:190} INFO - [2025-02-04T16:41:58.896+0000] {dag.py:4180} INFO - Setting next_dagrun for example_task_group_decorator to None, run_after=None
[2025-02-04T16:41:58.922+0000] {processor.py:208} INFO - Processing /home/airflow/.local/lib/python3.9/site-packages/airflow/example_dags/example_task_group_decorator.py took 0.106 seconds
[2025-02-04T16:42:29.212+0000] {processor.py:186} INFO - Started process (PID=2281) to work on /home/airflow/.local/lib/python3.9/site-packages/airflow/example_dags/example_task_group_decorator.py
[2025-02-04T16:42:29.214+0000] {processor.py:914} INFO - Processing file /home/airflow/.local/lib/python3.9/site-packages/airflow/example_dags/example_task_group_decorator.py for tasks to queue
[2025-02-04T16:42:29.215+0000] {logging_mixin.py:190} INFO - [2025-02-04T16:42:29.215+0000] {dagbag.py:588} INFO - Filling up the DagBag from /home/airflow/.local/lib/python3.9/site-packages/airflow/example_dags/example_task_group_decorator.py
[2025-02-04T16:42:29.231+0000] {processor.py:925} INFO - DAG(s) 'example_task_group_decorator' retrieved from /home/airflow/.local/lib/python3.9/site-packages/airflow/example_dags/example_task_group_decorator.py
[2025-02-04T16:42:29.261+0000] {logging_mixin.py:190} INFO - [2025-02-04T16:42:29.260+0000] {dag.py:3239} INFO - Sync 1 DAGs
[2025-02-04T16:42:29.278+0000] {logging_mixin.py:190} INFO - [2025-02-04T16:42:29.278+0000] {dag.py:4180} INFO - Setting next_dagrun for example_task_group_decorator to None, run_after=None
[2025-02-04T16:42:29.308+0000] {processor.py:208} INFO - Processing /home/airflow/.local/lib/python3.9/site-packages/airflow/example_dags/example_task_group_decorator.py took 0.102 seconds
[2025-02-04T16:42:59.673+0000] {processor.py:186} INFO - Started process (PID=2345) to work on /home/airflow/.local/lib/python3.9/site-packages/airflow/example_dags/example_task_group_decorator.py
[2025-02-04T16:42:59.675+0000] {processor.py:914} INFO - Processing file /home/airflow/.local/lib/python3.9/site-packages/airflow/example_dags/example_task_group_decorator.py for tasks to queue
[2025-02-04T16:42:59.677+0000] {logging_mixin.py:190} INFO - [2025-02-04T16:42:59.676+0000] {dagbag.py:588} INFO - Filling up the DagBag from /home/airflow/.local/lib/python3.9/site-packages/airflow/example_dags/example_task_group_decorator.py
[2025-02-04T16:42:59.694+0000] {processor.py:925} INFO - DAG(s) 'example_task_group_decorator' retrieved from /home/airflow/.local/lib/python3.9/site-packages/airflow/example_dags/example_task_group_decorator.py
[2025-02-04T16:42:59.727+0000] {logging_mixin.py:190} INFO - [2025-02-04T16:42:59.727+0000] {dag.py:3239} INFO - Sync 1 DAGs
[2025-02-04T16:42:59.743+0000] {logging_mixin.py:190} INFO - [2025-02-04T16:42:59.743+0000] {dag.py:4180} INFO - Setting next_dagrun for example_task_group_decorator to None, run_after=None
[2025-02-04T16:42:59.773+0000] {processor.py:208} INFO - Processing /home/airflow/.local/lib/python3.9/site-packages/airflow/example_dags/example_task_group_decorator.py took 0.108 seconds
[2025-02-04T16:43:29.915+0000] {processor.py:186} INFO - Started process (PID=2409) to work on /home/airflow/.local/lib/python3.9/site-packages/airflow/example_dags/example_task_group_decorator.py
[2025-02-04T16:43:29.917+0000] {processor.py:914} INFO - Processing file /home/airflow/.local/lib/python3.9/site-packages/airflow/example_dags/example_task_group_decorator.py for tasks to queue
[2025-02-04T16:43:29.918+0000] {logging_mixin.py:190} INFO - [2025-02-04T16:43:29.918+0000] {dagbag.py:588} INFO - Filling up the DagBag from /home/airflow/.local/lib/python3.9/site-packages/airflow/example_dags/example_task_group_decorator.py
[2025-02-04T16:43:29.935+0000] {processor.py:925} INFO - DAG(s) 'example_task_group_decorator' retrieved from /home/airflow/.local/lib/python3.9/site-packages/airflow/example_dags/example_task_group_decorator.py
[2025-02-04T16:43:29.964+0000] {logging_mixin.py:190} INFO - [2025-02-04T16:43:29.964+0000] {dag.py:3239} INFO - Sync 1 DAGs
[2025-02-04T16:43:29.980+0000] {logging_mixin.py:190} INFO - [2025-02-04T16:43:29.980+0000] {dag.py:4180} INFO - Setting next_dagrun for example_task_group_decorator to None, run_after=None
[2025-02-04T16:43:30.012+0000] {processor.py:208} INFO - Processing /home/airflow/.local/lib/python3.9/site-packages/airflow/example_dags/example_task_group_decorator.py took 0.104 seconds
[2025-02-04T16:44:00.790+0000] {processor.py:186} INFO - Started process (PID=2473) to work on /home/airflow/.local/lib/python3.9/site-packages/airflow/example_dags/example_task_group_decorator.py
[2025-02-04T16:44:00.792+0000] {processor.py:914} INFO - Processing file /home/airflow/.local/lib/python3.9/site-packages/airflow/example_dags/example_task_group_decorator.py for tasks to queue
[2025-02-04T16:44:00.794+0000] {logging_mixin.py:190} INFO - [2025-02-04T16:44:00.793+0000] {dagbag.py:588} INFO - Filling up the DagBag from /home/airflow/.local/lib/python3.9/site-packages/airflow/example_dags/example_task_group_decorator.py
[2025-02-04T16:44:00.814+0000] {processor.py:925} INFO - DAG(s) 'example_task_group_decorator' retrieved from /home/airflow/.local/lib/python3.9/site-packages/airflow/example_dags/example_task_group_decorator.py
[2025-02-04T16:44:00.845+0000] {logging_mixin.py:190} INFO - [2025-02-04T16:44:00.845+0000] {dag.py:3239} INFO - Sync 1 DAGs
[2025-02-04T16:44:00.875+0000] {logging_mixin.py:190} INFO - [2025-02-04T16:44:00.875+0000] {dag.py:4180} INFO - Setting next_dagrun for example_task_group_decorator to None, run_after=None
[2025-02-04T16:44:00.906+0000] {processor.py:208} INFO - Processing /home/airflow/.local/lib/python3.9/site-packages/airflow/example_dags/example_task_group_decorator.py took 0.125 seconds
[2025-02-04T16:44:30.983+0000] {processor.py:186} INFO - Started process (PID=2537) to work on /home/airflow/.local/lib/python3.9/site-packages/airflow/example_dags/example_task_group_decorator.py
[2025-02-04T16:44:30.984+0000] {processor.py:914} INFO - Processing file /home/airflow/.local/lib/python3.9/site-packages/airflow/example_dags/example_task_group_decorator.py for tasks to queue
[2025-02-04T16:44:30.986+0000] {logging_mixin.py:190} INFO - [2025-02-04T16:44:30.986+0000] {dagbag.py:588} INFO - Filling up the DagBag from /home/airflow/.local/lib/python3.9/site-packages/airflow/example_dags/example_task_group_decorator.py
[2025-02-04T16:44:31.001+0000] {processor.py:925} INFO - DAG(s) 'example_task_group_decorator' retrieved from /home/airflow/.local/lib/python3.9/site-packages/airflow/example_dags/example_task_group_decorator.py
[2025-02-04T16:44:31.029+0000] {logging_mixin.py:190} INFO - [2025-02-04T16:44:31.028+0000] {dag.py:3239} INFO - Sync 1 DAGs
[2025-02-04T16:44:31.043+0000] {logging_mixin.py:190} INFO - [2025-02-04T16:44:31.043+0000] {dag.py:4180} INFO - Setting next_dagrun for example_task_group_decorator to None, run_after=None
[2025-02-04T16:44:31.070+0000] {processor.py:208} INFO - Processing /home/airflow/.local/lib/python3.9/site-packages/airflow/example_dags/example_task_group_decorator.py took 0.094 seconds
[2025-02-04T16:45:01.719+0000] {processor.py:186} INFO - Started process (PID=2601) to work on /home/airflow/.local/lib/python3.9/site-packages/airflow/example_dags/example_task_group_decorator.py
[2025-02-04T16:45:01.720+0000] {processor.py:914} INFO - Processing file /home/airflow/.local/lib/python3.9/site-packages/airflow/example_dags/example_task_group_decorator.py for tasks to queue
[2025-02-04T16:45:01.722+0000] {logging_mixin.py:190} INFO - [2025-02-04T16:45:01.722+0000] {dagbag.py:588} INFO - Filling up the DagBag from /home/airflow/.local/lib/python3.9/site-packages/airflow/example_dags/example_task_group_decorator.py
[2025-02-04T16:45:01.738+0000] {processor.py:925} INFO - DAG(s) 'example_task_group_decorator' retrieved from /home/airflow/.local/lib/python3.9/site-packages/airflow/example_dags/example_task_group_decorator.py
[2025-02-04T16:45:01.766+0000] {logging_mixin.py:190} INFO - [2025-02-04T16:45:01.766+0000] {dag.py:3239} INFO - Sync 1 DAGs
[2025-02-04T16:45:01.780+0000] {logging_mixin.py:190} INFO - [2025-02-04T16:45:01.780+0000] {dag.py:4180} INFO - Setting next_dagrun for example_task_group_decorator to None, run_after=None
[2025-02-04T16:45:01.805+0000] {processor.py:208} INFO - Processing /home/airflow/.local/lib/python3.9/site-packages/airflow/example_dags/example_task_group_decorator.py took 0.093 seconds
[2025-02-04T16:45:31.930+0000] {processor.py:186} INFO - Started process (PID=2665) to work on /home/airflow/.local/lib/python3.9/site-packages/airflow/example_dags/example_task_group_decorator.py
[2025-02-04T16:45:31.932+0000] {processor.py:914} INFO - Processing file /home/airflow/.local/lib/python3.9/site-packages/airflow/example_dags/example_task_group_decorator.py for tasks to queue
[2025-02-04T16:45:31.933+0000] {logging_mixin.py:190} INFO - [2025-02-04T16:45:31.933+0000] {dagbag.py:588} INFO - Filling up the DagBag from /home/airflow/.local/lib/python3.9/site-packages/airflow/example_dags/example_task_group_decorator.py
[2025-02-04T16:45:31.949+0000] {processor.py:925} INFO - DAG(s) 'example_task_group_decorator' retrieved from /home/airflow/.local/lib/python3.9/site-packages/airflow/example_dags/example_task_group_decorator.py
[2025-02-04T16:45:31.977+0000] {logging_mixin.py:190} INFO - [2025-02-04T16:45:31.977+0000] {dag.py:3239} INFO - Sync 1 DAGs
[2025-02-04T16:45:31.992+0000] {logging_mixin.py:190} INFO - [2025-02-04T16:45:31.991+0000] {dag.py:4180} INFO - Setting next_dagrun for example_task_group_decorator to None, run_after=None
[2025-02-04T16:45:32.021+0000] {processor.py:208} INFO - Processing /home/airflow/.local/lib/python3.9/site-packages/airflow/example_dags/example_task_group_decorator.py took 0.097 seconds
[2025-02-04T16:46:04.679+0000] {processor.py:186} INFO - Started process (PID=2736) to work on /home/airflow/.local/lib/python3.9/site-packages/airflow/example_dags/example_task_group_decorator.py
[2025-02-04T16:46:04.680+0000] {processor.py:914} INFO - Processing file /home/airflow/.local/lib/python3.9/site-packages/airflow/example_dags/example_task_group_decorator.py for tasks to queue
[2025-02-04T16:46:04.682+0000] {logging_mixin.py:190} INFO - [2025-02-04T16:46:04.682+0000] {dagbag.py:588} INFO - Filling up the DagBag from /home/airflow/.local/lib/python3.9/site-packages/airflow/example_dags/example_task_group_decorator.py
[2025-02-04T16:46:04.703+0000] {processor.py:925} INFO - DAG(s) 'example_task_group_decorator' retrieved from /home/airflow/.local/lib/python3.9/site-packages/airflow/example_dags/example_task_group_decorator.py
[2025-02-04T16:46:04.730+0000] {logging_mixin.py:190} INFO - [2025-02-04T16:46:04.729+0000] {dag.py:3239} INFO - Sync 1 DAGs
[2025-02-04T16:46:04.744+0000] {logging_mixin.py:190} INFO - [2025-02-04T16:46:04.744+0000] {dag.py:4180} INFO - Setting next_dagrun for example_task_group_decorator to None, run_after=None
[2025-02-04T16:46:04.777+0000] {processor.py:208} INFO - Processing /home/airflow/.local/lib/python3.9/site-packages/airflow/example_dags/example_task_group_decorator.py took 0.105 seconds
[2025-02-04T16:46:34.810+0000] {processor.py:186} INFO - Started process (PID=2800) to work on /home/airflow/.local/lib/python3.9/site-packages/airflow/example_dags/example_task_group_decorator.py
[2025-02-04T16:46:34.812+0000] {processor.py:914} INFO - Processing file /home/airflow/.local/lib/python3.9/site-packages/airflow/example_dags/example_task_group_decorator.py for tasks to queue
[2025-02-04T16:46:34.814+0000] {logging_mixin.py:190} INFO - [2025-02-04T16:46:34.813+0000] {dagbag.py:588} INFO - Filling up the DagBag from /home/airflow/.local/lib/python3.9/site-packages/airflow/example_dags/example_task_group_decorator.py
[2025-02-04T16:46:34.830+0000] {processor.py:925} INFO - DAG(s) 'example_task_group_decorator' retrieved from /home/airflow/.local/lib/python3.9/site-packages/airflow/example_dags/example_task_group_decorator.py
[2025-02-04T16:46:34.862+0000] {logging_mixin.py:190} INFO - [2025-02-04T16:46:34.861+0000] {dag.py:3239} INFO - Sync 1 DAGs
[2025-02-04T16:46:34.877+0000] {logging_mixin.py:190} INFO - [2025-02-04T16:46:34.877+0000] {dag.py:4180} INFO - Setting next_dagrun for example_task_group_decorator to None, run_after=None
[2025-02-04T16:46:34.904+0000] {processor.py:208} INFO - Processing /home/airflow/.local/lib/python3.9/site-packages/airflow/example_dags/example_task_group_decorator.py took 0.101 seconds
[2025-02-04T16:47:09.612+0000] {processor.py:186} INFO - Started process (PID=2867) to work on /home/airflow/.local/lib/python3.9/site-packages/airflow/example_dags/example_task_group_decorator.py
[2025-02-04T16:47:09.613+0000] {processor.py:914} INFO - Processing file /home/airflow/.local/lib/python3.9/site-packages/airflow/example_dags/example_task_group_decorator.py for tasks to queue
[2025-02-04T16:47:09.615+0000] {logging_mixin.py:190} INFO - [2025-02-04T16:47:09.615+0000] {dagbag.py:588} INFO - Filling up the DagBag from /home/airflow/.local/lib/python3.9/site-packages/airflow/example_dags/example_task_group_decorator.py
[2025-02-04T16:47:09.631+0000] {processor.py:925} INFO - DAG(s) 'example_task_group_decorator' retrieved from /home/airflow/.local/lib/python3.9/site-packages/airflow/example_dags/example_task_group_decorator.py
[2025-02-04T16:47:09.661+0000] {logging_mixin.py:190} INFO - [2025-02-04T16:47:09.660+0000] {dag.py:3239} INFO - Sync 1 DAGs
[2025-02-04T16:47:09.676+0000] {logging_mixin.py:190} INFO - [2025-02-04T16:47:09.675+0000] {dag.py:4180} INFO - Setting next_dagrun for example_task_group_decorator to None, run_after=None
[2025-02-04T16:47:09.700+0000] {processor.py:208} INFO - Processing /home/airflow/.local/lib/python3.9/site-packages/airflow/example_dags/example_task_group_decorator.py took 0.098 seconds
[2025-02-04T16:47:50.541+0000] {processor.py:186} INFO - Started process (PID=2931) to work on /home/airflow/.local/lib/python3.9/site-packages/airflow/example_dags/example_task_group_decorator.py
[2025-02-04T16:47:50.542+0000] {processor.py:914} INFO - Processing file /home/airflow/.local/lib/python3.9/site-packages/airflow/example_dags/example_task_group_decorator.py for tasks to queue
[2025-02-04T16:47:50.543+0000] {logging_mixin.py:190} INFO - [2025-02-04T16:47:50.543+0000] {dagbag.py:588} INFO - Filling up the DagBag from /home/airflow/.local/lib/python3.9/site-packages/airflow/example_dags/example_task_group_decorator.py
[2025-02-04T16:47:50.560+0000] {processor.py:925} INFO - DAG(s) 'example_task_group_decorator' retrieved from /home/airflow/.local/lib/python3.9/site-packages/airflow/example_dags/example_task_group_decorator.py
[2025-02-04T16:47:50.588+0000] {logging_mixin.py:190} INFO - [2025-02-04T16:47:50.588+0000] {dag.py:3239} INFO - Sync 1 DAGs
[2025-02-04T16:47:50.605+0000] {logging_mixin.py:190} INFO - [2025-02-04T16:47:50.605+0000] {dag.py:4180} INFO - Setting next_dagrun for example_task_group_decorator to None, run_after=None
[2025-02-04T16:47:50.634+0000] {processor.py:208} INFO - Processing /home/airflow/.local/lib/python3.9/site-packages/airflow/example_dags/example_task_group_decorator.py took 0.101 seconds
