[2025-02-04T16:23:09.875+0000] {processor.py:186} INFO - Started process (PID=132) to work on /home/airflow/.local/lib/python3.9/site-packages/airflow/example_dags/example_python_decorator.py
[2025-02-04T16:23:09.877+0000] {processor.py:914} INFO - Processing file /home/airflow/.local/lib/python3.9/site-packages/airflow/example_dags/example_python_decorator.py for tasks to queue
[2025-02-04T16:23:09.880+0000] {logging_mixin.py:190} INFO - [2025-02-04T16:23:09.880+0000] {dagbag.py:588} INFO - Filling up the DagBag from /home/airflow/.local/lib/python3.9/site-packages/airflow/example_dags/example_python_decorator.py
[2025-02-04T16:23:09.897+0000] {processor.py:925} INFO - DAG(s) 'example_python_decorator' retrieved from /home/airflow/.local/lib/python3.9/site-packages/airflow/example_dags/example_python_decorator.py
[2025-02-04T16:23:10.008+0000] {logging_mixin.py:190} INFO - [2025-02-04T16:23:10.008+0000] {override.py:1912} INFO - Created Permission View: can delete on DAG:example_python_decorator
[2025-02-04T16:23:10.027+0000] {logging_mixin.py:190} INFO - [2025-02-04T16:23:10.027+0000] {override.py:1912} INFO - Created Permission View: can edit on DAG:example_python_decorator
[2025-02-04T16:23:10.041+0000] {logging_mixin.py:190} INFO - [2025-02-04T16:23:10.041+0000] {override.py:1912} INFO - Created Permission View: can read on DAG:example_python_decorator
[2025-02-04T16:23:10.065+0000] {logging_mixin.py:190} INFO - [2025-02-04T16:23:10.065+0000] {override.py:1912} INFO - Created Permission View: can delete on DAG Run:example_python_decorator
[2025-02-04T16:23:10.079+0000] {logging_mixin.py:190} INFO - [2025-02-04T16:23:10.079+0000] {override.py:1912} INFO - Created Permission View: menu access on DAG Run:example_python_decorator
[2025-02-04T16:23:10.092+0000] {logging_mixin.py:190} INFO - [2025-02-04T16:23:10.092+0000] {override.py:1912} INFO - Created Permission View: can read on DAG Run:example_python_decorator
[2025-02-04T16:23:10.106+0000] {logging_mixin.py:190} INFO - [2025-02-04T16:23:10.106+0000] {override.py:1912} INFO - Created Permission View: can create on DAG Run:example_python_decorator
[2025-02-04T16:23:10.107+0000] {logging_mixin.py:190} INFO - [2025-02-04T16:23:10.107+0000] {dag.py:3239} INFO - Sync 1 DAGs
[2025-02-04T16:23:10.120+0000] {logging_mixin.py:190} INFO - [2025-02-04T16:23:10.120+0000] {dag.py:3262} INFO - Creating ORM DAG for example_python_decorator
[2025-02-04T16:23:10.121+0000] {logging_mixin.py:190} INFO - [2025-02-04T16:23:10.121+0000] {dag.py:4180} INFO - Setting next_dagrun for example_python_decorator to None, run_after=None
[2025-02-04T16:23:10.146+0000] {processor.py:208} INFO - Processing /home/airflow/.local/lib/python3.9/site-packages/airflow/example_dags/example_python_decorator.py took 0.277 seconds
[2025-02-04T16:23:42.848+0000] {processor.py:186} INFO - Started process (PID=196) to work on /home/airflow/.local/lib/python3.9/site-packages/airflow/example_dags/example_python_decorator.py
[2025-02-04T16:23:42.849+0000] {processor.py:914} INFO - Processing file /home/airflow/.local/lib/python3.9/site-packages/airflow/example_dags/example_python_decorator.py for tasks to queue
[2025-02-04T16:23:42.852+0000] {logging_mixin.py:190} INFO - [2025-02-04T16:23:42.852+0000] {dagbag.py:588} INFO - Filling up the DagBag from /home/airflow/.local/lib/python3.9/site-packages/airflow/example_dags/example_python_decorator.py
[2025-02-04T16:23:42.876+0000] {processor.py:925} INFO - DAG(s) 'example_python_decorator' retrieved from /home/airflow/.local/lib/python3.9/site-packages/airflow/example_dags/example_python_decorator.py
[2025-02-04T16:23:44.736+0000] {logging_mixin.py:190} INFO - [2025-02-04T16:23:44.736+0000] {dag.py:3239} INFO - Sync 1 DAGs
[2025-02-04T16:23:44.773+0000] {logging_mixin.py:190} INFO - [2025-02-04T16:23:44.773+0000] {dag.py:4180} INFO - Setting next_dagrun for example_python_decorator to None, run_after=None
[2025-02-04T16:23:44.818+0000] {processor.py:208} INFO - Processing /home/airflow/.local/lib/python3.9/site-packages/airflow/example_dags/example_python_decorator.py took 1.977 seconds
[2025-02-04T16:24:15.836+0000] {processor.py:186} INFO - Started process (PID=265) to work on /home/airflow/.local/lib/python3.9/site-packages/airflow/example_dags/example_python_decorator.py
[2025-02-04T16:24:15.838+0000] {processor.py:914} INFO - Processing file /home/airflow/.local/lib/python3.9/site-packages/airflow/example_dags/example_python_decorator.py for tasks to queue
[2025-02-04T16:24:15.840+0000] {logging_mixin.py:190} INFO - [2025-02-04T16:24:15.840+0000] {dagbag.py:588} INFO - Filling up the DagBag from /home/airflow/.local/lib/python3.9/site-packages/airflow/example_dags/example_python_decorator.py
[2025-02-04T16:24:15.856+0000] {processor.py:925} INFO - DAG(s) 'example_python_decorator' retrieved from /home/airflow/.local/lib/python3.9/site-packages/airflow/example_dags/example_python_decorator.py
[2025-02-04T16:24:15.882+0000] {logging_mixin.py:190} INFO - [2025-02-04T16:24:15.881+0000] {dag.py:3239} INFO - Sync 1 DAGs
[2025-02-04T16:24:15.896+0000] {logging_mixin.py:190} INFO - [2025-02-04T16:24:15.896+0000] {dag.py:4180} INFO - Setting next_dagrun for example_python_decorator to None, run_after=None
[2025-02-04T16:24:15.926+0000] {processor.py:208} INFO - Processing /home/airflow/.local/lib/python3.9/site-packages/airflow/example_dags/example_python_decorator.py took 0.099 seconds
[2025-02-04T16:24:46.092+0000] {processor.py:186} INFO - Started process (PID=329) to work on /home/airflow/.local/lib/python3.9/site-packages/airflow/example_dags/example_python_decorator.py
[2025-02-04T16:24:46.094+0000] {processor.py:914} INFO - Processing file /home/airflow/.local/lib/python3.9/site-packages/airflow/example_dags/example_python_decorator.py for tasks to queue
[2025-02-04T16:24:46.097+0000] {logging_mixin.py:190} INFO - [2025-02-04T16:24:46.097+0000] {dagbag.py:588} INFO - Filling up the DagBag from /home/airflow/.local/lib/python3.9/site-packages/airflow/example_dags/example_python_decorator.py
[2025-02-04T16:24:46.116+0000] {processor.py:925} INFO - DAG(s) 'example_python_decorator' retrieved from /home/airflow/.local/lib/python3.9/site-packages/airflow/example_dags/example_python_decorator.py
[2025-02-04T16:24:46.146+0000] {logging_mixin.py:190} INFO - [2025-02-04T16:24:46.146+0000] {dag.py:3239} INFO - Sync 1 DAGs
[2025-02-04T16:24:46.163+0000] {logging_mixin.py:190} INFO - [2025-02-04T16:24:46.163+0000] {dag.py:4180} INFO - Setting next_dagrun for example_python_decorator to None, run_after=None
[2025-02-04T16:24:46.192+0000] {processor.py:208} INFO - Processing /home/airflow/.local/lib/python3.9/site-packages/airflow/example_dags/example_python_decorator.py took 0.107 seconds
[2025-02-04T16:25:16.918+0000] {processor.py:186} INFO - Started process (PID=393) to work on /home/airflow/.local/lib/python3.9/site-packages/airflow/example_dags/example_python_decorator.py
[2025-02-04T16:25:16.999+0000] {processor.py:914} INFO - Processing file /home/airflow/.local/lib/python3.9/site-packages/airflow/example_dags/example_python_decorator.py for tasks to queue
[2025-02-04T16:25:17.002+0000] {logging_mixin.py:190} INFO - [2025-02-04T16:25:17.002+0000] {dagbag.py:588} INFO - Filling up the DagBag from /home/airflow/.local/lib/python3.9/site-packages/airflow/example_dags/example_python_decorator.py
[2025-02-04T16:25:17.021+0000] {processor.py:925} INFO - DAG(s) 'example_python_decorator' retrieved from /home/airflow/.local/lib/python3.9/site-packages/airflow/example_dags/example_python_decorator.py
[2025-02-04T16:25:17.054+0000] {logging_mixin.py:190} INFO - [2025-02-04T16:25:17.054+0000] {dag.py:3239} INFO - Sync 1 DAGs
[2025-02-04T16:25:17.076+0000] {logging_mixin.py:190} INFO - [2025-02-04T16:25:17.076+0000] {dag.py:4180} INFO - Setting next_dagrun for example_python_decorator to None, run_after=None
[2025-02-04T16:25:17.111+0000] {processor.py:208} INFO - Processing /home/airflow/.local/lib/python3.9/site-packages/airflow/example_dags/example_python_decorator.py took 0.204 seconds
[2025-02-04T16:25:47.311+0000] {processor.py:186} INFO - Started process (PID=456) to work on /home/airflow/.local/lib/python3.9/site-packages/airflow/example_dags/example_python_decorator.py
[2025-02-04T16:25:47.312+0000] {processor.py:914} INFO - Processing file /home/airflow/.local/lib/python3.9/site-packages/airflow/example_dags/example_python_decorator.py for tasks to queue
[2025-02-04T16:25:47.315+0000] {logging_mixin.py:190} INFO - [2025-02-04T16:25:47.315+0000] {dagbag.py:588} INFO - Filling up the DagBag from /home/airflow/.local/lib/python3.9/site-packages/airflow/example_dags/example_python_decorator.py
[2025-02-04T16:25:47.600+0000] {processor.py:925} INFO - DAG(s) 'example_python_decorator' retrieved from /home/airflow/.local/lib/python3.9/site-packages/airflow/example_dags/example_python_decorator.py
[2025-02-04T16:25:47.622+0000] {logging_mixin.py:190} INFO - [2025-02-04T16:25:47.622+0000] {dag.py:3239} INFO - Sync 1 DAGs
[2025-02-04T16:25:47.636+0000] {logging_mixin.py:190} INFO - [2025-02-04T16:25:47.636+0000] {dag.py:4180} INFO - Setting next_dagrun for example_python_decorator to None, run_after=None
[2025-02-04T16:25:47.661+0000] {processor.py:208} INFO - Processing /home/airflow/.local/lib/python3.9/site-packages/airflow/example_dags/example_python_decorator.py took 0.356 seconds
[2025-02-04T16:26:17.949+0000] {processor.py:186} INFO - Started process (PID=520) to work on /home/airflow/.local/lib/python3.9/site-packages/airflow/example_dags/example_python_decorator.py
[2025-02-04T16:26:17.950+0000] {processor.py:914} INFO - Processing file /home/airflow/.local/lib/python3.9/site-packages/airflow/example_dags/example_python_decorator.py for tasks to queue
[2025-02-04T16:26:17.953+0000] {logging_mixin.py:190} INFO - [2025-02-04T16:26:17.953+0000] {dagbag.py:588} INFO - Filling up the DagBag from /home/airflow/.local/lib/python3.9/site-packages/airflow/example_dags/example_python_decorator.py
[2025-02-04T16:26:17.967+0000] {processor.py:925} INFO - DAG(s) 'example_python_decorator' retrieved from /home/airflow/.local/lib/python3.9/site-packages/airflow/example_dags/example_python_decorator.py
[2025-02-04T16:26:17.991+0000] {logging_mixin.py:190} INFO - [2025-02-04T16:26:17.991+0000] {dag.py:3239} INFO - Sync 1 DAGs
[2025-02-04T16:26:18.006+0000] {logging_mixin.py:190} INFO - [2025-02-04T16:26:18.006+0000] {dag.py:4180} INFO - Setting next_dagrun for example_python_decorator to None, run_after=None
[2025-02-04T16:26:18.032+0000] {processor.py:208} INFO - Processing /home/airflow/.local/lib/python3.9/site-packages/airflow/example_dags/example_python_decorator.py took 0.089 seconds
[2025-02-04T16:26:48.109+0000] {processor.py:186} INFO - Started process (PID=584) to work on /home/airflow/.local/lib/python3.9/site-packages/airflow/example_dags/example_python_decorator.py
[2025-02-04T16:26:48.111+0000] {processor.py:914} INFO - Processing file /home/airflow/.local/lib/python3.9/site-packages/airflow/example_dags/example_python_decorator.py for tasks to queue
[2025-02-04T16:26:48.114+0000] {logging_mixin.py:190} INFO - [2025-02-04T16:26:48.114+0000] {dagbag.py:588} INFO - Filling up the DagBag from /home/airflow/.local/lib/python3.9/site-packages/airflow/example_dags/example_python_decorator.py
[2025-02-04T16:26:48.129+0000] {processor.py:925} INFO - DAG(s) 'example_python_decorator' retrieved from /home/airflow/.local/lib/python3.9/site-packages/airflow/example_dags/example_python_decorator.py
[2025-02-04T16:26:48.154+0000] {logging_mixin.py:190} INFO - [2025-02-04T16:26:48.153+0000] {dag.py:3239} INFO - Sync 1 DAGs
[2025-02-04T16:26:48.167+0000] {logging_mixin.py:190} INFO - [2025-02-04T16:26:48.167+0000] {dag.py:4180} INFO - Setting next_dagrun for example_python_decorator to None, run_after=None
[2025-02-04T16:26:48.211+0000] {processor.py:208} INFO - Processing /home/airflow/.local/lib/python3.9/site-packages/airflow/example_dags/example_python_decorator.py took 0.108 seconds
[2025-02-04T16:27:19.071+0000] {processor.py:186} INFO - Started process (PID=648) to work on /home/airflow/.local/lib/python3.9/site-packages/airflow/example_dags/example_python_decorator.py
[2025-02-04T16:27:19.072+0000] {processor.py:914} INFO - Processing file /home/airflow/.local/lib/python3.9/site-packages/airflow/example_dags/example_python_decorator.py for tasks to queue
[2025-02-04T16:27:19.075+0000] {logging_mixin.py:190} INFO - [2025-02-04T16:27:19.074+0000] {dagbag.py:588} INFO - Filling up the DagBag from /home/airflow/.local/lib/python3.9/site-packages/airflow/example_dags/example_python_decorator.py
[2025-02-04T16:27:19.089+0000] {processor.py:925} INFO - DAG(s) 'example_python_decorator' retrieved from /home/airflow/.local/lib/python3.9/site-packages/airflow/example_dags/example_python_decorator.py
[2025-02-04T16:27:19.114+0000] {logging_mixin.py:190} INFO - [2025-02-04T16:27:19.114+0000] {dag.py:3239} INFO - Sync 1 DAGs
[2025-02-04T16:27:19.128+0000] {logging_mixin.py:190} INFO - [2025-02-04T16:27:19.127+0000] {dag.py:4180} INFO - Setting next_dagrun for example_python_decorator to None, run_after=None
[2025-02-04T16:27:19.156+0000] {processor.py:208} INFO - Processing /home/airflow/.local/lib/python3.9/site-packages/airflow/example_dags/example_python_decorator.py took 0.092 seconds
[2025-02-04T16:27:49.767+0000] {processor.py:186} INFO - Started process (PID=712) to work on /home/airflow/.local/lib/python3.9/site-packages/airflow/example_dags/example_python_decorator.py
[2025-02-04T16:27:49.768+0000] {processor.py:914} INFO - Processing file /home/airflow/.local/lib/python3.9/site-packages/airflow/example_dags/example_python_decorator.py for tasks to queue
[2025-02-04T16:27:49.771+0000] {logging_mixin.py:190} INFO - [2025-02-04T16:27:49.770+0000] {dagbag.py:588} INFO - Filling up the DagBag from /home/airflow/.local/lib/python3.9/site-packages/airflow/example_dags/example_python_decorator.py
[2025-02-04T16:27:49.785+0000] {processor.py:925} INFO - DAG(s) 'example_python_decorator' retrieved from /home/airflow/.local/lib/python3.9/site-packages/airflow/example_dags/example_python_decorator.py
[2025-02-04T16:27:49.810+0000] {logging_mixin.py:190} INFO - [2025-02-04T16:27:49.810+0000] {dag.py:3239} INFO - Sync 1 DAGs
[2025-02-04T16:27:49.824+0000] {logging_mixin.py:190} INFO - [2025-02-04T16:27:49.824+0000] {dag.py:4180} INFO - Setting next_dagrun for example_python_decorator to None, run_after=None
[2025-02-04T16:27:49.852+0000] {processor.py:208} INFO - Processing /home/airflow/.local/lib/python3.9/site-packages/airflow/example_dags/example_python_decorator.py took 0.091 seconds
[2025-02-04T16:28:20.868+0000] {processor.py:186} INFO - Started process (PID=776) to work on /home/airflow/.local/lib/python3.9/site-packages/airflow/example_dags/example_python_decorator.py
[2025-02-04T16:28:20.869+0000] {processor.py:914} INFO - Processing file /home/airflow/.local/lib/python3.9/site-packages/airflow/example_dags/example_python_decorator.py for tasks to queue
[2025-02-04T16:28:20.872+0000] {logging_mixin.py:190} INFO - [2025-02-04T16:28:20.871+0000] {dagbag.py:588} INFO - Filling up the DagBag from /home/airflow/.local/lib/python3.9/site-packages/airflow/example_dags/example_python_decorator.py
[2025-02-04T16:28:20.885+0000] {processor.py:925} INFO - DAG(s) 'example_python_decorator' retrieved from /home/airflow/.local/lib/python3.9/site-packages/airflow/example_dags/example_python_decorator.py
[2025-02-04T16:28:20.908+0000] {logging_mixin.py:190} INFO - [2025-02-04T16:28:20.908+0000] {dag.py:3239} INFO - Sync 1 DAGs
[2025-02-04T16:28:20.922+0000] {logging_mixin.py:190} INFO - [2025-02-04T16:28:20.922+0000] {dag.py:4180} INFO - Setting next_dagrun for example_python_decorator to None, run_after=None
[2025-02-04T16:28:20.949+0000] {processor.py:208} INFO - Processing /home/airflow/.local/lib/python3.9/site-packages/airflow/example_dags/example_python_decorator.py took 0.087 seconds
[2025-02-04T16:28:51.655+0000] {processor.py:186} INFO - Started process (PID=840) to work on /home/airflow/.local/lib/python3.9/site-packages/airflow/example_dags/example_python_decorator.py
[2025-02-04T16:28:51.656+0000] {processor.py:914} INFO - Processing file /home/airflow/.local/lib/python3.9/site-packages/airflow/example_dags/example_python_decorator.py for tasks to queue
[2025-02-04T16:28:51.661+0000] {logging_mixin.py:190} INFO - [2025-02-04T16:28:51.660+0000] {dagbag.py:588} INFO - Filling up the DagBag from /home/airflow/.local/lib/python3.9/site-packages/airflow/example_dags/example_python_decorator.py
[2025-02-04T16:28:51.687+0000] {processor.py:925} INFO - DAG(s) 'example_python_decorator' retrieved from /home/airflow/.local/lib/python3.9/site-packages/airflow/example_dags/example_python_decorator.py
[2025-02-04T16:28:51.721+0000] {logging_mixin.py:190} INFO - [2025-02-04T16:28:51.720+0000] {dag.py:3239} INFO - Sync 1 DAGs
[2025-02-04T16:28:51.742+0000] {logging_mixin.py:190} INFO - [2025-02-04T16:28:51.741+0000] {dag.py:4180} INFO - Setting next_dagrun for example_python_decorator to None, run_after=None
[2025-02-04T16:28:51.782+0000] {processor.py:208} INFO - Processing /home/airflow/.local/lib/python3.9/site-packages/airflow/example_dags/example_python_decorator.py took 0.134 seconds
[2025-02-04T16:29:22.049+0000] {processor.py:186} INFO - Started process (PID=904) to work on /home/airflow/.local/lib/python3.9/site-packages/airflow/example_dags/example_python_decorator.py
[2025-02-04T16:29:22.050+0000] {processor.py:914} INFO - Processing file /home/airflow/.local/lib/python3.9/site-packages/airflow/example_dags/example_python_decorator.py for tasks to queue
[2025-02-04T16:29:22.053+0000] {logging_mixin.py:190} INFO - [2025-02-04T16:29:22.053+0000] {dagbag.py:588} INFO - Filling up the DagBag from /home/airflow/.local/lib/python3.9/site-packages/airflow/example_dags/example_python_decorator.py
[2025-02-04T16:29:22.072+0000] {processor.py:925} INFO - DAG(s) 'example_python_decorator' retrieved from /home/airflow/.local/lib/python3.9/site-packages/airflow/example_dags/example_python_decorator.py
[2025-02-04T16:29:22.099+0000] {logging_mixin.py:190} INFO - [2025-02-04T16:29:22.098+0000] {dag.py:3239} INFO - Sync 1 DAGs
[2025-02-04T16:29:22.115+0000] {logging_mixin.py:190} INFO - [2025-02-04T16:29:22.115+0000] {dag.py:4180} INFO - Setting next_dagrun for example_python_decorator to None, run_after=None
[2025-02-04T16:29:22.144+0000] {processor.py:208} INFO - Processing /home/airflow/.local/lib/python3.9/site-packages/airflow/example_dags/example_python_decorator.py took 0.102 seconds
[2025-02-04T16:29:52.267+0000] {processor.py:186} INFO - Started process (PID=975) to work on /home/airflow/.local/lib/python3.9/site-packages/airflow/example_dags/example_python_decorator.py
[2025-02-04T16:29:52.987+0000] {processor.py:914} INFO - Processing file /home/airflow/.local/lib/python3.9/site-packages/airflow/example_dags/example_python_decorator.py for tasks to queue
[2025-02-04T16:29:52.990+0000] {logging_mixin.py:190} INFO - [2025-02-04T16:29:52.990+0000] {dagbag.py:588} INFO - Filling up the DagBag from /home/airflow/.local/lib/python3.9/site-packages/airflow/example_dags/example_python_decorator.py
[2025-02-04T16:29:53.004+0000] {processor.py:925} INFO - DAG(s) 'example_python_decorator' retrieved from /home/airflow/.local/lib/python3.9/site-packages/airflow/example_dags/example_python_decorator.py
[2025-02-04T16:29:53.029+0000] {logging_mixin.py:190} INFO - [2025-02-04T16:29:53.028+0000] {dag.py:3239} INFO - Sync 1 DAGs
[2025-02-04T16:29:53.048+0000] {logging_mixin.py:190} INFO - [2025-02-04T16:29:53.047+0000] {dag.py:4180} INFO - Setting next_dagrun for example_python_decorator to None, run_after=None
[2025-02-04T16:29:53.076+0000] {processor.py:208} INFO - Processing /home/airflow/.local/lib/python3.9/site-packages/airflow/example_dags/example_python_decorator.py took 0.816 seconds
[2025-02-04T16:30:23.598+0000] {processor.py:186} INFO - Started process (PID=1039) to work on /home/airflow/.local/lib/python3.9/site-packages/airflow/example_dags/example_python_decorator.py
[2025-02-04T16:30:23.599+0000] {processor.py:914} INFO - Processing file /home/airflow/.local/lib/python3.9/site-packages/airflow/example_dags/example_python_decorator.py for tasks to queue
[2025-02-04T16:30:23.602+0000] {logging_mixin.py:190} INFO - [2025-02-04T16:30:23.602+0000] {dagbag.py:588} INFO - Filling up the DagBag from /home/airflow/.local/lib/python3.9/site-packages/airflow/example_dags/example_python_decorator.py
[2025-02-04T16:30:23.618+0000] {processor.py:925} INFO - DAG(s) 'example_python_decorator' retrieved from /home/airflow/.local/lib/python3.9/site-packages/airflow/example_dags/example_python_decorator.py
[2025-02-04T16:30:23.642+0000] {logging_mixin.py:190} INFO - [2025-02-04T16:30:23.642+0000] {dag.py:3239} INFO - Sync 1 DAGs
[2025-02-04T16:30:23.656+0000] {logging_mixin.py:190} INFO - [2025-02-04T16:30:23.656+0000] {dag.py:4180} INFO - Setting next_dagrun for example_python_decorator to None, run_after=None
[2025-02-04T16:30:23.685+0000] {processor.py:208} INFO - Processing /home/airflow/.local/lib/python3.9/site-packages/airflow/example_dags/example_python_decorator.py took 0.094 seconds
[2025-02-04T16:30:54.364+0000] {processor.py:186} INFO - Started process (PID=1103) to work on /home/airflow/.local/lib/python3.9/site-packages/airflow/example_dags/example_python_decorator.py
[2025-02-04T16:30:54.365+0000] {processor.py:914} INFO - Processing file /home/airflow/.local/lib/python3.9/site-packages/airflow/example_dags/example_python_decorator.py for tasks to queue
[2025-02-04T16:30:54.368+0000] {logging_mixin.py:190} INFO - [2025-02-04T16:30:54.368+0000] {dagbag.py:588} INFO - Filling up the DagBag from /home/airflow/.local/lib/python3.9/site-packages/airflow/example_dags/example_python_decorator.py
[2025-02-04T16:30:54.383+0000] {processor.py:925} INFO - DAG(s) 'example_python_decorator' retrieved from /home/airflow/.local/lib/python3.9/site-packages/airflow/example_dags/example_python_decorator.py
[2025-02-04T16:30:54.409+0000] {logging_mixin.py:190} INFO - [2025-02-04T16:30:54.409+0000] {dag.py:3239} INFO - Sync 1 DAGs
[2025-02-04T16:30:54.423+0000] {logging_mixin.py:190} INFO - [2025-02-04T16:30:54.423+0000] {dag.py:4180} INFO - Setting next_dagrun for example_python_decorator to None, run_after=None
[2025-02-04T16:30:54.450+0000] {processor.py:208} INFO - Processing /home/airflow/.local/lib/python3.9/site-packages/airflow/example_dags/example_python_decorator.py took 0.093 seconds
[2025-02-04T16:31:25.157+0000] {processor.py:186} INFO - Started process (PID=1167) to work on /home/airflow/.local/lib/python3.9/site-packages/airflow/example_dags/example_python_decorator.py
[2025-02-04T16:31:25.158+0000] {processor.py:914} INFO - Processing file /home/airflow/.local/lib/python3.9/site-packages/airflow/example_dags/example_python_decorator.py for tasks to queue
[2025-02-04T16:31:25.161+0000] {logging_mixin.py:190} INFO - [2025-02-04T16:31:25.161+0000] {dagbag.py:588} INFO - Filling up the DagBag from /home/airflow/.local/lib/python3.9/site-packages/airflow/example_dags/example_python_decorator.py
[2025-02-04T16:31:25.178+0000] {processor.py:925} INFO - DAG(s) 'example_python_decorator' retrieved from /home/airflow/.local/lib/python3.9/site-packages/airflow/example_dags/example_python_decorator.py
[2025-02-04T16:31:25.205+0000] {logging_mixin.py:190} INFO - [2025-02-04T16:31:25.204+0000] {dag.py:3239} INFO - Sync 1 DAGs
[2025-02-04T16:31:25.223+0000] {logging_mixin.py:190} INFO - [2025-02-04T16:31:25.223+0000] {dag.py:4180} INFO - Setting next_dagrun for example_python_decorator to None, run_after=None
[2025-02-04T16:31:25.254+0000] {processor.py:208} INFO - Processing /home/airflow/.local/lib/python3.9/site-packages/airflow/example_dags/example_python_decorator.py took 0.105 seconds
[2025-02-04T16:31:55.935+0000] {processor.py:186} INFO - Started process (PID=1231) to work on /home/airflow/.local/lib/python3.9/site-packages/airflow/example_dags/example_python_decorator.py
[2025-02-04T16:31:55.936+0000] {processor.py:914} INFO - Processing file /home/airflow/.local/lib/python3.9/site-packages/airflow/example_dags/example_python_decorator.py for tasks to queue
[2025-02-04T16:31:55.940+0000] {logging_mixin.py:190} INFO - [2025-02-04T16:31:55.939+0000] {dagbag.py:588} INFO - Filling up the DagBag from /home/airflow/.local/lib/python3.9/site-packages/airflow/example_dags/example_python_decorator.py
[2025-02-04T16:31:55.959+0000] {processor.py:925} INFO - DAG(s) 'example_python_decorator' retrieved from /home/airflow/.local/lib/python3.9/site-packages/airflow/example_dags/example_python_decorator.py
[2025-02-04T16:31:55.987+0000] {logging_mixin.py:190} INFO - [2025-02-04T16:31:55.986+0000] {dag.py:3239} INFO - Sync 1 DAGs
[2025-02-04T16:31:56.003+0000] {logging_mixin.py:190} INFO - [2025-02-04T16:31:56.002+0000] {dag.py:4180} INFO - Setting next_dagrun for example_python_decorator to None, run_after=None
[2025-02-04T16:31:56.029+0000] {processor.py:208} INFO - Processing /home/airflow/.local/lib/python3.9/site-packages/airflow/example_dags/example_python_decorator.py took 0.102 seconds
[2025-02-04T16:32:26.497+0000] {processor.py:186} INFO - Started process (PID=1295) to work on /home/airflow/.local/lib/python3.9/site-packages/airflow/example_dags/example_python_decorator.py
[2025-02-04T16:32:26.499+0000] {processor.py:914} INFO - Processing file /home/airflow/.local/lib/python3.9/site-packages/airflow/example_dags/example_python_decorator.py for tasks to queue
[2025-02-04T16:32:26.501+0000] {logging_mixin.py:190} INFO - [2025-02-04T16:32:26.501+0000] {dagbag.py:588} INFO - Filling up the DagBag from /home/airflow/.local/lib/python3.9/site-packages/airflow/example_dags/example_python_decorator.py
[2025-02-04T16:32:26.516+0000] {processor.py:925} INFO - DAG(s) 'example_python_decorator' retrieved from /home/airflow/.local/lib/python3.9/site-packages/airflow/example_dags/example_python_decorator.py
[2025-02-04T16:32:26.545+0000] {logging_mixin.py:190} INFO - [2025-02-04T16:32:26.545+0000] {dag.py:3239} INFO - Sync 1 DAGs
[2025-02-04T16:32:26.568+0000] {logging_mixin.py:190} INFO - [2025-02-04T16:32:26.568+0000] {dag.py:4180} INFO - Setting next_dagrun for example_python_decorator to None, run_after=None
[2025-02-04T16:32:26.600+0000] {processor.py:208} INFO - Processing /home/airflow/.local/lib/python3.9/site-packages/airflow/example_dags/example_python_decorator.py took 0.110 seconds
[2025-02-04T16:32:56.661+0000] {processor.py:186} INFO - Started process (PID=1359) to work on /home/airflow/.local/lib/python3.9/site-packages/airflow/example_dags/example_python_decorator.py
[2025-02-04T16:32:56.662+0000] {processor.py:914} INFO - Processing file /home/airflow/.local/lib/python3.9/site-packages/airflow/example_dags/example_python_decorator.py for tasks to queue
[2025-02-04T16:32:56.665+0000] {logging_mixin.py:190} INFO - [2025-02-04T16:32:56.664+0000] {dagbag.py:588} INFO - Filling up the DagBag from /home/airflow/.local/lib/python3.9/site-packages/airflow/example_dags/example_python_decorator.py
[2025-02-04T16:32:56.685+0000] {processor.py:925} INFO - DAG(s) 'example_python_decorator' retrieved from /home/airflow/.local/lib/python3.9/site-packages/airflow/example_dags/example_python_decorator.py
[2025-02-04T16:32:56.714+0000] {logging_mixin.py:190} INFO - [2025-02-04T16:32:56.713+0000] {dag.py:3239} INFO - Sync 1 DAGs
[2025-02-04T16:32:56.731+0000] {logging_mixin.py:190} INFO - [2025-02-04T16:32:56.731+0000] {dag.py:4180} INFO - Setting next_dagrun for example_python_decorator to None, run_after=None
[2025-02-04T16:32:56.761+0000] {processor.py:208} INFO - Processing /home/airflow/.local/lib/python3.9/site-packages/airflow/example_dags/example_python_decorator.py took 0.107 seconds
[2025-02-04T16:33:27.453+0000] {processor.py:186} INFO - Started process (PID=1424) to work on /home/airflow/.local/lib/python3.9/site-packages/airflow/example_dags/example_python_decorator.py
[2025-02-04T16:33:27.455+0000] {processor.py:914} INFO - Processing file /home/airflow/.local/lib/python3.9/site-packages/airflow/example_dags/example_python_decorator.py for tasks to queue
[2025-02-04T16:33:27.458+0000] {logging_mixin.py:190} INFO - [2025-02-04T16:33:27.458+0000] {dagbag.py:588} INFO - Filling up the DagBag from /home/airflow/.local/lib/python3.9/site-packages/airflow/example_dags/example_python_decorator.py
[2025-02-04T16:33:27.475+0000] {processor.py:925} INFO - DAG(s) 'example_python_decorator' retrieved from /home/airflow/.local/lib/python3.9/site-packages/airflow/example_dags/example_python_decorator.py
[2025-02-04T16:33:27.503+0000] {logging_mixin.py:190} INFO - [2025-02-04T16:33:27.503+0000] {dag.py:3239} INFO - Sync 1 DAGs
[2025-02-04T16:33:27.518+0000] {logging_mixin.py:190} INFO - [2025-02-04T16:33:27.517+0000] {dag.py:4180} INFO - Setting next_dagrun for example_python_decorator to None, run_after=None
[2025-02-04T16:33:27.546+0000] {processor.py:208} INFO - Processing /home/airflow/.local/lib/python3.9/site-packages/airflow/example_dags/example_python_decorator.py took 0.100 seconds
[2025-02-04T16:33:58.256+0000] {processor.py:186} INFO - Started process (PID=1488) to work on /home/airflow/.local/lib/python3.9/site-packages/airflow/example_dags/example_python_decorator.py
[2025-02-04T16:33:58.257+0000] {processor.py:914} INFO - Processing file /home/airflow/.local/lib/python3.9/site-packages/airflow/example_dags/example_python_decorator.py for tasks to queue
[2025-02-04T16:33:58.261+0000] {logging_mixin.py:190} INFO - [2025-02-04T16:33:58.260+0000] {dagbag.py:588} INFO - Filling up the DagBag from /home/airflow/.local/lib/python3.9/site-packages/airflow/example_dags/example_python_decorator.py
[2025-02-04T16:33:58.278+0000] {processor.py:925} INFO - DAG(s) 'example_python_decorator' retrieved from /home/airflow/.local/lib/python3.9/site-packages/airflow/example_dags/example_python_decorator.py
[2025-02-04T16:33:58.304+0000] {logging_mixin.py:190} INFO - [2025-02-04T16:33:58.304+0000] {dag.py:3239} INFO - Sync 1 DAGs
[2025-02-04T16:33:58.321+0000] {logging_mixin.py:190} INFO - [2025-02-04T16:33:58.321+0000] {dag.py:4180} INFO - Setting next_dagrun for example_python_decorator to None, run_after=None
[2025-02-04T16:33:58.351+0000] {processor.py:208} INFO - Processing /home/airflow/.local/lib/python3.9/site-packages/airflow/example_dags/example_python_decorator.py took 0.106 seconds
[2025-02-04T16:34:28.852+0000] {processor.py:186} INFO - Started process (PID=1552) to work on /home/airflow/.local/lib/python3.9/site-packages/airflow/example_dags/example_python_decorator.py
[2025-02-04T16:34:28.853+0000] {processor.py:914} INFO - Processing file /home/airflow/.local/lib/python3.9/site-packages/airflow/example_dags/example_python_decorator.py for tasks to queue
[2025-02-04T16:34:28.856+0000] {logging_mixin.py:190} INFO - [2025-02-04T16:34:28.856+0000] {dagbag.py:588} INFO - Filling up the DagBag from /home/airflow/.local/lib/python3.9/site-packages/airflow/example_dags/example_python_decorator.py
[2025-02-04T16:34:28.874+0000] {processor.py:925} INFO - DAG(s) 'example_python_decorator' retrieved from /home/airflow/.local/lib/python3.9/site-packages/airflow/example_dags/example_python_decorator.py
[2025-02-04T16:34:28.904+0000] {logging_mixin.py:190} INFO - [2025-02-04T16:34:28.903+0000] {dag.py:3239} INFO - Sync 1 DAGs
[2025-02-04T16:34:28.918+0000] {logging_mixin.py:190} INFO - [2025-02-04T16:34:28.917+0000] {dag.py:4180} INFO - Setting next_dagrun for example_python_decorator to None, run_after=None
[2025-02-04T16:34:28.944+0000] {processor.py:208} INFO - Processing /home/airflow/.local/lib/python3.9/site-packages/airflow/example_dags/example_python_decorator.py took 0.098 seconds
[2025-02-04T16:34:59.519+0000] {processor.py:186} INFO - Started process (PID=1616) to work on /home/airflow/.local/lib/python3.9/site-packages/airflow/example_dags/example_python_decorator.py
[2025-02-04T16:34:59.520+0000] {processor.py:914} INFO - Processing file /home/airflow/.local/lib/python3.9/site-packages/airflow/example_dags/example_python_decorator.py for tasks to queue
[2025-02-04T16:34:59.523+0000] {logging_mixin.py:190} INFO - [2025-02-04T16:34:59.523+0000] {dagbag.py:588} INFO - Filling up the DagBag from /home/airflow/.local/lib/python3.9/site-packages/airflow/example_dags/example_python_decorator.py
[2025-02-04T16:34:59.538+0000] {processor.py:925} INFO - DAG(s) 'example_python_decorator' retrieved from /home/airflow/.local/lib/python3.9/site-packages/airflow/example_dags/example_python_decorator.py
[2025-02-04T16:34:59.562+0000] {logging_mixin.py:190} INFO - [2025-02-04T16:34:59.562+0000] {dag.py:3239} INFO - Sync 1 DAGs
[2025-02-04T16:34:59.575+0000] {logging_mixin.py:190} INFO - [2025-02-04T16:34:59.575+0000] {dag.py:4180} INFO - Setting next_dagrun for example_python_decorator to None, run_after=None
[2025-02-04T16:34:59.602+0000] {processor.py:208} INFO - Processing /home/airflow/.local/lib/python3.9/site-packages/airflow/example_dags/example_python_decorator.py took 0.090 seconds
[2025-02-04T16:35:30.370+0000] {processor.py:186} INFO - Started process (PID=1687) to work on /home/airflow/.local/lib/python3.9/site-packages/airflow/example_dags/example_python_decorator.py
[2025-02-04T16:35:30.371+0000] {processor.py:914} INFO - Processing file /home/airflow/.local/lib/python3.9/site-packages/airflow/example_dags/example_python_decorator.py for tasks to queue
[2025-02-04T16:35:30.374+0000] {logging_mixin.py:190} INFO - [2025-02-04T16:35:30.373+0000] {dagbag.py:588} INFO - Filling up the DagBag from /home/airflow/.local/lib/python3.9/site-packages/airflow/example_dags/example_python_decorator.py
[2025-02-04T16:35:30.389+0000] {processor.py:925} INFO - DAG(s) 'example_python_decorator' retrieved from /home/airflow/.local/lib/python3.9/site-packages/airflow/example_dags/example_python_decorator.py
[2025-02-04T16:35:30.413+0000] {logging_mixin.py:190} INFO - [2025-02-04T16:35:30.413+0000] {dag.py:3239} INFO - Sync 1 DAGs
[2025-02-04T16:35:30.426+0000] {logging_mixin.py:190} INFO - [2025-02-04T16:35:30.426+0000] {dag.py:4180} INFO - Setting next_dagrun for example_python_decorator to None, run_after=None
[2025-02-04T16:35:30.454+0000] {processor.py:208} INFO - Processing /home/airflow/.local/lib/python3.9/site-packages/airflow/example_dags/example_python_decorator.py took 0.090 seconds
[2025-02-04T16:36:00.521+0000] {processor.py:186} INFO - Started process (PID=1752) to work on /home/airflow/.local/lib/python3.9/site-packages/airflow/example_dags/example_python_decorator.py
[2025-02-04T16:36:00.522+0000] {processor.py:914} INFO - Processing file /home/airflow/.local/lib/python3.9/site-packages/airflow/example_dags/example_python_decorator.py for tasks to queue
[2025-02-04T16:36:00.524+0000] {logging_mixin.py:190} INFO - [2025-02-04T16:36:00.524+0000] {dagbag.py:588} INFO - Filling up the DagBag from /home/airflow/.local/lib/python3.9/site-packages/airflow/example_dags/example_python_decorator.py
[2025-02-04T16:36:00.538+0000] {processor.py:925} INFO - DAG(s) 'example_python_decorator' retrieved from /home/airflow/.local/lib/python3.9/site-packages/airflow/example_dags/example_python_decorator.py
[2025-02-04T16:36:00.569+0000] {logging_mixin.py:190} INFO - [2025-02-04T16:36:00.569+0000] {dag.py:3239} INFO - Sync 1 DAGs
[2025-02-04T16:36:00.586+0000] {logging_mixin.py:190} INFO - [2025-02-04T16:36:00.585+0000] {dag.py:4180} INFO - Setting next_dagrun for example_python_decorator to None, run_after=None
[2025-02-04T16:36:00.612+0000] {processor.py:208} INFO - Processing /home/airflow/.local/lib/python3.9/site-packages/airflow/example_dags/example_python_decorator.py took 0.098 seconds
[2025-02-04T16:36:30.802+0000] {processor.py:186} INFO - Started process (PID=1816) to work on /home/airflow/.local/lib/python3.9/site-packages/airflow/example_dags/example_python_decorator.py
[2025-02-04T16:36:30.803+0000] {processor.py:914} INFO - Processing file /home/airflow/.local/lib/python3.9/site-packages/airflow/example_dags/example_python_decorator.py for tasks to queue
[2025-02-04T16:36:30.806+0000] {logging_mixin.py:190} INFO - [2025-02-04T16:36:30.805+0000] {dagbag.py:588} INFO - Filling up the DagBag from /home/airflow/.local/lib/python3.9/site-packages/airflow/example_dags/example_python_decorator.py
[2025-02-04T16:36:30.820+0000] {processor.py:925} INFO - DAG(s) 'example_python_decorator' retrieved from /home/airflow/.local/lib/python3.9/site-packages/airflow/example_dags/example_python_decorator.py
[2025-02-04T16:36:30.844+0000] {logging_mixin.py:190} INFO - [2025-02-04T16:36:30.844+0000] {dag.py:3239} INFO - Sync 1 DAGs
[2025-02-04T16:36:30.857+0000] {logging_mixin.py:190} INFO - [2025-02-04T16:36:30.857+0000] {dag.py:4180} INFO - Setting next_dagrun for example_python_decorator to None, run_after=None
[2025-02-04T16:36:30.884+0000] {processor.py:208} INFO - Processing /home/airflow/.local/lib/python3.9/site-packages/airflow/example_dags/example_python_decorator.py took 0.089 seconds
[2025-02-04T16:37:01.057+0000] {processor.py:186} INFO - Started process (PID=1880) to work on /home/airflow/.local/lib/python3.9/site-packages/airflow/example_dags/example_python_decorator.py
[2025-02-04T16:37:01.058+0000] {processor.py:914} INFO - Processing file /home/airflow/.local/lib/python3.9/site-packages/airflow/example_dags/example_python_decorator.py for tasks to queue
[2025-02-04T16:37:01.061+0000] {logging_mixin.py:190} INFO - [2025-02-04T16:37:01.060+0000] {dagbag.py:588} INFO - Filling up the DagBag from /home/airflow/.local/lib/python3.9/site-packages/airflow/example_dags/example_python_decorator.py
[2025-02-04T16:37:01.075+0000] {processor.py:925} INFO - DAG(s) 'example_python_decorator' retrieved from /home/airflow/.local/lib/python3.9/site-packages/airflow/example_dags/example_python_decorator.py
[2025-02-04T16:37:01.099+0000] {logging_mixin.py:190} INFO - [2025-02-04T16:37:01.099+0000] {dag.py:3239} INFO - Sync 1 DAGs
[2025-02-04T16:37:01.112+0000] {logging_mixin.py:190} INFO - [2025-02-04T16:37:01.112+0000] {dag.py:4180} INFO - Setting next_dagrun for example_python_decorator to None, run_after=None
[2025-02-04T16:37:01.136+0000] {processor.py:208} INFO - Processing /home/airflow/.local/lib/python3.9/site-packages/airflow/example_dags/example_python_decorator.py took 0.086 seconds
[2025-02-04T16:39:27.403+0000] {processor.py:186} INFO - Started process (PID=1927) to work on /home/airflow/.local/lib/python3.9/site-packages/airflow/example_dags/example_python_decorator.py
[2025-02-04T16:39:27.404+0000] {processor.py:914} INFO - Processing file /home/airflow/.local/lib/python3.9/site-packages/airflow/example_dags/example_python_decorator.py for tasks to queue
[2025-02-04T16:39:27.405+0000] {logging_mixin.py:190} INFO - [2025-02-04T16:39:27.405+0000] {dagbag.py:588} INFO - Filling up the DagBag from /home/airflow/.local/lib/python3.9/site-packages/airflow/example_dags/example_python_decorator.py
[2025-02-04T16:39:27.421+0000] {processor.py:925} INFO - DAG(s) 'example_python_decorator' retrieved from /home/airflow/.local/lib/python3.9/site-packages/airflow/example_dags/example_python_decorator.py
[2025-02-04T16:39:27.446+0000] {logging_mixin.py:190} INFO - [2025-02-04T16:39:27.445+0000] {dag.py:3239} INFO - Sync 1 DAGs
[2025-02-04T16:39:27.460+0000] {logging_mixin.py:190} INFO - [2025-02-04T16:39:27.460+0000] {dag.py:4180} INFO - Setting next_dagrun for example_python_decorator to None, run_after=None
[2025-02-04T16:39:27.489+0000] {processor.py:208} INFO - Processing /home/airflow/.local/lib/python3.9/site-packages/airflow/example_dags/example_python_decorator.py took 0.093 seconds
[2025-02-04T16:39:57.804+0000] {processor.py:186} INFO - Started process (PID=1991) to work on /home/airflow/.local/lib/python3.9/site-packages/airflow/example_dags/example_python_decorator.py
[2025-02-04T16:39:57.815+0000] {processor.py:914} INFO - Processing file /home/airflow/.local/lib/python3.9/site-packages/airflow/example_dags/example_python_decorator.py for tasks to queue
[2025-02-04T16:39:57.817+0000] {logging_mixin.py:190} INFO - [2025-02-04T16:39:57.816+0000] {dagbag.py:588} INFO - Filling up the DagBag from /home/airflow/.local/lib/python3.9/site-packages/airflow/example_dags/example_python_decorator.py
[2025-02-04T16:39:57.836+0000] {processor.py:925} INFO - DAG(s) 'example_python_decorator' retrieved from /home/airflow/.local/lib/python3.9/site-packages/airflow/example_dags/example_python_decorator.py
[2025-02-04T16:39:57.856+0000] {logging_mixin.py:190} INFO - [2025-02-04T16:39:57.856+0000] {dag.py:3239} INFO - Sync 1 DAGs
[2025-02-04T16:39:57.869+0000] {logging_mixin.py:190} INFO - [2025-02-04T16:39:57.869+0000] {dag.py:4180} INFO - Setting next_dagrun for example_python_decorator to None, run_after=None
[2025-02-04T16:39:57.891+0000] {processor.py:208} INFO - Processing /home/airflow/.local/lib/python3.9/site-packages/airflow/example_dags/example_python_decorator.py took 0.094 seconds
[2025-02-04T16:40:28.755+0000] {processor.py:186} INFO - Started process (PID=2055) to work on /home/airflow/.local/lib/python3.9/site-packages/airflow/example_dags/example_python_decorator.py
[2025-02-04T16:40:28.756+0000] {processor.py:914} INFO - Processing file /home/airflow/.local/lib/python3.9/site-packages/airflow/example_dags/example_python_decorator.py for tasks to queue
[2025-02-04T16:40:28.758+0000] {logging_mixin.py:190} INFO - [2025-02-04T16:40:28.757+0000] {dagbag.py:588} INFO - Filling up the DagBag from /home/airflow/.local/lib/python3.9/site-packages/airflow/example_dags/example_python_decorator.py
[2025-02-04T16:40:28.774+0000] {processor.py:925} INFO - DAG(s) 'example_python_decorator' retrieved from /home/airflow/.local/lib/python3.9/site-packages/airflow/example_dags/example_python_decorator.py
[2025-02-04T16:40:28.797+0000] {logging_mixin.py:190} INFO - [2025-02-04T16:40:28.797+0000] {dag.py:3239} INFO - Sync 1 DAGs
[2025-02-04T16:40:28.811+0000] {logging_mixin.py:190} INFO - [2025-02-04T16:40:28.810+0000] {dag.py:4180} INFO - Setting next_dagrun for example_python_decorator to None, run_after=None
[2025-02-04T16:40:28.836+0000] {processor.py:208} INFO - Processing /home/airflow/.local/lib/python3.9/site-packages/airflow/example_dags/example_python_decorator.py took 0.087 seconds
[2025-02-04T16:40:59.505+0000] {processor.py:186} INFO - Started process (PID=2119) to work on /home/airflow/.local/lib/python3.9/site-packages/airflow/example_dags/example_python_decorator.py
[2025-02-04T16:40:59.506+0000] {processor.py:914} INFO - Processing file /home/airflow/.local/lib/python3.9/site-packages/airflow/example_dags/example_python_decorator.py for tasks to queue
[2025-02-04T16:40:59.508+0000] {logging_mixin.py:190} INFO - [2025-02-04T16:40:59.508+0000] {dagbag.py:588} INFO - Filling up the DagBag from /home/airflow/.local/lib/python3.9/site-packages/airflow/example_dags/example_python_decorator.py
[2025-02-04T16:40:59.523+0000] {processor.py:925} INFO - DAG(s) 'example_python_decorator' retrieved from /home/airflow/.local/lib/python3.9/site-packages/airflow/example_dags/example_python_decorator.py
[2025-02-04T16:40:59.546+0000] {logging_mixin.py:190} INFO - [2025-02-04T16:40:59.546+0000] {dag.py:3239} INFO - Sync 1 DAGs
[2025-02-04T16:40:59.560+0000] {logging_mixin.py:190} INFO - [2025-02-04T16:40:59.560+0000] {dag.py:4180} INFO - Setting next_dagrun for example_python_decorator to None, run_after=None
[2025-02-04T16:40:59.585+0000] {processor.py:208} INFO - Processing /home/airflow/.local/lib/python3.9/site-packages/airflow/example_dags/example_python_decorator.py took 0.088 seconds
[2025-02-04T16:41:30.800+0000] {processor.py:186} INFO - Started process (PID=2183) to work on /home/airflow/.local/lib/python3.9/site-packages/airflow/example_dags/example_python_decorator.py
[2025-02-04T16:41:30.802+0000] {processor.py:914} INFO - Processing file /home/airflow/.local/lib/python3.9/site-packages/airflow/example_dags/example_python_decorator.py for tasks to queue
[2025-02-04T16:41:30.803+0000] {logging_mixin.py:190} INFO - [2025-02-04T16:41:30.803+0000] {dagbag.py:588} INFO - Filling up the DagBag from /home/airflow/.local/lib/python3.9/site-packages/airflow/example_dags/example_python_decorator.py
[2025-02-04T16:41:30.818+0000] {processor.py:925} INFO - DAG(s) 'example_python_decorator' retrieved from /home/airflow/.local/lib/python3.9/site-packages/airflow/example_dags/example_python_decorator.py
[2025-02-04T16:41:30.841+0000] {logging_mixin.py:190} INFO - [2025-02-04T16:41:30.841+0000] {dag.py:3239} INFO - Sync 1 DAGs
[2025-02-04T16:41:30.856+0000] {logging_mixin.py:190} INFO - [2025-02-04T16:41:30.855+0000] {dag.py:4180} INFO - Setting next_dagrun for example_python_decorator to None, run_after=None
[2025-02-04T16:41:30.881+0000] {processor.py:208} INFO - Processing /home/airflow/.local/lib/python3.9/site-packages/airflow/example_dags/example_python_decorator.py took 0.089 seconds
[2025-02-04T16:42:01.944+0000] {processor.py:186} INFO - Started process (PID=2247) to work on /home/airflow/.local/lib/python3.9/site-packages/airflow/example_dags/example_python_decorator.py
[2025-02-04T16:42:01.945+0000] {processor.py:914} INFO - Processing file /home/airflow/.local/lib/python3.9/site-packages/airflow/example_dags/example_python_decorator.py for tasks to queue
[2025-02-04T16:42:01.946+0000] {logging_mixin.py:190} INFO - [2025-02-04T16:42:01.946+0000] {dagbag.py:588} INFO - Filling up the DagBag from /home/airflow/.local/lib/python3.9/site-packages/airflow/example_dags/example_python_decorator.py
[2025-02-04T16:42:01.962+0000] {processor.py:925} INFO - DAG(s) 'example_python_decorator' retrieved from /home/airflow/.local/lib/python3.9/site-packages/airflow/example_dags/example_python_decorator.py
[2025-02-04T16:42:01.987+0000] {logging_mixin.py:190} INFO - [2025-02-04T16:42:01.987+0000] {dag.py:3239} INFO - Sync 1 DAGs
[2025-02-04T16:42:02.002+0000] {logging_mixin.py:190} INFO - [2025-02-04T16:42:02.001+0000] {dag.py:4180} INFO - Setting next_dagrun for example_python_decorator to None, run_after=None
[2025-02-04T16:42:02.029+0000] {processor.py:208} INFO - Processing /home/airflow/.local/lib/python3.9/site-packages/airflow/example_dags/example_python_decorator.py took 0.092 seconds
[2025-02-04T16:42:32.658+0000] {processor.py:186} INFO - Started process (PID=2312) to work on /home/airflow/.local/lib/python3.9/site-packages/airflow/example_dags/example_python_decorator.py
[2025-02-04T16:42:32.659+0000] {processor.py:914} INFO - Processing file /home/airflow/.local/lib/python3.9/site-packages/airflow/example_dags/example_python_decorator.py for tasks to queue
[2025-02-04T16:42:32.660+0000] {logging_mixin.py:190} INFO - [2025-02-04T16:42:32.660+0000] {dagbag.py:588} INFO - Filling up the DagBag from /home/airflow/.local/lib/python3.9/site-packages/airflow/example_dags/example_python_decorator.py
[2025-02-04T16:42:32.679+0000] {processor.py:925} INFO - DAG(s) 'example_python_decorator' retrieved from /home/airflow/.local/lib/python3.9/site-packages/airflow/example_dags/example_python_decorator.py
[2025-02-04T16:42:32.703+0000] {logging_mixin.py:190} INFO - [2025-02-04T16:42:32.703+0000] {dag.py:3239} INFO - Sync 1 DAGs
[2025-02-04T16:42:32.721+0000] {logging_mixin.py:190} INFO - [2025-02-04T16:42:32.720+0000] {dag.py:4180} INFO - Setting next_dagrun for example_python_decorator to None, run_after=None
[2025-02-04T16:42:32.748+0000] {processor.py:208} INFO - Processing /home/airflow/.local/lib/python3.9/site-packages/airflow/example_dags/example_python_decorator.py took 0.097 seconds
[2025-02-04T16:43:03.051+0000] {processor.py:186} INFO - Started process (PID=2376) to work on /home/airflow/.local/lib/python3.9/site-packages/airflow/example_dags/example_python_decorator.py
[2025-02-04T16:43:03.053+0000] {processor.py:914} INFO - Processing file /home/airflow/.local/lib/python3.9/site-packages/airflow/example_dags/example_python_decorator.py for tasks to queue
[2025-02-04T16:43:03.054+0000] {logging_mixin.py:190} INFO - [2025-02-04T16:43:03.054+0000] {dagbag.py:588} INFO - Filling up the DagBag from /home/airflow/.local/lib/python3.9/site-packages/airflow/example_dags/example_python_decorator.py
[2025-02-04T16:43:03.072+0000] {processor.py:925} INFO - DAG(s) 'example_python_decorator' retrieved from /home/airflow/.local/lib/python3.9/site-packages/airflow/example_dags/example_python_decorator.py
[2025-02-04T16:43:03.099+0000] {logging_mixin.py:190} INFO - [2025-02-04T16:43:03.098+0000] {dag.py:3239} INFO - Sync 1 DAGs
[2025-02-04T16:43:03.113+0000] {logging_mixin.py:190} INFO - [2025-02-04T16:43:03.112+0000] {dag.py:4180} INFO - Setting next_dagrun for example_python_decorator to None, run_after=None
[2025-02-04T16:43:03.137+0000] {processor.py:208} INFO - Processing /home/airflow/.local/lib/python3.9/site-packages/airflow/example_dags/example_python_decorator.py took 0.093 seconds
[2025-02-04T16:43:33.723+0000] {processor.py:186} INFO - Started process (PID=2440) to work on /home/airflow/.local/lib/python3.9/site-packages/airflow/example_dags/example_python_decorator.py
[2025-02-04T16:43:33.724+0000] {processor.py:914} INFO - Processing file /home/airflow/.local/lib/python3.9/site-packages/airflow/example_dags/example_python_decorator.py for tasks to queue
[2025-02-04T16:43:33.726+0000] {logging_mixin.py:190} INFO - [2025-02-04T16:43:33.726+0000] {dagbag.py:588} INFO - Filling up the DagBag from /home/airflow/.local/lib/python3.9/site-packages/airflow/example_dags/example_python_decorator.py
[2025-02-04T16:43:33.743+0000] {processor.py:925} INFO - DAG(s) 'example_python_decorator' retrieved from /home/airflow/.local/lib/python3.9/site-packages/airflow/example_dags/example_python_decorator.py
[2025-02-04T16:43:33.768+0000] {logging_mixin.py:190} INFO - [2025-02-04T16:43:33.768+0000] {dag.py:3239} INFO - Sync 1 DAGs
[2025-02-04T16:43:33.783+0000] {logging_mixin.py:190} INFO - [2025-02-04T16:43:33.783+0000] {dag.py:4180} INFO - Setting next_dagrun for example_python_decorator to None, run_after=None
[2025-02-04T16:43:33.814+0000] {processor.py:208} INFO - Processing /home/airflow/.local/lib/python3.9/site-packages/airflow/example_dags/example_python_decorator.py took 0.098 seconds
[2025-02-04T16:44:04.222+0000] {processor.py:186} INFO - Started process (PID=2504) to work on /home/airflow/.local/lib/python3.9/site-packages/airflow/example_dags/example_python_decorator.py
[2025-02-04T16:44:04.226+0000] {processor.py:914} INFO - Processing file /home/airflow/.local/lib/python3.9/site-packages/airflow/example_dags/example_python_decorator.py for tasks to queue
[2025-02-04T16:44:04.229+0000] {logging_mixin.py:190} INFO - [2025-02-04T16:44:04.228+0000] {dagbag.py:588} INFO - Filling up the DagBag from /home/airflow/.local/lib/python3.9/site-packages/airflow/example_dags/example_python_decorator.py
[2025-02-04T16:44:04.253+0000] {processor.py:925} INFO - DAG(s) 'example_python_decorator' retrieved from /home/airflow/.local/lib/python3.9/site-packages/airflow/example_dags/example_python_decorator.py
[2025-02-04T16:44:04.279+0000] {logging_mixin.py:190} INFO - [2025-02-04T16:44:04.279+0000] {dag.py:3239} INFO - Sync 1 DAGs
[2025-02-04T16:44:04.295+0000] {logging_mixin.py:190} INFO - [2025-02-04T16:44:04.294+0000] {dag.py:4180} INFO - Setting next_dagrun for example_python_decorator to None, run_after=None
[2025-02-04T16:44:04.322+0000] {processor.py:208} INFO - Processing /home/airflow/.local/lib/python3.9/site-packages/airflow/example_dags/example_python_decorator.py took 0.110 seconds
[2025-02-04T16:44:34.627+0000] {processor.py:186} INFO - Started process (PID=2568) to work on /home/airflow/.local/lib/python3.9/site-packages/airflow/example_dags/example_python_decorator.py
[2025-02-04T16:44:34.628+0000] {processor.py:914} INFO - Processing file /home/airflow/.local/lib/python3.9/site-packages/airflow/example_dags/example_python_decorator.py for tasks to queue
[2025-02-04T16:44:34.629+0000] {logging_mixin.py:190} INFO - [2025-02-04T16:44:34.629+0000] {dagbag.py:588} INFO - Filling up the DagBag from /home/airflow/.local/lib/python3.9/site-packages/airflow/example_dags/example_python_decorator.py
[2025-02-04T16:44:34.644+0000] {processor.py:925} INFO - DAG(s) 'example_python_decorator' retrieved from /home/airflow/.local/lib/python3.9/site-packages/airflow/example_dags/example_python_decorator.py
[2025-02-04T16:44:34.671+0000] {logging_mixin.py:190} INFO - [2025-02-04T16:44:34.670+0000] {dag.py:3239} INFO - Sync 1 DAGs
[2025-02-04T16:44:34.684+0000] {logging_mixin.py:190} INFO - [2025-02-04T16:44:34.684+0000] {dag.py:4180} INFO - Setting next_dagrun for example_python_decorator to None, run_after=None
[2025-02-04T16:44:34.710+0000] {processor.py:208} INFO - Processing /home/airflow/.local/lib/python3.9/site-packages/airflow/example_dags/example_python_decorator.py took 0.090 seconds
[2025-02-04T16:45:05.126+0000] {processor.py:186} INFO - Started process (PID=2639) to work on /home/airflow/.local/lib/python3.9/site-packages/airflow/example_dags/example_python_decorator.py
[2025-02-04T16:45:05.128+0000] {processor.py:914} INFO - Processing file /home/airflow/.local/lib/python3.9/site-packages/airflow/example_dags/example_python_decorator.py for tasks to queue
[2025-02-04T16:45:05.130+0000] {logging_mixin.py:190} INFO - [2025-02-04T16:45:05.129+0000] {dagbag.py:588} INFO - Filling up the DagBag from /home/airflow/.local/lib/python3.9/site-packages/airflow/example_dags/example_python_decorator.py
[2025-02-04T16:45:05.146+0000] {processor.py:925} INFO - DAG(s) 'example_python_decorator' retrieved from /home/airflow/.local/lib/python3.9/site-packages/airflow/example_dags/example_python_decorator.py
[2025-02-04T16:45:05.170+0000] {logging_mixin.py:190} INFO - [2025-02-04T16:45:05.170+0000] {dag.py:3239} INFO - Sync 1 DAGs
[2025-02-04T16:45:05.184+0000] {logging_mixin.py:190} INFO - [2025-02-04T16:45:05.184+0000] {dag.py:4180} INFO - Setting next_dagrun for example_python_decorator to None, run_after=None
[2025-02-04T16:45:05.211+0000] {processor.py:208} INFO - Processing /home/airflow/.local/lib/python3.9/site-packages/airflow/example_dags/example_python_decorator.py took 0.092 seconds
[2025-02-04T16:45:35.641+0000] {processor.py:186} INFO - Started process (PID=2705) to work on /home/airflow/.local/lib/python3.9/site-packages/airflow/example_dags/example_python_decorator.py
[2025-02-04T16:45:35.643+0000] {processor.py:914} INFO - Processing file /home/airflow/.local/lib/python3.9/site-packages/airflow/example_dags/example_python_decorator.py for tasks to queue
[2025-02-04T16:45:35.645+0000] {logging_mixin.py:190} INFO - [2025-02-04T16:45:35.644+0000] {dagbag.py:588} INFO - Filling up the DagBag from /home/airflow/.local/lib/python3.9/site-packages/airflow/example_dags/example_python_decorator.py
[2025-02-04T16:45:35.661+0000] {processor.py:925} INFO - DAG(s) 'example_python_decorator' retrieved from /home/airflow/.local/lib/python3.9/site-packages/airflow/example_dags/example_python_decorator.py
[2025-02-04T16:45:35.687+0000] {logging_mixin.py:190} INFO - [2025-02-04T16:45:35.687+0000] {dag.py:3239} INFO - Sync 1 DAGs
[2025-02-04T16:45:35.703+0000] {logging_mixin.py:190} INFO - [2025-02-04T16:45:35.702+0000] {dag.py:4180} INFO - Setting next_dagrun for example_python_decorator to None, run_after=None
[2025-02-04T16:45:35.727+0000] {processor.py:208} INFO - Processing /home/airflow/.local/lib/python3.9/site-packages/airflow/example_dags/example_python_decorator.py took 0.096 seconds
[2025-02-04T16:46:06.915+0000] {processor.py:186} INFO - Started process (PID=2769) to work on /home/airflow/.local/lib/python3.9/site-packages/airflow/example_dags/example_python_decorator.py
[2025-02-04T16:46:06.916+0000] {processor.py:914} INFO - Processing file /home/airflow/.local/lib/python3.9/site-packages/airflow/example_dags/example_python_decorator.py for tasks to queue
[2025-02-04T16:46:06.918+0000] {logging_mixin.py:190} INFO - [2025-02-04T16:46:06.918+0000] {dagbag.py:588} INFO - Filling up the DagBag from /home/airflow/.local/lib/python3.9/site-packages/airflow/example_dags/example_python_decorator.py
[2025-02-04T16:46:06.933+0000] {processor.py:925} INFO - DAG(s) 'example_python_decorator' retrieved from /home/airflow/.local/lib/python3.9/site-packages/airflow/example_dags/example_python_decorator.py
[2025-02-04T16:46:06.958+0000] {logging_mixin.py:190} INFO - [2025-02-04T16:46:06.958+0000] {dag.py:3239} INFO - Sync 1 DAGs
[2025-02-04T16:46:06.975+0000] {logging_mixin.py:190} INFO - [2025-02-04T16:46:06.974+0000] {dag.py:4180} INFO - Setting next_dagrun for example_python_decorator to None, run_after=None
[2025-02-04T16:46:07.002+0000] {processor.py:208} INFO - Processing /home/airflow/.local/lib/python3.9/site-packages/airflow/example_dags/example_python_decorator.py took 0.094 seconds
[2025-02-04T16:46:37.515+0000] {processor.py:186} INFO - Started process (PID=2833) to work on /home/airflow/.local/lib/python3.9/site-packages/airflow/example_dags/example_python_decorator.py
[2025-02-04T16:46:37.517+0000] {processor.py:914} INFO - Processing file /home/airflow/.local/lib/python3.9/site-packages/airflow/example_dags/example_python_decorator.py for tasks to queue
[2025-02-04T16:46:37.519+0000] {logging_mixin.py:190} INFO - [2025-02-04T16:46:37.519+0000] {dagbag.py:588} INFO - Filling up the DagBag from /home/airflow/.local/lib/python3.9/site-packages/airflow/example_dags/example_python_decorator.py
[2025-02-04T16:46:37.537+0000] {processor.py:925} INFO - DAG(s) 'example_python_decorator' retrieved from /home/airflow/.local/lib/python3.9/site-packages/airflow/example_dags/example_python_decorator.py
[2025-02-04T16:46:37.564+0000] {logging_mixin.py:190} INFO - [2025-02-04T16:46:37.564+0000] {dag.py:3239} INFO - Sync 1 DAGs
[2025-02-04T16:46:37.582+0000] {logging_mixin.py:190} INFO - [2025-02-04T16:46:37.582+0000] {dag.py:4180} INFO - Setting next_dagrun for example_python_decorator to None, run_after=None
[2025-02-04T16:46:37.609+0000] {processor.py:208} INFO - Processing /home/airflow/.local/lib/python3.9/site-packages/airflow/example_dags/example_python_decorator.py took 0.101 seconds
[2025-02-04T16:47:12.549+0000] {processor.py:186} INFO - Started process (PID=2897) to work on /home/airflow/.local/lib/python3.9/site-packages/airflow/example_dags/example_python_decorator.py
[2025-02-04T16:47:12.584+0000] {processor.py:914} INFO - Processing file /home/airflow/.local/lib/python3.9/site-packages/airflow/example_dags/example_python_decorator.py for tasks to queue
[2025-02-04T16:47:12.585+0000] {logging_mixin.py:190} INFO - [2025-02-04T16:47:12.585+0000] {dagbag.py:588} INFO - Filling up the DagBag from /home/airflow/.local/lib/python3.9/site-packages/airflow/example_dags/example_python_decorator.py
[2025-02-04T16:47:12.611+0000] {processor.py:925} INFO - DAG(s) 'example_python_decorator' retrieved from /home/airflow/.local/lib/python3.9/site-packages/airflow/example_dags/example_python_decorator.py
[2025-02-04T16:47:12.643+0000] {logging_mixin.py:190} INFO - [2025-02-04T16:47:12.643+0000] {dag.py:3239} INFO - Sync 1 DAGs
[2025-02-04T16:47:12.663+0000] {logging_mixin.py:190} INFO - [2025-02-04T16:47:12.662+0000] {dag.py:4180} INFO - Setting next_dagrun for example_python_decorator to None, run_after=None
[2025-02-04T16:47:12.689+0000] {processor.py:208} INFO - Processing /home/airflow/.local/lib/python3.9/site-packages/airflow/example_dags/example_python_decorator.py took 0.147 seconds
