[2025-02-04T16:22:50.294+0000] {processor.py:186} INFO - Started process (PID=115) to work on /home/airflow/.local/lib/python3.9/site-packages/airflow/example_dags/example_xcom.py
[2025-02-04T16:22:50.295+0000] {processor.py:914} INFO - Processing file /home/airflow/.local/lib/python3.9/site-packages/airflow/example_dags/example_xcom.py for tasks to queue
[2025-02-04T16:22:50.298+0000] {logging_mixin.py:190} INFO - [2025-02-04T16:22:50.298+0000] {dagbag.py:588} INFO - Filling up the DagBag from /home/airflow/.local/lib/python3.9/site-packages/airflow/example_dags/example_xcom.py
[2025-02-04T16:22:50.308+0000] {processor.py:925} INFO - DAG(s) 'example_xcom' retrieved from /home/airflow/.local/lib/python3.9/site-packages/airflow/example_dags/example_xcom.py
[2025-02-04T16:22:50.872+0000] {logging_mixin.py:190} INFO - [2025-02-04T16:22:50.871+0000] {override.py:1912} INFO - Created Permission View: can delete on DAG:example_xcom
[2025-02-04T16:22:51.591+0000] {logging_mixin.py:190} INFO - [2025-02-04T16:22:51.590+0000] {override.py:1912} INFO - Created Permission View: can edit on DAG:example_xcom
[2025-02-04T16:22:51.605+0000] {logging_mixin.py:190} INFO - [2025-02-04T16:22:51.604+0000] {override.py:1912} INFO - Created Permission View: can read on DAG:example_xcom
[2025-02-04T16:22:51.627+0000] {logging_mixin.py:190} INFO - [2025-02-04T16:22:51.626+0000] {override.py:1912} INFO - Created Permission View: can delete on DAG Run:example_xcom
[2025-02-04T16:22:51.642+0000] {logging_mixin.py:190} INFO - [2025-02-04T16:22:51.642+0000] {override.py:1912} INFO - Created Permission View: menu access on DAG Run:example_xcom
[2025-02-04T16:22:51.657+0000] {logging_mixin.py:190} INFO - [2025-02-04T16:22:51.656+0000] {override.py:1912} INFO - Created Permission View: can read on DAG Run:example_xcom
[2025-02-04T16:22:51.672+0000] {logging_mixin.py:190} INFO - [2025-02-04T16:22:51.671+0000] {override.py:1912} INFO - Created Permission View: can create on DAG Run:example_xcom
[2025-02-04T16:22:51.673+0000] {logging_mixin.py:190} INFO - [2025-02-04T16:22:51.673+0000] {dag.py:3239} INFO - Sync 1 DAGs
[2025-02-04T16:22:51.687+0000] {logging_mixin.py:190} INFO - [2025-02-04T16:22:51.686+0000] {dag.py:3262} INFO - Creating ORM DAG for example_xcom
[2025-02-04T16:22:51.699+0000] {logging_mixin.py:190} INFO - [2025-02-04T16:22:51.699+0000] {dag.py:4180} INFO - Setting next_dagrun for example_xcom to 2021-01-01 00:00:00+00:00, run_after=2021-01-01 00:00:00+00:00
[2025-02-04T16:22:51.728+0000] {processor.py:208} INFO - Processing /home/airflow/.local/lib/python3.9/site-packages/airflow/example_dags/example_xcom.py took 1.441 seconds
[2025-02-04T16:23:33.213+0000] {processor.py:186} INFO - Started process (PID=179) to work on /home/airflow/.local/lib/python3.9/site-packages/airflow/example_dags/example_xcom.py
[2025-02-04T16:23:33.214+0000] {processor.py:914} INFO - Processing file /home/airflow/.local/lib/python3.9/site-packages/airflow/example_dags/example_xcom.py for tasks to queue
[2025-02-04T16:23:33.217+0000] {logging_mixin.py:190} INFO - [2025-02-04T16:23:33.217+0000] {dagbag.py:588} INFO - Filling up the DagBag from /home/airflow/.local/lib/python3.9/site-packages/airflow/example_dags/example_xcom.py
[2025-02-04T16:23:33.226+0000] {processor.py:925} INFO - DAG(s) 'example_xcom' retrieved from /home/airflow/.local/lib/python3.9/site-packages/airflow/example_dags/example_xcom.py
[2025-02-04T16:23:33.916+0000] {logging_mixin.py:190} INFO - [2025-02-04T16:23:33.915+0000] {dag.py:3239} INFO - Sync 1 DAGs
[2025-02-04T16:23:33.937+0000] {logging_mixin.py:190} INFO - [2025-02-04T16:23:33.937+0000] {dag.py:4180} INFO - Setting next_dagrun for example_xcom to 2021-01-01 00:00:00+00:00, run_after=2021-01-01 00:00:00+00:00
[2025-02-04T16:23:33.963+0000] {processor.py:208} INFO - Processing /home/airflow/.local/lib/python3.9/site-packages/airflow/example_dags/example_xcom.py took 0.756 seconds
[2025-02-04T16:24:04.390+0000] {processor.py:186} INFO - Started process (PID=246) to work on /home/airflow/.local/lib/python3.9/site-packages/airflow/example_dags/example_xcom.py
[2025-02-04T16:24:04.391+0000] {processor.py:914} INFO - Processing file /home/airflow/.local/lib/python3.9/site-packages/airflow/example_dags/example_xcom.py for tasks to queue
[2025-02-04T16:24:04.394+0000] {logging_mixin.py:190} INFO - [2025-02-04T16:24:04.394+0000] {dagbag.py:588} INFO - Filling up the DagBag from /home/airflow/.local/lib/python3.9/site-packages/airflow/example_dags/example_xcom.py
[2025-02-04T16:24:04.405+0000] {processor.py:925} INFO - DAG(s) 'example_xcom' retrieved from /home/airflow/.local/lib/python3.9/site-packages/airflow/example_dags/example_xcom.py
[2025-02-04T16:24:04.430+0000] {logging_mixin.py:190} INFO - [2025-02-04T16:24:04.430+0000] {dag.py:3239} INFO - Sync 1 DAGs
[2025-02-04T16:24:04.457+0000] {logging_mixin.py:190} INFO - [2025-02-04T16:24:04.457+0000] {dag.py:4180} INFO - Setting next_dagrun for example_xcom to 2021-01-01 00:00:00+00:00, run_after=2021-01-01 00:00:00+00:00
[2025-02-04T16:24:04.484+0000] {processor.py:208} INFO - Processing /home/airflow/.local/lib/python3.9/site-packages/airflow/example_dags/example_xcom.py took 0.101 seconds
[2025-02-04T16:24:34.766+0000] {processor.py:186} INFO - Started process (PID=306) to work on /home/airflow/.local/lib/python3.9/site-packages/airflow/example_dags/example_xcom.py
[2025-02-04T16:24:34.768+0000] {processor.py:914} INFO - Processing file /home/airflow/.local/lib/python3.9/site-packages/airflow/example_dags/example_xcom.py for tasks to queue
[2025-02-04T16:24:34.771+0000] {logging_mixin.py:190} INFO - [2025-02-04T16:24:34.771+0000] {dagbag.py:588} INFO - Filling up the DagBag from /home/airflow/.local/lib/python3.9/site-packages/airflow/example_dags/example_xcom.py
[2025-02-04T16:24:34.782+0000] {processor.py:925} INFO - DAG(s) 'example_xcom' retrieved from /home/airflow/.local/lib/python3.9/site-packages/airflow/example_dags/example_xcom.py
[2025-02-04T16:24:34.806+0000] {logging_mixin.py:190} INFO - [2025-02-04T16:24:34.806+0000] {dag.py:3239} INFO - Sync 1 DAGs
[2025-02-04T16:24:34.829+0000] {logging_mixin.py:190} INFO - [2025-02-04T16:24:34.829+0000] {dag.py:4180} INFO - Setting next_dagrun for example_xcom to 2021-01-01 00:00:00+00:00, run_after=2021-01-01 00:00:00+00:00
[2025-02-04T16:24:34.856+0000] {processor.py:208} INFO - Processing /home/airflow/.local/lib/python3.9/site-packages/airflow/example_dags/example_xcom.py took 0.097 seconds
[2025-02-04T16:25:05.502+0000] {processor.py:186} INFO - Started process (PID=369) to work on /home/airflow/.local/lib/python3.9/site-packages/airflow/example_dags/example_xcom.py
[2025-02-04T16:25:05.504+0000] {processor.py:914} INFO - Processing file /home/airflow/.local/lib/python3.9/site-packages/airflow/example_dags/example_xcom.py for tasks to queue
[2025-02-04T16:25:05.507+0000] {logging_mixin.py:190} INFO - [2025-02-04T16:25:05.507+0000] {dagbag.py:588} INFO - Filling up the DagBag from /home/airflow/.local/lib/python3.9/site-packages/airflow/example_dags/example_xcom.py
[2025-02-04T16:25:05.520+0000] {processor.py:925} INFO - DAG(s) 'example_xcom' retrieved from /home/airflow/.local/lib/python3.9/site-packages/airflow/example_dags/example_xcom.py
[2025-02-04T16:25:05.546+0000] {logging_mixin.py:190} INFO - [2025-02-04T16:25:05.546+0000] {dag.py:3239} INFO - Sync 1 DAGs
[2025-02-04T16:25:05.570+0000] {logging_mixin.py:190} INFO - [2025-02-04T16:25:05.570+0000] {dag.py:4180} INFO - Setting next_dagrun for example_xcom to 2021-01-01 00:00:00+00:00, run_after=2021-01-01 00:00:00+00:00
[2025-02-04T16:25:05.599+0000] {processor.py:208} INFO - Processing /home/airflow/.local/lib/python3.9/site-packages/airflow/example_dags/example_xcom.py took 0.103 seconds
[2025-02-04T16:25:35.882+0000] {processor.py:186} INFO - Started process (PID=433) to work on /home/airflow/.local/lib/python3.9/site-packages/airflow/example_dags/example_xcom.py
[2025-02-04T16:25:35.883+0000] {processor.py:914} INFO - Processing file /home/airflow/.local/lib/python3.9/site-packages/airflow/example_dags/example_xcom.py for tasks to queue
[2025-02-04T16:25:35.886+0000] {logging_mixin.py:190} INFO - [2025-02-04T16:25:35.885+0000] {dagbag.py:588} INFO - Filling up the DagBag from /home/airflow/.local/lib/python3.9/site-packages/airflow/example_dags/example_xcom.py
[2025-02-04T16:25:35.896+0000] {processor.py:925} INFO - DAG(s) 'example_xcom' retrieved from /home/airflow/.local/lib/python3.9/site-packages/airflow/example_dags/example_xcom.py
[2025-02-04T16:25:35.920+0000] {logging_mixin.py:190} INFO - [2025-02-04T16:25:35.920+0000] {dag.py:3239} INFO - Sync 1 DAGs
[2025-02-04T16:25:35.944+0000] {logging_mixin.py:190} INFO - [2025-02-04T16:25:35.943+0000] {dag.py:4180} INFO - Setting next_dagrun for example_xcom to 2021-01-01 00:00:00+00:00, run_after=2021-01-01 00:00:00+00:00
[2025-02-04T16:25:35.972+0000] {processor.py:208} INFO - Processing /home/airflow/.local/lib/python3.9/site-packages/airflow/example_dags/example_xcom.py took 0.097 seconds
[2025-02-04T16:26:06.240+0000] {processor.py:186} INFO - Started process (PID=504) to work on /home/airflow/.local/lib/python3.9/site-packages/airflow/example_dags/example_xcom.py
[2025-02-04T16:26:06.241+0000] {processor.py:914} INFO - Processing file /home/airflow/.local/lib/python3.9/site-packages/airflow/example_dags/example_xcom.py for tasks to queue
[2025-02-04T16:26:06.244+0000] {logging_mixin.py:190} INFO - [2025-02-04T16:26:06.244+0000] {dagbag.py:588} INFO - Filling up the DagBag from /home/airflow/.local/lib/python3.9/site-packages/airflow/example_dags/example_xcom.py
[2025-02-04T16:26:06.255+0000] {processor.py:925} INFO - DAG(s) 'example_xcom' retrieved from /home/airflow/.local/lib/python3.9/site-packages/airflow/example_dags/example_xcom.py
[2025-02-04T16:26:06.278+0000] {logging_mixin.py:190} INFO - [2025-02-04T16:26:06.277+0000] {dag.py:3239} INFO - Sync 1 DAGs
[2025-02-04T16:26:06.302+0000] {logging_mixin.py:190} INFO - [2025-02-04T16:26:06.302+0000] {dag.py:4180} INFO - Setting next_dagrun for example_xcom to 2021-01-01 00:00:00+00:00, run_after=2021-01-01 00:00:00+00:00
[2025-02-04T16:26:06.329+0000] {processor.py:208} INFO - Processing /home/airflow/.local/lib/python3.9/site-packages/airflow/example_dags/example_xcom.py took 0.096 seconds
[2025-02-04T16:26:37.267+0000] {processor.py:186} INFO - Started process (PID=568) to work on /home/airflow/.local/lib/python3.9/site-packages/airflow/example_dags/example_xcom.py
[2025-02-04T16:26:37.269+0000] {processor.py:914} INFO - Processing file /home/airflow/.local/lib/python3.9/site-packages/airflow/example_dags/example_xcom.py for tasks to queue
[2025-02-04T16:26:37.275+0000] {logging_mixin.py:190} INFO - [2025-02-04T16:26:37.274+0000] {dagbag.py:588} INFO - Filling up the DagBag from /home/airflow/.local/lib/python3.9/site-packages/airflow/example_dags/example_xcom.py
[2025-02-04T16:26:37.302+0000] {processor.py:925} INFO - DAG(s) 'example_xcom' retrieved from /home/airflow/.local/lib/python3.9/site-packages/airflow/example_dags/example_xcom.py
[2025-02-04T16:26:37.342+0000] {logging_mixin.py:190} INFO - [2025-02-04T16:26:37.342+0000] {dag.py:3239} INFO - Sync 1 DAGs
[2025-02-04T16:26:37.380+0000] {logging_mixin.py:190} INFO - [2025-02-04T16:26:37.379+0000] {dag.py:4180} INFO - Setting next_dagrun for example_xcom to 2021-01-01 00:00:00+00:00, run_after=2021-01-01 00:00:00+00:00
[2025-02-04T16:26:37.410+0000] {processor.py:208} INFO - Processing /home/airflow/.local/lib/python3.9/site-packages/airflow/example_dags/example_xcom.py took 0.164 seconds
[2025-02-04T16:27:08.386+0000] {processor.py:186} INFO - Started process (PID=632) to work on /home/airflow/.local/lib/python3.9/site-packages/airflow/example_dags/example_xcom.py
[2025-02-04T16:27:08.387+0000] {processor.py:914} INFO - Processing file /home/airflow/.local/lib/python3.9/site-packages/airflow/example_dags/example_xcom.py for tasks to queue
[2025-02-04T16:27:08.390+0000] {logging_mixin.py:190} INFO - [2025-02-04T16:27:08.390+0000] {dagbag.py:588} INFO - Filling up the DagBag from /home/airflow/.local/lib/python3.9/site-packages/airflow/example_dags/example_xcom.py
[2025-02-04T16:27:08.400+0000] {processor.py:925} INFO - DAG(s) 'example_xcom' retrieved from /home/airflow/.local/lib/python3.9/site-packages/airflow/example_dags/example_xcom.py
[2025-02-04T16:27:08.424+0000] {logging_mixin.py:190} INFO - [2025-02-04T16:27:08.424+0000] {dag.py:3239} INFO - Sync 1 DAGs
[2025-02-04T16:27:08.447+0000] {logging_mixin.py:190} INFO - [2025-02-04T16:27:08.447+0000] {dag.py:4180} INFO - Setting next_dagrun for example_xcom to 2021-01-01 00:00:00+00:00, run_after=2021-01-01 00:00:00+00:00
[2025-02-04T16:27:08.474+0000] {processor.py:208} INFO - Processing /home/airflow/.local/lib/python3.9/site-packages/airflow/example_dags/example_xcom.py took 0.095 seconds
[2025-02-04T16:27:38.674+0000] {processor.py:186} INFO - Started process (PID=700) to work on /home/airflow/.local/lib/python3.9/site-packages/airflow/example_dags/example_xcom.py
[2025-02-04T16:27:38.675+0000] {processor.py:914} INFO - Processing file /home/airflow/.local/lib/python3.9/site-packages/airflow/example_dags/example_xcom.py for tasks to queue
[2025-02-04T16:27:38.677+0000] {logging_mixin.py:190} INFO - [2025-02-04T16:27:38.677+0000] {dagbag.py:588} INFO - Filling up the DagBag from /home/airflow/.local/lib/python3.9/site-packages/airflow/example_dags/example_xcom.py
[2025-02-04T16:27:38.687+0000] {processor.py:925} INFO - DAG(s) 'example_xcom' retrieved from /home/airflow/.local/lib/python3.9/site-packages/airflow/example_dags/example_xcom.py
[2025-02-04T16:27:38.711+0000] {logging_mixin.py:190} INFO - [2025-02-04T16:27:38.710+0000] {dag.py:3239} INFO - Sync 1 DAGs
[2025-02-04T16:27:38.733+0000] {logging_mixin.py:190} INFO - [2025-02-04T16:27:38.733+0000] {dag.py:4180} INFO - Setting next_dagrun for example_xcom to 2021-01-01 00:00:00+00:00, run_after=2021-01-01 00:00:00+00:00
[2025-02-04T16:27:38.759+0000] {processor.py:208} INFO - Processing /home/airflow/.local/lib/python3.9/site-packages/airflow/example_dags/example_xcom.py took 0.091 seconds
[2025-02-04T16:28:09.513+0000] {processor.py:186} INFO - Started process (PID=759) to work on /home/airflow/.local/lib/python3.9/site-packages/airflow/example_dags/example_xcom.py
[2025-02-04T16:28:09.515+0000] {processor.py:914} INFO - Processing file /home/airflow/.local/lib/python3.9/site-packages/airflow/example_dags/example_xcom.py for tasks to queue
[2025-02-04T16:28:09.519+0000] {logging_mixin.py:190} INFO - [2025-02-04T16:28:09.518+0000] {dagbag.py:588} INFO - Filling up the DagBag from /home/airflow/.local/lib/python3.9/site-packages/airflow/example_dags/example_xcom.py
[2025-02-04T16:28:09.530+0000] {processor.py:925} INFO - DAG(s) 'example_xcom' retrieved from /home/airflow/.local/lib/python3.9/site-packages/airflow/example_dags/example_xcom.py
[2025-02-04T16:28:09.553+0000] {logging_mixin.py:190} INFO - [2025-02-04T16:28:09.553+0000] {dag.py:3239} INFO - Sync 1 DAGs
[2025-02-04T16:28:09.575+0000] {logging_mixin.py:190} INFO - [2025-02-04T16:28:09.574+0000] {dag.py:4180} INFO - Setting next_dagrun for example_xcom to 2021-01-01 00:00:00+00:00, run_after=2021-01-01 00:00:00+00:00
[2025-02-04T16:28:09.600+0000] {processor.py:208} INFO - Processing /home/airflow/.local/lib/python3.9/site-packages/airflow/example_dags/example_xcom.py took 0.096 seconds
[2025-02-04T16:28:39.689+0000] {processor.py:186} INFO - Started process (PID=822) to work on /home/airflow/.local/lib/python3.9/site-packages/airflow/example_dags/example_xcom.py
[2025-02-04T16:28:39.690+0000] {processor.py:914} INFO - Processing file /home/airflow/.local/lib/python3.9/site-packages/airflow/example_dags/example_xcom.py for tasks to queue
[2025-02-04T16:28:39.696+0000] {logging_mixin.py:190} INFO - [2025-02-04T16:28:39.694+0000] {dagbag.py:588} INFO - Filling up the DagBag from /home/airflow/.local/lib/python3.9/site-packages/airflow/example_dags/example_xcom.py
[2025-02-04T16:28:39.709+0000] {processor.py:925} INFO - DAG(s) 'example_xcom' retrieved from /home/airflow/.local/lib/python3.9/site-packages/airflow/example_dags/example_xcom.py
[2025-02-04T16:28:39.733+0000] {logging_mixin.py:190} INFO - [2025-02-04T16:28:39.733+0000] {dag.py:3239} INFO - Sync 1 DAGs
[2025-02-04T16:28:39.756+0000] {logging_mixin.py:190} INFO - [2025-02-04T16:28:39.756+0000] {dag.py:4180} INFO - Setting next_dagrun for example_xcom to 2021-01-01 00:00:00+00:00, run_after=2021-01-01 00:00:00+00:00
[2025-02-04T16:28:39.786+0000] {processor.py:208} INFO - Processing /home/airflow/.local/lib/python3.9/site-packages/airflow/example_dags/example_xcom.py took 0.106 seconds
[2025-02-04T16:29:10.152+0000] {processor.py:186} INFO - Started process (PID=886) to work on /home/airflow/.local/lib/python3.9/site-packages/airflow/example_dags/example_xcom.py
[2025-02-04T16:29:10.153+0000] {processor.py:914} INFO - Processing file /home/airflow/.local/lib/python3.9/site-packages/airflow/example_dags/example_xcom.py for tasks to queue
[2025-02-04T16:29:10.156+0000] {logging_mixin.py:190} INFO - [2025-02-04T16:29:10.156+0000] {dagbag.py:588} INFO - Filling up the DagBag from /home/airflow/.local/lib/python3.9/site-packages/airflow/example_dags/example_xcom.py
[2025-02-04T16:29:10.167+0000] {processor.py:925} INFO - DAG(s) 'example_xcom' retrieved from /home/airflow/.local/lib/python3.9/site-packages/airflow/example_dags/example_xcom.py
[2025-02-04T16:29:10.193+0000] {logging_mixin.py:190} INFO - [2025-02-04T16:29:10.193+0000] {dag.py:3239} INFO - Sync 1 DAGs
[2025-02-04T16:29:10.217+0000] {logging_mixin.py:190} INFO - [2025-02-04T16:29:10.216+0000] {dag.py:4180} INFO - Setting next_dagrun for example_xcom to 2021-01-01 00:00:00+00:00, run_after=2021-01-01 00:00:00+00:00
[2025-02-04T16:29:10.249+0000] {processor.py:208} INFO - Processing /home/airflow/.local/lib/python3.9/site-packages/airflow/example_dags/example_xcom.py took 0.105 seconds
[2025-02-04T16:29:40.572+0000] {processor.py:186} INFO - Started process (PID=950) to work on /home/airflow/.local/lib/python3.9/site-packages/airflow/example_dags/example_xcom.py
[2025-02-04T16:29:40.574+0000] {processor.py:914} INFO - Processing file /home/airflow/.local/lib/python3.9/site-packages/airflow/example_dags/example_xcom.py for tasks to queue
[2025-02-04T16:29:40.576+0000] {logging_mixin.py:190} INFO - [2025-02-04T16:29:40.576+0000] {dagbag.py:588} INFO - Filling up the DagBag from /home/airflow/.local/lib/python3.9/site-packages/airflow/example_dags/example_xcom.py
[2025-02-04T16:29:40.586+0000] {processor.py:925} INFO - DAG(s) 'example_xcom' retrieved from /home/airflow/.local/lib/python3.9/site-packages/airflow/example_dags/example_xcom.py
[2025-02-04T16:29:40.614+0000] {logging_mixin.py:190} INFO - [2025-02-04T16:29:40.614+0000] {dag.py:3239} INFO - Sync 1 DAGs
[2025-02-04T16:29:40.637+0000] {logging_mixin.py:190} INFO - [2025-02-04T16:29:40.637+0000] {dag.py:4180} INFO - Setting next_dagrun for example_xcom to 2021-01-01 00:00:00+00:00, run_after=2021-01-01 00:00:00+00:00
[2025-02-04T16:29:40.667+0000] {processor.py:208} INFO - Processing /home/airflow/.local/lib/python3.9/site-packages/airflow/example_dags/example_xcom.py took 0.102 seconds
[2025-02-04T16:30:10.885+0000] {processor.py:186} INFO - Started process (PID=1014) to work on /home/airflow/.local/lib/python3.9/site-packages/airflow/example_dags/example_xcom.py
[2025-02-04T16:30:10.887+0000] {processor.py:914} INFO - Processing file /home/airflow/.local/lib/python3.9/site-packages/airflow/example_dags/example_xcom.py for tasks to queue
[2025-02-04T16:30:10.890+0000] {logging_mixin.py:190} INFO - [2025-02-04T16:30:10.890+0000] {dagbag.py:588} INFO - Filling up the DagBag from /home/airflow/.local/lib/python3.9/site-packages/airflow/example_dags/example_xcom.py
[2025-02-04T16:30:10.901+0000] {processor.py:925} INFO - DAG(s) 'example_xcom' retrieved from /home/airflow/.local/lib/python3.9/site-packages/airflow/example_dags/example_xcom.py
[2025-02-04T16:30:10.926+0000] {logging_mixin.py:190} INFO - [2025-02-04T16:30:10.925+0000] {dag.py:3239} INFO - Sync 1 DAGs
[2025-02-04T16:30:10.951+0000] {logging_mixin.py:190} INFO - [2025-02-04T16:30:10.951+0000] {dag.py:4180} INFO - Setting next_dagrun for example_xcom to 2021-01-01 00:00:00+00:00, run_after=2021-01-01 00:00:00+00:00
[2025-02-04T16:30:10.981+0000] {processor.py:208} INFO - Processing /home/airflow/.local/lib/python3.9/site-packages/airflow/example_dags/example_xcom.py took 0.104 seconds
[2025-02-04T16:30:41.649+0000] {processor.py:186} INFO - Started process (PID=1079) to work on /home/airflow/.local/lib/python3.9/site-packages/airflow/example_dags/example_xcom.py
[2025-02-04T16:30:41.651+0000] {processor.py:914} INFO - Processing file /home/airflow/.local/lib/python3.9/site-packages/airflow/example_dags/example_xcom.py for tasks to queue
[2025-02-04T16:30:41.654+0000] {logging_mixin.py:190} INFO - [2025-02-04T16:30:41.654+0000] {dagbag.py:588} INFO - Filling up the DagBag from /home/airflow/.local/lib/python3.9/site-packages/airflow/example_dags/example_xcom.py
[2025-02-04T16:30:41.665+0000] {processor.py:925} INFO - DAG(s) 'example_xcom' retrieved from /home/airflow/.local/lib/python3.9/site-packages/airflow/example_dags/example_xcom.py
[2025-02-04T16:30:41.690+0000] {logging_mixin.py:190} INFO - [2025-02-04T16:30:41.690+0000] {dag.py:3239} INFO - Sync 1 DAGs
[2025-02-04T16:30:41.716+0000] {logging_mixin.py:190} INFO - [2025-02-04T16:30:41.715+0000] {dag.py:4180} INFO - Setting next_dagrun for example_xcom to 2021-01-01 00:00:00+00:00, run_after=2021-01-01 00:00:00+00:00
[2025-02-04T16:30:41.747+0000] {processor.py:208} INFO - Processing /home/airflow/.local/lib/python3.9/site-packages/airflow/example_dags/example_xcom.py took 0.105 seconds
[2025-02-04T16:31:12.560+0000] {processor.py:186} INFO - Started process (PID=1143) to work on /home/airflow/.local/lib/python3.9/site-packages/airflow/example_dags/example_xcom.py
[2025-02-04T16:31:12.561+0000] {processor.py:914} INFO - Processing file /home/airflow/.local/lib/python3.9/site-packages/airflow/example_dags/example_xcom.py for tasks to queue
[2025-02-04T16:31:12.565+0000] {logging_mixin.py:190} INFO - [2025-02-04T16:31:12.564+0000] {dagbag.py:588} INFO - Filling up the DagBag from /home/airflow/.local/lib/python3.9/site-packages/airflow/example_dags/example_xcom.py
[2025-02-04T16:31:12.579+0000] {processor.py:925} INFO - DAG(s) 'example_xcom' retrieved from /home/airflow/.local/lib/python3.9/site-packages/airflow/example_dags/example_xcom.py
[2025-02-04T16:31:12.610+0000] {logging_mixin.py:190} INFO - [2025-02-04T16:31:12.609+0000] {dag.py:3239} INFO - Sync 1 DAGs
[2025-02-04T16:31:12.640+0000] {logging_mixin.py:190} INFO - [2025-02-04T16:31:12.640+0000] {dag.py:4180} INFO - Setting next_dagrun for example_xcom to 2021-01-01 00:00:00+00:00, run_after=2021-01-01 00:00:00+00:00
[2025-02-04T16:31:12.672+0000] {processor.py:208} INFO - Processing /home/airflow/.local/lib/python3.9/site-packages/airflow/example_dags/example_xcom.py took 0.122 seconds
[2025-02-04T16:31:43.595+0000] {processor.py:186} INFO - Started process (PID=1214) to work on /home/airflow/.local/lib/python3.9/site-packages/airflow/example_dags/example_xcom.py
[2025-02-04T16:31:43.597+0000] {processor.py:914} INFO - Processing file /home/airflow/.local/lib/python3.9/site-packages/airflow/example_dags/example_xcom.py for tasks to queue
[2025-02-04T16:31:43.599+0000] {logging_mixin.py:190} INFO - [2025-02-04T16:31:43.599+0000] {dagbag.py:588} INFO - Filling up the DagBag from /home/airflow/.local/lib/python3.9/site-packages/airflow/example_dags/example_xcom.py
[2025-02-04T16:31:43.611+0000] {processor.py:925} INFO - DAG(s) 'example_xcom' retrieved from /home/airflow/.local/lib/python3.9/site-packages/airflow/example_dags/example_xcom.py
[2025-02-04T16:31:43.635+0000] {logging_mixin.py:190} INFO - [2025-02-04T16:31:43.635+0000] {dag.py:3239} INFO - Sync 1 DAGs
[2025-02-04T16:31:43.659+0000] {logging_mixin.py:190} INFO - [2025-02-04T16:31:43.658+0000] {dag.py:4180} INFO - Setting next_dagrun for example_xcom to 2021-01-01 00:00:00+00:00, run_after=2021-01-01 00:00:00+00:00
[2025-02-04T16:31:43.689+0000] {processor.py:208} INFO - Processing /home/airflow/.local/lib/python3.9/site-packages/airflow/example_dags/example_xcom.py took 0.100 seconds
[2025-02-04T16:32:13.812+0000] {processor.py:186} INFO - Started process (PID=1278) to work on /home/airflow/.local/lib/python3.9/site-packages/airflow/example_dags/example_xcom.py
[2025-02-04T16:32:13.814+0000] {processor.py:914} INFO - Processing file /home/airflow/.local/lib/python3.9/site-packages/airflow/example_dags/example_xcom.py for tasks to queue
[2025-02-04T16:32:13.817+0000] {logging_mixin.py:190} INFO - [2025-02-04T16:32:13.816+0000] {dagbag.py:588} INFO - Filling up the DagBag from /home/airflow/.local/lib/python3.9/site-packages/airflow/example_dags/example_xcom.py
[2025-02-04T16:32:13.827+0000] {processor.py:925} INFO - DAG(s) 'example_xcom' retrieved from /home/airflow/.local/lib/python3.9/site-packages/airflow/example_dags/example_xcom.py
[2025-02-04T16:32:13.857+0000] {logging_mixin.py:190} INFO - [2025-02-04T16:32:13.856+0000] {dag.py:3239} INFO - Sync 1 DAGs
[2025-02-04T16:32:13.889+0000] {logging_mixin.py:190} INFO - [2025-02-04T16:32:13.889+0000] {dag.py:4180} INFO - Setting next_dagrun for example_xcom to 2021-01-01 00:00:00+00:00, run_after=2021-01-01 00:00:00+00:00
[2025-02-04T16:32:13.919+0000] {processor.py:208} INFO - Processing /home/airflow/.local/lib/python3.9/site-packages/airflow/example_dags/example_xcom.py took 0.113 seconds
[2025-02-04T16:32:44.138+0000] {processor.py:186} INFO - Started process (PID=1342) to work on /home/airflow/.local/lib/python3.9/site-packages/airflow/example_dags/example_xcom.py
[2025-02-04T16:32:44.139+0000] {processor.py:914} INFO - Processing file /home/airflow/.local/lib/python3.9/site-packages/airflow/example_dags/example_xcom.py for tasks to queue
[2025-02-04T16:32:44.142+0000] {logging_mixin.py:190} INFO - [2025-02-04T16:32:44.142+0000] {dagbag.py:588} INFO - Filling up the DagBag from /home/airflow/.local/lib/python3.9/site-packages/airflow/example_dags/example_xcom.py
[2025-02-04T16:32:44.157+0000] {processor.py:925} INFO - DAG(s) 'example_xcom' retrieved from /home/airflow/.local/lib/python3.9/site-packages/airflow/example_dags/example_xcom.py
[2025-02-04T16:32:44.187+0000] {logging_mixin.py:190} INFO - [2025-02-04T16:32:44.186+0000] {dag.py:3239} INFO - Sync 1 DAGs
[2025-02-04T16:32:44.217+0000] {logging_mixin.py:190} INFO - [2025-02-04T16:32:44.217+0000] {dag.py:4180} INFO - Setting next_dagrun for example_xcom to 2021-01-01 00:00:00+00:00, run_after=2021-01-01 00:00:00+00:00
[2025-02-04T16:32:44.245+0000] {processor.py:208} INFO - Processing /home/airflow/.local/lib/python3.9/site-packages/airflow/example_dags/example_xcom.py took 0.116 seconds
[2025-02-04T16:33:15.124+0000] {processor.py:186} INFO - Started process (PID=1408) to work on /home/airflow/.local/lib/python3.9/site-packages/airflow/example_dags/example_xcom.py
[2025-02-04T16:33:15.125+0000] {processor.py:914} INFO - Processing file /home/airflow/.local/lib/python3.9/site-packages/airflow/example_dags/example_xcom.py for tasks to queue
[2025-02-04T16:33:15.128+0000] {logging_mixin.py:190} INFO - [2025-02-04T16:33:15.128+0000] {dagbag.py:588} INFO - Filling up the DagBag from /home/airflow/.local/lib/python3.9/site-packages/airflow/example_dags/example_xcom.py
[2025-02-04T16:33:15.138+0000] {processor.py:925} INFO - DAG(s) 'example_xcom' retrieved from /home/airflow/.local/lib/python3.9/site-packages/airflow/example_dags/example_xcom.py
[2025-02-04T16:33:15.161+0000] {logging_mixin.py:190} INFO - [2025-02-04T16:33:15.160+0000] {dag.py:3239} INFO - Sync 1 DAGs
[2025-02-04T16:33:15.185+0000] {logging_mixin.py:190} INFO - [2025-02-04T16:33:15.185+0000] {dag.py:4180} INFO - Setting next_dagrun for example_xcom to 2021-01-01 00:00:00+00:00, run_after=2021-01-01 00:00:00+00:00
[2025-02-04T16:33:15.213+0000] {processor.py:208} INFO - Processing /home/airflow/.local/lib/python3.9/site-packages/airflow/example_dags/example_xcom.py took 0.097 seconds
[2025-02-04T16:33:45.891+0000] {processor.py:186} INFO - Started process (PID=1472) to work on /home/airflow/.local/lib/python3.9/site-packages/airflow/example_dags/example_xcom.py
[2025-02-04T16:33:45.893+0000] {processor.py:914} INFO - Processing file /home/airflow/.local/lib/python3.9/site-packages/airflow/example_dags/example_xcom.py for tasks to queue
[2025-02-04T16:33:45.896+0000] {logging_mixin.py:190} INFO - [2025-02-04T16:33:45.896+0000] {dagbag.py:588} INFO - Filling up the DagBag from /home/airflow/.local/lib/python3.9/site-packages/airflow/example_dags/example_xcom.py
[2025-02-04T16:33:45.911+0000] {processor.py:925} INFO - DAG(s) 'example_xcom' retrieved from /home/airflow/.local/lib/python3.9/site-packages/airflow/example_dags/example_xcom.py
[2025-02-04T16:33:45.937+0000] {logging_mixin.py:190} INFO - [2025-02-04T16:33:45.937+0000] {dag.py:3239} INFO - Sync 1 DAGs
[2025-02-04T16:33:45.968+0000] {logging_mixin.py:190} INFO - [2025-02-04T16:33:45.967+0000] {dag.py:4180} INFO - Setting next_dagrun for example_xcom to 2021-01-01 00:00:00+00:00, run_after=2021-01-01 00:00:00+00:00
[2025-02-04T16:33:46.000+0000] {processor.py:208} INFO - Processing /home/airflow/.local/lib/python3.9/site-packages/airflow/example_dags/example_xcom.py took 0.116 seconds
[2025-02-04T16:34:16.729+0000] {processor.py:186} INFO - Started process (PID=1537) to work on /home/airflow/.local/lib/python3.9/site-packages/airflow/example_dags/example_xcom.py
[2025-02-04T16:34:16.730+0000] {processor.py:914} INFO - Processing file /home/airflow/.local/lib/python3.9/site-packages/airflow/example_dags/example_xcom.py for tasks to queue
[2025-02-04T16:34:16.733+0000] {logging_mixin.py:190} INFO - [2025-02-04T16:34:16.733+0000] {dagbag.py:588} INFO - Filling up the DagBag from /home/airflow/.local/lib/python3.9/site-packages/airflow/example_dags/example_xcom.py
[2025-02-04T16:34:16.742+0000] {processor.py:925} INFO - DAG(s) 'example_xcom' retrieved from /home/airflow/.local/lib/python3.9/site-packages/airflow/example_dags/example_xcom.py
[2025-02-04T16:34:16.765+0000] {logging_mixin.py:190} INFO - [2025-02-04T16:34:16.765+0000] {dag.py:3239} INFO - Sync 1 DAGs
[2025-02-04T16:34:16.788+0000] {logging_mixin.py:190} INFO - [2025-02-04T16:34:16.788+0000] {dag.py:4180} INFO - Setting next_dagrun for example_xcom to 2021-01-01 00:00:00+00:00, run_after=2021-01-01 00:00:00+00:00
[2025-02-04T16:34:16.814+0000] {processor.py:208} INFO - Processing /home/airflow/.local/lib/python3.9/site-packages/airflow/example_dags/example_xcom.py took 0.091 seconds
[2025-02-04T16:34:48.790+0000] {processor.py:186} INFO - Started process (PID=1600) to work on /home/airflow/.local/lib/python3.9/site-packages/airflow/example_dags/example_xcom.py
[2025-02-04T16:34:48.792+0000] {processor.py:914} INFO - Processing file /home/airflow/.local/lib/python3.9/site-packages/airflow/example_dags/example_xcom.py for tasks to queue
[2025-02-04T16:34:48.795+0000] {logging_mixin.py:190} INFO - [2025-02-04T16:34:48.794+0000] {dagbag.py:588} INFO - Filling up the DagBag from /home/airflow/.local/lib/python3.9/site-packages/airflow/example_dags/example_xcom.py
[2025-02-04T16:34:48.806+0000] {processor.py:925} INFO - DAG(s) 'example_xcom' retrieved from /home/airflow/.local/lib/python3.9/site-packages/airflow/example_dags/example_xcom.py
[2025-02-04T16:34:48.829+0000] {logging_mixin.py:190} INFO - [2025-02-04T16:34:48.829+0000] {dag.py:3239} INFO - Sync 1 DAGs
[2025-02-04T16:34:48.853+0000] {logging_mixin.py:190} INFO - [2025-02-04T16:34:48.852+0000] {dag.py:4180} INFO - Setting next_dagrun for example_xcom to 2021-01-01 00:00:00+00:00, run_after=2021-01-01 00:00:00+00:00
[2025-02-04T16:34:48.879+0000] {processor.py:208} INFO - Processing /home/airflow/.local/lib/python3.9/site-packages/airflow/example_dags/example_xcom.py took 0.095 seconds
[2025-02-04T16:35:19.306+0000] {processor.py:186} INFO - Started process (PID=1664) to work on /home/airflow/.local/lib/python3.9/site-packages/airflow/example_dags/example_xcom.py
[2025-02-04T16:35:19.308+0000] {processor.py:914} INFO - Processing file /home/airflow/.local/lib/python3.9/site-packages/airflow/example_dags/example_xcom.py for tasks to queue
[2025-02-04T16:35:19.310+0000] {logging_mixin.py:190} INFO - [2025-02-04T16:35:19.310+0000] {dagbag.py:588} INFO - Filling up the DagBag from /home/airflow/.local/lib/python3.9/site-packages/airflow/example_dags/example_xcom.py
[2025-02-04T16:35:19.321+0000] {processor.py:925} INFO - DAG(s) 'example_xcom' retrieved from /home/airflow/.local/lib/python3.9/site-packages/airflow/example_dags/example_xcom.py
[2025-02-04T16:35:19.345+0000] {logging_mixin.py:190} INFO - [2025-02-04T16:35:19.344+0000] {dag.py:3239} INFO - Sync 1 DAGs
[2025-02-04T16:35:19.376+0000] {logging_mixin.py:190} INFO - [2025-02-04T16:35:19.376+0000] {dag.py:4180} INFO - Setting next_dagrun for example_xcom to 2021-01-01 00:00:00+00:00, run_after=2021-01-01 00:00:00+00:00
[2025-02-04T16:35:19.402+0000] {processor.py:208} INFO - Processing /home/airflow/.local/lib/python3.9/site-packages/airflow/example_dags/example_xcom.py took 0.102 seconds
[2025-02-04T16:35:50.272+0000] {processor.py:186} INFO - Started process (PID=1728) to work on /home/airflow/.local/lib/python3.9/site-packages/airflow/example_dags/example_xcom.py
[2025-02-04T16:35:50.273+0000] {processor.py:914} INFO - Processing file /home/airflow/.local/lib/python3.9/site-packages/airflow/example_dags/example_xcom.py for tasks to queue
[2025-02-04T16:35:50.276+0000] {logging_mixin.py:190} INFO - [2025-02-04T16:35:50.276+0000] {dagbag.py:588} INFO - Filling up the DagBag from /home/airflow/.local/lib/python3.9/site-packages/airflow/example_dags/example_xcom.py
[2025-02-04T16:35:50.287+0000] {processor.py:925} INFO - DAG(s) 'example_xcom' retrieved from /home/airflow/.local/lib/python3.9/site-packages/airflow/example_dags/example_xcom.py
[2025-02-04T16:35:50.310+0000] {logging_mixin.py:190} INFO - [2025-02-04T16:35:50.310+0000] {dag.py:3239} INFO - Sync 1 DAGs
[2025-02-04T16:35:50.338+0000] {logging_mixin.py:190} INFO - [2025-02-04T16:35:50.338+0000] {dag.py:4180} INFO - Setting next_dagrun for example_xcom to 2021-01-01 00:00:00+00:00, run_after=2021-01-01 00:00:00+00:00
[2025-02-04T16:35:50.368+0000] {processor.py:208} INFO - Processing /home/airflow/.local/lib/python3.9/site-packages/airflow/example_dags/example_xcom.py took 0.105 seconds
[2025-02-04T16:36:20.628+0000] {processor.py:186} INFO - Started process (PID=1793) to work on /home/airflow/.local/lib/python3.9/site-packages/airflow/example_dags/example_xcom.py
[2025-02-04T16:36:20.629+0000] {processor.py:914} INFO - Processing file /home/airflow/.local/lib/python3.9/site-packages/airflow/example_dags/example_xcom.py for tasks to queue
[2025-02-04T16:36:20.632+0000] {logging_mixin.py:190} INFO - [2025-02-04T16:36:20.632+0000] {dagbag.py:588} INFO - Filling up the DagBag from /home/airflow/.local/lib/python3.9/site-packages/airflow/example_dags/example_xcom.py
[2025-02-04T16:36:20.643+0000] {processor.py:925} INFO - DAG(s) 'example_xcom' retrieved from /home/airflow/.local/lib/python3.9/site-packages/airflow/example_dags/example_xcom.py
[2025-02-04T16:36:20.664+0000] {logging_mixin.py:190} INFO - [2025-02-04T16:36:20.664+0000] {dag.py:3239} INFO - Sync 1 DAGs
[2025-02-04T16:36:20.687+0000] {logging_mixin.py:190} INFO - [2025-02-04T16:36:20.687+0000] {dag.py:4180} INFO - Setting next_dagrun for example_xcom to 2021-01-01 00:00:00+00:00, run_after=2021-01-01 00:00:00+00:00
[2025-02-04T16:36:20.713+0000] {processor.py:208} INFO - Processing /home/airflow/.local/lib/python3.9/site-packages/airflow/example_dags/example_xcom.py took 0.091 seconds
[2025-02-04T16:36:52.124+0000] {processor.py:186} INFO - Started process (PID=1857) to work on /home/airflow/.local/lib/python3.9/site-packages/airflow/example_dags/example_xcom.py
[2025-02-04T16:36:52.126+0000] {processor.py:914} INFO - Processing file /home/airflow/.local/lib/python3.9/site-packages/airflow/example_dags/example_xcom.py for tasks to queue
[2025-02-04T16:36:52.128+0000] {logging_mixin.py:190} INFO - [2025-02-04T16:36:52.128+0000] {dagbag.py:588} INFO - Filling up the DagBag from /home/airflow/.local/lib/python3.9/site-packages/airflow/example_dags/example_xcom.py
[2025-02-04T16:36:52.138+0000] {processor.py:925} INFO - DAG(s) 'example_xcom' retrieved from /home/airflow/.local/lib/python3.9/site-packages/airflow/example_dags/example_xcom.py
[2025-02-04T16:36:52.160+0000] {logging_mixin.py:190} INFO - [2025-02-04T16:36:52.160+0000] {dag.py:3239} INFO - Sync 1 DAGs
[2025-02-04T16:36:52.183+0000] {logging_mixin.py:190} INFO - [2025-02-04T16:36:52.183+0000] {dag.py:4180} INFO - Setting next_dagrun for example_xcom to 2021-01-01 00:00:00+00:00, run_after=2021-01-01 00:00:00+00:00
[2025-02-04T16:36:52.212+0000] {processor.py:208} INFO - Processing /home/airflow/.local/lib/python3.9/site-packages/airflow/example_dags/example_xcom.py took 0.094 seconds
[2025-02-04T16:39:25.588+0000] {processor.py:186} INFO - Started process (PID=1910) to work on /home/airflow/.local/lib/python3.9/site-packages/airflow/example_dags/example_xcom.py
[2025-02-04T16:39:25.589+0000] {processor.py:914} INFO - Processing file /home/airflow/.local/lib/python3.9/site-packages/airflow/example_dags/example_xcom.py for tasks to queue
[2025-02-04T16:39:25.591+0000] {logging_mixin.py:190} INFO - [2025-02-04T16:39:25.590+0000] {dagbag.py:588} INFO - Filling up the DagBag from /home/airflow/.local/lib/python3.9/site-packages/airflow/example_dags/example_xcom.py
[2025-02-04T16:39:25.601+0000] {processor.py:925} INFO - DAG(s) 'example_xcom' retrieved from /home/airflow/.local/lib/python3.9/site-packages/airflow/example_dags/example_xcom.py
[2025-02-04T16:39:25.628+0000] {logging_mixin.py:190} INFO - [2025-02-04T16:39:25.627+0000] {dag.py:3239} INFO - Sync 1 DAGs
[2025-02-04T16:39:25.652+0000] {logging_mixin.py:190} INFO - [2025-02-04T16:39:25.651+0000] {dag.py:4180} INFO - Setting next_dagrun for example_xcom to 2021-01-01 00:00:00+00:00, run_after=2021-01-01 00:00:00+00:00
[2025-02-04T16:39:25.678+0000] {processor.py:208} INFO - Processing /home/airflow/.local/lib/python3.9/site-packages/airflow/example_dags/example_xcom.py took 0.099 seconds
[2025-02-04T16:39:56.500+0000] {processor.py:186} INFO - Started process (PID=1974) to work on /home/airflow/.local/lib/python3.9/site-packages/airflow/example_dags/example_xcom.py
[2025-02-04T16:39:56.501+0000] {processor.py:914} INFO - Processing file /home/airflow/.local/lib/python3.9/site-packages/airflow/example_dags/example_xcom.py for tasks to queue
[2025-02-04T16:39:56.503+0000] {logging_mixin.py:190} INFO - [2025-02-04T16:39:56.502+0000] {dagbag.py:588} INFO - Filling up the DagBag from /home/airflow/.local/lib/python3.9/site-packages/airflow/example_dags/example_xcom.py
[2025-02-04T16:39:56.511+0000] {processor.py:925} INFO - DAG(s) 'example_xcom' retrieved from /home/airflow/.local/lib/python3.9/site-packages/airflow/example_dags/example_xcom.py
[2025-02-04T16:39:56.536+0000] {logging_mixin.py:190} INFO - [2025-02-04T16:39:56.536+0000] {dag.py:3239} INFO - Sync 1 DAGs
[2025-02-04T16:39:56.557+0000] {logging_mixin.py:190} INFO - [2025-02-04T16:39:56.556+0000] {dag.py:4180} INFO - Setting next_dagrun for example_xcom to 2021-01-01 00:00:00+00:00, run_after=2021-01-01 00:00:00+00:00
[2025-02-04T16:39:56.580+0000] {processor.py:208} INFO - Processing /home/airflow/.local/lib/python3.9/site-packages/airflow/example_dags/example_xcom.py took 0.086 seconds
[2025-02-04T16:40:27.623+0000] {processor.py:186} INFO - Started process (PID=2038) to work on /home/airflow/.local/lib/python3.9/site-packages/airflow/example_dags/example_xcom.py
[2025-02-04T16:40:27.624+0000] {processor.py:914} INFO - Processing file /home/airflow/.local/lib/python3.9/site-packages/airflow/example_dags/example_xcom.py for tasks to queue
[2025-02-04T16:40:27.626+0000] {logging_mixin.py:190} INFO - [2025-02-04T16:40:27.626+0000] {dagbag.py:588} INFO - Filling up the DagBag from /home/airflow/.local/lib/python3.9/site-packages/airflow/example_dags/example_xcom.py
[2025-02-04T16:40:27.638+0000] {processor.py:925} INFO - DAG(s) 'example_xcom' retrieved from /home/airflow/.local/lib/python3.9/site-packages/airflow/example_dags/example_xcom.py
[2025-02-04T16:40:27.662+0000] {logging_mixin.py:190} INFO - [2025-02-04T16:40:27.661+0000] {dag.py:3239} INFO - Sync 1 DAGs
[2025-02-04T16:40:27.685+0000] {logging_mixin.py:190} INFO - [2025-02-04T16:40:27.685+0000] {dag.py:4180} INFO - Setting next_dagrun for example_xcom to 2021-01-01 00:00:00+00:00, run_after=2021-01-01 00:00:00+00:00
[2025-02-04T16:40:27.708+0000] {processor.py:208} INFO - Processing /home/airflow/.local/lib/python3.9/site-packages/airflow/example_dags/example_xcom.py took 0.092 seconds
[2025-02-04T16:40:58.386+0000] {processor.py:186} INFO - Started process (PID=2102) to work on /home/airflow/.local/lib/python3.9/site-packages/airflow/example_dags/example_xcom.py
[2025-02-04T16:40:58.387+0000] {processor.py:914} INFO - Processing file /home/airflow/.local/lib/python3.9/site-packages/airflow/example_dags/example_xcom.py for tasks to queue
[2025-02-04T16:40:58.388+0000] {logging_mixin.py:190} INFO - [2025-02-04T16:40:58.388+0000] {dagbag.py:588} INFO - Filling up the DagBag from /home/airflow/.local/lib/python3.9/site-packages/airflow/example_dags/example_xcom.py
[2025-02-04T16:40:58.397+0000] {processor.py:925} INFO - DAG(s) 'example_xcom' retrieved from /home/airflow/.local/lib/python3.9/site-packages/airflow/example_dags/example_xcom.py
[2025-02-04T16:40:58.417+0000] {logging_mixin.py:190} INFO - [2025-02-04T16:40:58.417+0000] {dag.py:3239} INFO - Sync 1 DAGs
[2025-02-04T16:40:58.442+0000] {logging_mixin.py:190} INFO - [2025-02-04T16:40:58.441+0000] {dag.py:4180} INFO - Setting next_dagrun for example_xcom to 2021-01-01 00:00:00+00:00, run_after=2021-01-01 00:00:00+00:00
[2025-02-04T16:40:58.465+0000] {processor.py:208} INFO - Processing /home/airflow/.local/lib/python3.9/site-packages/airflow/example_dags/example_xcom.py took 0.086 seconds
[2025-02-04T16:41:29.463+0000] {processor.py:186} INFO - Started process (PID=2166) to work on /home/airflow/.local/lib/python3.9/site-packages/airflow/example_dags/example_xcom.py
[2025-02-04T16:41:29.465+0000] {processor.py:914} INFO - Processing file /home/airflow/.local/lib/python3.9/site-packages/airflow/example_dags/example_xcom.py for tasks to queue
[2025-02-04T16:41:29.466+0000] {logging_mixin.py:190} INFO - [2025-02-04T16:41:29.466+0000] {dagbag.py:588} INFO - Filling up the DagBag from /home/airflow/.local/lib/python3.9/site-packages/airflow/example_dags/example_xcom.py
[2025-02-04T16:41:29.476+0000] {processor.py:925} INFO - DAG(s) 'example_xcom' retrieved from /home/airflow/.local/lib/python3.9/site-packages/airflow/example_dags/example_xcom.py
[2025-02-04T16:41:29.498+0000] {logging_mixin.py:190} INFO - [2025-02-04T16:41:29.497+0000] {dag.py:3239} INFO - Sync 1 DAGs
[2025-02-04T16:41:29.522+0000] {logging_mixin.py:190} INFO - [2025-02-04T16:41:29.522+0000] {dag.py:4180} INFO - Setting next_dagrun for example_xcom to 2021-01-01 00:00:00+00:00, run_after=2021-01-01 00:00:00+00:00
[2025-02-04T16:41:29.550+0000] {processor.py:208} INFO - Processing /home/airflow/.local/lib/python3.9/site-packages/airflow/example_dags/example_xcom.py took 0.093 seconds
[2025-02-04T16:41:59.598+0000] {processor.py:186} INFO - Started process (PID=2229) to work on /home/airflow/.local/lib/python3.9/site-packages/airflow/example_dags/example_xcom.py
[2025-02-04T16:41:59.600+0000] {processor.py:914} INFO - Processing file /home/airflow/.local/lib/python3.9/site-packages/airflow/example_dags/example_xcom.py for tasks to queue
[2025-02-04T16:41:59.601+0000] {logging_mixin.py:190} INFO - [2025-02-04T16:41:59.601+0000] {dagbag.py:588} INFO - Filling up the DagBag from /home/airflow/.local/lib/python3.9/site-packages/airflow/example_dags/example_xcom.py
[2025-02-04T16:41:59.611+0000] {processor.py:925} INFO - DAG(s) 'example_xcom' retrieved from /home/airflow/.local/lib/python3.9/site-packages/airflow/example_dags/example_xcom.py
[2025-02-04T16:41:59.635+0000] {logging_mixin.py:190} INFO - [2025-02-04T16:41:59.634+0000] {dag.py:3239} INFO - Sync 1 DAGs
[2025-02-04T16:41:59.657+0000] {logging_mixin.py:190} INFO - [2025-02-04T16:41:59.657+0000] {dag.py:4180} INFO - Setting next_dagrun for example_xcom to 2021-01-01 00:00:00+00:00, run_after=2021-01-01 00:00:00+00:00
[2025-02-04T16:41:59.683+0000] {processor.py:208} INFO - Processing /home/airflow/.local/lib/python3.9/site-packages/airflow/example_dags/example_xcom.py took 0.091 seconds
[2025-02-04T16:42:30.314+0000] {processor.py:186} INFO - Started process (PID=2294) to work on /home/airflow/.local/lib/python3.9/site-packages/airflow/example_dags/example_xcom.py
[2025-02-04T16:42:30.315+0000] {processor.py:914} INFO - Processing file /home/airflow/.local/lib/python3.9/site-packages/airflow/example_dags/example_xcom.py for tasks to queue
[2025-02-04T16:42:30.317+0000] {logging_mixin.py:190} INFO - [2025-02-04T16:42:30.317+0000] {dagbag.py:588} INFO - Filling up the DagBag from /home/airflow/.local/lib/python3.9/site-packages/airflow/example_dags/example_xcom.py
[2025-02-04T16:42:30.330+0000] {processor.py:925} INFO - DAG(s) 'example_xcom' retrieved from /home/airflow/.local/lib/python3.9/site-packages/airflow/example_dags/example_xcom.py
[2025-02-04T16:42:30.356+0000] {logging_mixin.py:190} INFO - [2025-02-04T16:42:30.356+0000] {dag.py:3239} INFO - Sync 1 DAGs
[2025-02-04T16:42:30.381+0000] {logging_mixin.py:190} INFO - [2025-02-04T16:42:30.381+0000] {dag.py:4180} INFO - Setting next_dagrun for example_xcom to 2021-01-01 00:00:00+00:00, run_after=2021-01-01 00:00:00+00:00
[2025-02-04T16:42:30.412+0000] {processor.py:208} INFO - Processing /home/airflow/.local/lib/python3.9/site-packages/airflow/example_dags/example_xcom.py took 0.104 seconds
[2025-02-04T16:43:00.646+0000] {processor.py:186} INFO - Started process (PID=2360) to work on /home/airflow/.local/lib/python3.9/site-packages/airflow/example_dags/example_xcom.py
[2025-02-04T16:43:00.647+0000] {processor.py:914} INFO - Processing file /home/airflow/.local/lib/python3.9/site-packages/airflow/example_dags/example_xcom.py for tasks to queue
[2025-02-04T16:43:00.649+0000] {logging_mixin.py:190} INFO - [2025-02-04T16:43:00.649+0000] {dagbag.py:588} INFO - Filling up the DagBag from /home/airflow/.local/lib/python3.9/site-packages/airflow/example_dags/example_xcom.py
[2025-02-04T16:43:00.659+0000] {processor.py:925} INFO - DAG(s) 'example_xcom' retrieved from /home/airflow/.local/lib/python3.9/site-packages/airflow/example_dags/example_xcom.py
[2025-02-04T16:43:00.682+0000] {logging_mixin.py:190} INFO - [2025-02-04T16:43:00.681+0000] {dag.py:3239} INFO - Sync 1 DAGs
[2025-02-04T16:43:00.704+0000] {logging_mixin.py:190} INFO - [2025-02-04T16:43:00.704+0000] {dag.py:4180} INFO - Setting next_dagrun for example_xcom to 2021-01-01 00:00:00+00:00, run_after=2021-01-01 00:00:00+00:00
[2025-02-04T16:43:00.730+0000] {processor.py:208} INFO - Processing /home/airflow/.local/lib/python3.9/site-packages/airflow/example_dags/example_xcom.py took 0.091 seconds
[2025-02-04T16:43:31.298+0000] {processor.py:186} INFO - Started process (PID=2424) to work on /home/airflow/.local/lib/python3.9/site-packages/airflow/example_dags/example_xcom.py
[2025-02-04T16:43:31.299+0000] {processor.py:914} INFO - Processing file /home/airflow/.local/lib/python3.9/site-packages/airflow/example_dags/example_xcom.py for tasks to queue
[2025-02-04T16:43:31.301+0000] {logging_mixin.py:190} INFO - [2025-02-04T16:43:31.301+0000] {dagbag.py:588} INFO - Filling up the DagBag from /home/airflow/.local/lib/python3.9/site-packages/airflow/example_dags/example_xcom.py
[2025-02-04T16:43:31.312+0000] {processor.py:925} INFO - DAG(s) 'example_xcom' retrieved from /home/airflow/.local/lib/python3.9/site-packages/airflow/example_dags/example_xcom.py
[2025-02-04T16:43:31.339+0000] {logging_mixin.py:190} INFO - [2025-02-04T16:43:31.339+0000] {dag.py:3239} INFO - Sync 1 DAGs
[2025-02-04T16:43:31.366+0000] {logging_mixin.py:190} INFO - [2025-02-04T16:43:31.365+0000] {dag.py:4180} INFO - Setting next_dagrun for example_xcom to 2021-01-01 00:00:00+00:00, run_after=2021-01-01 00:00:00+00:00
[2025-02-04T16:43:31.396+0000] {processor.py:208} INFO - Processing /home/airflow/.local/lib/python3.9/site-packages/airflow/example_dags/example_xcom.py took 0.105 seconds
[2025-02-04T16:44:01.788+0000] {processor.py:186} INFO - Started process (PID=2488) to work on /home/airflow/.local/lib/python3.9/site-packages/airflow/example_dags/example_xcom.py
[2025-02-04T16:44:01.790+0000] {processor.py:914} INFO - Processing file /home/airflow/.local/lib/python3.9/site-packages/airflow/example_dags/example_xcom.py for tasks to queue
[2025-02-04T16:44:01.792+0000] {logging_mixin.py:190} INFO - [2025-02-04T16:44:01.791+0000] {dagbag.py:588} INFO - Filling up the DagBag from /home/airflow/.local/lib/python3.9/site-packages/airflow/example_dags/example_xcom.py
[2025-02-04T16:44:01.803+0000] {processor.py:925} INFO - DAG(s) 'example_xcom' retrieved from /home/airflow/.local/lib/python3.9/site-packages/airflow/example_dags/example_xcom.py
[2025-02-04T16:44:01.828+0000] {logging_mixin.py:190} INFO - [2025-02-04T16:44:01.827+0000] {dag.py:3239} INFO - Sync 1 DAGs
[2025-02-04T16:44:01.853+0000] {logging_mixin.py:190} INFO - [2025-02-04T16:44:01.852+0000] {dag.py:4180} INFO - Setting next_dagrun for example_xcom to 2021-01-01 00:00:00+00:00, run_after=2021-01-01 00:00:00+00:00
[2025-02-04T16:44:01.881+0000] {processor.py:208} INFO - Processing /home/airflow/.local/lib/python3.9/site-packages/airflow/example_dags/example_xcom.py took 0.101 seconds
[2025-02-04T16:44:32.013+0000] {processor.py:186} INFO - Started process (PID=2551) to work on /home/airflow/.local/lib/python3.9/site-packages/airflow/example_dags/example_xcom.py
[2025-02-04T16:44:32.014+0000] {processor.py:914} INFO - Processing file /home/airflow/.local/lib/python3.9/site-packages/airflow/example_dags/example_xcom.py for tasks to queue
[2025-02-04T16:44:32.016+0000] {logging_mixin.py:190} INFO - [2025-02-04T16:44:32.015+0000] {dagbag.py:588} INFO - Filling up the DagBag from /home/airflow/.local/lib/python3.9/site-packages/airflow/example_dags/example_xcom.py
[2025-02-04T16:44:32.029+0000] {processor.py:925} INFO - DAG(s) 'example_xcom' retrieved from /home/airflow/.local/lib/python3.9/site-packages/airflow/example_dags/example_xcom.py
[2025-02-04T16:44:32.053+0000] {logging_mixin.py:190} INFO - [2025-02-04T16:44:32.053+0000] {dag.py:3239} INFO - Sync 1 DAGs
[2025-02-04T16:44:32.078+0000] {logging_mixin.py:190} INFO - [2025-02-04T16:44:32.078+0000] {dag.py:4180} INFO - Setting next_dagrun for example_xcom to 2021-01-01 00:00:00+00:00, run_after=2021-01-01 00:00:00+00:00
[2025-02-04T16:44:32.135+0000] {processor.py:208} INFO - Processing /home/airflow/.local/lib/python3.9/site-packages/airflow/example_dags/example_xcom.py took 0.128 seconds
[2025-02-04T16:45:02.734+0000] {processor.py:186} INFO - Started process (PID=2615) to work on /home/airflow/.local/lib/python3.9/site-packages/airflow/example_dags/example_xcom.py
[2025-02-04T16:45:02.736+0000] {processor.py:914} INFO - Processing file /home/airflow/.local/lib/python3.9/site-packages/airflow/example_dags/example_xcom.py for tasks to queue
[2025-02-04T16:45:02.737+0000] {logging_mixin.py:190} INFO - [2025-02-04T16:45:02.737+0000] {dagbag.py:588} INFO - Filling up the DagBag from /home/airflow/.local/lib/python3.9/site-packages/airflow/example_dags/example_xcom.py
[2025-02-04T16:45:02.748+0000] {processor.py:925} INFO - DAG(s) 'example_xcom' retrieved from /home/airflow/.local/lib/python3.9/site-packages/airflow/example_dags/example_xcom.py
[2025-02-04T16:45:02.771+0000] {logging_mixin.py:190} INFO - [2025-02-04T16:45:02.771+0000] {dag.py:3239} INFO - Sync 1 DAGs
[2025-02-04T16:45:02.792+0000] {logging_mixin.py:190} INFO - [2025-02-04T16:45:02.792+0000] {dag.py:4180} INFO - Setting next_dagrun for example_xcom to 2021-01-01 00:00:00+00:00, run_after=2021-01-01 00:00:00+00:00
[2025-02-04T16:45:02.819+0000] {processor.py:208} INFO - Processing /home/airflow/.local/lib/python3.9/site-packages/airflow/example_dags/example_xcom.py took 0.093 seconds
[2025-02-04T16:45:33.271+0000] {processor.py:186} INFO - Started process (PID=2687) to work on /home/airflow/.local/lib/python3.9/site-packages/airflow/example_dags/example_xcom.py
[2025-02-04T16:45:33.272+0000] {processor.py:914} INFO - Processing file /home/airflow/.local/lib/python3.9/site-packages/airflow/example_dags/example_xcom.py for tasks to queue
[2025-02-04T16:45:33.274+0000] {logging_mixin.py:190} INFO - [2025-02-04T16:45:33.274+0000] {dagbag.py:588} INFO - Filling up the DagBag from /home/airflow/.local/lib/python3.9/site-packages/airflow/example_dags/example_xcom.py
[2025-02-04T16:45:33.284+0000] {processor.py:925} INFO - DAG(s) 'example_xcom' retrieved from /home/airflow/.local/lib/python3.9/site-packages/airflow/example_dags/example_xcom.py
[2025-02-04T16:45:33.306+0000] {logging_mixin.py:190} INFO - [2025-02-04T16:45:33.306+0000] {dag.py:3239} INFO - Sync 1 DAGs
[2025-02-04T16:45:33.333+0000] {logging_mixin.py:190} INFO - [2025-02-04T16:45:33.332+0000] {dag.py:4180} INFO - Setting next_dagrun for example_xcom to 2021-01-01 00:00:00+00:00, run_after=2021-01-01 00:00:00+00:00
[2025-02-04T16:45:33.358+0000] {processor.py:208} INFO - Processing /home/airflow/.local/lib/python3.9/site-packages/airflow/example_dags/example_xcom.py took 0.094 seconds
[2025-02-04T16:46:05.492+0000] {processor.py:186} INFO - Started process (PID=2749) to work on /home/airflow/.local/lib/python3.9/site-packages/airflow/example_dags/example_xcom.py
[2025-02-04T16:46:05.493+0000] {processor.py:914} INFO - Processing file /home/airflow/.local/lib/python3.9/site-packages/airflow/example_dags/example_xcom.py for tasks to queue
[2025-02-04T16:46:05.495+0000] {logging_mixin.py:190} INFO - [2025-02-04T16:46:05.495+0000] {dagbag.py:588} INFO - Filling up the DagBag from /home/airflow/.local/lib/python3.9/site-packages/airflow/example_dags/example_xcom.py
[2025-02-04T16:46:05.505+0000] {processor.py:925} INFO - DAG(s) 'example_xcom' retrieved from /home/airflow/.local/lib/python3.9/site-packages/airflow/example_dags/example_xcom.py
[2025-02-04T16:46:05.529+0000] {logging_mixin.py:190} INFO - [2025-02-04T16:46:05.528+0000] {dag.py:3239} INFO - Sync 1 DAGs
[2025-02-04T16:46:05.557+0000] {logging_mixin.py:190} INFO - [2025-02-04T16:46:05.556+0000] {dag.py:4180} INFO - Setting next_dagrun for example_xcom to 2021-01-01 00:00:00+00:00, run_after=2021-01-01 00:00:00+00:00
[2025-02-04T16:46:05.583+0000] {processor.py:208} INFO - Processing /home/airflow/.local/lib/python3.9/site-packages/airflow/example_dags/example_xcom.py took 0.098 seconds
[2025-02-04T16:46:35.802+0000] {processor.py:186} INFO - Started process (PID=2812) to work on /home/airflow/.local/lib/python3.9/site-packages/airflow/example_dags/example_xcom.py
[2025-02-04T16:46:35.803+0000] {processor.py:914} INFO - Processing file /home/airflow/.local/lib/python3.9/site-packages/airflow/example_dags/example_xcom.py for tasks to queue
[2025-02-04T16:46:35.805+0000] {logging_mixin.py:190} INFO - [2025-02-04T16:46:35.804+0000] {dagbag.py:588} INFO - Filling up the DagBag from /home/airflow/.local/lib/python3.9/site-packages/airflow/example_dags/example_xcom.py
[2025-02-04T16:46:35.815+0000] {processor.py:925} INFO - DAG(s) 'example_xcom' retrieved from /home/airflow/.local/lib/python3.9/site-packages/airflow/example_dags/example_xcom.py
[2025-02-04T16:46:35.840+0000] {logging_mixin.py:190} INFO - [2025-02-04T16:46:35.840+0000] {dag.py:3239} INFO - Sync 1 DAGs
[2025-02-04T16:46:35.871+0000] {logging_mixin.py:190} INFO - [2025-02-04T16:46:35.871+0000] {dag.py:4180} INFO - Setting next_dagrun for example_xcom to 2021-01-01 00:00:00+00:00, run_after=2021-01-01 00:00:00+00:00
[2025-02-04T16:46:35.899+0000] {processor.py:208} INFO - Processing /home/airflow/.local/lib/python3.9/site-packages/airflow/example_dags/example_xcom.py took 0.105 seconds
[2025-02-04T16:47:11.121+0000] {processor.py:186} INFO - Started process (PID=2880) to work on /home/airflow/.local/lib/python3.9/site-packages/airflow/example_dags/example_xcom.py
[2025-02-04T16:47:11.123+0000] {processor.py:914} INFO - Processing file /home/airflow/.local/lib/python3.9/site-packages/airflow/example_dags/example_xcom.py for tasks to queue
[2025-02-04T16:47:11.125+0000] {logging_mixin.py:190} INFO - [2025-02-04T16:47:11.124+0000] {dagbag.py:588} INFO - Filling up the DagBag from /home/airflow/.local/lib/python3.9/site-packages/airflow/example_dags/example_xcom.py
[2025-02-04T16:47:11.136+0000] {processor.py:925} INFO - DAG(s) 'example_xcom' retrieved from /home/airflow/.local/lib/python3.9/site-packages/airflow/example_dags/example_xcom.py
[2025-02-04T16:47:11.158+0000] {logging_mixin.py:190} INFO - [2025-02-04T16:47:11.158+0000] {dag.py:3239} INFO - Sync 1 DAGs
[2025-02-04T16:47:11.239+0000] {logging_mixin.py:190} INFO - [2025-02-04T16:47:11.239+0000] {dag.py:4180} INFO - Setting next_dagrun for example_xcom to 2021-01-01 00:00:00+00:00, run_after=2021-01-01 00:00:00+00:00
[2025-02-04T16:47:11.263+0000] {processor.py:208} INFO - Processing /home/airflow/.local/lib/python3.9/site-packages/airflow/example_dags/example_xcom.py took 0.149 seconds
[2025-02-04T16:47:51.808+0000] {processor.py:186} INFO - Started process (PID=2944) to work on /home/airflow/.local/lib/python3.9/site-packages/airflow/example_dags/example_xcom.py
[2025-02-04T16:47:51.810+0000] {processor.py:914} INFO - Processing file /home/airflow/.local/lib/python3.9/site-packages/airflow/example_dags/example_xcom.py for tasks to queue
[2025-02-04T16:47:51.812+0000] {logging_mixin.py:190} INFO - [2025-02-04T16:47:51.812+0000] {dagbag.py:588} INFO - Filling up the DagBag from /home/airflow/.local/lib/python3.9/site-packages/airflow/example_dags/example_xcom.py
[2025-02-04T16:47:51.826+0000] {processor.py:925} INFO - DAG(s) 'example_xcom' retrieved from /home/airflow/.local/lib/python3.9/site-packages/airflow/example_dags/example_xcom.py
[2025-02-04T16:47:51.854+0000] {logging_mixin.py:190} INFO - [2025-02-04T16:47:51.854+0000] {dag.py:3239} INFO - Sync 1 DAGs
[2025-02-04T16:47:51.883+0000] {logging_mixin.py:190} INFO - [2025-02-04T16:47:51.883+0000] {dag.py:4180} INFO - Setting next_dagrun for example_xcom to 2021-01-01 00:00:00+00:00, run_after=2021-01-01 00:00:00+00:00
[2025-02-04T16:47:51.914+0000] {processor.py:208} INFO - Processing /home/airflow/.local/lib/python3.9/site-packages/airflow/example_dags/example_xcom.py took 0.113 seconds
[2025-02-04T16:48:22.248+0000] {processor.py:186} INFO - Started process (PID=3009) to work on /home/airflow/.local/lib/python3.9/site-packages/airflow/example_dags/example_xcom.py
[2025-02-04T16:48:22.249+0000] {processor.py:914} INFO - Processing file /home/airflow/.local/lib/python3.9/site-packages/airflow/example_dags/example_xcom.py for tasks to queue
[2025-02-04T16:48:22.251+0000] {logging_mixin.py:190} INFO - [2025-02-04T16:48:22.251+0000] {dagbag.py:588} INFO - Filling up the DagBag from /home/airflow/.local/lib/python3.9/site-packages/airflow/example_dags/example_xcom.py
[2025-02-04T16:48:22.261+0000] {processor.py:925} INFO - DAG(s) 'example_xcom' retrieved from /home/airflow/.local/lib/python3.9/site-packages/airflow/example_dags/example_xcom.py
[2025-02-04T16:48:22.289+0000] {logging_mixin.py:190} INFO - [2025-02-04T16:48:22.289+0000] {dag.py:3239} INFO - Sync 1 DAGs
[2025-02-04T16:48:22.317+0000] {logging_mixin.py:190} INFO - [2025-02-04T16:48:22.316+0000] {dag.py:4180} INFO - Setting next_dagrun for example_xcom to 2021-01-01 00:00:00+00:00, run_after=2021-01-01 00:00:00+00:00
[2025-02-04T16:48:22.346+0000] {processor.py:208} INFO - Processing /home/airflow/.local/lib/python3.9/site-packages/airflow/example_dags/example_xcom.py took 0.104 seconds
[2025-02-04T16:48:52.382+0000] {processor.py:186} INFO - Started process (PID=3072) to work on /home/airflow/.local/lib/python3.9/site-packages/airflow/example_dags/example_xcom.py
[2025-02-04T16:48:52.386+0000] {processor.py:914} INFO - Processing file /home/airflow/.local/lib/python3.9/site-packages/airflow/example_dags/example_xcom.py for tasks to queue
[2025-02-04T16:48:52.387+0000] {logging_mixin.py:190} INFO - [2025-02-04T16:48:52.387+0000] {dagbag.py:588} INFO - Filling up the DagBag from /home/airflow/.local/lib/python3.9/site-packages/airflow/example_dags/example_xcom.py
[2025-02-04T16:48:52.396+0000] {processor.py:925} INFO - DAG(s) 'example_xcom' retrieved from /home/airflow/.local/lib/python3.9/site-packages/airflow/example_dags/example_xcom.py
[2025-02-04T16:48:52.425+0000] {logging_mixin.py:190} INFO - [2025-02-04T16:48:52.425+0000] {dag.py:3239} INFO - Sync 1 DAGs
[2025-02-04T16:48:52.455+0000] {logging_mixin.py:190} INFO - [2025-02-04T16:48:52.454+0000] {dag.py:4180} INFO - Setting next_dagrun for example_xcom to 2021-01-01 00:00:00+00:00, run_after=2021-01-01 00:00:00+00:00
[2025-02-04T16:48:52.488+0000] {processor.py:208} INFO - Processing /home/airflow/.local/lib/python3.9/site-packages/airflow/example_dags/example_xcom.py took 0.111 seconds
[2025-02-04T16:49:22.860+0000] {processor.py:186} INFO - Started process (PID=3144) to work on /home/airflow/.local/lib/python3.9/site-packages/airflow/example_dags/example_xcom.py
[2025-02-04T16:49:22.862+0000] {processor.py:914} INFO - Processing file /home/airflow/.local/lib/python3.9/site-packages/airflow/example_dags/example_xcom.py for tasks to queue
[2025-02-04T16:49:22.863+0000] {logging_mixin.py:190} INFO - [2025-02-04T16:49:22.863+0000] {dagbag.py:588} INFO - Filling up the DagBag from /home/airflow/.local/lib/python3.9/site-packages/airflow/example_dags/example_xcom.py
[2025-02-04T16:49:22.873+0000] {processor.py:925} INFO - DAG(s) 'example_xcom' retrieved from /home/airflow/.local/lib/python3.9/site-packages/airflow/example_dags/example_xcom.py
[2025-02-04T16:49:22.898+0000] {logging_mixin.py:190} INFO - [2025-02-04T16:49:22.897+0000] {dag.py:3239} INFO - Sync 1 DAGs
[2025-02-04T16:49:22.921+0000] {logging_mixin.py:190} INFO - [2025-02-04T16:49:22.921+0000] {dag.py:4180} INFO - Setting next_dagrun for example_xcom to 2021-01-01 00:00:00+00:00, run_after=2021-01-01 00:00:00+00:00
[2025-02-04T16:49:22.945+0000] {processor.py:208} INFO - Processing /home/airflow/.local/lib/python3.9/site-packages/airflow/example_dags/example_xcom.py took 0.092 seconds
[2025-02-04T16:49:53.024+0000] {processor.py:186} INFO - Started process (PID=3208) to work on /home/airflow/.local/lib/python3.9/site-packages/airflow/example_dags/example_xcom.py
[2025-02-04T16:49:53.025+0000] {processor.py:914} INFO - Processing file /home/airflow/.local/lib/python3.9/site-packages/airflow/example_dags/example_xcom.py for tasks to queue
[2025-02-04T16:49:53.026+0000] {logging_mixin.py:190} INFO - [2025-02-04T16:49:53.026+0000] {dagbag.py:588} INFO - Filling up the DagBag from /home/airflow/.local/lib/python3.9/site-packages/airflow/example_dags/example_xcom.py
[2025-02-04T16:49:53.036+0000] {processor.py:925} INFO - DAG(s) 'example_xcom' retrieved from /home/airflow/.local/lib/python3.9/site-packages/airflow/example_dags/example_xcom.py
[2025-02-04T16:49:53.059+0000] {logging_mixin.py:190} INFO - [2025-02-04T16:49:53.059+0000] {dag.py:3239} INFO - Sync 1 DAGs
[2025-02-04T16:49:53.083+0000] {logging_mixin.py:190} INFO - [2025-02-04T16:49:53.082+0000] {dag.py:4180} INFO - Setting next_dagrun for example_xcom to 2021-01-01 00:00:00+00:00, run_after=2021-01-01 00:00:00+00:00
[2025-02-04T16:49:53.109+0000] {processor.py:208} INFO - Processing /home/airflow/.local/lib/python3.9/site-packages/airflow/example_dags/example_xcom.py took 0.092 seconds
