[2025-02-04T16:22:59.993+0000] {processor.py:186} INFO - Started process (PID=127) to work on /home/airflow/.local/lib/python3.9/site-packages/airflow/example_dags/example_time_delta_sensor_async.py
[2025-02-04T16:22:59.995+0000] {processor.py:914} INFO - Processing file /home/airflow/.local/lib/python3.9/site-packages/airflow/example_dags/example_time_delta_sensor_async.py for tasks to queue
[2025-02-04T16:22:59.999+0000] {logging_mixin.py:190} INFO - [2025-02-04T16:22:59.998+0000] {dagbag.py:588} INFO - Filling up the DagBag from /home/airflow/.local/lib/python3.9/site-packages/airflow/example_dags/example_time_delta_sensor_async.py
[2025-02-04T16:23:00.047+0000] {processor.py:925} INFO - DAG(s) 'example_time_delta_sensor_async' retrieved from /home/airflow/.local/lib/python3.9/site-packages/airflow/example_dags/example_time_delta_sensor_async.py
[2025-02-04T16:23:00.167+0000] {logging_mixin.py:190} INFO - [2025-02-04T16:23:00.166+0000] {override.py:1912} INFO - Created Permission View: can delete on DAG:example_time_delta_sensor_async
[2025-02-04T16:23:00.184+0000] {logging_mixin.py:190} INFO - [2025-02-04T16:23:00.183+0000] {override.py:1912} INFO - Created Permission View: can edit on DAG:example_time_delta_sensor_async
[2025-02-04T16:23:00.199+0000] {logging_mixin.py:190} INFO - [2025-02-04T16:23:00.198+0000] {override.py:1912} INFO - Created Permission View: can read on DAG:example_time_delta_sensor_async
[2025-02-04T16:23:00.220+0000] {logging_mixin.py:190} INFO - [2025-02-04T16:23:00.219+0000] {override.py:1912} INFO - Created Permission View: can delete on DAG Run:example_time_delta_sensor_async
[2025-02-04T16:23:00.237+0000] {logging_mixin.py:190} INFO - [2025-02-04T16:23:00.236+0000] {override.py:1912} INFO - Created Permission View: menu access on DAG Run:example_time_delta_sensor_async
[2025-02-04T16:23:00.248+0000] {logging_mixin.py:190} INFO - [2025-02-04T16:23:00.248+0000] {override.py:1912} INFO - Created Permission View: can read on DAG Run:example_time_delta_sensor_async
[2025-02-04T16:23:00.259+0000] {logging_mixin.py:190} INFO - [2025-02-04T16:23:00.259+0000] {override.py:1912} INFO - Created Permission View: can create on DAG Run:example_time_delta_sensor_async
[2025-02-04T16:23:00.260+0000] {logging_mixin.py:190} INFO - [2025-02-04T16:23:00.260+0000] {dag.py:3239} INFO - Sync 1 DAGs
[2025-02-04T16:23:00.276+0000] {logging_mixin.py:190} INFO - [2025-02-04T16:23:00.275+0000] {dag.py:3262} INFO - Creating ORM DAG for example_time_delta_sensor_async
[2025-02-04T16:23:00.277+0000] {logging_mixin.py:190} INFO - [2025-02-04T16:23:00.276+0000] {dag.py:4180} INFO - Setting next_dagrun for example_time_delta_sensor_async to None, run_after=None
[2025-02-04T16:23:00.301+0000] {processor.py:208} INFO - Processing /home/airflow/.local/lib/python3.9/site-packages/airflow/example_dags/example_time_delta_sensor_async.py took 0.315 seconds
[2025-02-04T16:23:34.487+0000] {processor.py:186} INFO - Started process (PID=191) to work on /home/airflow/.local/lib/python3.9/site-packages/airflow/example_dags/example_time_delta_sensor_async.py
[2025-02-04T16:23:34.488+0000] {processor.py:914} INFO - Processing file /home/airflow/.local/lib/python3.9/site-packages/airflow/example_dags/example_time_delta_sensor_async.py for tasks to queue
[2025-02-04T16:23:34.492+0000] {logging_mixin.py:190} INFO - [2025-02-04T16:23:34.491+0000] {dagbag.py:588} INFO - Filling up the DagBag from /home/airflow/.local/lib/python3.9/site-packages/airflow/example_dags/example_time_delta_sensor_async.py
[2025-02-04T16:23:34.499+0000] {processor.py:925} INFO - DAG(s) 'example_time_delta_sensor_async' retrieved from /home/airflow/.local/lib/python3.9/site-packages/airflow/example_dags/example_time_delta_sensor_async.py
[2025-02-04T16:23:34.519+0000] {logging_mixin.py:190} INFO - [2025-02-04T16:23:34.519+0000] {dag.py:3239} INFO - Sync 1 DAGs
[2025-02-04T16:23:34.532+0000] {logging_mixin.py:190} INFO - [2025-02-04T16:23:34.532+0000] {dag.py:4180} INFO - Setting next_dagrun for example_time_delta_sensor_async to None, run_after=None
[2025-02-04T16:23:34.558+0000] {processor.py:208} INFO - Processing /home/airflow/.local/lib/python3.9/site-packages/airflow/example_dags/example_time_delta_sensor_async.py took 0.077 seconds
[2025-02-04T16:24:04.883+0000] {processor.py:186} INFO - Started process (PID=253) to work on /home/airflow/.local/lib/python3.9/site-packages/airflow/example_dags/example_time_delta_sensor_async.py
[2025-02-04T16:24:04.885+0000] {processor.py:914} INFO - Processing file /home/airflow/.local/lib/python3.9/site-packages/airflow/example_dags/example_time_delta_sensor_async.py for tasks to queue
[2025-02-04T16:24:04.888+0000] {logging_mixin.py:190} INFO - [2025-02-04T16:24:04.888+0000] {dagbag.py:588} INFO - Filling up the DagBag from /home/airflow/.local/lib/python3.9/site-packages/airflow/example_dags/example_time_delta_sensor_async.py
[2025-02-04T16:24:04.897+0000] {processor.py:925} INFO - DAG(s) 'example_time_delta_sensor_async' retrieved from /home/airflow/.local/lib/python3.9/site-packages/airflow/example_dags/example_time_delta_sensor_async.py
[2025-02-04T16:24:04.920+0000] {logging_mixin.py:190} INFO - [2025-02-04T16:24:04.920+0000] {dag.py:3239} INFO - Sync 1 DAGs
[2025-02-04T16:24:04.938+0000] {logging_mixin.py:190} INFO - [2025-02-04T16:24:04.937+0000] {dag.py:4180} INFO - Setting next_dagrun for example_time_delta_sensor_async to None, run_after=None
[2025-02-04T16:24:04.966+0000] {processor.py:208} INFO - Processing /home/airflow/.local/lib/python3.9/site-packages/airflow/example_dags/example_time_delta_sensor_async.py took 0.090 seconds
[2025-02-04T16:24:35.723+0000] {processor.py:186} INFO - Started process (PID=317) to work on /home/airflow/.local/lib/python3.9/site-packages/airflow/example_dags/example_time_delta_sensor_async.py
[2025-02-04T16:24:35.724+0000] {processor.py:914} INFO - Processing file /home/airflow/.local/lib/python3.9/site-packages/airflow/example_dags/example_time_delta_sensor_async.py for tasks to queue
[2025-02-04T16:24:35.728+0000] {logging_mixin.py:190} INFO - [2025-02-04T16:24:35.728+0000] {dagbag.py:588} INFO - Filling up the DagBag from /home/airflow/.local/lib/python3.9/site-packages/airflow/example_dags/example_time_delta_sensor_async.py
[2025-02-04T16:24:35.735+0000] {processor.py:925} INFO - DAG(s) 'example_time_delta_sensor_async' retrieved from /home/airflow/.local/lib/python3.9/site-packages/airflow/example_dags/example_time_delta_sensor_async.py
[2025-02-04T16:24:35.759+0000] {logging_mixin.py:190} INFO - [2025-02-04T16:24:35.759+0000] {dag.py:3239} INFO - Sync 1 DAGs
[2025-02-04T16:24:35.776+0000] {logging_mixin.py:190} INFO - [2025-02-04T16:24:35.775+0000] {dag.py:4180} INFO - Setting next_dagrun for example_time_delta_sensor_async to None, run_after=None
[2025-02-04T16:24:35.805+0000] {processor.py:208} INFO - Processing /home/airflow/.local/lib/python3.9/site-packages/airflow/example_dags/example_time_delta_sensor_async.py took 0.089 seconds
[2025-02-04T16:25:06.380+0000] {processor.py:186} INFO - Started process (PID=381) to work on /home/airflow/.local/lib/python3.9/site-packages/airflow/example_dags/example_time_delta_sensor_async.py
[2025-02-04T16:25:06.382+0000] {processor.py:914} INFO - Processing file /home/airflow/.local/lib/python3.9/site-packages/airflow/example_dags/example_time_delta_sensor_async.py for tasks to queue
[2025-02-04T16:25:06.385+0000] {logging_mixin.py:190} INFO - [2025-02-04T16:25:06.384+0000] {dagbag.py:588} INFO - Filling up the DagBag from /home/airflow/.local/lib/python3.9/site-packages/airflow/example_dags/example_time_delta_sensor_async.py
[2025-02-04T16:25:06.395+0000] {processor.py:925} INFO - DAG(s) 'example_time_delta_sensor_async' retrieved from /home/airflow/.local/lib/python3.9/site-packages/airflow/example_dags/example_time_delta_sensor_async.py
[2025-02-04T16:25:06.420+0000] {logging_mixin.py:190} INFO - [2025-02-04T16:25:06.419+0000] {dag.py:3239} INFO - Sync 1 DAGs
[2025-02-04T16:25:06.434+0000] {logging_mixin.py:190} INFO - [2025-02-04T16:25:06.434+0000] {dag.py:4180} INFO - Setting next_dagrun for example_time_delta_sensor_async to None, run_after=None
[2025-02-04T16:25:06.462+0000] {processor.py:208} INFO - Processing /home/airflow/.local/lib/python3.9/site-packages/airflow/example_dags/example_time_delta_sensor_async.py took 0.089 seconds
[2025-02-04T16:25:36.783+0000] {processor.py:186} INFO - Started process (PID=445) to work on /home/airflow/.local/lib/python3.9/site-packages/airflow/example_dags/example_time_delta_sensor_async.py
[2025-02-04T16:25:36.784+0000] {processor.py:914} INFO - Processing file /home/airflow/.local/lib/python3.9/site-packages/airflow/example_dags/example_time_delta_sensor_async.py for tasks to queue
[2025-02-04T16:25:36.789+0000] {logging_mixin.py:190} INFO - [2025-02-04T16:25:36.788+0000] {dagbag.py:588} INFO - Filling up the DagBag from /home/airflow/.local/lib/python3.9/site-packages/airflow/example_dags/example_time_delta_sensor_async.py
[2025-02-04T16:25:36.799+0000] {processor.py:925} INFO - DAG(s) 'example_time_delta_sensor_async' retrieved from /home/airflow/.local/lib/python3.9/site-packages/airflow/example_dags/example_time_delta_sensor_async.py
[2025-02-04T16:25:36.823+0000] {logging_mixin.py:190} INFO - [2025-02-04T16:25:36.823+0000] {dag.py:3239} INFO - Sync 1 DAGs
[2025-02-04T16:25:36.841+0000] {logging_mixin.py:190} INFO - [2025-02-04T16:25:36.841+0000] {dag.py:4180} INFO - Setting next_dagrun for example_time_delta_sensor_async to None, run_after=None
[2025-02-04T16:25:36.877+0000] {processor.py:208} INFO - Processing /home/airflow/.local/lib/python3.9/site-packages/airflow/example_dags/example_time_delta_sensor_async.py took 0.102 seconds
[2025-02-04T16:26:07.101+0000] {processor.py:186} INFO - Started process (PID=516) to work on /home/airflow/.local/lib/python3.9/site-packages/airflow/example_dags/example_time_delta_sensor_async.py
[2025-02-04T16:26:07.102+0000] {processor.py:914} INFO - Processing file /home/airflow/.local/lib/python3.9/site-packages/airflow/example_dags/example_time_delta_sensor_async.py for tasks to queue
[2025-02-04T16:26:07.106+0000] {logging_mixin.py:190} INFO - [2025-02-04T16:26:07.106+0000] {dagbag.py:588} INFO - Filling up the DagBag from /home/airflow/.local/lib/python3.9/site-packages/airflow/example_dags/example_time_delta_sensor_async.py
[2025-02-04T16:26:07.114+0000] {processor.py:925} INFO - DAG(s) 'example_time_delta_sensor_async' retrieved from /home/airflow/.local/lib/python3.9/site-packages/airflow/example_dags/example_time_delta_sensor_async.py
[2025-02-04T16:26:07.136+0000] {logging_mixin.py:190} INFO - [2025-02-04T16:26:07.136+0000] {dag.py:3239} INFO - Sync 1 DAGs
[2025-02-04T16:26:07.151+0000] {logging_mixin.py:190} INFO - [2025-02-04T16:26:07.151+0000] {dag.py:4180} INFO - Setting next_dagrun for example_time_delta_sensor_async to None, run_after=None
[2025-02-04T16:26:07.179+0000] {processor.py:208} INFO - Processing /home/airflow/.local/lib/python3.9/site-packages/airflow/example_dags/example_time_delta_sensor_async.py took 0.085 seconds
[2025-02-04T16:26:38.558+0000] {processor.py:186} INFO - Started process (PID=580) to work on /home/airflow/.local/lib/python3.9/site-packages/airflow/example_dags/example_time_delta_sensor_async.py
[2025-02-04T16:26:38.560+0000] {processor.py:914} INFO - Processing file /home/airflow/.local/lib/python3.9/site-packages/airflow/example_dags/example_time_delta_sensor_async.py for tasks to queue
[2025-02-04T16:26:38.563+0000] {logging_mixin.py:190} INFO - [2025-02-04T16:26:38.563+0000] {dagbag.py:588} INFO - Filling up the DagBag from /home/airflow/.local/lib/python3.9/site-packages/airflow/example_dags/example_time_delta_sensor_async.py
[2025-02-04T16:26:38.570+0000] {processor.py:925} INFO - DAG(s) 'example_time_delta_sensor_async' retrieved from /home/airflow/.local/lib/python3.9/site-packages/airflow/example_dags/example_time_delta_sensor_async.py
[2025-02-04T16:26:38.594+0000] {logging_mixin.py:190} INFO - [2025-02-04T16:26:38.593+0000] {dag.py:3239} INFO - Sync 1 DAGs
[2025-02-04T16:26:38.609+0000] {logging_mixin.py:190} INFO - [2025-02-04T16:26:38.609+0000] {dag.py:4180} INFO - Setting next_dagrun for example_time_delta_sensor_async to None, run_after=None
[2025-02-04T16:26:38.637+0000] {processor.py:208} INFO - Processing /home/airflow/.local/lib/python3.9/site-packages/airflow/example_dags/example_time_delta_sensor_async.py took 0.086 seconds
[2025-02-04T16:27:09.533+0000] {processor.py:186} INFO - Started process (PID=644) to work on /home/airflow/.local/lib/python3.9/site-packages/airflow/example_dags/example_time_delta_sensor_async.py
[2025-02-04T16:27:09.534+0000] {processor.py:914} INFO - Processing file /home/airflow/.local/lib/python3.9/site-packages/airflow/example_dags/example_time_delta_sensor_async.py for tasks to queue
[2025-02-04T16:27:09.537+0000] {logging_mixin.py:190} INFO - [2025-02-04T16:27:09.537+0000] {dagbag.py:588} INFO - Filling up the DagBag from /home/airflow/.local/lib/python3.9/site-packages/airflow/example_dags/example_time_delta_sensor_async.py
[2025-02-04T16:27:09.544+0000] {processor.py:925} INFO - DAG(s) 'example_time_delta_sensor_async' retrieved from /home/airflow/.local/lib/python3.9/site-packages/airflow/example_dags/example_time_delta_sensor_async.py
[2025-02-04T16:27:09.564+0000] {logging_mixin.py:190} INFO - [2025-02-04T16:27:09.564+0000] {dag.py:3239} INFO - Sync 1 DAGs
[2025-02-04T16:27:09.578+0000] {logging_mixin.py:190} INFO - [2025-02-04T16:27:09.578+0000] {dag.py:4180} INFO - Setting next_dagrun for example_time_delta_sensor_async to None, run_after=None
[2025-02-04T16:27:09.604+0000] {processor.py:208} INFO - Processing /home/airflow/.local/lib/python3.9/site-packages/airflow/example_dags/example_time_delta_sensor_async.py took 0.078 seconds
[2025-02-04T16:27:40.304+0000] {processor.py:186} INFO - Started process (PID=708) to work on /home/airflow/.local/lib/python3.9/site-packages/airflow/example_dags/example_time_delta_sensor_async.py
[2025-02-04T16:27:40.306+0000] {processor.py:914} INFO - Processing file /home/airflow/.local/lib/python3.9/site-packages/airflow/example_dags/example_time_delta_sensor_async.py for tasks to queue
[2025-02-04T16:27:40.308+0000] {logging_mixin.py:190} INFO - [2025-02-04T16:27:40.308+0000] {dagbag.py:588} INFO - Filling up the DagBag from /home/airflow/.local/lib/python3.9/site-packages/airflow/example_dags/example_time_delta_sensor_async.py
[2025-02-04T16:27:40.315+0000] {processor.py:925} INFO - DAG(s) 'example_time_delta_sensor_async' retrieved from /home/airflow/.local/lib/python3.9/site-packages/airflow/example_dags/example_time_delta_sensor_async.py
[2025-02-04T16:27:40.338+0000] {logging_mixin.py:190} INFO - [2025-02-04T16:27:40.338+0000] {dag.py:3239} INFO - Sync 1 DAGs
[2025-02-04T16:27:40.353+0000] {logging_mixin.py:190} INFO - [2025-02-04T16:27:40.353+0000] {dag.py:4180} INFO - Setting next_dagrun for example_time_delta_sensor_async to None, run_after=None
[2025-02-04T16:27:40.382+0000] {processor.py:208} INFO - Processing /home/airflow/.local/lib/python3.9/site-packages/airflow/example_dags/example_time_delta_sensor_async.py took 0.085 seconds
[2025-02-04T16:28:11.072+0000] {processor.py:186} INFO - Started process (PID=772) to work on /home/airflow/.local/lib/python3.9/site-packages/airflow/example_dags/example_time_delta_sensor_async.py
[2025-02-04T16:28:11.074+0000] {processor.py:914} INFO - Processing file /home/airflow/.local/lib/python3.9/site-packages/airflow/example_dags/example_time_delta_sensor_async.py for tasks to queue
[2025-02-04T16:28:11.077+0000] {logging_mixin.py:190} INFO - [2025-02-04T16:28:11.077+0000] {dagbag.py:588} INFO - Filling up the DagBag from /home/airflow/.local/lib/python3.9/site-packages/airflow/example_dags/example_time_delta_sensor_async.py
[2025-02-04T16:28:11.086+0000] {processor.py:925} INFO - DAG(s) 'example_time_delta_sensor_async' retrieved from /home/airflow/.local/lib/python3.9/site-packages/airflow/example_dags/example_time_delta_sensor_async.py
[2025-02-04T16:28:11.112+0000] {logging_mixin.py:190} INFO - [2025-02-04T16:28:11.111+0000] {dag.py:3239} INFO - Sync 1 DAGs
[2025-02-04T16:28:11.208+0000] {logging_mixin.py:190} INFO - [2025-02-04T16:28:11.208+0000] {dag.py:4180} INFO - Setting next_dagrun for example_time_delta_sensor_async to None, run_after=None
[2025-02-04T16:28:11.312+0000] {processor.py:208} INFO - Processing /home/airflow/.local/lib/python3.9/site-packages/airflow/example_dags/example_time_delta_sensor_async.py took 0.247 seconds
[2025-02-04T16:28:42.164+0000] {processor.py:186} INFO - Started process (PID=836) to work on /home/airflow/.local/lib/python3.9/site-packages/airflow/example_dags/example_time_delta_sensor_async.py
[2025-02-04T16:28:42.165+0000] {processor.py:914} INFO - Processing file /home/airflow/.local/lib/python3.9/site-packages/airflow/example_dags/example_time_delta_sensor_async.py for tasks to queue
[2025-02-04T16:28:42.169+0000] {logging_mixin.py:190} INFO - [2025-02-04T16:28:42.169+0000] {dagbag.py:588} INFO - Filling up the DagBag from /home/airflow/.local/lib/python3.9/site-packages/airflow/example_dags/example_time_delta_sensor_async.py
[2025-02-04T16:28:42.178+0000] {processor.py:925} INFO - DAG(s) 'example_time_delta_sensor_async' retrieved from /home/airflow/.local/lib/python3.9/site-packages/airflow/example_dags/example_time_delta_sensor_async.py
[2025-02-04T16:28:42.205+0000] {logging_mixin.py:190} INFO - [2025-02-04T16:28:42.204+0000] {dag.py:3239} INFO - Sync 1 DAGs
[2025-02-04T16:28:42.220+0000] {logging_mixin.py:190} INFO - [2025-02-04T16:28:42.219+0000] {dag.py:4180} INFO - Setting next_dagrun for example_time_delta_sensor_async to None, run_after=None
[2025-02-04T16:28:42.248+0000] {processor.py:208} INFO - Processing /home/airflow/.local/lib/python3.9/site-packages/airflow/example_dags/example_time_delta_sensor_async.py took 0.092 seconds
[2025-02-04T16:29:12.542+0000] {processor.py:186} INFO - Started process (PID=900) to work on /home/airflow/.local/lib/python3.9/site-packages/airflow/example_dags/example_time_delta_sensor_async.py
[2025-02-04T16:29:12.543+0000] {processor.py:914} INFO - Processing file /home/airflow/.local/lib/python3.9/site-packages/airflow/example_dags/example_time_delta_sensor_async.py for tasks to queue
[2025-02-04T16:29:12.546+0000] {logging_mixin.py:190} INFO - [2025-02-04T16:29:12.546+0000] {dagbag.py:588} INFO - Filling up the DagBag from /home/airflow/.local/lib/python3.9/site-packages/airflow/example_dags/example_time_delta_sensor_async.py
[2025-02-04T16:29:12.557+0000] {processor.py:925} INFO - DAG(s) 'example_time_delta_sensor_async' retrieved from /home/airflow/.local/lib/python3.9/site-packages/airflow/example_dags/example_time_delta_sensor_async.py
[2025-02-04T16:29:12.582+0000] {logging_mixin.py:190} INFO - [2025-02-04T16:29:12.582+0000] {dag.py:3239} INFO - Sync 1 DAGs
[2025-02-04T16:29:12.601+0000] {logging_mixin.py:190} INFO - [2025-02-04T16:29:12.600+0000] {dag.py:4180} INFO - Setting next_dagrun for example_time_delta_sensor_async to None, run_after=None
[2025-02-04T16:29:12.633+0000] {processor.py:208} INFO - Processing /home/airflow/.local/lib/python3.9/site-packages/airflow/example_dags/example_time_delta_sensor_async.py took 0.100 seconds
[2025-02-04T16:29:42.773+0000] {processor.py:186} INFO - Started process (PID=964) to work on /home/airflow/.local/lib/python3.9/site-packages/airflow/example_dags/example_time_delta_sensor_async.py
[2025-02-04T16:29:42.775+0000] {processor.py:914} INFO - Processing file /home/airflow/.local/lib/python3.9/site-packages/airflow/example_dags/example_time_delta_sensor_async.py for tasks to queue
[2025-02-04T16:29:42.778+0000] {logging_mixin.py:190} INFO - [2025-02-04T16:29:42.778+0000] {dagbag.py:588} INFO - Filling up the DagBag from /home/airflow/.local/lib/python3.9/site-packages/airflow/example_dags/example_time_delta_sensor_async.py
[2025-02-04T16:29:42.787+0000] {processor.py:925} INFO - DAG(s) 'example_time_delta_sensor_async' retrieved from /home/airflow/.local/lib/python3.9/site-packages/airflow/example_dags/example_time_delta_sensor_async.py
[2025-02-04T16:29:42.810+0000] {logging_mixin.py:190} INFO - [2025-02-04T16:29:42.810+0000] {dag.py:3239} INFO - Sync 1 DAGs
[2025-02-04T16:29:42.826+0000] {logging_mixin.py:190} INFO - [2025-02-04T16:29:42.826+0000] {dag.py:4180} INFO - Setting next_dagrun for example_time_delta_sensor_async to None, run_after=None
[2025-02-04T16:29:42.855+0000] {processor.py:208} INFO - Processing /home/airflow/.local/lib/python3.9/site-packages/airflow/example_dags/example_time_delta_sensor_async.py took 0.089 seconds
[2025-02-04T16:30:13.095+0000] {processor.py:186} INFO - Started process (PID=1028) to work on /home/airflow/.local/lib/python3.9/site-packages/airflow/example_dags/example_time_delta_sensor_async.py
[2025-02-04T16:30:13.096+0000] {processor.py:914} INFO - Processing file /home/airflow/.local/lib/python3.9/site-packages/airflow/example_dags/example_time_delta_sensor_async.py for tasks to queue
[2025-02-04T16:30:13.100+0000] {logging_mixin.py:190} INFO - [2025-02-04T16:30:13.099+0000] {dagbag.py:588} INFO - Filling up the DagBag from /home/airflow/.local/lib/python3.9/site-packages/airflow/example_dags/example_time_delta_sensor_async.py
[2025-02-04T16:30:13.108+0000] {processor.py:925} INFO - DAG(s) 'example_time_delta_sensor_async' retrieved from /home/airflow/.local/lib/python3.9/site-packages/airflow/example_dags/example_time_delta_sensor_async.py
[2025-02-04T16:30:13.135+0000] {logging_mixin.py:190} INFO - [2025-02-04T16:30:13.135+0000] {dag.py:3239} INFO - Sync 1 DAGs
[2025-02-04T16:30:13.150+0000] {logging_mixin.py:190} INFO - [2025-02-04T16:30:13.150+0000] {dag.py:4180} INFO - Setting next_dagrun for example_time_delta_sensor_async to None, run_after=None
[2025-02-04T16:30:13.183+0000] {processor.py:208} INFO - Processing /home/airflow/.local/lib/python3.9/site-packages/airflow/example_dags/example_time_delta_sensor_async.py took 0.094 seconds
[2025-02-04T16:30:43.669+0000] {processor.py:186} INFO - Started process (PID=1092) to work on /home/airflow/.local/lib/python3.9/site-packages/airflow/example_dags/example_time_delta_sensor_async.py
[2025-02-04T16:30:43.671+0000] {processor.py:914} INFO - Processing file /home/airflow/.local/lib/python3.9/site-packages/airflow/example_dags/example_time_delta_sensor_async.py for tasks to queue
[2025-02-04T16:30:43.674+0000] {logging_mixin.py:190} INFO - [2025-02-04T16:30:43.674+0000] {dagbag.py:588} INFO - Filling up the DagBag from /home/airflow/.local/lib/python3.9/site-packages/airflow/example_dags/example_time_delta_sensor_async.py
[2025-02-04T16:30:43.682+0000] {processor.py:925} INFO - DAG(s) 'example_time_delta_sensor_async' retrieved from /home/airflow/.local/lib/python3.9/site-packages/airflow/example_dags/example_time_delta_sensor_async.py
[2025-02-04T16:30:43.705+0000] {logging_mixin.py:190} INFO - [2025-02-04T16:30:43.705+0000] {dag.py:3239} INFO - Sync 1 DAGs
[2025-02-04T16:30:43.723+0000] {logging_mixin.py:190} INFO - [2025-02-04T16:30:43.723+0000] {dag.py:4180} INFO - Setting next_dagrun for example_time_delta_sensor_async to None, run_after=None
[2025-02-04T16:30:43.752+0000] {processor.py:208} INFO - Processing /home/airflow/.local/lib/python3.9/site-packages/airflow/example_dags/example_time_delta_sensor_async.py took 0.090 seconds
[2025-02-04T16:31:14.564+0000] {processor.py:186} INFO - Started process (PID=1156) to work on /home/airflow/.local/lib/python3.9/site-packages/airflow/example_dags/example_time_delta_sensor_async.py
[2025-02-04T16:31:14.566+0000] {processor.py:914} INFO - Processing file /home/airflow/.local/lib/python3.9/site-packages/airflow/example_dags/example_time_delta_sensor_async.py for tasks to queue
[2025-02-04T16:31:14.572+0000] {logging_mixin.py:190} INFO - [2025-02-04T16:31:14.571+0000] {dagbag.py:588} INFO - Filling up the DagBag from /home/airflow/.local/lib/python3.9/site-packages/airflow/example_dags/example_time_delta_sensor_async.py
[2025-02-04T16:31:14.595+0000] {processor.py:925} INFO - DAG(s) 'example_time_delta_sensor_async' retrieved from /home/airflow/.local/lib/python3.9/site-packages/airflow/example_dags/example_time_delta_sensor_async.py
[2025-02-04T16:31:14.628+0000] {logging_mixin.py:190} INFO - [2025-02-04T16:31:14.628+0000] {dag.py:3239} INFO - Sync 1 DAGs
[2025-02-04T16:31:14.646+0000] {logging_mixin.py:190} INFO - [2025-02-04T16:31:14.646+0000] {dag.py:4180} INFO - Setting next_dagrun for example_time_delta_sensor_async to None, run_after=None
[2025-02-04T16:31:14.692+0000] {processor.py:208} INFO - Processing /home/airflow/.local/lib/python3.9/site-packages/airflow/example_dags/example_time_delta_sensor_async.py took 0.139 seconds
[2025-02-04T16:31:45.513+0000] {processor.py:186} INFO - Started process (PID=1227) to work on /home/airflow/.local/lib/python3.9/site-packages/airflow/example_dags/example_time_delta_sensor_async.py
[2025-02-04T16:31:45.514+0000] {processor.py:914} INFO - Processing file /home/airflow/.local/lib/python3.9/site-packages/airflow/example_dags/example_time_delta_sensor_async.py for tasks to queue
[2025-02-04T16:31:45.517+0000] {logging_mixin.py:190} INFO - [2025-02-04T16:31:45.517+0000] {dagbag.py:588} INFO - Filling up the DagBag from /home/airflow/.local/lib/python3.9/site-packages/airflow/example_dags/example_time_delta_sensor_async.py
[2025-02-04T16:31:45.524+0000] {processor.py:925} INFO - DAG(s) 'example_time_delta_sensor_async' retrieved from /home/airflow/.local/lib/python3.9/site-packages/airflow/example_dags/example_time_delta_sensor_async.py
[2025-02-04T16:31:45.547+0000] {logging_mixin.py:190} INFO - [2025-02-04T16:31:45.546+0000] {dag.py:3239} INFO - Sync 1 DAGs
[2025-02-04T16:31:45.562+0000] {logging_mixin.py:190} INFO - [2025-02-04T16:31:45.561+0000] {dag.py:4180} INFO - Setting next_dagrun for example_time_delta_sensor_async to None, run_after=None
[2025-02-04T16:31:45.591+0000] {processor.py:208} INFO - Processing /home/airflow/.local/lib/python3.9/site-packages/airflow/example_dags/example_time_delta_sensor_async.py took 0.085 seconds
[2025-02-04T16:32:15.930+0000] {processor.py:186} INFO - Started process (PID=1291) to work on /home/airflow/.local/lib/python3.9/site-packages/airflow/example_dags/example_time_delta_sensor_async.py
[2025-02-04T16:32:15.931+0000] {processor.py:914} INFO - Processing file /home/airflow/.local/lib/python3.9/site-packages/airflow/example_dags/example_time_delta_sensor_async.py for tasks to queue
[2025-02-04T16:32:15.935+0000] {logging_mixin.py:190} INFO - [2025-02-04T16:32:15.935+0000] {dagbag.py:588} INFO - Filling up the DagBag from /home/airflow/.local/lib/python3.9/site-packages/airflow/example_dags/example_time_delta_sensor_async.py
[2025-02-04T16:32:15.945+0000] {processor.py:925} INFO - DAG(s) 'example_time_delta_sensor_async' retrieved from /home/airflow/.local/lib/python3.9/site-packages/airflow/example_dags/example_time_delta_sensor_async.py
[2025-02-04T16:32:15.972+0000] {logging_mixin.py:190} INFO - [2025-02-04T16:32:15.971+0000] {dag.py:3239} INFO - Sync 1 DAGs
[2025-02-04T16:32:15.992+0000] {logging_mixin.py:190} INFO - [2025-02-04T16:32:15.991+0000] {dag.py:4180} INFO - Setting next_dagrun for example_time_delta_sensor_async to None, run_after=None
[2025-02-04T16:32:16.026+0000] {processor.py:208} INFO - Processing /home/airflow/.local/lib/python3.9/site-packages/airflow/example_dags/example_time_delta_sensor_async.py took 0.106 seconds
[2025-02-04T16:32:46.123+0000] {processor.py:186} INFO - Started process (PID=1355) to work on /home/airflow/.local/lib/python3.9/site-packages/airflow/example_dags/example_time_delta_sensor_async.py
[2025-02-04T16:32:46.124+0000] {processor.py:914} INFO - Processing file /home/airflow/.local/lib/python3.9/site-packages/airflow/example_dags/example_time_delta_sensor_async.py for tasks to queue
[2025-02-04T16:32:46.127+0000] {logging_mixin.py:190} INFO - [2025-02-04T16:32:46.127+0000] {dagbag.py:588} INFO - Filling up the DagBag from /home/airflow/.local/lib/python3.9/site-packages/airflow/example_dags/example_time_delta_sensor_async.py
[2025-02-04T16:32:46.135+0000] {processor.py:925} INFO - DAG(s) 'example_time_delta_sensor_async' retrieved from /home/airflow/.local/lib/python3.9/site-packages/airflow/example_dags/example_time_delta_sensor_async.py
[2025-02-04T16:32:46.159+0000] {logging_mixin.py:190} INFO - [2025-02-04T16:32:46.159+0000] {dag.py:3239} INFO - Sync 1 DAGs
[2025-02-04T16:32:46.175+0000] {logging_mixin.py:190} INFO - [2025-02-04T16:32:46.175+0000] {dag.py:4180} INFO - Setting next_dagrun for example_time_delta_sensor_async to None, run_after=None
[2025-02-04T16:32:46.204+0000] {processor.py:208} INFO - Processing /home/airflow/.local/lib/python3.9/site-packages/airflow/example_dags/example_time_delta_sensor_async.py took 0.091 seconds
[2025-02-04T16:33:16.995+0000] {processor.py:186} INFO - Started process (PID=1420) to work on /home/airflow/.local/lib/python3.9/site-packages/airflow/example_dags/example_time_delta_sensor_async.py
[2025-02-04T16:33:16.996+0000] {processor.py:914} INFO - Processing file /home/airflow/.local/lib/python3.9/site-packages/airflow/example_dags/example_time_delta_sensor_async.py for tasks to queue
[2025-02-04T16:33:16.999+0000] {logging_mixin.py:190} INFO - [2025-02-04T16:33:16.999+0000] {dagbag.py:588} INFO - Filling up the DagBag from /home/airflow/.local/lib/python3.9/site-packages/airflow/example_dags/example_time_delta_sensor_async.py
[2025-02-04T16:33:17.006+0000] {processor.py:925} INFO - DAG(s) 'example_time_delta_sensor_async' retrieved from /home/airflow/.local/lib/python3.9/site-packages/airflow/example_dags/example_time_delta_sensor_async.py
[2025-02-04T16:33:17.029+0000] {logging_mixin.py:190} INFO - [2025-02-04T16:33:17.028+0000] {dag.py:3239} INFO - Sync 1 DAGs
[2025-02-04T16:33:17.043+0000] {logging_mixin.py:190} INFO - [2025-02-04T16:33:17.043+0000] {dag.py:4180} INFO - Setting next_dagrun for example_time_delta_sensor_async to None, run_after=None
[2025-02-04T16:33:17.070+0000] {processor.py:208} INFO - Processing /home/airflow/.local/lib/python3.9/site-packages/airflow/example_dags/example_time_delta_sensor_async.py took 0.082 seconds
[2025-02-04T16:33:47.795+0000] {processor.py:186} INFO - Started process (PID=1484) to work on /home/airflow/.local/lib/python3.9/site-packages/airflow/example_dags/example_time_delta_sensor_async.py
[2025-02-04T16:33:47.797+0000] {processor.py:914} INFO - Processing file /home/airflow/.local/lib/python3.9/site-packages/airflow/example_dags/example_time_delta_sensor_async.py for tasks to queue
[2025-02-04T16:33:47.800+0000] {logging_mixin.py:190} INFO - [2025-02-04T16:33:47.800+0000] {dagbag.py:588} INFO - Filling up the DagBag from /home/airflow/.local/lib/python3.9/site-packages/airflow/example_dags/example_time_delta_sensor_async.py
[2025-02-04T16:33:47.808+0000] {processor.py:925} INFO - DAG(s) 'example_time_delta_sensor_async' retrieved from /home/airflow/.local/lib/python3.9/site-packages/airflow/example_dags/example_time_delta_sensor_async.py
[2025-02-04T16:33:47.831+0000] {logging_mixin.py:190} INFO - [2025-02-04T16:33:47.830+0000] {dag.py:3239} INFO - Sync 1 DAGs
[2025-02-04T16:33:47.846+0000] {logging_mixin.py:190} INFO - [2025-02-04T16:33:47.846+0000] {dag.py:4180} INFO - Setting next_dagrun for example_time_delta_sensor_async to None, run_after=None
[2025-02-04T16:33:47.873+0000] {processor.py:208} INFO - Processing /home/airflow/.local/lib/python3.9/site-packages/airflow/example_dags/example_time_delta_sensor_async.py took 0.086 seconds
[2025-02-04T16:34:19.787+0000] {processor.py:186} INFO - Started process (PID=1548) to work on /home/airflow/.local/lib/python3.9/site-packages/airflow/example_dags/example_time_delta_sensor_async.py
[2025-02-04T16:34:19.990+0000] {processor.py:914} INFO - Processing file /home/airflow/.local/lib/python3.9/site-packages/airflow/example_dags/example_time_delta_sensor_async.py for tasks to queue
[2025-02-04T16:34:19.996+0000] {logging_mixin.py:190} INFO - [2025-02-04T16:34:19.995+0000] {dagbag.py:588} INFO - Filling up the DagBag from /home/airflow/.local/lib/python3.9/site-packages/airflow/example_dags/example_time_delta_sensor_async.py
[2025-02-04T16:34:20.004+0000] {processor.py:925} INFO - DAG(s) 'example_time_delta_sensor_async' retrieved from /home/airflow/.local/lib/python3.9/site-packages/airflow/example_dags/example_time_delta_sensor_async.py
[2025-02-04T16:34:20.459+0000] {logging_mixin.py:190} INFO - [2025-02-04T16:34:20.459+0000] {dag.py:3239} INFO - Sync 1 DAGs
[2025-02-04T16:34:20.475+0000] {logging_mixin.py:190} INFO - [2025-02-04T16:34:20.475+0000] {dag.py:4180} INFO - Setting next_dagrun for example_time_delta_sensor_async to None, run_after=None
[2025-02-04T16:34:20.503+0000] {processor.py:208} INFO - Processing /home/airflow/.local/lib/python3.9/site-packages/airflow/example_dags/example_time_delta_sensor_async.py took 0.722 seconds
[2025-02-04T16:34:50.896+0000] {processor.py:186} INFO - Started process (PID=1612) to work on /home/airflow/.local/lib/python3.9/site-packages/airflow/example_dags/example_time_delta_sensor_async.py
[2025-02-04T16:34:50.897+0000] {processor.py:914} INFO - Processing file /home/airflow/.local/lib/python3.9/site-packages/airflow/example_dags/example_time_delta_sensor_async.py for tasks to queue
[2025-02-04T16:34:50.900+0000] {logging_mixin.py:190} INFO - [2025-02-04T16:34:50.899+0000] {dagbag.py:588} INFO - Filling up the DagBag from /home/airflow/.local/lib/python3.9/site-packages/airflow/example_dags/example_time_delta_sensor_async.py
[2025-02-04T16:34:50.907+0000] {processor.py:925} INFO - DAG(s) 'example_time_delta_sensor_async' retrieved from /home/airflow/.local/lib/python3.9/site-packages/airflow/example_dags/example_time_delta_sensor_async.py
[2025-02-04T16:34:50.929+0000] {logging_mixin.py:190} INFO - [2025-02-04T16:34:50.929+0000] {dag.py:3239} INFO - Sync 1 DAGs
[2025-02-04T16:34:50.944+0000] {logging_mixin.py:190} INFO - [2025-02-04T16:34:50.944+0000] {dag.py:4180} INFO - Setting next_dagrun for example_time_delta_sensor_async to None, run_after=None
[2025-02-04T16:34:50.973+0000] {processor.py:208} INFO - Processing /home/airflow/.local/lib/python3.9/site-packages/airflow/example_dags/example_time_delta_sensor_async.py took 0.083 seconds
[2025-02-04T16:35:21.110+0000] {processor.py:186} INFO - Started process (PID=1676) to work on /home/airflow/.local/lib/python3.9/site-packages/airflow/example_dags/example_time_delta_sensor_async.py
[2025-02-04T16:35:21.112+0000] {processor.py:914} INFO - Processing file /home/airflow/.local/lib/python3.9/site-packages/airflow/example_dags/example_time_delta_sensor_async.py for tasks to queue
[2025-02-04T16:35:21.115+0000] {logging_mixin.py:190} INFO - [2025-02-04T16:35:21.115+0000] {dagbag.py:588} INFO - Filling up the DagBag from /home/airflow/.local/lib/python3.9/site-packages/airflow/example_dags/example_time_delta_sensor_async.py
[2025-02-04T16:35:21.122+0000] {processor.py:925} INFO - DAG(s) 'example_time_delta_sensor_async' retrieved from /home/airflow/.local/lib/python3.9/site-packages/airflow/example_dags/example_time_delta_sensor_async.py
[2025-02-04T16:35:21.145+0000] {logging_mixin.py:190} INFO - [2025-02-04T16:35:21.145+0000] {dag.py:3239} INFO - Sync 1 DAGs
[2025-02-04T16:35:21.159+0000] {logging_mixin.py:190} INFO - [2025-02-04T16:35:21.159+0000] {dag.py:4180} INFO - Setting next_dagrun for example_time_delta_sensor_async to None, run_after=None
[2025-02-04T16:35:21.187+0000] {processor.py:208} INFO - Processing /home/airflow/.local/lib/python3.9/site-packages/airflow/example_dags/example_time_delta_sensor_async.py took 0.084 seconds
[2025-02-04T16:35:51.291+0000] {processor.py:186} INFO - Started process (PID=1740) to work on /home/airflow/.local/lib/python3.9/site-packages/airflow/example_dags/example_time_delta_sensor_async.py
[2025-02-04T16:35:51.292+0000] {processor.py:914} INFO - Processing file /home/airflow/.local/lib/python3.9/site-packages/airflow/example_dags/example_time_delta_sensor_async.py for tasks to queue
[2025-02-04T16:35:51.295+0000] {logging_mixin.py:190} INFO - [2025-02-04T16:35:51.295+0000] {dagbag.py:588} INFO - Filling up the DagBag from /home/airflow/.local/lib/python3.9/site-packages/airflow/example_dags/example_time_delta_sensor_async.py
[2025-02-04T16:35:51.303+0000] {processor.py:925} INFO - DAG(s) 'example_time_delta_sensor_async' retrieved from /home/airflow/.local/lib/python3.9/site-packages/airflow/example_dags/example_time_delta_sensor_async.py
[2025-02-04T16:35:51.325+0000] {logging_mixin.py:190} INFO - [2025-02-04T16:35:51.324+0000] {dag.py:3239} INFO - Sync 1 DAGs
[2025-02-04T16:35:51.338+0000] {logging_mixin.py:190} INFO - [2025-02-04T16:35:51.338+0000] {dag.py:4180} INFO - Setting next_dagrun for example_time_delta_sensor_async to None, run_after=None
[2025-02-04T16:35:51.365+0000] {processor.py:208} INFO - Processing /home/airflow/.local/lib/python3.9/site-packages/airflow/example_dags/example_time_delta_sensor_async.py took 0.081 seconds
[2025-02-04T16:36:21.494+0000] {processor.py:186} INFO - Started process (PID=1805) to work on /home/airflow/.local/lib/python3.9/site-packages/airflow/example_dags/example_time_delta_sensor_async.py
[2025-02-04T16:36:21.496+0000] {processor.py:914} INFO - Processing file /home/airflow/.local/lib/python3.9/site-packages/airflow/example_dags/example_time_delta_sensor_async.py for tasks to queue
[2025-02-04T16:36:21.499+0000] {logging_mixin.py:190} INFO - [2025-02-04T16:36:21.498+0000] {dagbag.py:588} INFO - Filling up the DagBag from /home/airflow/.local/lib/python3.9/site-packages/airflow/example_dags/example_time_delta_sensor_async.py
[2025-02-04T16:36:21.505+0000] {processor.py:925} INFO - DAG(s) 'example_time_delta_sensor_async' retrieved from /home/airflow/.local/lib/python3.9/site-packages/airflow/example_dags/example_time_delta_sensor_async.py
[2025-02-04T16:36:21.525+0000] {logging_mixin.py:190} INFO - [2025-02-04T16:36:21.525+0000] {dag.py:3239} INFO - Sync 1 DAGs
[2025-02-04T16:36:21.538+0000] {logging_mixin.py:190} INFO - [2025-02-04T16:36:21.538+0000] {dag.py:4180} INFO - Setting next_dagrun for example_time_delta_sensor_async to None, run_after=None
[2025-02-04T16:36:21.563+0000] {processor.py:208} INFO - Processing /home/airflow/.local/lib/python3.9/site-packages/airflow/example_dags/example_time_delta_sensor_async.py took 0.076 seconds
[2025-02-04T16:36:52.936+0000] {processor.py:186} INFO - Started process (PID=1869) to work on /home/airflow/.local/lib/python3.9/site-packages/airflow/example_dags/example_time_delta_sensor_async.py
[2025-02-04T16:36:52.938+0000] {processor.py:914} INFO - Processing file /home/airflow/.local/lib/python3.9/site-packages/airflow/example_dags/example_time_delta_sensor_async.py for tasks to queue
[2025-02-04T16:36:52.941+0000] {logging_mixin.py:190} INFO - [2025-02-04T16:36:52.941+0000] {dagbag.py:588} INFO - Filling up the DagBag from /home/airflow/.local/lib/python3.9/site-packages/airflow/example_dags/example_time_delta_sensor_async.py
[2025-02-04T16:36:52.948+0000] {processor.py:925} INFO - DAG(s) 'example_time_delta_sensor_async' retrieved from /home/airflow/.local/lib/python3.9/site-packages/airflow/example_dags/example_time_delta_sensor_async.py
[2025-02-04T16:36:52.969+0000] {logging_mixin.py:190} INFO - [2025-02-04T16:36:52.968+0000] {dag.py:3239} INFO - Sync 1 DAGs
[2025-02-04T16:36:52.984+0000] {logging_mixin.py:190} INFO - [2025-02-04T16:36:52.983+0000] {dag.py:4180} INFO - Setting next_dagrun for example_time_delta_sensor_async to None, run_after=None
[2025-02-04T16:36:53.010+0000] {processor.py:208} INFO - Processing /home/airflow/.local/lib/python3.9/site-packages/airflow/example_dags/example_time_delta_sensor_async.py took 0.080 seconds
[2025-02-04T16:39:26.539+0000] {processor.py:186} INFO - Started process (PID=1922) to work on /home/airflow/.local/lib/python3.9/site-packages/airflow/example_dags/example_time_delta_sensor_async.py
[2025-02-04T16:39:26.540+0000] {processor.py:914} INFO - Processing file /home/airflow/.local/lib/python3.9/site-packages/airflow/example_dags/example_time_delta_sensor_async.py for tasks to queue
[2025-02-04T16:39:26.542+0000] {logging_mixin.py:190} INFO - [2025-02-04T16:39:26.542+0000] {dagbag.py:588} INFO - Filling up the DagBag from /home/airflow/.local/lib/python3.9/site-packages/airflow/example_dags/example_time_delta_sensor_async.py
[2025-02-04T16:39:26.550+0000] {processor.py:925} INFO - DAG(s) 'example_time_delta_sensor_async' retrieved from /home/airflow/.local/lib/python3.9/site-packages/airflow/example_dags/example_time_delta_sensor_async.py
[2025-02-04T16:39:26.572+0000] {logging_mixin.py:190} INFO - [2025-02-04T16:39:26.572+0000] {dag.py:3239} INFO - Sync 1 DAGs
[2025-02-04T16:39:26.588+0000] {logging_mixin.py:190} INFO - [2025-02-04T16:39:26.588+0000] {dag.py:4180} INFO - Setting next_dagrun for example_time_delta_sensor_async to None, run_after=None
[2025-02-04T16:39:26.617+0000] {processor.py:208} INFO - Processing /home/airflow/.local/lib/python3.9/site-packages/airflow/example_dags/example_time_delta_sensor_async.py took 0.084 seconds
[2025-02-04T16:39:57.315+0000] {processor.py:186} INFO - Started process (PID=1986) to work on /home/airflow/.local/lib/python3.9/site-packages/airflow/example_dags/example_time_delta_sensor_async.py
[2025-02-04T16:39:57.317+0000] {processor.py:914} INFO - Processing file /home/airflow/.local/lib/python3.9/site-packages/airflow/example_dags/example_time_delta_sensor_async.py for tasks to queue
[2025-02-04T16:39:57.318+0000] {logging_mixin.py:190} INFO - [2025-02-04T16:39:57.318+0000] {dagbag.py:588} INFO - Filling up the DagBag from /home/airflow/.local/lib/python3.9/site-packages/airflow/example_dags/example_time_delta_sensor_async.py
[2025-02-04T16:39:57.325+0000] {processor.py:925} INFO - DAG(s) 'example_time_delta_sensor_async' retrieved from /home/airflow/.local/lib/python3.9/site-packages/airflow/example_dags/example_time_delta_sensor_async.py
[2025-02-04T16:39:57.361+0000] {logging_mixin.py:190} INFO - [2025-02-04T16:39:57.360+0000] {dag.py:3239} INFO - Sync 1 DAGs
[2025-02-04T16:39:57.418+0000] {logging_mixin.py:190} INFO - [2025-02-04T16:39:57.418+0000] {dag.py:4180} INFO - Setting next_dagrun for example_time_delta_sensor_async to None, run_after=None
[2025-02-04T16:39:57.454+0000] {processor.py:208} INFO - Processing /home/airflow/.local/lib/python3.9/site-packages/airflow/example_dags/example_time_delta_sensor_async.py took 0.145 seconds
[2025-02-04T16:40:28.412+0000] {processor.py:186} INFO - Started process (PID=2050) to work on /home/airflow/.local/lib/python3.9/site-packages/airflow/example_dags/example_time_delta_sensor_async.py
[2025-02-04T16:40:28.413+0000] {processor.py:914} INFO - Processing file /home/airflow/.local/lib/python3.9/site-packages/airflow/example_dags/example_time_delta_sensor_async.py for tasks to queue
[2025-02-04T16:40:28.415+0000] {logging_mixin.py:190} INFO - [2025-02-04T16:40:28.415+0000] {dagbag.py:588} INFO - Filling up the DagBag from /home/airflow/.local/lib/python3.9/site-packages/airflow/example_dags/example_time_delta_sensor_async.py
[2025-02-04T16:40:28.422+0000] {processor.py:925} INFO - DAG(s) 'example_time_delta_sensor_async' retrieved from /home/airflow/.local/lib/python3.9/site-packages/airflow/example_dags/example_time_delta_sensor_async.py
[2025-02-04T16:40:28.445+0000] {logging_mixin.py:190} INFO - [2025-02-04T16:40:28.445+0000] {dag.py:3239} INFO - Sync 1 DAGs
[2025-02-04T16:40:28.459+0000] {logging_mixin.py:190} INFO - [2025-02-04T16:40:28.459+0000] {dag.py:4180} INFO - Setting next_dagrun for example_time_delta_sensor_async to None, run_after=None
[2025-02-04T16:40:28.484+0000] {processor.py:208} INFO - Processing /home/airflow/.local/lib/python3.9/site-packages/airflow/example_dags/example_time_delta_sensor_async.py took 0.079 seconds
[2025-02-04T16:40:59.166+0000] {processor.py:186} INFO - Started process (PID=2114) to work on /home/airflow/.local/lib/python3.9/site-packages/airflow/example_dags/example_time_delta_sensor_async.py
[2025-02-04T16:40:59.167+0000] {processor.py:914} INFO - Processing file /home/airflow/.local/lib/python3.9/site-packages/airflow/example_dags/example_time_delta_sensor_async.py for tasks to queue
[2025-02-04T16:40:59.169+0000] {logging_mixin.py:190} INFO - [2025-02-04T16:40:59.168+0000] {dagbag.py:588} INFO - Filling up the DagBag from /home/airflow/.local/lib/python3.9/site-packages/airflow/example_dags/example_time_delta_sensor_async.py
[2025-02-04T16:40:59.176+0000] {processor.py:925} INFO - DAG(s) 'example_time_delta_sensor_async' retrieved from /home/airflow/.local/lib/python3.9/site-packages/airflow/example_dags/example_time_delta_sensor_async.py
[2025-02-04T16:40:59.198+0000] {logging_mixin.py:190} INFO - [2025-02-04T16:40:59.197+0000] {dag.py:3239} INFO - Sync 1 DAGs
[2025-02-04T16:40:59.212+0000] {logging_mixin.py:190} INFO - [2025-02-04T16:40:59.212+0000] {dag.py:4180} INFO - Setting next_dagrun for example_time_delta_sensor_async to None, run_after=None
[2025-02-04T16:40:59.234+0000] {processor.py:208} INFO - Processing /home/airflow/.local/lib/python3.9/site-packages/airflow/example_dags/example_time_delta_sensor_async.py took 0.075 seconds
[2025-02-04T16:41:30.521+0000] {processor.py:186} INFO - Started process (PID=2178) to work on /home/airflow/.local/lib/python3.9/site-packages/airflow/example_dags/example_time_delta_sensor_async.py
[2025-02-04T16:41:30.522+0000] {processor.py:914} INFO - Processing file /home/airflow/.local/lib/python3.9/site-packages/airflow/example_dags/example_time_delta_sensor_async.py for tasks to queue
[2025-02-04T16:41:30.523+0000] {logging_mixin.py:190} INFO - [2025-02-04T16:41:30.523+0000] {dagbag.py:588} INFO - Filling up the DagBag from /home/airflow/.local/lib/python3.9/site-packages/airflow/example_dags/example_time_delta_sensor_async.py
[2025-02-04T16:41:30.530+0000] {processor.py:925} INFO - DAG(s) 'example_time_delta_sensor_async' retrieved from /home/airflow/.local/lib/python3.9/site-packages/airflow/example_dags/example_time_delta_sensor_async.py
[2025-02-04T16:41:30.552+0000] {logging_mixin.py:190} INFO - [2025-02-04T16:41:30.552+0000] {dag.py:3239} INFO - Sync 1 DAGs
[2025-02-04T16:41:30.567+0000] {logging_mixin.py:190} INFO - [2025-02-04T16:41:30.567+0000] {dag.py:4180} INFO - Setting next_dagrun for example_time_delta_sensor_async to None, run_after=None
[2025-02-04T16:41:30.592+0000] {processor.py:208} INFO - Processing /home/airflow/.local/lib/python3.9/site-packages/airflow/example_dags/example_time_delta_sensor_async.py took 0.078 seconds
[2025-02-04T16:42:01.582+0000] {processor.py:186} INFO - Started process (PID=2242) to work on /home/airflow/.local/lib/python3.9/site-packages/airflow/example_dags/example_time_delta_sensor_async.py
[2025-02-04T16:42:01.584+0000] {processor.py:914} INFO - Processing file /home/airflow/.local/lib/python3.9/site-packages/airflow/example_dags/example_time_delta_sensor_async.py for tasks to queue
[2025-02-04T16:42:01.585+0000] {logging_mixin.py:190} INFO - [2025-02-04T16:42:01.585+0000] {dagbag.py:588} INFO - Filling up the DagBag from /home/airflow/.local/lib/python3.9/site-packages/airflow/example_dags/example_time_delta_sensor_async.py
[2025-02-04T16:42:01.593+0000] {processor.py:925} INFO - DAG(s) 'example_time_delta_sensor_async' retrieved from /home/airflow/.local/lib/python3.9/site-packages/airflow/example_dags/example_time_delta_sensor_async.py
[2025-02-04T16:42:01.613+0000] {logging_mixin.py:190} INFO - [2025-02-04T16:42:01.613+0000] {dag.py:3239} INFO - Sync 1 DAGs
[2025-02-04T16:42:01.626+0000] {logging_mixin.py:190} INFO - [2025-02-04T16:42:01.626+0000] {dag.py:4180} INFO - Setting next_dagrun for example_time_delta_sensor_async to None, run_after=None
[2025-02-04T16:42:01.652+0000] {processor.py:208} INFO - Processing /home/airflow/.local/lib/python3.9/site-packages/airflow/example_dags/example_time_delta_sensor_async.py took 0.075 seconds
[2025-02-04T16:42:32.041+0000] {processor.py:186} INFO - Started process (PID=2306) to work on /home/airflow/.local/lib/python3.9/site-packages/airflow/example_dags/example_time_delta_sensor_async.py
[2025-02-04T16:42:32.042+0000] {processor.py:914} INFO - Processing file /home/airflow/.local/lib/python3.9/site-packages/airflow/example_dags/example_time_delta_sensor_async.py for tasks to queue
[2025-02-04T16:42:32.044+0000] {logging_mixin.py:190} INFO - [2025-02-04T16:42:32.044+0000] {dagbag.py:588} INFO - Filling up the DagBag from /home/airflow/.local/lib/python3.9/site-packages/airflow/example_dags/example_time_delta_sensor_async.py
[2025-02-04T16:42:32.053+0000] {processor.py:925} INFO - DAG(s) 'example_time_delta_sensor_async' retrieved from /home/airflow/.local/lib/python3.9/site-packages/airflow/example_dags/example_time_delta_sensor_async.py
[2025-02-04T16:42:32.078+0000] {logging_mixin.py:190} INFO - [2025-02-04T16:42:32.078+0000] {dag.py:3239} INFO - Sync 1 DAGs
[2025-02-04T16:42:32.097+0000] {logging_mixin.py:190} INFO - [2025-02-04T16:42:32.096+0000] {dag.py:4180} INFO - Setting next_dagrun for example_time_delta_sensor_async to None, run_after=None
[2025-02-04T16:42:32.130+0000] {processor.py:208} INFO - Processing /home/airflow/.local/lib/python3.9/site-packages/airflow/example_dags/example_time_delta_sensor_async.py took 0.097 seconds
[2025-02-04T16:43:02.442+0000] {processor.py:186} INFO - Started process (PID=2370) to work on /home/airflow/.local/lib/python3.9/site-packages/airflow/example_dags/example_time_delta_sensor_async.py
[2025-02-04T16:43:02.444+0000] {processor.py:914} INFO - Processing file /home/airflow/.local/lib/python3.9/site-packages/airflow/example_dags/example_time_delta_sensor_async.py for tasks to queue
[2025-02-04T16:43:02.445+0000] {logging_mixin.py:190} INFO - [2025-02-04T16:43:02.445+0000] {dagbag.py:588} INFO - Filling up the DagBag from /home/airflow/.local/lib/python3.9/site-packages/airflow/example_dags/example_time_delta_sensor_async.py
[2025-02-04T16:43:02.453+0000] {processor.py:925} INFO - DAG(s) 'example_time_delta_sensor_async' retrieved from /home/airflow/.local/lib/python3.9/site-packages/airflow/example_dags/example_time_delta_sensor_async.py
[2025-02-04T16:43:02.474+0000] {logging_mixin.py:190} INFO - [2025-02-04T16:43:02.474+0000] {dag.py:3239} INFO - Sync 1 DAGs
[2025-02-04T16:43:02.489+0000] {logging_mixin.py:190} INFO - [2025-02-04T16:43:02.488+0000] {dag.py:4180} INFO - Setting next_dagrun for example_time_delta_sensor_async to None, run_after=None
[2025-02-04T16:43:02.514+0000] {processor.py:208} INFO - Processing /home/airflow/.local/lib/python3.9/site-packages/airflow/example_dags/example_time_delta_sensor_async.py took 0.078 seconds
[2025-02-04T16:43:33.155+0000] {processor.py:186} INFO - Started process (PID=2434) to work on /home/airflow/.local/lib/python3.9/site-packages/airflow/example_dags/example_time_delta_sensor_async.py
[2025-02-04T16:43:33.156+0000] {processor.py:914} INFO - Processing file /home/airflow/.local/lib/python3.9/site-packages/airflow/example_dags/example_time_delta_sensor_async.py for tasks to queue
[2025-02-04T16:43:33.158+0000] {logging_mixin.py:190} INFO - [2025-02-04T16:43:33.158+0000] {dagbag.py:588} INFO - Filling up the DagBag from /home/airflow/.local/lib/python3.9/site-packages/airflow/example_dags/example_time_delta_sensor_async.py
[2025-02-04T16:43:33.165+0000] {processor.py:925} INFO - DAG(s) 'example_time_delta_sensor_async' retrieved from /home/airflow/.local/lib/python3.9/site-packages/airflow/example_dags/example_time_delta_sensor_async.py
[2025-02-04T16:43:33.187+0000] {logging_mixin.py:190} INFO - [2025-02-04T16:43:33.186+0000] {dag.py:3239} INFO - Sync 1 DAGs
[2025-02-04T16:43:33.202+0000] {logging_mixin.py:190} INFO - [2025-02-04T16:43:33.201+0000] {dag.py:4180} INFO - Setting next_dagrun for example_time_delta_sensor_async to None, run_after=None
[2025-02-04T16:43:33.235+0000] {processor.py:208} INFO - Processing /home/airflow/.local/lib/python3.9/site-packages/airflow/example_dags/example_time_delta_sensor_async.py took 0.086 seconds
[2025-02-04T16:44:03.780+0000] {processor.py:186} INFO - Started process (PID=2498) to work on /home/airflow/.local/lib/python3.9/site-packages/airflow/example_dags/example_time_delta_sensor_async.py
[2025-02-04T16:44:03.781+0000] {processor.py:914} INFO - Processing file /home/airflow/.local/lib/python3.9/site-packages/airflow/example_dags/example_time_delta_sensor_async.py for tasks to queue
[2025-02-04T16:44:03.783+0000] {logging_mixin.py:190} INFO - [2025-02-04T16:44:03.783+0000] {dagbag.py:588} INFO - Filling up the DagBag from /home/airflow/.local/lib/python3.9/site-packages/airflow/example_dags/example_time_delta_sensor_async.py
[2025-02-04T16:44:03.791+0000] {processor.py:925} INFO - DAG(s) 'example_time_delta_sensor_async' retrieved from /home/airflow/.local/lib/python3.9/site-packages/airflow/example_dags/example_time_delta_sensor_async.py
[2025-02-04T16:44:03.814+0000] {logging_mixin.py:190} INFO - [2025-02-04T16:44:03.814+0000] {dag.py:3239} INFO - Sync 1 DAGs
[2025-02-04T16:44:03.832+0000] {logging_mixin.py:190} INFO - [2025-02-04T16:44:03.831+0000] {dag.py:4180} INFO - Setting next_dagrun for example_time_delta_sensor_async to None, run_after=None
[2025-02-04T16:44:03.860+0000] {processor.py:208} INFO - Processing /home/airflow/.local/lib/python3.9/site-packages/airflow/example_dags/example_time_delta_sensor_async.py took 0.087 seconds
[2025-02-04T16:44:33.948+0000] {processor.py:186} INFO - Started process (PID=2562) to work on /home/airflow/.local/lib/python3.9/site-packages/airflow/example_dags/example_time_delta_sensor_async.py
[2025-02-04T16:44:33.949+0000] {processor.py:914} INFO - Processing file /home/airflow/.local/lib/python3.9/site-packages/airflow/example_dags/example_time_delta_sensor_async.py for tasks to queue
[2025-02-04T16:44:33.951+0000] {logging_mixin.py:190} INFO - [2025-02-04T16:44:33.950+0000] {dagbag.py:588} INFO - Filling up the DagBag from /home/airflow/.local/lib/python3.9/site-packages/airflow/example_dags/example_time_delta_sensor_async.py
[2025-02-04T16:44:33.959+0000] {processor.py:925} INFO - DAG(s) 'example_time_delta_sensor_async' retrieved from /home/airflow/.local/lib/python3.9/site-packages/airflow/example_dags/example_time_delta_sensor_async.py
[2025-02-04T16:44:33.981+0000] {logging_mixin.py:190} INFO - [2025-02-04T16:44:33.981+0000] {dag.py:3239} INFO - Sync 1 DAGs
[2025-02-04T16:44:33.998+0000] {logging_mixin.py:190} INFO - [2025-02-04T16:44:33.998+0000] {dag.py:4180} INFO - Setting next_dagrun for example_time_delta_sensor_async to None, run_after=None
[2025-02-04T16:44:34.031+0000] {processor.py:208} INFO - Processing /home/airflow/.local/lib/python3.9/site-packages/airflow/example_dags/example_time_delta_sensor_async.py took 0.090 seconds
[2025-02-04T16:45:04.596+0000] {processor.py:186} INFO - Started process (PID=2626) to work on /home/airflow/.local/lib/python3.9/site-packages/airflow/example_dags/example_time_delta_sensor_async.py
[2025-02-04T16:45:04.598+0000] {processor.py:914} INFO - Processing file /home/airflow/.local/lib/python3.9/site-packages/airflow/example_dags/example_time_delta_sensor_async.py for tasks to queue
[2025-02-04T16:45:04.599+0000] {logging_mixin.py:190} INFO - [2025-02-04T16:45:04.599+0000] {dagbag.py:588} INFO - Filling up the DagBag from /home/airflow/.local/lib/python3.9/site-packages/airflow/example_dags/example_time_delta_sensor_async.py
[2025-02-04T16:45:04.606+0000] {processor.py:925} INFO - DAG(s) 'example_time_delta_sensor_async' retrieved from /home/airflow/.local/lib/python3.9/site-packages/airflow/example_dags/example_time_delta_sensor_async.py
[2025-02-04T16:45:04.627+0000] {logging_mixin.py:190} INFO - [2025-02-04T16:45:04.627+0000] {dag.py:3239} INFO - Sync 1 DAGs
[2025-02-04T16:45:04.643+0000] {logging_mixin.py:190} INFO - [2025-02-04T16:45:04.643+0000] {dag.py:4180} INFO - Setting next_dagrun for example_time_delta_sensor_async to None, run_after=None
[2025-02-04T16:45:04.671+0000] {processor.py:208} INFO - Processing /home/airflow/.local/lib/python3.9/site-packages/airflow/example_dags/example_time_delta_sensor_async.py took 0.081 seconds
[2025-02-04T16:45:35.137+0000] {processor.py:186} INFO - Started process (PID=2697) to work on /home/airflow/.local/lib/python3.9/site-packages/airflow/example_dags/example_time_delta_sensor_async.py
[2025-02-04T16:45:35.138+0000] {processor.py:914} INFO - Processing file /home/airflow/.local/lib/python3.9/site-packages/airflow/example_dags/example_time_delta_sensor_async.py for tasks to queue
[2025-02-04T16:45:35.139+0000] {logging_mixin.py:190} INFO - [2025-02-04T16:45:35.139+0000] {dagbag.py:588} INFO - Filling up the DagBag from /home/airflow/.local/lib/python3.9/site-packages/airflow/example_dags/example_time_delta_sensor_async.py
[2025-02-04T16:45:35.147+0000] {processor.py:925} INFO - DAG(s) 'example_time_delta_sensor_async' retrieved from /home/airflow/.local/lib/python3.9/site-packages/airflow/example_dags/example_time_delta_sensor_async.py
[2025-02-04T16:45:35.167+0000] {logging_mixin.py:190} INFO - [2025-02-04T16:45:35.166+0000] {dag.py:3239} INFO - Sync 1 DAGs
[2025-02-04T16:45:35.182+0000] {logging_mixin.py:190} INFO - [2025-02-04T16:45:35.181+0000] {dag.py:4180} INFO - Setting next_dagrun for example_time_delta_sensor_async to None, run_after=None
[2025-02-04T16:45:35.207+0000] {processor.py:208} INFO - Processing /home/airflow/.local/lib/python3.9/site-packages/airflow/example_dags/example_time_delta_sensor_async.py took 0.078 seconds
[2025-02-04T16:46:06.595+0000] {processor.py:186} INFO - Started process (PID=2764) to work on /home/airflow/.local/lib/python3.9/site-packages/airflow/example_dags/example_time_delta_sensor_async.py
[2025-02-04T16:46:06.596+0000] {processor.py:914} INFO - Processing file /home/airflow/.local/lib/python3.9/site-packages/airflow/example_dags/example_time_delta_sensor_async.py for tasks to queue
[2025-02-04T16:46:06.598+0000] {logging_mixin.py:190} INFO - [2025-02-04T16:46:06.597+0000] {dagbag.py:588} INFO - Filling up the DagBag from /home/airflow/.local/lib/python3.9/site-packages/airflow/example_dags/example_time_delta_sensor_async.py
[2025-02-04T16:46:06.606+0000] {processor.py:925} INFO - DAG(s) 'example_time_delta_sensor_async' retrieved from /home/airflow/.local/lib/python3.9/site-packages/airflow/example_dags/example_time_delta_sensor_async.py
[2025-02-04T16:46:06.629+0000] {logging_mixin.py:190} INFO - [2025-02-04T16:46:06.629+0000] {dag.py:3239} INFO - Sync 1 DAGs
[2025-02-04T16:46:06.645+0000] {logging_mixin.py:190} INFO - [2025-02-04T16:46:06.645+0000] {dag.py:4180} INFO - Setting next_dagrun for example_time_delta_sensor_async to None, run_after=None
[2025-02-04T16:46:06.673+0000] {processor.py:208} INFO - Processing /home/airflow/.local/lib/python3.9/site-packages/airflow/example_dags/example_time_delta_sensor_async.py took 0.085 seconds
[2025-02-04T16:46:37.149+0000] {processor.py:186} INFO - Started process (PID=2828) to work on /home/airflow/.local/lib/python3.9/site-packages/airflow/example_dags/example_time_delta_sensor_async.py
[2025-02-04T16:46:37.150+0000] {processor.py:914} INFO - Processing file /home/airflow/.local/lib/python3.9/site-packages/airflow/example_dags/example_time_delta_sensor_async.py for tasks to queue
[2025-02-04T16:46:37.152+0000] {logging_mixin.py:190} INFO - [2025-02-04T16:46:37.152+0000] {dagbag.py:588} INFO - Filling up the DagBag from /home/airflow/.local/lib/python3.9/site-packages/airflow/example_dags/example_time_delta_sensor_async.py
[2025-02-04T16:46:37.160+0000] {processor.py:925} INFO - DAG(s) 'example_time_delta_sensor_async' retrieved from /home/airflow/.local/lib/python3.9/site-packages/airflow/example_dags/example_time_delta_sensor_async.py
[2025-02-04T16:46:37.186+0000] {logging_mixin.py:190} INFO - [2025-02-04T16:46:37.186+0000] {dag.py:3239} INFO - Sync 1 DAGs
[2025-02-04T16:46:37.204+0000] {logging_mixin.py:190} INFO - [2025-02-04T16:46:37.204+0000] {dag.py:4180} INFO - Setting next_dagrun for example_time_delta_sensor_async to None, run_after=None
[2025-02-04T16:46:37.232+0000] {processor.py:208} INFO - Processing /home/airflow/.local/lib/python3.9/site-packages/airflow/example_dags/example_time_delta_sensor_async.py took 0.091 seconds
[2025-02-04T16:47:12.151+0000] {processor.py:186} INFO - Started process (PID=2892) to work on /home/airflow/.local/lib/python3.9/site-packages/airflow/example_dags/example_time_delta_sensor_async.py
[2025-02-04T16:47:12.152+0000] {processor.py:914} INFO - Processing file /home/airflow/.local/lib/python3.9/site-packages/airflow/example_dags/example_time_delta_sensor_async.py for tasks to queue
[2025-02-04T16:47:12.154+0000] {logging_mixin.py:190} INFO - [2025-02-04T16:47:12.154+0000] {dagbag.py:588} INFO - Filling up the DagBag from /home/airflow/.local/lib/python3.9/site-packages/airflow/example_dags/example_time_delta_sensor_async.py
[2025-02-04T16:47:12.162+0000] {processor.py:925} INFO - DAG(s) 'example_time_delta_sensor_async' retrieved from /home/airflow/.local/lib/python3.9/site-packages/airflow/example_dags/example_time_delta_sensor_async.py
[2025-02-04T16:47:12.183+0000] {logging_mixin.py:190} INFO - [2025-02-04T16:47:12.183+0000] {dag.py:3239} INFO - Sync 1 DAGs
[2025-02-04T16:47:12.199+0000] {logging_mixin.py:190} INFO - [2025-02-04T16:47:12.199+0000] {dag.py:4180} INFO - Setting next_dagrun for example_time_delta_sensor_async to None, run_after=None
[2025-02-04T16:47:12.223+0000] {processor.py:208} INFO - Processing /home/airflow/.local/lib/python3.9/site-packages/airflow/example_dags/example_time_delta_sensor_async.py took 0.081 seconds
[2025-02-04T16:47:52.761+0000] {processor.py:186} INFO - Started process (PID=2956) to work on /home/airflow/.local/lib/python3.9/site-packages/airflow/example_dags/example_time_delta_sensor_async.py
[2025-02-04T16:47:52.763+0000] {processor.py:914} INFO - Processing file /home/airflow/.local/lib/python3.9/site-packages/airflow/example_dags/example_time_delta_sensor_async.py for tasks to queue
[2025-02-04T16:47:52.764+0000] {logging_mixin.py:190} INFO - [2025-02-04T16:47:52.764+0000] {dagbag.py:588} INFO - Filling up the DagBag from /home/airflow/.local/lib/python3.9/site-packages/airflow/example_dags/example_time_delta_sensor_async.py
[2025-02-04T16:47:52.777+0000] {processor.py:925} INFO - DAG(s) 'example_time_delta_sensor_async' retrieved from /home/airflow/.local/lib/python3.9/site-packages/airflow/example_dags/example_time_delta_sensor_async.py
[2025-02-04T16:47:52.801+0000] {logging_mixin.py:190} INFO - [2025-02-04T16:47:52.800+0000] {dag.py:3239} INFO - Sync 1 DAGs
[2025-02-04T16:47:52.818+0000] {logging_mixin.py:190} INFO - [2025-02-04T16:47:52.817+0000] {dag.py:4180} INFO - Setting next_dagrun for example_time_delta_sensor_async to None, run_after=None
[2025-02-04T16:47:52.868+0000] {processor.py:208} INFO - Processing /home/airflow/.local/lib/python3.9/site-packages/airflow/example_dags/example_time_delta_sensor_async.py took 0.114 seconds
[2025-02-04T16:48:23.342+0000] {processor.py:186} INFO - Started process (PID=3021) to work on /home/airflow/.local/lib/python3.9/site-packages/airflow/example_dags/example_time_delta_sensor_async.py
[2025-02-04T16:48:23.343+0000] {processor.py:914} INFO - Processing file /home/airflow/.local/lib/python3.9/site-packages/airflow/example_dags/example_time_delta_sensor_async.py for tasks to queue
[2025-02-04T16:48:23.344+0000] {logging_mixin.py:190} INFO - [2025-02-04T16:48:23.344+0000] {dagbag.py:588} INFO - Filling up the DagBag from /home/airflow/.local/lib/python3.9/site-packages/airflow/example_dags/example_time_delta_sensor_async.py
[2025-02-04T16:48:23.352+0000] {processor.py:925} INFO - DAG(s) 'example_time_delta_sensor_async' retrieved from /home/airflow/.local/lib/python3.9/site-packages/airflow/example_dags/example_time_delta_sensor_async.py
[2025-02-04T16:48:23.373+0000] {logging_mixin.py:190} INFO - [2025-02-04T16:48:23.373+0000] {dag.py:3239} INFO - Sync 1 DAGs
[2025-02-04T16:48:23.389+0000] {logging_mixin.py:190} INFO - [2025-02-04T16:48:23.389+0000] {dag.py:4180} INFO - Setting next_dagrun for example_time_delta_sensor_async to None, run_after=None
[2025-02-04T16:48:23.416+0000] {processor.py:208} INFO - Processing /home/airflow/.local/lib/python3.9/site-packages/airflow/example_dags/example_time_delta_sensor_async.py took 0.080 seconds
[2025-02-04T16:48:53.477+0000] {processor.py:186} INFO - Started process (PID=3085) to work on /home/airflow/.local/lib/python3.9/site-packages/airflow/example_dags/example_time_delta_sensor_async.py
[2025-02-04T16:48:53.479+0000] {processor.py:914} INFO - Processing file /home/airflow/.local/lib/python3.9/site-packages/airflow/example_dags/example_time_delta_sensor_async.py for tasks to queue
[2025-02-04T16:48:53.481+0000] {logging_mixin.py:190} INFO - [2025-02-04T16:48:53.480+0000] {dagbag.py:588} INFO - Filling up the DagBag from /home/airflow/.local/lib/python3.9/site-packages/airflow/example_dags/example_time_delta_sensor_async.py
[2025-02-04T16:48:53.489+0000] {processor.py:925} INFO - DAG(s) 'example_time_delta_sensor_async' retrieved from /home/airflow/.local/lib/python3.9/site-packages/airflow/example_dags/example_time_delta_sensor_async.py
[2025-02-04T16:48:53.514+0000] {logging_mixin.py:190} INFO - [2025-02-04T16:48:53.513+0000] {dag.py:3239} INFO - Sync 1 DAGs
[2025-02-04T16:48:53.529+0000] {logging_mixin.py:190} INFO - [2025-02-04T16:48:53.529+0000] {dag.py:4180} INFO - Setting next_dagrun for example_time_delta_sensor_async to None, run_after=None
[2025-02-04T16:48:53.561+0000] {processor.py:208} INFO - Processing /home/airflow/.local/lib/python3.9/site-packages/airflow/example_dags/example_time_delta_sensor_async.py took 0.090 seconds
[2025-02-04T16:49:23.912+0000] {processor.py:186} INFO - Started process (PID=3156) to work on /home/airflow/.local/lib/python3.9/site-packages/airflow/example_dags/example_time_delta_sensor_async.py
[2025-02-04T16:49:23.914+0000] {processor.py:914} INFO - Processing file /home/airflow/.local/lib/python3.9/site-packages/airflow/example_dags/example_time_delta_sensor_async.py for tasks to queue
[2025-02-04T16:49:23.916+0000] {logging_mixin.py:190} INFO - [2025-02-04T16:49:23.915+0000] {dagbag.py:588} INFO - Filling up the DagBag from /home/airflow/.local/lib/python3.9/site-packages/airflow/example_dags/example_time_delta_sensor_async.py
[2025-02-04T16:49:23.925+0000] {processor.py:925} INFO - DAG(s) 'example_time_delta_sensor_async' retrieved from /home/airflow/.local/lib/python3.9/site-packages/airflow/example_dags/example_time_delta_sensor_async.py
[2025-02-04T16:49:23.956+0000] {logging_mixin.py:190} INFO - [2025-02-04T16:49:23.956+0000] {dag.py:3239} INFO - Sync 1 DAGs
[2025-02-04T16:49:23.972+0000] {logging_mixin.py:190} INFO - [2025-02-04T16:49:23.972+0000] {dag.py:4180} INFO - Setting next_dagrun for example_time_delta_sensor_async to None, run_after=None
[2025-02-04T16:49:23.997+0000] {processor.py:208} INFO - Processing /home/airflow/.local/lib/python3.9/site-packages/airflow/example_dags/example_time_delta_sensor_async.py took 0.093 seconds
[2025-02-04T16:49:54.207+0000] {processor.py:186} INFO - Started process (PID=3220) to work on /home/airflow/.local/lib/python3.9/site-packages/airflow/example_dags/example_time_delta_sensor_async.py
[2025-02-04T16:49:54.208+0000] {processor.py:914} INFO - Processing file /home/airflow/.local/lib/python3.9/site-packages/airflow/example_dags/example_time_delta_sensor_async.py for tasks to queue
[2025-02-04T16:49:54.209+0000] {logging_mixin.py:190} INFO - [2025-02-04T16:49:54.209+0000] {dagbag.py:588} INFO - Filling up the DagBag from /home/airflow/.local/lib/python3.9/site-packages/airflow/example_dags/example_time_delta_sensor_async.py
[2025-02-04T16:49:54.217+0000] {processor.py:925} INFO - DAG(s) 'example_time_delta_sensor_async' retrieved from /home/airflow/.local/lib/python3.9/site-packages/airflow/example_dags/example_time_delta_sensor_async.py
[2025-02-04T16:49:54.239+0000] {logging_mixin.py:190} INFO - [2025-02-04T16:49:54.239+0000] {dag.py:3239} INFO - Sync 1 DAGs
[2025-02-04T16:49:54.256+0000] {logging_mixin.py:190} INFO - [2025-02-04T16:49:54.256+0000] {dag.py:4180} INFO - Setting next_dagrun for example_time_delta_sensor_async to None, run_after=None
[2025-02-04T16:49:54.285+0000] {processor.py:208} INFO - Processing /home/airflow/.local/lib/python3.9/site-packages/airflow/example_dags/example_time_delta_sensor_async.py took 0.085 seconds
