[2025-02-04T16:21:42.000+0000] {processor.py:186} INFO - Started process (PID=71) to work on /home/airflow/.local/lib/python3.9/site-packages/airflow/example_dags/example_branch_operator_decorator.py
[2025-02-04T16:21:42.003+0000] {processor.py:914} INFO - Processing file /home/airflow/.local/lib/python3.9/site-packages/airflow/example_dags/example_branch_operator_decorator.py for tasks to queue
[2025-02-04T16:21:42.320+0000] {logging_mixin.py:190} INFO - [2025-02-04T16:21:42.319+0000] {dagbag.py:588} INFO - Filling up the DagBag from /home/airflow/.local/lib/python3.9/site-packages/airflow/example_dags/example_branch_operator_decorator.py
[2025-02-04T16:21:42.386+0000] {processor.py:925} INFO - DAG(s) 'example_branch_python_operator_decorator' retrieved from /home/airflow/.local/lib/python3.9/site-packages/airflow/example_dags/example_branch_operator_decorator.py
[2025-02-04T16:21:44.878+0000] {logging_mixin.py:190} INFO - [2025-02-04T16:21:44.877+0000] {override.py:1912} INFO - Created Permission View: can delete on DAG:example_branch_python_operator_decorator
[2025-02-04T16:21:44.896+0000] {logging_mixin.py:190} INFO - [2025-02-04T16:21:44.896+0000] {override.py:1912} INFO - Created Permission View: can edit on DAG:example_branch_python_operator_decorator
[2025-02-04T16:21:44.913+0000] {logging_mixin.py:190} INFO - [2025-02-04T16:21:44.912+0000] {override.py:1912} INFO - Created Permission View: can read on DAG:example_branch_python_operator_decorator
[2025-02-04T16:21:44.936+0000] {logging_mixin.py:190} INFO - [2025-02-04T16:21:44.936+0000] {override.py:1912} INFO - Created Permission View: can delete on DAG Run:example_branch_python_operator_decorator
[2025-02-04T16:21:44.950+0000] {logging_mixin.py:190} INFO - [2025-02-04T16:21:44.950+0000] {override.py:1912} INFO - Created Permission View: menu access on DAG Run:example_branch_python_operator_decorator
[2025-02-04T16:21:44.964+0000] {logging_mixin.py:190} INFO - [2025-02-04T16:21:44.964+0000] {override.py:1912} INFO - Created Permission View: can read on DAG Run:example_branch_python_operator_decorator
[2025-02-04T16:21:44.978+0000] {logging_mixin.py:190} INFO - [2025-02-04T16:21:44.978+0000] {override.py:1912} INFO - Created Permission View: can create on DAG Run:example_branch_python_operator_decorator
[2025-02-04T16:21:44.979+0000] {logging_mixin.py:190} INFO - [2025-02-04T16:21:44.979+0000] {dag.py:3239} INFO - Sync 1 DAGs
[2025-02-04T16:21:44.994+0000] {logging_mixin.py:190} INFO - [2025-02-04T16:21:44.994+0000] {dag.py:3262} INFO - Creating ORM DAG for example_branch_python_operator_decorator
[2025-02-04T16:21:45.006+0000] {logging_mixin.py:190} INFO - [2025-02-04T16:21:45.006+0000] {dag.py:4180} INFO - Setting next_dagrun for example_branch_python_operator_decorator to 2025-02-03 00:00:00+00:00, run_after=2025-02-04 00:00:00+00:00
[2025-02-04T16:21:45.033+0000] {processor.py:208} INFO - Processing /home/airflow/.local/lib/python3.9/site-packages/airflow/example_dags/example_branch_operator_decorator.py took 3.286 seconds
[2025-02-04T16:23:23.687+0000] {processor.py:186} INFO - Started process (PID=150) to work on /home/airflow/.local/lib/python3.9/site-packages/airflow/example_dags/example_branch_operator_decorator.py
[2025-02-04T16:23:23.689+0000] {processor.py:914} INFO - Processing file /home/airflow/.local/lib/python3.9/site-packages/airflow/example_dags/example_branch_operator_decorator.py for tasks to queue
[2025-02-04T16:23:23.691+0000] {logging_mixin.py:190} INFO - [2025-02-04T16:23:23.691+0000] {dagbag.py:588} INFO - Filling up the DagBag from /home/airflow/.local/lib/python3.9/site-packages/airflow/example_dags/example_branch_operator_decorator.py
[2025-02-04T16:23:23.712+0000] {processor.py:925} INFO - DAG(s) 'example_branch_python_operator_decorator' retrieved from /home/airflow/.local/lib/python3.9/site-packages/airflow/example_dags/example_branch_operator_decorator.py
[2025-02-04T16:23:23.742+0000] {logging_mixin.py:190} INFO - [2025-02-04T16:23:23.742+0000] {dag.py:3239} INFO - Sync 1 DAGs
[2025-02-04T16:23:23.764+0000] {logging_mixin.py:190} INFO - [2025-02-04T16:23:23.764+0000] {dag.py:4180} INFO - Setting next_dagrun for example_branch_python_operator_decorator to 2025-02-03 00:00:00+00:00, run_after=2025-02-04 00:00:00+00:00
[2025-02-04T16:23:23.791+0000] {processor.py:208} INFO - Processing /home/airflow/.local/lib/python3.9/site-packages/airflow/example_dags/example_branch_operator_decorator.py took 0.110 seconds
[2025-02-04T16:23:54.771+0000] {processor.py:186} INFO - Started process (PID=215) to work on /home/airflow/.local/lib/python3.9/site-packages/airflow/example_dags/example_branch_operator_decorator.py
[2025-02-04T16:23:54.772+0000] {processor.py:914} INFO - Processing file /home/airflow/.local/lib/python3.9/site-packages/airflow/example_dags/example_branch_operator_decorator.py for tasks to queue
[2025-02-04T16:23:54.775+0000] {logging_mixin.py:190} INFO - [2025-02-04T16:23:54.775+0000] {dagbag.py:588} INFO - Filling up the DagBag from /home/airflow/.local/lib/python3.9/site-packages/airflow/example_dags/example_branch_operator_decorator.py
[2025-02-04T16:23:54.799+0000] {processor.py:925} INFO - DAG(s) 'example_branch_python_operator_decorator' retrieved from /home/airflow/.local/lib/python3.9/site-packages/airflow/example_dags/example_branch_operator_decorator.py
[2025-02-04T16:23:54.830+0000] {logging_mixin.py:190} INFO - [2025-02-04T16:23:54.829+0000] {dag.py:3239} INFO - Sync 1 DAGs
[2025-02-04T16:23:54.857+0000] {logging_mixin.py:190} INFO - [2025-02-04T16:23:54.857+0000] {dag.py:4180} INFO - Setting next_dagrun for example_branch_python_operator_decorator to 2025-02-03 00:00:00+00:00, run_after=2025-02-04 00:00:00+00:00
[2025-02-04T16:23:54.889+0000] {processor.py:208} INFO - Processing /home/airflow/.local/lib/python3.9/site-packages/airflow/example_dags/example_branch_operator_decorator.py took 0.125 seconds
[2025-02-04T16:24:25.167+0000] {processor.py:186} INFO - Started process (PID=278) to work on /home/airflow/.local/lib/python3.9/site-packages/airflow/example_dags/example_branch_operator_decorator.py
[2025-02-04T16:24:25.168+0000] {processor.py:914} INFO - Processing file /home/airflow/.local/lib/python3.9/site-packages/airflow/example_dags/example_branch_operator_decorator.py for tasks to queue
[2025-02-04T16:24:25.171+0000] {logging_mixin.py:190} INFO - [2025-02-04T16:24:25.170+0000] {dagbag.py:588} INFO - Filling up the DagBag from /home/airflow/.local/lib/python3.9/site-packages/airflow/example_dags/example_branch_operator_decorator.py
[2025-02-04T16:24:25.192+0000] {processor.py:925} INFO - DAG(s) 'example_branch_python_operator_decorator' retrieved from /home/airflow/.local/lib/python3.9/site-packages/airflow/example_dags/example_branch_operator_decorator.py
[2025-02-04T16:24:25.222+0000] {logging_mixin.py:190} INFO - [2025-02-04T16:24:25.222+0000] {dag.py:3239} INFO - Sync 1 DAGs
[2025-02-04T16:24:25.246+0000] {logging_mixin.py:190} INFO - [2025-02-04T16:24:25.245+0000] {dag.py:4180} INFO - Setting next_dagrun for example_branch_python_operator_decorator to 2025-02-03 00:00:00+00:00, run_after=2025-02-04 00:00:00+00:00
[2025-02-04T16:24:25.276+0000] {processor.py:208} INFO - Processing /home/airflow/.local/lib/python3.9/site-packages/airflow/example_dags/example_branch_operator_decorator.py took 0.115 seconds
[2025-02-04T16:24:55.362+0000] {processor.py:186} INFO - Started process (PID=342) to work on /home/airflow/.local/lib/python3.9/site-packages/airflow/example_dags/example_branch_operator_decorator.py
[2025-02-04T16:24:55.363+0000] {processor.py:914} INFO - Processing file /home/airflow/.local/lib/python3.9/site-packages/airflow/example_dags/example_branch_operator_decorator.py for tasks to queue
[2025-02-04T16:24:55.366+0000] {logging_mixin.py:190} INFO - [2025-02-04T16:24:55.366+0000] {dagbag.py:588} INFO - Filling up the DagBag from /home/airflow/.local/lib/python3.9/site-packages/airflow/example_dags/example_branch_operator_decorator.py
[2025-02-04T16:24:55.390+0000] {processor.py:925} INFO - DAG(s) 'example_branch_python_operator_decorator' retrieved from /home/airflow/.local/lib/python3.9/site-packages/airflow/example_dags/example_branch_operator_decorator.py
[2025-02-04T16:24:55.422+0000] {logging_mixin.py:190} INFO - [2025-02-04T16:24:55.422+0000] {dag.py:3239} INFO - Sync 1 DAGs
[2025-02-04T16:24:55.446+0000] {logging_mixin.py:190} INFO - [2025-02-04T16:24:55.445+0000] {dag.py:4180} INFO - Setting next_dagrun for example_branch_python_operator_decorator to 2025-02-03 00:00:00+00:00, run_after=2025-02-04 00:00:00+00:00
[2025-02-04T16:24:55.476+0000] {processor.py:208} INFO - Processing /home/airflow/.local/lib/python3.9/site-packages/airflow/example_dags/example_branch_operator_decorator.py took 0.120 seconds
[2025-02-04T16:25:26.165+0000] {processor.py:186} INFO - Started process (PID=406) to work on /home/airflow/.local/lib/python3.9/site-packages/airflow/example_dags/example_branch_operator_decorator.py
[2025-02-04T16:25:26.274+0000] {processor.py:914} INFO - Processing file /home/airflow/.local/lib/python3.9/site-packages/airflow/example_dags/example_branch_operator_decorator.py for tasks to queue
[2025-02-04T16:25:26.279+0000] {logging_mixin.py:190} INFO - [2025-02-04T16:25:26.278+0000] {dagbag.py:588} INFO - Filling up the DagBag from /home/airflow/.local/lib/python3.9/site-packages/airflow/example_dags/example_branch_operator_decorator.py
[2025-02-04T16:25:26.301+0000] {processor.py:925} INFO - DAG(s) 'example_branch_python_operator_decorator' retrieved from /home/airflow/.local/lib/python3.9/site-packages/airflow/example_dags/example_branch_operator_decorator.py
[2025-02-04T16:25:26.333+0000] {logging_mixin.py:190} INFO - [2025-02-04T16:25:26.333+0000] {dag.py:3239} INFO - Sync 1 DAGs
[2025-02-04T16:25:26.357+0000] {logging_mixin.py:190} INFO - [2025-02-04T16:25:26.357+0000] {dag.py:4180} INFO - Setting next_dagrun for example_branch_python_operator_decorator to 2025-02-03 00:00:00+00:00, run_after=2025-02-04 00:00:00+00:00
[2025-02-04T16:25:26.386+0000] {processor.py:208} INFO - Processing /home/airflow/.local/lib/python3.9/site-packages/airflow/example_dags/example_branch_operator_decorator.py took 0.230 seconds
[2025-02-04T16:25:56.848+0000] {processor.py:186} INFO - Started process (PID=470) to work on /home/airflow/.local/lib/python3.9/site-packages/airflow/example_dags/example_branch_operator_decorator.py
[2025-02-04T16:25:56.849+0000] {processor.py:914} INFO - Processing file /home/airflow/.local/lib/python3.9/site-packages/airflow/example_dags/example_branch_operator_decorator.py for tasks to queue
[2025-02-04T16:25:56.852+0000] {logging_mixin.py:190} INFO - [2025-02-04T16:25:56.851+0000] {dagbag.py:588} INFO - Filling up the DagBag from /home/airflow/.local/lib/python3.9/site-packages/airflow/example_dags/example_branch_operator_decorator.py
[2025-02-04T16:25:56.877+0000] {processor.py:925} INFO - DAG(s) 'example_branch_python_operator_decorator' retrieved from /home/airflow/.local/lib/python3.9/site-packages/airflow/example_dags/example_branch_operator_decorator.py
[2025-02-04T16:25:56.911+0000] {logging_mixin.py:190} INFO - [2025-02-04T16:25:56.910+0000] {dag.py:3239} INFO - Sync 1 DAGs
[2025-02-04T16:25:56.939+0000] {logging_mixin.py:190} INFO - [2025-02-04T16:25:56.939+0000] {dag.py:4180} INFO - Setting next_dagrun for example_branch_python_operator_decorator to 2025-02-03 00:00:00+00:00, run_after=2025-02-04 00:00:00+00:00
[2025-02-04T16:25:56.966+0000] {processor.py:208} INFO - Processing /home/airflow/.local/lib/python3.9/site-packages/airflow/example_dags/example_branch_operator_decorator.py took 0.126 seconds
[2025-02-04T16:26:27.597+0000] {processor.py:186} INFO - Started process (PID=532) to work on /home/airflow/.local/lib/python3.9/site-packages/airflow/example_dags/example_branch_operator_decorator.py
[2025-02-04T16:26:27.599+0000] {processor.py:914} INFO - Processing file /home/airflow/.local/lib/python3.9/site-packages/airflow/example_dags/example_branch_operator_decorator.py for tasks to queue
[2025-02-04T16:26:27.603+0000] {logging_mixin.py:190} INFO - [2025-02-04T16:26:27.603+0000] {dagbag.py:588} INFO - Filling up the DagBag from /home/airflow/.local/lib/python3.9/site-packages/airflow/example_dags/example_branch_operator_decorator.py
[2025-02-04T16:26:27.634+0000] {processor.py:925} INFO - DAG(s) 'example_branch_python_operator_decorator' retrieved from /home/airflow/.local/lib/python3.9/site-packages/airflow/example_dags/example_branch_operator_decorator.py
[2025-02-04T16:26:27.666+0000] {logging_mixin.py:190} INFO - [2025-02-04T16:26:27.666+0000] {dag.py:3239} INFO - Sync 1 DAGs
[2025-02-04T16:26:27.693+0000] {logging_mixin.py:190} INFO - [2025-02-04T16:26:27.693+0000] {dag.py:4180} INFO - Setting next_dagrun for example_branch_python_operator_decorator to 2025-02-03 00:00:00+00:00, run_after=2025-02-04 00:00:00+00:00
[2025-02-04T16:26:27.725+0000] {processor.py:208} INFO - Processing /home/airflow/.local/lib/python3.9/site-packages/airflow/example_dags/example_branch_operator_decorator.py took 0.136 seconds
[2025-02-04T16:26:57.917+0000] {processor.py:186} INFO - Started process (PID=596) to work on /home/airflow/.local/lib/python3.9/site-packages/airflow/example_dags/example_branch_operator_decorator.py
[2025-02-04T16:26:57.919+0000] {processor.py:914} INFO - Processing file /home/airflow/.local/lib/python3.9/site-packages/airflow/example_dags/example_branch_operator_decorator.py for tasks to queue
[2025-02-04T16:26:57.922+0000] {logging_mixin.py:190} INFO - [2025-02-04T16:26:57.921+0000] {dagbag.py:588} INFO - Filling up the DagBag from /home/airflow/.local/lib/python3.9/site-packages/airflow/example_dags/example_branch_operator_decorator.py
[2025-02-04T16:26:57.953+0000] {processor.py:925} INFO - DAG(s) 'example_branch_python_operator_decorator' retrieved from /home/airflow/.local/lib/python3.9/site-packages/airflow/example_dags/example_branch_operator_decorator.py
[2025-02-04T16:26:57.994+0000] {logging_mixin.py:190} INFO - [2025-02-04T16:26:57.994+0000] {dag.py:3239} INFO - Sync 1 DAGs
[2025-02-04T16:26:58.018+0000] {logging_mixin.py:190} INFO - [2025-02-04T16:26:58.018+0000] {dag.py:4180} INFO - Setting next_dagrun for example_branch_python_operator_decorator to 2025-02-03 00:00:00+00:00, run_after=2025-02-04 00:00:00+00:00
[2025-02-04T16:26:58.043+0000] {processor.py:208} INFO - Processing /home/airflow/.local/lib/python3.9/site-packages/airflow/example_dags/example_branch_operator_decorator.py took 0.136 seconds
[2025-02-04T16:27:28.950+0000] {processor.py:186} INFO - Started process (PID=660) to work on /home/airflow/.local/lib/python3.9/site-packages/airflow/example_dags/example_branch_operator_decorator.py
[2025-02-04T16:27:28.952+0000] {processor.py:914} INFO - Processing file /home/airflow/.local/lib/python3.9/site-packages/airflow/example_dags/example_branch_operator_decorator.py for tasks to queue
[2025-02-04T16:27:28.955+0000] {logging_mixin.py:190} INFO - [2025-02-04T16:27:28.954+0000] {dagbag.py:588} INFO - Filling up the DagBag from /home/airflow/.local/lib/python3.9/site-packages/airflow/example_dags/example_branch_operator_decorator.py
[2025-02-04T16:27:28.981+0000] {processor.py:925} INFO - DAG(s) 'example_branch_python_operator_decorator' retrieved from /home/airflow/.local/lib/python3.9/site-packages/airflow/example_dags/example_branch_operator_decorator.py
[2025-02-04T16:27:29.013+0000] {logging_mixin.py:190} INFO - [2025-02-04T16:27:29.012+0000] {dag.py:3239} INFO - Sync 1 DAGs
[2025-02-04T16:27:29.037+0000] {logging_mixin.py:190} INFO - [2025-02-04T16:27:29.037+0000] {dag.py:4180} INFO - Setting next_dagrun for example_branch_python_operator_decorator to 2025-02-03 00:00:00+00:00, run_after=2025-02-04 00:00:00+00:00
[2025-02-04T16:27:29.066+0000] {processor.py:208} INFO - Processing /home/airflow/.local/lib/python3.9/site-packages/airflow/example_dags/example_branch_operator_decorator.py took 0.122 seconds
[2025-02-04T16:27:59.814+0000] {processor.py:186} INFO - Started process (PID=731) to work on /home/airflow/.local/lib/python3.9/site-packages/airflow/example_dags/example_branch_operator_decorator.py
[2025-02-04T16:27:59.815+0000] {processor.py:914} INFO - Processing file /home/airflow/.local/lib/python3.9/site-packages/airflow/example_dags/example_branch_operator_decorator.py for tasks to queue
[2025-02-04T16:27:59.817+0000] {logging_mixin.py:190} INFO - [2025-02-04T16:27:59.817+0000] {dagbag.py:588} INFO - Filling up the DagBag from /home/airflow/.local/lib/python3.9/site-packages/airflow/example_dags/example_branch_operator_decorator.py
[2025-02-04T16:27:59.839+0000] {processor.py:925} INFO - DAG(s) 'example_branch_python_operator_decorator' retrieved from /home/airflow/.local/lib/python3.9/site-packages/airflow/example_dags/example_branch_operator_decorator.py
[2025-02-04T16:27:59.871+0000] {logging_mixin.py:190} INFO - [2025-02-04T16:27:59.870+0000] {dag.py:3239} INFO - Sync 1 DAGs
[2025-02-04T16:27:59.930+0000] {logging_mixin.py:190} INFO - [2025-02-04T16:27:59.930+0000] {dag.py:4180} INFO - Setting next_dagrun for example_branch_python_operator_decorator to 2025-02-03 00:00:00+00:00, run_after=2025-02-04 00:00:00+00:00
[2025-02-04T16:28:00.012+0000] {processor.py:208} INFO - Processing /home/airflow/.local/lib/python3.9/site-packages/airflow/example_dags/example_branch_operator_decorator.py took 0.205 seconds
[2025-02-04T16:28:30.304+0000] {processor.py:186} INFO - Started process (PID=795) to work on /home/airflow/.local/lib/python3.9/site-packages/airflow/example_dags/example_branch_operator_decorator.py
[2025-02-04T16:28:30.305+0000] {processor.py:914} INFO - Processing file /home/airflow/.local/lib/python3.9/site-packages/airflow/example_dags/example_branch_operator_decorator.py for tasks to queue
[2025-02-04T16:28:30.310+0000] {logging_mixin.py:190} INFO - [2025-02-04T16:28:30.309+0000] {dagbag.py:588} INFO - Filling up the DagBag from /home/airflow/.local/lib/python3.9/site-packages/airflow/example_dags/example_branch_operator_decorator.py
[2025-02-04T16:28:30.355+0000] {processor.py:925} INFO - DAG(s) 'example_branch_python_operator_decorator' retrieved from /home/airflow/.local/lib/python3.9/site-packages/airflow/example_dags/example_branch_operator_decorator.py
[2025-02-04T16:28:30.386+0000] {logging_mixin.py:190} INFO - [2025-02-04T16:28:30.386+0000] {dag.py:3239} INFO - Sync 1 DAGs
[2025-02-04T16:28:30.458+0000] {logging_mixin.py:190} INFO - [2025-02-04T16:28:30.458+0000] {dag.py:4180} INFO - Setting next_dagrun for example_branch_python_operator_decorator to 2025-02-03 00:00:00+00:00, run_after=2025-02-04 00:00:00+00:00
[2025-02-04T16:28:30.488+0000] {processor.py:208} INFO - Processing /home/airflow/.local/lib/python3.9/site-packages/airflow/example_dags/example_branch_operator_decorator.py took 0.191 seconds
[2025-02-04T16:29:00.643+0000] {processor.py:186} INFO - Started process (PID=859) to work on /home/airflow/.local/lib/python3.9/site-packages/airflow/example_dags/example_branch_operator_decorator.py
[2025-02-04T16:29:00.644+0000] {processor.py:914} INFO - Processing file /home/airflow/.local/lib/python3.9/site-packages/airflow/example_dags/example_branch_operator_decorator.py for tasks to queue
[2025-02-04T16:29:00.648+0000] {logging_mixin.py:190} INFO - [2025-02-04T16:29:00.648+0000] {dagbag.py:588} INFO - Filling up the DagBag from /home/airflow/.local/lib/python3.9/site-packages/airflow/example_dags/example_branch_operator_decorator.py
[2025-02-04T16:29:00.672+0000] {processor.py:925} INFO - DAG(s) 'example_branch_python_operator_decorator' retrieved from /home/airflow/.local/lib/python3.9/site-packages/airflow/example_dags/example_branch_operator_decorator.py
[2025-02-04T16:29:00.701+0000] {logging_mixin.py:190} INFO - [2025-02-04T16:29:00.701+0000] {dag.py:3239} INFO - Sync 1 DAGs
[2025-02-04T16:29:00.726+0000] {logging_mixin.py:190} INFO - [2025-02-04T16:29:00.726+0000] {dag.py:4180} INFO - Setting next_dagrun for example_branch_python_operator_decorator to 2025-02-03 00:00:00+00:00, run_after=2025-02-04 00:00:00+00:00
[2025-02-04T16:29:00.750+0000] {processor.py:208} INFO - Processing /home/airflow/.local/lib/python3.9/site-packages/airflow/example_dags/example_branch_operator_decorator.py took 0.115 seconds
[2025-02-04T16:29:31.061+0000] {processor.py:186} INFO - Started process (PID=919) to work on /home/airflow/.local/lib/python3.9/site-packages/airflow/example_dags/example_branch_operator_decorator.py
[2025-02-04T16:29:31.063+0000] {processor.py:914} INFO - Processing file /home/airflow/.local/lib/python3.9/site-packages/airflow/example_dags/example_branch_operator_decorator.py for tasks to queue
[2025-02-04T16:29:31.066+0000] {logging_mixin.py:190} INFO - [2025-02-04T16:29:31.066+0000] {dagbag.py:588} INFO - Filling up the DagBag from /home/airflow/.local/lib/python3.9/site-packages/airflow/example_dags/example_branch_operator_decorator.py
[2025-02-04T16:29:31.090+0000] {processor.py:925} INFO - DAG(s) 'example_branch_python_operator_decorator' retrieved from /home/airflow/.local/lib/python3.9/site-packages/airflow/example_dags/example_branch_operator_decorator.py
[2025-02-04T16:29:31.128+0000] {logging_mixin.py:190} INFO - [2025-02-04T16:29:31.127+0000] {dag.py:3239} INFO - Sync 1 DAGs
[2025-02-04T16:29:31.159+0000] {logging_mixin.py:190} INFO - [2025-02-04T16:29:31.159+0000] {dag.py:4180} INFO - Setting next_dagrun for example_branch_python_operator_decorator to 2025-02-03 00:00:00+00:00, run_after=2025-02-04 00:00:00+00:00
[2025-02-04T16:29:31.189+0000] {processor.py:208} INFO - Processing /home/airflow/.local/lib/python3.9/site-packages/airflow/example_dags/example_branch_operator_decorator.py took 0.136 seconds
[2025-02-04T16:30:01.457+0000] {processor.py:186} INFO - Started process (PID=983) to work on /home/airflow/.local/lib/python3.9/site-packages/airflow/example_dags/example_branch_operator_decorator.py
[2025-02-04T16:30:01.459+0000] {processor.py:914} INFO - Processing file /home/airflow/.local/lib/python3.9/site-packages/airflow/example_dags/example_branch_operator_decorator.py for tasks to queue
[2025-02-04T16:30:01.464+0000] {logging_mixin.py:190} INFO - [2025-02-04T16:30:01.464+0000] {dagbag.py:588} INFO - Filling up the DagBag from /home/airflow/.local/lib/python3.9/site-packages/airflow/example_dags/example_branch_operator_decorator.py
[2025-02-04T16:30:01.499+0000] {processor.py:925} INFO - DAG(s) 'example_branch_python_operator_decorator' retrieved from /home/airflow/.local/lib/python3.9/site-packages/airflow/example_dags/example_branch_operator_decorator.py
[2025-02-04T16:30:01.537+0000] {logging_mixin.py:190} INFO - [2025-02-04T16:30:01.536+0000] {dag.py:3239} INFO - Sync 1 DAGs
[2025-02-04T16:30:01.566+0000] {logging_mixin.py:190} INFO - [2025-02-04T16:30:01.566+0000] {dag.py:4180} INFO - Setting next_dagrun for example_branch_python_operator_decorator to 2025-02-03 00:00:00+00:00, run_after=2025-02-04 00:00:00+00:00
[2025-02-04T16:30:01.599+0000] {processor.py:208} INFO - Processing /home/airflow/.local/lib/python3.9/site-packages/airflow/example_dags/example_branch_operator_decorator.py took 0.151 seconds
[2025-02-04T16:30:32.402+0000] {processor.py:186} INFO - Started process (PID=1047) to work on /home/airflow/.local/lib/python3.9/site-packages/airflow/example_dags/example_branch_operator_decorator.py
[2025-02-04T16:30:32.403+0000] {processor.py:914} INFO - Processing file /home/airflow/.local/lib/python3.9/site-packages/airflow/example_dags/example_branch_operator_decorator.py for tasks to queue
[2025-02-04T16:30:32.405+0000] {logging_mixin.py:190} INFO - [2025-02-04T16:30:32.405+0000] {dagbag.py:588} INFO - Filling up the DagBag from /home/airflow/.local/lib/python3.9/site-packages/airflow/example_dags/example_branch_operator_decorator.py
[2025-02-04T16:30:32.432+0000] {processor.py:925} INFO - DAG(s) 'example_branch_python_operator_decorator' retrieved from /home/airflow/.local/lib/python3.9/site-packages/airflow/example_dags/example_branch_operator_decorator.py
[2025-02-04T16:30:32.610+0000] {logging_mixin.py:190} INFO - [2025-02-04T16:30:32.609+0000] {dag.py:3239} INFO - Sync 1 DAGs
[2025-02-04T16:30:32.637+0000] {logging_mixin.py:190} INFO - [2025-02-04T16:30:32.637+0000] {dag.py:4180} INFO - Setting next_dagrun for example_branch_python_operator_decorator to 2025-02-03 00:00:00+00:00, run_after=2025-02-04 00:00:00+00:00
[2025-02-04T16:30:32.667+0000] {processor.py:208} INFO - Processing /home/airflow/.local/lib/python3.9/site-packages/airflow/example_dags/example_branch_operator_decorator.py took 0.273 seconds
[2025-02-04T16:31:03.061+0000] {processor.py:186} INFO - Started process (PID=1111) to work on /home/airflow/.local/lib/python3.9/site-packages/airflow/example_dags/example_branch_operator_decorator.py
[2025-02-04T16:31:03.063+0000] {processor.py:914} INFO - Processing file /home/airflow/.local/lib/python3.9/site-packages/airflow/example_dags/example_branch_operator_decorator.py for tasks to queue
[2025-02-04T16:31:03.066+0000] {logging_mixin.py:190} INFO - [2025-02-04T16:31:03.066+0000] {dagbag.py:588} INFO - Filling up the DagBag from /home/airflow/.local/lib/python3.9/site-packages/airflow/example_dags/example_branch_operator_decorator.py
[2025-02-04T16:31:03.090+0000] {processor.py:925} INFO - DAG(s) 'example_branch_python_operator_decorator' retrieved from /home/airflow/.local/lib/python3.9/site-packages/airflow/example_dags/example_branch_operator_decorator.py
[2025-02-04T16:31:03.121+0000] {logging_mixin.py:190} INFO - [2025-02-04T16:31:03.121+0000] {dag.py:3239} INFO - Sync 1 DAGs
[2025-02-04T16:31:03.148+0000] {logging_mixin.py:190} INFO - [2025-02-04T16:31:03.147+0000] {dag.py:4180} INFO - Setting next_dagrun for example_branch_python_operator_decorator to 2025-02-03 00:00:00+00:00, run_after=2025-02-04 00:00:00+00:00
[2025-02-04T16:31:03.176+0000] {processor.py:208} INFO - Processing /home/airflow/.local/lib/python3.9/site-packages/airflow/example_dags/example_branch_operator_decorator.py took 0.122 seconds
[2025-02-04T16:31:34.056+0000] {processor.py:186} INFO - Started process (PID=1175) to work on /home/airflow/.local/lib/python3.9/site-packages/airflow/example_dags/example_branch_operator_decorator.py
[2025-02-04T16:31:34.057+0000] {processor.py:914} INFO - Processing file /home/airflow/.local/lib/python3.9/site-packages/airflow/example_dags/example_branch_operator_decorator.py for tasks to queue
[2025-02-04T16:31:34.059+0000] {logging_mixin.py:190} INFO - [2025-02-04T16:31:34.059+0000] {dagbag.py:588} INFO - Filling up the DagBag from /home/airflow/.local/lib/python3.9/site-packages/airflow/example_dags/example_branch_operator_decorator.py
[2025-02-04T16:31:34.089+0000] {processor.py:925} INFO - DAG(s) 'example_branch_python_operator_decorator' retrieved from /home/airflow/.local/lib/python3.9/site-packages/airflow/example_dags/example_branch_operator_decorator.py
[2025-02-04T16:31:34.123+0000] {logging_mixin.py:190} INFO - [2025-02-04T16:31:34.122+0000] {dag.py:3239} INFO - Sync 1 DAGs
[2025-02-04T16:31:34.208+0000] {logging_mixin.py:190} INFO - [2025-02-04T16:31:34.208+0000] {dag.py:4180} INFO - Setting next_dagrun for example_branch_python_operator_decorator to 2025-02-03 00:00:00+00:00, run_after=2025-02-04 00:00:00+00:00
[2025-02-04T16:31:34.258+0000] {processor.py:208} INFO - Processing /home/airflow/.local/lib/python3.9/site-packages/airflow/example_dags/example_branch_operator_decorator.py took 0.210 seconds
[2025-02-04T16:32:05.612+0000] {processor.py:186} INFO - Started process (PID=1239) to work on /home/airflow/.local/lib/python3.9/site-packages/airflow/example_dags/example_branch_operator_decorator.py
[2025-02-04T16:32:05.614+0000] {processor.py:914} INFO - Processing file /home/airflow/.local/lib/python3.9/site-packages/airflow/example_dags/example_branch_operator_decorator.py for tasks to queue
[2025-02-04T16:32:05.616+0000] {logging_mixin.py:190} INFO - [2025-02-04T16:32:05.616+0000] {dagbag.py:588} INFO - Filling up the DagBag from /home/airflow/.local/lib/python3.9/site-packages/airflow/example_dags/example_branch_operator_decorator.py
[2025-02-04T16:32:05.638+0000] {processor.py:925} INFO - DAG(s) 'example_branch_python_operator_decorator' retrieved from /home/airflow/.local/lib/python3.9/site-packages/airflow/example_dags/example_branch_operator_decorator.py
[2025-02-04T16:32:05.689+0000] {logging_mixin.py:190} INFO - [2025-02-04T16:32:05.688+0000] {dag.py:3239} INFO - Sync 1 DAGs
[2025-02-04T16:32:05.716+0000] {logging_mixin.py:190} INFO - [2025-02-04T16:32:05.715+0000] {dag.py:4180} INFO - Setting next_dagrun for example_branch_python_operator_decorator to 2025-02-03 00:00:00+00:00, run_after=2025-02-04 00:00:00+00:00
[2025-02-04T16:32:05.741+0000] {processor.py:208} INFO - Processing /home/airflow/.local/lib/python3.9/site-packages/airflow/example_dags/example_branch_operator_decorator.py took 0.136 seconds
[2025-02-04T16:32:35.817+0000] {processor.py:186} INFO - Started process (PID=1298) to work on /home/airflow/.local/lib/python3.9/site-packages/airflow/example_dags/example_branch_operator_decorator.py
[2025-02-04T16:32:35.819+0000] {processor.py:914} INFO - Processing file /home/airflow/.local/lib/python3.9/site-packages/airflow/example_dags/example_branch_operator_decorator.py for tasks to queue
[2025-02-04T16:32:35.872+0000] {logging_mixin.py:190} INFO - [2025-02-04T16:32:35.832+0000] {dagbag.py:588} INFO - Filling up the DagBag from /home/airflow/.local/lib/python3.9/site-packages/airflow/example_dags/example_branch_operator_decorator.py
[2025-02-04T16:32:35.920+0000] {processor.py:925} INFO - DAG(s) 'example_branch_python_operator_decorator' retrieved from /home/airflow/.local/lib/python3.9/site-packages/airflow/example_dags/example_branch_operator_decorator.py
[2025-02-04T16:32:35.982+0000] {logging_mixin.py:190} INFO - [2025-02-04T16:32:35.981+0000] {dag.py:3239} INFO - Sync 1 DAGs
[2025-02-04T16:32:36.027+0000] {logging_mixin.py:190} INFO - [2025-02-04T16:32:36.026+0000] {dag.py:4180} INFO - Setting next_dagrun for example_branch_python_operator_decorator to 2025-02-03 00:00:00+00:00, run_after=2025-02-04 00:00:00+00:00
[2025-02-04T16:32:36.064+0000] {processor.py:208} INFO - Processing /home/airflow/.local/lib/python3.9/site-packages/airflow/example_dags/example_branch_operator_decorator.py took 0.261 seconds
[2025-02-04T16:33:06.227+0000] {processor.py:186} INFO - Started process (PID=1363) to work on /home/airflow/.local/lib/python3.9/site-packages/airflow/example_dags/example_branch_operator_decorator.py
[2025-02-04T16:33:06.229+0000] {processor.py:914} INFO - Processing file /home/airflow/.local/lib/python3.9/site-packages/airflow/example_dags/example_branch_operator_decorator.py for tasks to queue
[2025-02-04T16:33:06.232+0000] {logging_mixin.py:190} INFO - [2025-02-04T16:33:06.232+0000] {dagbag.py:588} INFO - Filling up the DagBag from /home/airflow/.local/lib/python3.9/site-packages/airflow/example_dags/example_branch_operator_decorator.py
[2025-02-04T16:33:06.255+0000] {processor.py:925} INFO - DAG(s) 'example_branch_python_operator_decorator' retrieved from /home/airflow/.local/lib/python3.9/site-packages/airflow/example_dags/example_branch_operator_decorator.py
[2025-02-04T16:33:06.300+0000] {logging_mixin.py:190} INFO - [2025-02-04T16:33:06.299+0000] {dag.py:3239} INFO - Sync 1 DAGs
[2025-02-04T16:33:06.332+0000] {logging_mixin.py:190} INFO - [2025-02-04T16:33:06.332+0000] {dag.py:4180} INFO - Setting next_dagrun for example_branch_python_operator_decorator to 2025-02-03 00:00:00+00:00, run_after=2025-02-04 00:00:00+00:00
[2025-02-04T16:33:06.372+0000] {processor.py:208} INFO - Processing /home/airflow/.local/lib/python3.9/site-packages/airflow/example_dags/example_branch_operator_decorator.py took 0.154 seconds
[2025-02-04T16:33:36.796+0000] {processor.py:186} INFO - Started process (PID=1434) to work on /home/airflow/.local/lib/python3.9/site-packages/airflow/example_dags/example_branch_operator_decorator.py
[2025-02-04T16:33:36.798+0000] {processor.py:914} INFO - Processing file /home/airflow/.local/lib/python3.9/site-packages/airflow/example_dags/example_branch_operator_decorator.py for tasks to queue
[2025-02-04T16:33:36.800+0000] {logging_mixin.py:190} INFO - [2025-02-04T16:33:36.800+0000] {dagbag.py:588} INFO - Filling up the DagBag from /home/airflow/.local/lib/python3.9/site-packages/airflow/example_dags/example_branch_operator_decorator.py
[2025-02-04T16:33:36.821+0000] {processor.py:925} INFO - DAG(s) 'example_branch_python_operator_decorator' retrieved from /home/airflow/.local/lib/python3.9/site-packages/airflow/example_dags/example_branch_operator_decorator.py
[2025-02-04T16:33:36.851+0000] {logging_mixin.py:190} INFO - [2025-02-04T16:33:36.851+0000] {dag.py:3239} INFO - Sync 1 DAGs
[2025-02-04T16:33:36.877+0000] {logging_mixin.py:190} INFO - [2025-02-04T16:33:36.877+0000] {dag.py:4180} INFO - Setting next_dagrun for example_branch_python_operator_decorator to 2025-02-03 00:00:00+00:00, run_after=2025-02-04 00:00:00+00:00
[2025-02-04T16:33:36.906+0000] {processor.py:208} INFO - Processing /home/airflow/.local/lib/python3.9/site-packages/airflow/example_dags/example_branch_operator_decorator.py took 0.117 seconds
[2025-02-04T16:34:07.546+0000] {processor.py:186} INFO - Started process (PID=1498) to work on /home/airflow/.local/lib/python3.9/site-packages/airflow/example_dags/example_branch_operator_decorator.py
[2025-02-04T16:34:07.548+0000] {processor.py:914} INFO - Processing file /home/airflow/.local/lib/python3.9/site-packages/airflow/example_dags/example_branch_operator_decorator.py for tasks to queue
[2025-02-04T16:34:07.551+0000] {logging_mixin.py:190} INFO - [2025-02-04T16:34:07.550+0000] {dagbag.py:588} INFO - Filling up the DagBag from /home/airflow/.local/lib/python3.9/site-packages/airflow/example_dags/example_branch_operator_decorator.py
[2025-02-04T16:34:07.573+0000] {processor.py:925} INFO - DAG(s) 'example_branch_python_operator_decorator' retrieved from /home/airflow/.local/lib/python3.9/site-packages/airflow/example_dags/example_branch_operator_decorator.py
[2025-02-04T16:34:07.606+0000] {logging_mixin.py:190} INFO - [2025-02-04T16:34:07.606+0000] {dag.py:3239} INFO - Sync 1 DAGs
[2025-02-04T16:34:07.736+0000] {logging_mixin.py:190} INFO - [2025-02-04T16:34:07.736+0000] {dag.py:4180} INFO - Setting next_dagrun for example_branch_python_operator_decorator to 2025-02-03 00:00:00+00:00, run_after=2025-02-04 00:00:00+00:00
[2025-02-04T16:34:07.770+0000] {processor.py:208} INFO - Processing /home/airflow/.local/lib/python3.9/site-packages/airflow/example_dags/example_branch_operator_decorator.py took 0.231 seconds
[2025-02-04T16:34:37.914+0000] {processor.py:186} INFO - Started process (PID=1561) to work on /home/airflow/.local/lib/python3.9/site-packages/airflow/example_dags/example_branch_operator_decorator.py
[2025-02-04T16:34:37.915+0000] {processor.py:914} INFO - Processing file /home/airflow/.local/lib/python3.9/site-packages/airflow/example_dags/example_branch_operator_decorator.py for tasks to queue
[2025-02-04T16:34:37.919+0000] {logging_mixin.py:190} INFO - [2025-02-04T16:34:37.918+0000] {dagbag.py:588} INFO - Filling up the DagBag from /home/airflow/.local/lib/python3.9/site-packages/airflow/example_dags/example_branch_operator_decorator.py
[2025-02-04T16:34:37.940+0000] {processor.py:925} INFO - DAG(s) 'example_branch_python_operator_decorator' retrieved from /home/airflow/.local/lib/python3.9/site-packages/airflow/example_dags/example_branch_operator_decorator.py
[2025-02-04T16:34:37.970+0000] {logging_mixin.py:190} INFO - [2025-02-04T16:34:37.969+0000] {dag.py:3239} INFO - Sync 1 DAGs
[2025-02-04T16:34:37.994+0000] {logging_mixin.py:190} INFO - [2025-02-04T16:34:37.994+0000] {dag.py:4180} INFO - Setting next_dagrun for example_branch_python_operator_decorator to 2025-02-03 00:00:00+00:00, run_after=2025-02-04 00:00:00+00:00
[2025-02-04T16:34:38.026+0000] {processor.py:208} INFO - Processing /home/airflow/.local/lib/python3.9/site-packages/airflow/example_dags/example_branch_operator_decorator.py took 0.117 seconds
[2025-02-04T16:35:08.344+0000] {processor.py:186} INFO - Started process (PID=1625) to work on /home/airflow/.local/lib/python3.9/site-packages/airflow/example_dags/example_branch_operator_decorator.py
[2025-02-04T16:35:08.345+0000] {processor.py:914} INFO - Processing file /home/airflow/.local/lib/python3.9/site-packages/airflow/example_dags/example_branch_operator_decorator.py for tasks to queue
[2025-02-04T16:35:08.349+0000] {logging_mixin.py:190} INFO - [2025-02-04T16:35:08.348+0000] {dagbag.py:588} INFO - Filling up the DagBag from /home/airflow/.local/lib/python3.9/site-packages/airflow/example_dags/example_branch_operator_decorator.py
[2025-02-04T16:35:08.373+0000] {processor.py:925} INFO - DAG(s) 'example_branch_python_operator_decorator' retrieved from /home/airflow/.local/lib/python3.9/site-packages/airflow/example_dags/example_branch_operator_decorator.py
[2025-02-04T16:35:09.701+0000] {logging_mixin.py:190} INFO - [2025-02-04T16:35:09.701+0000] {dag.py:3239} INFO - Sync 1 DAGs
[2025-02-04T16:35:09.729+0000] {logging_mixin.py:190} INFO - [2025-02-04T16:35:09.729+0000] {dag.py:4180} INFO - Setting next_dagrun for example_branch_python_operator_decorator to 2025-02-03 00:00:00+00:00, run_after=2025-02-04 00:00:00+00:00
[2025-02-04T16:35:09.756+0000] {processor.py:208} INFO - Processing /home/airflow/.local/lib/python3.9/site-packages/airflow/example_dags/example_branch_operator_decorator.py took 1.419 seconds
[2025-02-04T16:35:39.912+0000] {processor.py:186} INFO - Started process (PID=1691) to work on /home/airflow/.local/lib/python3.9/site-packages/airflow/example_dags/example_branch_operator_decorator.py
[2025-02-04T16:35:39.914+0000] {processor.py:914} INFO - Processing file /home/airflow/.local/lib/python3.9/site-packages/airflow/example_dags/example_branch_operator_decorator.py for tasks to queue
[2025-02-04T16:35:39.916+0000] {logging_mixin.py:190} INFO - [2025-02-04T16:35:39.916+0000] {dagbag.py:588} INFO - Filling up the DagBag from /home/airflow/.local/lib/python3.9/site-packages/airflow/example_dags/example_branch_operator_decorator.py
[2025-02-04T16:35:39.937+0000] {processor.py:925} INFO - DAG(s) 'example_branch_python_operator_decorator' retrieved from /home/airflow/.local/lib/python3.9/site-packages/airflow/example_dags/example_branch_operator_decorator.py
[2025-02-04T16:35:39.967+0000] {logging_mixin.py:190} INFO - [2025-02-04T16:35:39.966+0000] {dag.py:3239} INFO - Sync 1 DAGs
[2025-02-04T16:35:40.010+0000] {logging_mixin.py:190} INFO - [2025-02-04T16:35:40.010+0000] {dag.py:4180} INFO - Setting next_dagrun for example_branch_python_operator_decorator to 2025-02-03 00:00:00+00:00, run_after=2025-02-04 00:00:00+00:00
[2025-02-04T16:35:40.037+0000] {processor.py:208} INFO - Processing /home/airflow/.local/lib/python3.9/site-packages/airflow/example_dags/example_branch_operator_decorator.py took 0.131 seconds
[2025-02-04T16:36:10.349+0000] {processor.py:186} INFO - Started process (PID=1756) to work on /home/airflow/.local/lib/python3.9/site-packages/airflow/example_dags/example_branch_operator_decorator.py
[2025-02-04T16:36:10.351+0000] {processor.py:914} INFO - Processing file /home/airflow/.local/lib/python3.9/site-packages/airflow/example_dags/example_branch_operator_decorator.py for tasks to queue
[2025-02-04T16:36:10.354+0000] {logging_mixin.py:190} INFO - [2025-02-04T16:36:10.354+0000] {dagbag.py:588} INFO - Filling up the DagBag from /home/airflow/.local/lib/python3.9/site-packages/airflow/example_dags/example_branch_operator_decorator.py
[2025-02-04T16:36:10.377+0000] {processor.py:925} INFO - DAG(s) 'example_branch_python_operator_decorator' retrieved from /home/airflow/.local/lib/python3.9/site-packages/airflow/example_dags/example_branch_operator_decorator.py
[2025-02-04T16:36:10.408+0000] {logging_mixin.py:190} INFO - [2025-02-04T16:36:10.408+0000] {dag.py:3239} INFO - Sync 1 DAGs
[2025-02-04T16:36:10.433+0000] {logging_mixin.py:190} INFO - [2025-02-04T16:36:10.433+0000] {dag.py:4180} INFO - Setting next_dagrun for example_branch_python_operator_decorator to 2025-02-03 00:00:00+00:00, run_after=2025-02-04 00:00:00+00:00
[2025-02-04T16:36:10.462+0000] {processor.py:208} INFO - Processing /home/airflow/.local/lib/python3.9/site-packages/airflow/example_dags/example_branch_operator_decorator.py took 0.120 seconds
[2025-02-04T16:36:40.770+0000] {processor.py:186} INFO - Started process (PID=1820) to work on /home/airflow/.local/lib/python3.9/site-packages/airflow/example_dags/example_branch_operator_decorator.py
[2025-02-04T16:36:40.771+0000] {processor.py:914} INFO - Processing file /home/airflow/.local/lib/python3.9/site-packages/airflow/example_dags/example_branch_operator_decorator.py for tasks to queue
[2025-02-04T16:36:40.774+0000] {logging_mixin.py:190} INFO - [2025-02-04T16:36:40.774+0000] {dagbag.py:588} INFO - Filling up the DagBag from /home/airflow/.local/lib/python3.9/site-packages/airflow/example_dags/example_branch_operator_decorator.py
[2025-02-04T16:36:40.794+0000] {processor.py:925} INFO - DAG(s) 'example_branch_python_operator_decorator' retrieved from /home/airflow/.local/lib/python3.9/site-packages/airflow/example_dags/example_branch_operator_decorator.py
[2025-02-04T16:36:40.825+0000] {logging_mixin.py:190} INFO - [2025-02-04T16:36:40.825+0000] {dag.py:3239} INFO - Sync 1 DAGs
[2025-02-04T16:36:40.860+0000] {logging_mixin.py:190} INFO - [2025-02-04T16:36:40.860+0000] {dag.py:4180} INFO - Setting next_dagrun for example_branch_python_operator_decorator to 2025-02-03 00:00:00+00:00, run_after=2025-02-04 00:00:00+00:00
[2025-02-04T16:36:40.886+0000] {processor.py:208} INFO - Processing /home/airflow/.local/lib/python3.9/site-packages/airflow/example_dags/example_branch_operator_decorator.py took 0.122 seconds
[2025-02-04T16:38:18.966+0000] {processor.py:186} INFO - Started process (PID=1881) to work on /home/airflow/.local/lib/python3.9/site-packages/airflow/example_dags/example_branch_operator_decorator.py
[2025-02-04T16:38:18.968+0000] {processor.py:914} INFO - Processing file /home/airflow/.local/lib/python3.9/site-packages/airflow/example_dags/example_branch_operator_decorator.py for tasks to queue
[2025-02-04T16:38:18.970+0000] {logging_mixin.py:190} INFO - [2025-02-04T16:38:18.970+0000] {dagbag.py:588} INFO - Filling up the DagBag from /home/airflow/.local/lib/python3.9/site-packages/airflow/example_dags/example_branch_operator_decorator.py
[2025-02-04T16:38:18.991+0000] {processor.py:925} INFO - DAG(s) 'example_branch_python_operator_decorator' retrieved from /home/airflow/.local/lib/python3.9/site-packages/airflow/example_dags/example_branch_operator_decorator.py
[2025-02-04T16:38:19.415+0000] {logging_mixin.py:190} INFO - [2025-02-04T16:38:19.414+0000] {dag.py:3239} INFO - Sync 1 DAGs
[2025-02-04T16:38:19.442+0000] {logging_mixin.py:190} INFO - [2025-02-04T16:38:19.442+0000] {dag.py:4180} INFO - Setting next_dagrun for example_branch_python_operator_decorator to 2025-02-03 00:00:00+00:00, run_after=2025-02-04 00:00:00+00:00
[2025-02-04T16:38:19.476+0000] {processor.py:208} INFO - Processing /home/airflow/.local/lib/python3.9/site-packages/airflow/example_dags/example_branch_operator_decorator.py took 0.517 seconds
[2025-02-04T16:39:28.064+0000] {processor.py:186} INFO - Started process (PID=1938) to work on /home/airflow/.local/lib/python3.9/site-packages/airflow/example_dags/example_branch_operator_decorator.py
[2025-02-04T16:39:28.066+0000] {processor.py:914} INFO - Processing file /home/airflow/.local/lib/python3.9/site-packages/airflow/example_dags/example_branch_operator_decorator.py for tasks to queue
[2025-02-04T16:39:28.069+0000] {logging_mixin.py:190} INFO - [2025-02-04T16:39:28.069+0000] {dagbag.py:588} INFO - Filling up the DagBag from /home/airflow/.local/lib/python3.9/site-packages/airflow/example_dags/example_branch_operator_decorator.py
[2025-02-04T16:39:28.102+0000] {processor.py:925} INFO - DAG(s) 'example_branch_python_operator_decorator' retrieved from /home/airflow/.local/lib/python3.9/site-packages/airflow/example_dags/example_branch_operator_decorator.py
[2025-02-04T16:39:28.240+0000] {logging_mixin.py:190} INFO - [2025-02-04T16:39:28.239+0000] {dag.py:3239} INFO - Sync 1 DAGs
[2025-02-04T16:39:28.317+0000] {logging_mixin.py:190} INFO - [2025-02-04T16:39:28.317+0000] {dag.py:4180} INFO - Setting next_dagrun for example_branch_python_operator_decorator to 2025-02-03 00:00:00+00:00, run_after=2025-02-04 00:00:00+00:00
[2025-02-04T16:39:28.352+0000] {processor.py:208} INFO - Processing /home/airflow/.local/lib/python3.9/site-packages/airflow/example_dags/example_branch_operator_decorator.py took 0.297 seconds
[2025-02-04T16:39:58.487+0000] {processor.py:186} INFO - Started process (PID=2002) to work on /home/airflow/.local/lib/python3.9/site-packages/airflow/example_dags/example_branch_operator_decorator.py
[2025-02-04T16:39:58.488+0000] {processor.py:914} INFO - Processing file /home/airflow/.local/lib/python3.9/site-packages/airflow/example_dags/example_branch_operator_decorator.py for tasks to queue
[2025-02-04T16:39:58.489+0000] {logging_mixin.py:190} INFO - [2025-02-04T16:39:58.489+0000] {dagbag.py:588} INFO - Filling up the DagBag from /home/airflow/.local/lib/python3.9/site-packages/airflow/example_dags/example_branch_operator_decorator.py
[2025-02-04T16:39:58.508+0000] {processor.py:925} INFO - DAG(s) 'example_branch_python_operator_decorator' retrieved from /home/airflow/.local/lib/python3.9/site-packages/airflow/example_dags/example_branch_operator_decorator.py
[2025-02-04T16:39:58.534+0000] {logging_mixin.py:190} INFO - [2025-02-04T16:39:58.534+0000] {dag.py:3239} INFO - Sync 1 DAGs
[2025-02-04T16:39:58.556+0000] {logging_mixin.py:190} INFO - [2025-02-04T16:39:58.555+0000] {dag.py:4180} INFO - Setting next_dagrun for example_branch_python_operator_decorator to 2025-02-03 00:00:00+00:00, run_after=2025-02-04 00:00:00+00:00
[2025-02-04T16:39:58.581+0000] {processor.py:208} INFO - Processing /home/airflow/.local/lib/python3.9/site-packages/airflow/example_dags/example_branch_operator_decorator.py took 0.100 seconds
[2025-02-04T16:40:29.243+0000] {processor.py:186} INFO - Started process (PID=2064) to work on /home/airflow/.local/lib/python3.9/site-packages/airflow/example_dags/example_branch_operator_decorator.py
[2025-02-04T16:40:29.244+0000] {processor.py:914} INFO - Processing file /home/airflow/.local/lib/python3.9/site-packages/airflow/example_dags/example_branch_operator_decorator.py for tasks to queue
[2025-02-04T16:40:29.246+0000] {logging_mixin.py:190} INFO - [2025-02-04T16:40:29.246+0000] {dagbag.py:588} INFO - Filling up the DagBag from /home/airflow/.local/lib/python3.9/site-packages/airflow/example_dags/example_branch_operator_decorator.py
[2025-02-04T16:40:29.268+0000] {processor.py:925} INFO - DAG(s) 'example_branch_python_operator_decorator' retrieved from /home/airflow/.local/lib/python3.9/site-packages/airflow/example_dags/example_branch_operator_decorator.py
[2025-02-04T16:40:29.297+0000] {logging_mixin.py:190} INFO - [2025-02-04T16:40:29.296+0000] {dag.py:3239} INFO - Sync 1 DAGs
[2025-02-04T16:40:29.319+0000] {logging_mixin.py:190} INFO - [2025-02-04T16:40:29.319+0000] {dag.py:4180} INFO - Setting next_dagrun for example_branch_python_operator_decorator to 2025-02-03 00:00:00+00:00, run_after=2025-02-04 00:00:00+00:00
[2025-02-04T16:40:29.345+0000] {processor.py:208} INFO - Processing /home/airflow/.local/lib/python3.9/site-packages/airflow/example_dags/example_branch_operator_decorator.py took 0.109 seconds
[2025-02-04T16:41:00.097+0000] {processor.py:186} INFO - Started process (PID=2128) to work on /home/airflow/.local/lib/python3.9/site-packages/airflow/example_dags/example_branch_operator_decorator.py
[2025-02-04T16:41:00.098+0000] {processor.py:914} INFO - Processing file /home/airflow/.local/lib/python3.9/site-packages/airflow/example_dags/example_branch_operator_decorator.py for tasks to queue
[2025-02-04T16:41:00.100+0000] {logging_mixin.py:190} INFO - [2025-02-04T16:41:00.099+0000] {dagbag.py:588} INFO - Filling up the DagBag from /home/airflow/.local/lib/python3.9/site-packages/airflow/example_dags/example_branch_operator_decorator.py
[2025-02-04T16:41:00.120+0000] {processor.py:925} INFO - DAG(s) 'example_branch_python_operator_decorator' retrieved from /home/airflow/.local/lib/python3.9/site-packages/airflow/example_dags/example_branch_operator_decorator.py
[2025-02-04T16:41:00.155+0000] {logging_mixin.py:190} INFO - [2025-02-04T16:41:00.155+0000] {dag.py:3239} INFO - Sync 1 DAGs
[2025-02-04T16:41:00.180+0000] {logging_mixin.py:190} INFO - [2025-02-04T16:41:00.179+0000] {dag.py:4180} INFO - Setting next_dagrun for example_branch_python_operator_decorator to 2025-02-03 00:00:00+00:00, run_after=2025-02-04 00:00:00+00:00
[2025-02-04T16:41:00.257+0000] {processor.py:208} INFO - Processing /home/airflow/.local/lib/python3.9/site-packages/airflow/example_dags/example_branch_operator_decorator.py took 0.167 seconds
[2025-02-04T16:41:31.315+0000] {processor.py:186} INFO - Started process (PID=2192) to work on /home/airflow/.local/lib/python3.9/site-packages/airflow/example_dags/example_branch_operator_decorator.py
[2025-02-04T16:41:31.316+0000] {processor.py:914} INFO - Processing file /home/airflow/.local/lib/python3.9/site-packages/airflow/example_dags/example_branch_operator_decorator.py for tasks to queue
[2025-02-04T16:41:31.318+0000] {logging_mixin.py:190} INFO - [2025-02-04T16:41:31.318+0000] {dagbag.py:588} INFO - Filling up the DagBag from /home/airflow/.local/lib/python3.9/site-packages/airflow/example_dags/example_branch_operator_decorator.py
[2025-02-04T16:41:31.341+0000] {processor.py:925} INFO - DAG(s) 'example_branch_python_operator_decorator' retrieved from /home/airflow/.local/lib/python3.9/site-packages/airflow/example_dags/example_branch_operator_decorator.py
[2025-02-04T16:41:31.369+0000] {logging_mixin.py:190} INFO - [2025-02-04T16:41:31.369+0000] {dag.py:3239} INFO - Sync 1 DAGs
[2025-02-04T16:41:31.393+0000] {logging_mixin.py:190} INFO - [2025-02-04T16:41:31.393+0000] {dag.py:4180} INFO - Setting next_dagrun for example_branch_python_operator_decorator to 2025-02-03 00:00:00+00:00, run_after=2025-02-04 00:00:00+00:00
[2025-02-04T16:41:31.418+0000] {processor.py:208} INFO - Processing /home/airflow/.local/lib/python3.9/site-packages/airflow/example_dags/example_branch_operator_decorator.py took 0.111 seconds
[2025-02-04T16:42:02.345+0000] {processor.py:186} INFO - Started process (PID=2252) to work on /home/airflow/.local/lib/python3.9/site-packages/airflow/example_dags/example_branch_operator_decorator.py
[2025-02-04T16:42:02.346+0000] {processor.py:914} INFO - Processing file /home/airflow/.local/lib/python3.9/site-packages/airflow/example_dags/example_branch_operator_decorator.py for tasks to queue
[2025-02-04T16:42:02.348+0000] {logging_mixin.py:190} INFO - [2025-02-04T16:42:02.347+0000] {dagbag.py:588} INFO - Filling up the DagBag from /home/airflow/.local/lib/python3.9/site-packages/airflow/example_dags/example_branch_operator_decorator.py
[2025-02-04T16:42:02.369+0000] {processor.py:925} INFO - DAG(s) 'example_branch_python_operator_decorator' retrieved from /home/airflow/.local/lib/python3.9/site-packages/airflow/example_dags/example_branch_operator_decorator.py
[2025-02-04T16:42:02.396+0000] {logging_mixin.py:190} INFO - [2025-02-04T16:42:02.395+0000] {dag.py:3239} INFO - Sync 1 DAGs
[2025-02-04T16:42:02.418+0000] {logging_mixin.py:190} INFO - [2025-02-04T16:42:02.418+0000] {dag.py:4180} INFO - Setting next_dagrun for example_branch_python_operator_decorator to 2025-02-03 00:00:00+00:00, run_after=2025-02-04 00:00:00+00:00
[2025-02-04T16:42:02.443+0000] {processor.py:208} INFO - Processing /home/airflow/.local/lib/python3.9/site-packages/airflow/example_dags/example_branch_operator_decorator.py took 0.104 seconds
[2025-02-04T16:42:32.485+0000] {processor.py:186} INFO - Started process (PID=2310) to work on /home/airflow/.local/lib/python3.9/site-packages/airflow/example_dags/example_branch_operator_decorator.py
[2025-02-04T16:42:32.487+0000] {processor.py:914} INFO - Processing file /home/airflow/.local/lib/python3.9/site-packages/airflow/example_dags/example_branch_operator_decorator.py for tasks to queue
[2025-02-04T16:42:32.489+0000] {logging_mixin.py:190} INFO - [2025-02-04T16:42:32.489+0000] {dagbag.py:588} INFO - Filling up the DagBag from /home/airflow/.local/lib/python3.9/site-packages/airflow/example_dags/example_branch_operator_decorator.py
[2025-02-04T16:42:32.513+0000] {processor.py:925} INFO - DAG(s) 'example_branch_python_operator_decorator' retrieved from /home/airflow/.local/lib/python3.9/site-packages/airflow/example_dags/example_branch_operator_decorator.py
[2025-02-04T16:42:32.546+0000] {logging_mixin.py:190} INFO - [2025-02-04T16:42:32.545+0000] {dag.py:3239} INFO - Sync 1 DAGs
[2025-02-04T16:42:32.578+0000] {logging_mixin.py:190} INFO - [2025-02-04T16:42:32.577+0000] {dag.py:4180} INFO - Setting next_dagrun for example_branch_python_operator_decorator to 2025-02-03 00:00:00+00:00, run_after=2025-02-04 00:00:00+00:00
[2025-02-04T16:42:32.611+0000] {processor.py:208} INFO - Processing /home/airflow/.local/lib/python3.9/site-packages/airflow/example_dags/example_branch_operator_decorator.py took 0.133 seconds
[2025-02-04T16:43:02.720+0000] {processor.py:186} INFO - Started process (PID=2373) to work on /home/airflow/.local/lib/python3.9/site-packages/airflow/example_dags/example_branch_operator_decorator.py
[2025-02-04T16:43:02.722+0000] {processor.py:914} INFO - Processing file /home/airflow/.local/lib/python3.9/site-packages/airflow/example_dags/example_branch_operator_decorator.py for tasks to queue
[2025-02-04T16:43:02.723+0000] {logging_mixin.py:190} INFO - [2025-02-04T16:43:02.723+0000] {dagbag.py:588} INFO - Filling up the DagBag from /home/airflow/.local/lib/python3.9/site-packages/airflow/example_dags/example_branch_operator_decorator.py
[2025-02-04T16:43:02.745+0000] {processor.py:925} INFO - DAG(s) 'example_branch_python_operator_decorator' retrieved from /home/airflow/.local/lib/python3.9/site-packages/airflow/example_dags/example_branch_operator_decorator.py
[2025-02-04T16:43:02.778+0000] {logging_mixin.py:190} INFO - [2025-02-04T16:43:02.777+0000] {dag.py:3239} INFO - Sync 1 DAGs
[2025-02-04T16:43:02.806+0000] {logging_mixin.py:190} INFO - [2025-02-04T16:43:02.806+0000] {dag.py:4180} INFO - Setting next_dagrun for example_branch_python_operator_decorator to 2025-02-03 00:00:00+00:00, run_after=2025-02-04 00:00:00+00:00
[2025-02-04T16:43:02.835+0000] {processor.py:208} INFO - Processing /home/airflow/.local/lib/python3.9/site-packages/airflow/example_dags/example_branch_operator_decorator.py took 0.121 seconds
[2025-02-04T16:43:33.409+0000] {processor.py:186} INFO - Started process (PID=2437) to work on /home/airflow/.local/lib/python3.9/site-packages/airflow/example_dags/example_branch_operator_decorator.py
[2025-02-04T16:43:33.410+0000] {processor.py:914} INFO - Processing file /home/airflow/.local/lib/python3.9/site-packages/airflow/example_dags/example_branch_operator_decorator.py for tasks to queue
[2025-02-04T16:43:33.412+0000] {logging_mixin.py:190} INFO - [2025-02-04T16:43:33.412+0000] {dagbag.py:588} INFO - Filling up the DagBag from /home/airflow/.local/lib/python3.9/site-packages/airflow/example_dags/example_branch_operator_decorator.py
[2025-02-04T16:43:33.432+0000] {processor.py:925} INFO - DAG(s) 'example_branch_python_operator_decorator' retrieved from /home/airflow/.local/lib/python3.9/site-packages/airflow/example_dags/example_branch_operator_decorator.py
[2025-02-04T16:43:33.463+0000] {logging_mixin.py:190} INFO - [2025-02-04T16:43:33.463+0000] {dag.py:3239} INFO - Sync 1 DAGs
[2025-02-04T16:43:33.486+0000] {logging_mixin.py:190} INFO - [2025-02-04T16:43:33.486+0000] {dag.py:4180} INFO - Setting next_dagrun for example_branch_python_operator_decorator to 2025-02-03 00:00:00+00:00, run_after=2025-02-04 00:00:00+00:00
[2025-02-04T16:43:33.521+0000] {processor.py:208} INFO - Processing /home/airflow/.local/lib/python3.9/site-packages/airflow/example_dags/example_branch_operator_decorator.py took 0.119 seconds
[2025-02-04T16:44:03.985+0000] {processor.py:186} INFO - Started process (PID=2501) to work on /home/airflow/.local/lib/python3.9/site-packages/airflow/example_dags/example_branch_operator_decorator.py
[2025-02-04T16:44:03.987+0000] {processor.py:914} INFO - Processing file /home/airflow/.local/lib/python3.9/site-packages/airflow/example_dags/example_branch_operator_decorator.py for tasks to queue
[2025-02-04T16:44:03.989+0000] {logging_mixin.py:190} INFO - [2025-02-04T16:44:03.988+0000] {dagbag.py:588} INFO - Filling up the DagBag from /home/airflow/.local/lib/python3.9/site-packages/airflow/example_dags/example_branch_operator_decorator.py
[2025-02-04T16:44:04.016+0000] {processor.py:925} INFO - DAG(s) 'example_branch_python_operator_decorator' retrieved from /home/airflow/.local/lib/python3.9/site-packages/airflow/example_dags/example_branch_operator_decorator.py
[2025-02-04T16:44:04.048+0000] {logging_mixin.py:190} INFO - [2025-02-04T16:44:04.048+0000] {dag.py:3239} INFO - Sync 1 DAGs
[2025-02-04T16:44:04.074+0000] {logging_mixin.py:190} INFO - [2025-02-04T16:44:04.074+0000] {dag.py:4180} INFO - Setting next_dagrun for example_branch_python_operator_decorator to 2025-02-03 00:00:00+00:00, run_after=2025-02-04 00:00:00+00:00
[2025-02-04T16:44:04.102+0000] {processor.py:208} INFO - Processing /home/airflow/.local/lib/python3.9/site-packages/airflow/example_dags/example_branch_operator_decorator.py took 0.124 seconds
[2025-02-04T16:44:34.310+0000] {processor.py:186} INFO - Started process (PID=2565) to work on /home/airflow/.local/lib/python3.9/site-packages/airflow/example_dags/example_branch_operator_decorator.py
[2025-02-04T16:44:34.312+0000] {processor.py:914} INFO - Processing file /home/airflow/.local/lib/python3.9/site-packages/airflow/example_dags/example_branch_operator_decorator.py for tasks to queue
[2025-02-04T16:44:34.313+0000] {logging_mixin.py:190} INFO - [2025-02-04T16:44:34.313+0000] {dagbag.py:588} INFO - Filling up the DagBag from /home/airflow/.local/lib/python3.9/site-packages/airflow/example_dags/example_branch_operator_decorator.py
[2025-02-04T16:44:34.338+0000] {processor.py:925} INFO - DAG(s) 'example_branch_python_operator_decorator' retrieved from /home/airflow/.local/lib/python3.9/site-packages/airflow/example_dags/example_branch_operator_decorator.py
[2025-02-04T16:44:34.371+0000] {logging_mixin.py:190} INFO - [2025-02-04T16:44:34.371+0000] {dag.py:3239} INFO - Sync 1 DAGs
[2025-02-04T16:44:34.395+0000] {logging_mixin.py:190} INFO - [2025-02-04T16:44:34.395+0000] {dag.py:4180} INFO - Setting next_dagrun for example_branch_python_operator_decorator to 2025-02-03 00:00:00+00:00, run_after=2025-02-04 00:00:00+00:00
[2025-02-04T16:44:34.423+0000] {processor.py:208} INFO - Processing /home/airflow/.local/lib/python3.9/site-packages/airflow/example_dags/example_branch_operator_decorator.py took 0.119 seconds
[2025-02-04T16:45:04.843+0000] {processor.py:186} INFO - Started process (PID=2628) to work on /home/airflow/.local/lib/python3.9/site-packages/airflow/example_dags/example_branch_operator_decorator.py
[2025-02-04T16:45:04.845+0000] {processor.py:914} INFO - Processing file /home/airflow/.local/lib/python3.9/site-packages/airflow/example_dags/example_branch_operator_decorator.py for tasks to queue
[2025-02-04T16:45:04.846+0000] {logging_mixin.py:190} INFO - [2025-02-04T16:45:04.846+0000] {dagbag.py:588} INFO - Filling up the DagBag from /home/airflow/.local/lib/python3.9/site-packages/airflow/example_dags/example_branch_operator_decorator.py
[2025-02-04T16:45:04.877+0000] {processor.py:925} INFO - DAG(s) 'example_branch_python_operator_decorator' retrieved from /home/airflow/.local/lib/python3.9/site-packages/airflow/example_dags/example_branch_operator_decorator.py
[2025-02-04T16:45:04.914+0000] {logging_mixin.py:190} INFO - [2025-02-04T16:45:04.913+0000] {dag.py:3239} INFO - Sync 1 DAGs
[2025-02-04T16:45:04.939+0000] {logging_mixin.py:190} INFO - [2025-02-04T16:45:04.939+0000] {dag.py:4180} INFO - Setting next_dagrun for example_branch_python_operator_decorator to 2025-02-03 00:00:00+00:00, run_after=2025-02-04 00:00:00+00:00
[2025-02-04T16:45:04.968+0000] {processor.py:208} INFO - Processing /home/airflow/.local/lib/python3.9/site-packages/airflow/example_dags/example_branch_operator_decorator.py took 0.131 seconds
[2025-02-04T16:45:35.152+0000] {processor.py:186} INFO - Started process (PID=2698) to work on /home/airflow/.local/lib/python3.9/site-packages/airflow/example_dags/example_branch_operator_decorator.py
[2025-02-04T16:45:35.153+0000] {processor.py:914} INFO - Processing file /home/airflow/.local/lib/python3.9/site-packages/airflow/example_dags/example_branch_operator_decorator.py for tasks to queue
[2025-02-04T16:45:35.155+0000] {logging_mixin.py:190} INFO - [2025-02-04T16:45:35.155+0000] {dagbag.py:588} INFO - Filling up the DagBag from /home/airflow/.local/lib/python3.9/site-packages/airflow/example_dags/example_branch_operator_decorator.py
[2025-02-04T16:45:35.179+0000] {processor.py:925} INFO - DAG(s) 'example_branch_python_operator_decorator' retrieved from /home/airflow/.local/lib/python3.9/site-packages/airflow/example_dags/example_branch_operator_decorator.py
[2025-02-04T16:45:35.211+0000] {logging_mixin.py:190} INFO - [2025-02-04T16:45:35.211+0000] {dag.py:3239} INFO - Sync 1 DAGs
[2025-02-04T16:45:35.237+0000] {logging_mixin.py:190} INFO - [2025-02-04T16:45:35.237+0000] {dag.py:4180} INFO - Setting next_dagrun for example_branch_python_operator_decorator to 2025-02-03 00:00:00+00:00, run_after=2025-02-04 00:00:00+00:00
[2025-02-04T16:45:35.263+0000] {processor.py:208} INFO - Processing /home/airflow/.local/lib/python3.9/site-packages/airflow/example_dags/example_branch_operator_decorator.py took 0.118 seconds
[2025-02-04T16:46:05.948+0000] {processor.py:186} INFO - Started process (PID=2756) to work on /home/airflow/.local/lib/python3.9/site-packages/airflow/example_dags/example_branch_operator_decorator.py
[2025-02-04T16:46:05.950+0000] {processor.py:914} INFO - Processing file /home/airflow/.local/lib/python3.9/site-packages/airflow/example_dags/example_branch_operator_decorator.py for tasks to queue
[2025-02-04T16:46:05.952+0000] {logging_mixin.py:190} INFO - [2025-02-04T16:46:05.951+0000] {dagbag.py:588} INFO - Filling up the DagBag from /home/airflow/.local/lib/python3.9/site-packages/airflow/example_dags/example_branch_operator_decorator.py
[2025-02-04T16:46:06.074+0000] {processor.py:925} INFO - DAG(s) 'example_branch_python_operator_decorator' retrieved from /home/airflow/.local/lib/python3.9/site-packages/airflow/example_dags/example_branch_operator_decorator.py
[2025-02-04T16:46:06.109+0000] {logging_mixin.py:190} INFO - [2025-02-04T16:46:06.109+0000] {dag.py:3239} INFO - Sync 1 DAGs
[2025-02-04T16:46:06.136+0000] {logging_mixin.py:190} INFO - [2025-02-04T16:46:06.136+0000] {dag.py:4180} INFO - Setting next_dagrun for example_branch_python_operator_decorator to 2025-02-03 00:00:00+00:00, run_after=2025-02-04 00:00:00+00:00
[2025-02-04T16:46:06.166+0000] {processor.py:208} INFO - Processing /home/airflow/.local/lib/python3.9/site-packages/airflow/example_dags/example_branch_operator_decorator.py took 0.225 seconds
[2025-02-04T16:46:36.589+0000] {processor.py:186} INFO - Started process (PID=2820) to work on /home/airflow/.local/lib/python3.9/site-packages/airflow/example_dags/example_branch_operator_decorator.py
[2025-02-04T16:46:36.590+0000] {processor.py:914} INFO - Processing file /home/airflow/.local/lib/python3.9/site-packages/airflow/example_dags/example_branch_operator_decorator.py for tasks to queue
[2025-02-04T16:46:36.592+0000] {logging_mixin.py:190} INFO - [2025-02-04T16:46:36.592+0000] {dagbag.py:588} INFO - Filling up the DagBag from /home/airflow/.local/lib/python3.9/site-packages/airflow/example_dags/example_branch_operator_decorator.py
[2025-02-04T16:46:36.616+0000] {processor.py:925} INFO - DAG(s) 'example_branch_python_operator_decorator' retrieved from /home/airflow/.local/lib/python3.9/site-packages/airflow/example_dags/example_branch_operator_decorator.py
[2025-02-04T16:46:36.651+0000] {logging_mixin.py:190} INFO - [2025-02-04T16:46:36.651+0000] {dag.py:3239} INFO - Sync 1 DAGs
[2025-02-04T16:46:36.683+0000] {logging_mixin.py:190} INFO - [2025-02-04T16:46:36.682+0000] {dag.py:4180} INFO - Setting next_dagrun for example_branch_python_operator_decorator to 2025-02-03 00:00:00+00:00, run_after=2025-02-04 00:00:00+00:00
[2025-02-04T16:46:36.724+0000] {processor.py:208} INFO - Processing /home/airflow/.local/lib/python3.9/site-packages/airflow/example_dags/example_branch_operator_decorator.py took 0.143 seconds
[2025-02-04T16:47:08.628+0000] {processor.py:186} INFO - Started process (PID=2856) to work on /home/airflow/.local/lib/python3.9/site-packages/airflow/example_dags/example_branch_operator_decorator.py
[2025-02-04T16:47:08.629+0000] {processor.py:914} INFO - Processing file /home/airflow/.local/lib/python3.9/site-packages/airflow/example_dags/example_branch_operator_decorator.py for tasks to queue
[2025-02-04T16:47:08.630+0000] {logging_mixin.py:190} INFO - [2025-02-04T16:47:08.630+0000] {dagbag.py:588} INFO - Filling up the DagBag from /home/airflow/.local/lib/python3.9/site-packages/airflow/example_dags/example_branch_operator_decorator.py
[2025-02-04T16:47:08.653+0000] {processor.py:925} INFO - DAG(s) 'example_branch_python_operator_decorator' retrieved from /home/airflow/.local/lib/python3.9/site-packages/airflow/example_dags/example_branch_operator_decorator.py
[2025-02-04T16:47:08.684+0000] {logging_mixin.py:190} INFO - [2025-02-04T16:47:08.683+0000] {dag.py:3239} INFO - Sync 1 DAGs
[2025-02-04T16:47:08.782+0000] {logging_mixin.py:190} INFO - [2025-02-04T16:47:08.781+0000] {dag.py:4180} INFO - Setting next_dagrun for example_branch_python_operator_decorator to 2025-02-03 00:00:00+00:00, run_after=2025-02-04 00:00:00+00:00
[2025-02-04T16:47:08.805+0000] {processor.py:208} INFO - Processing /home/airflow/.local/lib/python3.9/site-packages/airflow/example_dags/example_branch_operator_decorator.py took 0.184 seconds
[2025-02-04T16:47:47.227+0000] {processor.py:186} INFO - Started process (PID=2920) to work on /home/airflow/.local/lib/python3.9/site-packages/airflow/example_dags/example_branch_operator_decorator.py
[2025-02-04T16:47:47.228+0000] {processor.py:914} INFO - Processing file /home/airflow/.local/lib/python3.9/site-packages/airflow/example_dags/example_branch_operator_decorator.py for tasks to queue
[2025-02-04T16:47:47.230+0000] {logging_mixin.py:190} INFO - [2025-02-04T16:47:47.230+0000] {dagbag.py:588} INFO - Filling up the DagBag from /home/airflow/.local/lib/python3.9/site-packages/airflow/example_dags/example_branch_operator_decorator.py
[2025-02-04T16:47:47.262+0000] {processor.py:925} INFO - DAG(s) 'example_branch_python_operator_decorator' retrieved from /home/airflow/.local/lib/python3.9/site-packages/airflow/example_dags/example_branch_operator_decorator.py
[2025-02-04T16:47:47.297+0000] {logging_mixin.py:190} INFO - [2025-02-04T16:47:47.297+0000] {dag.py:3239} INFO - Sync 1 DAGs
[2025-02-04T16:47:48.767+0000] {logging_mixin.py:190} INFO - [2025-02-04T16:47:48.767+0000] {dag.py:4180} INFO - Setting next_dagrun for example_branch_python_operator_decorator to 2025-02-03 00:00:00+00:00, run_after=2025-02-04 00:00:00+00:00
[2025-02-04T16:47:48.798+0000] {processor.py:208} INFO - Processing /home/airflow/.local/lib/python3.9/site-packages/airflow/example_dags/example_branch_operator_decorator.py took 1.581 seconds
[2025-02-04T16:48:19.370+0000] {processor.py:186} INFO - Started process (PID=2985) to work on /home/airflow/.local/lib/python3.9/site-packages/airflow/example_dags/example_branch_operator_decorator.py
[2025-02-04T16:48:19.372+0000] {processor.py:914} INFO - Processing file /home/airflow/.local/lib/python3.9/site-packages/airflow/example_dags/example_branch_operator_decorator.py for tasks to queue
[2025-02-04T16:48:19.373+0000] {logging_mixin.py:190} INFO - [2025-02-04T16:48:19.373+0000] {dagbag.py:588} INFO - Filling up the DagBag from /home/airflow/.local/lib/python3.9/site-packages/airflow/example_dags/example_branch_operator_decorator.py
[2025-02-04T16:48:19.402+0000] {processor.py:925} INFO - DAG(s) 'example_branch_python_operator_decorator' retrieved from /home/airflow/.local/lib/python3.9/site-packages/airflow/example_dags/example_branch_operator_decorator.py
[2025-02-04T16:48:19.429+0000] {logging_mixin.py:190} INFO - [2025-02-04T16:48:19.429+0000] {dag.py:3239} INFO - Sync 1 DAGs
[2025-02-04T16:48:19.452+0000] {logging_mixin.py:190} INFO - [2025-02-04T16:48:19.451+0000] {dag.py:4180} INFO - Setting next_dagrun for example_branch_python_operator_decorator to 2025-02-03 00:00:00+00:00, run_after=2025-02-04 00:00:00+00:00
[2025-02-04T16:48:19.508+0000] {processor.py:208} INFO - Processing /home/airflow/.local/lib/python3.9/site-packages/airflow/example_dags/example_branch_operator_decorator.py took 0.145 seconds
[2025-02-04T16:48:49.643+0000] {processor.py:186} INFO - Started process (PID=3049) to work on /home/airflow/.local/lib/python3.9/site-packages/airflow/example_dags/example_branch_operator_decorator.py
[2025-02-04T16:48:49.644+0000] {processor.py:914} INFO - Processing file /home/airflow/.local/lib/python3.9/site-packages/airflow/example_dags/example_branch_operator_decorator.py for tasks to queue
[2025-02-04T16:48:49.645+0000] {logging_mixin.py:190} INFO - [2025-02-04T16:48:49.645+0000] {dagbag.py:588} INFO - Filling up the DagBag from /home/airflow/.local/lib/python3.9/site-packages/airflow/example_dags/example_branch_operator_decorator.py
[2025-02-04T16:48:49.676+0000] {processor.py:925} INFO - DAG(s) 'example_branch_python_operator_decorator' retrieved from /home/airflow/.local/lib/python3.9/site-packages/airflow/example_dags/example_branch_operator_decorator.py
[2025-02-04T16:48:49.710+0000] {logging_mixin.py:190} INFO - [2025-02-04T16:48:49.709+0000] {dag.py:3239} INFO - Sync 1 DAGs
[2025-02-04T16:48:49.740+0000] {logging_mixin.py:190} INFO - [2025-02-04T16:48:49.739+0000] {dag.py:4180} INFO - Setting next_dagrun for example_branch_python_operator_decorator to 2025-02-03 00:00:00+00:00, run_after=2025-02-04 00:00:00+00:00
[2025-02-04T16:48:49.769+0000] {processor.py:208} INFO - Processing /home/airflow/.local/lib/python3.9/site-packages/airflow/example_dags/example_branch_operator_decorator.py took 0.134 seconds
[2025-02-04T16:49:20.793+0000] {processor.py:186} INFO - Started process (PID=3113) to work on /home/airflow/.local/lib/python3.9/site-packages/airflow/example_dags/example_branch_operator_decorator.py
[2025-02-04T16:49:20.794+0000] {processor.py:914} INFO - Processing file /home/airflow/.local/lib/python3.9/site-packages/airflow/example_dags/example_branch_operator_decorator.py for tasks to queue
[2025-02-04T16:49:20.796+0000] {logging_mixin.py:190} INFO - [2025-02-04T16:49:20.796+0000] {dagbag.py:588} INFO - Filling up the DagBag from /home/airflow/.local/lib/python3.9/site-packages/airflow/example_dags/example_branch_operator_decorator.py
[2025-02-04T16:49:20.822+0000] {processor.py:925} INFO - DAG(s) 'example_branch_python_operator_decorator' retrieved from /home/airflow/.local/lib/python3.9/site-packages/airflow/example_dags/example_branch_operator_decorator.py
[2025-02-04T16:49:20.851+0000] {logging_mixin.py:190} INFO - [2025-02-04T16:49:20.851+0000] {dag.py:3239} INFO - Sync 1 DAGs
[2025-02-04T16:49:20.875+0000] {logging_mixin.py:190} INFO - [2025-02-04T16:49:20.875+0000] {dag.py:4180} INFO - Setting next_dagrun for example_branch_python_operator_decorator to 2025-02-03 00:00:00+00:00, run_after=2025-02-04 00:00:00+00:00
[2025-02-04T16:49:20.912+0000] {processor.py:208} INFO - Processing /home/airflow/.local/lib/python3.9/site-packages/airflow/example_dags/example_branch_operator_decorator.py took 0.125 seconds
[2025-02-04T16:49:50.977+0000] {processor.py:186} INFO - Started process (PID=3177) to work on /home/airflow/.local/lib/python3.9/site-packages/airflow/example_dags/example_branch_operator_decorator.py
[2025-02-04T16:49:50.979+0000] {processor.py:914} INFO - Processing file /home/airflow/.local/lib/python3.9/site-packages/airflow/example_dags/example_branch_operator_decorator.py for tasks to queue
[2025-02-04T16:49:50.981+0000] {logging_mixin.py:190} INFO - [2025-02-04T16:49:50.980+0000] {dagbag.py:588} INFO - Filling up the DagBag from /home/airflow/.local/lib/python3.9/site-packages/airflow/example_dags/example_branch_operator_decorator.py
[2025-02-04T16:49:51.002+0000] {processor.py:925} INFO - DAG(s) 'example_branch_python_operator_decorator' retrieved from /home/airflow/.local/lib/python3.9/site-packages/airflow/example_dags/example_branch_operator_decorator.py
[2025-02-04T16:49:51.031+0000] {logging_mixin.py:190} INFO - [2025-02-04T16:49:51.031+0000] {dag.py:3239} INFO - Sync 1 DAGs
[2025-02-04T16:49:51.054+0000] {logging_mixin.py:190} INFO - [2025-02-04T16:49:51.054+0000] {dag.py:4180} INFO - Setting next_dagrun for example_branch_python_operator_decorator to 2025-02-03 00:00:00+00:00, run_after=2025-02-04 00:00:00+00:00
[2025-02-04T16:49:51.094+0000] {processor.py:208} INFO - Processing /home/airflow/.local/lib/python3.9/site-packages/airflow/example_dags/example_branch_operator_decorator.py took 0.126 seconds
