[2025-02-04T16:22:47.223+0000] {processor.py:186} INFO - Started process (PID=110) to work on /home/airflow/.local/lib/python3.9/site-packages/airflow/example_dags/example_sensors.py
[2025-02-04T16:22:47.224+0000] {processor.py:914} INFO - Processing file /home/airflow/.local/lib/python3.9/site-packages/airflow/example_dags/example_sensors.py for tasks to queue
[2025-02-04T16:22:47.227+0000] {logging_mixin.py:190} INFO - [2025-02-04T16:22:47.226+0000] {dagbag.py:588} INFO - Filling up the DagBag from /home/airflow/.local/lib/python3.9/site-packages/airflow/example_dags/example_sensors.py
[2025-02-04T16:22:47.851+0000] {processor.py:925} INFO - DAG(s) 'example_sensors' retrieved from /home/airflow/.local/lib/python3.9/site-packages/airflow/example_dags/example_sensors.py
[2025-02-04T16:22:47.968+0000] {logging_mixin.py:190} INFO - [2025-02-04T16:22:47.967+0000] {override.py:1912} INFO - Created Permission View: can delete on DAG:example_sensors
[2025-02-04T16:22:47.988+0000] {logging_mixin.py:190} INFO - [2025-02-04T16:22:47.987+0000] {override.py:1912} INFO - Created Permission View: can edit on DAG:example_sensors
[2025-02-04T16:22:48.003+0000] {logging_mixin.py:190} INFO - [2025-02-04T16:22:48.002+0000] {override.py:1912} INFO - Created Permission View: can read on DAG:example_sensors
[2025-02-04T16:22:48.023+0000] {logging_mixin.py:190} INFO - [2025-02-04T16:22:48.022+0000] {override.py:1912} INFO - Created Permission View: can delete on DAG Run:example_sensors
[2025-02-04T16:22:48.039+0000] {logging_mixin.py:190} INFO - [2025-02-04T16:22:48.039+0000] {override.py:1912} INFO - Created Permission View: menu access on DAG Run:example_sensors
[2025-02-04T16:22:48.054+0000] {logging_mixin.py:190} INFO - [2025-02-04T16:22:48.054+0000] {override.py:1912} INFO - Created Permission View: can read on DAG Run:example_sensors
[2025-02-04T16:22:48.070+0000] {logging_mixin.py:190} INFO - [2025-02-04T16:22:48.069+0000] {override.py:1912} INFO - Created Permission View: can create on DAG Run:example_sensors
[2025-02-04T16:22:48.071+0000] {logging_mixin.py:190} INFO - [2025-02-04T16:22:48.071+0000] {dag.py:3239} INFO - Sync 1 DAGs
[2025-02-04T16:22:48.084+0000] {logging_mixin.py:190} INFO - [2025-02-04T16:22:48.083+0000] {dag.py:3262} INFO - Creating ORM DAG for example_sensors
[2025-02-04T16:22:48.085+0000] {logging_mixin.py:190} INFO - [2025-02-04T16:22:48.085+0000] {dag.py:4180} INFO - Setting next_dagrun for example_sensors to None, run_after=None
[2025-02-04T16:22:48.112+0000] {processor.py:208} INFO - Processing /home/airflow/.local/lib/python3.9/site-packages/airflow/example_dags/example_sensors.py took 0.895 seconds
[2025-02-04T16:23:32.833+0000] {processor.py:186} INFO - Started process (PID=174) to work on /home/airflow/.local/lib/python3.9/site-packages/airflow/example_dags/example_sensors.py
[2025-02-04T16:23:32.835+0000] {processor.py:914} INFO - Processing file /home/airflow/.local/lib/python3.9/site-packages/airflow/example_dags/example_sensors.py for tasks to queue
[2025-02-04T16:23:32.839+0000] {logging_mixin.py:190} INFO - [2025-02-04T16:23:32.839+0000] {dagbag.py:588} INFO - Filling up the DagBag from /home/airflow/.local/lib/python3.9/site-packages/airflow/example_dags/example_sensors.py
[2025-02-04T16:23:32.859+0000] {processor.py:925} INFO - DAG(s) 'example_sensors' retrieved from /home/airflow/.local/lib/python3.9/site-packages/airflow/example_dags/example_sensors.py
[2025-02-04T16:23:32.899+0000] {logging_mixin.py:190} INFO - [2025-02-04T16:23:32.898+0000] {dag.py:3239} INFO - Sync 1 DAGs
[2025-02-04T16:23:32.923+0000] {logging_mixin.py:190} INFO - [2025-02-04T16:23:32.923+0000] {dag.py:4180} INFO - Setting next_dagrun for example_sensors to None, run_after=None
[2025-02-04T16:23:32.952+0000] {processor.py:208} INFO - Processing /home/airflow/.local/lib/python3.9/site-packages/airflow/example_dags/example_sensors.py took 0.128 seconds
[2025-02-04T16:24:03.334+0000] {processor.py:186} INFO - Started process (PID=237) to work on /home/airflow/.local/lib/python3.9/site-packages/airflow/example_dags/example_sensors.py
[2025-02-04T16:24:03.335+0000] {processor.py:914} INFO - Processing file /home/airflow/.local/lib/python3.9/site-packages/airflow/example_dags/example_sensors.py for tasks to queue
[2025-02-04T16:24:03.339+0000] {logging_mixin.py:190} INFO - [2025-02-04T16:24:03.339+0000] {dagbag.py:588} INFO - Filling up the DagBag from /home/airflow/.local/lib/python3.9/site-packages/airflow/example_dags/example_sensors.py
[2025-02-04T16:24:03.351+0000] {processor.py:925} INFO - DAG(s) 'example_sensors' retrieved from /home/airflow/.local/lib/python3.9/site-packages/airflow/example_dags/example_sensors.py
[2025-02-04T16:24:03.537+0000] {logging_mixin.py:190} INFO - [2025-02-04T16:24:03.537+0000] {dag.py:3239} INFO - Sync 1 DAGs
[2025-02-04T16:24:03.551+0000] {logging_mixin.py:190} INFO - [2025-02-04T16:24:03.551+0000] {dag.py:4180} INFO - Setting next_dagrun for example_sensors to None, run_after=None
[2025-02-04T16:24:03.584+0000] {processor.py:208} INFO - Processing /home/airflow/.local/lib/python3.9/site-packages/airflow/example_dags/example_sensors.py took 0.258 seconds
[2025-02-04T16:24:34.128+0000] {processor.py:186} INFO - Started process (PID=300) to work on /home/airflow/.local/lib/python3.9/site-packages/airflow/example_dags/example_sensors.py
[2025-02-04T16:24:34.129+0000] {processor.py:914} INFO - Processing file /home/airflow/.local/lib/python3.9/site-packages/airflow/example_dags/example_sensors.py for tasks to queue
[2025-02-04T16:24:34.132+0000] {logging_mixin.py:190} INFO - [2025-02-04T16:24:34.131+0000] {dagbag.py:588} INFO - Filling up the DagBag from /home/airflow/.local/lib/python3.9/site-packages/airflow/example_dags/example_sensors.py
[2025-02-04T16:24:34.144+0000] {processor.py:925} INFO - DAG(s) 'example_sensors' retrieved from /home/airflow/.local/lib/python3.9/site-packages/airflow/example_dags/example_sensors.py
[2025-02-04T16:24:34.172+0000] {logging_mixin.py:190} INFO - [2025-02-04T16:24:34.171+0000] {dag.py:3239} INFO - Sync 1 DAGs
[2025-02-04T16:24:34.186+0000] {logging_mixin.py:190} INFO - [2025-02-04T16:24:34.186+0000] {dag.py:4180} INFO - Setting next_dagrun for example_sensors to None, run_after=None
[2025-02-04T16:24:34.214+0000] {processor.py:208} INFO - Processing /home/airflow/.local/lib/python3.9/site-packages/airflow/example_dags/example_sensors.py took 0.093 seconds
[2025-02-04T16:25:04.937+0000] {processor.py:186} INFO - Started process (PID=364) to work on /home/airflow/.local/lib/python3.9/site-packages/airflow/example_dags/example_sensors.py
[2025-02-04T16:25:04.939+0000] {processor.py:914} INFO - Processing file /home/airflow/.local/lib/python3.9/site-packages/airflow/example_dags/example_sensors.py for tasks to queue
[2025-02-04T16:25:04.942+0000] {logging_mixin.py:190} INFO - [2025-02-04T16:25:04.941+0000] {dagbag.py:588} INFO - Filling up the DagBag from /home/airflow/.local/lib/python3.9/site-packages/airflow/example_dags/example_sensors.py
[2025-02-04T16:25:04.955+0000] {processor.py:925} INFO - DAG(s) 'example_sensors' retrieved from /home/airflow/.local/lib/python3.9/site-packages/airflow/example_dags/example_sensors.py
[2025-02-04T16:25:04.993+0000] {logging_mixin.py:190} INFO - [2025-02-04T16:25:04.993+0000] {dag.py:3239} INFO - Sync 1 DAGs
[2025-02-04T16:25:05.012+0000] {logging_mixin.py:190} INFO - [2025-02-04T16:25:05.011+0000] {dag.py:4180} INFO - Setting next_dagrun for example_sensors to None, run_after=None
[2025-02-04T16:25:05.050+0000] {processor.py:208} INFO - Processing /home/airflow/.local/lib/python3.9/site-packages/airflow/example_dags/example_sensors.py took 0.120 seconds
[2025-02-04T16:25:35.466+0000] {processor.py:186} INFO - Started process (PID=428) to work on /home/airflow/.local/lib/python3.9/site-packages/airflow/example_dags/example_sensors.py
[2025-02-04T16:25:35.470+0000] {processor.py:914} INFO - Processing file /home/airflow/.local/lib/python3.9/site-packages/airflow/example_dags/example_sensors.py for tasks to queue
[2025-02-04T16:25:35.474+0000] {logging_mixin.py:190} INFO - [2025-02-04T16:25:35.474+0000] {dagbag.py:588} INFO - Filling up the DagBag from /home/airflow/.local/lib/python3.9/site-packages/airflow/example_dags/example_sensors.py
[2025-02-04T16:25:35.489+0000] {processor.py:925} INFO - DAG(s) 'example_sensors' retrieved from /home/airflow/.local/lib/python3.9/site-packages/airflow/example_dags/example_sensors.py
[2025-02-04T16:25:35.518+0000] {logging_mixin.py:190} INFO - [2025-02-04T16:25:35.517+0000] {dag.py:3239} INFO - Sync 1 DAGs
[2025-02-04T16:25:35.533+0000] {logging_mixin.py:190} INFO - [2025-02-04T16:25:35.533+0000] {dag.py:4180} INFO - Setting next_dagrun for example_sensors to None, run_after=None
[2025-02-04T16:25:35.561+0000] {processor.py:208} INFO - Processing /home/airflow/.local/lib/python3.9/site-packages/airflow/example_dags/example_sensors.py took 0.104 seconds
[2025-02-04T16:26:05.838+0000] {processor.py:186} INFO - Started process (PID=499) to work on /home/airflow/.local/lib/python3.9/site-packages/airflow/example_dags/example_sensors.py
[2025-02-04T16:26:05.840+0000] {processor.py:914} INFO - Processing file /home/airflow/.local/lib/python3.9/site-packages/airflow/example_dags/example_sensors.py for tasks to queue
[2025-02-04T16:26:05.843+0000] {logging_mixin.py:190} INFO - [2025-02-04T16:26:05.842+0000] {dagbag.py:588} INFO - Filling up the DagBag from /home/airflow/.local/lib/python3.9/site-packages/airflow/example_dags/example_sensors.py
[2025-02-04T16:26:05.853+0000] {processor.py:925} INFO - DAG(s) 'example_sensors' retrieved from /home/airflow/.local/lib/python3.9/site-packages/airflow/example_dags/example_sensors.py
[2025-02-04T16:26:05.880+0000] {logging_mixin.py:190} INFO - [2025-02-04T16:26:05.880+0000] {dag.py:3239} INFO - Sync 1 DAGs
[2025-02-04T16:26:05.896+0000] {logging_mixin.py:190} INFO - [2025-02-04T16:26:05.895+0000] {dag.py:4180} INFO - Setting next_dagrun for example_sensors to None, run_after=None
[2025-02-04T16:26:05.921+0000] {processor.py:208} INFO - Processing /home/airflow/.local/lib/python3.9/site-packages/airflow/example_dags/example_sensors.py took 0.089 seconds
[2025-02-04T16:26:36.753+0000] {processor.py:186} INFO - Started process (PID=563) to work on /home/airflow/.local/lib/python3.9/site-packages/airflow/example_dags/example_sensors.py
[2025-02-04T16:26:36.755+0000] {processor.py:914} INFO - Processing file /home/airflow/.local/lib/python3.9/site-packages/airflow/example_dags/example_sensors.py for tasks to queue
[2025-02-04T16:26:36.758+0000] {logging_mixin.py:190} INFO - [2025-02-04T16:26:36.757+0000] {dagbag.py:588} INFO - Filling up the DagBag from /home/airflow/.local/lib/python3.9/site-packages/airflow/example_dags/example_sensors.py
[2025-02-04T16:26:36.770+0000] {processor.py:925} INFO - DAG(s) 'example_sensors' retrieved from /home/airflow/.local/lib/python3.9/site-packages/airflow/example_dags/example_sensors.py
[2025-02-04T16:26:36.813+0000] {logging_mixin.py:190} INFO - [2025-02-04T16:26:36.813+0000] {dag.py:3239} INFO - Sync 1 DAGs
[2025-02-04T16:26:36.828+0000] {logging_mixin.py:190} INFO - [2025-02-04T16:26:36.828+0000] {dag.py:4180} INFO - Setting next_dagrun for example_sensors to None, run_after=None
[2025-02-04T16:26:36.865+0000] {processor.py:208} INFO - Processing /home/airflow/.local/lib/python3.9/site-packages/airflow/example_dags/example_sensors.py took 0.119 seconds
[2025-02-04T16:27:06.903+0000] {processor.py:186} INFO - Started process (PID=627) to work on /home/airflow/.local/lib/python3.9/site-packages/airflow/example_dags/example_sensors.py
[2025-02-04T16:27:06.905+0000] {processor.py:914} INFO - Processing file /home/airflow/.local/lib/python3.9/site-packages/airflow/example_dags/example_sensors.py for tasks to queue
[2025-02-04T16:27:06.908+0000] {logging_mixin.py:190} INFO - [2025-02-04T16:27:06.907+0000] {dagbag.py:588} INFO - Filling up the DagBag from /home/airflow/.local/lib/python3.9/site-packages/airflow/example_dags/example_sensors.py
[2025-02-04T16:27:06.920+0000] {processor.py:925} INFO - DAG(s) 'example_sensors' retrieved from /home/airflow/.local/lib/python3.9/site-packages/airflow/example_dags/example_sensors.py
[2025-02-04T16:27:06.949+0000] {logging_mixin.py:190} INFO - [2025-02-04T16:27:06.949+0000] {dag.py:3239} INFO - Sync 1 DAGs
[2025-02-04T16:27:06.976+0000] {logging_mixin.py:190} INFO - [2025-02-04T16:27:06.976+0000] {dag.py:4180} INFO - Setting next_dagrun for example_sensors to None, run_after=None
[2025-02-04T16:27:07.011+0000] {processor.py:208} INFO - Processing /home/airflow/.local/lib/python3.9/site-packages/airflow/example_dags/example_sensors.py took 0.114 seconds
[2025-02-04T16:27:37.691+0000] {processor.py:186} INFO - Started process (PID=691) to work on /home/airflow/.local/lib/python3.9/site-packages/airflow/example_dags/example_sensors.py
[2025-02-04T16:27:37.890+0000] {processor.py:914} INFO - Processing file /home/airflow/.local/lib/python3.9/site-packages/airflow/example_dags/example_sensors.py for tasks to queue
[2025-02-04T16:27:37.896+0000] {logging_mixin.py:190} INFO - [2025-02-04T16:27:37.895+0000] {dagbag.py:588} INFO - Filling up the DagBag from /home/airflow/.local/lib/python3.9/site-packages/airflow/example_dags/example_sensors.py
[2025-02-04T16:27:37.907+0000] {processor.py:925} INFO - DAG(s) 'example_sensors' retrieved from /home/airflow/.local/lib/python3.9/site-packages/airflow/example_dags/example_sensors.py
[2025-02-04T16:27:38.026+0000] {logging_mixin.py:190} INFO - [2025-02-04T16:27:38.026+0000] {dag.py:3239} INFO - Sync 1 DAGs
[2025-02-04T16:27:38.040+0000] {logging_mixin.py:190} INFO - [2025-02-04T16:27:38.040+0000] {dag.py:4180} INFO - Setting next_dagrun for example_sensors to None, run_after=None
[2025-02-04T16:27:38.067+0000] {processor.py:208} INFO - Processing /home/airflow/.local/lib/python3.9/site-packages/airflow/example_dags/example_sensors.py took 0.383 seconds
[2025-02-04T16:28:08.870+0000] {processor.py:186} INFO - Started process (PID=755) to work on /home/airflow/.local/lib/python3.9/site-packages/airflow/example_dags/example_sensors.py
[2025-02-04T16:28:08.872+0000] {processor.py:914} INFO - Processing file /home/airflow/.local/lib/python3.9/site-packages/airflow/example_dags/example_sensors.py for tasks to queue
[2025-02-04T16:28:08.876+0000] {logging_mixin.py:190} INFO - [2025-02-04T16:28:08.875+0000] {dagbag.py:588} INFO - Filling up the DagBag from /home/airflow/.local/lib/python3.9/site-packages/airflow/example_dags/example_sensors.py
[2025-02-04T16:28:08.910+0000] {processor.py:925} INFO - DAG(s) 'example_sensors' retrieved from /home/airflow/.local/lib/python3.9/site-packages/airflow/example_dags/example_sensors.py
[2025-02-04T16:28:08.952+0000] {logging_mixin.py:190} INFO - [2025-02-04T16:28:08.951+0000] {dag.py:3239} INFO - Sync 1 DAGs
[2025-02-04T16:28:08.970+0000] {logging_mixin.py:190} INFO - [2025-02-04T16:28:08.970+0000] {dag.py:4180} INFO - Setting next_dagrun for example_sensors to None, run_after=None
[2025-02-04T16:28:09.177+0000] {processor.py:208} INFO - Processing /home/airflow/.local/lib/python3.9/site-packages/airflow/example_dags/example_sensors.py took 0.318 seconds
[2025-02-04T16:28:39.314+0000] {processor.py:186} INFO - Started process (PID=819) to work on /home/airflow/.local/lib/python3.9/site-packages/airflow/example_dags/example_sensors.py
[2025-02-04T16:28:39.315+0000] {processor.py:914} INFO - Processing file /home/airflow/.local/lib/python3.9/site-packages/airflow/example_dags/example_sensors.py for tasks to queue
[2025-02-04T16:28:39.318+0000] {logging_mixin.py:190} INFO - [2025-02-04T16:28:39.318+0000] {dagbag.py:588} INFO - Filling up the DagBag from /home/airflow/.local/lib/python3.9/site-packages/airflow/example_dags/example_sensors.py
[2025-02-04T16:28:39.330+0000] {processor.py:925} INFO - DAG(s) 'example_sensors' retrieved from /home/airflow/.local/lib/python3.9/site-packages/airflow/example_dags/example_sensors.py
[2025-02-04T16:28:39.360+0000] {logging_mixin.py:190} INFO - [2025-02-04T16:28:39.359+0000] {dag.py:3239} INFO - Sync 1 DAGs
[2025-02-04T16:28:39.374+0000] {logging_mixin.py:190} INFO - [2025-02-04T16:28:39.373+0000] {dag.py:4180} INFO - Setting next_dagrun for example_sensors to None, run_after=None
[2025-02-04T16:28:39.400+0000] {processor.py:208} INFO - Processing /home/airflow/.local/lib/python3.9/site-packages/airflow/example_dags/example_sensors.py took 0.093 seconds
[2025-02-04T16:29:09.868+0000] {processor.py:186} INFO - Started process (PID=883) to work on /home/airflow/.local/lib/python3.9/site-packages/airflow/example_dags/example_sensors.py
[2025-02-04T16:29:09.869+0000] {processor.py:914} INFO - Processing file /home/airflow/.local/lib/python3.9/site-packages/airflow/example_dags/example_sensors.py for tasks to queue
[2025-02-04T16:29:09.871+0000] {logging_mixin.py:190} INFO - [2025-02-04T16:29:09.871+0000] {dagbag.py:588} INFO - Filling up the DagBag from /home/airflow/.local/lib/python3.9/site-packages/airflow/example_dags/example_sensors.py
[2025-02-04T16:29:09.885+0000] {processor.py:925} INFO - DAG(s) 'example_sensors' retrieved from /home/airflow/.local/lib/python3.9/site-packages/airflow/example_dags/example_sensors.py
[2025-02-04T16:29:09.915+0000] {logging_mixin.py:190} INFO - [2025-02-04T16:29:09.915+0000] {dag.py:3239} INFO - Sync 1 DAGs
[2025-02-04T16:29:09.930+0000] {logging_mixin.py:190} INFO - [2025-02-04T16:29:09.930+0000] {dag.py:4180} INFO - Setting next_dagrun for example_sensors to None, run_after=None
[2025-02-04T16:29:09.976+0000] {processor.py:208} INFO - Processing /home/airflow/.local/lib/python3.9/site-packages/airflow/example_dags/example_sensors.py took 0.115 seconds
[2025-02-04T16:29:40.305+0000] {processor.py:186} INFO - Started process (PID=947) to work on /home/airflow/.local/lib/python3.9/site-packages/airflow/example_dags/example_sensors.py
[2025-02-04T16:29:40.306+0000] {processor.py:914} INFO - Processing file /home/airflow/.local/lib/python3.9/site-packages/airflow/example_dags/example_sensors.py for tasks to queue
[2025-02-04T16:29:40.309+0000] {logging_mixin.py:190} INFO - [2025-02-04T16:29:40.309+0000] {dagbag.py:588} INFO - Filling up the DagBag from /home/airflow/.local/lib/python3.9/site-packages/airflow/example_dags/example_sensors.py
[2025-02-04T16:29:40.321+0000] {processor.py:925} INFO - DAG(s) 'example_sensors' retrieved from /home/airflow/.local/lib/python3.9/site-packages/airflow/example_dags/example_sensors.py
[2025-02-04T16:29:40.352+0000] {logging_mixin.py:190} INFO - [2025-02-04T16:29:40.352+0000] {dag.py:3239} INFO - Sync 1 DAGs
[2025-02-04T16:29:40.368+0000] {logging_mixin.py:190} INFO - [2025-02-04T16:29:40.368+0000] {dag.py:4180} INFO - Setting next_dagrun for example_sensors to None, run_after=None
[2025-02-04T16:29:40.398+0000] {processor.py:208} INFO - Processing /home/airflow/.local/lib/python3.9/site-packages/airflow/example_dags/example_sensors.py took 0.100 seconds
[2025-02-04T16:30:10.616+0000] {processor.py:186} INFO - Started process (PID=1011) to work on /home/airflow/.local/lib/python3.9/site-packages/airflow/example_dags/example_sensors.py
[2025-02-04T16:30:10.618+0000] {processor.py:914} INFO - Processing file /home/airflow/.local/lib/python3.9/site-packages/airflow/example_dags/example_sensors.py for tasks to queue
[2025-02-04T16:30:10.621+0000] {logging_mixin.py:190} INFO - [2025-02-04T16:30:10.621+0000] {dagbag.py:588} INFO - Filling up the DagBag from /home/airflow/.local/lib/python3.9/site-packages/airflow/example_dags/example_sensors.py
[2025-02-04T16:30:10.633+0000] {processor.py:925} INFO - DAG(s) 'example_sensors' retrieved from /home/airflow/.local/lib/python3.9/site-packages/airflow/example_dags/example_sensors.py
[2025-02-04T16:30:10.664+0000] {logging_mixin.py:190} INFO - [2025-02-04T16:30:10.663+0000] {dag.py:3239} INFO - Sync 1 DAGs
[2025-02-04T16:30:10.681+0000] {logging_mixin.py:190} INFO - [2025-02-04T16:30:10.680+0000] {dag.py:4180} INFO - Setting next_dagrun for example_sensors to None, run_after=None
[2025-02-04T16:30:10.712+0000] {processor.py:208} INFO - Processing /home/airflow/.local/lib/python3.9/site-packages/airflow/example_dags/example_sensors.py took 0.102 seconds
[2025-02-04T16:30:41.275+0000] {processor.py:186} INFO - Started process (PID=1075) to work on /home/airflow/.local/lib/python3.9/site-packages/airflow/example_dags/example_sensors.py
[2025-02-04T16:30:41.276+0000] {processor.py:914} INFO - Processing file /home/airflow/.local/lib/python3.9/site-packages/airflow/example_dags/example_sensors.py for tasks to queue
[2025-02-04T16:30:41.279+0000] {logging_mixin.py:190} INFO - [2025-02-04T16:30:41.279+0000] {dagbag.py:588} INFO - Filling up the DagBag from /home/airflow/.local/lib/python3.9/site-packages/airflow/example_dags/example_sensors.py
[2025-02-04T16:30:41.291+0000] {processor.py:925} INFO - DAG(s) 'example_sensors' retrieved from /home/airflow/.local/lib/python3.9/site-packages/airflow/example_dags/example_sensors.py
[2025-02-04T16:30:41.320+0000] {logging_mixin.py:190} INFO - [2025-02-04T16:30:41.320+0000] {dag.py:3239} INFO - Sync 1 DAGs
[2025-02-04T16:30:41.337+0000] {logging_mixin.py:190} INFO - [2025-02-04T16:30:41.337+0000] {dag.py:4180} INFO - Setting next_dagrun for example_sensors to None, run_after=None
[2025-02-04T16:30:41.367+0000] {processor.py:208} INFO - Processing /home/airflow/.local/lib/python3.9/site-packages/airflow/example_dags/example_sensors.py took 0.098 seconds
[2025-02-04T16:31:12.208+0000] {processor.py:186} INFO - Started process (PID=1139) to work on /home/airflow/.local/lib/python3.9/site-packages/airflow/example_dags/example_sensors.py
[2025-02-04T16:31:12.210+0000] {processor.py:914} INFO - Processing file /home/airflow/.local/lib/python3.9/site-packages/airflow/example_dags/example_sensors.py for tasks to queue
[2025-02-04T16:31:12.212+0000] {logging_mixin.py:190} INFO - [2025-02-04T16:31:12.212+0000] {dagbag.py:588} INFO - Filling up the DagBag from /home/airflow/.local/lib/python3.9/site-packages/airflow/example_dags/example_sensors.py
[2025-02-04T16:31:12.227+0000] {processor.py:925} INFO - DAG(s) 'example_sensors' retrieved from /home/airflow/.local/lib/python3.9/site-packages/airflow/example_dags/example_sensors.py
[2025-02-04T16:31:12.264+0000] {logging_mixin.py:190} INFO - [2025-02-04T16:31:12.263+0000] {dag.py:3239} INFO - Sync 1 DAGs
[2025-02-04T16:31:12.285+0000] {logging_mixin.py:190} INFO - [2025-02-04T16:31:12.285+0000] {dag.py:4180} INFO - Setting next_dagrun for example_sensors to None, run_after=None
[2025-02-04T16:31:12.321+0000] {processor.py:208} INFO - Processing /home/airflow/.local/lib/python3.9/site-packages/airflow/example_dags/example_sensors.py took 0.122 seconds
[2025-02-04T16:31:43.249+0000] {processor.py:186} INFO - Started process (PID=1210) to work on /home/airflow/.local/lib/python3.9/site-packages/airflow/example_dags/example_sensors.py
[2025-02-04T16:31:43.251+0000] {processor.py:914} INFO - Processing file /home/airflow/.local/lib/python3.9/site-packages/airflow/example_dags/example_sensors.py for tasks to queue
[2025-02-04T16:31:43.254+0000] {logging_mixin.py:190} INFO - [2025-02-04T16:31:43.254+0000] {dagbag.py:588} INFO - Filling up the DagBag from /home/airflow/.local/lib/python3.9/site-packages/airflow/example_dags/example_sensors.py
[2025-02-04T16:31:43.266+0000] {processor.py:925} INFO - DAG(s) 'example_sensors' retrieved from /home/airflow/.local/lib/python3.9/site-packages/airflow/example_dags/example_sensors.py
[2025-02-04T16:31:43.297+0000] {logging_mixin.py:190} INFO - [2025-02-04T16:31:43.296+0000] {dag.py:3239} INFO - Sync 1 DAGs
[2025-02-04T16:31:43.312+0000] {logging_mixin.py:190} INFO - [2025-02-04T16:31:43.312+0000] {dag.py:4180} INFO - Setting next_dagrun for example_sensors to None, run_after=None
[2025-02-04T16:31:43.373+0000] {processor.py:208} INFO - Processing /home/airflow/.local/lib/python3.9/site-packages/airflow/example_dags/example_sensors.py took 0.131 seconds
[2025-02-04T16:32:13.468+0000] {processor.py:186} INFO - Started process (PID=1274) to work on /home/airflow/.local/lib/python3.9/site-packages/airflow/example_dags/example_sensors.py
[2025-02-04T16:32:13.469+0000] {processor.py:914} INFO - Processing file /home/airflow/.local/lib/python3.9/site-packages/airflow/example_dags/example_sensors.py for tasks to queue
[2025-02-04T16:32:13.472+0000] {logging_mixin.py:190} INFO - [2025-02-04T16:32:13.471+0000] {dagbag.py:588} INFO - Filling up the DagBag from /home/airflow/.local/lib/python3.9/site-packages/airflow/example_dags/example_sensors.py
[2025-02-04T16:32:13.485+0000] {processor.py:925} INFO - DAG(s) 'example_sensors' retrieved from /home/airflow/.local/lib/python3.9/site-packages/airflow/example_dags/example_sensors.py
[2025-02-04T16:32:13.514+0000] {logging_mixin.py:190} INFO - [2025-02-04T16:32:13.514+0000] {dag.py:3239} INFO - Sync 1 DAGs
[2025-02-04T16:32:13.529+0000] {logging_mixin.py:190} INFO - [2025-02-04T16:32:13.528+0000] {dag.py:4180} INFO - Setting next_dagrun for example_sensors to None, run_after=None
[2025-02-04T16:32:13.558+0000] {processor.py:208} INFO - Processing /home/airflow/.local/lib/python3.9/site-packages/airflow/example_dags/example_sensors.py took 0.098 seconds
[2025-02-04T16:32:43.831+0000] {processor.py:186} INFO - Started process (PID=1338) to work on /home/airflow/.local/lib/python3.9/site-packages/airflow/example_dags/example_sensors.py
[2025-02-04T16:32:43.832+0000] {processor.py:914} INFO - Processing file /home/airflow/.local/lib/python3.9/site-packages/airflow/example_dags/example_sensors.py for tasks to queue
[2025-02-04T16:32:43.835+0000] {logging_mixin.py:190} INFO - [2025-02-04T16:32:43.834+0000] {dagbag.py:588} INFO - Filling up the DagBag from /home/airflow/.local/lib/python3.9/site-packages/airflow/example_dags/example_sensors.py
[2025-02-04T16:32:43.848+0000] {processor.py:925} INFO - DAG(s) 'example_sensors' retrieved from /home/airflow/.local/lib/python3.9/site-packages/airflow/example_dags/example_sensors.py
[2025-02-04T16:32:43.878+0000] {logging_mixin.py:190} INFO - [2025-02-04T16:32:43.878+0000] {dag.py:3239} INFO - Sync 1 DAGs
[2025-02-04T16:32:43.892+0000] {logging_mixin.py:190} INFO - [2025-02-04T16:32:43.892+0000] {dag.py:4180} INFO - Setting next_dagrun for example_sensors to None, run_after=None
[2025-02-04T16:32:43.923+0000] {processor.py:208} INFO - Processing /home/airflow/.local/lib/python3.9/site-packages/airflow/example_dags/example_sensors.py took 0.100 seconds
[2025-02-04T16:33:14.751+0000] {processor.py:186} INFO - Started process (PID=1404) to work on /home/airflow/.local/lib/python3.9/site-packages/airflow/example_dags/example_sensors.py
[2025-02-04T16:33:14.753+0000] {processor.py:914} INFO - Processing file /home/airflow/.local/lib/python3.9/site-packages/airflow/example_dags/example_sensors.py for tasks to queue
[2025-02-04T16:33:14.756+0000] {logging_mixin.py:190} INFO - [2025-02-04T16:33:14.755+0000] {dagbag.py:588} INFO - Filling up the DagBag from /home/airflow/.local/lib/python3.9/site-packages/airflow/example_dags/example_sensors.py
[2025-02-04T16:33:14.768+0000] {processor.py:925} INFO - DAG(s) 'example_sensors' retrieved from /home/airflow/.local/lib/python3.9/site-packages/airflow/example_dags/example_sensors.py
[2025-02-04T16:33:14.796+0000] {logging_mixin.py:190} INFO - [2025-02-04T16:33:14.796+0000] {dag.py:3239} INFO - Sync 1 DAGs
[2025-02-04T16:33:14.813+0000] {logging_mixin.py:190} INFO - [2025-02-04T16:33:14.813+0000] {dag.py:4180} INFO - Setting next_dagrun for example_sensors to None, run_after=None
[2025-02-04T16:33:14.841+0000] {processor.py:208} INFO - Processing /home/airflow/.local/lib/python3.9/site-packages/airflow/example_dags/example_sensors.py took 0.096 seconds
[2025-02-04T16:33:45.496+0000] {processor.py:186} INFO - Started process (PID=1468) to work on /home/airflow/.local/lib/python3.9/site-packages/airflow/example_dags/example_sensors.py
[2025-02-04T16:33:45.497+0000] {processor.py:914} INFO - Processing file /home/airflow/.local/lib/python3.9/site-packages/airflow/example_dags/example_sensors.py for tasks to queue
[2025-02-04T16:33:45.500+0000] {logging_mixin.py:190} INFO - [2025-02-04T16:33:45.499+0000] {dagbag.py:588} INFO - Filling up the DagBag from /home/airflow/.local/lib/python3.9/site-packages/airflow/example_dags/example_sensors.py
[2025-02-04T16:33:45.511+0000] {processor.py:925} INFO - DAG(s) 'example_sensors' retrieved from /home/airflow/.local/lib/python3.9/site-packages/airflow/example_dags/example_sensors.py
[2025-02-04T16:33:45.538+0000] {logging_mixin.py:190} INFO - [2025-02-04T16:33:45.538+0000] {dag.py:3239} INFO - Sync 1 DAGs
[2025-02-04T16:33:45.554+0000] {logging_mixin.py:190} INFO - [2025-02-04T16:33:45.554+0000] {dag.py:4180} INFO - Setting next_dagrun for example_sensors to None, run_after=None
[2025-02-04T16:33:45.584+0000] {processor.py:208} INFO - Processing /home/airflow/.local/lib/python3.9/site-packages/airflow/example_dags/example_sensors.py took 0.094 seconds
[2025-02-04T16:34:15.824+0000] {processor.py:186} INFO - Started process (PID=1532) to work on /home/airflow/.local/lib/python3.9/site-packages/airflow/example_dags/example_sensors.py
[2025-02-04T16:34:15.825+0000] {processor.py:914} INFO - Processing file /home/airflow/.local/lib/python3.9/site-packages/airflow/example_dags/example_sensors.py for tasks to queue
[2025-02-04T16:34:15.827+0000] {logging_mixin.py:190} INFO - [2025-02-04T16:34:15.827+0000] {dagbag.py:588} INFO - Filling up the DagBag from /home/airflow/.local/lib/python3.9/site-packages/airflow/example_dags/example_sensors.py
[2025-02-04T16:34:15.838+0000] {processor.py:925} INFO - DAG(s) 'example_sensors' retrieved from /home/airflow/.local/lib/python3.9/site-packages/airflow/example_dags/example_sensors.py
[2025-02-04T16:34:15.887+0000] {logging_mixin.py:190} INFO - [2025-02-04T16:34:15.887+0000] {dag.py:3239} INFO - Sync 1 DAGs
[2025-02-04T16:34:16.265+0000] {logging_mixin.py:190} INFO - [2025-02-04T16:34:16.264+0000] {dag.py:4180} INFO - Setting next_dagrun for example_sensors to None, run_after=None
[2025-02-04T16:34:16.292+0000] {processor.py:208} INFO - Processing /home/airflow/.local/lib/python3.9/site-packages/airflow/example_dags/example_sensors.py took 0.474 seconds
[2025-02-04T16:34:47.280+0000] {processor.py:186} INFO - Started process (PID=1595) to work on /home/airflow/.local/lib/python3.9/site-packages/airflow/example_dags/example_sensors.py
[2025-02-04T16:34:47.282+0000] {processor.py:914} INFO - Processing file /home/airflow/.local/lib/python3.9/site-packages/airflow/example_dags/example_sensors.py for tasks to queue
[2025-02-04T16:34:47.285+0000] {logging_mixin.py:190} INFO - [2025-02-04T16:34:47.284+0000] {dagbag.py:588} INFO - Filling up the DagBag from /home/airflow/.local/lib/python3.9/site-packages/airflow/example_dags/example_sensors.py
[2025-02-04T16:34:47.300+0000] {processor.py:925} INFO - DAG(s) 'example_sensors' retrieved from /home/airflow/.local/lib/python3.9/site-packages/airflow/example_dags/example_sensors.py
[2025-02-04T16:34:47.328+0000] {logging_mixin.py:190} INFO - [2025-02-04T16:34:47.328+0000] {dag.py:3239} INFO - Sync 1 DAGs
[2025-02-04T16:34:47.342+0000] {logging_mixin.py:190} INFO - [2025-02-04T16:34:47.342+0000] {dag.py:4180} INFO - Setting next_dagrun for example_sensors to None, run_after=None
[2025-02-04T16:34:47.373+0000] {processor.py:208} INFO - Processing /home/airflow/.local/lib/python3.9/site-packages/airflow/example_dags/example_sensors.py took 0.099 seconds
[2025-02-04T16:35:17.898+0000] {processor.py:186} INFO - Started process (PID=1659) to work on /home/airflow/.local/lib/python3.9/site-packages/airflow/example_dags/example_sensors.py
[2025-02-04T16:35:17.899+0000] {processor.py:914} INFO - Processing file /home/airflow/.local/lib/python3.9/site-packages/airflow/example_dags/example_sensors.py for tasks to queue
[2025-02-04T16:35:17.902+0000] {logging_mixin.py:190} INFO - [2025-02-04T16:35:17.902+0000] {dagbag.py:588} INFO - Filling up the DagBag from /home/airflow/.local/lib/python3.9/site-packages/airflow/example_dags/example_sensors.py
[2025-02-04T16:35:17.913+0000] {processor.py:925} INFO - DAG(s) 'example_sensors' retrieved from /home/airflow/.local/lib/python3.9/site-packages/airflow/example_dags/example_sensors.py
[2025-02-04T16:35:17.941+0000] {logging_mixin.py:190} INFO - [2025-02-04T16:35:17.941+0000] {dag.py:3239} INFO - Sync 1 DAGs
[2025-02-04T16:35:17.956+0000] {logging_mixin.py:190} INFO - [2025-02-04T16:35:17.956+0000] {dag.py:4180} INFO - Setting next_dagrun for example_sensors to None, run_after=None
[2025-02-04T16:35:17.985+0000] {processor.py:208} INFO - Processing /home/airflow/.local/lib/python3.9/site-packages/airflow/example_dags/example_sensors.py took 0.093 seconds
[2025-02-04T16:35:48.843+0000] {processor.py:186} INFO - Started process (PID=1723) to work on /home/airflow/.local/lib/python3.9/site-packages/airflow/example_dags/example_sensors.py
[2025-02-04T16:35:48.844+0000] {processor.py:914} INFO - Processing file /home/airflow/.local/lib/python3.9/site-packages/airflow/example_dags/example_sensors.py for tasks to queue
[2025-02-04T16:35:48.847+0000] {logging_mixin.py:190} INFO - [2025-02-04T16:35:48.846+0000] {dagbag.py:588} INFO - Filling up the DagBag from /home/airflow/.local/lib/python3.9/site-packages/airflow/example_dags/example_sensors.py
[2025-02-04T16:35:48.859+0000] {processor.py:925} INFO - DAG(s) 'example_sensors' retrieved from /home/airflow/.local/lib/python3.9/site-packages/airflow/example_dags/example_sensors.py
[2025-02-04T16:35:48.889+0000] {logging_mixin.py:190} INFO - [2025-02-04T16:35:48.889+0000] {dag.py:3239} INFO - Sync 1 DAGs
[2025-02-04T16:35:48.905+0000] {logging_mixin.py:190} INFO - [2025-02-04T16:35:48.905+0000] {dag.py:4180} INFO - Setting next_dagrun for example_sensors to None, run_after=None
[2025-02-04T16:35:48.933+0000] {processor.py:208} INFO - Processing /home/airflow/.local/lib/python3.9/site-packages/airflow/example_dags/example_sensors.py took 0.097 seconds
[2025-02-04T16:36:19.244+0000] {processor.py:186} INFO - Started process (PID=1788) to work on /home/airflow/.local/lib/python3.9/site-packages/airflow/example_dags/example_sensors.py
[2025-02-04T16:36:19.245+0000] {processor.py:914} INFO - Processing file /home/airflow/.local/lib/python3.9/site-packages/airflow/example_dags/example_sensors.py for tasks to queue
[2025-02-04T16:36:19.247+0000] {logging_mixin.py:190} INFO - [2025-02-04T16:36:19.247+0000] {dagbag.py:588} INFO - Filling up the DagBag from /home/airflow/.local/lib/python3.9/site-packages/airflow/example_dags/example_sensors.py
[2025-02-04T16:36:19.257+0000] {processor.py:925} INFO - DAG(s) 'example_sensors' retrieved from /home/airflow/.local/lib/python3.9/site-packages/airflow/example_dags/example_sensors.py
[2025-02-04T16:36:19.283+0000] {logging_mixin.py:190} INFO - [2025-02-04T16:36:19.283+0000] {dag.py:3239} INFO - Sync 1 DAGs
[2025-02-04T16:36:19.295+0000] {logging_mixin.py:190} INFO - [2025-02-04T16:36:19.295+0000] {dag.py:4180} INFO - Setting next_dagrun for example_sensors to None, run_after=None
[2025-02-04T16:36:19.321+0000] {processor.py:208} INFO - Processing /home/airflow/.local/lib/python3.9/site-packages/airflow/example_dags/example_sensors.py took 0.083 seconds
[2025-02-04T16:36:51.712+0000] {processor.py:186} INFO - Started process (PID=1852) to work on /home/airflow/.local/lib/python3.9/site-packages/airflow/example_dags/example_sensors.py
[2025-02-04T16:36:51.713+0000] {processor.py:914} INFO - Processing file /home/airflow/.local/lib/python3.9/site-packages/airflow/example_dags/example_sensors.py for tasks to queue
[2025-02-04T16:36:51.716+0000] {logging_mixin.py:190} INFO - [2025-02-04T16:36:51.716+0000] {dagbag.py:588} INFO - Filling up the DagBag from /home/airflow/.local/lib/python3.9/site-packages/airflow/example_dags/example_sensors.py
[2025-02-04T16:36:51.729+0000] {processor.py:925} INFO - DAG(s) 'example_sensors' retrieved from /home/airflow/.local/lib/python3.9/site-packages/airflow/example_dags/example_sensors.py
[2025-02-04T16:36:51.754+0000] {logging_mixin.py:190} INFO - [2025-02-04T16:36:51.754+0000] {dag.py:3239} INFO - Sync 1 DAGs
[2025-02-04T16:36:51.825+0000] {logging_mixin.py:190} INFO - [2025-02-04T16:36:51.824+0000] {dag.py:4180} INFO - Setting next_dagrun for example_sensors to None, run_after=None
[2025-02-04T16:36:51.853+0000] {processor.py:208} INFO - Processing /home/airflow/.local/lib/python3.9/site-packages/airflow/example_dags/example_sensors.py took 0.150 seconds
[2025-02-04T16:39:25.162+0000] {processor.py:186} INFO - Started process (PID=1905) to work on /home/airflow/.local/lib/python3.9/site-packages/airflow/example_dags/example_sensors.py
[2025-02-04T16:39:25.163+0000] {processor.py:914} INFO - Processing file /home/airflow/.local/lib/python3.9/site-packages/airflow/example_dags/example_sensors.py for tasks to queue
[2025-02-04T16:39:25.165+0000] {logging_mixin.py:190} INFO - [2025-02-04T16:39:25.164+0000] {dagbag.py:588} INFO - Filling up the DagBag from /home/airflow/.local/lib/python3.9/site-packages/airflow/example_dags/example_sensors.py
[2025-02-04T16:39:25.178+0000] {processor.py:925} INFO - DAG(s) 'example_sensors' retrieved from /home/airflow/.local/lib/python3.9/site-packages/airflow/example_dags/example_sensors.py
[2025-02-04T16:39:25.206+0000] {logging_mixin.py:190} INFO - [2025-02-04T16:39:25.205+0000] {dag.py:3239} INFO - Sync 1 DAGs
[2025-02-04T16:39:25.220+0000] {logging_mixin.py:190} INFO - [2025-02-04T16:39:25.219+0000] {dag.py:4180} INFO - Setting next_dagrun for example_sensors to None, run_after=None
[2025-02-04T16:39:25.257+0000] {processor.py:208} INFO - Processing /home/airflow/.local/lib/python3.9/site-packages/airflow/example_dags/example_sensors.py took 0.102 seconds
[2025-02-04T16:39:56.067+0000] {processor.py:186} INFO - Started process (PID=1969) to work on /home/airflow/.local/lib/python3.9/site-packages/airflow/example_dags/example_sensors.py
[2025-02-04T16:39:56.068+0000] {processor.py:914} INFO - Processing file /home/airflow/.local/lib/python3.9/site-packages/airflow/example_dags/example_sensors.py for tasks to queue
[2025-02-04T16:39:56.069+0000] {logging_mixin.py:190} INFO - [2025-02-04T16:39:56.069+0000] {dagbag.py:588} INFO - Filling up the DagBag from /home/airflow/.local/lib/python3.9/site-packages/airflow/example_dags/example_sensors.py
[2025-02-04T16:39:56.079+0000] {processor.py:925} INFO - DAG(s) 'example_sensors' retrieved from /home/airflow/.local/lib/python3.9/site-packages/airflow/example_dags/example_sensors.py
[2025-02-04T16:39:56.104+0000] {logging_mixin.py:190} INFO - [2025-02-04T16:39:56.104+0000] {dag.py:3239} INFO - Sync 1 DAGs
[2025-02-04T16:39:56.117+0000] {logging_mixin.py:190} INFO - [2025-02-04T16:39:56.117+0000] {dag.py:4180} INFO - Setting next_dagrun for example_sensors to None, run_after=None
[2025-02-04T16:39:56.139+0000] {processor.py:208} INFO - Processing /home/airflow/.local/lib/python3.9/site-packages/airflow/example_dags/example_sensors.py took 0.077 seconds
[2025-02-04T16:40:27.268+0000] {processor.py:186} INFO - Started process (PID=2033) to work on /home/airflow/.local/lib/python3.9/site-packages/airflow/example_dags/example_sensors.py
[2025-02-04T16:40:27.269+0000] {processor.py:914} INFO - Processing file /home/airflow/.local/lib/python3.9/site-packages/airflow/example_dags/example_sensors.py for tasks to queue
[2025-02-04T16:40:27.270+0000] {logging_mixin.py:190} INFO - [2025-02-04T16:40:27.270+0000] {dagbag.py:588} INFO - Filling up the DagBag from /home/airflow/.local/lib/python3.9/site-packages/airflow/example_dags/example_sensors.py
[2025-02-04T16:40:27.281+0000] {processor.py:925} INFO - DAG(s) 'example_sensors' retrieved from /home/airflow/.local/lib/python3.9/site-packages/airflow/example_dags/example_sensors.py
[2025-02-04T16:40:27.307+0000] {logging_mixin.py:190} INFO - [2025-02-04T16:40:27.307+0000] {dag.py:3239} INFO - Sync 1 DAGs
[2025-02-04T16:40:27.320+0000] {logging_mixin.py:190} INFO - [2025-02-04T16:40:27.320+0000] {dag.py:4180} INFO - Setting next_dagrun for example_sensors to None, run_after=None
[2025-02-04T16:40:27.352+0000] {processor.py:208} INFO - Processing /home/airflow/.local/lib/python3.9/site-packages/airflow/example_dags/example_sensors.py took 0.090 seconds
[2025-02-04T16:40:58.081+0000] {processor.py:186} INFO - Started process (PID=2097) to work on /home/airflow/.local/lib/python3.9/site-packages/airflow/example_dags/example_sensors.py
[2025-02-04T16:40:58.083+0000] {processor.py:914} INFO - Processing file /home/airflow/.local/lib/python3.9/site-packages/airflow/example_dags/example_sensors.py for tasks to queue
[2025-02-04T16:40:58.084+0000] {logging_mixin.py:190} INFO - [2025-02-04T16:40:58.084+0000] {dagbag.py:588} INFO - Filling up the DagBag from /home/airflow/.local/lib/python3.9/site-packages/airflow/example_dags/example_sensors.py
[2025-02-04T16:40:58.099+0000] {processor.py:925} INFO - DAG(s) 'example_sensors' retrieved from /home/airflow/.local/lib/python3.9/site-packages/airflow/example_dags/example_sensors.py
[2025-02-04T16:40:58.128+0000] {logging_mixin.py:190} INFO - [2025-02-04T16:40:58.127+0000] {dag.py:3239} INFO - Sync 1 DAGs
[2025-02-04T16:40:58.142+0000] {logging_mixin.py:190} INFO - [2025-02-04T16:40:58.141+0000] {dag.py:4180} INFO - Setting next_dagrun for example_sensors to None, run_after=None
[2025-02-04T16:40:58.166+0000] {processor.py:208} INFO - Processing /home/airflow/.local/lib/python3.9/site-packages/airflow/example_dags/example_sensors.py took 0.090 seconds
[2025-02-04T16:41:29.104+0000] {processor.py:186} INFO - Started process (PID=2161) to work on /home/airflow/.local/lib/python3.9/site-packages/airflow/example_dags/example_sensors.py
[2025-02-04T16:41:29.105+0000] {processor.py:914} INFO - Processing file /home/airflow/.local/lib/python3.9/site-packages/airflow/example_dags/example_sensors.py for tasks to queue
[2025-02-04T16:41:29.106+0000] {logging_mixin.py:190} INFO - [2025-02-04T16:41:29.106+0000] {dagbag.py:588} INFO - Filling up the DagBag from /home/airflow/.local/lib/python3.9/site-packages/airflow/example_dags/example_sensors.py
[2025-02-04T16:41:29.118+0000] {processor.py:925} INFO - DAG(s) 'example_sensors' retrieved from /home/airflow/.local/lib/python3.9/site-packages/airflow/example_dags/example_sensors.py
[2025-02-04T16:41:29.143+0000] {logging_mixin.py:190} INFO - [2025-02-04T16:41:29.143+0000] {dag.py:3239} INFO - Sync 1 DAGs
[2025-02-04T16:41:29.157+0000] {logging_mixin.py:190} INFO - [2025-02-04T16:41:29.157+0000] {dag.py:4180} INFO - Setting next_dagrun for example_sensors to None, run_after=None
[2025-02-04T16:41:29.185+0000] {processor.py:208} INFO - Processing /home/airflow/.local/lib/python3.9/site-packages/airflow/example_dags/example_sensors.py took 0.087 seconds
[2025-02-04T16:41:59.319+0000] {processor.py:186} INFO - Started process (PID=2225) to work on /home/airflow/.local/lib/python3.9/site-packages/airflow/example_dags/example_sensors.py
[2025-02-04T16:41:59.320+0000] {processor.py:914} INFO - Processing file /home/airflow/.local/lib/python3.9/site-packages/airflow/example_dags/example_sensors.py for tasks to queue
[2025-02-04T16:41:59.322+0000] {logging_mixin.py:190} INFO - [2025-02-04T16:41:59.322+0000] {dagbag.py:588} INFO - Filling up the DagBag from /home/airflow/.local/lib/python3.9/site-packages/airflow/example_dags/example_sensors.py
[2025-02-04T16:41:59.334+0000] {processor.py:925} INFO - DAG(s) 'example_sensors' retrieved from /home/airflow/.local/lib/python3.9/site-packages/airflow/example_dags/example_sensors.py
[2025-02-04T16:41:59.361+0000] {logging_mixin.py:190} INFO - [2025-02-04T16:41:59.361+0000] {dag.py:3239} INFO - Sync 1 DAGs
[2025-02-04T16:41:59.376+0000] {logging_mixin.py:190} INFO - [2025-02-04T16:41:59.376+0000] {dag.py:4180} INFO - Setting next_dagrun for example_sensors to None, run_after=None
[2025-02-04T16:41:59.410+0000] {processor.py:208} INFO - Processing /home/airflow/.local/lib/python3.9/site-packages/airflow/example_dags/example_sensors.py took 0.098 seconds
[2025-02-04T16:42:29.892+0000] {processor.py:186} INFO - Started process (PID=2289) to work on /home/airflow/.local/lib/python3.9/site-packages/airflow/example_dags/example_sensors.py
[2025-02-04T16:42:29.893+0000] {processor.py:914} INFO - Processing file /home/airflow/.local/lib/python3.9/site-packages/airflow/example_dags/example_sensors.py for tasks to queue
[2025-02-04T16:42:29.895+0000] {logging_mixin.py:190} INFO - [2025-02-04T16:42:29.894+0000] {dagbag.py:588} INFO - Filling up the DagBag from /home/airflow/.local/lib/python3.9/site-packages/airflow/example_dags/example_sensors.py
[2025-02-04T16:42:29.908+0000] {processor.py:925} INFO - DAG(s) 'example_sensors' retrieved from /home/airflow/.local/lib/python3.9/site-packages/airflow/example_dags/example_sensors.py
[2025-02-04T16:42:29.936+0000] {logging_mixin.py:190} INFO - [2025-02-04T16:42:29.936+0000] {dag.py:3239} INFO - Sync 1 DAGs
[2025-02-04T16:42:29.951+0000] {logging_mixin.py:190} INFO - [2025-02-04T16:42:29.950+0000] {dag.py:4180} INFO - Setting next_dagrun for example_sensors to None, run_after=None
[2025-02-04T16:42:29.979+0000] {processor.py:208} INFO - Processing /home/airflow/.local/lib/python3.9/site-packages/airflow/example_dags/example_sensors.py took 0.095 seconds
[2025-02-04T16:43:00.329+0000] {processor.py:186} INFO - Started process (PID=2355) to work on /home/airflow/.local/lib/python3.9/site-packages/airflow/example_dags/example_sensors.py
[2025-02-04T16:43:00.330+0000] {processor.py:914} INFO - Processing file /home/airflow/.local/lib/python3.9/site-packages/airflow/example_dags/example_sensors.py for tasks to queue
[2025-02-04T16:43:00.332+0000] {logging_mixin.py:190} INFO - [2025-02-04T16:43:00.331+0000] {dagbag.py:588} INFO - Filling up the DagBag from /home/airflow/.local/lib/python3.9/site-packages/airflow/example_dags/example_sensors.py
[2025-02-04T16:43:00.344+0000] {processor.py:925} INFO - DAG(s) 'example_sensors' retrieved from /home/airflow/.local/lib/python3.9/site-packages/airflow/example_dags/example_sensors.py
[2025-02-04T16:43:00.373+0000] {logging_mixin.py:190} INFO - [2025-02-04T16:43:00.373+0000] {dag.py:3239} INFO - Sync 1 DAGs
[2025-02-04T16:43:00.389+0000] {logging_mixin.py:190} INFO - [2025-02-04T16:43:00.388+0000] {dag.py:4180} INFO - Setting next_dagrun for example_sensors to None, run_after=None
[2025-02-04T16:43:00.415+0000] {processor.py:208} INFO - Processing /home/airflow/.local/lib/python3.9/site-packages/airflow/example_dags/example_sensors.py took 0.093 seconds
[2025-02-04T16:43:30.913+0000] {processor.py:186} INFO - Started process (PID=2419) to work on /home/airflow/.local/lib/python3.9/site-packages/airflow/example_dags/example_sensors.py
[2025-02-04T16:43:30.915+0000] {processor.py:914} INFO - Processing file /home/airflow/.local/lib/python3.9/site-packages/airflow/example_dags/example_sensors.py for tasks to queue
[2025-02-04T16:43:30.917+0000] {logging_mixin.py:190} INFO - [2025-02-04T16:43:30.916+0000] {dagbag.py:588} INFO - Filling up the DagBag from /home/airflow/.local/lib/python3.9/site-packages/airflow/example_dags/example_sensors.py
[2025-02-04T16:43:30.931+0000] {processor.py:925} INFO - DAG(s) 'example_sensors' retrieved from /home/airflow/.local/lib/python3.9/site-packages/airflow/example_dags/example_sensors.py
[2025-02-04T16:43:30.961+0000] {logging_mixin.py:190} INFO - [2025-02-04T16:43:30.961+0000] {dag.py:3239} INFO - Sync 1 DAGs
[2025-02-04T16:43:30.981+0000] {logging_mixin.py:190} INFO - [2025-02-04T16:43:30.980+0000] {dag.py:4180} INFO - Setting next_dagrun for example_sensors to None, run_after=None
[2025-02-04T16:43:31.017+0000] {processor.py:208} INFO - Processing /home/airflow/.local/lib/python3.9/site-packages/airflow/example_dags/example_sensors.py took 0.111 seconds
[2025-02-04T16:44:01.453+0000] {processor.py:186} INFO - Started process (PID=2483) to work on /home/airflow/.local/lib/python3.9/site-packages/airflow/example_dags/example_sensors.py
[2025-02-04T16:44:01.454+0000] {processor.py:914} INFO - Processing file /home/airflow/.local/lib/python3.9/site-packages/airflow/example_dags/example_sensors.py for tasks to queue
[2025-02-04T16:44:01.456+0000] {logging_mixin.py:190} INFO - [2025-02-04T16:44:01.456+0000] {dagbag.py:588} INFO - Filling up the DagBag from /home/airflow/.local/lib/python3.9/site-packages/airflow/example_dags/example_sensors.py
[2025-02-04T16:44:01.473+0000] {processor.py:925} INFO - DAG(s) 'example_sensors' retrieved from /home/airflow/.local/lib/python3.9/site-packages/airflow/example_dags/example_sensors.py
[2025-02-04T16:44:01.502+0000] {logging_mixin.py:190} INFO - [2025-02-04T16:44:01.502+0000] {dag.py:3239} INFO - Sync 1 DAGs
[2025-02-04T16:44:01.518+0000] {logging_mixin.py:190} INFO - [2025-02-04T16:44:01.518+0000] {dag.py:4180} INFO - Setting next_dagrun for example_sensors to None, run_after=None
[2025-02-04T16:44:01.546+0000] {processor.py:208} INFO - Processing /home/airflow/.local/lib/python3.9/site-packages/airflow/example_dags/example_sensors.py took 0.099 seconds
[2025-02-04T16:44:31.711+0000] {processor.py:186} INFO - Started process (PID=2547) to work on /home/airflow/.local/lib/python3.9/site-packages/airflow/example_dags/example_sensors.py
[2025-02-04T16:44:31.712+0000] {processor.py:914} INFO - Processing file /home/airflow/.local/lib/python3.9/site-packages/airflow/example_dags/example_sensors.py for tasks to queue
[2025-02-04T16:44:31.714+0000] {logging_mixin.py:190} INFO - [2025-02-04T16:44:31.713+0000] {dagbag.py:588} INFO - Filling up the DagBag from /home/airflow/.local/lib/python3.9/site-packages/airflow/example_dags/example_sensors.py
[2025-02-04T16:44:31.729+0000] {processor.py:925} INFO - DAG(s) 'example_sensors' retrieved from /home/airflow/.local/lib/python3.9/site-packages/airflow/example_dags/example_sensors.py
[2025-02-04T16:44:31.762+0000] {logging_mixin.py:190} INFO - [2025-02-04T16:44:31.761+0000] {dag.py:3239} INFO - Sync 1 DAGs
[2025-02-04T16:44:31.777+0000] {logging_mixin.py:190} INFO - [2025-02-04T16:44:31.777+0000] {dag.py:4180} INFO - Setting next_dagrun for example_sensors to None, run_after=None
[2025-02-04T16:44:31.805+0000] {processor.py:208} INFO - Processing /home/airflow/.local/lib/python3.9/site-packages/airflow/example_dags/example_sensors.py took 0.101 seconds
[2025-02-04T16:45:02.454+0000] {processor.py:186} INFO - Started process (PID=2611) to work on /home/airflow/.local/lib/python3.9/site-packages/airflow/example_dags/example_sensors.py
[2025-02-04T16:45:02.456+0000] {processor.py:914} INFO - Processing file /home/airflow/.local/lib/python3.9/site-packages/airflow/example_dags/example_sensors.py for tasks to queue
[2025-02-04T16:45:02.457+0000] {logging_mixin.py:190} INFO - [2025-02-04T16:45:02.457+0000] {dagbag.py:588} INFO - Filling up the DagBag from /home/airflow/.local/lib/python3.9/site-packages/airflow/example_dags/example_sensors.py
[2025-02-04T16:45:02.474+0000] {processor.py:925} INFO - DAG(s) 'example_sensors' retrieved from /home/airflow/.local/lib/python3.9/site-packages/airflow/example_dags/example_sensors.py
[2025-02-04T16:45:02.505+0000] {logging_mixin.py:190} INFO - [2025-02-04T16:45:02.504+0000] {dag.py:3239} INFO - Sync 1 DAGs
[2025-02-04T16:45:02.519+0000] {logging_mixin.py:190} INFO - [2025-02-04T16:45:02.519+0000] {dag.py:4180} INFO - Setting next_dagrun for example_sensors to None, run_after=None
[2025-02-04T16:45:02.545+0000] {processor.py:208} INFO - Processing /home/airflow/.local/lib/python3.9/site-packages/airflow/example_dags/example_sensors.py took 0.097 seconds
[2025-02-04T16:45:32.840+0000] {processor.py:186} INFO - Started process (PID=2681) to work on /home/airflow/.local/lib/python3.9/site-packages/airflow/example_dags/example_sensors.py
[2025-02-04T16:45:32.842+0000] {processor.py:914} INFO - Processing file /home/airflow/.local/lib/python3.9/site-packages/airflow/example_dags/example_sensors.py for tasks to queue
[2025-02-04T16:45:32.844+0000] {logging_mixin.py:190} INFO - [2025-02-04T16:45:32.844+0000] {dagbag.py:588} INFO - Filling up the DagBag from /home/airflow/.local/lib/python3.9/site-packages/airflow/example_dags/example_sensors.py
[2025-02-04T16:45:32.881+0000] {processor.py:925} INFO - DAG(s) 'example_sensors' retrieved from /home/airflow/.local/lib/python3.9/site-packages/airflow/example_dags/example_sensors.py
[2025-02-04T16:45:32.917+0000] {logging_mixin.py:190} INFO - [2025-02-04T16:45:32.916+0000] {dag.py:3239} INFO - Sync 1 DAGs
[2025-02-04T16:45:32.936+0000] {logging_mixin.py:190} INFO - [2025-02-04T16:45:32.936+0000] {dag.py:4180} INFO - Setting next_dagrun for example_sensors to None, run_after=None
[2025-02-04T16:45:32.964+0000] {processor.py:208} INFO - Processing /home/airflow/.local/lib/python3.9/site-packages/airflow/example_dags/example_sensors.py took 0.141 seconds
[2025-02-04T16:46:05.187+0000] {processor.py:186} INFO - Started process (PID=2744) to work on /home/airflow/.local/lib/python3.9/site-packages/airflow/example_dags/example_sensors.py
[2025-02-04T16:46:05.189+0000] {processor.py:914} INFO - Processing file /home/airflow/.local/lib/python3.9/site-packages/airflow/example_dags/example_sensors.py for tasks to queue
[2025-02-04T16:46:05.191+0000] {logging_mixin.py:190} INFO - [2025-02-04T16:46:05.191+0000] {dagbag.py:588} INFO - Filling up the DagBag from /home/airflow/.local/lib/python3.9/site-packages/airflow/example_dags/example_sensors.py
[2025-02-04T16:46:05.204+0000] {processor.py:925} INFO - DAG(s) 'example_sensors' retrieved from /home/airflow/.local/lib/python3.9/site-packages/airflow/example_dags/example_sensors.py
[2025-02-04T16:46:05.234+0000] {logging_mixin.py:190} INFO - [2025-02-04T16:46:05.234+0000] {dag.py:3239} INFO - Sync 1 DAGs
[2025-02-04T16:46:05.249+0000] {logging_mixin.py:190} INFO - [2025-02-04T16:46:05.249+0000] {dag.py:4180} INFO - Setting next_dagrun for example_sensors to None, run_after=None
[2025-02-04T16:46:05.276+0000] {processor.py:208} INFO - Processing /home/airflow/.local/lib/python3.9/site-packages/airflow/example_dags/example_sensors.py took 0.096 seconds
[2025-02-04T16:46:35.487+0000] {processor.py:186} INFO - Started process (PID=2808) to work on /home/airflow/.local/lib/python3.9/site-packages/airflow/example_dags/example_sensors.py
[2025-02-04T16:46:35.488+0000] {processor.py:914} INFO - Processing file /home/airflow/.local/lib/python3.9/site-packages/airflow/example_dags/example_sensors.py for tasks to queue
[2025-02-04T16:46:35.490+0000] {logging_mixin.py:190} INFO - [2025-02-04T16:46:35.490+0000] {dagbag.py:588} INFO - Filling up the DagBag from /home/airflow/.local/lib/python3.9/site-packages/airflow/example_dags/example_sensors.py
[2025-02-04T16:46:35.522+0000] {processor.py:925} INFO - DAG(s) 'example_sensors' retrieved from /home/airflow/.local/lib/python3.9/site-packages/airflow/example_dags/example_sensors.py
[2025-02-04T16:46:35.556+0000] {logging_mixin.py:190} INFO - [2025-02-04T16:46:35.556+0000] {dag.py:3239} INFO - Sync 1 DAGs
[2025-02-04T16:46:35.571+0000] {logging_mixin.py:190} INFO - [2025-02-04T16:46:35.571+0000] {dag.py:4180} INFO - Setting next_dagrun for example_sensors to None, run_after=None
[2025-02-04T16:46:35.599+0000] {processor.py:208} INFO - Processing /home/airflow/.local/lib/python3.9/site-packages/airflow/example_dags/example_sensors.py took 0.129 seconds
[2025-02-04T16:47:10.540+0000] {processor.py:186} INFO - Started process (PID=2875) to work on /home/airflow/.local/lib/python3.9/site-packages/airflow/example_dags/example_sensors.py
[2025-02-04T16:47:10.542+0000] {processor.py:914} INFO - Processing file /home/airflow/.local/lib/python3.9/site-packages/airflow/example_dags/example_sensors.py for tasks to queue
[2025-02-04T16:47:10.543+0000] {logging_mixin.py:190} INFO - [2025-02-04T16:47:10.543+0000] {dagbag.py:588} INFO - Filling up the DagBag from /home/airflow/.local/lib/python3.9/site-packages/airflow/example_dags/example_sensors.py
[2025-02-04T16:47:10.556+0000] {processor.py:925} INFO - DAG(s) 'example_sensors' retrieved from /home/airflow/.local/lib/python3.9/site-packages/airflow/example_dags/example_sensors.py
[2025-02-04T16:47:10.584+0000] {logging_mixin.py:190} INFO - [2025-02-04T16:47:10.584+0000] {dag.py:3239} INFO - Sync 1 DAGs
[2025-02-04T16:47:10.599+0000] {logging_mixin.py:190} INFO - [2025-02-04T16:47:10.599+0000] {dag.py:4180} INFO - Setting next_dagrun for example_sensors to None, run_after=None
[2025-02-04T16:47:10.624+0000] {processor.py:208} INFO - Processing /home/airflow/.local/lib/python3.9/site-packages/airflow/example_dags/example_sensors.py took 0.091 seconds
