[2025-02-04T16:22:46.302+0000] {processor.py:186} INFO - Started process (PID=107) to work on /home/airflow/.local/lib/python3.9/site-packages/airflow/example_dags/example_sensor_decorator.py
[2025-02-04T16:22:46.304+0000] {processor.py:914} INFO - Processing file /home/airflow/.local/lib/python3.9/site-packages/airflow/example_dags/example_sensor_decorator.py for tasks to queue
[2025-02-04T16:22:46.306+0000] {logging_mixin.py:190} INFO - [2025-02-04T16:22:46.306+0000] {dagbag.py:588} INFO - Filling up the DagBag from /home/airflow/.local/lib/python3.9/site-packages/airflow/example_dags/example_sensor_decorator.py
[2025-02-04T16:22:46.315+0000] {processor.py:925} INFO - DAG(s) 'example_sensor_decorator' retrieved from /home/airflow/.local/lib/python3.9/site-packages/airflow/example_dags/example_sensor_decorator.py
[2025-02-04T16:22:46.432+0000] {logging_mixin.py:190} INFO - [2025-02-04T16:22:46.431+0000] {override.py:1912} INFO - Created Permission View: can delete on DAG:example_sensor_decorator
[2025-02-04T16:22:46.449+0000] {logging_mixin.py:190} INFO - [2025-02-04T16:22:46.448+0000] {override.py:1912} INFO - Created Permission View: can edit on DAG:example_sensor_decorator
[2025-02-04T16:22:46.463+0000] {logging_mixin.py:190} INFO - [2025-02-04T16:22:46.462+0000] {override.py:1912} INFO - Created Permission View: can read on DAG:example_sensor_decorator
[2025-02-04T16:22:46.487+0000] {logging_mixin.py:190} INFO - [2025-02-04T16:22:46.487+0000] {override.py:1912} INFO - Created Permission View: can delete on DAG Run:example_sensor_decorator
[2025-02-04T16:22:46.499+0000] {logging_mixin.py:190} INFO - [2025-02-04T16:22:46.499+0000] {override.py:1912} INFO - Created Permission View: menu access on DAG Run:example_sensor_decorator
[2025-02-04T16:22:46.512+0000] {logging_mixin.py:190} INFO - [2025-02-04T16:22:46.511+0000] {override.py:1912} INFO - Created Permission View: can read on DAG Run:example_sensor_decorator
[2025-02-04T16:22:46.524+0000] {logging_mixin.py:190} INFO - [2025-02-04T16:22:46.523+0000] {override.py:1912} INFO - Created Permission View: can create on DAG Run:example_sensor_decorator
[2025-02-04T16:22:46.525+0000] {logging_mixin.py:190} INFO - [2025-02-04T16:22:46.525+0000] {dag.py:3239} INFO - Sync 1 DAGs
[2025-02-04T16:22:46.539+0000] {logging_mixin.py:190} INFO - [2025-02-04T16:22:46.539+0000] {dag.py:3262} INFO - Creating ORM DAG for example_sensor_decorator
[2025-02-04T16:22:46.541+0000] {logging_mixin.py:190} INFO - [2025-02-04T16:22:46.541+0000] {dag.py:4180} INFO - Setting next_dagrun for example_sensor_decorator to None, run_after=None
[2025-02-04T16:22:46.574+0000] {processor.py:208} INFO - Processing /home/airflow/.local/lib/python3.9/site-packages/airflow/example_dags/example_sensor_decorator.py took 0.279 seconds
[2025-02-04T16:23:30.728+0000] {processor.py:186} INFO - Started process (PID=171) to work on /home/airflow/.local/lib/python3.9/site-packages/airflow/example_dags/example_sensor_decorator.py
[2025-02-04T16:23:30.729+0000] {processor.py:914} INFO - Processing file /home/airflow/.local/lib/python3.9/site-packages/airflow/example_dags/example_sensor_decorator.py for tasks to queue
[2025-02-04T16:23:30.732+0000] {logging_mixin.py:190} INFO - [2025-02-04T16:23:30.732+0000] {dagbag.py:588} INFO - Filling up the DagBag from /home/airflow/.local/lib/python3.9/site-packages/airflow/example_dags/example_sensor_decorator.py
[2025-02-04T16:23:30.739+0000] {processor.py:925} INFO - DAG(s) 'example_sensor_decorator' retrieved from /home/airflow/.local/lib/python3.9/site-packages/airflow/example_dags/example_sensor_decorator.py
[2025-02-04T16:23:30.761+0000] {logging_mixin.py:190} INFO - [2025-02-04T16:23:30.760+0000] {dag.py:3239} INFO - Sync 1 DAGs
[2025-02-04T16:23:30.774+0000] {logging_mixin.py:190} INFO - [2025-02-04T16:23:30.774+0000] {dag.py:4180} INFO - Setting next_dagrun for example_sensor_decorator to None, run_after=None
[2025-02-04T16:23:30.807+0000] {processor.py:208} INFO - Processing /home/airflow/.local/lib/python3.9/site-packages/airflow/example_dags/example_sensor_decorator.py took 0.086 seconds
[2025-02-04T16:24:01.198+0000] {processor.py:186} INFO - Started process (PID=234) to work on /home/airflow/.local/lib/python3.9/site-packages/airflow/example_dags/example_sensor_decorator.py
[2025-02-04T16:24:01.200+0000] {processor.py:914} INFO - Processing file /home/airflow/.local/lib/python3.9/site-packages/airflow/example_dags/example_sensor_decorator.py for tasks to queue
[2025-02-04T16:24:01.202+0000] {logging_mixin.py:190} INFO - [2025-02-04T16:24:01.202+0000] {dagbag.py:588} INFO - Filling up the DagBag from /home/airflow/.local/lib/python3.9/site-packages/airflow/example_dags/example_sensor_decorator.py
[2025-02-04T16:24:01.211+0000] {processor.py:925} INFO - DAG(s) 'example_sensor_decorator' retrieved from /home/airflow/.local/lib/python3.9/site-packages/airflow/example_dags/example_sensor_decorator.py
[2025-02-04T16:24:01.234+0000] {logging_mixin.py:190} INFO - [2025-02-04T16:24:01.234+0000] {dag.py:3239} INFO - Sync 1 DAGs
[2025-02-04T16:24:01.250+0000] {logging_mixin.py:190} INFO - [2025-02-04T16:24:01.249+0000] {dag.py:4180} INFO - Setting next_dagrun for example_sensor_decorator to None, run_after=None
[2025-02-04T16:24:01.276+0000] {processor.py:208} INFO - Processing /home/airflow/.local/lib/python3.9/site-packages/airflow/example_dags/example_sensor_decorator.py took 0.084 seconds
[2025-02-04T16:24:31.980+0000] {processor.py:186} INFO - Started process (PID=297) to work on /home/airflow/.local/lib/python3.9/site-packages/airflow/example_dags/example_sensor_decorator.py
[2025-02-04T16:24:31.981+0000] {processor.py:914} INFO - Processing file /home/airflow/.local/lib/python3.9/site-packages/airflow/example_dags/example_sensor_decorator.py for tasks to queue
[2025-02-04T16:24:31.984+0000] {logging_mixin.py:190} INFO - [2025-02-04T16:24:31.983+0000] {dagbag.py:588} INFO - Filling up the DagBag from /home/airflow/.local/lib/python3.9/site-packages/airflow/example_dags/example_sensor_decorator.py
[2025-02-04T16:24:31.993+0000] {processor.py:925} INFO - DAG(s) 'example_sensor_decorator' retrieved from /home/airflow/.local/lib/python3.9/site-packages/airflow/example_dags/example_sensor_decorator.py
[2025-02-04T16:24:32.016+0000] {logging_mixin.py:190} INFO - [2025-02-04T16:24:32.016+0000] {dag.py:3239} INFO - Sync 1 DAGs
[2025-02-04T16:24:32.031+0000] {logging_mixin.py:190} INFO - [2025-02-04T16:24:32.031+0000] {dag.py:4180} INFO - Setting next_dagrun for example_sensor_decorator to None, run_after=None
[2025-02-04T16:24:32.058+0000] {processor.py:208} INFO - Processing /home/airflow/.local/lib/python3.9/site-packages/airflow/example_dags/example_sensor_decorator.py took 0.085 seconds
[2025-02-04T16:25:02.795+0000] {processor.py:186} INFO - Started process (PID=361) to work on /home/airflow/.local/lib/python3.9/site-packages/airflow/example_dags/example_sensor_decorator.py
[2025-02-04T16:25:02.796+0000] {processor.py:914} INFO - Processing file /home/airflow/.local/lib/python3.9/site-packages/airflow/example_dags/example_sensor_decorator.py for tasks to queue
[2025-02-04T16:25:02.800+0000] {logging_mixin.py:190} INFO - [2025-02-04T16:25:02.799+0000] {dagbag.py:588} INFO - Filling up the DagBag from /home/airflow/.local/lib/python3.9/site-packages/airflow/example_dags/example_sensor_decorator.py
[2025-02-04T16:25:02.810+0000] {processor.py:925} INFO - DAG(s) 'example_sensor_decorator' retrieved from /home/airflow/.local/lib/python3.9/site-packages/airflow/example_dags/example_sensor_decorator.py
[2025-02-04T16:25:02.830+0000] {logging_mixin.py:190} INFO - [2025-02-04T16:25:02.830+0000] {dag.py:3239} INFO - Sync 1 DAGs
[2025-02-04T16:25:02.844+0000] {logging_mixin.py:190} INFO - [2025-02-04T16:25:02.844+0000] {dag.py:4180} INFO - Setting next_dagrun for example_sensor_decorator to None, run_after=None
[2025-02-04T16:25:02.874+0000] {processor.py:208} INFO - Processing /home/airflow/.local/lib/python3.9/site-packages/airflow/example_dags/example_sensor_decorator.py took 0.086 seconds
[2025-02-04T16:25:33.298+0000] {processor.py:186} INFO - Started process (PID=425) to work on /home/airflow/.local/lib/python3.9/site-packages/airflow/example_dags/example_sensor_decorator.py
[2025-02-04T16:25:33.299+0000] {processor.py:914} INFO - Processing file /home/airflow/.local/lib/python3.9/site-packages/airflow/example_dags/example_sensor_decorator.py for tasks to queue
[2025-02-04T16:25:33.303+0000] {logging_mixin.py:190} INFO - [2025-02-04T16:25:33.303+0000] {dagbag.py:588} INFO - Filling up the DagBag from /home/airflow/.local/lib/python3.9/site-packages/airflow/example_dags/example_sensor_decorator.py
[2025-02-04T16:25:33.313+0000] {processor.py:925} INFO - DAG(s) 'example_sensor_decorator' retrieved from /home/airflow/.local/lib/python3.9/site-packages/airflow/example_dags/example_sensor_decorator.py
[2025-02-04T16:25:33.337+0000] {logging_mixin.py:190} INFO - [2025-02-04T16:25:33.335+0000] {dag.py:3239} INFO - Sync 1 DAGs
[2025-02-04T16:25:33.362+0000] {logging_mixin.py:190} INFO - [2025-02-04T16:25:33.361+0000] {dag.py:4180} INFO - Setting next_dagrun for example_sensor_decorator to None, run_after=None
[2025-02-04T16:25:33.388+0000] {processor.py:208} INFO - Processing /home/airflow/.local/lib/python3.9/site-packages/airflow/example_dags/example_sensor_decorator.py took 0.099 seconds
[2025-02-04T16:26:03.690+0000] {processor.py:186} INFO - Started process (PID=489) to work on /home/airflow/.local/lib/python3.9/site-packages/airflow/example_dags/example_sensor_decorator.py
[2025-02-04T16:26:03.691+0000] {processor.py:914} INFO - Processing file /home/airflow/.local/lib/python3.9/site-packages/airflow/example_dags/example_sensor_decorator.py for tasks to queue
[2025-02-04T16:26:03.694+0000] {logging_mixin.py:190} INFO - [2025-02-04T16:26:03.694+0000] {dagbag.py:588} INFO - Filling up the DagBag from /home/airflow/.local/lib/python3.9/site-packages/airflow/example_dags/example_sensor_decorator.py
[2025-02-04T16:26:03.705+0000] {processor.py:925} INFO - DAG(s) 'example_sensor_decorator' retrieved from /home/airflow/.local/lib/python3.9/site-packages/airflow/example_dags/example_sensor_decorator.py
[2025-02-04T16:26:03.726+0000] {logging_mixin.py:190} INFO - [2025-02-04T16:26:03.725+0000] {dag.py:3239} INFO - Sync 1 DAGs
[2025-02-04T16:26:03.740+0000] {logging_mixin.py:190} INFO - [2025-02-04T16:26:03.740+0000] {dag.py:4180} INFO - Setting next_dagrun for example_sensor_decorator to None, run_after=None
[2025-02-04T16:26:03.768+0000] {processor.py:208} INFO - Processing /home/airflow/.local/lib/python3.9/site-packages/airflow/example_dags/example_sensor_decorator.py took 0.084 seconds
[2025-02-04T16:26:34.592+0000] {processor.py:186} INFO - Started process (PID=560) to work on /home/airflow/.local/lib/python3.9/site-packages/airflow/example_dags/example_sensor_decorator.py
[2025-02-04T16:26:34.594+0000] {processor.py:914} INFO - Processing file /home/airflow/.local/lib/python3.9/site-packages/airflow/example_dags/example_sensor_decorator.py for tasks to queue
[2025-02-04T16:26:34.597+0000] {logging_mixin.py:190} INFO - [2025-02-04T16:26:34.597+0000] {dagbag.py:588} INFO - Filling up the DagBag from /home/airflow/.local/lib/python3.9/site-packages/airflow/example_dags/example_sensor_decorator.py
[2025-02-04T16:26:34.608+0000] {processor.py:925} INFO - DAG(s) 'example_sensor_decorator' retrieved from /home/airflow/.local/lib/python3.9/site-packages/airflow/example_dags/example_sensor_decorator.py
[2025-02-04T16:26:34.629+0000] {logging_mixin.py:190} INFO - [2025-02-04T16:26:34.629+0000] {dag.py:3239} INFO - Sync 1 DAGs
[2025-02-04T16:26:34.645+0000] {logging_mixin.py:190} INFO - [2025-02-04T16:26:34.644+0000] {dag.py:4180} INFO - Setting next_dagrun for example_sensor_decorator to None, run_after=None
[2025-02-04T16:26:34.674+0000] {processor.py:208} INFO - Processing /home/airflow/.local/lib/python3.9/site-packages/airflow/example_dags/example_sensor_decorator.py took 0.092 seconds
[2025-02-04T16:27:04.722+0000] {processor.py:186} INFO - Started process (PID=624) to work on /home/airflow/.local/lib/python3.9/site-packages/airflow/example_dags/example_sensor_decorator.py
[2025-02-04T16:27:04.723+0000] {processor.py:914} INFO - Processing file /home/airflow/.local/lib/python3.9/site-packages/airflow/example_dags/example_sensor_decorator.py for tasks to queue
[2025-02-04T16:27:04.726+0000] {logging_mixin.py:190} INFO - [2025-02-04T16:27:04.726+0000] {dagbag.py:588} INFO - Filling up the DagBag from /home/airflow/.local/lib/python3.9/site-packages/airflow/example_dags/example_sensor_decorator.py
[2025-02-04T16:27:04.734+0000] {processor.py:925} INFO - DAG(s) 'example_sensor_decorator' retrieved from /home/airflow/.local/lib/python3.9/site-packages/airflow/example_dags/example_sensor_decorator.py
[2025-02-04T16:27:04.757+0000] {logging_mixin.py:190} INFO - [2025-02-04T16:27:04.757+0000] {dag.py:3239} INFO - Sync 1 DAGs
[2025-02-04T16:27:04.773+0000] {logging_mixin.py:190} INFO - [2025-02-04T16:27:04.773+0000] {dag.py:4180} INFO - Setting next_dagrun for example_sensor_decorator to None, run_after=None
[2025-02-04T16:27:04.801+0000] {processor.py:208} INFO - Processing /home/airflow/.local/lib/python3.9/site-packages/airflow/example_dags/example_sensor_decorator.py took 0.085 seconds
[2025-02-04T16:27:35.513+0000] {processor.py:186} INFO - Started process (PID=688) to work on /home/airflow/.local/lib/python3.9/site-packages/airflow/example_dags/example_sensor_decorator.py
[2025-02-04T16:27:35.515+0000] {processor.py:914} INFO - Processing file /home/airflow/.local/lib/python3.9/site-packages/airflow/example_dags/example_sensor_decorator.py for tasks to queue
[2025-02-04T16:27:35.519+0000] {logging_mixin.py:190} INFO - [2025-02-04T16:27:35.518+0000] {dagbag.py:588} INFO - Filling up the DagBag from /home/airflow/.local/lib/python3.9/site-packages/airflow/example_dags/example_sensor_decorator.py
[2025-02-04T16:27:35.529+0000] {processor.py:925} INFO - DAG(s) 'example_sensor_decorator' retrieved from /home/airflow/.local/lib/python3.9/site-packages/airflow/example_dags/example_sensor_decorator.py
[2025-02-04T16:27:35.553+0000] {logging_mixin.py:190} INFO - [2025-02-04T16:27:35.553+0000] {dag.py:3239} INFO - Sync 1 DAGs
[2025-02-04T16:27:35.567+0000] {logging_mixin.py:190} INFO - [2025-02-04T16:27:35.567+0000] {dag.py:4180} INFO - Setting next_dagrun for example_sensor_decorator to None, run_after=None
[2025-02-04T16:27:35.593+0000] {processor.py:208} INFO - Processing /home/airflow/.local/lib/python3.9/site-packages/airflow/example_dags/example_sensor_decorator.py took 0.090 seconds
[2025-02-04T16:28:06.697+0000] {processor.py:186} INFO - Started process (PID=752) to work on /home/airflow/.local/lib/python3.9/site-packages/airflow/example_dags/example_sensor_decorator.py
[2025-02-04T16:28:06.698+0000] {processor.py:914} INFO - Processing file /home/airflow/.local/lib/python3.9/site-packages/airflow/example_dags/example_sensor_decorator.py for tasks to queue
[2025-02-04T16:28:06.701+0000] {logging_mixin.py:190} INFO - [2025-02-04T16:28:06.701+0000] {dagbag.py:588} INFO - Filling up the DagBag from /home/airflow/.local/lib/python3.9/site-packages/airflow/example_dags/example_sensor_decorator.py
[2025-02-04T16:28:06.709+0000] {processor.py:925} INFO - DAG(s) 'example_sensor_decorator' retrieved from /home/airflow/.local/lib/python3.9/site-packages/airflow/example_dags/example_sensor_decorator.py
[2025-02-04T16:28:06.729+0000] {logging_mixin.py:190} INFO - [2025-02-04T16:28:06.729+0000] {dag.py:3239} INFO - Sync 1 DAGs
[2025-02-04T16:28:06.743+0000] {logging_mixin.py:190} INFO - [2025-02-04T16:28:06.742+0000] {dag.py:4180} INFO - Setting next_dagrun for example_sensor_decorator to None, run_after=None
[2025-02-04T16:28:06.768+0000] {processor.py:208} INFO - Processing /home/airflow/.local/lib/python3.9/site-packages/airflow/example_dags/example_sensor_decorator.py took 0.077 seconds
[2025-02-04T16:28:37.127+0000] {processor.py:186} INFO - Started process (PID=816) to work on /home/airflow/.local/lib/python3.9/site-packages/airflow/example_dags/example_sensor_decorator.py
[2025-02-04T16:28:37.128+0000] {processor.py:914} INFO - Processing file /home/airflow/.local/lib/python3.9/site-packages/airflow/example_dags/example_sensor_decorator.py for tasks to queue
[2025-02-04T16:28:37.132+0000] {logging_mixin.py:190} INFO - [2025-02-04T16:28:37.132+0000] {dagbag.py:588} INFO - Filling up the DagBag from /home/airflow/.local/lib/python3.9/site-packages/airflow/example_dags/example_sensor_decorator.py
[2025-02-04T16:28:37.143+0000] {processor.py:925} INFO - DAG(s) 'example_sensor_decorator' retrieved from /home/airflow/.local/lib/python3.9/site-packages/airflow/example_dags/example_sensor_decorator.py
[2025-02-04T16:28:37.163+0000] {logging_mixin.py:190} INFO - [2025-02-04T16:28:37.163+0000] {dag.py:3239} INFO - Sync 1 DAGs
[2025-02-04T16:28:37.179+0000] {logging_mixin.py:190} INFO - [2025-02-04T16:28:37.179+0000] {dag.py:4180} INFO - Setting next_dagrun for example_sensor_decorator to None, run_after=None
[2025-02-04T16:28:37.206+0000] {processor.py:208} INFO - Processing /home/airflow/.local/lib/python3.9/site-packages/airflow/example_dags/example_sensor_decorator.py took 0.086 seconds
[2025-02-04T16:29:07.703+0000] {processor.py:186} INFO - Started process (PID=880) to work on /home/airflow/.local/lib/python3.9/site-packages/airflow/example_dags/example_sensor_decorator.py
[2025-02-04T16:29:07.704+0000] {processor.py:914} INFO - Processing file /home/airflow/.local/lib/python3.9/site-packages/airflow/example_dags/example_sensor_decorator.py for tasks to queue
[2025-02-04T16:29:07.708+0000] {logging_mixin.py:190} INFO - [2025-02-04T16:29:07.707+0000] {dagbag.py:588} INFO - Filling up the DagBag from /home/airflow/.local/lib/python3.9/site-packages/airflow/example_dags/example_sensor_decorator.py
[2025-02-04T16:29:07.717+0000] {processor.py:925} INFO - DAG(s) 'example_sensor_decorator' retrieved from /home/airflow/.local/lib/python3.9/site-packages/airflow/example_dags/example_sensor_decorator.py
[2025-02-04T16:29:07.740+0000] {logging_mixin.py:190} INFO - [2025-02-04T16:29:07.740+0000] {dag.py:3239} INFO - Sync 1 DAGs
[2025-02-04T16:29:07.755+0000] {logging_mixin.py:190} INFO - [2025-02-04T16:29:07.755+0000] {dag.py:4180} INFO - Setting next_dagrun for example_sensor_decorator to None, run_after=None
[2025-02-04T16:29:07.787+0000] {processor.py:208} INFO - Processing /home/airflow/.local/lib/python3.9/site-packages/airflow/example_dags/example_sensor_decorator.py took 0.090 seconds
[2025-02-04T16:29:38.151+0000] {processor.py:186} INFO - Started process (PID=944) to work on /home/airflow/.local/lib/python3.9/site-packages/airflow/example_dags/example_sensor_decorator.py
[2025-02-04T16:29:38.152+0000] {processor.py:914} INFO - Processing file /home/airflow/.local/lib/python3.9/site-packages/airflow/example_dags/example_sensor_decorator.py for tasks to queue
[2025-02-04T16:29:38.155+0000] {logging_mixin.py:190} INFO - [2025-02-04T16:29:38.155+0000] {dagbag.py:588} INFO - Filling up the DagBag from /home/airflow/.local/lib/python3.9/site-packages/airflow/example_dags/example_sensor_decorator.py
[2025-02-04T16:29:38.164+0000] {processor.py:925} INFO - DAG(s) 'example_sensor_decorator' retrieved from /home/airflow/.local/lib/python3.9/site-packages/airflow/example_dags/example_sensor_decorator.py
[2025-02-04T16:29:38.187+0000] {logging_mixin.py:190} INFO - [2025-02-04T16:29:38.187+0000] {dag.py:3239} INFO - Sync 1 DAGs
[2025-02-04T16:29:38.203+0000] {logging_mixin.py:190} INFO - [2025-02-04T16:29:38.203+0000] {dag.py:4180} INFO - Setting next_dagrun for example_sensor_decorator to None, run_after=None
[2025-02-04T16:29:38.230+0000] {processor.py:208} INFO - Processing /home/airflow/.local/lib/python3.9/site-packages/airflow/example_dags/example_sensor_decorator.py took 0.086 seconds
[2025-02-04T16:30:08.364+0000] {processor.py:186} INFO - Started process (PID=1007) to work on /home/airflow/.local/lib/python3.9/site-packages/airflow/example_dags/example_sensor_decorator.py
[2025-02-04T16:30:08.366+0000] {processor.py:914} INFO - Processing file /home/airflow/.local/lib/python3.9/site-packages/airflow/example_dags/example_sensor_decorator.py for tasks to queue
[2025-02-04T16:30:08.370+0000] {logging_mixin.py:190} INFO - [2025-02-04T16:30:08.370+0000] {dagbag.py:588} INFO - Filling up the DagBag from /home/airflow/.local/lib/python3.9/site-packages/airflow/example_dags/example_sensor_decorator.py
[2025-02-04T16:30:08.379+0000] {processor.py:925} INFO - DAG(s) 'example_sensor_decorator' retrieved from /home/airflow/.local/lib/python3.9/site-packages/airflow/example_dags/example_sensor_decorator.py
[2025-02-04T16:30:08.406+0000] {logging_mixin.py:190} INFO - [2025-02-04T16:30:08.405+0000] {dag.py:3239} INFO - Sync 1 DAGs
[2025-02-04T16:30:08.424+0000] {logging_mixin.py:190} INFO - [2025-02-04T16:30:08.423+0000] {dag.py:4180} INFO - Setting next_dagrun for example_sensor_decorator to None, run_after=None
[2025-02-04T16:30:08.451+0000] {processor.py:208} INFO - Processing /home/airflow/.local/lib/python3.9/site-packages/airflow/example_dags/example_sensor_decorator.py took 0.094 seconds
[2025-02-04T16:30:39.139+0000] {processor.py:186} INFO - Started process (PID=1072) to work on /home/airflow/.local/lib/python3.9/site-packages/airflow/example_dags/example_sensor_decorator.py
[2025-02-04T16:30:39.140+0000] {processor.py:914} INFO - Processing file /home/airflow/.local/lib/python3.9/site-packages/airflow/example_dags/example_sensor_decorator.py for tasks to queue
[2025-02-04T16:30:39.144+0000] {logging_mixin.py:190} INFO - [2025-02-04T16:30:39.143+0000] {dagbag.py:588} INFO - Filling up the DagBag from /home/airflow/.local/lib/python3.9/site-packages/airflow/example_dags/example_sensor_decorator.py
[2025-02-04T16:30:39.152+0000] {processor.py:925} INFO - DAG(s) 'example_sensor_decorator' retrieved from /home/airflow/.local/lib/python3.9/site-packages/airflow/example_dags/example_sensor_decorator.py
[2025-02-04T16:30:39.173+0000] {logging_mixin.py:190} INFO - [2025-02-04T16:30:39.173+0000] {dag.py:3239} INFO - Sync 1 DAGs
[2025-02-04T16:30:39.188+0000] {logging_mixin.py:190} INFO - [2025-02-04T16:30:39.188+0000] {dag.py:4180} INFO - Setting next_dagrun for example_sensor_decorator to None, run_after=None
[2025-02-04T16:30:39.215+0000] {processor.py:208} INFO - Processing /home/airflow/.local/lib/python3.9/site-packages/airflow/example_dags/example_sensor_decorator.py took 0.082 seconds
[2025-02-04T16:31:10.022+0000] {processor.py:186} INFO - Started process (PID=1136) to work on /home/airflow/.local/lib/python3.9/site-packages/airflow/example_dags/example_sensor_decorator.py
[2025-02-04T16:31:10.024+0000] {processor.py:914} INFO - Processing file /home/airflow/.local/lib/python3.9/site-packages/airflow/example_dags/example_sensor_decorator.py for tasks to queue
[2025-02-04T16:31:10.029+0000] {logging_mixin.py:190} INFO - [2025-02-04T16:31:10.028+0000] {dagbag.py:588} INFO - Filling up the DagBag from /home/airflow/.local/lib/python3.9/site-packages/airflow/example_dags/example_sensor_decorator.py
[2025-02-04T16:31:10.045+0000] {processor.py:925} INFO - DAG(s) 'example_sensor_decorator' retrieved from /home/airflow/.local/lib/python3.9/site-packages/airflow/example_dags/example_sensor_decorator.py
[2025-02-04T16:31:10.073+0000] {logging_mixin.py:190} INFO - [2025-02-04T16:31:10.073+0000] {dag.py:3239} INFO - Sync 1 DAGs
[2025-02-04T16:31:10.093+0000] {logging_mixin.py:190} INFO - [2025-02-04T16:31:10.092+0000] {dag.py:4180} INFO - Setting next_dagrun for example_sensor_decorator to None, run_after=None
[2025-02-04T16:31:10.126+0000] {processor.py:208} INFO - Processing /home/airflow/.local/lib/python3.9/site-packages/airflow/example_dags/example_sensor_decorator.py took 0.118 seconds
[2025-02-04T16:31:41.043+0000] {processor.py:186} INFO - Started process (PID=1200) to work on /home/airflow/.local/lib/python3.9/site-packages/airflow/example_dags/example_sensor_decorator.py
[2025-02-04T16:31:41.044+0000] {processor.py:914} INFO - Processing file /home/airflow/.local/lib/python3.9/site-packages/airflow/example_dags/example_sensor_decorator.py for tasks to queue
[2025-02-04T16:31:41.047+0000] {logging_mixin.py:190} INFO - [2025-02-04T16:31:41.046+0000] {dagbag.py:588} INFO - Filling up the DagBag from /home/airflow/.local/lib/python3.9/site-packages/airflow/example_dags/example_sensor_decorator.py
[2025-02-04T16:31:41.056+0000] {processor.py:925} INFO - DAG(s) 'example_sensor_decorator' retrieved from /home/airflow/.local/lib/python3.9/site-packages/airflow/example_dags/example_sensor_decorator.py
[2025-02-04T16:31:41.081+0000] {logging_mixin.py:190} INFO - [2025-02-04T16:31:41.080+0000] {dag.py:3239} INFO - Sync 1 DAGs
[2025-02-04T16:31:41.096+0000] {logging_mixin.py:190} INFO - [2025-02-04T16:31:41.096+0000] {dag.py:4180} INFO - Setting next_dagrun for example_sensor_decorator to None, run_after=None
[2025-02-04T16:31:41.125+0000] {processor.py:208} INFO - Processing /home/airflow/.local/lib/python3.9/site-packages/airflow/example_dags/example_sensor_decorator.py took 0.090 seconds
[2025-02-04T16:32:11.311+0000] {processor.py:186} INFO - Started process (PID=1271) to work on /home/airflow/.local/lib/python3.9/site-packages/airflow/example_dags/example_sensor_decorator.py
[2025-02-04T16:32:11.313+0000] {processor.py:914} INFO - Processing file /home/airflow/.local/lib/python3.9/site-packages/airflow/example_dags/example_sensor_decorator.py for tasks to queue
[2025-02-04T16:32:11.316+0000] {logging_mixin.py:190} INFO - [2025-02-04T16:32:11.315+0000] {dagbag.py:588} INFO - Filling up the DagBag from /home/airflow/.local/lib/python3.9/site-packages/airflow/example_dags/example_sensor_decorator.py
[2025-02-04T16:32:11.324+0000] {processor.py:925} INFO - DAG(s) 'example_sensor_decorator' retrieved from /home/airflow/.local/lib/python3.9/site-packages/airflow/example_dags/example_sensor_decorator.py
[2025-02-04T16:32:11.346+0000] {logging_mixin.py:190} INFO - [2025-02-04T16:32:11.345+0000] {dag.py:3239} INFO - Sync 1 DAGs
[2025-02-04T16:32:11.361+0000] {logging_mixin.py:190} INFO - [2025-02-04T16:32:11.361+0000] {dag.py:4180} INFO - Setting next_dagrun for example_sensor_decorator to None, run_after=None
[2025-02-04T16:32:11.394+0000] {processor.py:208} INFO - Processing /home/airflow/.local/lib/python3.9/site-packages/airflow/example_dags/example_sensor_decorator.py took 0.090 seconds
[2025-02-04T16:32:41.668+0000] {processor.py:186} INFO - Started process (PID=1335) to work on /home/airflow/.local/lib/python3.9/site-packages/airflow/example_dags/example_sensor_decorator.py
[2025-02-04T16:32:41.669+0000] {processor.py:914} INFO - Processing file /home/airflow/.local/lib/python3.9/site-packages/airflow/example_dags/example_sensor_decorator.py for tasks to queue
[2025-02-04T16:32:41.672+0000] {logging_mixin.py:190} INFO - [2025-02-04T16:32:41.672+0000] {dagbag.py:588} INFO - Filling up the DagBag from /home/airflow/.local/lib/python3.9/site-packages/airflow/example_dags/example_sensor_decorator.py
[2025-02-04T16:32:41.684+0000] {processor.py:925} INFO - DAG(s) 'example_sensor_decorator' retrieved from /home/airflow/.local/lib/python3.9/site-packages/airflow/example_dags/example_sensor_decorator.py
[2025-02-04T16:32:41.705+0000] {logging_mixin.py:190} INFO - [2025-02-04T16:32:41.705+0000] {dag.py:3239} INFO - Sync 1 DAGs
[2025-02-04T16:32:41.726+0000] {logging_mixin.py:190} INFO - [2025-02-04T16:32:41.725+0000] {dag.py:4180} INFO - Setting next_dagrun for example_sensor_decorator to None, run_after=None
[2025-02-04T16:32:41.757+0000] {processor.py:208} INFO - Processing /home/airflow/.local/lib/python3.9/site-packages/airflow/example_dags/example_sensor_decorator.py took 0.096 seconds
[2025-02-04T16:33:12.544+0000] {processor.py:186} INFO - Started process (PID=1400) to work on /home/airflow/.local/lib/python3.9/site-packages/airflow/example_dags/example_sensor_decorator.py
[2025-02-04T16:33:12.545+0000] {processor.py:914} INFO - Processing file /home/airflow/.local/lib/python3.9/site-packages/airflow/example_dags/example_sensor_decorator.py for tasks to queue
[2025-02-04T16:33:12.548+0000] {logging_mixin.py:190} INFO - [2025-02-04T16:33:12.548+0000] {dagbag.py:588} INFO - Filling up the DagBag from /home/airflow/.local/lib/python3.9/site-packages/airflow/example_dags/example_sensor_decorator.py
[2025-02-04T16:33:12.556+0000] {processor.py:925} INFO - DAG(s) 'example_sensor_decorator' retrieved from /home/airflow/.local/lib/python3.9/site-packages/airflow/example_dags/example_sensor_decorator.py
[2025-02-04T16:33:12.579+0000] {logging_mixin.py:190} INFO - [2025-02-04T16:33:12.579+0000] {dag.py:3239} INFO - Sync 1 DAGs
[2025-02-04T16:33:12.594+0000] {logging_mixin.py:190} INFO - [2025-02-04T16:33:12.594+0000] {dag.py:4180} INFO - Setting next_dagrun for example_sensor_decorator to None, run_after=None
[2025-02-04T16:33:12.621+0000] {processor.py:208} INFO - Processing /home/airflow/.local/lib/python3.9/site-packages/airflow/example_dags/example_sensor_decorator.py took 0.084 seconds
[2025-02-04T16:33:43.216+0000] {processor.py:186} INFO - Started process (PID=1464) to work on /home/airflow/.local/lib/python3.9/site-packages/airflow/example_dags/example_sensor_decorator.py
[2025-02-04T16:33:43.217+0000] {processor.py:914} INFO - Processing file /home/airflow/.local/lib/python3.9/site-packages/airflow/example_dags/example_sensor_decorator.py for tasks to queue
[2025-02-04T16:33:43.220+0000] {logging_mixin.py:190} INFO - [2025-02-04T16:33:43.220+0000] {dagbag.py:588} INFO - Filling up the DagBag from /home/airflow/.local/lib/python3.9/site-packages/airflow/example_dags/example_sensor_decorator.py
[2025-02-04T16:33:43.228+0000] {processor.py:925} INFO - DAG(s) 'example_sensor_decorator' retrieved from /home/airflow/.local/lib/python3.9/site-packages/airflow/example_dags/example_sensor_decorator.py
[2025-02-04T16:33:43.251+0000] {logging_mixin.py:190} INFO - [2025-02-04T16:33:43.250+0000] {dag.py:3239} INFO - Sync 1 DAGs
[2025-02-04T16:33:43.268+0000] {logging_mixin.py:190} INFO - [2025-02-04T16:33:43.268+0000] {dag.py:4180} INFO - Setting next_dagrun for example_sensor_decorator to None, run_after=None
[2025-02-04T16:33:43.302+0000] {processor.py:208} INFO - Processing /home/airflow/.local/lib/python3.9/site-packages/airflow/example_dags/example_sensor_decorator.py took 0.095 seconds
[2025-02-04T16:34:13.587+0000] {processor.py:186} INFO - Started process (PID=1528) to work on /home/airflow/.local/lib/python3.9/site-packages/airflow/example_dags/example_sensor_decorator.py
[2025-02-04T16:34:13.588+0000] {processor.py:914} INFO - Processing file /home/airflow/.local/lib/python3.9/site-packages/airflow/example_dags/example_sensor_decorator.py for tasks to queue
[2025-02-04T16:34:13.591+0000] {logging_mixin.py:190} INFO - [2025-02-04T16:34:13.591+0000] {dagbag.py:588} INFO - Filling up the DagBag from /home/airflow/.local/lib/python3.9/site-packages/airflow/example_dags/example_sensor_decorator.py
[2025-02-04T16:34:13.600+0000] {processor.py:925} INFO - DAG(s) 'example_sensor_decorator' retrieved from /home/airflow/.local/lib/python3.9/site-packages/airflow/example_dags/example_sensor_decorator.py
[2025-02-04T16:34:13.623+0000] {logging_mixin.py:190} INFO - [2025-02-04T16:34:13.622+0000] {dag.py:3239} INFO - Sync 1 DAGs
[2025-02-04T16:34:13.637+0000] {logging_mixin.py:190} INFO - [2025-02-04T16:34:13.637+0000] {dag.py:4180} INFO - Setting next_dagrun for example_sensor_decorator to None, run_after=None
[2025-02-04T16:34:13.664+0000] {processor.py:208} INFO - Processing /home/airflow/.local/lib/python3.9/site-packages/airflow/example_dags/example_sensor_decorator.py took 0.084 seconds
[2025-02-04T16:34:47.034+0000] {processor.py:186} INFO - Started process (PID=1592) to work on /home/airflow/.local/lib/python3.9/site-packages/airflow/example_dags/example_sensor_decorator.py
[2025-02-04T16:34:47.035+0000] {processor.py:914} INFO - Processing file /home/airflow/.local/lib/python3.9/site-packages/airflow/example_dags/example_sensor_decorator.py for tasks to queue
[2025-02-04T16:34:47.039+0000] {logging_mixin.py:190} INFO - [2025-02-04T16:34:47.038+0000] {dagbag.py:588} INFO - Filling up the DagBag from /home/airflow/.local/lib/python3.9/site-packages/airflow/example_dags/example_sensor_decorator.py
[2025-02-04T16:34:47.047+0000] {processor.py:925} INFO - DAG(s) 'example_sensor_decorator' retrieved from /home/airflow/.local/lib/python3.9/site-packages/airflow/example_dags/example_sensor_decorator.py
[2025-02-04T16:34:47.081+0000] {logging_mixin.py:190} INFO - [2025-02-04T16:34:47.080+0000] {dag.py:3239} INFO - Sync 1 DAGs
[2025-02-04T16:34:47.096+0000] {logging_mixin.py:190} INFO - [2025-02-04T16:34:47.095+0000] {dag.py:4180} INFO - Setting next_dagrun for example_sensor_decorator to None, run_after=None
[2025-02-04T16:34:47.121+0000] {processor.py:208} INFO - Processing /home/airflow/.local/lib/python3.9/site-packages/airflow/example_dags/example_sensor_decorator.py took 0.094 seconds
[2025-02-04T16:35:17.636+0000] {processor.py:186} INFO - Started process (PID=1656) to work on /home/airflow/.local/lib/python3.9/site-packages/airflow/example_dags/example_sensor_decorator.py
[2025-02-04T16:35:17.638+0000] {processor.py:914} INFO - Processing file /home/airflow/.local/lib/python3.9/site-packages/airflow/example_dags/example_sensor_decorator.py for tasks to queue
[2025-02-04T16:35:17.641+0000] {logging_mixin.py:190} INFO - [2025-02-04T16:35:17.641+0000] {dagbag.py:588} INFO - Filling up the DagBag from /home/airflow/.local/lib/python3.9/site-packages/airflow/example_dags/example_sensor_decorator.py
[2025-02-04T16:35:17.651+0000] {processor.py:925} INFO - DAG(s) 'example_sensor_decorator' retrieved from /home/airflow/.local/lib/python3.9/site-packages/airflow/example_dags/example_sensor_decorator.py
[2025-02-04T16:35:17.674+0000] {logging_mixin.py:190} INFO - [2025-02-04T16:35:17.673+0000] {dag.py:3239} INFO - Sync 1 DAGs
[2025-02-04T16:35:17.688+0000] {logging_mixin.py:190} INFO - [2025-02-04T16:35:17.687+0000] {dag.py:4180} INFO - Setting next_dagrun for example_sensor_decorator to None, run_after=None
[2025-02-04T16:35:17.716+0000] {processor.py:208} INFO - Processing /home/airflow/.local/lib/python3.9/site-packages/airflow/example_dags/example_sensor_decorator.py took 0.087 seconds
[2025-02-04T16:35:48.681+0000] {processor.py:186} INFO - Started process (PID=1720) to work on /home/airflow/.local/lib/python3.9/site-packages/airflow/example_dags/example_sensor_decorator.py
[2025-02-04T16:35:48.684+0000] {processor.py:914} INFO - Processing file /home/airflow/.local/lib/python3.9/site-packages/airflow/example_dags/example_sensor_decorator.py for tasks to queue
[2025-02-04T16:35:48.687+0000] {logging_mixin.py:190} INFO - [2025-02-04T16:35:48.687+0000] {dagbag.py:588} INFO - Filling up the DagBag from /home/airflow/.local/lib/python3.9/site-packages/airflow/example_dags/example_sensor_decorator.py
[2025-02-04T16:35:48.697+0000] {processor.py:925} INFO - DAG(s) 'example_sensor_decorator' retrieved from /home/airflow/.local/lib/python3.9/site-packages/airflow/example_dags/example_sensor_decorator.py
[2025-02-04T16:35:48.720+0000] {logging_mixin.py:190} INFO - [2025-02-04T16:35:48.719+0000] {dag.py:3239} INFO - Sync 1 DAGs
[2025-02-04T16:35:48.734+0000] {logging_mixin.py:190} INFO - [2025-02-04T16:35:48.734+0000] {dag.py:4180} INFO - Setting next_dagrun for example_sensor_decorator to None, run_after=None
[2025-02-04T16:35:48.761+0000] {processor.py:208} INFO - Processing /home/airflow/.local/lib/python3.9/site-packages/airflow/example_dags/example_sensor_decorator.py took 0.090 seconds
[2025-02-04T16:36:19.021+0000] {processor.py:186} INFO - Started process (PID=1785) to work on /home/airflow/.local/lib/python3.9/site-packages/airflow/example_dags/example_sensor_decorator.py
[2025-02-04T16:36:19.022+0000] {processor.py:914} INFO - Processing file /home/airflow/.local/lib/python3.9/site-packages/airflow/example_dags/example_sensor_decorator.py for tasks to queue
[2025-02-04T16:36:19.025+0000] {logging_mixin.py:190} INFO - [2025-02-04T16:36:19.025+0000] {dagbag.py:588} INFO - Filling up the DagBag from /home/airflow/.local/lib/python3.9/site-packages/airflow/example_dags/example_sensor_decorator.py
[2025-02-04T16:36:19.033+0000] {processor.py:925} INFO - DAG(s) 'example_sensor_decorator' retrieved from /home/airflow/.local/lib/python3.9/site-packages/airflow/example_dags/example_sensor_decorator.py
[2025-02-04T16:36:19.055+0000] {logging_mixin.py:190} INFO - [2025-02-04T16:36:19.055+0000] {dag.py:3239} INFO - Sync 1 DAGs
[2025-02-04T16:36:19.069+0000] {logging_mixin.py:190} INFO - [2025-02-04T16:36:19.069+0000] {dag.py:4180} INFO - Setting next_dagrun for example_sensor_decorator to None, run_after=None
[2025-02-04T16:36:19.098+0000] {processor.py:208} INFO - Processing /home/airflow/.local/lib/python3.9/site-packages/airflow/example_dags/example_sensor_decorator.py took 0.083 seconds
[2025-02-04T16:36:50.801+0000] {processor.py:186} INFO - Started process (PID=1849) to work on /home/airflow/.local/lib/python3.9/site-packages/airflow/example_dags/example_sensor_decorator.py
[2025-02-04T16:36:50.802+0000] {processor.py:914} INFO - Processing file /home/airflow/.local/lib/python3.9/site-packages/airflow/example_dags/example_sensor_decorator.py for tasks to queue
[2025-02-04T16:36:50.806+0000] {logging_mixin.py:190} INFO - [2025-02-04T16:36:50.806+0000] {dagbag.py:588} INFO - Filling up the DagBag from /home/airflow/.local/lib/python3.9/site-packages/airflow/example_dags/example_sensor_decorator.py
[2025-02-04T16:36:51.509+0000] {processor.py:925} INFO - DAG(s) 'example_sensor_decorator' retrieved from /home/airflow/.local/lib/python3.9/site-packages/airflow/example_dags/example_sensor_decorator.py
[2025-02-04T16:36:51.623+0000] {logging_mixin.py:190} INFO - [2025-02-04T16:36:51.623+0000] {dag.py:3239} INFO - Sync 1 DAGs
[2025-02-04T16:36:51.641+0000] {logging_mixin.py:190} INFO - [2025-02-04T16:36:51.641+0000] {dag.py:4180} INFO - Setting next_dagrun for example_sensor_decorator to None, run_after=None
[2025-02-04T16:36:51.671+0000] {processor.py:208} INFO - Processing /home/airflow/.local/lib/python3.9/site-packages/airflow/example_dags/example_sensor_decorator.py took 0.878 seconds
[2025-02-04T16:39:24.928+0000] {processor.py:186} INFO - Started process (PID=1902) to work on /home/airflow/.local/lib/python3.9/site-packages/airflow/example_dags/example_sensor_decorator.py
[2025-02-04T16:39:24.929+0000] {processor.py:914} INFO - Processing file /home/airflow/.local/lib/python3.9/site-packages/airflow/example_dags/example_sensor_decorator.py for tasks to queue
[2025-02-04T16:39:24.931+0000] {logging_mixin.py:190} INFO - [2025-02-04T16:39:24.931+0000] {dagbag.py:588} INFO - Filling up the DagBag from /home/airflow/.local/lib/python3.9/site-packages/airflow/example_dags/example_sensor_decorator.py
[2025-02-04T16:39:24.942+0000] {processor.py:925} INFO - DAG(s) 'example_sensor_decorator' retrieved from /home/airflow/.local/lib/python3.9/site-packages/airflow/example_dags/example_sensor_decorator.py
[2025-02-04T16:39:24.965+0000] {logging_mixin.py:190} INFO - [2025-02-04T16:39:24.965+0000] {dag.py:3239} INFO - Sync 1 DAGs
[2025-02-04T16:39:24.984+0000] {logging_mixin.py:190} INFO - [2025-02-04T16:39:24.984+0000] {dag.py:4180} INFO - Setting next_dagrun for example_sensor_decorator to None, run_after=None
[2025-02-04T16:39:25.011+0000] {processor.py:208} INFO - Processing /home/airflow/.local/lib/python3.9/site-packages/airflow/example_dags/example_sensor_decorator.py took 0.092 seconds
[2025-02-04T16:39:55.864+0000] {processor.py:186} INFO - Started process (PID=1966) to work on /home/airflow/.local/lib/python3.9/site-packages/airflow/example_dags/example_sensor_decorator.py
[2025-02-04T16:39:55.865+0000] {processor.py:914} INFO - Processing file /home/airflow/.local/lib/python3.9/site-packages/airflow/example_dags/example_sensor_decorator.py for tasks to queue
[2025-02-04T16:39:55.866+0000] {logging_mixin.py:190} INFO - [2025-02-04T16:39:55.866+0000] {dagbag.py:588} INFO - Filling up the DagBag from /home/airflow/.local/lib/python3.9/site-packages/airflow/example_dags/example_sensor_decorator.py
[2025-02-04T16:39:55.873+0000] {processor.py:925} INFO - DAG(s) 'example_sensor_decorator' retrieved from /home/airflow/.local/lib/python3.9/site-packages/airflow/example_dags/example_sensor_decorator.py
[2025-02-04T16:39:55.891+0000] {logging_mixin.py:190} INFO - [2025-02-04T16:39:55.891+0000] {dag.py:3239} INFO - Sync 1 DAGs
[2025-02-04T16:39:55.903+0000] {logging_mixin.py:190} INFO - [2025-02-04T16:39:55.903+0000] {dag.py:4180} INFO - Setting next_dagrun for example_sensor_decorator to None, run_after=None
[2025-02-04T16:39:55.925+0000] {processor.py:208} INFO - Processing /home/airflow/.local/lib/python3.9/site-packages/airflow/example_dags/example_sensor_decorator.py took 0.067 seconds
[2025-02-04T16:40:27.022+0000] {processor.py:186} INFO - Started process (PID=2030) to work on /home/airflow/.local/lib/python3.9/site-packages/airflow/example_dags/example_sensor_decorator.py
[2025-02-04T16:40:27.024+0000] {processor.py:914} INFO - Processing file /home/airflow/.local/lib/python3.9/site-packages/airflow/example_dags/example_sensor_decorator.py for tasks to queue
[2025-02-04T16:40:27.025+0000] {logging_mixin.py:190} INFO - [2025-02-04T16:40:27.025+0000] {dagbag.py:588} INFO - Filling up the DagBag from /home/airflow/.local/lib/python3.9/site-packages/airflow/example_dags/example_sensor_decorator.py
[2025-02-04T16:40:27.034+0000] {processor.py:925} INFO - DAG(s) 'example_sensor_decorator' retrieved from /home/airflow/.local/lib/python3.9/site-packages/airflow/example_dags/example_sensor_decorator.py
[2025-02-04T16:40:27.058+0000] {logging_mixin.py:190} INFO - [2025-02-04T16:40:27.058+0000] {dag.py:3239} INFO - Sync 1 DAGs
[2025-02-04T16:40:27.075+0000] {logging_mixin.py:190} INFO - [2025-02-04T16:40:27.075+0000] {dag.py:4180} INFO - Setting next_dagrun for example_sensor_decorator to None, run_after=None
[2025-02-04T16:40:27.103+0000] {processor.py:208} INFO - Processing /home/airflow/.local/lib/python3.9/site-packages/airflow/example_dags/example_sensor_decorator.py took 0.087 seconds
[2025-02-04T16:40:57.921+0000] {processor.py:186} INFO - Started process (PID=2094) to work on /home/airflow/.local/lib/python3.9/site-packages/airflow/example_dags/example_sensor_decorator.py
[2025-02-04T16:40:57.923+0000] {processor.py:914} INFO - Processing file /home/airflow/.local/lib/python3.9/site-packages/airflow/example_dags/example_sensor_decorator.py for tasks to queue
[2025-02-04T16:40:57.925+0000] {logging_mixin.py:190} INFO - [2025-02-04T16:40:57.924+0000] {dagbag.py:588} INFO - Filling up the DagBag from /home/airflow/.local/lib/python3.9/site-packages/airflow/example_dags/example_sensor_decorator.py
[2025-02-04T16:40:57.936+0000] {processor.py:925} INFO - DAG(s) 'example_sensor_decorator' retrieved from /home/airflow/.local/lib/python3.9/site-packages/airflow/example_dags/example_sensor_decorator.py
[2025-02-04T16:40:57.962+0000] {logging_mixin.py:190} INFO - [2025-02-04T16:40:57.961+0000] {dag.py:3239} INFO - Sync 1 DAGs
[2025-02-04T16:40:57.978+0000] {logging_mixin.py:190} INFO - [2025-02-04T16:40:57.978+0000] {dag.py:4180} INFO - Setting next_dagrun for example_sensor_decorator to None, run_after=None
[2025-02-04T16:40:58.004+0000] {processor.py:208} INFO - Processing /home/airflow/.local/lib/python3.9/site-packages/airflow/example_dags/example_sensor_decorator.py took 0.090 seconds
[2025-02-04T16:41:28.818+0000] {processor.py:186} INFO - Started process (PID=2158) to work on /home/airflow/.local/lib/python3.9/site-packages/airflow/example_dags/example_sensor_decorator.py
[2025-02-04T16:41:28.820+0000] {processor.py:914} INFO - Processing file /home/airflow/.local/lib/python3.9/site-packages/airflow/example_dags/example_sensor_decorator.py for tasks to queue
[2025-02-04T16:41:28.822+0000] {logging_mixin.py:190} INFO - [2025-02-04T16:41:28.821+0000] {dagbag.py:588} INFO - Filling up the DagBag from /home/airflow/.local/lib/python3.9/site-packages/airflow/example_dags/example_sensor_decorator.py
[2025-02-04T16:41:28.830+0000] {processor.py:925} INFO - DAG(s) 'example_sensor_decorator' retrieved from /home/airflow/.local/lib/python3.9/site-packages/airflow/example_dags/example_sensor_decorator.py
[2025-02-04T16:41:28.851+0000] {logging_mixin.py:190} INFO - [2025-02-04T16:41:28.851+0000] {dag.py:3239} INFO - Sync 1 DAGs
[2025-02-04T16:41:28.869+0000] {logging_mixin.py:190} INFO - [2025-02-04T16:41:28.869+0000] {dag.py:4180} INFO - Setting next_dagrun for example_sensor_decorator to None, run_after=None
[2025-02-04T16:41:28.899+0000] {processor.py:208} INFO - Processing /home/airflow/.local/lib/python3.9/site-packages/airflow/example_dags/example_sensor_decorator.py took 0.088 seconds
[2025-02-04T16:41:59.177+0000] {processor.py:186} INFO - Started process (PID=2222) to work on /home/airflow/.local/lib/python3.9/site-packages/airflow/example_dags/example_sensor_decorator.py
[2025-02-04T16:41:59.178+0000] {processor.py:914} INFO - Processing file /home/airflow/.local/lib/python3.9/site-packages/airflow/example_dags/example_sensor_decorator.py for tasks to queue
[2025-02-04T16:41:59.180+0000] {logging_mixin.py:190} INFO - [2025-02-04T16:41:59.180+0000] {dagbag.py:588} INFO - Filling up the DagBag from /home/airflow/.local/lib/python3.9/site-packages/airflow/example_dags/example_sensor_decorator.py
[2025-02-04T16:41:59.190+0000] {processor.py:925} INFO - DAG(s) 'example_sensor_decorator' retrieved from /home/airflow/.local/lib/python3.9/site-packages/airflow/example_dags/example_sensor_decorator.py
[2025-02-04T16:41:59.209+0000] {logging_mixin.py:190} INFO - [2025-02-04T16:41:59.209+0000] {dag.py:3239} INFO - Sync 1 DAGs
[2025-02-04T16:41:59.224+0000] {logging_mixin.py:190} INFO - [2025-02-04T16:41:59.223+0000] {dag.py:4180} INFO - Setting next_dagrun for example_sensor_decorator to None, run_after=None
[2025-02-04T16:41:59.261+0000] {processor.py:208} INFO - Processing /home/airflow/.local/lib/python3.9/site-packages/airflow/example_dags/example_sensor_decorator.py took 0.091 seconds
[2025-02-04T16:42:29.639+0000] {processor.py:186} INFO - Started process (PID=2286) to work on /home/airflow/.local/lib/python3.9/site-packages/airflow/example_dags/example_sensor_decorator.py
[2025-02-04T16:42:29.640+0000] {processor.py:914} INFO - Processing file /home/airflow/.local/lib/python3.9/site-packages/airflow/example_dags/example_sensor_decorator.py for tasks to queue
[2025-02-04T16:42:29.642+0000] {logging_mixin.py:190} INFO - [2025-02-04T16:42:29.641+0000] {dagbag.py:588} INFO - Filling up the DagBag from /home/airflow/.local/lib/python3.9/site-packages/airflow/example_dags/example_sensor_decorator.py
[2025-02-04T16:42:29.649+0000] {processor.py:925} INFO - DAG(s) 'example_sensor_decorator' retrieved from /home/airflow/.local/lib/python3.9/site-packages/airflow/example_dags/example_sensor_decorator.py
[2025-02-04T16:42:29.672+0000] {logging_mixin.py:190} INFO - [2025-02-04T16:42:29.672+0000] {dag.py:3239} INFO - Sync 1 DAGs
[2025-02-04T16:42:29.689+0000] {logging_mixin.py:190} INFO - [2025-02-04T16:42:29.689+0000] {dag.py:4180} INFO - Setting next_dagrun for example_sensor_decorator to None, run_after=None
[2025-02-04T16:42:29.718+0000] {processor.py:208} INFO - Processing /home/airflow/.local/lib/python3.9/site-packages/airflow/example_dags/example_sensor_decorator.py took 0.087 seconds
[2025-02-04T16:43:00.175+0000] {processor.py:186} INFO - Started process (PID=2352) to work on /home/airflow/.local/lib/python3.9/site-packages/airflow/example_dags/example_sensor_decorator.py
[2025-02-04T16:43:00.177+0000] {processor.py:914} INFO - Processing file /home/airflow/.local/lib/python3.9/site-packages/airflow/example_dags/example_sensor_decorator.py for tasks to queue
[2025-02-04T16:43:00.178+0000] {logging_mixin.py:190} INFO - [2025-02-04T16:43:00.178+0000] {dagbag.py:588} INFO - Filling up the DagBag from /home/airflow/.local/lib/python3.9/site-packages/airflow/example_dags/example_sensor_decorator.py
[2025-02-04T16:43:00.187+0000] {processor.py:925} INFO - DAG(s) 'example_sensor_decorator' retrieved from /home/airflow/.local/lib/python3.9/site-packages/airflow/example_dags/example_sensor_decorator.py
[2025-02-04T16:43:00.209+0000] {logging_mixin.py:190} INFO - [2025-02-04T16:43:00.209+0000] {dag.py:3239} INFO - Sync 1 DAGs
[2025-02-04T16:43:00.224+0000] {logging_mixin.py:190} INFO - [2025-02-04T16:43:00.224+0000] {dag.py:4180} INFO - Setting next_dagrun for example_sensor_decorator to None, run_after=None
[2025-02-04T16:43:00.253+0000] {processor.py:208} INFO - Processing /home/airflow/.local/lib/python3.9/site-packages/airflow/example_dags/example_sensor_decorator.py took 0.085 seconds
[2025-02-04T16:43:30.442+0000] {processor.py:186} INFO - Started process (PID=2416) to work on /home/airflow/.local/lib/python3.9/site-packages/airflow/example_dags/example_sensor_decorator.py
[2025-02-04T16:43:30.443+0000] {processor.py:914} INFO - Processing file /home/airflow/.local/lib/python3.9/site-packages/airflow/example_dags/example_sensor_decorator.py for tasks to queue
[2025-02-04T16:43:30.445+0000] {logging_mixin.py:190} INFO - [2025-02-04T16:43:30.445+0000] {dagbag.py:588} INFO - Filling up the DagBag from /home/airflow/.local/lib/python3.9/site-packages/airflow/example_dags/example_sensor_decorator.py
[2025-02-04T16:43:30.453+0000] {processor.py:925} INFO - DAG(s) 'example_sensor_decorator' retrieved from /home/airflow/.local/lib/python3.9/site-packages/airflow/example_dags/example_sensor_decorator.py
[2025-02-04T16:43:30.699+0000] {logging_mixin.py:190} INFO - [2025-02-04T16:43:30.698+0000] {dag.py:3239} INFO - Sync 1 DAGs
[2025-02-04T16:43:30.715+0000] {logging_mixin.py:190} INFO - [2025-02-04T16:43:30.715+0000] {dag.py:4180} INFO - Setting next_dagrun for example_sensor_decorator to None, run_after=None
[2025-02-04T16:43:30.749+0000] {processor.py:208} INFO - Processing /home/airflow/.local/lib/python3.9/site-packages/airflow/example_dags/example_sensor_decorator.py took 0.315 seconds
[2025-02-04T16:44:01.311+0000] {processor.py:186} INFO - Started process (PID=2480) to work on /home/airflow/.local/lib/python3.9/site-packages/airflow/example_dags/example_sensor_decorator.py
[2025-02-04T16:44:01.312+0000] {processor.py:914} INFO - Processing file /home/airflow/.local/lib/python3.9/site-packages/airflow/example_dags/example_sensor_decorator.py for tasks to queue
[2025-02-04T16:44:01.314+0000] {logging_mixin.py:190} INFO - [2025-02-04T16:44:01.313+0000] {dagbag.py:588} INFO - Filling up the DagBag from /home/airflow/.local/lib/python3.9/site-packages/airflow/example_dags/example_sensor_decorator.py
[2025-02-04T16:44:01.323+0000] {processor.py:925} INFO - DAG(s) 'example_sensor_decorator' retrieved from /home/airflow/.local/lib/python3.9/site-packages/airflow/example_dags/example_sensor_decorator.py
[2025-02-04T16:44:01.344+0000] {logging_mixin.py:190} INFO - [2025-02-04T16:44:01.344+0000] {dag.py:3239} INFO - Sync 1 DAGs
[2025-02-04T16:44:01.361+0000] {logging_mixin.py:190} INFO - [2025-02-04T16:44:01.360+0000] {dag.py:4180} INFO - Setting next_dagrun for example_sensor_decorator to None, run_after=None
[2025-02-04T16:44:01.388+0000] {processor.py:208} INFO - Processing /home/airflow/.local/lib/python3.9/site-packages/airflow/example_dags/example_sensor_decorator.py took 0.083 seconds
[2025-02-04T16:44:31.473+0000] {processor.py:186} INFO - Started process (PID=2544) to work on /home/airflow/.local/lib/python3.9/site-packages/airflow/example_dags/example_sensor_decorator.py
[2025-02-04T16:44:31.474+0000] {processor.py:914} INFO - Processing file /home/airflow/.local/lib/python3.9/site-packages/airflow/example_dags/example_sensor_decorator.py for tasks to queue
[2025-02-04T16:44:31.475+0000] {logging_mixin.py:190} INFO - [2025-02-04T16:44:31.475+0000] {dagbag.py:588} INFO - Filling up the DagBag from /home/airflow/.local/lib/python3.9/site-packages/airflow/example_dags/example_sensor_decorator.py
[2025-02-04T16:44:31.484+0000] {processor.py:925} INFO - DAG(s) 'example_sensor_decorator' retrieved from /home/airflow/.local/lib/python3.9/site-packages/airflow/example_dags/example_sensor_decorator.py
[2025-02-04T16:44:31.505+0000] {logging_mixin.py:190} INFO - [2025-02-04T16:44:31.505+0000] {dag.py:3239} INFO - Sync 1 DAGs
[2025-02-04T16:44:31.519+0000] {logging_mixin.py:190} INFO - [2025-02-04T16:44:31.519+0000] {dag.py:4180} INFO - Setting next_dagrun for example_sensor_decorator to None, run_after=None
[2025-02-04T16:44:31.544+0000] {processor.py:208} INFO - Processing /home/airflow/.local/lib/python3.9/site-packages/airflow/example_dags/example_sensor_decorator.py took 0.078 seconds
[2025-02-04T16:45:02.125+0000] {processor.py:186} INFO - Started process (PID=2606) to work on /home/airflow/.local/lib/python3.9/site-packages/airflow/example_dags/example_sensor_decorator.py
[2025-02-04T16:45:02.127+0000] {processor.py:914} INFO - Processing file /home/airflow/.local/lib/python3.9/site-packages/airflow/example_dags/example_sensor_decorator.py for tasks to queue
[2025-02-04T16:45:02.129+0000] {logging_mixin.py:190} INFO - [2025-02-04T16:45:02.128+0000] {dagbag.py:588} INFO - Filling up the DagBag from /home/airflow/.local/lib/python3.9/site-packages/airflow/example_dags/example_sensor_decorator.py
[2025-02-04T16:45:02.137+0000] {processor.py:925} INFO - DAG(s) 'example_sensor_decorator' retrieved from /home/airflow/.local/lib/python3.9/site-packages/airflow/example_dags/example_sensor_decorator.py
[2025-02-04T16:45:02.159+0000] {logging_mixin.py:190} INFO - [2025-02-04T16:45:02.159+0000] {dag.py:3239} INFO - Sync 1 DAGs
[2025-02-04T16:45:02.174+0000] {logging_mixin.py:190} INFO - [2025-02-04T16:45:02.174+0000] {dag.py:4180} INFO - Setting next_dagrun for example_sensor_decorator to None, run_after=None
[2025-02-04T16:45:02.203+0000] {processor.py:208} INFO - Processing /home/airflow/.local/lib/python3.9/site-packages/airflow/example_dags/example_sensor_decorator.py took 0.085 seconds
[2025-02-04T16:45:32.369+0000] {processor.py:186} INFO - Started process (PID=2670) to work on /home/airflow/.local/lib/python3.9/site-packages/airflow/example_dags/example_sensor_decorator.py
[2025-02-04T16:45:32.370+0000] {processor.py:914} INFO - Processing file /home/airflow/.local/lib/python3.9/site-packages/airflow/example_dags/example_sensor_decorator.py for tasks to queue
[2025-02-04T16:45:32.372+0000] {logging_mixin.py:190} INFO - [2025-02-04T16:45:32.372+0000] {dagbag.py:588} INFO - Filling up the DagBag from /home/airflow/.local/lib/python3.9/site-packages/airflow/example_dags/example_sensor_decorator.py
[2025-02-04T16:45:32.381+0000] {processor.py:925} INFO - DAG(s) 'example_sensor_decorator' retrieved from /home/airflow/.local/lib/python3.9/site-packages/airflow/example_dags/example_sensor_decorator.py
[2025-02-04T16:45:32.407+0000] {logging_mixin.py:190} INFO - [2025-02-04T16:45:32.407+0000] {dag.py:3239} INFO - Sync 1 DAGs
[2025-02-04T16:45:32.424+0000] {logging_mixin.py:190} INFO - [2025-02-04T16:45:32.424+0000] {dag.py:4180} INFO - Setting next_dagrun for example_sensor_decorator to None, run_after=None
[2025-02-04T16:45:32.450+0000] {processor.py:208} INFO - Processing /home/airflow/.local/lib/python3.9/site-packages/airflow/example_dags/example_sensor_decorator.py took 0.088 seconds
[2025-02-04T16:46:05.026+0000] {processor.py:186} INFO - Started process (PID=2741) to work on /home/airflow/.local/lib/python3.9/site-packages/airflow/example_dags/example_sensor_decorator.py
[2025-02-04T16:46:05.027+0000] {processor.py:914} INFO - Processing file /home/airflow/.local/lib/python3.9/site-packages/airflow/example_dags/example_sensor_decorator.py for tasks to queue
[2025-02-04T16:46:05.029+0000] {logging_mixin.py:190} INFO - [2025-02-04T16:46:05.028+0000] {dagbag.py:588} INFO - Filling up the DagBag from /home/airflow/.local/lib/python3.9/site-packages/airflow/example_dags/example_sensor_decorator.py
[2025-02-04T16:46:05.040+0000] {processor.py:925} INFO - DAG(s) 'example_sensor_decorator' retrieved from /home/airflow/.local/lib/python3.9/site-packages/airflow/example_dags/example_sensor_decorator.py
[2025-02-04T16:46:05.061+0000] {logging_mixin.py:190} INFO - [2025-02-04T16:46:05.061+0000] {dag.py:3239} INFO - Sync 1 DAGs
[2025-02-04T16:46:05.077+0000] {logging_mixin.py:190} INFO - [2025-02-04T16:46:05.076+0000] {dag.py:4180} INFO - Setting next_dagrun for example_sensor_decorator to None, run_after=None
[2025-02-04T16:46:05.103+0000] {processor.py:208} INFO - Processing /home/airflow/.local/lib/python3.9/site-packages/airflow/example_dags/example_sensor_decorator.py took 0.084 seconds
[2025-02-04T16:46:35.212+0000] {processor.py:186} INFO - Started process (PID=2805) to work on /home/airflow/.local/lib/python3.9/site-packages/airflow/example_dags/example_sensor_decorator.py
[2025-02-04T16:46:35.213+0000] {processor.py:914} INFO - Processing file /home/airflow/.local/lib/python3.9/site-packages/airflow/example_dags/example_sensor_decorator.py for tasks to queue
[2025-02-04T16:46:35.215+0000] {logging_mixin.py:190} INFO - [2025-02-04T16:46:35.215+0000] {dagbag.py:588} INFO - Filling up the DagBag from /home/airflow/.local/lib/python3.9/site-packages/airflow/example_dags/example_sensor_decorator.py
[2025-02-04T16:46:35.227+0000] {processor.py:925} INFO - DAG(s) 'example_sensor_decorator' retrieved from /home/airflow/.local/lib/python3.9/site-packages/airflow/example_dags/example_sensor_decorator.py
[2025-02-04T16:46:35.254+0000] {logging_mixin.py:190} INFO - [2025-02-04T16:46:35.254+0000] {dag.py:3239} INFO - Sync 1 DAGs
[2025-02-04T16:46:35.270+0000] {logging_mixin.py:190} INFO - [2025-02-04T16:46:35.270+0000] {dag.py:4180} INFO - Setting next_dagrun for example_sensor_decorator to None, run_after=None
[2025-02-04T16:46:35.298+0000] {processor.py:208} INFO - Processing /home/airflow/.local/lib/python3.9/site-packages/airflow/example_dags/example_sensor_decorator.py took 0.094 seconds
[2025-02-04T16:47:10.298+0000] {processor.py:186} INFO - Started process (PID=2872) to work on /home/airflow/.local/lib/python3.9/site-packages/airflow/example_dags/example_sensor_decorator.py
[2025-02-04T16:47:10.300+0000] {processor.py:914} INFO - Processing file /home/airflow/.local/lib/python3.9/site-packages/airflow/example_dags/example_sensor_decorator.py for tasks to queue
[2025-02-04T16:47:10.302+0000] {logging_mixin.py:190} INFO - [2025-02-04T16:47:10.301+0000] {dagbag.py:588} INFO - Filling up the DagBag from /home/airflow/.local/lib/python3.9/site-packages/airflow/example_dags/example_sensor_decorator.py
[2025-02-04T16:47:10.315+0000] {processor.py:925} INFO - DAG(s) 'example_sensor_decorator' retrieved from /home/airflow/.local/lib/python3.9/site-packages/airflow/example_dags/example_sensor_decorator.py
[2025-02-04T16:47:10.337+0000] {logging_mixin.py:190} INFO - [2025-02-04T16:47:10.337+0000] {dag.py:3239} INFO - Sync 1 DAGs
[2025-02-04T16:47:10.352+0000] {logging_mixin.py:190} INFO - [2025-02-04T16:47:10.352+0000] {dag.py:4180} INFO - Setting next_dagrun for example_sensor_decorator to None, run_after=None
[2025-02-04T16:47:10.378+0000] {processor.py:208} INFO - Processing /home/airflow/.local/lib/python3.9/site-packages/airflow/example_dags/example_sensor_decorator.py took 0.087 seconds
[2025-02-04T16:47:50.966+0000] {processor.py:186} INFO - Started process (PID=2936) to work on /home/airflow/.local/lib/python3.9/site-packages/airflow/example_dags/example_sensor_decorator.py
[2025-02-04T16:47:50.967+0000] {processor.py:914} INFO - Processing file /home/airflow/.local/lib/python3.9/site-packages/airflow/example_dags/example_sensor_decorator.py for tasks to queue
[2025-02-04T16:47:50.969+0000] {logging_mixin.py:190} INFO - [2025-02-04T16:47:50.968+0000] {dagbag.py:588} INFO - Filling up the DagBag from /home/airflow/.local/lib/python3.9/site-packages/airflow/example_dags/example_sensor_decorator.py
[2025-02-04T16:47:50.978+0000] {processor.py:925} INFO - DAG(s) 'example_sensor_decorator' retrieved from /home/airflow/.local/lib/python3.9/site-packages/airflow/example_dags/example_sensor_decorator.py
[2025-02-04T16:47:51.000+0000] {logging_mixin.py:190} INFO - [2025-02-04T16:47:50.999+0000] {dag.py:3239} INFO - Sync 1 DAGs
[2025-02-04T16:47:51.016+0000] {logging_mixin.py:190} INFO - [2025-02-04T16:47:51.015+0000] {dag.py:4180} INFO - Setting next_dagrun for example_sensor_decorator to None, run_after=None
[2025-02-04T16:47:51.071+0000] {processor.py:208} INFO - Processing /home/airflow/.local/lib/python3.9/site-packages/airflow/example_dags/example_sensor_decorator.py took 0.111 seconds
