[2025-02-04T16:22:56.753+0000] {processor.py:186} INFO - Started process (PID=123) to work on /home/airflow/.local/lib/python3.9/site-packages/airflow/example_dags/example_xcomargs.py
[2025-02-04T16:22:56.755+0000] {processor.py:914} INFO - Processing file /home/airflow/.local/lib/python3.9/site-packages/airflow/example_dags/example_xcomargs.py for tasks to queue
[2025-02-04T16:22:56.759+0000] {logging_mixin.py:190} INFO - [2025-02-04T16:22:56.758+0000] {dagbag.py:588} INFO - Filling up the DagBag from /home/airflow/.local/lib/python3.9/site-packages/airflow/example_dags/example_xcomargs.py
[2025-02-04T16:22:57.256+0000] {processor.py:925} INFO - DAG(s) 'example_xcom_args_with_operators', 'example_xcom_args' retrieved from /home/airflow/.local/lib/python3.9/site-packages/airflow/example_dags/example_xcomargs.py
[2025-02-04T16:22:57.378+0000] {logging_mixin.py:190} INFO - [2025-02-04T16:22:57.377+0000] {override.py:1912} INFO - Created Permission View: can delete on DAG:example_xcom_args_with_operators
[2025-02-04T16:22:57.394+0000] {logging_mixin.py:190} INFO - [2025-02-04T16:22:57.394+0000] {override.py:1912} INFO - Created Permission View: can edit on DAG:example_xcom_args_with_operators
[2025-02-04T16:22:57.407+0000] {logging_mixin.py:190} INFO - [2025-02-04T16:22:57.407+0000] {override.py:1912} INFO - Created Permission View: can read on DAG:example_xcom_args_with_operators
[2025-02-04T16:22:57.427+0000] {logging_mixin.py:190} INFO - [2025-02-04T16:22:57.427+0000] {override.py:1912} INFO - Created Permission View: can delete on DAG Run:example_xcom_args_with_operators
[2025-02-04T16:22:57.441+0000] {logging_mixin.py:190} INFO - [2025-02-04T16:22:57.441+0000] {override.py:1912} INFO - Created Permission View: menu access on DAG Run:example_xcom_args_with_operators
[2025-02-04T16:22:57.455+0000] {logging_mixin.py:190} INFO - [2025-02-04T16:22:57.455+0000] {override.py:1912} INFO - Created Permission View: can read on DAG Run:example_xcom_args_with_operators
[2025-02-04T16:22:57.482+0000] {logging_mixin.py:190} INFO - [2025-02-04T16:22:57.481+0000] {override.py:1912} INFO - Created Permission View: can create on DAG Run:example_xcom_args_with_operators
[2025-02-04T16:22:57.517+0000] {logging_mixin.py:190} INFO - [2025-02-04T16:22:57.516+0000] {override.py:1912} INFO - Created Permission View: can delete on DAG:example_xcom_args
[2025-02-04T16:22:57.534+0000] {logging_mixin.py:190} INFO - [2025-02-04T16:22:57.533+0000] {override.py:1912} INFO - Created Permission View: can edit on DAG:example_xcom_args
[2025-02-04T16:22:57.548+0000] {logging_mixin.py:190} INFO - [2025-02-04T16:22:57.548+0000] {override.py:1912} INFO - Created Permission View: can read on DAG:example_xcom_args
[2025-02-04T16:22:57.568+0000] {logging_mixin.py:190} INFO - [2025-02-04T16:22:57.568+0000] {override.py:1912} INFO - Created Permission View: can delete on DAG Run:example_xcom_args
[2025-02-04T16:22:57.583+0000] {logging_mixin.py:190} INFO - [2025-02-04T16:22:57.583+0000] {override.py:1912} INFO - Created Permission View: menu access on DAG Run:example_xcom_args
[2025-02-04T16:22:57.597+0000] {logging_mixin.py:190} INFO - [2025-02-04T16:22:57.597+0000] {override.py:1912} INFO - Created Permission View: can read on DAG Run:example_xcom_args
[2025-02-04T16:22:57.612+0000] {logging_mixin.py:190} INFO - [2025-02-04T16:22:57.611+0000] {override.py:1912} INFO - Created Permission View: can create on DAG Run:example_xcom_args
[2025-02-04T16:22:57.613+0000] {logging_mixin.py:190} INFO - [2025-02-04T16:22:57.613+0000] {dag.py:3239} INFO - Sync 2 DAGs
[2025-02-04T16:22:57.627+0000] {logging_mixin.py:190} INFO - [2025-02-04T16:22:57.627+0000] {dag.py:3262} INFO - Creating ORM DAG for example_xcom_args_with_operators
[2025-02-04T16:22:58.164+0000] {logging_mixin.py:190} INFO - [2025-02-04T16:22:58.163+0000] {dag.py:3262} INFO - Creating ORM DAG for example_xcom_args
[2025-02-04T16:22:58.165+0000] {logging_mixin.py:190} INFO - [2025-02-04T16:22:58.164+0000] {dag.py:4180} INFO - Setting next_dagrun for example_xcom_args to None, run_after=None
[2025-02-04T16:22:58.166+0000] {logging_mixin.py:190} INFO - [2025-02-04T16:22:58.166+0000] {dag.py:4180} INFO - Setting next_dagrun for example_xcom_args_with_operators to None, run_after=None
[2025-02-04T16:22:58.193+0000] {processor.py:208} INFO - Processing /home/airflow/.local/lib/python3.9/site-packages/airflow/example_dags/example_xcomargs.py took 1.447 seconds
[2025-02-04T16:23:34.109+0000] {processor.py:186} INFO - Started process (PID=187) to work on /home/airflow/.local/lib/python3.9/site-packages/airflow/example_dags/example_xcomargs.py
[2025-02-04T16:23:34.111+0000] {processor.py:914} INFO - Processing file /home/airflow/.local/lib/python3.9/site-packages/airflow/example_dags/example_xcomargs.py for tasks to queue
[2025-02-04T16:23:34.114+0000] {logging_mixin.py:190} INFO - [2025-02-04T16:23:34.113+0000] {dagbag.py:588} INFO - Filling up the DagBag from /home/airflow/.local/lib/python3.9/site-packages/airflow/example_dags/example_xcomargs.py
[2025-02-04T16:23:34.125+0000] {processor.py:925} INFO - DAG(s) 'example_xcom_args_with_operators', 'example_xcom_args' retrieved from /home/airflow/.local/lib/python3.9/site-packages/airflow/example_dags/example_xcomargs.py
[2025-02-04T16:23:34.160+0000] {logging_mixin.py:190} INFO - [2025-02-04T16:23:34.160+0000] {dag.py:3239} INFO - Sync 2 DAGs
[2025-02-04T16:23:34.175+0000] {logging_mixin.py:190} INFO - [2025-02-04T16:23:34.175+0000] {dag.py:4180} INFO - Setting next_dagrun for example_xcom_args to None, run_after=None
[2025-02-04T16:23:34.180+0000] {logging_mixin.py:190} INFO - [2025-02-04T16:23:34.179+0000] {dag.py:4180} INFO - Setting next_dagrun for example_xcom_args_with_operators to None, run_after=None
[2025-02-04T16:23:34.207+0000] {processor.py:208} INFO - Processing /home/airflow/.local/lib/python3.9/site-packages/airflow/example_dags/example_xcomargs.py took 0.104 seconds
[2025-02-04T16:24:04.662+0000] {processor.py:186} INFO - Started process (PID=250) to work on /home/airflow/.local/lib/python3.9/site-packages/airflow/example_dags/example_xcomargs.py
[2025-02-04T16:24:04.664+0000] {processor.py:914} INFO - Processing file /home/airflow/.local/lib/python3.9/site-packages/airflow/example_dags/example_xcomargs.py for tasks to queue
[2025-02-04T16:24:04.667+0000] {logging_mixin.py:190} INFO - [2025-02-04T16:24:04.666+0000] {dagbag.py:588} INFO - Filling up the DagBag from /home/airflow/.local/lib/python3.9/site-packages/airflow/example_dags/example_xcomargs.py
[2025-02-04T16:24:04.678+0000] {processor.py:925} INFO - DAG(s) 'example_xcom_args', 'example_xcom_args_with_operators' retrieved from /home/airflow/.local/lib/python3.9/site-packages/airflow/example_dags/example_xcomargs.py
[2025-02-04T16:24:04.707+0000] {logging_mixin.py:190} INFO - [2025-02-04T16:24:04.706+0000] {dag.py:3239} INFO - Sync 2 DAGs
[2025-02-04T16:24:04.724+0000] {logging_mixin.py:190} INFO - [2025-02-04T16:24:04.723+0000] {dag.py:4180} INFO - Setting next_dagrun for example_xcom_args to None, run_after=None
[2025-02-04T16:24:04.728+0000] {logging_mixin.py:190} INFO - [2025-02-04T16:24:04.728+0000] {dag.py:4180} INFO - Setting next_dagrun for example_xcom_args_with_operators to None, run_after=None
[2025-02-04T16:24:04.756+0000] {processor.py:208} INFO - Processing /home/airflow/.local/lib/python3.9/site-packages/airflow/example_dags/example_xcomargs.py took 0.101 seconds
[2025-02-04T16:24:35.411+0000] {processor.py:186} INFO - Started process (PID=313) to work on /home/airflow/.local/lib/python3.9/site-packages/airflow/example_dags/example_xcomargs.py
[2025-02-04T16:24:35.413+0000] {processor.py:914} INFO - Processing file /home/airflow/.local/lib/python3.9/site-packages/airflow/example_dags/example_xcomargs.py for tasks to queue
[2025-02-04T16:24:35.416+0000] {logging_mixin.py:190} INFO - [2025-02-04T16:24:35.415+0000] {dagbag.py:588} INFO - Filling up the DagBag from /home/airflow/.local/lib/python3.9/site-packages/airflow/example_dags/example_xcomargs.py
[2025-02-04T16:24:35.426+0000] {processor.py:925} INFO - DAG(s) 'example_xcom_args', 'example_xcom_args_with_operators' retrieved from /home/airflow/.local/lib/python3.9/site-packages/airflow/example_dags/example_xcomargs.py
[2025-02-04T16:24:35.452+0000] {logging_mixin.py:190} INFO - [2025-02-04T16:24:35.452+0000] {dag.py:3239} INFO - Sync 2 DAGs
[2025-02-04T16:24:35.466+0000] {logging_mixin.py:190} INFO - [2025-02-04T16:24:35.466+0000] {dag.py:4180} INFO - Setting next_dagrun for example_xcom_args to None, run_after=None
[2025-02-04T16:24:35.472+0000] {logging_mixin.py:190} INFO - [2025-02-04T16:24:35.472+0000] {dag.py:4180} INFO - Setting next_dagrun for example_xcom_args_with_operators to None, run_after=None
[2025-02-04T16:24:35.500+0000] {processor.py:208} INFO - Processing /home/airflow/.local/lib/python3.9/site-packages/airflow/example_dags/example_xcomargs.py took 0.095 seconds
[2025-02-04T16:25:06.103+0000] {processor.py:186} INFO - Started process (PID=377) to work on /home/airflow/.local/lib/python3.9/site-packages/airflow/example_dags/example_xcomargs.py
[2025-02-04T16:25:06.105+0000] {processor.py:914} INFO - Processing file /home/airflow/.local/lib/python3.9/site-packages/airflow/example_dags/example_xcomargs.py for tasks to queue
[2025-02-04T16:25:06.108+0000] {logging_mixin.py:190} INFO - [2025-02-04T16:25:06.108+0000] {dagbag.py:588} INFO - Filling up the DagBag from /home/airflow/.local/lib/python3.9/site-packages/airflow/example_dags/example_xcomargs.py
[2025-02-04T16:25:06.120+0000] {processor.py:925} INFO - DAG(s) 'example_xcom_args', 'example_xcom_args_with_operators' retrieved from /home/airflow/.local/lib/python3.9/site-packages/airflow/example_dags/example_xcomargs.py
[2025-02-04T16:25:06.148+0000] {logging_mixin.py:190} INFO - [2025-02-04T16:25:06.147+0000] {dag.py:3239} INFO - Sync 2 DAGs
[2025-02-04T16:25:06.162+0000] {logging_mixin.py:190} INFO - [2025-02-04T16:25:06.161+0000] {dag.py:4180} INFO - Setting next_dagrun for example_xcom_args to None, run_after=None
[2025-02-04T16:25:06.166+0000] {logging_mixin.py:190} INFO - [2025-02-04T16:25:06.166+0000] {dag.py:4180} INFO - Setting next_dagrun for example_xcom_args_with_operators to None, run_after=None
[2025-02-04T16:25:06.193+0000] {processor.py:208} INFO - Processing /home/airflow/.local/lib/python3.9/site-packages/airflow/example_dags/example_xcomargs.py took 0.097 seconds
[2025-02-04T16:25:36.528+0000] {processor.py:186} INFO - Started process (PID=441) to work on /home/airflow/.local/lib/python3.9/site-packages/airflow/example_dags/example_xcomargs.py
[2025-02-04T16:25:36.529+0000] {processor.py:914} INFO - Processing file /home/airflow/.local/lib/python3.9/site-packages/airflow/example_dags/example_xcomargs.py for tasks to queue
[2025-02-04T16:25:36.532+0000] {logging_mixin.py:190} INFO - [2025-02-04T16:25:36.531+0000] {dagbag.py:588} INFO - Filling up the DagBag from /home/airflow/.local/lib/python3.9/site-packages/airflow/example_dags/example_xcomargs.py
[2025-02-04T16:25:36.542+0000] {processor.py:925} INFO - DAG(s) 'example_xcom_args', 'example_xcom_args_with_operators' retrieved from /home/airflow/.local/lib/python3.9/site-packages/airflow/example_dags/example_xcomargs.py
[2025-02-04T16:25:36.569+0000] {logging_mixin.py:190} INFO - [2025-02-04T16:25:36.568+0000] {dag.py:3239} INFO - Sync 2 DAGs
[2025-02-04T16:25:36.584+0000] {logging_mixin.py:190} INFO - [2025-02-04T16:25:36.584+0000] {dag.py:4180} INFO - Setting next_dagrun for example_xcom_args to None, run_after=None
[2025-02-04T16:25:36.588+0000] {logging_mixin.py:190} INFO - [2025-02-04T16:25:36.588+0000] {dag.py:4180} INFO - Setting next_dagrun for example_xcom_args_with_operators to None, run_after=None
[2025-02-04T16:25:36.613+0000] {processor.py:208} INFO - Processing /home/airflow/.local/lib/python3.9/site-packages/airflow/example_dags/example_xcomargs.py took 0.093 seconds
[2025-02-04T16:26:06.838+0000] {processor.py:186} INFO - Started process (PID=512) to work on /home/airflow/.local/lib/python3.9/site-packages/airflow/example_dags/example_xcomargs.py
[2025-02-04T16:26:06.839+0000] {processor.py:914} INFO - Processing file /home/airflow/.local/lib/python3.9/site-packages/airflow/example_dags/example_xcomargs.py for tasks to queue
[2025-02-04T16:26:06.842+0000] {logging_mixin.py:190} INFO - [2025-02-04T16:26:06.841+0000] {dagbag.py:588} INFO - Filling up the DagBag from /home/airflow/.local/lib/python3.9/site-packages/airflow/example_dags/example_xcomargs.py
[2025-02-04T16:26:06.853+0000] {processor.py:925} INFO - DAG(s) 'example_xcom_args_with_operators', 'example_xcom_args' retrieved from /home/airflow/.local/lib/python3.9/site-packages/airflow/example_dags/example_xcomargs.py
[2025-02-04T16:26:06.881+0000] {logging_mixin.py:190} INFO - [2025-02-04T16:26:06.881+0000] {dag.py:3239} INFO - Sync 2 DAGs
[2025-02-04T16:26:06.899+0000] {logging_mixin.py:190} INFO - [2025-02-04T16:26:06.898+0000] {dag.py:4180} INFO - Setting next_dagrun for example_xcom_args to None, run_after=None
[2025-02-04T16:26:06.905+0000] {logging_mixin.py:190} INFO - [2025-02-04T16:26:06.904+0000] {dag.py:4180} INFO - Setting next_dagrun for example_xcom_args_with_operators to None, run_after=None
[2025-02-04T16:26:06.929+0000] {processor.py:208} INFO - Processing /home/airflow/.local/lib/python3.9/site-packages/airflow/example_dags/example_xcomargs.py took 0.100 seconds
[2025-02-04T16:26:38.297+0000] {processor.py:186} INFO - Started process (PID=576) to work on /home/airflow/.local/lib/python3.9/site-packages/airflow/example_dags/example_xcomargs.py
[2025-02-04T16:26:38.298+0000] {processor.py:914} INFO - Processing file /home/airflow/.local/lib/python3.9/site-packages/airflow/example_dags/example_xcomargs.py for tasks to queue
[2025-02-04T16:26:38.301+0000] {logging_mixin.py:190} INFO - [2025-02-04T16:26:38.300+0000] {dagbag.py:588} INFO - Filling up the DagBag from /home/airflow/.local/lib/python3.9/site-packages/airflow/example_dags/example_xcomargs.py
[2025-02-04T16:26:38.312+0000] {processor.py:925} INFO - DAG(s) 'example_xcom_args_with_operators', 'example_xcom_args' retrieved from /home/airflow/.local/lib/python3.9/site-packages/airflow/example_dags/example_xcomargs.py
[2025-02-04T16:26:38.340+0000] {logging_mixin.py:190} INFO - [2025-02-04T16:26:38.340+0000] {dag.py:3239} INFO - Sync 2 DAGs
[2025-02-04T16:26:38.355+0000] {logging_mixin.py:190} INFO - [2025-02-04T16:26:38.354+0000] {dag.py:4180} INFO - Setting next_dagrun for example_xcom_args to None, run_after=None
[2025-02-04T16:26:38.359+0000] {logging_mixin.py:190} INFO - [2025-02-04T16:26:38.359+0000] {dag.py:4180} INFO - Setting next_dagrun for example_xcom_args_with_operators to None, run_after=None
[2025-02-04T16:26:38.385+0000] {processor.py:208} INFO - Processing /home/airflow/.local/lib/python3.9/site-packages/airflow/example_dags/example_xcomargs.py took 0.095 seconds
[2025-02-04T16:27:09.849+0000] {processor.py:186} INFO - Started process (PID=640) to work on /home/airflow/.local/lib/python3.9/site-packages/airflow/example_dags/example_xcomargs.py
[2025-02-04T16:27:09.850+0000] {processor.py:914} INFO - Processing file /home/airflow/.local/lib/python3.9/site-packages/airflow/example_dags/example_xcomargs.py for tasks to queue
[2025-02-04T16:27:09.853+0000] {logging_mixin.py:190} INFO - [2025-02-04T16:27:09.853+0000] {dagbag.py:588} INFO - Filling up the DagBag from /home/airflow/.local/lib/python3.9/site-packages/airflow/example_dags/example_xcomargs.py
[2025-02-04T16:27:09.867+0000] {processor.py:925} INFO - DAG(s) 'example_xcom_args', 'example_xcom_args_with_operators' retrieved from /home/airflow/.local/lib/python3.9/site-packages/airflow/example_dags/example_xcomargs.py
[2025-02-04T16:27:09.892+0000] {logging_mixin.py:190} INFO - [2025-02-04T16:27:09.892+0000] {dag.py:3239} INFO - Sync 2 DAGs
[2025-02-04T16:27:09.909+0000] {logging_mixin.py:190} INFO - [2025-02-04T16:27:09.908+0000] {dag.py:4180} INFO - Setting next_dagrun for example_xcom_args to None, run_after=None
[2025-02-04T16:27:09.913+0000] {logging_mixin.py:190} INFO - [2025-02-04T16:27:09.913+0000] {dag.py:4180} INFO - Setting next_dagrun for example_xcom_args_with_operators to None, run_after=None
[2025-02-04T16:27:09.937+0000] {processor.py:208} INFO - Processing /home/airflow/.local/lib/python3.9/site-packages/airflow/example_dags/example_xcomargs.py took 0.095 seconds
[2025-02-04T16:27:40.042+0000] {processor.py:186} INFO - Started process (PID=704) to work on /home/airflow/.local/lib/python3.9/site-packages/airflow/example_dags/example_xcomargs.py
[2025-02-04T16:27:40.043+0000] {processor.py:914} INFO - Processing file /home/airflow/.local/lib/python3.9/site-packages/airflow/example_dags/example_xcomargs.py for tasks to queue
[2025-02-04T16:27:40.046+0000] {logging_mixin.py:190} INFO - [2025-02-04T16:27:40.046+0000] {dagbag.py:588} INFO - Filling up the DagBag from /home/airflow/.local/lib/python3.9/site-packages/airflow/example_dags/example_xcomargs.py
[2025-02-04T16:27:40.059+0000] {processor.py:925} INFO - DAG(s) 'example_xcom_args_with_operators', 'example_xcom_args' retrieved from /home/airflow/.local/lib/python3.9/site-packages/airflow/example_dags/example_xcomargs.py
[2025-02-04T16:27:40.092+0000] {logging_mixin.py:190} INFO - [2025-02-04T16:27:40.091+0000] {dag.py:3239} INFO - Sync 2 DAGs
[2025-02-04T16:27:40.107+0000] {logging_mixin.py:190} INFO - [2025-02-04T16:27:40.107+0000] {dag.py:4180} INFO - Setting next_dagrun for example_xcom_args to None, run_after=None
[2025-02-04T16:27:40.112+0000] {logging_mixin.py:190} INFO - [2025-02-04T16:27:40.112+0000] {dag.py:4180} INFO - Setting next_dagrun for example_xcom_args_with_operators to None, run_after=None
[2025-02-04T16:27:40.143+0000] {processor.py:208} INFO - Processing /home/airflow/.local/lib/python3.9/site-packages/airflow/example_dags/example_xcomargs.py took 0.107 seconds
[2025-02-04T16:28:10.678+0000] {processor.py:186} INFO - Started process (PID=768) to work on /home/airflow/.local/lib/python3.9/site-packages/airflow/example_dags/example_xcomargs.py
[2025-02-04T16:28:10.680+0000] {processor.py:914} INFO - Processing file /home/airflow/.local/lib/python3.9/site-packages/airflow/example_dags/example_xcomargs.py for tasks to queue
[2025-02-04T16:28:10.683+0000] {logging_mixin.py:190} INFO - [2025-02-04T16:28:10.682+0000] {dagbag.py:588} INFO - Filling up the DagBag from /home/airflow/.local/lib/python3.9/site-packages/airflow/example_dags/example_xcomargs.py
[2025-02-04T16:28:10.693+0000] {processor.py:925} INFO - DAG(s) 'example_xcom_args_with_operators', 'example_xcom_args' retrieved from /home/airflow/.local/lib/python3.9/site-packages/airflow/example_dags/example_xcomargs.py
[2025-02-04T16:28:10.721+0000] {logging_mixin.py:190} INFO - [2025-02-04T16:28:10.720+0000] {dag.py:3239} INFO - Sync 2 DAGs
[2025-02-04T16:28:10.739+0000] {logging_mixin.py:190} INFO - [2025-02-04T16:28:10.739+0000] {dag.py:4180} INFO - Setting next_dagrun for example_xcom_args to None, run_after=None
[2025-02-04T16:28:10.744+0000] {logging_mixin.py:190} INFO - [2025-02-04T16:28:10.744+0000] {dag.py:4180} INFO - Setting next_dagrun for example_xcom_args_with_operators to None, run_after=None
[2025-02-04T16:28:10.770+0000] {processor.py:208} INFO - Processing /home/airflow/.local/lib/python3.9/site-packages/airflow/example_dags/example_xcomargs.py took 0.099 seconds
[2025-02-04T16:28:40.998+0000] {processor.py:186} INFO - Started process (PID=832) to work on /home/airflow/.local/lib/python3.9/site-packages/airflow/example_dags/example_xcomargs.py
[2025-02-04T16:28:40.999+0000] {processor.py:914} INFO - Processing file /home/airflow/.local/lib/python3.9/site-packages/airflow/example_dags/example_xcomargs.py for tasks to queue
[2025-02-04T16:28:41.003+0000] {logging_mixin.py:190} INFO - [2025-02-04T16:28:41.002+0000] {dagbag.py:588} INFO - Filling up the DagBag from /home/airflow/.local/lib/python3.9/site-packages/airflow/example_dags/example_xcomargs.py
[2025-02-04T16:28:41.015+0000] {processor.py:925} INFO - DAG(s) 'example_xcom_args', 'example_xcom_args_with_operators' retrieved from /home/airflow/.local/lib/python3.9/site-packages/airflow/example_dags/example_xcomargs.py
[2025-02-04T16:28:41.042+0000] {logging_mixin.py:190} INFO - [2025-02-04T16:28:41.042+0000] {dag.py:3239} INFO - Sync 2 DAGs
[2025-02-04T16:28:41.058+0000] {logging_mixin.py:190} INFO - [2025-02-04T16:28:41.058+0000] {dag.py:4180} INFO - Setting next_dagrun for example_xcom_args to None, run_after=None
[2025-02-04T16:28:41.063+0000] {logging_mixin.py:190} INFO - [2025-02-04T16:28:41.063+0000] {dag.py:4180} INFO - Setting next_dagrun for example_xcom_args_with_operators to None, run_after=None
[2025-02-04T16:28:41.087+0000] {processor.py:208} INFO - Processing /home/airflow/.local/lib/python3.9/site-packages/airflow/example_dags/example_xcomargs.py took 0.097 seconds
[2025-02-04T16:29:11.275+0000] {processor.py:186} INFO - Started process (PID=896) to work on /home/airflow/.local/lib/python3.9/site-packages/airflow/example_dags/example_xcomargs.py
[2025-02-04T16:29:11.277+0000] {processor.py:914} INFO - Processing file /home/airflow/.local/lib/python3.9/site-packages/airflow/example_dags/example_xcomargs.py for tasks to queue
[2025-02-04T16:29:11.281+0000] {logging_mixin.py:190} INFO - [2025-02-04T16:29:11.280+0000] {dagbag.py:588} INFO - Filling up the DagBag from /home/airflow/.local/lib/python3.9/site-packages/airflow/example_dags/example_xcomargs.py
[2025-02-04T16:29:11.292+0000] {processor.py:925} INFO - DAG(s) 'example_xcom_args_with_operators', 'example_xcom_args' retrieved from /home/airflow/.local/lib/python3.9/site-packages/airflow/example_dags/example_xcomargs.py
[2025-02-04T16:29:11.319+0000] {logging_mixin.py:190} INFO - [2025-02-04T16:29:11.319+0000] {dag.py:3239} INFO - Sync 2 DAGs
[2025-02-04T16:29:11.337+0000] {logging_mixin.py:190} INFO - [2025-02-04T16:29:11.337+0000] {dag.py:4180} INFO - Setting next_dagrun for example_xcom_args to None, run_after=None
[2025-02-04T16:29:11.343+0000] {logging_mixin.py:190} INFO - [2025-02-04T16:29:11.343+0000] {dag.py:4180} INFO - Setting next_dagrun for example_xcom_args_with_operators to None, run_after=None
[2025-02-04T16:29:11.374+0000] {processor.py:208} INFO - Processing /home/airflow/.local/lib/python3.9/site-packages/airflow/example_dags/example_xcomargs.py took 0.106 seconds
[2025-02-04T16:29:41.500+0000] {processor.py:186} INFO - Started process (PID=960) to work on /home/airflow/.local/lib/python3.9/site-packages/airflow/example_dags/example_xcomargs.py
[2025-02-04T16:29:41.501+0000] {processor.py:914} INFO - Processing file /home/airflow/.local/lib/python3.9/site-packages/airflow/example_dags/example_xcomargs.py for tasks to queue
[2025-02-04T16:29:41.504+0000] {logging_mixin.py:190} INFO - [2025-02-04T16:29:41.504+0000] {dagbag.py:588} INFO - Filling up the DagBag from /home/airflow/.local/lib/python3.9/site-packages/airflow/example_dags/example_xcomargs.py
[2025-02-04T16:29:41.514+0000] {processor.py:925} INFO - DAG(s) 'example_xcom_args', 'example_xcom_args_with_operators' retrieved from /home/airflow/.local/lib/python3.9/site-packages/airflow/example_dags/example_xcomargs.py
[2025-02-04T16:29:41.541+0000] {logging_mixin.py:190} INFO - [2025-02-04T16:29:41.541+0000] {dag.py:3239} INFO - Sync 2 DAGs
[2025-02-04T16:29:41.557+0000] {logging_mixin.py:190} INFO - [2025-02-04T16:29:41.557+0000] {dag.py:4180} INFO - Setting next_dagrun for example_xcom_args to None, run_after=None
[2025-02-04T16:29:41.562+0000] {logging_mixin.py:190} INFO - [2025-02-04T16:29:41.562+0000] {dag.py:4180} INFO - Setting next_dagrun for example_xcom_args_with_operators to None, run_after=None
[2025-02-04T16:29:41.590+0000] {processor.py:208} INFO - Processing /home/airflow/.local/lib/python3.9/site-packages/airflow/example_dags/example_xcomargs.py took 0.097 seconds
[2025-02-04T16:30:11.790+0000] {processor.py:186} INFO - Started process (PID=1024) to work on /home/airflow/.local/lib/python3.9/site-packages/airflow/example_dags/example_xcomargs.py
[2025-02-04T16:30:11.792+0000] {processor.py:914} INFO - Processing file /home/airflow/.local/lib/python3.9/site-packages/airflow/example_dags/example_xcomargs.py for tasks to queue
[2025-02-04T16:30:11.795+0000] {logging_mixin.py:190} INFO - [2025-02-04T16:30:11.795+0000] {dagbag.py:588} INFO - Filling up the DagBag from /home/airflow/.local/lib/python3.9/site-packages/airflow/example_dags/example_xcomargs.py
[2025-02-04T16:30:11.810+0000] {processor.py:925} INFO - DAG(s) 'example_xcom_args', 'example_xcom_args_with_operators' retrieved from /home/airflow/.local/lib/python3.9/site-packages/airflow/example_dags/example_xcomargs.py
[2025-02-04T16:30:11.839+0000] {logging_mixin.py:190} INFO - [2025-02-04T16:30:11.838+0000] {dag.py:3239} INFO - Sync 2 DAGs
[2025-02-04T16:30:11.856+0000] {logging_mixin.py:190} INFO - [2025-02-04T16:30:11.855+0000] {dag.py:4180} INFO - Setting next_dagrun for example_xcom_args to None, run_after=None
[2025-02-04T16:30:11.860+0000] {logging_mixin.py:190} INFO - [2025-02-04T16:30:11.860+0000] {dag.py:4180} INFO - Setting next_dagrun for example_xcom_args_with_operators to None, run_after=None
[2025-02-04T16:30:11.886+0000] {processor.py:208} INFO - Processing /home/airflow/.local/lib/python3.9/site-packages/airflow/example_dags/example_xcomargs.py took 0.105 seconds
[2025-02-04T16:30:42.376+0000] {processor.py:186} INFO - Started process (PID=1088) to work on /home/airflow/.local/lib/python3.9/site-packages/airflow/example_dags/example_xcomargs.py
[2025-02-04T16:30:42.377+0000] {processor.py:914} INFO - Processing file /home/airflow/.local/lib/python3.9/site-packages/airflow/example_dags/example_xcomargs.py for tasks to queue
[2025-02-04T16:30:42.380+0000] {logging_mixin.py:190} INFO - [2025-02-04T16:30:42.380+0000] {dagbag.py:588} INFO - Filling up the DagBag from /home/airflow/.local/lib/python3.9/site-packages/airflow/example_dags/example_xcomargs.py
[2025-02-04T16:30:42.391+0000] {processor.py:925} INFO - DAG(s) 'example_xcom_args', 'example_xcom_args_with_operators' retrieved from /home/airflow/.local/lib/python3.9/site-packages/airflow/example_dags/example_xcomargs.py
[2025-02-04T16:30:42.421+0000] {logging_mixin.py:190} INFO - [2025-02-04T16:30:42.421+0000] {dag.py:3239} INFO - Sync 2 DAGs
[2025-02-04T16:30:42.437+0000] {logging_mixin.py:190} INFO - [2025-02-04T16:30:42.436+0000] {dag.py:4180} INFO - Setting next_dagrun for example_xcom_args to None, run_after=None
[2025-02-04T16:30:42.441+0000] {logging_mixin.py:190} INFO - [2025-02-04T16:30:42.441+0000] {dag.py:4180} INFO - Setting next_dagrun for example_xcom_args_with_operators to None, run_after=None
[2025-02-04T16:30:42.475+0000] {processor.py:208} INFO - Processing /home/airflow/.local/lib/python3.9/site-packages/airflow/example_dags/example_xcomargs.py took 0.105 seconds
[2025-02-04T16:31:13.318+0000] {processor.py:186} INFO - Started process (PID=1152) to work on /home/airflow/.local/lib/python3.9/site-packages/airflow/example_dags/example_xcomargs.py
[2025-02-04T16:31:13.319+0000] {processor.py:914} INFO - Processing file /home/airflow/.local/lib/python3.9/site-packages/airflow/example_dags/example_xcomargs.py for tasks to queue
[2025-02-04T16:31:13.322+0000] {logging_mixin.py:190} INFO - [2025-02-04T16:31:13.322+0000] {dagbag.py:588} INFO - Filling up the DagBag from /home/airflow/.local/lib/python3.9/site-packages/airflow/example_dags/example_xcomargs.py
[2025-02-04T16:31:13.334+0000] {processor.py:925} INFO - DAG(s) 'example_xcom_args_with_operators', 'example_xcom_args' retrieved from /home/airflow/.local/lib/python3.9/site-packages/airflow/example_dags/example_xcomargs.py
[2025-02-04T16:31:13.362+0000] {logging_mixin.py:190} INFO - [2025-02-04T16:31:13.362+0000] {dag.py:3239} INFO - Sync 2 DAGs
[2025-02-04T16:31:13.379+0000] {logging_mixin.py:190} INFO - [2025-02-04T16:31:13.379+0000] {dag.py:4180} INFO - Setting next_dagrun for example_xcom_args to None, run_after=None
[2025-02-04T16:31:13.383+0000] {logging_mixin.py:190} INFO - [2025-02-04T16:31:13.383+0000] {dag.py:4180} INFO - Setting next_dagrun for example_xcom_args_with_operators to None, run_after=None
[2025-02-04T16:31:13.408+0000] {processor.py:208} INFO - Processing /home/airflow/.local/lib/python3.9/site-packages/airflow/example_dags/example_xcomargs.py took 0.097 seconds
[2025-02-04T16:31:44.250+0000] {processor.py:186} INFO - Started process (PID=1223) to work on /home/airflow/.local/lib/python3.9/site-packages/airflow/example_dags/example_xcomargs.py
[2025-02-04T16:31:44.252+0000] {processor.py:914} INFO - Processing file /home/airflow/.local/lib/python3.9/site-packages/airflow/example_dags/example_xcomargs.py for tasks to queue
[2025-02-04T16:31:44.255+0000] {logging_mixin.py:190} INFO - [2025-02-04T16:31:44.254+0000] {dagbag.py:588} INFO - Filling up the DagBag from /home/airflow/.local/lib/python3.9/site-packages/airflow/example_dags/example_xcomargs.py
[2025-02-04T16:31:44.268+0000] {processor.py:925} INFO - DAG(s) 'example_xcom_args_with_operators', 'example_xcom_args' retrieved from /home/airflow/.local/lib/python3.9/site-packages/airflow/example_dags/example_xcomargs.py
[2025-02-04T16:31:44.296+0000] {logging_mixin.py:190} INFO - [2025-02-04T16:31:44.295+0000] {dag.py:3239} INFO - Sync 2 DAGs
[2025-02-04T16:31:44.310+0000] {logging_mixin.py:190} INFO - [2025-02-04T16:31:44.310+0000] {dag.py:4180} INFO - Setting next_dagrun for example_xcom_args to None, run_after=None
[2025-02-04T16:31:44.315+0000] {logging_mixin.py:190} INFO - [2025-02-04T16:31:44.315+0000] {dag.py:4180} INFO - Setting next_dagrun for example_xcom_args_with_operators to None, run_after=None
[2025-02-04T16:31:44.340+0000] {processor.py:208} INFO - Processing /home/airflow/.local/lib/python3.9/site-packages/airflow/example_dags/example_xcomargs.py took 0.099 seconds
[2025-02-04T16:32:14.553+0000] {processor.py:186} INFO - Started process (PID=1287) to work on /home/airflow/.local/lib/python3.9/site-packages/airflow/example_dags/example_xcomargs.py
[2025-02-04T16:32:14.555+0000] {processor.py:914} INFO - Processing file /home/airflow/.local/lib/python3.9/site-packages/airflow/example_dags/example_xcomargs.py for tasks to queue
[2025-02-04T16:32:14.560+0000] {logging_mixin.py:190} INFO - [2025-02-04T16:32:14.559+0000] {dagbag.py:588} INFO - Filling up the DagBag from /home/airflow/.local/lib/python3.9/site-packages/airflow/example_dags/example_xcomargs.py
[2025-02-04T16:32:14.579+0000] {processor.py:925} INFO - DAG(s) 'example_xcom_args_with_operators', 'example_xcom_args' retrieved from /home/airflow/.local/lib/python3.9/site-packages/airflow/example_dags/example_xcomargs.py
[2025-02-04T16:32:14.623+0000] {logging_mixin.py:190} INFO - [2025-02-04T16:32:14.623+0000] {dag.py:3239} INFO - Sync 2 DAGs
[2025-02-04T16:32:14.651+0000] {logging_mixin.py:190} INFO - [2025-02-04T16:32:14.651+0000] {dag.py:4180} INFO - Setting next_dagrun for example_xcom_args to None, run_after=None
[2025-02-04T16:32:14.660+0000] {logging_mixin.py:190} INFO - [2025-02-04T16:32:14.659+0000] {dag.py:4180} INFO - Setting next_dagrun for example_xcom_args_with_operators to None, run_after=None
[2025-02-04T16:32:14.700+0000] {processor.py:208} INFO - Processing /home/airflow/.local/lib/python3.9/site-packages/airflow/example_dags/example_xcomargs.py took 0.157 seconds
[2025-02-04T16:32:44.150+0000] {processor.py:186} INFO - Started process (PID=1351) to work on /home/airflow/.local/lib/python3.9/site-packages/airflow/example_dags/example_xcomargs.py
[2025-02-04T16:32:44.152+0000] {processor.py:914} INFO - Processing file /home/airflow/.local/lib/python3.9/site-packages/airflow/example_dags/example_xcomargs.py for tasks to queue
[2025-02-04T16:32:44.157+0000] {logging_mixin.py:190} INFO - [2025-02-04T16:32:44.156+0000] {dagbag.py:588} INFO - Filling up the DagBag from /home/airflow/.local/lib/python3.9/site-packages/airflow/example_dags/example_xcomargs.py
[2025-02-04T16:32:44.175+0000] {processor.py:925} INFO - DAG(s) 'example_xcom_args_with_operators', 'example_xcom_args' retrieved from /home/airflow/.local/lib/python3.9/site-packages/airflow/example_dags/example_xcomargs.py
[2025-02-04T16:32:44.222+0000] {logging_mixin.py:190} INFO - [2025-02-04T16:32:44.221+0000] {dag.py:3239} INFO - Sync 2 DAGs
[2025-02-04T16:32:44.246+0000] {logging_mixin.py:190} INFO - [2025-02-04T16:32:44.246+0000] {dag.py:4180} INFO - Setting next_dagrun for example_xcom_args to None, run_after=None
[2025-02-04T16:32:44.256+0000] {logging_mixin.py:190} INFO - [2025-02-04T16:32:44.255+0000] {dag.py:4180} INFO - Setting next_dagrun for example_xcom_args_with_operators to None, run_after=None
[2025-02-04T16:32:42.987+0000] {processor.py:208} INFO - Processing /home/airflow/.local/lib/python3.9/site-packages/airflow/example_dags/example_xcomargs.py took 0.157 seconds
[2025-02-04T16:33:13.743+0000] {processor.py:186} INFO - Started process (PID=1402) to work on /home/airflow/.local/lib/python3.9/site-packages/airflow/example_dags/example_xcomargs.py
[2025-02-04T16:33:13.744+0000] {processor.py:914} INFO - Processing file /home/airflow/.local/lib/python3.9/site-packages/airflow/example_dags/example_xcomargs.py for tasks to queue
[2025-02-04T16:33:13.747+0000] {logging_mixin.py:190} INFO - [2025-02-04T16:33:13.747+0000] {dagbag.py:588} INFO - Filling up the DagBag from /home/airflow/.local/lib/python3.9/site-packages/airflow/example_dags/example_xcomargs.py
[2025-02-04T16:33:13.758+0000] {processor.py:925} INFO - DAG(s) 'example_xcom_args_with_operators', 'example_xcom_args' retrieved from /home/airflow/.local/lib/python3.9/site-packages/airflow/example_dags/example_xcomargs.py
[2025-02-04T16:33:13.783+0000] {logging_mixin.py:190} INFO - [2025-02-04T16:33:13.783+0000] {dag.py:3239} INFO - Sync 2 DAGs
[2025-02-04T16:33:13.798+0000] {logging_mixin.py:190} INFO - [2025-02-04T16:33:13.797+0000] {dag.py:4180} INFO - Setting next_dagrun for example_xcom_args to None, run_after=None
[2025-02-04T16:33:13.802+0000] {logging_mixin.py:190} INFO - [2025-02-04T16:33:13.802+0000] {dag.py:4180} INFO - Setting next_dagrun for example_xcom_args_with_operators to None, run_after=None
[2025-02-04T16:33:13.827+0000] {processor.py:208} INFO - Processing /home/airflow/.local/lib/python3.9/site-packages/airflow/example_dags/example_xcomargs.py took 0.093 seconds
[2025-02-04T16:33:44.370+0000] {processor.py:186} INFO - Started process (PID=1466) to work on /home/airflow/.local/lib/python3.9/site-packages/airflow/example_dags/example_xcomargs.py
[2025-02-04T16:33:44.371+0000] {processor.py:914} INFO - Processing file /home/airflow/.local/lib/python3.9/site-packages/airflow/example_dags/example_xcomargs.py for tasks to queue
[2025-02-04T16:33:44.373+0000] {logging_mixin.py:190} INFO - [2025-02-04T16:33:44.373+0000] {dagbag.py:588} INFO - Filling up the DagBag from /home/airflow/.local/lib/python3.9/site-packages/airflow/example_dags/example_xcomargs.py
[2025-02-04T16:33:44.383+0000] {processor.py:925} INFO - DAG(s) 'example_xcom_args_with_operators', 'example_xcom_args' retrieved from /home/airflow/.local/lib/python3.9/site-packages/airflow/example_dags/example_xcomargs.py
[2025-02-04T16:33:44.409+0000] {logging_mixin.py:190} INFO - [2025-02-04T16:33:44.408+0000] {dag.py:3239} INFO - Sync 2 DAGs
[2025-02-04T16:33:44.422+0000] {logging_mixin.py:190} INFO - [2025-02-04T16:33:44.422+0000] {dag.py:4180} INFO - Setting next_dagrun for example_xcom_args to None, run_after=None
[2025-02-04T16:33:44.426+0000] {logging_mixin.py:190} INFO - [2025-02-04T16:33:44.426+0000] {dag.py:4180} INFO - Setting next_dagrun for example_xcom_args_with_operators to None, run_after=None
[2025-02-04T16:33:44.450+0000] {processor.py:208} INFO - Processing /home/airflow/.local/lib/python3.9/site-packages/airflow/example_dags/example_xcomargs.py took 0.086 seconds
[2025-02-04T16:34:14.714+0000] {processor.py:186} INFO - Started process (PID=1530) to work on /home/airflow/.local/lib/python3.9/site-packages/airflow/example_dags/example_xcomargs.py
[2025-02-04T16:34:14.716+0000] {processor.py:914} INFO - Processing file /home/airflow/.local/lib/python3.9/site-packages/airflow/example_dags/example_xcomargs.py for tasks to queue
[2025-02-04T16:34:14.718+0000] {logging_mixin.py:190} INFO - [2025-02-04T16:34:14.718+0000] {dagbag.py:588} INFO - Filling up the DagBag from /home/airflow/.local/lib/python3.9/site-packages/airflow/example_dags/example_xcomargs.py
[2025-02-04T16:34:14.728+0000] {processor.py:925} INFO - DAG(s) 'example_xcom_args', 'example_xcom_args_with_operators' retrieved from /home/airflow/.local/lib/python3.9/site-packages/airflow/example_dags/example_xcomargs.py
[2025-02-04T16:34:14.754+0000] {logging_mixin.py:190} INFO - [2025-02-04T16:34:14.754+0000] {dag.py:3239} INFO - Sync 2 DAGs
[2025-02-04T16:34:14.768+0000] {logging_mixin.py:190} INFO - [2025-02-04T16:34:14.767+0000] {dag.py:4180} INFO - Setting next_dagrun for example_xcom_args to None, run_after=None
[2025-02-04T16:34:14.772+0000] {logging_mixin.py:190} INFO - [2025-02-04T16:34:14.771+0000] {dag.py:4180} INFO - Setting next_dagrun for example_xcom_args_with_operators to None, run_after=None
[2025-02-04T16:34:14.795+0000] {processor.py:208} INFO - Processing /home/airflow/.local/lib/python3.9/site-packages/airflow/example_dags/example_xcomargs.py took 0.089 seconds
[2025-02-04T16:34:49.372+0000] {processor.py:186} INFO - Started process (PID=1604) to work on /home/airflow/.local/lib/python3.9/site-packages/airflow/example_dags/example_xcomargs.py
[2025-02-04T16:34:49.373+0000] {processor.py:914} INFO - Processing file /home/airflow/.local/lib/python3.9/site-packages/airflow/example_dags/example_xcomargs.py for tasks to queue
[2025-02-04T16:34:49.376+0000] {logging_mixin.py:190} INFO - [2025-02-04T16:34:49.376+0000] {dagbag.py:588} INFO - Filling up the DagBag from /home/airflow/.local/lib/python3.9/site-packages/airflow/example_dags/example_xcomargs.py
[2025-02-04T16:34:49.387+0000] {processor.py:925} INFO - DAG(s) 'example_xcom_args', 'example_xcom_args_with_operators' retrieved from /home/airflow/.local/lib/python3.9/site-packages/airflow/example_dags/example_xcomargs.py
[2025-02-04T16:34:49.413+0000] {logging_mixin.py:190} INFO - [2025-02-04T16:34:49.413+0000] {dag.py:3239} INFO - Sync 2 DAGs
[2025-02-04T16:34:49.429+0000] {logging_mixin.py:190} INFO - [2025-02-04T16:34:49.428+0000] {dag.py:4180} INFO - Setting next_dagrun for example_xcom_args to None, run_after=None
[2025-02-04T16:34:49.433+0000] {logging_mixin.py:190} INFO - [2025-02-04T16:34:49.433+0000] {dag.py:4180} INFO - Setting next_dagrun for example_xcom_args_with_operators to None, run_after=None
[2025-02-04T16:34:49.458+0000] {processor.py:208} INFO - Processing /home/airflow/.local/lib/python3.9/site-packages/airflow/example_dags/example_xcomargs.py took 0.092 seconds
[2025-02-04T16:35:19.567+0000] {processor.py:186} INFO - Started process (PID=1668) to work on /home/airflow/.local/lib/python3.9/site-packages/airflow/example_dags/example_xcomargs.py
[2025-02-04T16:35:19.568+0000] {processor.py:914} INFO - Processing file /home/airflow/.local/lib/python3.9/site-packages/airflow/example_dags/example_xcomargs.py for tasks to queue
[2025-02-04T16:35:19.570+0000] {logging_mixin.py:190} INFO - [2025-02-04T16:35:19.570+0000] {dagbag.py:588} INFO - Filling up the DagBag from /home/airflow/.local/lib/python3.9/site-packages/airflow/example_dags/example_xcomargs.py
[2025-02-04T16:35:19.581+0000] {processor.py:925} INFO - DAG(s) 'example_xcom_args_with_operators', 'example_xcom_args' retrieved from /home/airflow/.local/lib/python3.9/site-packages/airflow/example_dags/example_xcomargs.py
[2025-02-04T16:35:19.606+0000] {logging_mixin.py:190} INFO - [2025-02-04T16:35:19.606+0000] {dag.py:3239} INFO - Sync 2 DAGs
[2025-02-04T16:35:19.621+0000] {logging_mixin.py:190} INFO - [2025-02-04T16:35:19.621+0000] {dag.py:4180} INFO - Setting next_dagrun for example_xcom_args to None, run_after=None
[2025-02-04T16:35:19.626+0000] {logging_mixin.py:190} INFO - [2025-02-04T16:35:19.626+0000] {dag.py:4180} INFO - Setting next_dagrun for example_xcom_args_with_operators to None, run_after=None
[2025-02-04T16:35:19.651+0000] {processor.py:208} INFO - Processing /home/airflow/.local/lib/python3.9/site-packages/airflow/example_dags/example_xcomargs.py took 0.091 seconds
[2025-02-04T16:35:50.916+0000] {processor.py:186} INFO - Started process (PID=1735) to work on /home/airflow/.local/lib/python3.9/site-packages/airflow/example_dags/example_xcomargs.py
[2025-02-04T16:35:50.917+0000] {processor.py:914} INFO - Processing file /home/airflow/.local/lib/python3.9/site-packages/airflow/example_dags/example_xcomargs.py for tasks to queue
[2025-02-04T16:35:50.919+0000] {logging_mixin.py:190} INFO - [2025-02-04T16:35:50.919+0000] {dagbag.py:588} INFO - Filling up the DagBag from /home/airflow/.local/lib/python3.9/site-packages/airflow/example_dags/example_xcomargs.py
[2025-02-04T16:35:50.930+0000] {processor.py:925} INFO - DAG(s) 'example_xcom_args_with_operators', 'example_xcom_args' retrieved from /home/airflow/.local/lib/python3.9/site-packages/airflow/example_dags/example_xcomargs.py
[2025-02-04T16:35:50.955+0000] {logging_mixin.py:190} INFO - [2025-02-04T16:35:50.955+0000] {dag.py:3239} INFO - Sync 2 DAGs
[2025-02-04T16:35:50.968+0000] {logging_mixin.py:190} INFO - [2025-02-04T16:35:50.968+0000] {dag.py:4180} INFO - Setting next_dagrun for example_xcom_args to None, run_after=None
[2025-02-04T16:35:50.972+0000] {logging_mixin.py:190} INFO - [2025-02-04T16:35:50.972+0000] {dag.py:4180} INFO - Setting next_dagrun for example_xcom_args_with_operators to None, run_after=None
[2025-02-04T16:35:50.994+0000] {processor.py:208} INFO - Processing /home/airflow/.local/lib/python3.9/site-packages/airflow/example_dags/example_xcomargs.py took 0.086 seconds
[2025-02-04T16:36:21.234+0000] {processor.py:186} INFO - Started process (PID=1801) to work on /home/airflow/.local/lib/python3.9/site-packages/airflow/example_dags/example_xcomargs.py
[2025-02-04T16:36:21.236+0000] {processor.py:914} INFO - Processing file /home/airflow/.local/lib/python3.9/site-packages/airflow/example_dags/example_xcomargs.py for tasks to queue
[2025-02-04T16:36:21.239+0000] {logging_mixin.py:190} INFO - [2025-02-04T16:36:21.239+0000] {dagbag.py:588} INFO - Filling up the DagBag from /home/airflow/.local/lib/python3.9/site-packages/airflow/example_dags/example_xcomargs.py
[2025-02-04T16:36:21.249+0000] {processor.py:925} INFO - DAG(s) 'example_xcom_args', 'example_xcom_args_with_operators' retrieved from /home/airflow/.local/lib/python3.9/site-packages/airflow/example_dags/example_xcomargs.py
[2025-02-04T16:36:21.274+0000] {logging_mixin.py:190} INFO - [2025-02-04T16:36:21.274+0000] {dag.py:3239} INFO - Sync 2 DAGs
[2025-02-04T16:36:21.287+0000] {logging_mixin.py:190} INFO - [2025-02-04T16:36:21.287+0000] {dag.py:4180} INFO - Setting next_dagrun for example_xcom_args to None, run_after=None
[2025-02-04T16:36:21.291+0000] {logging_mixin.py:190} INFO - [2025-02-04T16:36:21.291+0000] {dag.py:4180} INFO - Setting next_dagrun for example_xcom_args_with_operators to None, run_after=None
[2025-02-04T16:36:21.315+0000] {processor.py:208} INFO - Processing /home/airflow/.local/lib/python3.9/site-packages/airflow/example_dags/example_xcomargs.py took 0.088 seconds
[2025-02-04T16:36:52.694+0000] {processor.py:186} INFO - Started process (PID=1865) to work on /home/airflow/.local/lib/python3.9/site-packages/airflow/example_dags/example_xcomargs.py
[2025-02-04T16:36:52.695+0000] {processor.py:914} INFO - Processing file /home/airflow/.local/lib/python3.9/site-packages/airflow/example_dags/example_xcomargs.py for tasks to queue
[2025-02-04T16:36:52.698+0000] {logging_mixin.py:190} INFO - [2025-02-04T16:36:52.698+0000] {dagbag.py:588} INFO - Filling up the DagBag from /home/airflow/.local/lib/python3.9/site-packages/airflow/example_dags/example_xcomargs.py
[2025-02-04T16:36:52.708+0000] {processor.py:925} INFO - DAG(s) 'example_xcom_args_with_operators', 'example_xcom_args' retrieved from /home/airflow/.local/lib/python3.9/site-packages/airflow/example_dags/example_xcomargs.py
[2025-02-04T16:36:52.733+0000] {logging_mixin.py:190} INFO - [2025-02-04T16:36:52.733+0000] {dag.py:3239} INFO - Sync 2 DAGs
[2025-02-04T16:36:52.748+0000] {logging_mixin.py:190} INFO - [2025-02-04T16:36:52.748+0000] {dag.py:4180} INFO - Setting next_dagrun for example_xcom_args to None, run_after=None
[2025-02-04T16:36:52.753+0000] {logging_mixin.py:190} INFO - [2025-02-04T16:36:52.753+0000] {dag.py:4180} INFO - Setting next_dagrun for example_xcom_args_with_operators to None, run_after=None
[2025-02-04T16:36:52.777+0000] {processor.py:208} INFO - Processing /home/airflow/.local/lib/python3.9/site-packages/airflow/example_dags/example_xcomargs.py took 0.090 seconds
[2025-02-04T16:39:26.253+0000] {processor.py:186} INFO - Started process (PID=1918) to work on /home/airflow/.local/lib/python3.9/site-packages/airflow/example_dags/example_xcomargs.py
[2025-02-04T16:39:26.254+0000] {processor.py:914} INFO - Processing file /home/airflow/.local/lib/python3.9/site-packages/airflow/example_dags/example_xcomargs.py for tasks to queue
[2025-02-04T16:39:26.256+0000] {logging_mixin.py:190} INFO - [2025-02-04T16:39:26.256+0000] {dagbag.py:588} INFO - Filling up the DagBag from /home/airflow/.local/lib/python3.9/site-packages/airflow/example_dags/example_xcomargs.py
[2025-02-04T16:39:26.271+0000] {processor.py:925} INFO - DAG(s) 'example_xcom_args_with_operators', 'example_xcom_args' retrieved from /home/airflow/.local/lib/python3.9/site-packages/airflow/example_dags/example_xcomargs.py
[2025-02-04T16:39:26.299+0000] {logging_mixin.py:190} INFO - [2025-02-04T16:39:26.298+0000] {dag.py:3239} INFO - Sync 2 DAGs
[2025-02-04T16:39:26.315+0000] {logging_mixin.py:190} INFO - [2025-02-04T16:39:26.315+0000] {dag.py:4180} INFO - Setting next_dagrun for example_xcom_args to None, run_after=None
[2025-02-04T16:39:26.320+0000] {logging_mixin.py:190} INFO - [2025-02-04T16:39:26.320+0000] {dag.py:4180} INFO - Setting next_dagrun for example_xcom_args_with_operators to None, run_after=None
[2025-02-04T16:39:26.349+0000] {processor.py:208} INFO - Processing /home/airflow/.local/lib/python3.9/site-packages/airflow/example_dags/example_xcomargs.py took 0.103 seconds
[2025-02-04T16:39:57.026+0000] {processor.py:186} INFO - Started process (PID=1982) to work on /home/airflow/.local/lib/python3.9/site-packages/airflow/example_dags/example_xcomargs.py
[2025-02-04T16:39:57.031+0000] {processor.py:914} INFO - Processing file /home/airflow/.local/lib/python3.9/site-packages/airflow/example_dags/example_xcomargs.py for tasks to queue
[2025-02-04T16:39:57.034+0000] {logging_mixin.py:190} INFO - [2025-02-04T16:39:57.033+0000] {dagbag.py:588} INFO - Filling up the DagBag from /home/airflow/.local/lib/python3.9/site-packages/airflow/example_dags/example_xcomargs.py
[2025-02-04T16:39:57.050+0000] {processor.py:925} INFO - DAG(s) 'example_xcom_args', 'example_xcom_args_with_operators' retrieved from /home/airflow/.local/lib/python3.9/site-packages/airflow/example_dags/example_xcomargs.py
[2025-02-04T16:39:57.073+0000] {logging_mixin.py:190} INFO - [2025-02-04T16:39:57.073+0000] {dag.py:3239} INFO - Sync 2 DAGs
[2025-02-04T16:39:57.090+0000] {logging_mixin.py:190} INFO - [2025-02-04T16:39:57.090+0000] {dag.py:4180} INFO - Setting next_dagrun for example_xcom_args to None, run_after=None
[2025-02-04T16:39:57.096+0000] {logging_mixin.py:190} INFO - [2025-02-04T16:39:57.096+0000] {dag.py:4180} INFO - Setting next_dagrun for example_xcom_args_with_operators to None, run_after=None
[2025-02-04T16:39:57.156+0000] {processor.py:208} INFO - Processing /home/airflow/.local/lib/python3.9/site-packages/airflow/example_dags/example_xcomargs.py took 0.148 seconds
[2025-02-04T16:40:28.162+0000] {processor.py:186} INFO - Started process (PID=2046) to work on /home/airflow/.local/lib/python3.9/site-packages/airflow/example_dags/example_xcomargs.py
[2025-02-04T16:40:28.163+0000] {processor.py:914} INFO - Processing file /home/airflow/.local/lib/python3.9/site-packages/airflow/example_dags/example_xcomargs.py for tasks to queue
[2025-02-04T16:40:28.165+0000] {logging_mixin.py:190} INFO - [2025-02-04T16:40:28.164+0000] {dagbag.py:588} INFO - Filling up the DagBag from /home/airflow/.local/lib/python3.9/site-packages/airflow/example_dags/example_xcomargs.py
[2025-02-04T16:40:28.175+0000] {processor.py:925} INFO - DAG(s) 'example_xcom_args', 'example_xcom_args_with_operators' retrieved from /home/airflow/.local/lib/python3.9/site-packages/airflow/example_dags/example_xcomargs.py
[2025-02-04T16:40:28.200+0000] {logging_mixin.py:190} INFO - [2025-02-04T16:40:28.200+0000] {dag.py:3239} INFO - Sync 2 DAGs
[2025-02-04T16:40:28.219+0000] {logging_mixin.py:190} INFO - [2025-02-04T16:40:28.218+0000] {dag.py:4180} INFO - Setting next_dagrun for example_xcom_args to None, run_after=None
[2025-02-04T16:40:28.223+0000] {logging_mixin.py:190} INFO - [2025-02-04T16:40:28.223+0000] {dag.py:4180} INFO - Setting next_dagrun for example_xcom_args_with_operators to None, run_after=None
[2025-02-04T16:40:28.247+0000] {processor.py:208} INFO - Processing /home/airflow/.local/lib/python3.9/site-packages/airflow/example_dags/example_xcomargs.py took 0.092 seconds
[2025-02-04T16:40:58.927+0000] {processor.py:186} INFO - Started process (PID=2110) to work on /home/airflow/.local/lib/python3.9/site-packages/airflow/example_dags/example_xcomargs.py
[2025-02-04T16:40:58.928+0000] {processor.py:914} INFO - Processing file /home/airflow/.local/lib/python3.9/site-packages/airflow/example_dags/example_xcomargs.py for tasks to queue
[2025-02-04T16:40:58.930+0000] {logging_mixin.py:190} INFO - [2025-02-04T16:40:58.930+0000] {dagbag.py:588} INFO - Filling up the DagBag from /home/airflow/.local/lib/python3.9/site-packages/airflow/example_dags/example_xcomargs.py
[2025-02-04T16:40:58.940+0000] {processor.py:925} INFO - DAG(s) 'example_xcom_args', 'example_xcom_args_with_operators' retrieved from /home/airflow/.local/lib/python3.9/site-packages/airflow/example_dags/example_xcomargs.py
[2025-02-04T16:40:58.966+0000] {logging_mixin.py:190} INFO - [2025-02-04T16:40:58.965+0000] {dag.py:3239} INFO - Sync 2 DAGs
[2025-02-04T16:40:58.980+0000] {logging_mixin.py:190} INFO - [2025-02-04T16:40:58.980+0000] {dag.py:4180} INFO - Setting next_dagrun for example_xcom_args to None, run_after=None
[2025-02-04T16:40:58.984+0000] {logging_mixin.py:190} INFO - [2025-02-04T16:40:58.984+0000] {dag.py:4180} INFO - Setting next_dagrun for example_xcom_args_with_operators to None, run_after=None
[2025-02-04T16:40:59.008+0000] {processor.py:208} INFO - Processing /home/airflow/.local/lib/python3.9/site-packages/airflow/example_dags/example_xcomargs.py took 0.089 seconds
[2025-02-04T16:41:30.124+0000] {processor.py:186} INFO - Started process (PID=2174) to work on /home/airflow/.local/lib/python3.9/site-packages/airflow/example_dags/example_xcomargs.py
[2025-02-04T16:41:30.125+0000] {processor.py:914} INFO - Processing file /home/airflow/.local/lib/python3.9/site-packages/airflow/example_dags/example_xcomargs.py for tasks to queue
[2025-02-04T16:41:30.127+0000] {logging_mixin.py:190} INFO - [2025-02-04T16:41:30.127+0000] {dagbag.py:588} INFO - Filling up the DagBag from /home/airflow/.local/lib/python3.9/site-packages/airflow/example_dags/example_xcomargs.py
[2025-02-04T16:41:30.137+0000] {processor.py:925} INFO - DAG(s) 'example_xcom_args', 'example_xcom_args_with_operators' retrieved from /home/airflow/.local/lib/python3.9/site-packages/airflow/example_dags/example_xcomargs.py
[2025-02-04T16:41:30.166+0000] {logging_mixin.py:190} INFO - [2025-02-04T16:41:30.166+0000] {dag.py:3239} INFO - Sync 2 DAGs
[2025-02-04T16:41:30.182+0000] {logging_mixin.py:190} INFO - [2025-02-04T16:41:30.182+0000] {dag.py:4180} INFO - Setting next_dagrun for example_xcom_args to None, run_after=None
[2025-02-04T16:41:30.187+0000] {logging_mixin.py:190} INFO - [2025-02-04T16:41:30.187+0000] {dag.py:4180} INFO - Setting next_dagrun for example_xcom_args_with_operators to None, run_after=None
[2025-02-04T16:41:30.214+0000] {processor.py:208} INFO - Processing /home/airflow/.local/lib/python3.9/site-packages/airflow/example_dags/example_xcomargs.py took 0.097 seconds
[2025-02-04T16:42:01.225+0000] {processor.py:186} INFO - Started process (PID=2238) to work on /home/airflow/.local/lib/python3.9/site-packages/airflow/example_dags/example_xcomargs.py
[2025-02-04T16:42:01.226+0000] {processor.py:914} INFO - Processing file /home/airflow/.local/lib/python3.9/site-packages/airflow/example_dags/example_xcomargs.py for tasks to queue
[2025-02-04T16:42:01.227+0000] {logging_mixin.py:190} INFO - [2025-02-04T16:42:01.227+0000] {dagbag.py:588} INFO - Filling up the DagBag from /home/airflow/.local/lib/python3.9/site-packages/airflow/example_dags/example_xcomargs.py
[2025-02-04T16:42:01.238+0000] {processor.py:925} INFO - DAG(s) 'example_xcom_args', 'example_xcom_args_with_operators' retrieved from /home/airflow/.local/lib/python3.9/site-packages/airflow/example_dags/example_xcomargs.py
[2025-02-04T16:42:01.262+0000] {logging_mixin.py:190} INFO - [2025-02-04T16:42:01.262+0000] {dag.py:3239} INFO - Sync 2 DAGs
[2025-02-04T16:42:01.276+0000] {logging_mixin.py:190} INFO - [2025-02-04T16:42:01.276+0000] {dag.py:4180} INFO - Setting next_dagrun for example_xcom_args to None, run_after=None
[2025-02-04T16:42:01.280+0000] {logging_mixin.py:190} INFO - [2025-02-04T16:42:01.280+0000] {dag.py:4180} INFO - Setting next_dagrun for example_xcom_args_with_operators to None, run_after=None
[2025-02-04T16:42:01.305+0000] {processor.py:208} INFO - Processing /home/airflow/.local/lib/python3.9/site-packages/airflow/example_dags/example_xcomargs.py took 0.087 seconds
[2025-02-04T16:42:31.599+0000] {processor.py:186} INFO - Started process (PID=2302) to work on /home/airflow/.local/lib/python3.9/site-packages/airflow/example_dags/example_xcomargs.py
[2025-02-04T16:42:31.600+0000] {processor.py:914} INFO - Processing file /home/airflow/.local/lib/python3.9/site-packages/airflow/example_dags/example_xcomargs.py for tasks to queue
[2025-02-04T16:42:31.602+0000] {logging_mixin.py:190} INFO - [2025-02-04T16:42:31.602+0000] {dagbag.py:588} INFO - Filling up the DagBag from /home/airflow/.local/lib/python3.9/site-packages/airflow/example_dags/example_xcomargs.py
[2025-02-04T16:42:31.616+0000] {processor.py:925} INFO - DAG(s) 'example_xcom_args', 'example_xcom_args_with_operators' retrieved from /home/airflow/.local/lib/python3.9/site-packages/airflow/example_dags/example_xcomargs.py
[2025-02-04T16:42:31.646+0000] {logging_mixin.py:190} INFO - [2025-02-04T16:42:31.645+0000] {dag.py:3239} INFO - Sync 2 DAGs
[2025-02-04T16:42:31.662+0000] {logging_mixin.py:190} INFO - [2025-02-04T16:42:31.661+0000] {dag.py:4180} INFO - Setting next_dagrun for example_xcom_args to None, run_after=None
[2025-02-04T16:42:31.666+0000] {logging_mixin.py:190} INFO - [2025-02-04T16:42:31.666+0000] {dag.py:4180} INFO - Setting next_dagrun for example_xcom_args_with_operators to None, run_after=None
[2025-02-04T16:42:31.695+0000] {processor.py:208} INFO - Processing /home/airflow/.local/lib/python3.9/site-packages/airflow/example_dags/example_xcomargs.py took 0.102 seconds
[2025-02-04T16:43:02.069+0000] {processor.py:186} INFO - Started process (PID=2366) to work on /home/airflow/.local/lib/python3.9/site-packages/airflow/example_dags/example_xcomargs.py
[2025-02-04T16:43:02.070+0000] {processor.py:914} INFO - Processing file /home/airflow/.local/lib/python3.9/site-packages/airflow/example_dags/example_xcomargs.py for tasks to queue
[2025-02-04T16:43:02.072+0000] {logging_mixin.py:190} INFO - [2025-02-04T16:43:02.072+0000] {dagbag.py:588} INFO - Filling up the DagBag from /home/airflow/.local/lib/python3.9/site-packages/airflow/example_dags/example_xcomargs.py
[2025-02-04T16:43:02.082+0000] {processor.py:925} INFO - DAG(s) 'example_xcom_args', 'example_xcom_args_with_operators' retrieved from /home/airflow/.local/lib/python3.9/site-packages/airflow/example_dags/example_xcomargs.py
[2025-02-04T16:43:02.109+0000] {logging_mixin.py:190} INFO - [2025-02-04T16:43:02.109+0000] {dag.py:3239} INFO - Sync 2 DAGs
[2025-02-04T16:43:02.123+0000] {logging_mixin.py:190} INFO - [2025-02-04T16:43:02.123+0000] {dag.py:4180} INFO - Setting next_dagrun for example_xcom_args to None, run_after=None
[2025-02-04T16:43:02.128+0000] {logging_mixin.py:190} INFO - [2025-02-04T16:43:02.128+0000] {dag.py:4180} INFO - Setting next_dagrun for example_xcom_args_with_operators to None, run_after=None
[2025-02-04T16:43:02.152+0000] {processor.py:208} INFO - Processing /home/airflow/.local/lib/python3.9/site-packages/airflow/example_dags/example_xcomargs.py took 0.090 seconds
[2025-02-04T16:43:32.746+0000] {processor.py:186} INFO - Started process (PID=2430) to work on /home/airflow/.local/lib/python3.9/site-packages/airflow/example_dags/example_xcomargs.py
[2025-02-04T16:43:32.748+0000] {processor.py:914} INFO - Processing file /home/airflow/.local/lib/python3.9/site-packages/airflow/example_dags/example_xcomargs.py for tasks to queue
[2025-02-04T16:43:32.749+0000] {logging_mixin.py:190} INFO - [2025-02-04T16:43:32.749+0000] {dagbag.py:588} INFO - Filling up the DagBag from /home/airflow/.local/lib/python3.9/site-packages/airflow/example_dags/example_xcomargs.py
[2025-02-04T16:43:32.760+0000] {processor.py:925} INFO - DAG(s) 'example_xcom_args_with_operators', 'example_xcom_args' retrieved from /home/airflow/.local/lib/python3.9/site-packages/airflow/example_dags/example_xcomargs.py
[2025-02-04T16:43:32.789+0000] {logging_mixin.py:190} INFO - [2025-02-04T16:43:32.788+0000] {dag.py:3239} INFO - Sync 2 DAGs
[2025-02-04T16:43:32.804+0000] {logging_mixin.py:190} INFO - [2025-02-04T16:43:32.804+0000] {dag.py:4180} INFO - Setting next_dagrun for example_xcom_args to None, run_after=None
[2025-02-04T16:43:32.809+0000] {logging_mixin.py:190} INFO - [2025-02-04T16:43:32.809+0000] {dag.py:4180} INFO - Setting next_dagrun for example_xcom_args_with_operators to None, run_after=None
[2025-02-04T16:43:32.845+0000] {processor.py:208} INFO - Processing /home/airflow/.local/lib/python3.9/site-packages/airflow/example_dags/example_xcomargs.py took 0.105 seconds
[2025-02-04T16:44:03.453+0000] {processor.py:186} INFO - Started process (PID=2494) to work on /home/airflow/.local/lib/python3.9/site-packages/airflow/example_dags/example_xcomargs.py
[2025-02-04T16:44:03.454+0000] {processor.py:914} INFO - Processing file /home/airflow/.local/lib/python3.9/site-packages/airflow/example_dags/example_xcomargs.py for tasks to queue
[2025-02-04T16:44:03.456+0000] {logging_mixin.py:190} INFO - [2025-02-04T16:44:03.455+0000] {dagbag.py:588} INFO - Filling up the DagBag from /home/airflow/.local/lib/python3.9/site-packages/airflow/example_dags/example_xcomargs.py
[2025-02-04T16:44:03.471+0000] {processor.py:925} INFO - DAG(s) 'example_xcom_args', 'example_xcom_args_with_operators' retrieved from /home/airflow/.local/lib/python3.9/site-packages/airflow/example_dags/example_xcomargs.py
[2025-02-04T16:44:03.502+0000] {logging_mixin.py:190} INFO - [2025-02-04T16:44:03.502+0000] {dag.py:3239} INFO - Sync 2 DAGs
[2025-02-04T16:44:03.522+0000] {logging_mixin.py:190} INFO - [2025-02-04T16:44:03.522+0000] {dag.py:4180} INFO - Setting next_dagrun for example_xcom_args to None, run_after=None
[2025-02-04T16:44:03.528+0000] {logging_mixin.py:190} INFO - [2025-02-04T16:44:03.527+0000] {dag.py:4180} INFO - Setting next_dagrun for example_xcom_args_with_operators to None, run_after=None
[2025-02-04T16:44:03.554+0000] {processor.py:208} INFO - Processing /home/airflow/.local/lib/python3.9/site-packages/airflow/example_dags/example_xcomargs.py took 0.110 seconds
[2025-02-04T16:44:33.674+0000] {processor.py:186} INFO - Started process (PID=2558) to work on /home/airflow/.local/lib/python3.9/site-packages/airflow/example_dags/example_xcomargs.py
[2025-02-04T16:44:33.676+0000] {processor.py:914} INFO - Processing file /home/airflow/.local/lib/python3.9/site-packages/airflow/example_dags/example_xcomargs.py for tasks to queue
[2025-02-04T16:44:33.678+0000] {logging_mixin.py:190} INFO - [2025-02-04T16:44:33.678+0000] {dagbag.py:588} INFO - Filling up the DagBag from /home/airflow/.local/lib/python3.9/site-packages/airflow/example_dags/example_xcomargs.py
[2025-02-04T16:44:33.691+0000] {processor.py:925} INFO - DAG(s) 'example_xcom_args', 'example_xcom_args_with_operators' retrieved from /home/airflow/.local/lib/python3.9/site-packages/airflow/example_dags/example_xcomargs.py
[2025-02-04T16:44:33.722+0000] {logging_mixin.py:190} INFO - [2025-02-04T16:44:33.722+0000] {dag.py:3239} INFO - Sync 2 DAGs
[2025-02-04T16:44:33.740+0000] {logging_mixin.py:190} INFO - [2025-02-04T16:44:33.739+0000] {dag.py:4180} INFO - Setting next_dagrun for example_xcom_args to None, run_after=None
[2025-02-04T16:44:33.745+0000] {logging_mixin.py:190} INFO - [2025-02-04T16:44:33.745+0000] {dag.py:4180} INFO - Setting next_dagrun for example_xcom_args_with_operators to None, run_after=None
[2025-02-04T16:44:33.772+0000] {processor.py:208} INFO - Processing /home/airflow/.local/lib/python3.9/site-packages/airflow/example_dags/example_xcomargs.py took 0.106 seconds
[2025-02-04T16:45:04.225+0000] {processor.py:186} INFO - Started process (PID=2622) to work on /home/airflow/.local/lib/python3.9/site-packages/airflow/example_dags/example_xcomargs.py
[2025-02-04T16:45:04.227+0000] {processor.py:914} INFO - Processing file /home/airflow/.local/lib/python3.9/site-packages/airflow/example_dags/example_xcomargs.py for tasks to queue
[2025-02-04T16:45:04.229+0000] {logging_mixin.py:190} INFO - [2025-02-04T16:45:04.228+0000] {dagbag.py:588} INFO - Filling up the DagBag from /home/airflow/.local/lib/python3.9/site-packages/airflow/example_dags/example_xcomargs.py
[2025-02-04T16:45:04.242+0000] {processor.py:925} INFO - DAG(s) 'example_xcom_args_with_operators', 'example_xcom_args' retrieved from /home/airflow/.local/lib/python3.9/site-packages/airflow/example_dags/example_xcomargs.py
[2025-02-04T16:45:04.270+0000] {logging_mixin.py:190} INFO - [2025-02-04T16:45:04.269+0000] {dag.py:3239} INFO - Sync 2 DAGs
[2025-02-04T16:45:04.284+0000] {logging_mixin.py:190} INFO - [2025-02-04T16:45:04.284+0000] {dag.py:4180} INFO - Setting next_dagrun for example_xcom_args to None, run_after=None
[2025-02-04T16:45:04.289+0000] {logging_mixin.py:190} INFO - [2025-02-04T16:45:04.289+0000] {dag.py:4180} INFO - Setting next_dagrun for example_xcom_args_with_operators to None, run_after=None
[2025-02-04T16:45:04.313+0000] {processor.py:208} INFO - Processing /home/airflow/.local/lib/python3.9/site-packages/airflow/example_dags/example_xcomargs.py took 0.094 seconds
[2025-02-04T16:45:34.752+0000] {processor.py:186} INFO - Started process (PID=2693) to work on /home/airflow/.local/lib/python3.9/site-packages/airflow/example_dags/example_xcomargs.py
[2025-02-04T16:45:34.753+0000] {processor.py:914} INFO - Processing file /home/airflow/.local/lib/python3.9/site-packages/airflow/example_dags/example_xcomargs.py for tasks to queue
[2025-02-04T16:45:34.755+0000] {logging_mixin.py:190} INFO - [2025-02-04T16:45:34.754+0000] {dagbag.py:588} INFO - Filling up the DagBag from /home/airflow/.local/lib/python3.9/site-packages/airflow/example_dags/example_xcomargs.py
[2025-02-04T16:45:34.765+0000] {processor.py:925} INFO - DAG(s) 'example_xcom_args_with_operators', 'example_xcom_args' retrieved from /home/airflow/.local/lib/python3.9/site-packages/airflow/example_dags/example_xcomargs.py
[2025-02-04T16:45:34.793+0000] {logging_mixin.py:190} INFO - [2025-02-04T16:45:34.793+0000] {dag.py:3239} INFO - Sync 2 DAGs
[2025-02-04T16:45:34.808+0000] {logging_mixin.py:190} INFO - [2025-02-04T16:45:34.808+0000] {dag.py:4180} INFO - Setting next_dagrun for example_xcom_args to None, run_after=None
[2025-02-04T16:45:34.813+0000] {logging_mixin.py:190} INFO - [2025-02-04T16:45:34.812+0000] {dag.py:4180} INFO - Setting next_dagrun for example_xcom_args_with_operators to None, run_after=None
[2025-02-04T16:45:34.839+0000] {processor.py:208} INFO - Processing /home/airflow/.local/lib/python3.9/site-packages/airflow/example_dags/example_xcomargs.py took 0.093 seconds
[2025-02-04T16:46:06.324+0000] {processor.py:186} INFO - Started process (PID=2760) to work on /home/airflow/.local/lib/python3.9/site-packages/airflow/example_dags/example_xcomargs.py
[2025-02-04T16:46:06.326+0000] {processor.py:914} INFO - Processing file /home/airflow/.local/lib/python3.9/site-packages/airflow/example_dags/example_xcomargs.py for tasks to queue
[2025-02-04T16:46:06.327+0000] {logging_mixin.py:190} INFO - [2025-02-04T16:46:06.327+0000] {dagbag.py:588} INFO - Filling up the DagBag from /home/airflow/.local/lib/python3.9/site-packages/airflow/example_dags/example_xcomargs.py
[2025-02-04T16:46:06.338+0000] {processor.py:925} INFO - DAG(s) 'example_xcom_args_with_operators', 'example_xcom_args' retrieved from /home/airflow/.local/lib/python3.9/site-packages/airflow/example_dags/example_xcomargs.py
[2025-02-04T16:46:06.367+0000] {logging_mixin.py:190} INFO - [2025-02-04T16:46:06.367+0000] {dag.py:3239} INFO - Sync 2 DAGs
[2025-02-04T16:46:06.385+0000] {logging_mixin.py:190} INFO - [2025-02-04T16:46:06.385+0000] {dag.py:4180} INFO - Setting next_dagrun for example_xcom_args to None, run_after=None
[2025-02-04T16:46:06.390+0000] {logging_mixin.py:190} INFO - [2025-02-04T16:46:06.389+0000] {dag.py:4180} INFO - Setting next_dagrun for example_xcom_args_with_operators to None, run_after=None
[2025-02-04T16:46:06.413+0000] {processor.py:208} INFO - Processing /home/airflow/.local/lib/python3.9/site-packages/airflow/example_dags/example_xcomargs.py took 0.096 seconds
[2025-02-04T16:46:36.879+0000] {processor.py:186} INFO - Started process (PID=2824) to work on /home/airflow/.local/lib/python3.9/site-packages/airflow/example_dags/example_xcomargs.py
[2025-02-04T16:46:36.880+0000] {processor.py:914} INFO - Processing file /home/airflow/.local/lib/python3.9/site-packages/airflow/example_dags/example_xcomargs.py for tasks to queue
[2025-02-04T16:46:36.882+0000] {logging_mixin.py:190} INFO - [2025-02-04T16:46:36.881+0000] {dagbag.py:588} INFO - Filling up the DagBag from /home/airflow/.local/lib/python3.9/site-packages/airflow/example_dags/example_xcomargs.py
[2025-02-04T16:46:36.893+0000] {processor.py:925} INFO - DAG(s) 'example_xcom_args_with_operators', 'example_xcom_args' retrieved from /home/airflow/.local/lib/python3.9/site-packages/airflow/example_dags/example_xcomargs.py
[2025-02-04T16:46:36.922+0000] {logging_mixin.py:190} INFO - [2025-02-04T16:46:36.921+0000] {dag.py:3239} INFO - Sync 2 DAGs
[2025-02-04T16:46:36.940+0000] {logging_mixin.py:190} INFO - [2025-02-04T16:46:36.940+0000] {dag.py:4180} INFO - Setting next_dagrun for example_xcom_args to None, run_after=None
[2025-02-04T16:46:36.945+0000] {logging_mixin.py:190} INFO - [2025-02-04T16:46:36.944+0000] {dag.py:4180} INFO - Setting next_dagrun for example_xcom_args_with_operators to None, run_after=None
[2025-02-04T16:46:36.971+0000] {processor.py:208} INFO - Processing /home/airflow/.local/lib/python3.9/site-packages/airflow/example_dags/example_xcomargs.py took 0.099 seconds
[2025-02-04T16:47:11.899+0000] {processor.py:186} INFO - Started process (PID=2888) to work on /home/airflow/.local/lib/python3.9/site-packages/airflow/example_dags/example_xcomargs.py
[2025-02-04T16:47:11.900+0000] {processor.py:914} INFO - Processing file /home/airflow/.local/lib/python3.9/site-packages/airflow/example_dags/example_xcomargs.py for tasks to queue
[2025-02-04T16:47:11.902+0000] {logging_mixin.py:190} INFO - [2025-02-04T16:47:11.902+0000] {dagbag.py:588} INFO - Filling up the DagBag from /home/airflow/.local/lib/python3.9/site-packages/airflow/example_dags/example_xcomargs.py
[2025-02-04T16:47:11.916+0000] {processor.py:925} INFO - DAG(s) 'example_xcom_args_with_operators', 'example_xcom_args' retrieved from /home/airflow/.local/lib/python3.9/site-packages/airflow/example_dags/example_xcomargs.py
[2025-02-04T16:47:11.941+0000] {logging_mixin.py:190} INFO - [2025-02-04T16:47:11.940+0000] {dag.py:3239} INFO - Sync 2 DAGs
[2025-02-04T16:47:11.958+0000] {logging_mixin.py:190} INFO - [2025-02-04T16:47:11.957+0000] {dag.py:4180} INFO - Setting next_dagrun for example_xcom_args to None, run_after=None
[2025-02-04T16:47:11.962+0000] {logging_mixin.py:190} INFO - [2025-02-04T16:47:11.962+0000] {dag.py:4180} INFO - Setting next_dagrun for example_xcom_args_with_operators to None, run_after=None
[2025-02-04T16:47:11.984+0000] {processor.py:208} INFO - Processing /home/airflow/.local/lib/python3.9/site-packages/airflow/example_dags/example_xcomargs.py took 0.092 seconds
