[2025-02-04T16:22:54.702+0000] {processor.py:186} INFO - Started process (PID=119) to work on /home/airflow/.local/lib/python3.9/site-packages/airflow/example_dags/example_complex.py
[2025-02-04T16:22:54.703+0000] {processor.py:914} INFO - Processing file /home/airflow/.local/lib/python3.9/site-packages/airflow/example_dags/example_complex.py for tasks to queue
[2025-02-04T16:22:54.706+0000] {logging_mixin.py:190} INFO - [2025-02-04T16:22:54.705+0000] {dagbag.py:588} INFO - Filling up the DagBag from /home/airflow/.local/lib/python3.9/site-packages/airflow/example_dags/example_complex.py
[2025-02-04T16:22:55.158+0000] {processor.py:925} INFO - DAG(s) 'example_complex' retrieved from /home/airflow/.local/lib/python3.9/site-packages/airflow/example_dags/example_complex.py
[2025-02-04T16:22:55.574+0000] {logging_mixin.py:190} INFO - [2025-02-04T16:22:55.573+0000] {override.py:1912} INFO - Created Permission View: can delete on DAG:example_complex
[2025-02-04T16:22:55.593+0000] {logging_mixin.py:190} INFO - [2025-02-04T16:22:55.592+0000] {override.py:1912} INFO - Created Permission View: can edit on DAG:example_complex
[2025-02-04T16:22:55.607+0000] {logging_mixin.py:190} INFO - [2025-02-04T16:22:55.607+0000] {override.py:1912} INFO - Created Permission View: can read on DAG:example_complex
[2025-02-04T16:22:55.628+0000] {logging_mixin.py:190} INFO - [2025-02-04T16:22:55.628+0000] {override.py:1912} INFO - Created Permission View: can delete on DAG Run:example_complex
[2025-02-04T16:22:55.643+0000] {logging_mixin.py:190} INFO - [2025-02-04T16:22:55.642+0000] {override.py:1912} INFO - Created Permission View: menu access on DAG Run:example_complex
[2025-02-04T16:22:55.658+0000] {logging_mixin.py:190} INFO - [2025-02-04T16:22:55.657+0000] {override.py:1912} INFO - Created Permission View: can read on DAG Run:example_complex
[2025-02-04T16:22:55.672+0000] {logging_mixin.py:190} INFO - [2025-02-04T16:22:55.672+0000] {override.py:1912} INFO - Created Permission View: can create on DAG Run:example_complex
[2025-02-04T16:22:55.673+0000] {logging_mixin.py:190} INFO - [2025-02-04T16:22:55.673+0000] {dag.py:3239} INFO - Sync 1 DAGs
[2025-02-04T16:22:55.688+0000] {logging_mixin.py:190} INFO - [2025-02-04T16:22:55.687+0000] {dag.py:3262} INFO - Creating ORM DAG for example_complex
[2025-02-04T16:22:55.689+0000] {logging_mixin.py:190} INFO - [2025-02-04T16:22:55.689+0000] {dag.py:4180} INFO - Setting next_dagrun for example_complex to None, run_after=None
[2025-02-04T16:22:55.716+0000] {processor.py:208} INFO - Processing /home/airflow/.local/lib/python3.9/site-packages/airflow/example_dags/example_complex.py took 1.021 seconds
[2025-02-04T16:23:33.721+0000] {processor.py:186} INFO - Started process (PID=183) to work on /home/airflow/.local/lib/python3.9/site-packages/airflow/example_dags/example_complex.py
[2025-02-04T16:23:33.723+0000] {processor.py:914} INFO - Processing file /home/airflow/.local/lib/python3.9/site-packages/airflow/example_dags/example_complex.py for tasks to queue
[2025-02-04T16:23:33.725+0000] {logging_mixin.py:190} INFO - [2025-02-04T16:23:33.725+0000] {dagbag.py:588} INFO - Filling up the DagBag from /home/airflow/.local/lib/python3.9/site-packages/airflow/example_dags/example_complex.py
[2025-02-04T16:23:33.738+0000] {processor.py:925} INFO - DAG(s) 'example_complex' retrieved from /home/airflow/.local/lib/python3.9/site-packages/airflow/example_dags/example_complex.py
[2025-02-04T16:23:33.771+0000] {logging_mixin.py:190} INFO - [2025-02-04T16:23:33.771+0000] {dag.py:3239} INFO - Sync 1 DAGs
[2025-02-04T16:23:33.786+0000] {logging_mixin.py:190} INFO - [2025-02-04T16:23:33.785+0000] {dag.py:4180} INFO - Setting next_dagrun for example_complex to None, run_after=None
[2025-02-04T16:23:33.812+0000] {processor.py:208} INFO - Processing /home/airflow/.local/lib/python3.9/site-packages/airflow/example_dags/example_complex.py took 0.097 seconds
[2025-02-04T16:24:04.257+0000] {processor.py:186} INFO - Started process (PID=245) to work on /home/airflow/.local/lib/python3.9/site-packages/airflow/example_dags/example_complex.py
[2025-02-04T16:24:04.259+0000] {processor.py:914} INFO - Processing file /home/airflow/.local/lib/python3.9/site-packages/airflow/example_dags/example_complex.py for tasks to queue
[2025-02-04T16:24:04.261+0000] {logging_mixin.py:190} INFO - [2025-02-04T16:24:04.261+0000] {dagbag.py:588} INFO - Filling up the DagBag from /home/airflow/.local/lib/python3.9/site-packages/airflow/example_dags/example_complex.py
[2025-02-04T16:24:04.275+0000] {processor.py:925} INFO - DAG(s) 'example_complex' retrieved from /home/airflow/.local/lib/python3.9/site-packages/airflow/example_dags/example_complex.py
[2025-02-04T16:24:04.309+0000] {logging_mixin.py:190} INFO - [2025-02-04T16:24:04.309+0000] {dag.py:3239} INFO - Sync 1 DAGs
[2025-02-04T16:24:04.323+0000] {logging_mixin.py:190} INFO - [2025-02-04T16:24:04.322+0000] {dag.py:4180} INFO - Setting next_dagrun for example_complex to None, run_after=None
[2025-02-04T16:24:04.349+0000] {processor.py:208} INFO - Processing /home/airflow/.local/lib/python3.9/site-packages/airflow/example_dags/example_complex.py took 0.098 seconds
[2025-02-04T16:24:34.985+0000] {processor.py:186} INFO - Started process (PID=309) to work on /home/airflow/.local/lib/python3.9/site-packages/airflow/example_dags/example_complex.py
[2025-02-04T16:24:34.987+0000] {processor.py:914} INFO - Processing file /home/airflow/.local/lib/python3.9/site-packages/airflow/example_dags/example_complex.py for tasks to queue
[2025-02-04T16:24:34.990+0000] {logging_mixin.py:190} INFO - [2025-02-04T16:24:34.989+0000] {dagbag.py:588} INFO - Filling up the DagBag from /home/airflow/.local/lib/python3.9/site-packages/airflow/example_dags/example_complex.py
[2025-02-04T16:24:35.004+0000] {processor.py:925} INFO - DAG(s) 'example_complex' retrieved from /home/airflow/.local/lib/python3.9/site-packages/airflow/example_dags/example_complex.py
[2025-02-04T16:24:35.039+0000] {logging_mixin.py:190} INFO - [2025-02-04T16:24:35.039+0000] {dag.py:3239} INFO - Sync 1 DAGs
[2025-02-04T16:24:35.052+0000] {logging_mixin.py:190} INFO - [2025-02-04T16:24:35.052+0000] {dag.py:4180} INFO - Setting next_dagrun for example_complex to None, run_after=None
[2025-02-04T16:24:35.077+0000] {processor.py:208} INFO - Processing /home/airflow/.local/lib/python3.9/site-packages/airflow/example_dags/example_complex.py took 0.098 seconds
[2025-02-04T16:25:05.830+0000] {processor.py:186} INFO - Started process (PID=373) to work on /home/airflow/.local/lib/python3.9/site-packages/airflow/example_dags/example_complex.py
[2025-02-04T16:25:05.831+0000] {processor.py:914} INFO - Processing file /home/airflow/.local/lib/python3.9/site-packages/airflow/example_dags/example_complex.py for tasks to queue
[2025-02-04T16:25:05.834+0000] {logging_mixin.py:190} INFO - [2025-02-04T16:25:05.834+0000] {dagbag.py:588} INFO - Filling up the DagBag from /home/airflow/.local/lib/python3.9/site-packages/airflow/example_dags/example_complex.py
[2025-02-04T16:25:05.849+0000] {processor.py:925} INFO - DAG(s) 'example_complex' retrieved from /home/airflow/.local/lib/python3.9/site-packages/airflow/example_dags/example_complex.py
[2025-02-04T16:25:05.888+0000] {logging_mixin.py:190} INFO - [2025-02-04T16:25:05.888+0000] {dag.py:3239} INFO - Sync 1 DAGs
[2025-02-04T16:25:05.905+0000] {logging_mixin.py:190} INFO - [2025-02-04T16:25:05.904+0000] {dag.py:4180} INFO - Setting next_dagrun for example_complex to None, run_after=None
[2025-02-04T16:25:05.934+0000] {processor.py:208} INFO - Processing /home/airflow/.local/lib/python3.9/site-packages/airflow/example_dags/example_complex.py took 0.111 seconds
[2025-02-04T16:25:36.244+0000] {processor.py:186} INFO - Started process (PID=437) to work on /home/airflow/.local/lib/python3.9/site-packages/airflow/example_dags/example_complex.py
[2025-02-04T16:25:36.245+0000] {processor.py:914} INFO - Processing file /home/airflow/.local/lib/python3.9/site-packages/airflow/example_dags/example_complex.py for tasks to queue
[2025-02-04T16:25:36.248+0000] {logging_mixin.py:190} INFO - [2025-02-04T16:25:36.248+0000] {dagbag.py:588} INFO - Filling up the DagBag from /home/airflow/.local/lib/python3.9/site-packages/airflow/example_dags/example_complex.py
[2025-02-04T16:25:36.263+0000] {processor.py:925} INFO - DAG(s) 'example_complex' retrieved from /home/airflow/.local/lib/python3.9/site-packages/airflow/example_dags/example_complex.py
[2025-02-04T16:25:36.300+0000] {logging_mixin.py:190} INFO - [2025-02-04T16:25:36.299+0000] {dag.py:3239} INFO - Sync 1 DAGs
[2025-02-04T16:25:36.315+0000] {logging_mixin.py:190} INFO - [2025-02-04T16:25:36.314+0000] {dag.py:4180} INFO - Setting next_dagrun for example_complex to None, run_after=None
[2025-02-04T16:25:36.342+0000] {processor.py:208} INFO - Processing /home/airflow/.local/lib/python3.9/site-packages/airflow/example_dags/example_complex.py took 0.105 seconds
[2025-02-04T16:26:06.571+0000] {processor.py:186} INFO - Started process (PID=508) to work on /home/airflow/.local/lib/python3.9/site-packages/airflow/example_dags/example_complex.py
[2025-02-04T16:26:06.573+0000] {processor.py:914} INFO - Processing file /home/airflow/.local/lib/python3.9/site-packages/airflow/example_dags/example_complex.py for tasks to queue
[2025-02-04T16:26:06.576+0000] {logging_mixin.py:190} INFO - [2025-02-04T16:26:06.576+0000] {dagbag.py:588} INFO - Filling up the DagBag from /home/airflow/.local/lib/python3.9/site-packages/airflow/example_dags/example_complex.py
[2025-02-04T16:26:06.590+0000] {processor.py:925} INFO - DAG(s) 'example_complex' retrieved from /home/airflow/.local/lib/python3.9/site-packages/airflow/example_dags/example_complex.py
[2025-02-04T16:26:06.625+0000] {logging_mixin.py:190} INFO - [2025-02-04T16:26:06.625+0000] {dag.py:3239} INFO - Sync 1 DAGs
[2025-02-04T16:26:06.641+0000] {logging_mixin.py:190} INFO - [2025-02-04T16:26:06.640+0000] {dag.py:4180} INFO - Setting next_dagrun for example_complex to None, run_after=None
[2025-02-04T16:26:06.667+0000] {processor.py:208} INFO - Processing /home/airflow/.local/lib/python3.9/site-packages/airflow/example_dags/example_complex.py took 0.104 seconds
[2025-02-04T16:26:37.669+0000] {processor.py:186} INFO - Started process (PID=572) to work on /home/airflow/.local/lib/python3.9/site-packages/airflow/example_dags/example_complex.py
[2025-02-04T16:26:37.670+0000] {processor.py:914} INFO - Processing file /home/airflow/.local/lib/python3.9/site-packages/airflow/example_dags/example_complex.py for tasks to queue
[2025-02-04T16:26:37.674+0000] {logging_mixin.py:190} INFO - [2025-02-04T16:26:37.674+0000] {dagbag.py:588} INFO - Filling up the DagBag from /home/airflow/.local/lib/python3.9/site-packages/airflow/example_dags/example_complex.py
[2025-02-04T16:26:37.689+0000] {processor.py:925} INFO - DAG(s) 'example_complex' retrieved from /home/airflow/.local/lib/python3.9/site-packages/airflow/example_dags/example_complex.py
[2025-02-04T16:26:37.728+0000] {logging_mixin.py:190} INFO - [2025-02-04T16:26:37.727+0000] {dag.py:3239} INFO - Sync 1 DAGs
[2025-02-04T16:26:37.745+0000] {logging_mixin.py:190} INFO - [2025-02-04T16:26:37.745+0000] {dag.py:4180} INFO - Setting next_dagrun for example_complex to None, run_after=None
[2025-02-04T16:26:37.770+0000] {processor.py:208} INFO - Processing /home/airflow/.local/lib/python3.9/site-packages/airflow/example_dags/example_complex.py took 0.109 seconds
[2025-02-04T16:27:08.140+0000] {processor.py:186} INFO - Started process (PID=636) to work on /home/airflow/.local/lib/python3.9/site-packages/airflow/example_dags/example_complex.py
[2025-02-04T16:27:08.141+0000] {processor.py:914} INFO - Processing file /home/airflow/.local/lib/python3.9/site-packages/airflow/example_dags/example_complex.py for tasks to queue
[2025-02-04T16:27:08.144+0000] {logging_mixin.py:190} INFO - [2025-02-04T16:27:08.143+0000] {dagbag.py:588} INFO - Filling up the DagBag from /home/airflow/.local/lib/python3.9/site-packages/airflow/example_dags/example_complex.py
[2025-02-04T16:27:08.158+0000] {processor.py:925} INFO - DAG(s) 'example_complex' retrieved from /home/airflow/.local/lib/python3.9/site-packages/airflow/example_dags/example_complex.py
[2025-02-04T16:27:06.881+0000] {logging_mixin.py:190} INFO - [2025-02-04T16:27:06.881+0000] {dag.py:3239} INFO - Sync 1 DAGs
[2025-02-04T16:27:06.898+0000] {logging_mixin.py:190} INFO - [2025-02-04T16:27:06.898+0000] {dag.py:4180} INFO - Setting next_dagrun for example_complex to None, run_after=None
[2025-02-04T16:27:06.924+0000] {processor.py:208} INFO - Processing /home/airflow/.local/lib/python3.9/site-packages/airflow/example_dags/example_complex.py took 0.105 seconds
[2025-02-04T16:27:38.271+0000] {processor.py:186} INFO - Started process (PID=695) to work on /home/airflow/.local/lib/python3.9/site-packages/airflow/example_dags/example_complex.py
[2025-02-04T16:27:38.272+0000] {processor.py:914} INFO - Processing file /home/airflow/.local/lib/python3.9/site-packages/airflow/example_dags/example_complex.py for tasks to queue
[2025-02-04T16:27:38.275+0000] {logging_mixin.py:190} INFO - [2025-02-04T16:27:38.274+0000] {dagbag.py:588} INFO - Filling up the DagBag from /home/airflow/.local/lib/python3.9/site-packages/airflow/example_dags/example_complex.py
[2025-02-04T16:27:38.287+0000] {processor.py:925} INFO - DAG(s) 'example_complex' retrieved from /home/airflow/.local/lib/python3.9/site-packages/airflow/example_dags/example_complex.py
[2025-02-04T16:27:38.322+0000] {logging_mixin.py:190} INFO - [2025-02-04T16:27:38.321+0000] {dag.py:3239} INFO - Sync 1 DAGs
[2025-02-04T16:27:38.335+0000] {logging_mixin.py:190} INFO - [2025-02-04T16:27:38.335+0000] {dag.py:4180} INFO - Setting next_dagrun for example_complex to None, run_after=None
[2025-02-04T16:27:38.361+0000] {processor.py:208} INFO - Processing /home/airflow/.local/lib/python3.9/site-packages/airflow/example_dags/example_complex.py took 0.097 seconds
[2025-02-04T16:28:09.641+0000] {processor.py:186} INFO - Started process (PID=760) to work on /home/airflow/.local/lib/python3.9/site-packages/airflow/example_dags/example_complex.py
[2025-02-04T16:28:09.642+0000] {processor.py:914} INFO - Processing file /home/airflow/.local/lib/python3.9/site-packages/airflow/example_dags/example_complex.py for tasks to queue
[2025-02-04T16:28:09.646+0000] {logging_mixin.py:190} INFO - [2025-02-04T16:28:09.645+0000] {dagbag.py:588} INFO - Filling up the DagBag from /home/airflow/.local/lib/python3.9/site-packages/airflow/example_dags/example_complex.py
[2025-02-04T16:28:09.660+0000] {processor.py:925} INFO - DAG(s) 'example_complex' retrieved from /home/airflow/.local/lib/python3.9/site-packages/airflow/example_dags/example_complex.py
[2025-02-04T16:28:09.695+0000] {logging_mixin.py:190} INFO - [2025-02-04T16:28:09.694+0000] {dag.py:3239} INFO - Sync 1 DAGs
[2025-02-04T16:28:09.709+0000] {logging_mixin.py:190} INFO - [2025-02-04T16:28:09.708+0000] {dag.py:4180} INFO - Setting next_dagrun for example_complex to None, run_after=None
[2025-02-04T16:28:09.735+0000] {processor.py:208} INFO - Processing /home/airflow/.local/lib/python3.9/site-packages/airflow/example_dags/example_complex.py took 0.101 seconds
[2025-02-04T16:28:39.842+0000] {processor.py:186} INFO - Started process (PID=823) to work on /home/airflow/.local/lib/python3.9/site-packages/airflow/example_dags/example_complex.py
[2025-02-04T16:28:39.843+0000] {processor.py:914} INFO - Processing file /home/airflow/.local/lib/python3.9/site-packages/airflow/example_dags/example_complex.py for tasks to queue
[2025-02-04T16:28:39.846+0000] {logging_mixin.py:190} INFO - [2025-02-04T16:28:39.845+0000] {dagbag.py:588} INFO - Filling up the DagBag from /home/airflow/.local/lib/python3.9/site-packages/airflow/example_dags/example_complex.py
[2025-02-04T16:28:39.860+0000] {processor.py:925} INFO - DAG(s) 'example_complex' retrieved from /home/airflow/.local/lib/python3.9/site-packages/airflow/example_dags/example_complex.py
[2025-02-04T16:28:39.903+0000] {logging_mixin.py:190} INFO - [2025-02-04T16:28:39.902+0000] {dag.py:3239} INFO - Sync 1 DAGs
[2025-02-04T16:28:39.923+0000] {logging_mixin.py:190} INFO - [2025-02-04T16:28:39.922+0000] {dag.py:4180} INFO - Setting next_dagrun for example_complex to None, run_after=None
[2025-02-04T16:28:39.951+0000] {processor.py:208} INFO - Processing /home/airflow/.local/lib/python3.9/site-packages/airflow/example_dags/example_complex.py took 0.117 seconds
[2025-02-04T16:29:10.294+0000] {processor.py:186} INFO - Started process (PID=887) to work on /home/airflow/.local/lib/python3.9/site-packages/airflow/example_dags/example_complex.py
[2025-02-04T16:29:10.296+0000] {processor.py:914} INFO - Processing file /home/airflow/.local/lib/python3.9/site-packages/airflow/example_dags/example_complex.py for tasks to queue
[2025-02-04T16:29:10.298+0000] {logging_mixin.py:190} INFO - [2025-02-04T16:29:10.298+0000] {dagbag.py:588} INFO - Filling up the DagBag from /home/airflow/.local/lib/python3.9/site-packages/airflow/example_dags/example_complex.py
[2025-02-04T16:29:10.313+0000] {processor.py:925} INFO - DAG(s) 'example_complex' retrieved from /home/airflow/.local/lib/python3.9/site-packages/airflow/example_dags/example_complex.py
[2025-02-04T16:29:10.352+0000] {logging_mixin.py:190} INFO - [2025-02-04T16:29:10.352+0000] {dag.py:3239} INFO - Sync 1 DAGs
[2025-02-04T16:29:10.368+0000] {logging_mixin.py:190} INFO - [2025-02-04T16:29:10.367+0000] {dag.py:4180} INFO - Setting next_dagrun for example_complex to None, run_after=None
[2025-02-04T16:29:10.397+0000] {processor.py:208} INFO - Processing /home/airflow/.local/lib/python3.9/site-packages/airflow/example_dags/example_complex.py took 0.109 seconds
[2025-02-04T16:29:40.877+0000] {processor.py:186} INFO - Started process (PID=952) to work on /home/airflow/.local/lib/python3.9/site-packages/airflow/example_dags/example_complex.py
[2025-02-04T16:29:40.879+0000] {processor.py:914} INFO - Processing file /home/airflow/.local/lib/python3.9/site-packages/airflow/example_dags/example_complex.py for tasks to queue
[2025-02-04T16:29:40.882+0000] {logging_mixin.py:190} INFO - [2025-02-04T16:29:40.881+0000] {dagbag.py:588} INFO - Filling up the DagBag from /home/airflow/.local/lib/python3.9/site-packages/airflow/example_dags/example_complex.py
[2025-02-04T16:29:40.898+0000] {processor.py:925} INFO - DAG(s) 'example_complex' retrieved from /home/airflow/.local/lib/python3.9/site-packages/airflow/example_dags/example_complex.py
[2025-02-04T16:29:40.937+0000] {logging_mixin.py:190} INFO - [2025-02-04T16:29:40.936+0000] {dag.py:3239} INFO - Sync 1 DAGs
[2025-02-04T16:29:40.956+0000] {logging_mixin.py:190} INFO - [2025-02-04T16:29:40.955+0000] {dag.py:4180} INFO - Setting next_dagrun for example_complex to None, run_after=None
[2025-02-04T16:29:40.989+0000] {processor.py:208} INFO - Processing /home/airflow/.local/lib/python3.9/site-packages/airflow/example_dags/example_complex.py took 0.119 seconds
[2025-02-04T16:30:11.167+0000] {processor.py:186} INFO - Started process (PID=1017) to work on /home/airflow/.local/lib/python3.9/site-packages/airflow/example_dags/example_complex.py
[2025-02-04T16:30:11.168+0000] {processor.py:914} INFO - Processing file /home/airflow/.local/lib/python3.9/site-packages/airflow/example_dags/example_complex.py for tasks to queue
[2025-02-04T16:30:11.172+0000] {logging_mixin.py:190} INFO - [2025-02-04T16:30:11.171+0000] {dagbag.py:588} INFO - Filling up the DagBag from /home/airflow/.local/lib/python3.9/site-packages/airflow/example_dags/example_complex.py
[2025-02-04T16:30:11.187+0000] {processor.py:925} INFO - DAG(s) 'example_complex' retrieved from /home/airflow/.local/lib/python3.9/site-packages/airflow/example_dags/example_complex.py
[2025-02-04T16:30:11.226+0000] {logging_mixin.py:190} INFO - [2025-02-04T16:30:11.226+0000] {dag.py:3239} INFO - Sync 1 DAGs
[2025-02-04T16:30:11.241+0000] {logging_mixin.py:190} INFO - [2025-02-04T16:30:11.241+0000] {dag.py:4180} INFO - Setting next_dagrun for example_complex to None, run_after=None
[2025-02-04T16:30:11.269+0000] {processor.py:208} INFO - Processing /home/airflow/.local/lib/python3.9/site-packages/airflow/example_dags/example_complex.py took 0.110 seconds
[2025-02-04T16:30:42.103+0000] {processor.py:186} INFO - Started process (PID=1084) to work on /home/airflow/.local/lib/python3.9/site-packages/airflow/example_dags/example_complex.py
[2025-02-04T16:30:42.104+0000] {processor.py:914} INFO - Processing file /home/airflow/.local/lib/python3.9/site-packages/airflow/example_dags/example_complex.py for tasks to queue
[2025-02-04T16:30:42.107+0000] {logging_mixin.py:190} INFO - [2025-02-04T16:30:42.107+0000] {dagbag.py:588} INFO - Filling up the DagBag from /home/airflow/.local/lib/python3.9/site-packages/airflow/example_dags/example_complex.py
[2025-02-04T16:30:42.121+0000] {processor.py:925} INFO - DAG(s) 'example_complex' retrieved from /home/airflow/.local/lib/python3.9/site-packages/airflow/example_dags/example_complex.py
[2025-02-04T16:30:42.160+0000] {logging_mixin.py:190} INFO - [2025-02-04T16:30:42.160+0000] {dag.py:3239} INFO - Sync 1 DAGs
[2025-02-04T16:30:42.177+0000] {logging_mixin.py:190} INFO - [2025-02-04T16:30:42.177+0000] {dag.py:4180} INFO - Setting next_dagrun for example_complex to None, run_after=None
[2025-02-04T16:30:42.205+0000] {processor.py:208} INFO - Processing /home/airflow/.local/lib/python3.9/site-packages/airflow/example_dags/example_complex.py took 0.109 seconds
[2025-02-04T16:31:13.014+0000] {processor.py:186} INFO - Started process (PID=1149) to work on /home/airflow/.local/lib/python3.9/site-packages/airflow/example_dags/example_complex.py
[2025-02-04T16:31:13.016+0000] {processor.py:914} INFO - Processing file /home/airflow/.local/lib/python3.9/site-packages/airflow/example_dags/example_complex.py for tasks to queue
[2025-02-04T16:31:13.019+0000] {logging_mixin.py:190} INFO - [2025-02-04T16:31:13.019+0000] {dagbag.py:588} INFO - Filling up the DagBag from /home/airflow/.local/lib/python3.9/site-packages/airflow/example_dags/example_complex.py
[2025-02-04T16:31:13.038+0000] {processor.py:925} INFO - DAG(s) 'example_complex' retrieved from /home/airflow/.local/lib/python3.9/site-packages/airflow/example_dags/example_complex.py
[2025-02-04T16:31:13.080+0000] {logging_mixin.py:190} INFO - [2025-02-04T16:31:13.080+0000] {dag.py:3239} INFO - Sync 1 DAGs
[2025-02-04T16:31:13.098+0000] {logging_mixin.py:190} INFO - [2025-02-04T16:31:13.097+0000] {dag.py:4180} INFO - Setting next_dagrun for example_complex to None, run_after=None
[2025-02-04T16:31:13.131+0000] {processor.py:208} INFO - Processing /home/airflow/.local/lib/python3.9/site-packages/airflow/example_dags/example_complex.py took 0.126 seconds
[2025-02-04T16:31:43.860+0000] {processor.py:186} INFO - Started process (PID=1218) to work on /home/airflow/.local/lib/python3.9/site-packages/airflow/example_dags/example_complex.py
[2025-02-04T16:31:43.861+0000] {processor.py:914} INFO - Processing file /home/airflow/.local/lib/python3.9/site-packages/airflow/example_dags/example_complex.py for tasks to queue
[2025-02-04T16:31:43.864+0000] {logging_mixin.py:190} INFO - [2025-02-04T16:31:43.863+0000] {dagbag.py:588} INFO - Filling up the DagBag from /home/airflow/.local/lib/python3.9/site-packages/airflow/example_dags/example_complex.py
[2025-02-04T16:31:43.879+0000] {processor.py:925} INFO - DAG(s) 'example_complex' retrieved from /home/airflow/.local/lib/python3.9/site-packages/airflow/example_dags/example_complex.py
[2025-02-04T16:31:43.914+0000] {logging_mixin.py:190} INFO - [2025-02-04T16:31:43.914+0000] {dag.py:3239} INFO - Sync 1 DAGs
[2025-02-04T16:31:43.930+0000] {logging_mixin.py:190} INFO - [2025-02-04T16:31:43.930+0000] {dag.py:4180} INFO - Setting next_dagrun for example_complex to None, run_after=None
[2025-02-04T16:31:43.960+0000] {processor.py:208} INFO - Processing /home/airflow/.local/lib/python3.9/site-packages/airflow/example_dags/example_complex.py took 0.108 seconds
[2025-02-04T16:32:14.109+0000] {processor.py:186} INFO - Started process (PID=1282) to work on /home/airflow/.local/lib/python3.9/site-packages/airflow/example_dags/example_complex.py
[2025-02-04T16:32:14.110+0000] {processor.py:914} INFO - Processing file /home/airflow/.local/lib/python3.9/site-packages/airflow/example_dags/example_complex.py for tasks to queue
[2025-02-04T16:32:14.113+0000] {logging_mixin.py:190} INFO - [2025-02-04T16:32:14.113+0000] {dagbag.py:588} INFO - Filling up the DagBag from /home/airflow/.local/lib/python3.9/site-packages/airflow/example_dags/example_complex.py
[2025-02-04T16:32:14.128+0000] {processor.py:925} INFO - DAG(s) 'example_complex' retrieved from /home/airflow/.local/lib/python3.9/site-packages/airflow/example_dags/example_complex.py
[2025-02-04T16:32:14.170+0000] {logging_mixin.py:190} INFO - [2025-02-04T16:32:14.169+0000] {dag.py:3239} INFO - Sync 1 DAGs
[2025-02-04T16:32:14.187+0000] {logging_mixin.py:190} INFO - [2025-02-04T16:32:14.187+0000] {dag.py:4180} INFO - Setting next_dagrun for example_complex to None, run_after=None
[2025-02-04T16:32:14.215+0000] {processor.py:208} INFO - Processing /home/airflow/.local/lib/python3.9/site-packages/airflow/example_dags/example_complex.py took 0.115 seconds
[2025-02-04T16:32:44.452+0000] {processor.py:186} INFO - Started process (PID=1346) to work on /home/airflow/.local/lib/python3.9/site-packages/airflow/example_dags/example_complex.py
[2025-02-04T16:32:44.454+0000] {processor.py:914} INFO - Processing file /home/airflow/.local/lib/python3.9/site-packages/airflow/example_dags/example_complex.py for tasks to queue
[2025-02-04T16:32:44.456+0000] {logging_mixin.py:190} INFO - [2025-02-04T16:32:44.456+0000] {dagbag.py:588} INFO - Filling up the DagBag from /home/airflow/.local/lib/python3.9/site-packages/airflow/example_dags/example_complex.py
[2025-02-04T16:32:44.474+0000] {processor.py:925} INFO - DAG(s) 'example_complex' retrieved from /home/airflow/.local/lib/python3.9/site-packages/airflow/example_dags/example_complex.py
[2025-02-04T16:32:44.513+0000] {logging_mixin.py:190} INFO - [2025-02-04T16:32:44.513+0000] {dag.py:3239} INFO - Sync 1 DAGs
[2025-02-04T16:32:44.536+0000] {logging_mixin.py:190} INFO - [2025-02-04T16:32:44.535+0000] {dag.py:4180} INFO - Setting next_dagrun for example_complex to None, run_after=None
[2025-02-04T16:32:44.563+0000] {processor.py:208} INFO - Processing /home/airflow/.local/lib/python3.9/site-packages/airflow/example_dags/example_complex.py took 0.120 seconds
[2025-02-04T16:33:15.422+0000] {processor.py:186} INFO - Started process (PID=1412) to work on /home/airflow/.local/lib/python3.9/site-packages/airflow/example_dags/example_complex.py
[2025-02-04T16:33:15.424+0000] {processor.py:914} INFO - Processing file /home/airflow/.local/lib/python3.9/site-packages/airflow/example_dags/example_complex.py for tasks to queue
[2025-02-04T16:33:15.427+0000] {logging_mixin.py:190} INFO - [2025-02-04T16:33:15.427+0000] {dagbag.py:588} INFO - Filling up the DagBag from /home/airflow/.local/lib/python3.9/site-packages/airflow/example_dags/example_complex.py
[2025-02-04T16:33:15.442+0000] {processor.py:925} INFO - DAG(s) 'example_complex' retrieved from /home/airflow/.local/lib/python3.9/site-packages/airflow/example_dags/example_complex.py
[2025-02-04T16:33:15.477+0000] {logging_mixin.py:190} INFO - [2025-02-04T16:33:15.476+0000] {dag.py:3239} INFO - Sync 1 DAGs
[2025-02-04T16:33:15.491+0000] {logging_mixin.py:190} INFO - [2025-02-04T16:33:15.491+0000] {dag.py:4180} INFO - Setting next_dagrun for example_complex to None, run_after=None
[2025-02-04T16:33:15.520+0000] {processor.py:208} INFO - Processing /home/airflow/.local/lib/python3.9/site-packages/airflow/example_dags/example_complex.py took 0.105 seconds
[2025-02-04T16:33:46.254+0000] {processor.py:186} INFO - Started process (PID=1477) to work on /home/airflow/.local/lib/python3.9/site-packages/airflow/example_dags/example_complex.py
[2025-02-04T16:33:46.256+0000] {processor.py:914} INFO - Processing file /home/airflow/.local/lib/python3.9/site-packages/airflow/example_dags/example_complex.py for tasks to queue
[2025-02-04T16:33:46.258+0000] {logging_mixin.py:190} INFO - [2025-02-04T16:33:46.258+0000] {dagbag.py:588} INFO - Filling up the DagBag from /home/airflow/.local/lib/python3.9/site-packages/airflow/example_dags/example_complex.py
[2025-02-04T16:33:46.272+0000] {processor.py:925} INFO - DAG(s) 'example_complex' retrieved from /home/airflow/.local/lib/python3.9/site-packages/airflow/example_dags/example_complex.py
[2025-02-04T16:33:46.308+0000] {logging_mixin.py:190} INFO - [2025-02-04T16:33:46.308+0000] {dag.py:3239} INFO - Sync 1 DAGs
[2025-02-04T16:33:46.325+0000] {logging_mixin.py:190} INFO - [2025-02-04T16:33:46.325+0000] {dag.py:4180} INFO - Setting next_dagrun for example_complex to None, run_after=None
[2025-02-04T16:33:46.353+0000] {processor.py:208} INFO - Processing /home/airflow/.local/lib/python3.9/site-packages/airflow/example_dags/example_complex.py took 0.106 seconds
[2025-02-04T16:34:17.211+0000] {processor.py:186} INFO - Started process (PID=1541) to work on /home/airflow/.local/lib/python3.9/site-packages/airflow/example_dags/example_complex.py
[2025-02-04T16:34:17.213+0000] {processor.py:914} INFO - Processing file /home/airflow/.local/lib/python3.9/site-packages/airflow/example_dags/example_complex.py for tasks to queue
[2025-02-04T16:34:17.215+0000] {logging_mixin.py:190} INFO - [2025-02-04T16:34:17.215+0000] {dagbag.py:588} INFO - Filling up the DagBag from /home/airflow/.local/lib/python3.9/site-packages/airflow/example_dags/example_complex.py
[2025-02-04T16:34:17.229+0000] {processor.py:925} INFO - DAG(s) 'example_complex' retrieved from /home/airflow/.local/lib/python3.9/site-packages/airflow/example_dags/example_complex.py
[2025-02-04T16:34:17.262+0000] {logging_mixin.py:190} INFO - [2025-02-04T16:34:17.262+0000] {dag.py:3239} INFO - Sync 1 DAGs
[2025-02-04T16:34:17.275+0000] {logging_mixin.py:190} INFO - [2025-02-04T16:34:17.275+0000] {dag.py:4180} INFO - Setting next_dagrun for example_complex to None, run_after=None
[2025-02-04T16:34:17.300+0000] {processor.py:208} INFO - Processing /home/airflow/.local/lib/python3.9/site-packages/airflow/example_dags/example_complex.py took 0.095 seconds
[2025-02-04T16:34:49.501+0000] {processor.py:186} INFO - Started process (PID=1605) to work on /home/airflow/.local/lib/python3.9/site-packages/airflow/example_dags/example_complex.py
[2025-02-04T16:34:49.502+0000] {processor.py:914} INFO - Processing file /home/airflow/.local/lib/python3.9/site-packages/airflow/example_dags/example_complex.py for tasks to queue
[2025-02-04T16:34:49.505+0000] {logging_mixin.py:190} INFO - [2025-02-04T16:34:49.504+0000] {dagbag.py:588} INFO - Filling up the DagBag from /home/airflow/.local/lib/python3.9/site-packages/airflow/example_dags/example_complex.py
[2025-02-04T16:34:49.518+0000] {processor.py:925} INFO - DAG(s) 'example_complex' retrieved from /home/airflow/.local/lib/python3.9/site-packages/airflow/example_dags/example_complex.py
[2025-02-04T16:34:49.551+0000] {logging_mixin.py:190} INFO - [2025-02-04T16:34:49.550+0000] {dag.py:3239} INFO - Sync 1 DAGs
[2025-02-04T16:34:49.565+0000] {logging_mixin.py:190} INFO - [2025-02-04T16:34:49.564+0000] {dag.py:4180} INFO - Setting next_dagrun for example_complex to None, run_after=None
[2025-02-04T16:34:49.597+0000] {processor.py:208} INFO - Processing /home/airflow/.local/lib/python3.9/site-packages/airflow/example_dags/example_complex.py took 0.102 seconds
[2025-02-04T16:35:19.661+0000] {processor.py:186} INFO - Started process (PID=1669) to work on /home/airflow/.local/lib/python3.9/site-packages/airflow/example_dags/example_complex.py
[2025-02-04T16:35:19.662+0000] {processor.py:914} INFO - Processing file /home/airflow/.local/lib/python3.9/site-packages/airflow/example_dags/example_complex.py for tasks to queue
[2025-02-04T16:35:19.665+0000] {logging_mixin.py:190} INFO - [2025-02-04T16:35:19.665+0000] {dagbag.py:588} INFO - Filling up the DagBag from /home/airflow/.local/lib/python3.9/site-packages/airflow/example_dags/example_complex.py
[2025-02-04T16:35:19.682+0000] {processor.py:925} INFO - DAG(s) 'example_complex' retrieved from /home/airflow/.local/lib/python3.9/site-packages/airflow/example_dags/example_complex.py
[2025-02-04T16:35:19.726+0000] {logging_mixin.py:190} INFO - [2025-02-04T16:35:19.726+0000] {dag.py:3239} INFO - Sync 1 DAGs
[2025-02-04T16:35:19.741+0000] {logging_mixin.py:190} INFO - [2025-02-04T16:35:19.740+0000] {dag.py:4180} INFO - Setting next_dagrun for example_complex to None, run_after=None
[2025-02-04T16:35:19.766+0000] {processor.py:208} INFO - Processing /home/airflow/.local/lib/python3.9/site-packages/airflow/example_dags/example_complex.py took 0.112 seconds
[2025-02-04T16:35:50.658+0000] {processor.py:186} INFO - Started process (PID=1732) to work on /home/airflow/.local/lib/python3.9/site-packages/airflow/example_dags/example_complex.py
[2025-02-04T16:35:50.659+0000] {processor.py:914} INFO - Processing file /home/airflow/.local/lib/python3.9/site-packages/airflow/example_dags/example_complex.py for tasks to queue
[2025-02-04T16:35:50.662+0000] {logging_mixin.py:190} INFO - [2025-02-04T16:35:50.661+0000] {dagbag.py:588} INFO - Filling up the DagBag from /home/airflow/.local/lib/python3.9/site-packages/airflow/example_dags/example_complex.py
[2025-02-04T16:35:50.675+0000] {processor.py:925} INFO - DAG(s) 'example_complex' retrieved from /home/airflow/.local/lib/python3.9/site-packages/airflow/example_dags/example_complex.py
[2025-02-04T16:35:50.714+0000] {logging_mixin.py:190} INFO - [2025-02-04T16:35:50.714+0000] {dag.py:3239} INFO - Sync 1 DAGs
[2025-02-04T16:35:50.728+0000] {logging_mixin.py:190} INFO - [2025-02-04T16:35:50.728+0000] {dag.py:4180} INFO - Setting next_dagrun for example_complex to None, run_after=None
[2025-02-04T16:35:50.760+0000] {processor.py:208} INFO - Processing /home/airflow/.local/lib/python3.9/site-packages/airflow/example_dags/example_complex.py took 0.109 seconds
[2025-02-04T16:36:20.977+0000] {processor.py:186} INFO - Started process (PID=1797) to work on /home/airflow/.local/lib/python3.9/site-packages/airflow/example_dags/example_complex.py
[2025-02-04T16:36:20.978+0000] {processor.py:914} INFO - Processing file /home/airflow/.local/lib/python3.9/site-packages/airflow/example_dags/example_complex.py for tasks to queue
[2025-02-04T16:36:20.981+0000] {logging_mixin.py:190} INFO - [2025-02-04T16:36:20.981+0000] {dagbag.py:588} INFO - Filling up the DagBag from /home/airflow/.local/lib/python3.9/site-packages/airflow/example_dags/example_complex.py
[2025-02-04T16:36:20.996+0000] {processor.py:925} INFO - DAG(s) 'example_complex' retrieved from /home/airflow/.local/lib/python3.9/site-packages/airflow/example_dags/example_complex.py
[2025-02-04T16:36:21.028+0000] {logging_mixin.py:190} INFO - [2025-02-04T16:36:21.028+0000] {dag.py:3239} INFO - Sync 1 DAGs
[2025-02-04T16:36:21.042+0000] {logging_mixin.py:190} INFO - [2025-02-04T16:36:21.042+0000] {dag.py:4180} INFO - Setting next_dagrun for example_complex to None, run_after=None
[2025-02-04T16:36:21.071+0000] {processor.py:208} INFO - Processing /home/airflow/.local/lib/python3.9/site-packages/airflow/example_dags/example_complex.py took 0.101 seconds
[2025-02-04T16:36:52.408+0000] {processor.py:186} INFO - Started process (PID=1861) to work on /home/airflow/.local/lib/python3.9/site-packages/airflow/example_dags/example_complex.py
[2025-02-04T16:36:52.409+0000] {processor.py:914} INFO - Processing file /home/airflow/.local/lib/python3.9/site-packages/airflow/example_dags/example_complex.py for tasks to queue
[2025-02-04T16:36:52.412+0000] {logging_mixin.py:190} INFO - [2025-02-04T16:36:52.412+0000] {dagbag.py:588} INFO - Filling up the DagBag from /home/airflow/.local/lib/python3.9/site-packages/airflow/example_dags/example_complex.py
[2025-02-04T16:36:52.426+0000] {processor.py:925} INFO - DAG(s) 'example_complex' retrieved from /home/airflow/.local/lib/python3.9/site-packages/airflow/example_dags/example_complex.py
[2025-02-04T16:36:52.458+0000] {logging_mixin.py:190} INFO - [2025-02-04T16:36:52.458+0000] {dag.py:3239} INFO - Sync 1 DAGs
[2025-02-04T16:36:52.472+0000] {logging_mixin.py:190} INFO - [2025-02-04T16:36:52.471+0000] {dag.py:4180} INFO - Setting next_dagrun for example_complex to None, run_after=None
[2025-02-04T16:36:52.498+0000] {processor.py:208} INFO - Processing /home/airflow/.local/lib/python3.9/site-packages/airflow/example_dags/example_complex.py took 0.098 seconds
[2025-02-04T16:39:25.877+0000] {processor.py:186} INFO - Started process (PID=1914) to work on /home/airflow/.local/lib/python3.9/site-packages/airflow/example_dags/example_complex.py
[2025-02-04T16:39:25.878+0000] {processor.py:914} INFO - Processing file /home/airflow/.local/lib/python3.9/site-packages/airflow/example_dags/example_complex.py for tasks to queue
[2025-02-04T16:39:25.880+0000] {logging_mixin.py:190} INFO - [2025-02-04T16:39:25.880+0000] {dagbag.py:588} INFO - Filling up the DagBag from /home/airflow/.local/lib/python3.9/site-packages/airflow/example_dags/example_complex.py
[2025-02-04T16:39:25.896+0000] {processor.py:925} INFO - DAG(s) 'example_complex' retrieved from /home/airflow/.local/lib/python3.9/site-packages/airflow/example_dags/example_complex.py
[2025-02-04T16:39:25.934+0000] {logging_mixin.py:190} INFO - [2025-02-04T16:39:25.933+0000] {dag.py:3239} INFO - Sync 1 DAGs
[2025-02-04T16:39:25.951+0000] {logging_mixin.py:190} INFO - [2025-02-04T16:39:25.950+0000] {dag.py:4180} INFO - Setting next_dagrun for example_complex to None, run_after=None
[2025-02-04T16:39:25.975+0000] {processor.py:208} INFO - Processing /home/airflow/.local/lib/python3.9/site-packages/airflow/example_dags/example_complex.py took 0.106 seconds
[2025-02-04T16:39:56.786+0000] {processor.py:186} INFO - Started process (PID=1978) to work on /home/airflow/.local/lib/python3.9/site-packages/airflow/example_dags/example_complex.py
[2025-02-04T16:39:56.787+0000] {processor.py:914} INFO - Processing file /home/airflow/.local/lib/python3.9/site-packages/airflow/example_dags/example_complex.py for tasks to queue
[2025-02-04T16:39:56.789+0000] {logging_mixin.py:190} INFO - [2025-02-04T16:39:56.788+0000] {dagbag.py:588} INFO - Filling up the DagBag from /home/airflow/.local/lib/python3.9/site-packages/airflow/example_dags/example_complex.py
[2025-02-04T16:39:56.800+0000] {processor.py:925} INFO - DAG(s) 'example_complex' retrieved from /home/airflow/.local/lib/python3.9/site-packages/airflow/example_dags/example_complex.py
[2025-02-04T16:39:56.832+0000] {logging_mixin.py:190} INFO - [2025-02-04T16:39:56.832+0000] {dag.py:3239} INFO - Sync 1 DAGs
[2025-02-04T16:39:56.845+0000] {logging_mixin.py:190} INFO - [2025-02-04T16:39:56.845+0000] {dag.py:4180} INFO - Setting next_dagrun for example_complex to None, run_after=None
[2025-02-04T16:39:56.868+0000] {processor.py:208} INFO - Processing /home/airflow/.local/lib/python3.9/site-packages/airflow/example_dags/example_complex.py took 0.088 seconds
[2025-02-04T16:40:27.911+0000] {processor.py:186} INFO - Started process (PID=2042) to work on /home/airflow/.local/lib/python3.9/site-packages/airflow/example_dags/example_complex.py
[2025-02-04T16:40:27.913+0000] {processor.py:914} INFO - Processing file /home/airflow/.local/lib/python3.9/site-packages/airflow/example_dags/example_complex.py for tasks to queue
[2025-02-04T16:40:27.914+0000] {logging_mixin.py:190} INFO - [2025-02-04T16:40:27.914+0000] {dagbag.py:588} INFO - Filling up the DagBag from /home/airflow/.local/lib/python3.9/site-packages/airflow/example_dags/example_complex.py
[2025-02-04T16:40:27.930+0000] {processor.py:925} INFO - DAG(s) 'example_complex' retrieved from /home/airflow/.local/lib/python3.9/site-packages/airflow/example_dags/example_complex.py
[2025-02-04T16:40:27.966+0000] {logging_mixin.py:190} INFO - [2025-02-04T16:40:27.966+0000] {dag.py:3239} INFO - Sync 1 DAGs
[2025-02-04T16:40:27.982+0000] {logging_mixin.py:190} INFO - [2025-02-04T16:40:27.981+0000] {dag.py:4180} INFO - Setting next_dagrun for example_complex to None, run_after=None
[2025-02-04T16:40:28.006+0000] {processor.py:208} INFO - Processing /home/airflow/.local/lib/python3.9/site-packages/airflow/example_dags/example_complex.py took 0.100 seconds
[2025-02-04T16:40:58.679+0000] {processor.py:186} INFO - Started process (PID=2106) to work on /home/airflow/.local/lib/python3.9/site-packages/airflow/example_dags/example_complex.py
[2025-02-04T16:40:58.680+0000] {processor.py:914} INFO - Processing file /home/airflow/.local/lib/python3.9/site-packages/airflow/example_dags/example_complex.py for tasks to queue
[2025-02-04T16:40:58.681+0000] {logging_mixin.py:190} INFO - [2025-02-04T16:40:58.681+0000] {dagbag.py:588} INFO - Filling up the DagBag from /home/airflow/.local/lib/python3.9/site-packages/airflow/example_dags/example_complex.py
[2025-02-04T16:40:58.698+0000] {processor.py:925} INFO - DAG(s) 'example_complex' retrieved from /home/airflow/.local/lib/python3.9/site-packages/airflow/example_dags/example_complex.py
[2025-02-04T16:40:58.732+0000] {logging_mixin.py:190} INFO - [2025-02-04T16:40:58.732+0000] {dag.py:3239} INFO - Sync 1 DAGs
[2025-02-04T16:40:58.749+0000] {logging_mixin.py:190} INFO - [2025-02-04T16:40:58.749+0000] {dag.py:4180} INFO - Setting next_dagrun for example_complex to None, run_after=None
[2025-02-04T16:40:58.773+0000] {processor.py:208} INFO - Processing /home/airflow/.local/lib/python3.9/site-packages/airflow/example_dags/example_complex.py took 0.101 seconds
[2025-02-04T16:41:29.856+0000] {processor.py:186} INFO - Started process (PID=2170) to work on /home/airflow/.local/lib/python3.9/site-packages/airflow/example_dags/example_complex.py
[2025-02-04T16:41:29.858+0000] {processor.py:914} INFO - Processing file /home/airflow/.local/lib/python3.9/site-packages/airflow/example_dags/example_complex.py for tasks to queue
[2025-02-04T16:41:29.860+0000] {logging_mixin.py:190} INFO - [2025-02-04T16:41:29.859+0000] {dagbag.py:588} INFO - Filling up the DagBag from /home/airflow/.local/lib/python3.9/site-packages/airflow/example_dags/example_complex.py
[2025-02-04T16:41:29.872+0000] {processor.py:925} INFO - DAG(s) 'example_complex' retrieved from /home/airflow/.local/lib/python3.9/site-packages/airflow/example_dags/example_complex.py
[2025-02-04T16:41:29.913+0000] {logging_mixin.py:190} INFO - [2025-02-04T16:41:29.912+0000] {dag.py:3239} INFO - Sync 1 DAGs
[2025-02-04T16:41:29.929+0000] {logging_mixin.py:190} INFO - [2025-02-04T16:41:29.929+0000] {dag.py:4180} INFO - Setting next_dagrun for example_complex to None, run_after=None
[2025-02-04T16:41:29.957+0000] {processor.py:208} INFO - Processing /home/airflow/.local/lib/python3.9/site-packages/airflow/example_dags/example_complex.py took 0.109 seconds
[2025-02-04T16:42:00.083+0000] {processor.py:186} INFO - Started process (PID=2235) to work on /home/airflow/.local/lib/python3.9/site-packages/airflow/example_dags/example_complex.py
[2025-02-04T16:42:00.085+0000] {processor.py:914} INFO - Processing file /home/airflow/.local/lib/python3.9/site-packages/airflow/example_dags/example_complex.py for tasks to queue
[2025-02-04T16:42:00.086+0000] {logging_mixin.py:190} INFO - [2025-02-04T16:42:00.086+0000] {dagbag.py:588} INFO - Filling up the DagBag from /home/airflow/.local/lib/python3.9/site-packages/airflow/example_dags/example_complex.py
[2025-02-04T16:42:00.100+0000] {processor.py:925} INFO - DAG(s) 'example_complex' retrieved from /home/airflow/.local/lib/python3.9/site-packages/airflow/example_dags/example_complex.py
[2025-02-04T16:42:00.134+0000] {logging_mixin.py:190} INFO - [2025-02-04T16:42:00.134+0000] {dag.py:3239} INFO - Sync 1 DAGs
[2025-02-04T16:42:00.149+0000] {logging_mixin.py:190} INFO - [2025-02-04T16:42:00.149+0000] {dag.py:4180} INFO - Setting next_dagrun for example_complex to None, run_after=None
[2025-02-04T16:42:00.174+0000] {processor.py:208} INFO - Processing /home/airflow/.local/lib/python3.9/site-packages/airflow/example_dags/example_complex.py took 0.098 seconds
[2025-02-04T16:42:30.650+0000] {processor.py:186} INFO - Started process (PID=2298) to work on /home/airflow/.local/lib/python3.9/site-packages/airflow/example_dags/example_complex.py
[2025-02-04T16:42:30.652+0000] {processor.py:914} INFO - Processing file /home/airflow/.local/lib/python3.9/site-packages/airflow/example_dags/example_complex.py for tasks to queue
[2025-02-04T16:42:30.654+0000] {logging_mixin.py:190} INFO - [2025-02-04T16:42:30.654+0000] {dagbag.py:588} INFO - Filling up the DagBag from /home/airflow/.local/lib/python3.9/site-packages/airflow/example_dags/example_complex.py
[2025-02-04T16:42:30.669+0000] {processor.py:925} INFO - DAG(s) 'example_complex' retrieved from /home/airflow/.local/lib/python3.9/site-packages/airflow/example_dags/example_complex.py
[2025-02-04T16:42:30.708+0000] {logging_mixin.py:190} INFO - [2025-02-04T16:42:30.708+0000] {dag.py:3239} INFO - Sync 1 DAGs
[2025-02-04T16:42:30.725+0000] {logging_mixin.py:190} INFO - [2025-02-04T16:42:30.725+0000] {dag.py:4180} INFO - Setting next_dagrun for example_complex to None, run_after=None
[2025-02-04T16:42:30.755+0000] {processor.py:208} INFO - Processing /home/airflow/.local/lib/python3.9/site-packages/airflow/example_dags/example_complex.py took 0.111 seconds
[2025-02-04T16:43:00.955+0000] {processor.py:186} INFO - Started process (PID=2364) to work on /home/airflow/.local/lib/python3.9/site-packages/airflow/example_dags/example_complex.py
[2025-02-04T16:43:00.957+0000] {processor.py:914} INFO - Processing file /home/airflow/.local/lib/python3.9/site-packages/airflow/example_dags/example_complex.py for tasks to queue
[2025-02-04T16:43:00.959+0000] {logging_mixin.py:190} INFO - [2025-02-04T16:43:00.958+0000] {dagbag.py:588} INFO - Filling up the DagBag from /home/airflow/.local/lib/python3.9/site-packages/airflow/example_dags/example_complex.py
[2025-02-04T16:43:00.972+0000] {processor.py:925} INFO - DAG(s) 'example_complex' retrieved from /home/airflow/.local/lib/python3.9/site-packages/airflow/example_dags/example_complex.py
[2025-02-04T16:43:01.007+0000] {logging_mixin.py:190} INFO - [2025-02-04T16:43:01.007+0000] {dag.py:3239} INFO - Sync 1 DAGs
[2025-02-04T16:43:01.023+0000] {logging_mixin.py:190} INFO - [2025-02-04T16:43:01.022+0000] {dag.py:4180} INFO - Setting next_dagrun for example_complex to None, run_after=None
[2025-02-04T16:43:01.047+0000] {processor.py:208} INFO - Processing /home/airflow/.local/lib/python3.9/site-packages/airflow/example_dags/example_complex.py took 0.098 seconds
[2025-02-04T16:43:31.613+0000] {processor.py:186} INFO - Started process (PID=2428) to work on /home/airflow/.local/lib/python3.9/site-packages/airflow/example_dags/example_complex.py
[2025-02-04T16:43:31.614+0000] {processor.py:914} INFO - Processing file /home/airflow/.local/lib/python3.9/site-packages/airflow/example_dags/example_complex.py for tasks to queue
[2025-02-04T16:43:31.615+0000] {logging_mixin.py:190} INFO - [2025-02-04T16:43:31.615+0000] {dagbag.py:588} INFO - Filling up the DagBag from /home/airflow/.local/lib/python3.9/site-packages/airflow/example_dags/example_complex.py
[2025-02-04T16:43:31.630+0000] {processor.py:925} INFO - DAG(s) 'example_complex' retrieved from /home/airflow/.local/lib/python3.9/site-packages/airflow/example_dags/example_complex.py
[2025-02-04T16:43:31.664+0000] {logging_mixin.py:190} INFO - [2025-02-04T16:43:31.664+0000] {dag.py:3239} INFO - Sync 1 DAGs
[2025-02-04T16:43:31.679+0000] {logging_mixin.py:190} INFO - [2025-02-04T16:43:31.679+0000] {dag.py:4180} INFO - Setting next_dagrun for example_complex to None, run_after=None
[2025-02-04T16:43:31.709+0000] {processor.py:208} INFO - Processing /home/airflow/.local/lib/python3.9/site-packages/airflow/example_dags/example_complex.py took 0.103 seconds
[2025-02-04T16:44:02.426+0000] {processor.py:186} INFO - Started process (PID=2492) to work on /home/airflow/.local/lib/python3.9/site-packages/airflow/example_dags/example_complex.py
[2025-02-04T16:44:02.427+0000] {processor.py:914} INFO - Processing file /home/airflow/.local/lib/python3.9/site-packages/airflow/example_dags/example_complex.py for tasks to queue
[2025-02-04T16:44:02.429+0000] {logging_mixin.py:190} INFO - [2025-02-04T16:44:02.429+0000] {dagbag.py:588} INFO - Filling up the DagBag from /home/airflow/.local/lib/python3.9/site-packages/airflow/example_dags/example_complex.py
[2025-02-04T16:44:02.443+0000] {processor.py:925} INFO - DAG(s) 'example_complex' retrieved from /home/airflow/.local/lib/python3.9/site-packages/airflow/example_dags/example_complex.py
[2025-02-04T16:44:02.481+0000] {logging_mixin.py:190} INFO - [2025-02-04T16:44:02.480+0000] {dag.py:3239} INFO - Sync 1 DAGs
[2025-02-04T16:44:02.496+0000] {logging_mixin.py:190} INFO - [2025-02-04T16:44:02.495+0000] {dag.py:4180} INFO - Setting next_dagrun for example_complex to None, run_after=None
[2025-02-04T16:44:02.522+0000] {processor.py:208} INFO - Processing /home/airflow/.local/lib/python3.9/site-packages/airflow/example_dags/example_complex.py took 0.102 seconds
[2025-02-04T16:44:32.556+0000] {processor.py:186} INFO - Started process (PID=2556) to work on /home/airflow/.local/lib/python3.9/site-packages/airflow/example_dags/example_complex.py
[2025-02-04T16:44:32.558+0000] {processor.py:914} INFO - Processing file /home/airflow/.local/lib/python3.9/site-packages/airflow/example_dags/example_complex.py for tasks to queue
[2025-02-04T16:44:32.560+0000] {logging_mixin.py:190} INFO - [2025-02-04T16:44:32.559+0000] {dagbag.py:588} INFO - Filling up the DagBag from /home/airflow/.local/lib/python3.9/site-packages/airflow/example_dags/example_complex.py
[2025-02-04T16:44:32.576+0000] {processor.py:925} INFO - DAG(s) 'example_complex' retrieved from /home/airflow/.local/lib/python3.9/site-packages/airflow/example_dags/example_complex.py
[2025-02-04T16:44:32.614+0000] {logging_mixin.py:190} INFO - [2025-02-04T16:44:32.614+0000] {dag.py:3239} INFO - Sync 1 DAGs
[2025-02-04T16:44:32.632+0000] {logging_mixin.py:190} INFO - [2025-02-04T16:44:32.632+0000] {dag.py:4180} INFO - Setting next_dagrun for example_complex to None, run_after=None
[2025-02-04T16:44:32.657+0000] {processor.py:208} INFO - Processing /home/airflow/.local/lib/python3.9/site-packages/airflow/example_dags/example_complex.py took 0.108 seconds
[2025-02-04T16:45:03.132+0000] {processor.py:186} INFO - Started process (PID=2620) to work on /home/airflow/.local/lib/python3.9/site-packages/airflow/example_dags/example_complex.py
[2025-02-04T16:45:03.133+0000] {processor.py:914} INFO - Processing file /home/airflow/.local/lib/python3.9/site-packages/airflow/example_dags/example_complex.py for tasks to queue
[2025-02-04T16:45:03.135+0000] {logging_mixin.py:190} INFO - [2025-02-04T16:45:03.135+0000] {dagbag.py:588} INFO - Filling up the DagBag from /home/airflow/.local/lib/python3.9/site-packages/airflow/example_dags/example_complex.py
[2025-02-04T16:45:03.150+0000] {processor.py:925} INFO - DAG(s) 'example_complex' retrieved from /home/airflow/.local/lib/python3.9/site-packages/airflow/example_dags/example_complex.py
[2025-02-04T16:45:03.191+0000] {logging_mixin.py:190} INFO - [2025-02-04T16:45:03.191+0000] {dag.py:3239} INFO - Sync 1 DAGs
[2025-02-04T16:45:03.206+0000] {logging_mixin.py:190} INFO - [2025-02-04T16:45:03.206+0000] {dag.py:4180} INFO - Setting next_dagrun for example_complex to None, run_after=None
[2025-02-04T16:45:03.233+0000] {processor.py:208} INFO - Processing /home/airflow/.local/lib/python3.9/site-packages/airflow/example_dags/example_complex.py took 0.107 seconds
[2025-02-04T16:45:33.600+0000] {processor.py:186} INFO - Started process (PID=2691) to work on /home/airflow/.local/lib/python3.9/site-packages/airflow/example_dags/example_complex.py
[2025-02-04T16:45:33.604+0000] {processor.py:914} INFO - Processing file /home/airflow/.local/lib/python3.9/site-packages/airflow/example_dags/example_complex.py for tasks to queue
[2025-02-04T16:45:33.608+0000] {logging_mixin.py:190} INFO - [2025-02-04T16:45:33.607+0000] {dagbag.py:588} INFO - Filling up the DagBag from /home/airflow/.local/lib/python3.9/site-packages/airflow/example_dags/example_complex.py
[2025-02-04T16:45:33.637+0000] {processor.py:925} INFO - DAG(s) 'example_complex' retrieved from /home/airflow/.local/lib/python3.9/site-packages/airflow/example_dags/example_complex.py
[2025-02-04T16:45:33.674+0000] {logging_mixin.py:190} INFO - [2025-02-04T16:45:33.674+0000] {dag.py:3239} INFO - Sync 1 DAGs
[2025-02-04T16:45:33.693+0000] {logging_mixin.py:190} INFO - [2025-02-04T16:45:33.692+0000] {dag.py:4180} INFO - Setting next_dagrun for example_complex to None, run_after=None
[2025-02-04T16:45:33.717+0000] {processor.py:208} INFO - Processing /home/airflow/.local/lib/python3.9/site-packages/airflow/example_dags/example_complex.py took 0.126 seconds
[2025-02-04T16:46:05.951+0000] {processor.py:186} INFO - Started process (PID=2753) to work on /home/airflow/.local/lib/python3.9/site-packages/airflow/example_dags/example_complex.py
[2025-02-04T16:46:05.954+0000] {processor.py:914} INFO - Processing file /home/airflow/.local/lib/python3.9/site-packages/airflow/example_dags/example_complex.py for tasks to queue
[2025-02-04T16:46:05.957+0000] {logging_mixin.py:190} INFO - [2025-02-04T16:46:05.956+0000] {dagbag.py:588} INFO - Filling up the DagBag from /home/airflow/.local/lib/python3.9/site-packages/airflow/example_dags/example_complex.py
[2025-02-04T16:46:05.973+0000] {processor.py:925} INFO - DAG(s) 'example_complex' retrieved from /home/airflow/.local/lib/python3.9/site-packages/airflow/example_dags/example_complex.py
[2025-02-04T16:46:06.022+0000] {logging_mixin.py:190} INFO - [2025-02-04T16:46:06.022+0000] {dag.py:3239} INFO - Sync 1 DAGs
[2025-02-04T16:46:06.040+0000] {logging_mixin.py:190} INFO - [2025-02-04T16:46:06.039+0000] {dag.py:4180} INFO - Setting next_dagrun for example_complex to None, run_after=None
[2025-02-04T16:46:06.071+0000] {processor.py:208} INFO - Processing /home/airflow/.local/lib/python3.9/site-packages/airflow/example_dags/example_complex.py took 0.130 seconds
[2025-02-04T16:46:36.079+0000] {processor.py:186} INFO - Started process (PID=2815) to work on /home/airflow/.local/lib/python3.9/site-packages/airflow/example_dags/example_complex.py
[2025-02-04T16:46:36.081+0000] {processor.py:914} INFO - Processing file /home/airflow/.local/lib/python3.9/site-packages/airflow/example_dags/example_complex.py for tasks to queue
[2025-02-04T16:46:36.082+0000] {logging_mixin.py:190} INFO - [2025-02-04T16:46:36.082+0000] {dagbag.py:588} INFO - Filling up the DagBag from /home/airflow/.local/lib/python3.9/site-packages/airflow/example_dags/example_complex.py
[2025-02-04T16:46:36.098+0000] {processor.py:925} INFO - DAG(s) 'example_complex' retrieved from /home/airflow/.local/lib/python3.9/site-packages/airflow/example_dags/example_complex.py
[2025-02-04T16:46:36.183+0000] {logging_mixin.py:190} INFO - [2025-02-04T16:46:36.183+0000] {dag.py:3239} INFO - Sync 1 DAGs
[2025-02-04T16:46:36.201+0000] {logging_mixin.py:190} INFO - [2025-02-04T16:46:36.201+0000] {dag.py:4180} INFO - Setting next_dagrun for example_complex to None, run_after=None
[2025-02-04T16:46:36.229+0000] {processor.py:208} INFO - Processing /home/airflow/.local/lib/python3.9/site-packages/airflow/example_dags/example_complex.py took 0.157 seconds
[2025-02-04T16:47:11.622+0000] {processor.py:186} INFO - Started process (PID=2884) to work on /home/airflow/.local/lib/python3.9/site-packages/airflow/example_dags/example_complex.py
[2025-02-04T16:47:11.623+0000] {processor.py:914} INFO - Processing file /home/airflow/.local/lib/python3.9/site-packages/airflow/example_dags/example_complex.py for tasks to queue
[2025-02-04T16:47:11.625+0000] {logging_mixin.py:190} INFO - [2025-02-04T16:47:11.624+0000] {dagbag.py:588} INFO - Filling up the DagBag from /home/airflow/.local/lib/python3.9/site-packages/airflow/example_dags/example_complex.py
[2025-02-04T16:47:11.642+0000] {processor.py:925} INFO - DAG(s) 'example_complex' retrieved from /home/airflow/.local/lib/python3.9/site-packages/airflow/example_dags/example_complex.py
[2025-02-04T16:47:11.681+0000] {logging_mixin.py:190} INFO - [2025-02-04T16:47:11.681+0000] {dag.py:3239} INFO - Sync 1 DAGs
[2025-02-04T16:47:11.702+0000] {logging_mixin.py:190} INFO - [2025-02-04T16:47:11.701+0000] {dag.py:4180} INFO - Setting next_dagrun for example_complex to None, run_after=None
[2025-02-04T16:47:11.731+0000] {processor.py:208} INFO - Processing /home/airflow/.local/lib/python3.9/site-packages/airflow/example_dags/example_complex.py took 0.117 seconds
[2025-02-04T16:47:52.089+0000] {processor.py:186} INFO - Started process (PID=2948) to work on /home/airflow/.local/lib/python3.9/site-packages/airflow/example_dags/example_complex.py
[2025-02-04T16:47:52.090+0000] {processor.py:914} INFO - Processing file /home/airflow/.local/lib/python3.9/site-packages/airflow/example_dags/example_complex.py for tasks to queue
[2025-02-04T16:47:52.092+0000] {logging_mixin.py:190} INFO - [2025-02-04T16:47:52.092+0000] {dagbag.py:588} INFO - Filling up the DagBag from /home/airflow/.local/lib/python3.9/site-packages/airflow/example_dags/example_complex.py
[2025-02-04T16:47:52.110+0000] {processor.py:925} INFO - DAG(s) 'example_complex' retrieved from /home/airflow/.local/lib/python3.9/site-packages/airflow/example_dags/example_complex.py
[2025-02-04T16:47:52.153+0000] {logging_mixin.py:190} INFO - [2025-02-04T16:47:52.152+0000] {dag.py:3239} INFO - Sync 1 DAGs
[2025-02-04T16:47:52.171+0000] {logging_mixin.py:190} INFO - [2025-02-04T16:47:52.171+0000] {dag.py:4180} INFO - Setting next_dagrun for example_complex to None, run_after=None
[2025-02-04T16:47:52.198+0000] {processor.py:208} INFO - Processing /home/airflow/.local/lib/python3.9/site-packages/airflow/example_dags/example_complex.py took 0.117 seconds
[2025-02-04T16:48:22.676+0000] {processor.py:186} INFO - Started process (PID=3013) to work on /home/airflow/.local/lib/python3.9/site-packages/airflow/example_dags/example_complex.py
[2025-02-04T16:48:22.678+0000] {processor.py:914} INFO - Processing file /home/airflow/.local/lib/python3.9/site-packages/airflow/example_dags/example_complex.py for tasks to queue
[2025-02-04T16:48:22.679+0000] {logging_mixin.py:190} INFO - [2025-02-04T16:48:22.679+0000] {dagbag.py:588} INFO - Filling up the DagBag from /home/airflow/.local/lib/python3.9/site-packages/airflow/example_dags/example_complex.py
[2025-02-04T16:48:22.692+0000] {processor.py:925} INFO - DAG(s) 'example_complex' retrieved from /home/airflow/.local/lib/python3.9/site-packages/airflow/example_dags/example_complex.py
[2025-02-04T16:48:22.726+0000] {logging_mixin.py:190} INFO - [2025-02-04T16:48:22.726+0000] {dag.py:3239} INFO - Sync 1 DAGs
[2025-02-04T16:48:22.742+0000] {logging_mixin.py:190} INFO - [2025-02-04T16:48:22.742+0000] {dag.py:4180} INFO - Setting next_dagrun for example_complex to None, run_after=None
[2025-02-04T16:48:22.770+0000] {processor.py:208} INFO - Processing /home/airflow/.local/lib/python3.9/site-packages/airflow/example_dags/example_complex.py took 0.101 seconds
[2025-02-04T16:48:52.833+0000] {processor.py:186} INFO - Started process (PID=3077) to work on /home/airflow/.local/lib/python3.9/site-packages/airflow/example_dags/example_complex.py
[2025-02-04T16:48:52.834+0000] {processor.py:914} INFO - Processing file /home/airflow/.local/lib/python3.9/site-packages/airflow/example_dags/example_complex.py for tasks to queue
[2025-02-04T16:48:52.836+0000] {logging_mixin.py:190} INFO - [2025-02-04T16:48:52.836+0000] {dagbag.py:588} INFO - Filling up the DagBag from /home/airflow/.local/lib/python3.9/site-packages/airflow/example_dags/example_complex.py
[2025-02-04T16:48:52.850+0000] {processor.py:925} INFO - DAG(s) 'example_complex' retrieved from /home/airflow/.local/lib/python3.9/site-packages/airflow/example_dags/example_complex.py
[2025-02-04T16:48:52.885+0000] {logging_mixin.py:190} INFO - [2025-02-04T16:48:52.885+0000] {dag.py:3239} INFO - Sync 1 DAGs
[2025-02-04T16:48:52.902+0000] {logging_mixin.py:190} INFO - [2025-02-04T16:48:52.902+0000] {dag.py:4180} INFO - Setting next_dagrun for example_complex to None, run_after=None
[2025-02-04T16:48:52.926+0000] {processor.py:208} INFO - Processing /home/airflow/.local/lib/python3.9/site-packages/airflow/example_dags/example_complex.py took 0.100 seconds
[2025-02-04T16:49:23.237+0000] {processor.py:186} INFO - Started process (PID=3148) to work on /home/airflow/.local/lib/python3.9/site-packages/airflow/example_dags/example_complex.py
[2025-02-04T16:49:23.238+0000] {processor.py:914} INFO - Processing file /home/airflow/.local/lib/python3.9/site-packages/airflow/example_dags/example_complex.py for tasks to queue
[2025-02-04T16:49:23.240+0000] {logging_mixin.py:190} INFO - [2025-02-04T16:49:23.239+0000] {dagbag.py:588} INFO - Filling up the DagBag from /home/airflow/.local/lib/python3.9/site-packages/airflow/example_dags/example_complex.py
[2025-02-04T16:49:23.252+0000] {processor.py:925} INFO - DAG(s) 'example_complex' retrieved from /home/airflow/.local/lib/python3.9/site-packages/airflow/example_dags/example_complex.py
[2025-02-04T16:49:23.292+0000] {logging_mixin.py:190} INFO - [2025-02-04T16:49:23.291+0000] {dag.py:3239} INFO - Sync 1 DAGs
[2025-02-04T16:49:23.313+0000] {logging_mixin.py:190} INFO - [2025-02-04T16:49:23.313+0000] {dag.py:4180} INFO - Setting next_dagrun for example_complex to None, run_after=None
[2025-02-04T16:49:23.343+0000] {processor.py:208} INFO - Processing /home/airflow/.local/lib/python3.9/site-packages/airflow/example_dags/example_complex.py took 0.113 seconds
[2025-02-04T16:49:53.427+0000] {processor.py:186} INFO - Started process (PID=3212) to work on /home/airflow/.local/lib/python3.9/site-packages/airflow/example_dags/example_complex.py
[2025-02-04T16:49:53.428+0000] {processor.py:914} INFO - Processing file /home/airflow/.local/lib/python3.9/site-packages/airflow/example_dags/example_complex.py for tasks to queue
[2025-02-04T16:49:53.430+0000] {logging_mixin.py:190} INFO - [2025-02-04T16:49:53.429+0000] {dagbag.py:588} INFO - Filling up the DagBag from /home/airflow/.local/lib/python3.9/site-packages/airflow/example_dags/example_complex.py
[2025-02-04T16:49:53.442+0000] {processor.py:925} INFO - DAG(s) 'example_complex' retrieved from /home/airflow/.local/lib/python3.9/site-packages/airflow/example_dags/example_complex.py
[2025-02-04T16:49:53.476+0000] {logging_mixin.py:190} INFO - [2025-02-04T16:49:53.475+0000] {dag.py:3239} INFO - Sync 1 DAGs
[2025-02-04T16:49:53.490+0000] {logging_mixin.py:190} INFO - [2025-02-04T16:49:53.490+0000] {dag.py:4180} INFO - Setting next_dagrun for example_complex to None, run_after=None
[2025-02-04T16:49:53.515+0000] {processor.py:208} INFO - Processing /home/airflow/.local/lib/python3.9/site-packages/airflow/example_dags/example_complex.py took 0.096 seconds
