[2025-02-04T16:22:48.150+0000] {processor.py:186} INFO - Started process (PID=111) to work on /home/airflow/.local/lib/python3.9/site-packages/airflow/example_dags/example_short_circuit_operator.py
[2025-02-04T16:22:48.151+0000] {processor.py:914} INFO - Processing file /home/airflow/.local/lib/python3.9/site-packages/airflow/example_dags/example_short_circuit_operator.py for tasks to queue
[2025-02-04T16:22:48.154+0000] {logging_mixin.py:190} INFO - [2025-02-04T16:22:48.154+0000] {dagbag.py:588} INFO - Filling up the DagBag from /home/airflow/.local/lib/python3.9/site-packages/airflow/example_dags/example_short_circuit_operator.py
[2025-02-04T16:22:48.249+0000] {processor.py:925} INFO - DAG(s) 'example_short_circuit_operator' retrieved from /home/airflow/.local/lib/python3.9/site-packages/airflow/example_dags/example_short_circuit_operator.py
[2025-02-04T16:22:48.359+0000] {logging_mixin.py:190} INFO - [2025-02-04T16:22:48.358+0000] {override.py:1912} INFO - Created Permission View: can delete on DAG:example_short_circuit_operator
[2025-02-04T16:22:48.376+0000] {logging_mixin.py:190} INFO - [2025-02-04T16:22:48.376+0000] {override.py:1912} INFO - Created Permission View: can edit on DAG:example_short_circuit_operator
[2025-02-04T16:22:48.391+0000] {logging_mixin.py:190} INFO - [2025-02-04T16:22:48.390+0000] {override.py:1912} INFO - Created Permission View: can read on DAG:example_short_circuit_operator
[2025-02-04T16:22:48.412+0000] {logging_mixin.py:190} INFO - [2025-02-04T16:22:48.412+0000] {override.py:1912} INFO - Created Permission View: can delete on DAG Run:example_short_circuit_operator
[2025-02-04T16:22:48.426+0000] {logging_mixin.py:190} INFO - [2025-02-04T16:22:48.426+0000] {override.py:1912} INFO - Created Permission View: menu access on DAG Run:example_short_circuit_operator
[2025-02-04T16:22:48.441+0000] {logging_mixin.py:190} INFO - [2025-02-04T16:22:48.441+0000] {override.py:1912} INFO - Created Permission View: can read on DAG Run:example_short_circuit_operator
[2025-02-04T16:22:48.456+0000] {logging_mixin.py:190} INFO - [2025-02-04T16:22:48.456+0000] {override.py:1912} INFO - Created Permission View: can create on DAG Run:example_short_circuit_operator
[2025-02-04T16:22:48.458+0000] {logging_mixin.py:190} INFO - [2025-02-04T16:22:48.457+0000] {dag.py:3239} INFO - Sync 1 DAGs
[2025-02-04T16:22:48.470+0000] {logging_mixin.py:190} INFO - [2025-02-04T16:22:48.470+0000] {dag.py:3262} INFO - Creating ORM DAG for example_short_circuit_operator
[2025-02-04T16:22:48.472+0000] {logging_mixin.py:190} INFO - [2025-02-04T16:22:48.471+0000] {dag.py:4180} INFO - Setting next_dagrun for example_short_circuit_operator to None, run_after=None
[2025-02-04T16:22:48.496+0000] {processor.py:208} INFO - Processing /home/airflow/.local/lib/python3.9/site-packages/airflow/example_dags/example_short_circuit_operator.py took 0.353 seconds
[2025-02-04T16:23:32.983+0000] {processor.py:186} INFO - Started process (PID=175) to work on /home/airflow/.local/lib/python3.9/site-packages/airflow/example_dags/example_short_circuit_operator.py
[2025-02-04T16:23:32.984+0000] {processor.py:914} INFO - Processing file /home/airflow/.local/lib/python3.9/site-packages/airflow/example_dags/example_short_circuit_operator.py for tasks to queue
[2025-02-04T16:23:32.987+0000] {logging_mixin.py:190} INFO - [2025-02-04T16:23:32.987+0000] {dagbag.py:588} INFO - Filling up the DagBag from /home/airflow/.local/lib/python3.9/site-packages/airflow/example_dags/example_short_circuit_operator.py
[2025-02-04T16:23:32.998+0000] {processor.py:925} INFO - DAG(s) 'example_short_circuit_operator' retrieved from /home/airflow/.local/lib/python3.9/site-packages/airflow/example_dags/example_short_circuit_operator.py
[2025-02-04T16:23:33.025+0000] {logging_mixin.py:190} INFO - [2025-02-04T16:23:33.025+0000] {dag.py:3239} INFO - Sync 1 DAGs
[2025-02-04T16:23:33.041+0000] {logging_mixin.py:190} INFO - [2025-02-04T16:23:33.040+0000] {dag.py:4180} INFO - Setting next_dagrun for example_short_circuit_operator to None, run_after=None
[2025-02-04T16:23:33.067+0000] {processor.py:208} INFO - Processing /home/airflow/.local/lib/python3.9/site-packages/airflow/example_dags/example_short_circuit_operator.py took 0.091 seconds
[2025-02-04T16:24:03.447+0000] {processor.py:186} INFO - Started process (PID=238) to work on /home/airflow/.local/lib/python3.9/site-packages/airflow/example_dags/example_short_circuit_operator.py
[2025-02-04T16:24:03.449+0000] {processor.py:914} INFO - Processing file /home/airflow/.local/lib/python3.9/site-packages/airflow/example_dags/example_short_circuit_operator.py for tasks to queue
[2025-02-04T16:24:03.452+0000] {logging_mixin.py:190} INFO - [2025-02-04T16:24:03.451+0000] {dagbag.py:588} INFO - Filling up the DagBag from /home/airflow/.local/lib/python3.9/site-packages/airflow/example_dags/example_short_circuit_operator.py
[2025-02-04T16:24:03.461+0000] {processor.py:925} INFO - DAG(s) 'example_short_circuit_operator' retrieved from /home/airflow/.local/lib/python3.9/site-packages/airflow/example_dags/example_short_circuit_operator.py
[2025-02-04T16:24:03.536+0000] {logging_mixin.py:190} INFO - [2025-02-04T16:24:03.535+0000] {dag.py:3239} INFO - Sync 1 DAGs
[2025-02-04T16:24:03.551+0000] {logging_mixin.py:190} INFO - [2025-02-04T16:24:03.550+0000] {dag.py:4180} INFO - Setting next_dagrun for example_short_circuit_operator to None, run_after=None
[2025-02-04T16:24:03.578+0000] {processor.py:208} INFO - Processing /home/airflow/.local/lib/python3.9/site-packages/airflow/example_dags/example_short_circuit_operator.py took 0.137 seconds
[2025-02-04T16:24:34.352+0000] {processor.py:186} INFO - Started process (PID=301) to work on /home/airflow/.local/lib/python3.9/site-packages/airflow/example_dags/example_short_circuit_operator.py
[2025-02-04T16:24:34.354+0000] {processor.py:914} INFO - Processing file /home/airflow/.local/lib/python3.9/site-packages/airflow/example_dags/example_short_circuit_operator.py for tasks to queue
[2025-02-04T16:24:34.357+0000] {logging_mixin.py:190} INFO - [2025-02-04T16:24:34.356+0000] {dagbag.py:588} INFO - Filling up the DagBag from /home/airflow/.local/lib/python3.9/site-packages/airflow/example_dags/example_short_circuit_operator.py
[2025-02-04T16:24:34.367+0000] {processor.py:925} INFO - DAG(s) 'example_short_circuit_operator' retrieved from /home/airflow/.local/lib/python3.9/site-packages/airflow/example_dags/example_short_circuit_operator.py
[2025-02-04T16:24:34.394+0000] {logging_mixin.py:190} INFO - [2025-02-04T16:24:34.394+0000] {dag.py:3239} INFO - Sync 1 DAGs
[2025-02-04T16:24:34.408+0000] {logging_mixin.py:190} INFO - [2025-02-04T16:24:34.407+0000] {dag.py:4180} INFO - Setting next_dagrun for example_short_circuit_operator to None, run_after=None
[2025-02-04T16:24:34.432+0000] {processor.py:208} INFO - Processing /home/airflow/.local/lib/python3.9/site-packages/airflow/example_dags/example_short_circuit_operator.py took 0.088 seconds
[2025-02-04T16:25:05.205+0000] {processor.py:186} INFO - Started process (PID=365) to work on /home/airflow/.local/lib/python3.9/site-packages/airflow/example_dags/example_short_circuit_operator.py
[2025-02-04T16:25:05.206+0000] {processor.py:914} INFO - Processing file /home/airflow/.local/lib/python3.9/site-packages/airflow/example_dags/example_short_circuit_operator.py for tasks to queue
[2025-02-04T16:25:05.209+0000] {logging_mixin.py:190} INFO - [2025-02-04T16:25:05.208+0000] {dagbag.py:588} INFO - Filling up the DagBag from /home/airflow/.local/lib/python3.9/site-packages/airflow/example_dags/example_short_circuit_operator.py
[2025-02-04T16:25:05.217+0000] {processor.py:925} INFO - DAG(s) 'example_short_circuit_operator' retrieved from /home/airflow/.local/lib/python3.9/site-packages/airflow/example_dags/example_short_circuit_operator.py
[2025-02-04T16:25:05.243+0000] {logging_mixin.py:190} INFO - [2025-02-04T16:25:05.243+0000] {dag.py:3239} INFO - Sync 1 DAGs
[2025-02-04T16:25:05.257+0000] {logging_mixin.py:190} INFO - [2025-02-04T16:25:05.257+0000] {dag.py:4180} INFO - Setting next_dagrun for example_short_circuit_operator to None, run_after=None
[2025-02-04T16:25:05.282+0000] {processor.py:208} INFO - Processing /home/airflow/.local/lib/python3.9/site-packages/airflow/example_dags/example_short_circuit_operator.py took 0.087 seconds
[2025-02-04T16:25:35.596+0000] {processor.py:186} INFO - Started process (PID=429) to work on /home/airflow/.local/lib/python3.9/site-packages/airflow/example_dags/example_short_circuit_operator.py
[2025-02-04T16:25:35.597+0000] {processor.py:914} INFO - Processing file /home/airflow/.local/lib/python3.9/site-packages/airflow/example_dags/example_short_circuit_operator.py for tasks to queue
[2025-02-04T16:25:35.600+0000] {logging_mixin.py:190} INFO - [2025-02-04T16:25:35.600+0000] {dagbag.py:588} INFO - Filling up the DagBag from /home/airflow/.local/lib/python3.9/site-packages/airflow/example_dags/example_short_circuit_operator.py
[2025-02-04T16:25:35.610+0000] {processor.py:925} INFO - DAG(s) 'example_short_circuit_operator' retrieved from /home/airflow/.local/lib/python3.9/site-packages/airflow/example_dags/example_short_circuit_operator.py
[2025-02-04T16:25:35.637+0000] {logging_mixin.py:190} INFO - [2025-02-04T16:25:35.637+0000] {dag.py:3239} INFO - Sync 1 DAGs
[2025-02-04T16:25:35.654+0000] {logging_mixin.py:190} INFO - [2025-02-04T16:25:35.653+0000] {dag.py:4180} INFO - Setting next_dagrun for example_short_circuit_operator to None, run_after=None
[2025-02-04T16:25:35.682+0000] {processor.py:208} INFO - Processing /home/airflow/.local/lib/python3.9/site-packages/airflow/example_dags/example_short_circuit_operator.py took 0.093 seconds
[2025-02-04T16:26:05.956+0000] {processor.py:186} INFO - Started process (PID=500) to work on /home/airflow/.local/lib/python3.9/site-packages/airflow/example_dags/example_short_circuit_operator.py
[2025-02-04T16:26:05.957+0000] {processor.py:914} INFO - Processing file /home/airflow/.local/lib/python3.9/site-packages/airflow/example_dags/example_short_circuit_operator.py for tasks to queue
[2025-02-04T16:26:05.960+0000] {logging_mixin.py:190} INFO - [2025-02-04T16:26:05.959+0000] {dagbag.py:588} INFO - Filling up the DagBag from /home/airflow/.local/lib/python3.9/site-packages/airflow/example_dags/example_short_circuit_operator.py
[2025-02-04T16:26:05.968+0000] {processor.py:925} INFO - DAG(s) 'example_short_circuit_operator' retrieved from /home/airflow/.local/lib/python3.9/site-packages/airflow/example_dags/example_short_circuit_operator.py
[2025-02-04T16:26:05.993+0000] {logging_mixin.py:190} INFO - [2025-02-04T16:26:05.993+0000] {dag.py:3239} INFO - Sync 1 DAGs
[2025-02-04T16:26:06.006+0000] {logging_mixin.py:190} INFO - [2025-02-04T16:26:06.006+0000] {dag.py:4180} INFO - Setting next_dagrun for example_short_circuit_operator to None, run_after=None
[2025-02-04T16:26:06.033+0000] {processor.py:208} INFO - Processing /home/airflow/.local/lib/python3.9/site-packages/airflow/example_dags/example_short_circuit_operator.py took 0.083 seconds
[2025-02-04T16:26:36.885+0000] {processor.py:186} INFO - Started process (PID=564) to work on /home/airflow/.local/lib/python3.9/site-packages/airflow/example_dags/example_short_circuit_operator.py
[2025-02-04T16:26:36.886+0000] {processor.py:914} INFO - Processing file /home/airflow/.local/lib/python3.9/site-packages/airflow/example_dags/example_short_circuit_operator.py for tasks to queue
[2025-02-04T16:26:36.889+0000] {logging_mixin.py:190} INFO - [2025-02-04T16:26:36.889+0000] {dagbag.py:588} INFO - Filling up the DagBag from /home/airflow/.local/lib/python3.9/site-packages/airflow/example_dags/example_short_circuit_operator.py
[2025-02-04T16:26:36.903+0000] {processor.py:925} INFO - DAG(s) 'example_short_circuit_operator' retrieved from /home/airflow/.local/lib/python3.9/site-packages/airflow/example_dags/example_short_circuit_operator.py
[2025-02-04T16:26:36.940+0000] {logging_mixin.py:190} INFO - [2025-02-04T16:26:36.939+0000] {dag.py:3239} INFO - Sync 1 DAGs
[2025-02-04T16:26:36.964+0000] {logging_mixin.py:190} INFO - [2025-02-04T16:26:36.964+0000] {dag.py:4180} INFO - Setting next_dagrun for example_short_circuit_operator to None, run_after=None
[2025-02-04T16:26:36.998+0000] {processor.py:208} INFO - Processing /home/airflow/.local/lib/python3.9/site-packages/airflow/example_dags/example_short_circuit_operator.py took 0.121 seconds
[2025-02-04T16:27:07.065+0000] {processor.py:186} INFO - Started process (PID=628) to work on /home/airflow/.local/lib/python3.9/site-packages/airflow/example_dags/example_short_circuit_operator.py
[2025-02-04T16:27:07.066+0000] {processor.py:914} INFO - Processing file /home/airflow/.local/lib/python3.9/site-packages/airflow/example_dags/example_short_circuit_operator.py for tasks to queue
[2025-02-04T16:27:07.069+0000] {logging_mixin.py:190} INFO - [2025-02-04T16:27:07.069+0000] {dagbag.py:588} INFO - Filling up the DagBag from /home/airflow/.local/lib/python3.9/site-packages/airflow/example_dags/example_short_circuit_operator.py
[2025-02-04T16:27:07.081+0000] {processor.py:925} INFO - DAG(s) 'example_short_circuit_operator' retrieved from /home/airflow/.local/lib/python3.9/site-packages/airflow/example_dags/example_short_circuit_operator.py
[2025-02-04T16:27:07.113+0000] {logging_mixin.py:190} INFO - [2025-02-04T16:27:07.112+0000] {dag.py:3239} INFO - Sync 1 DAGs
[2025-02-04T16:27:07.131+0000] {logging_mixin.py:190} INFO - [2025-02-04T16:27:07.130+0000] {dag.py:4180} INFO - Setting next_dagrun for example_short_circuit_operator to None, run_after=None
[2025-02-04T16:27:07.165+0000] {processor.py:208} INFO - Processing /home/airflow/.local/lib/python3.9/site-packages/airflow/example_dags/example_short_circuit_operator.py took 0.108 seconds
[2025-02-04T16:27:38.007+0000] {processor.py:186} INFO - Started process (PID=692) to work on /home/airflow/.local/lib/python3.9/site-packages/airflow/example_dags/example_short_circuit_operator.py
[2025-02-04T16:27:38.009+0000] {processor.py:914} INFO - Processing file /home/airflow/.local/lib/python3.9/site-packages/airflow/example_dags/example_short_circuit_operator.py for tasks to queue
[2025-02-04T16:27:38.012+0000] {logging_mixin.py:190} INFO - [2025-02-04T16:27:38.011+0000] {dagbag.py:588} INFO - Filling up the DagBag from /home/airflow/.local/lib/python3.9/site-packages/airflow/example_dags/example_short_circuit_operator.py
[2025-02-04T16:27:38.037+0000] {processor.py:925} INFO - DAG(s) 'example_short_circuit_operator' retrieved from /home/airflow/.local/lib/python3.9/site-packages/airflow/example_dags/example_short_circuit_operator.py
[2025-02-04T16:27:38.064+0000] {logging_mixin.py:190} INFO - [2025-02-04T16:27:38.064+0000] {dag.py:3239} INFO - Sync 1 DAGs
[2025-02-04T16:27:38.080+0000] {logging_mixin.py:190} INFO - [2025-02-04T16:27:38.079+0000] {dag.py:4180} INFO - Setting next_dagrun for example_short_circuit_operator to None, run_after=None
[2025-02-04T16:27:38.107+0000] {processor.py:208} INFO - Processing /home/airflow/.local/lib/python3.9/site-packages/airflow/example_dags/example_short_circuit_operator.py took 0.107 seconds
[2025-02-04T16:28:09.183+0000] {processor.py:186} INFO - Started process (PID=756) to work on /home/airflow/.local/lib/python3.9/site-packages/airflow/example_dags/example_short_circuit_operator.py
[2025-02-04T16:28:09.189+0000] {processor.py:914} INFO - Processing file /home/airflow/.local/lib/python3.9/site-packages/airflow/example_dags/example_short_circuit_operator.py for tasks to queue
[2025-02-04T16:28:09.193+0000] {logging_mixin.py:190} INFO - [2025-02-04T16:28:09.192+0000] {dagbag.py:588} INFO - Filling up the DagBag from /home/airflow/.local/lib/python3.9/site-packages/airflow/example_dags/example_short_circuit_operator.py
[2025-02-04T16:28:09.209+0000] {processor.py:925} INFO - DAG(s) 'example_short_circuit_operator' retrieved from /home/airflow/.local/lib/python3.9/site-packages/airflow/example_dags/example_short_circuit_operator.py
[2025-02-04T16:28:09.248+0000] {logging_mixin.py:190} INFO - [2025-02-04T16:28:09.247+0000] {dag.py:3239} INFO - Sync 1 DAGs
[2025-02-04T16:28:09.285+0000] {logging_mixin.py:190} INFO - [2025-02-04T16:28:09.285+0000] {dag.py:4180} INFO - Setting next_dagrun for example_short_circuit_operator to None, run_after=None
[2025-02-04T16:28:09.332+0000] {processor.py:208} INFO - Processing /home/airflow/.local/lib/python3.9/site-packages/airflow/example_dags/example_short_circuit_operator.py took 0.161 seconds
[2025-02-04T16:28:39.446+0000] {processor.py:186} INFO - Started process (PID=820) to work on /home/airflow/.local/lib/python3.9/site-packages/airflow/example_dags/example_short_circuit_operator.py
[2025-02-04T16:28:39.447+0000] {processor.py:914} INFO - Processing file /home/airflow/.local/lib/python3.9/site-packages/airflow/example_dags/example_short_circuit_operator.py for tasks to queue
[2025-02-04T16:28:39.449+0000] {logging_mixin.py:190} INFO - [2025-02-04T16:28:39.449+0000] {dagbag.py:588} INFO - Filling up the DagBag from /home/airflow/.local/lib/python3.9/site-packages/airflow/example_dags/example_short_circuit_operator.py
[2025-02-04T16:28:39.458+0000] {processor.py:925} INFO - DAG(s) 'example_short_circuit_operator' retrieved from /home/airflow/.local/lib/python3.9/site-packages/airflow/example_dags/example_short_circuit_operator.py
[2025-02-04T16:28:39.483+0000] {logging_mixin.py:190} INFO - [2025-02-04T16:28:39.483+0000] {dag.py:3239} INFO - Sync 1 DAGs
[2025-02-04T16:28:39.497+0000] {logging_mixin.py:190} INFO - [2025-02-04T16:28:39.497+0000] {dag.py:4180} INFO - Setting next_dagrun for example_short_circuit_operator to None, run_after=None
[2025-02-04T16:28:39.523+0000] {processor.py:208} INFO - Processing /home/airflow/.local/lib/python3.9/site-packages/airflow/example_dags/example_short_circuit_operator.py took 0.084 seconds
[2025-02-04T16:29:10.018+0000] {processor.py:186} INFO - Started process (PID=884) to work on /home/airflow/.local/lib/python3.9/site-packages/airflow/example_dags/example_short_circuit_operator.py
[2025-02-04T16:29:10.020+0000] {processor.py:914} INFO - Processing file /home/airflow/.local/lib/python3.9/site-packages/airflow/example_dags/example_short_circuit_operator.py for tasks to queue
[2025-02-04T16:29:10.023+0000] {logging_mixin.py:190} INFO - [2025-02-04T16:29:10.023+0000] {dagbag.py:588} INFO - Filling up the DagBag from /home/airflow/.local/lib/python3.9/site-packages/airflow/example_dags/example_short_circuit_operator.py
[2025-02-04T16:29:10.032+0000] {processor.py:925} INFO - DAG(s) 'example_short_circuit_operator' retrieved from /home/airflow/.local/lib/python3.9/site-packages/airflow/example_dags/example_short_circuit_operator.py
[2025-02-04T16:29:10.060+0000] {logging_mixin.py:190} INFO - [2025-02-04T16:29:10.059+0000] {dag.py:3239} INFO - Sync 1 DAGs
[2025-02-04T16:29:10.077+0000] {logging_mixin.py:190} INFO - [2025-02-04T16:29:10.076+0000] {dag.py:4180} INFO - Setting next_dagrun for example_short_circuit_operator to None, run_after=None
[2025-02-04T16:29:10.113+0000] {processor.py:208} INFO - Processing /home/airflow/.local/lib/python3.9/site-packages/airflow/example_dags/example_short_circuit_operator.py took 0.101 seconds
[2025-02-04T16:29:40.436+0000] {processor.py:186} INFO - Started process (PID=948) to work on /home/airflow/.local/lib/python3.9/site-packages/airflow/example_dags/example_short_circuit_operator.py
[2025-02-04T16:29:40.437+0000] {processor.py:914} INFO - Processing file /home/airflow/.local/lib/python3.9/site-packages/airflow/example_dags/example_short_circuit_operator.py for tasks to queue
[2025-02-04T16:29:40.441+0000] {logging_mixin.py:190} INFO - [2025-02-04T16:29:40.441+0000] {dagbag.py:588} INFO - Filling up the DagBag from /home/airflow/.local/lib/python3.9/site-packages/airflow/example_dags/example_short_circuit_operator.py
[2025-02-04T16:29:40.454+0000] {processor.py:925} INFO - DAG(s) 'example_short_circuit_operator' retrieved from /home/airflow/.local/lib/python3.9/site-packages/airflow/example_dags/example_short_circuit_operator.py
[2025-02-04T16:29:40.482+0000] {logging_mixin.py:190} INFO - [2025-02-04T16:29:40.482+0000] {dag.py:3239} INFO - Sync 1 DAGs
[2025-02-04T16:29:40.497+0000] {logging_mixin.py:190} INFO - [2025-02-04T16:29:40.497+0000] {dag.py:4180} INFO - Setting next_dagrun for example_short_circuit_operator to None, run_after=None
[2025-02-04T16:29:40.529+0000] {processor.py:208} INFO - Processing /home/airflow/.local/lib/python3.9/site-packages/airflow/example_dags/example_short_circuit_operator.py took 0.104 seconds
[2025-02-04T16:30:10.744+0000] {processor.py:186} INFO - Started process (PID=1012) to work on /home/airflow/.local/lib/python3.9/site-packages/airflow/example_dags/example_short_circuit_operator.py
[2025-02-04T16:30:10.745+0000] {processor.py:914} INFO - Processing file /home/airflow/.local/lib/python3.9/site-packages/airflow/example_dags/example_short_circuit_operator.py for tasks to queue
[2025-02-04T16:30:10.748+0000] {logging_mixin.py:190} INFO - [2025-02-04T16:30:10.748+0000] {dagbag.py:588} INFO - Filling up the DagBag from /home/airflow/.local/lib/python3.9/site-packages/airflow/example_dags/example_short_circuit_operator.py
[2025-02-04T16:30:10.761+0000] {processor.py:925} INFO - DAG(s) 'example_short_circuit_operator' retrieved from /home/airflow/.local/lib/python3.9/site-packages/airflow/example_dags/example_short_circuit_operator.py
[2025-02-04T16:30:10.788+0000] {logging_mixin.py:190} INFO - [2025-02-04T16:30:10.788+0000] {dag.py:3239} INFO - Sync 1 DAGs
[2025-02-04T16:30:10.809+0000] {logging_mixin.py:190} INFO - [2025-02-04T16:30:10.808+0000] {dag.py:4180} INFO - Setting next_dagrun for example_short_circuit_operator to None, run_after=None
[2025-02-04T16:30:10.837+0000] {processor.py:208} INFO - Processing /home/airflow/.local/lib/python3.9/site-packages/airflow/example_dags/example_short_circuit_operator.py took 0.099 seconds
[2025-02-04T16:30:41.401+0000] {processor.py:186} INFO - Started process (PID=1076) to work on /home/airflow/.local/lib/python3.9/site-packages/airflow/example_dags/example_short_circuit_operator.py
[2025-02-04T16:30:41.402+0000] {processor.py:914} INFO - Processing file /home/airflow/.local/lib/python3.9/site-packages/airflow/example_dags/example_short_circuit_operator.py for tasks to queue
[2025-02-04T16:30:41.404+0000] {logging_mixin.py:190} INFO - [2025-02-04T16:30:41.404+0000] {dagbag.py:588} INFO - Filling up the DagBag from /home/airflow/.local/lib/python3.9/site-packages/airflow/example_dags/example_short_circuit_operator.py
[2025-02-04T16:30:41.413+0000] {processor.py:925} INFO - DAG(s) 'example_short_circuit_operator' retrieved from /home/airflow/.local/lib/python3.9/site-packages/airflow/example_dags/example_short_circuit_operator.py
[2025-02-04T16:30:41.441+0000] {logging_mixin.py:190} INFO - [2025-02-04T16:30:41.440+0000] {dag.py:3239} INFO - Sync 1 DAGs
[2025-02-04T16:30:41.456+0000] {logging_mixin.py:190} INFO - [2025-02-04T16:30:41.455+0000] {dag.py:4180} INFO - Setting next_dagrun for example_short_circuit_operator to None, run_after=None
[2025-02-04T16:30:41.483+0000] {processor.py:208} INFO - Processing /home/airflow/.local/lib/python3.9/site-packages/airflow/example_dags/example_short_circuit_operator.py took 0.089 seconds
[2025-02-04T16:31:12.353+0000] {processor.py:186} INFO - Started process (PID=1140) to work on /home/airflow/.local/lib/python3.9/site-packages/airflow/example_dags/example_short_circuit_operator.py
[2025-02-04T16:31:12.354+0000] {processor.py:914} INFO - Processing file /home/airflow/.local/lib/python3.9/site-packages/airflow/example_dags/example_short_circuit_operator.py for tasks to queue
[2025-02-04T16:31:12.357+0000] {logging_mixin.py:190} INFO - [2025-02-04T16:31:12.356+0000] {dagbag.py:588} INFO - Filling up the DagBag from /home/airflow/.local/lib/python3.9/site-packages/airflow/example_dags/example_short_circuit_operator.py
[2025-02-04T16:31:12.369+0000] {processor.py:925} INFO - DAG(s) 'example_short_circuit_operator' retrieved from /home/airflow/.local/lib/python3.9/site-packages/airflow/example_dags/example_short_circuit_operator.py
[2025-02-04T16:31:12.398+0000] {logging_mixin.py:190} INFO - [2025-02-04T16:31:12.398+0000] {dag.py:3239} INFO - Sync 1 DAGs
[2025-02-04T16:31:12.416+0000] {logging_mixin.py:190} INFO - [2025-02-04T16:31:12.415+0000] {dag.py:4180} INFO - Setting next_dagrun for example_short_circuit_operator to None, run_after=None
[2025-02-04T16:31:12.444+0000] {processor.py:208} INFO - Processing /home/airflow/.local/lib/python3.9/site-packages/airflow/example_dags/example_short_circuit_operator.py took 0.098 seconds
[2025-02-04T16:31:43.369+0000] {processor.py:186} INFO - Started process (PID=1211) to work on /home/airflow/.local/lib/python3.9/site-packages/airflow/example_dags/example_short_circuit_operator.py
[2025-02-04T16:31:43.371+0000] {processor.py:914} INFO - Processing file /home/airflow/.local/lib/python3.9/site-packages/airflow/example_dags/example_short_circuit_operator.py for tasks to queue
[2025-02-04T16:31:43.374+0000] {logging_mixin.py:190} INFO - [2025-02-04T16:31:43.373+0000] {dagbag.py:588} INFO - Filling up the DagBag from /home/airflow/.local/lib/python3.9/site-packages/airflow/example_dags/example_short_circuit_operator.py
[2025-02-04T16:31:43.390+0000] {processor.py:925} INFO - DAG(s) 'example_short_circuit_operator' retrieved from /home/airflow/.local/lib/python3.9/site-packages/airflow/example_dags/example_short_circuit_operator.py
[2025-02-04T16:31:43.428+0000] {logging_mixin.py:190} INFO - [2025-02-04T16:31:43.427+0000] {dag.py:3239} INFO - Sync 1 DAGs
[2025-02-04T16:31:43.443+0000] {logging_mixin.py:190} INFO - [2025-02-04T16:31:43.443+0000] {dag.py:4180} INFO - Setting next_dagrun for example_short_circuit_operator to None, run_after=None
[2025-02-04T16:31:43.477+0000] {processor.py:208} INFO - Processing /home/airflow/.local/lib/python3.9/site-packages/airflow/example_dags/example_short_circuit_operator.py took 0.114 seconds
[2025-02-04T16:32:13.590+0000] {processor.py:186} INFO - Started process (PID=1275) to work on /home/airflow/.local/lib/python3.9/site-packages/airflow/example_dags/example_short_circuit_operator.py
[2025-02-04T16:32:13.593+0000] {processor.py:914} INFO - Processing file /home/airflow/.local/lib/python3.9/site-packages/airflow/example_dags/example_short_circuit_operator.py for tasks to queue
[2025-02-04T16:32:13.597+0000] {logging_mixin.py:190} INFO - [2025-02-04T16:32:13.596+0000] {dagbag.py:588} INFO - Filling up the DagBag from /home/airflow/.local/lib/python3.9/site-packages/airflow/example_dags/example_short_circuit_operator.py
[2025-02-04T16:32:13.609+0000] {processor.py:925} INFO - DAG(s) 'example_short_circuit_operator' retrieved from /home/airflow/.local/lib/python3.9/site-packages/airflow/example_dags/example_short_circuit_operator.py
[2025-02-04T16:32:13.675+0000] {logging_mixin.py:190} INFO - [2025-02-04T16:32:13.675+0000] {dag.py:3239} INFO - Sync 1 DAGs
[2025-02-04T16:32:13.697+0000] {logging_mixin.py:190} INFO - [2025-02-04T16:32:13.696+0000] {dag.py:4180} INFO - Setting next_dagrun for example_short_circuit_operator to None, run_after=None
[2025-02-04T16:32:13.724+0000] {processor.py:208} INFO - Processing /home/airflow/.local/lib/python3.9/site-packages/airflow/example_dags/example_short_circuit_operator.py took 0.142 seconds
[2025-02-04T16:32:43.950+0000] {processor.py:186} INFO - Started process (PID=1339) to work on /home/airflow/.local/lib/python3.9/site-packages/airflow/example_dags/example_short_circuit_operator.py
[2025-02-04T16:32:43.951+0000] {processor.py:914} INFO - Processing file /home/airflow/.local/lib/python3.9/site-packages/airflow/example_dags/example_short_circuit_operator.py for tasks to queue
[2025-02-04T16:32:43.954+0000] {logging_mixin.py:190} INFO - [2025-02-04T16:32:43.954+0000] {dagbag.py:588} INFO - Filling up the DagBag from /home/airflow/.local/lib/python3.9/site-packages/airflow/example_dags/example_short_circuit_operator.py
[2025-02-04T16:32:43.967+0000] {processor.py:925} INFO - DAG(s) 'example_short_circuit_operator' retrieved from /home/airflow/.local/lib/python3.9/site-packages/airflow/example_dags/example_short_circuit_operator.py
[2025-02-04T16:32:43.999+0000] {logging_mixin.py:190} INFO - [2025-02-04T16:32:43.999+0000] {dag.py:3239} INFO - Sync 1 DAGs
[2025-02-04T16:32:44.014+0000] {logging_mixin.py:190} INFO - [2025-02-04T16:32:44.014+0000] {dag.py:4180} INFO - Setting next_dagrun for example_short_circuit_operator to None, run_after=None
[2025-02-04T16:32:44.042+0000] {processor.py:208} INFO - Processing /home/airflow/.local/lib/python3.9/site-packages/airflow/example_dags/example_short_circuit_operator.py took 0.102 seconds
[2025-02-04T16:33:14.876+0000] {processor.py:186} INFO - Started process (PID=1405) to work on /home/airflow/.local/lib/python3.9/site-packages/airflow/example_dags/example_short_circuit_operator.py
[2025-02-04T16:33:14.878+0000] {processor.py:914} INFO - Processing file /home/airflow/.local/lib/python3.9/site-packages/airflow/example_dags/example_short_circuit_operator.py for tasks to queue
[2025-02-04T16:33:14.880+0000] {logging_mixin.py:190} INFO - [2025-02-04T16:33:14.880+0000] {dagbag.py:588} INFO - Filling up the DagBag from /home/airflow/.local/lib/python3.9/site-packages/airflow/example_dags/example_short_circuit_operator.py
[2025-02-04T16:33:14.889+0000] {processor.py:925} INFO - DAG(s) 'example_short_circuit_operator' retrieved from /home/airflow/.local/lib/python3.9/site-packages/airflow/example_dags/example_short_circuit_operator.py
[2025-02-04T16:33:14.915+0000] {logging_mixin.py:190} INFO - [2025-02-04T16:33:14.915+0000] {dag.py:3239} INFO - Sync 1 DAGs
[2025-02-04T16:33:14.929+0000] {logging_mixin.py:190} INFO - [2025-02-04T16:33:14.929+0000] {dag.py:4180} INFO - Setting next_dagrun for example_short_circuit_operator to None, run_after=None
[2025-02-04T16:33:14.956+0000] {processor.py:208} INFO - Processing /home/airflow/.local/lib/python3.9/site-packages/airflow/example_dags/example_short_circuit_operator.py took 0.086 seconds
[2025-02-04T16:33:45.622+0000] {processor.py:186} INFO - Started process (PID=1469) to work on /home/airflow/.local/lib/python3.9/site-packages/airflow/example_dags/example_short_circuit_operator.py
[2025-02-04T16:33:45.624+0000] {processor.py:914} INFO - Processing file /home/airflow/.local/lib/python3.9/site-packages/airflow/example_dags/example_short_circuit_operator.py for tasks to queue
[2025-02-04T16:33:45.626+0000] {logging_mixin.py:190} INFO - [2025-02-04T16:33:45.626+0000] {dagbag.py:588} INFO - Filling up the DagBag from /home/airflow/.local/lib/python3.9/site-packages/airflow/example_dags/example_short_circuit_operator.py
[2025-02-04T16:33:45.635+0000] {processor.py:925} INFO - DAG(s) 'example_short_circuit_operator' retrieved from /home/airflow/.local/lib/python3.9/site-packages/airflow/example_dags/example_short_circuit_operator.py
[2025-02-04T16:33:45.660+0000] {logging_mixin.py:190} INFO - [2025-02-04T16:33:45.660+0000] {dag.py:3239} INFO - Sync 1 DAGs
[2025-02-04T16:33:45.675+0000] {logging_mixin.py:190} INFO - [2025-02-04T16:33:45.675+0000] {dag.py:4180} INFO - Setting next_dagrun for example_short_circuit_operator to None, run_after=None
[2025-02-04T16:33:45.706+0000] {processor.py:208} INFO - Processing /home/airflow/.local/lib/python3.9/site-packages/airflow/example_dags/example_short_circuit_operator.py took 0.090 seconds
[2025-02-04T16:34:16.493+0000] {processor.py:186} INFO - Started process (PID=1533) to work on /home/airflow/.local/lib/python3.9/site-packages/airflow/example_dags/example_short_circuit_operator.py
[2025-02-04T16:34:16.495+0000] {processor.py:914} INFO - Processing file /home/airflow/.local/lib/python3.9/site-packages/airflow/example_dags/example_short_circuit_operator.py for tasks to queue
[2025-02-04T16:34:16.498+0000] {logging_mixin.py:190} INFO - [2025-02-04T16:34:16.498+0000] {dagbag.py:588} INFO - Filling up the DagBag from /home/airflow/.local/lib/python3.9/site-packages/airflow/example_dags/example_short_circuit_operator.py
[2025-02-04T16:34:16.509+0000] {processor.py:925} INFO - DAG(s) 'example_short_circuit_operator' retrieved from /home/airflow/.local/lib/python3.9/site-packages/airflow/example_dags/example_short_circuit_operator.py
[2025-02-04T16:34:16.534+0000] {logging_mixin.py:190} INFO - [2025-02-04T16:34:16.534+0000] {dag.py:3239} INFO - Sync 1 DAGs
[2025-02-04T16:34:16.549+0000] {logging_mixin.py:190} INFO - [2025-02-04T16:34:16.548+0000] {dag.py:4180} INFO - Setting next_dagrun for example_short_circuit_operator to None, run_after=None
[2025-02-04T16:34:16.575+0000] {processor.py:208} INFO - Processing /home/airflow/.local/lib/python3.9/site-packages/airflow/example_dags/example_short_circuit_operator.py took 0.091 seconds
[2025-02-04T16:34:47.405+0000] {processor.py:186} INFO - Started process (PID=1596) to work on /home/airflow/.local/lib/python3.9/site-packages/airflow/example_dags/example_short_circuit_operator.py
[2025-02-04T16:34:47.407+0000] {processor.py:914} INFO - Processing file /home/airflow/.local/lib/python3.9/site-packages/airflow/example_dags/example_short_circuit_operator.py for tasks to queue
[2025-02-04T16:34:47.409+0000] {logging_mixin.py:190} INFO - [2025-02-04T16:34:47.409+0000] {dagbag.py:588} INFO - Filling up the DagBag from /home/airflow/.local/lib/python3.9/site-packages/airflow/example_dags/example_short_circuit_operator.py
[2025-02-04T16:34:47.419+0000] {processor.py:925} INFO - DAG(s) 'example_short_circuit_operator' retrieved from /home/airflow/.local/lib/python3.9/site-packages/airflow/example_dags/example_short_circuit_operator.py
[2025-02-04T16:34:47.444+0000] {logging_mixin.py:190} INFO - [2025-02-04T16:34:47.444+0000] {dag.py:3239} INFO - Sync 1 DAGs
[2025-02-04T16:34:47.458+0000] {logging_mixin.py:190} INFO - [2025-02-04T16:34:47.457+0000] {dag.py:4180} INFO - Setting next_dagrun for example_short_circuit_operator to None, run_after=None
[2025-02-04T16:34:47.489+0000] {processor.py:208} INFO - Processing /home/airflow/.local/lib/python3.9/site-packages/airflow/example_dags/example_short_circuit_operator.py took 0.090 seconds
[2025-02-04T16:35:18.004+0000] {processor.py:186} INFO - Started process (PID=1660) to work on /home/airflow/.local/lib/python3.9/site-packages/airflow/example_dags/example_short_circuit_operator.py
[2025-02-04T16:35:18.005+0000] {processor.py:914} INFO - Processing file /home/airflow/.local/lib/python3.9/site-packages/airflow/example_dags/example_short_circuit_operator.py for tasks to queue
[2025-02-04T16:35:18.008+0000] {logging_mixin.py:190} INFO - [2025-02-04T16:35:18.008+0000] {dagbag.py:588} INFO - Filling up the DagBag from /home/airflow/.local/lib/python3.9/site-packages/airflow/example_dags/example_short_circuit_operator.py
[2025-02-04T16:35:18.017+0000] {processor.py:925} INFO - DAG(s) 'example_short_circuit_operator' retrieved from /home/airflow/.local/lib/python3.9/site-packages/airflow/example_dags/example_short_circuit_operator.py
[2025-02-04T16:35:18.041+0000] {logging_mixin.py:190} INFO - [2025-02-04T16:35:18.041+0000] {dag.py:3239} INFO - Sync 1 DAGs
[2025-02-04T16:35:18.055+0000] {logging_mixin.py:190} INFO - [2025-02-04T16:35:18.054+0000] {dag.py:4180} INFO - Setting next_dagrun for example_short_circuit_operator to None, run_after=None
[2025-02-04T16:35:18.079+0000] {processor.py:208} INFO - Processing /home/airflow/.local/lib/python3.9/site-packages/airflow/example_dags/example_short_circuit_operator.py took 0.081 seconds
[2025-02-04T16:35:48.921+0000] {processor.py:186} INFO - Started process (PID=1724) to work on /home/airflow/.local/lib/python3.9/site-packages/airflow/example_dags/example_short_circuit_operator.py
[2025-02-04T16:35:48.923+0000] {processor.py:914} INFO - Processing file /home/airflow/.local/lib/python3.9/site-packages/airflow/example_dags/example_short_circuit_operator.py for tasks to queue
[2025-02-04T16:35:48.926+0000] {logging_mixin.py:190} INFO - [2025-02-04T16:35:48.926+0000] {dagbag.py:588} INFO - Filling up the DagBag from /home/airflow/.local/lib/python3.9/site-packages/airflow/example_dags/example_short_circuit_operator.py
[2025-02-04T16:35:48.936+0000] {processor.py:925} INFO - DAG(s) 'example_short_circuit_operator' retrieved from /home/airflow/.local/lib/python3.9/site-packages/airflow/example_dags/example_short_circuit_operator.py
[2025-02-04T16:35:48.964+0000] {logging_mixin.py:190} INFO - [2025-02-04T16:35:48.964+0000] {dag.py:3239} INFO - Sync 1 DAGs
[2025-02-04T16:35:48.979+0000] {logging_mixin.py:190} INFO - [2025-02-04T16:35:48.979+0000] {dag.py:4180} INFO - Setting next_dagrun for example_short_circuit_operator to None, run_after=None
[2025-02-04T16:35:49.007+0000] {processor.py:208} INFO - Processing /home/airflow/.local/lib/python3.9/site-packages/airflow/example_dags/example_short_circuit_operator.py took 0.092 seconds
[2025-02-04T16:36:19.358+0000] {processor.py:186} INFO - Started process (PID=1789) to work on /home/airflow/.local/lib/python3.9/site-packages/airflow/example_dags/example_short_circuit_operator.py
[2025-02-04T16:36:19.360+0000] {processor.py:914} INFO - Processing file /home/airflow/.local/lib/python3.9/site-packages/airflow/example_dags/example_short_circuit_operator.py for tasks to queue
[2025-02-04T16:36:19.362+0000] {logging_mixin.py:190} INFO - [2025-02-04T16:36:19.362+0000] {dagbag.py:588} INFO - Filling up the DagBag from /home/airflow/.local/lib/python3.9/site-packages/airflow/example_dags/example_short_circuit_operator.py
[2025-02-04T16:36:19.371+0000] {processor.py:925} INFO - DAG(s) 'example_short_circuit_operator' retrieved from /home/airflow/.local/lib/python3.9/site-packages/airflow/example_dags/example_short_circuit_operator.py
[2025-02-04T16:36:19.395+0000] {logging_mixin.py:190} INFO - [2025-02-04T16:36:19.395+0000] {dag.py:3239} INFO - Sync 1 DAGs
[2025-02-04T16:36:19.409+0000] {logging_mixin.py:190} INFO - [2025-02-04T16:36:19.408+0000] {dag.py:4180} INFO - Setting next_dagrun for example_short_circuit_operator to None, run_after=None
[2025-02-04T16:36:19.439+0000] {processor.py:208} INFO - Processing /home/airflow/.local/lib/python3.9/site-packages/airflow/example_dags/example_short_circuit_operator.py took 0.086 seconds
[2025-02-04T16:36:51.791+0000] {processor.py:186} INFO - Started process (PID=1853) to work on /home/airflow/.local/lib/python3.9/site-packages/airflow/example_dags/example_short_circuit_operator.py
[2025-02-04T16:36:51.793+0000] {processor.py:914} INFO - Processing file /home/airflow/.local/lib/python3.9/site-packages/airflow/example_dags/example_short_circuit_operator.py for tasks to queue
[2025-02-04T16:36:51.795+0000] {logging_mixin.py:190} INFO - [2025-02-04T16:36:51.795+0000] {dagbag.py:588} INFO - Filling up the DagBag from /home/airflow/.local/lib/python3.9/site-packages/airflow/example_dags/example_short_circuit_operator.py
[2025-02-04T16:36:51.805+0000] {processor.py:925} INFO - DAG(s) 'example_short_circuit_operator' retrieved from /home/airflow/.local/lib/python3.9/site-packages/airflow/example_dags/example_short_circuit_operator.py
[2025-02-04T16:36:51.832+0000] {logging_mixin.py:190} INFO - [2025-02-04T16:36:51.832+0000] {dag.py:3239} INFO - Sync 1 DAGs
[2025-02-04T16:36:51.848+0000] {logging_mixin.py:190} INFO - [2025-02-04T16:36:51.847+0000] {dag.py:4180} INFO - Setting next_dagrun for example_short_circuit_operator to None, run_after=None
[2025-02-04T16:36:51.879+0000] {processor.py:208} INFO - Processing /home/airflow/.local/lib/python3.9/site-packages/airflow/example_dags/example_short_circuit_operator.py took 0.094 seconds
[2025-02-04T16:39:25.164+0000] {processor.py:186} INFO - Started process (PID=1906) to work on /home/airflow/.local/lib/python3.9/site-packages/airflow/example_dags/example_short_circuit_operator.py
[2025-02-04T16:39:25.165+0000] {processor.py:914} INFO - Processing file /home/airflow/.local/lib/python3.9/site-packages/airflow/example_dags/example_short_circuit_operator.py for tasks to queue
[2025-02-04T16:39:25.166+0000] {logging_mixin.py:190} INFO - [2025-02-04T16:39:25.166+0000] {dagbag.py:588} INFO - Filling up the DagBag from /home/airflow/.local/lib/python3.9/site-packages/airflow/example_dags/example_short_circuit_operator.py
[2025-02-04T16:39:25.176+0000] {processor.py:925} INFO - DAG(s) 'example_short_circuit_operator' retrieved from /home/airflow/.local/lib/python3.9/site-packages/airflow/example_dags/example_short_circuit_operator.py
[2025-02-04T16:39:25.202+0000] {logging_mixin.py:190} INFO - [2025-02-04T16:39:25.202+0000] {dag.py:3239} INFO - Sync 1 DAGs
[2025-02-04T16:39:25.218+0000] {logging_mixin.py:190} INFO - [2025-02-04T16:39:25.218+0000] {dag.py:4180} INFO - Setting next_dagrun for example_short_circuit_operator to None, run_after=None
[2025-02-04T16:39:25.248+0000] {processor.py:208} INFO - Processing /home/airflow/.local/lib/python3.9/site-packages/airflow/example_dags/example_short_circuit_operator.py took 0.091 seconds
[2025-02-04T16:39:56.248+0000] {processor.py:186} INFO - Started process (PID=1970) to work on /home/airflow/.local/lib/python3.9/site-packages/airflow/example_dags/example_short_circuit_operator.py
[2025-02-04T16:39:56.249+0000] {processor.py:914} INFO - Processing file /home/airflow/.local/lib/python3.9/site-packages/airflow/example_dags/example_short_circuit_operator.py for tasks to queue
[2025-02-04T16:39:56.250+0000] {logging_mixin.py:190} INFO - [2025-02-04T16:39:56.250+0000] {dagbag.py:588} INFO - Filling up the DagBag from /home/airflow/.local/lib/python3.9/site-packages/airflow/example_dags/example_short_circuit_operator.py
[2025-02-04T16:39:56.258+0000] {processor.py:925} INFO - DAG(s) 'example_short_circuit_operator' retrieved from /home/airflow/.local/lib/python3.9/site-packages/airflow/example_dags/example_short_circuit_operator.py
[2025-02-04T16:39:56.280+0000] {logging_mixin.py:190} INFO - [2025-02-04T16:39:56.279+0000] {dag.py:3239} INFO - Sync 1 DAGs
[2025-02-04T16:39:56.293+0000] {logging_mixin.py:190} INFO - [2025-02-04T16:39:56.292+0000] {dag.py:4180} INFO - Setting next_dagrun for example_short_circuit_operator to None, run_after=None
[2025-02-04T16:39:56.314+0000] {processor.py:208} INFO - Processing /home/airflow/.local/lib/python3.9/site-packages/airflow/example_dags/example_short_circuit_operator.py took 0.072 seconds
[2025-02-04T16:40:27.386+0000] {processor.py:186} INFO - Started process (PID=2034) to work on /home/airflow/.local/lib/python3.9/site-packages/airflow/example_dags/example_short_circuit_operator.py
[2025-02-04T16:40:27.387+0000] {processor.py:914} INFO - Processing file /home/airflow/.local/lib/python3.9/site-packages/airflow/example_dags/example_short_circuit_operator.py for tasks to queue
[2025-02-04T16:40:27.389+0000] {logging_mixin.py:190} INFO - [2025-02-04T16:40:27.388+0000] {dagbag.py:588} INFO - Filling up the DagBag from /home/airflow/.local/lib/python3.9/site-packages/airflow/example_dags/example_short_circuit_operator.py
[2025-02-04T16:40:27.398+0000] {processor.py:925} INFO - DAG(s) 'example_short_circuit_operator' retrieved from /home/airflow/.local/lib/python3.9/site-packages/airflow/example_dags/example_short_circuit_operator.py
[2025-02-04T16:40:27.423+0000] {logging_mixin.py:190} INFO - [2025-02-04T16:40:27.422+0000] {dag.py:3239} INFO - Sync 1 DAGs
[2025-02-04T16:40:27.439+0000] {logging_mixin.py:190} INFO - [2025-02-04T16:40:27.439+0000] {dag.py:4180} INFO - Setting next_dagrun for example_short_circuit_operator to None, run_after=None
[2025-02-04T16:40:27.464+0000] {processor.py:208} INFO - Processing /home/airflow/.local/lib/python3.9/site-packages/airflow/example_dags/example_short_circuit_operator.py took 0.084 seconds
[2025-02-04T16:40:58.143+0000] {processor.py:186} INFO - Started process (PID=2098) to work on /home/airflow/.local/lib/python3.9/site-packages/airflow/example_dags/example_short_circuit_operator.py
[2025-02-04T16:40:58.145+0000] {processor.py:914} INFO - Processing file /home/airflow/.local/lib/python3.9/site-packages/airflow/example_dags/example_short_circuit_operator.py for tasks to queue
[2025-02-04T16:40:58.146+0000] {logging_mixin.py:190} INFO - [2025-02-04T16:40:58.146+0000] {dagbag.py:588} INFO - Filling up the DagBag from /home/airflow/.local/lib/python3.9/site-packages/airflow/example_dags/example_short_circuit_operator.py
[2025-02-04T16:40:58.156+0000] {processor.py:925} INFO - DAG(s) 'example_short_circuit_operator' retrieved from /home/airflow/.local/lib/python3.9/site-packages/airflow/example_dags/example_short_circuit_operator.py
[2025-02-04T16:40:58.180+0000] {logging_mixin.py:190} INFO - [2025-02-04T16:40:58.179+0000] {dag.py:3239} INFO - Sync 1 DAGs
[2025-02-04T16:40:58.195+0000] {logging_mixin.py:190} INFO - [2025-02-04T16:40:58.194+0000] {dag.py:4180} INFO - Setting next_dagrun for example_short_circuit_operator to None, run_after=None
[2025-02-04T16:40:58.217+0000] {processor.py:208} INFO - Processing /home/airflow/.local/lib/python3.9/site-packages/airflow/example_dags/example_short_circuit_operator.py took 0.080 seconds
[2025-02-04T16:41:29.227+0000] {processor.py:186} INFO - Started process (PID=2162) to work on /home/airflow/.local/lib/python3.9/site-packages/airflow/example_dags/example_short_circuit_operator.py
[2025-02-04T16:41:29.228+0000] {processor.py:914} INFO - Processing file /home/airflow/.local/lib/python3.9/site-packages/airflow/example_dags/example_short_circuit_operator.py for tasks to queue
[2025-02-04T16:41:29.229+0000] {logging_mixin.py:190} INFO - [2025-02-04T16:41:29.229+0000] {dagbag.py:588} INFO - Filling up the DagBag from /home/airflow/.local/lib/python3.9/site-packages/airflow/example_dags/example_short_circuit_operator.py
[2025-02-04T16:41:29.239+0000] {processor.py:925} INFO - DAG(s) 'example_short_circuit_operator' retrieved from /home/airflow/.local/lib/python3.9/site-packages/airflow/example_dags/example_short_circuit_operator.py
[2025-02-04T16:41:29.266+0000] {logging_mixin.py:190} INFO - [2025-02-04T16:41:29.265+0000] {dag.py:3239} INFO - Sync 1 DAGs
[2025-02-04T16:41:29.283+0000] {logging_mixin.py:190} INFO - [2025-02-04T16:41:29.283+0000] {dag.py:4180} INFO - Setting next_dagrun for example_short_circuit_operator to None, run_after=None
[2025-02-04T16:41:29.313+0000] {processor.py:208} INFO - Processing /home/airflow/.local/lib/python3.9/site-packages/airflow/example_dags/example_short_circuit_operator.py took 0.093 seconds
[2025-02-04T16:41:59.412+0000] {processor.py:186} INFO - Started process (PID=2226) to work on /home/airflow/.local/lib/python3.9/site-packages/airflow/example_dags/example_short_circuit_operator.py
[2025-02-04T16:41:59.413+0000] {processor.py:914} INFO - Processing file /home/airflow/.local/lib/python3.9/site-packages/airflow/example_dags/example_short_circuit_operator.py for tasks to queue
[2025-02-04T16:41:59.415+0000] {logging_mixin.py:190} INFO - [2025-02-04T16:41:59.415+0000] {dagbag.py:588} INFO - Filling up the DagBag from /home/airflow/.local/lib/python3.9/site-packages/airflow/example_dags/example_short_circuit_operator.py
[2025-02-04T16:41:59.426+0000] {processor.py:925} INFO - DAG(s) 'example_short_circuit_operator' retrieved from /home/airflow/.local/lib/python3.9/site-packages/airflow/example_dags/example_short_circuit_operator.py
[2025-02-04T16:41:59.451+0000] {logging_mixin.py:190} INFO - [2025-02-04T16:41:59.451+0000] {dag.py:3239} INFO - Sync 1 DAGs
[2025-02-04T16:41:59.466+0000] {logging_mixin.py:190} INFO - [2025-02-04T16:41:59.465+0000] {dag.py:4180} INFO - Setting next_dagrun for example_short_circuit_operator to None, run_after=None
[2025-02-04T16:41:59.492+0000] {processor.py:208} INFO - Processing /home/airflow/.local/lib/python3.9/site-packages/airflow/example_dags/example_short_circuit_operator.py took 0.087 seconds
[2025-02-04T16:42:30.022+0000] {processor.py:186} INFO - Started process (PID=2290) to work on /home/airflow/.local/lib/python3.9/site-packages/airflow/example_dags/example_short_circuit_operator.py
[2025-02-04T16:42:30.023+0000] {processor.py:914} INFO - Processing file /home/airflow/.local/lib/python3.9/site-packages/airflow/example_dags/example_short_circuit_operator.py for tasks to queue
[2025-02-04T16:42:30.025+0000] {logging_mixin.py:190} INFO - [2025-02-04T16:42:30.025+0000] {dagbag.py:588} INFO - Filling up the DagBag from /home/airflow/.local/lib/python3.9/site-packages/airflow/example_dags/example_short_circuit_operator.py
[2025-02-04T16:42:30.034+0000] {processor.py:925} INFO - DAG(s) 'example_short_circuit_operator' retrieved from /home/airflow/.local/lib/python3.9/site-packages/airflow/example_dags/example_short_circuit_operator.py
[2025-02-04T16:42:30.061+0000] {logging_mixin.py:190} INFO - [2025-02-04T16:42:30.061+0000] {dag.py:3239} INFO - Sync 1 DAGs
[2025-02-04T16:42:30.076+0000] {logging_mixin.py:190} INFO - [2025-02-04T16:42:30.076+0000] {dag.py:4180} INFO - Setting next_dagrun for example_short_circuit_operator to None, run_after=None
[2025-02-04T16:42:30.105+0000] {processor.py:208} INFO - Processing /home/airflow/.local/lib/python3.9/site-packages/airflow/example_dags/example_short_circuit_operator.py took 0.091 seconds
[2025-02-04T16:43:00.405+0000] {processor.py:186} INFO - Started process (PID=2356) to work on /home/airflow/.local/lib/python3.9/site-packages/airflow/example_dags/example_short_circuit_operator.py
[2025-02-04T16:43:00.406+0000] {processor.py:914} INFO - Processing file /home/airflow/.local/lib/python3.9/site-packages/airflow/example_dags/example_short_circuit_operator.py for tasks to queue
[2025-02-04T16:43:00.408+0000] {logging_mixin.py:190} INFO - [2025-02-04T16:43:00.408+0000] {dagbag.py:588} INFO - Filling up the DagBag from /home/airflow/.local/lib/python3.9/site-packages/airflow/example_dags/example_short_circuit_operator.py
[2025-02-04T16:43:00.418+0000] {processor.py:925} INFO - DAG(s) 'example_short_circuit_operator' retrieved from /home/airflow/.local/lib/python3.9/site-packages/airflow/example_dags/example_short_circuit_operator.py
[2025-02-04T16:43:00.447+0000] {logging_mixin.py:190} INFO - [2025-02-04T16:43:00.447+0000] {dag.py:3239} INFO - Sync 1 DAGs
[2025-02-04T16:43:00.463+0000] {logging_mixin.py:190} INFO - [2025-02-04T16:43:00.463+0000] {dag.py:4180} INFO - Setting next_dagrun for example_short_circuit_operator to None, run_after=None
[2025-02-04T16:43:00.490+0000] {processor.py:208} INFO - Processing /home/airflow/.local/lib/python3.9/site-packages/airflow/example_dags/example_short_circuit_operator.py took 0.092 seconds
[2025-02-04T16:43:31.003+0000] {processor.py:186} INFO - Started process (PID=2420) to work on /home/airflow/.local/lib/python3.9/site-packages/airflow/example_dags/example_short_circuit_operator.py
[2025-02-04T16:43:31.004+0000] {processor.py:914} INFO - Processing file /home/airflow/.local/lib/python3.9/site-packages/airflow/example_dags/example_short_circuit_operator.py for tasks to queue
[2025-02-04T16:43:31.006+0000] {logging_mixin.py:190} INFO - [2025-02-04T16:43:31.006+0000] {dagbag.py:588} INFO - Filling up the DagBag from /home/airflow/.local/lib/python3.9/site-packages/airflow/example_dags/example_short_circuit_operator.py
[2025-02-04T16:43:31.020+0000] {processor.py:925} INFO - DAG(s) 'example_short_circuit_operator' retrieved from /home/airflow/.local/lib/python3.9/site-packages/airflow/example_dags/example_short_circuit_operator.py
[2025-02-04T16:43:31.048+0000] {logging_mixin.py:190} INFO - [2025-02-04T16:43:31.047+0000] {dag.py:3239} INFO - Sync 1 DAGs
[2025-02-04T16:43:31.064+0000] {logging_mixin.py:190} INFO - [2025-02-04T16:43:31.063+0000] {dag.py:4180} INFO - Setting next_dagrun for example_short_circuit_operator to None, run_after=None
[2025-02-04T16:43:31.106+0000] {processor.py:208} INFO - Processing /home/airflow/.local/lib/python3.9/site-packages/airflow/example_dags/example_short_circuit_operator.py took 0.110 seconds
[2025-02-04T16:44:01.537+0000] {processor.py:186} INFO - Started process (PID=2484) to work on /home/airflow/.local/lib/python3.9/site-packages/airflow/example_dags/example_short_circuit_operator.py
[2025-02-04T16:44:01.539+0000] {processor.py:914} INFO - Processing file /home/airflow/.local/lib/python3.9/site-packages/airflow/example_dags/example_short_circuit_operator.py for tasks to queue
[2025-02-04T16:44:01.540+0000] {logging_mixin.py:190} INFO - [2025-02-04T16:44:01.540+0000] {dagbag.py:588} INFO - Filling up the DagBag from /home/airflow/.local/lib/python3.9/site-packages/airflow/example_dags/example_short_circuit_operator.py
[2025-02-04T16:44:01.551+0000] {processor.py:925} INFO - DAG(s) 'example_short_circuit_operator' retrieved from /home/airflow/.local/lib/python3.9/site-packages/airflow/example_dags/example_short_circuit_operator.py
[2025-02-04T16:44:01.582+0000] {logging_mixin.py:190} INFO - [2025-02-04T16:44:01.582+0000] {dag.py:3239} INFO - Sync 1 DAGs
[2025-02-04T16:44:01.598+0000] {logging_mixin.py:190} INFO - [2025-02-04T16:44:01.597+0000] {dag.py:4180} INFO - Setting next_dagrun for example_short_circuit_operator to None, run_after=None
[2025-02-04T16:44:01.625+0000] {processor.py:208} INFO - Processing /home/airflow/.local/lib/python3.9/site-packages/airflow/example_dags/example_short_circuit_operator.py took 0.095 seconds
[2025-02-04T16:44:31.833+0000] {processor.py:186} INFO - Started process (PID=2548) to work on /home/airflow/.local/lib/python3.9/site-packages/airflow/example_dags/example_short_circuit_operator.py
[2025-02-04T16:44:31.835+0000] {processor.py:914} INFO - Processing file /home/airflow/.local/lib/python3.9/site-packages/airflow/example_dags/example_short_circuit_operator.py for tasks to queue
[2025-02-04T16:44:31.838+0000] {logging_mixin.py:190} INFO - [2025-02-04T16:44:31.837+0000] {dagbag.py:588} INFO - Filling up the DagBag from /home/airflow/.local/lib/python3.9/site-packages/airflow/example_dags/example_short_circuit_operator.py
[2025-02-04T16:44:31.852+0000] {processor.py:925} INFO - DAG(s) 'example_short_circuit_operator' retrieved from /home/airflow/.local/lib/python3.9/site-packages/airflow/example_dags/example_short_circuit_operator.py
[2025-02-04T16:44:31.887+0000] {logging_mixin.py:190} INFO - [2025-02-04T16:44:31.887+0000] {dag.py:3239} INFO - Sync 1 DAGs
[2025-02-04T16:44:31.902+0000] {logging_mixin.py:190} INFO - [2025-02-04T16:44:31.902+0000] {dag.py:4180} INFO - Setting next_dagrun for example_short_circuit_operator to None, run_after=None
[2025-02-04T16:44:31.931+0000] {processor.py:208} INFO - Processing /home/airflow/.local/lib/python3.9/site-packages/airflow/example_dags/example_short_circuit_operator.py took 0.107 seconds
[2025-02-04T16:45:02.482+0000] {processor.py:186} INFO - Started process (PID=2612) to work on /home/airflow/.local/lib/python3.9/site-packages/airflow/example_dags/example_short_circuit_operator.py
[2025-02-04T16:45:02.484+0000] {processor.py:914} INFO - Processing file /home/airflow/.local/lib/python3.9/site-packages/airflow/example_dags/example_short_circuit_operator.py for tasks to queue
[2025-02-04T16:45:02.485+0000] {logging_mixin.py:190} INFO - [2025-02-04T16:45:02.485+0000] {dagbag.py:588} INFO - Filling up the DagBag from /home/airflow/.local/lib/python3.9/site-packages/airflow/example_dags/example_short_circuit_operator.py
[2025-02-04T16:45:02.497+0000] {processor.py:925} INFO - DAG(s) 'example_short_circuit_operator' retrieved from /home/airflow/.local/lib/python3.9/site-packages/airflow/example_dags/example_short_circuit_operator.py
[2025-02-04T16:45:02.526+0000] {logging_mixin.py:190} INFO - [2025-02-04T16:45:02.526+0000] {dag.py:3239} INFO - Sync 1 DAGs
[2025-02-04T16:45:02.541+0000] {logging_mixin.py:190} INFO - [2025-02-04T16:45:02.541+0000] {dag.py:4180} INFO - Setting next_dagrun for example_short_circuit_operator to None, run_after=None
[2025-02-04T16:45:02.569+0000] {processor.py:208} INFO - Processing /home/airflow/.local/lib/python3.9/site-packages/airflow/example_dags/example_short_circuit_operator.py took 0.095 seconds
[2025-02-04T16:45:32.983+0000] {processor.py:186} INFO - Started process (PID=2682) to work on /home/airflow/.local/lib/python3.9/site-packages/airflow/example_dags/example_short_circuit_operator.py
[2025-02-04T16:45:32.984+0000] {processor.py:914} INFO - Processing file /home/airflow/.local/lib/python3.9/site-packages/airflow/example_dags/example_short_circuit_operator.py for tasks to queue
[2025-02-04T16:45:32.986+0000] {logging_mixin.py:190} INFO - [2025-02-04T16:45:32.986+0000] {dagbag.py:588} INFO - Filling up the DagBag from /home/airflow/.local/lib/python3.9/site-packages/airflow/example_dags/example_short_circuit_operator.py
[2025-02-04T16:45:32.998+0000] {processor.py:925} INFO - DAG(s) 'example_short_circuit_operator' retrieved from /home/airflow/.local/lib/python3.9/site-packages/airflow/example_dags/example_short_circuit_operator.py
[2025-02-04T16:45:33.021+0000] {logging_mixin.py:190} INFO - [2025-02-04T16:45:33.021+0000] {dag.py:3239} INFO - Sync 1 DAGs
[2025-02-04T16:45:33.037+0000] {logging_mixin.py:190} INFO - [2025-02-04T16:45:33.036+0000] {dag.py:4180} INFO - Setting next_dagrun for example_short_circuit_operator to None, run_after=None
[2025-02-04T16:45:33.064+0000] {processor.py:208} INFO - Processing /home/airflow/.local/lib/python3.9/site-packages/airflow/example_dags/example_short_circuit_operator.py took 0.089 seconds
[2025-02-04T16:46:05.256+0000] {processor.py:186} INFO - Started process (PID=2745) to work on /home/airflow/.local/lib/python3.9/site-packages/airflow/example_dags/example_short_circuit_operator.py
[2025-02-04T16:46:05.257+0000] {processor.py:914} INFO - Processing file /home/airflow/.local/lib/python3.9/site-packages/airflow/example_dags/example_short_circuit_operator.py for tasks to queue
[2025-02-04T16:46:05.259+0000] {logging_mixin.py:190} INFO - [2025-02-04T16:46:05.259+0000] {dagbag.py:588} INFO - Filling up the DagBag from /home/airflow/.local/lib/python3.9/site-packages/airflow/example_dags/example_short_circuit_operator.py
[2025-02-04T16:46:05.269+0000] {processor.py:925} INFO - DAG(s) 'example_short_circuit_operator' retrieved from /home/airflow/.local/lib/python3.9/site-packages/airflow/example_dags/example_short_circuit_operator.py
[2025-02-04T16:46:05.297+0000] {logging_mixin.py:190} INFO - [2025-02-04T16:46:05.296+0000] {dag.py:3239} INFO - Sync 1 DAGs
[2025-02-04T16:46:05.312+0000] {logging_mixin.py:190} INFO - [2025-02-04T16:46:05.312+0000] {dag.py:4180} INFO - Setting next_dagrun for example_short_circuit_operator to None, run_after=None
[2025-02-04T16:46:05.338+0000] {processor.py:208} INFO - Processing /home/airflow/.local/lib/python3.9/site-packages/airflow/example_dags/example_short_circuit_operator.py took 0.090 seconds
[2025-02-04T16:46:35.618+0000] {processor.py:186} INFO - Started process (PID=2809) to work on /home/airflow/.local/lib/python3.9/site-packages/airflow/example_dags/example_short_circuit_operator.py
[2025-02-04T16:46:35.619+0000] {processor.py:914} INFO - Processing file /home/airflow/.local/lib/python3.9/site-packages/airflow/example_dags/example_short_circuit_operator.py for tasks to queue
[2025-02-04T16:46:35.621+0000] {logging_mixin.py:190} INFO - [2025-02-04T16:46:35.621+0000] {dagbag.py:588} INFO - Filling up the DagBag from /home/airflow/.local/lib/python3.9/site-packages/airflow/example_dags/example_short_circuit_operator.py
[2025-02-04T16:46:35.631+0000] {processor.py:925} INFO - DAG(s) 'example_short_circuit_operator' retrieved from /home/airflow/.local/lib/python3.9/site-packages/airflow/example_dags/example_short_circuit_operator.py
[2025-02-04T16:46:35.655+0000] {logging_mixin.py:190} INFO - [2025-02-04T16:46:35.655+0000] {dag.py:3239} INFO - Sync 1 DAGs
[2025-02-04T16:46:35.672+0000] {logging_mixin.py:190} INFO - [2025-02-04T16:46:35.672+0000] {dag.py:4180} INFO - Setting next_dagrun for example_short_circuit_operator to None, run_after=None
[2025-02-04T16:46:35.699+0000] {processor.py:208} INFO - Processing /home/airflow/.local/lib/python3.9/site-packages/airflow/example_dags/example_short_circuit_operator.py took 0.089 seconds
[2025-02-04T16:47:10.667+0000] {processor.py:186} INFO - Started process (PID=2876) to work on /home/airflow/.local/lib/python3.9/site-packages/airflow/example_dags/example_short_circuit_operator.py
[2025-02-04T16:47:10.668+0000] {processor.py:914} INFO - Processing file /home/airflow/.local/lib/python3.9/site-packages/airflow/example_dags/example_short_circuit_operator.py for tasks to queue
[2025-02-04T16:47:10.670+0000] {logging_mixin.py:190} INFO - [2025-02-04T16:47:10.669+0000] {dagbag.py:588} INFO - Filling up the DagBag from /home/airflow/.local/lib/python3.9/site-packages/airflow/example_dags/example_short_circuit_operator.py
[2025-02-04T16:47:10.680+0000] {processor.py:925} INFO - DAG(s) 'example_short_circuit_operator' retrieved from /home/airflow/.local/lib/python3.9/site-packages/airflow/example_dags/example_short_circuit_operator.py
[2025-02-04T16:47:10.763+0000] {logging_mixin.py:190} INFO - [2025-02-04T16:47:10.762+0000] {dag.py:3239} INFO - Sync 1 DAGs
[2025-02-04T16:47:10.785+0000] {logging_mixin.py:190} INFO - [2025-02-04T16:47:10.785+0000] {dag.py:4180} INFO - Setting next_dagrun for example_short_circuit_operator to None, run_after=None
[2025-02-04T16:47:10.828+0000] {processor.py:208} INFO - Processing /home/airflow/.local/lib/python3.9/site-packages/airflow/example_dags/example_short_circuit_operator.py took 0.168 seconds
