[2025-02-04T16:22:29.032+0000] {processor.py:186} INFO - Started process (PID=86) to work on /home/airflow/.local/lib/python3.9/site-packages/airflow/example_dags/example_setup_teardown.py
[2025-02-04T16:22:29.035+0000] {processor.py:914} INFO - Processing file /home/airflow/.local/lib/python3.9/site-packages/airflow/example_dags/example_setup_teardown.py for tasks to queue
[2025-02-04T16:22:29.040+0000] {logging_mixin.py:190} INFO - [2025-02-04T16:22:29.039+0000] {dagbag.py:588} INFO - Filling up the DagBag from /home/airflow/.local/lib/python3.9/site-packages/airflow/example_dags/example_setup_teardown.py
[2025-02-04T16:22:31.862+0000] {processor.py:925} INFO - DAG(s) 'example_setup_teardown' retrieved from /home/airflow/.local/lib/python3.9/site-packages/airflow/example_dags/example_setup_teardown.py
[2025-02-04T16:22:37.302+0000] {logging_mixin.py:190} INFO - [2025-02-04T16:22:37.301+0000] {override.py:1912} INFO - Created Permission View: can delete on DAG:example_setup_teardown
[2025-02-04T16:22:37.322+0000] {logging_mixin.py:190} INFO - [2025-02-04T16:22:37.322+0000] {override.py:1912} INFO - Created Permission View: can edit on DAG:example_setup_teardown
[2025-02-04T16:22:37.563+0000] {logging_mixin.py:190} INFO - [2025-02-04T16:22:37.563+0000] {override.py:1912} INFO - Created Permission View: can read on DAG:example_setup_teardown
[2025-02-04T16:22:37.586+0000] {logging_mixin.py:190} INFO - [2025-02-04T16:22:37.586+0000] {override.py:1912} INFO - Created Permission View: can delete on DAG Run:example_setup_teardown
[2025-02-04T16:22:37.603+0000] {logging_mixin.py:190} INFO - [2025-02-04T16:22:37.602+0000] {override.py:1912} INFO - Created Permission View: menu access on DAG Run:example_setup_teardown
[2025-02-04T16:22:37.618+0000] {logging_mixin.py:190} INFO - [2025-02-04T16:22:37.618+0000] {override.py:1912} INFO - Created Permission View: can read on DAG Run:example_setup_teardown
[2025-02-04T16:22:37.637+0000] {logging_mixin.py:190} INFO - [2025-02-04T16:22:37.636+0000] {override.py:1912} INFO - Created Permission View: can create on DAG Run:example_setup_teardown
[2025-02-04T16:22:37.638+0000] {logging_mixin.py:190} INFO - [2025-02-04T16:22:37.638+0000] {dag.py:3239} INFO - Sync 1 DAGs
[2025-02-04T16:22:37.658+0000] {logging_mixin.py:190} INFO - [2025-02-04T16:22:37.658+0000] {dag.py:3262} INFO - Creating ORM DAG for example_setup_teardown
[2025-02-04T16:22:37.660+0000] {logging_mixin.py:190} INFO - [2025-02-04T16:22:37.659+0000] {dag.py:4180} INFO - Setting next_dagrun for example_setup_teardown to None, run_after=None
[2025-02-04T16:22:37.685+0000] {processor.py:208} INFO - Processing /home/airflow/.local/lib/python3.9/site-packages/airflow/example_dags/example_setup_teardown.py took 8.668 seconds
[2025-02-04T16:23:27.719+0000] {processor.py:186} INFO - Started process (PID=157) to work on /home/airflow/.local/lib/python3.9/site-packages/airflow/example_dags/example_setup_teardown.py
[2025-02-04T16:23:27.720+0000] {processor.py:914} INFO - Processing file /home/airflow/.local/lib/python3.9/site-packages/airflow/example_dags/example_setup_teardown.py for tasks to queue
[2025-02-04T16:23:27.723+0000] {logging_mixin.py:190} INFO - [2025-02-04T16:23:27.722+0000] {dagbag.py:588} INFO - Filling up the DagBag from /home/airflow/.local/lib/python3.9/site-packages/airflow/example_dags/example_setup_teardown.py
[2025-02-04T16:23:27.732+0000] {processor.py:925} INFO - DAG(s) 'example_setup_teardown' retrieved from /home/airflow/.local/lib/python3.9/site-packages/airflow/example_dags/example_setup_teardown.py
[2025-02-04T16:23:27.753+0000] {logging_mixin.py:190} INFO - [2025-02-04T16:23:27.753+0000] {dag.py:3239} INFO - Sync 1 DAGs
[2025-02-04T16:23:27.766+0000] {logging_mixin.py:190} INFO - [2025-02-04T16:23:27.766+0000] {dag.py:4180} INFO - Setting next_dagrun for example_setup_teardown to None, run_after=None
[2025-02-04T16:23:27.792+0000] {processor.py:208} INFO - Processing /home/airflow/.local/lib/python3.9/site-packages/airflow/example_dags/example_setup_teardown.py took 0.079 seconds
[2025-02-04T16:23:58.151+0000] {processor.py:186} INFO - Started process (PID=220) to work on /home/airflow/.local/lib/python3.9/site-packages/airflow/example_dags/example_setup_teardown.py
[2025-02-04T16:23:58.152+0000] {processor.py:914} INFO - Processing file /home/airflow/.local/lib/python3.9/site-packages/airflow/example_dags/example_setup_teardown.py for tasks to queue
[2025-02-04T16:23:58.155+0000] {logging_mixin.py:190} INFO - [2025-02-04T16:23:58.155+0000] {dagbag.py:588} INFO - Filling up the DagBag from /home/airflow/.local/lib/python3.9/site-packages/airflow/example_dags/example_setup_teardown.py
[2025-02-04T16:23:58.164+0000] {processor.py:925} INFO - DAG(s) 'example_setup_teardown' retrieved from /home/airflow/.local/lib/python3.9/site-packages/airflow/example_dags/example_setup_teardown.py
[2025-02-04T16:23:58.184+0000] {logging_mixin.py:190} INFO - [2025-02-04T16:23:58.184+0000] {dag.py:3239} INFO - Sync 1 DAGs
[2025-02-04T16:23:58.198+0000] {logging_mixin.py:190} INFO - [2025-02-04T16:23:58.198+0000] {dag.py:4180} INFO - Setting next_dagrun for example_setup_teardown to None, run_after=None
[2025-02-04T16:23:58.226+0000] {processor.py:208} INFO - Processing /home/airflow/.local/lib/python3.9/site-packages/airflow/example_dags/example_setup_teardown.py took 0.083 seconds
[2025-02-04T16:24:28.501+0000] {processor.py:186} INFO - Started process (PID=283) to work on /home/airflow/.local/lib/python3.9/site-packages/airflow/example_dags/example_setup_teardown.py
[2025-02-04T16:24:28.502+0000] {processor.py:914} INFO - Processing file /home/airflow/.local/lib/python3.9/site-packages/airflow/example_dags/example_setup_teardown.py for tasks to queue
[2025-02-04T16:24:28.505+0000] {logging_mixin.py:190} INFO - [2025-02-04T16:24:28.505+0000] {dagbag.py:588} INFO - Filling up the DagBag from /home/airflow/.local/lib/python3.9/site-packages/airflow/example_dags/example_setup_teardown.py
[2025-02-04T16:24:28.514+0000] {processor.py:925} INFO - DAG(s) 'example_setup_teardown' retrieved from /home/airflow/.local/lib/python3.9/site-packages/airflow/example_dags/example_setup_teardown.py
[2025-02-04T16:24:28.536+0000] {logging_mixin.py:190} INFO - [2025-02-04T16:24:28.536+0000] {dag.py:3239} INFO - Sync 1 DAGs
[2025-02-04T16:24:28.641+0000] {logging_mixin.py:190} INFO - [2025-02-04T16:24:28.640+0000] {dag.py:4180} INFO - Setting next_dagrun for example_setup_teardown to None, run_after=None
[2025-02-04T16:24:28.851+0000] {processor.py:208} INFO - Processing /home/airflow/.local/lib/python3.9/site-packages/airflow/example_dags/example_setup_teardown.py took 0.356 seconds
[2025-02-04T16:24:59.698+0000] {processor.py:186} INFO - Started process (PID=347) to work on /home/airflow/.local/lib/python3.9/site-packages/airflow/example_dags/example_setup_teardown.py
[2025-02-04T16:24:59.700+0000] {processor.py:914} INFO - Processing file /home/airflow/.local/lib/python3.9/site-packages/airflow/example_dags/example_setup_teardown.py for tasks to queue
[2025-02-04T16:24:59.703+0000] {logging_mixin.py:190} INFO - [2025-02-04T16:24:59.703+0000] {dagbag.py:588} INFO - Filling up the DagBag from /home/airflow/.local/lib/python3.9/site-packages/airflow/example_dags/example_setup_teardown.py
[2025-02-04T16:24:59.712+0000] {processor.py:925} INFO - DAG(s) 'example_setup_teardown' retrieved from /home/airflow/.local/lib/python3.9/site-packages/airflow/example_dags/example_setup_teardown.py
[2025-02-04T16:24:59.737+0000] {logging_mixin.py:190} INFO - [2025-02-04T16:24:59.737+0000] {dag.py:3239} INFO - Sync 1 DAGs
[2025-02-04T16:24:59.752+0000] {logging_mixin.py:190} INFO - [2025-02-04T16:24:59.752+0000] {dag.py:4180} INFO - Setting next_dagrun for example_setup_teardown to None, run_after=None
[2025-02-04T16:24:59.780+0000] {processor.py:208} INFO - Processing /home/airflow/.local/lib/python3.9/site-packages/airflow/example_dags/example_setup_teardown.py took 0.089 seconds
[2025-02-04T16:25:30.715+0000] {processor.py:186} INFO - Started process (PID=411) to work on /home/airflow/.local/lib/python3.9/site-packages/airflow/example_dags/example_setup_teardown.py
[2025-02-04T16:25:30.754+0000] {processor.py:914} INFO - Processing file /home/airflow/.local/lib/python3.9/site-packages/airflow/example_dags/example_setup_teardown.py for tasks to queue
[2025-02-04T16:25:30.758+0000] {logging_mixin.py:190} INFO - [2025-02-04T16:25:30.757+0000] {dagbag.py:588} INFO - Filling up the DagBag from /home/airflow/.local/lib/python3.9/site-packages/airflow/example_dags/example_setup_teardown.py
[2025-02-04T16:25:30.768+0000] {processor.py:925} INFO - DAG(s) 'example_setup_teardown' retrieved from /home/airflow/.local/lib/python3.9/site-packages/airflow/example_dags/example_setup_teardown.py
[2025-02-04T16:25:30.791+0000] {logging_mixin.py:190} INFO - [2025-02-04T16:25:30.791+0000] {dag.py:3239} INFO - Sync 1 DAGs
[2025-02-04T16:25:30.810+0000] {logging_mixin.py:190} INFO - [2025-02-04T16:25:30.809+0000] {dag.py:4180} INFO - Setting next_dagrun for example_setup_teardown to None, run_after=None
[2025-02-04T16:25:30.847+0000] {processor.py:208} INFO - Processing /home/airflow/.local/lib/python3.9/site-packages/airflow/example_dags/example_setup_teardown.py took 0.140 seconds
[2025-02-04T16:26:01.181+0000] {processor.py:186} INFO - Started process (PID=475) to work on /home/airflow/.local/lib/python3.9/site-packages/airflow/example_dags/example_setup_teardown.py
[2025-02-04T16:26:01.183+0000] {processor.py:914} INFO - Processing file /home/airflow/.local/lib/python3.9/site-packages/airflow/example_dags/example_setup_teardown.py for tasks to queue
[2025-02-04T16:26:01.186+0000] {logging_mixin.py:190} INFO - [2025-02-04T16:26:01.186+0000] {dagbag.py:588} INFO - Filling up the DagBag from /home/airflow/.local/lib/python3.9/site-packages/airflow/example_dags/example_setup_teardown.py
[2025-02-04T16:26:01.195+0000] {processor.py:925} INFO - DAG(s) 'example_setup_teardown' retrieved from /home/airflow/.local/lib/python3.9/site-packages/airflow/example_dags/example_setup_teardown.py
[2025-02-04T16:26:01.219+0000] {logging_mixin.py:190} INFO - [2025-02-04T16:26:01.219+0000] {dag.py:3239} INFO - Sync 1 DAGs
[2025-02-04T16:26:01.233+0000] {logging_mixin.py:190} INFO - [2025-02-04T16:26:01.232+0000] {dag.py:4180} INFO - Setting next_dagrun for example_setup_teardown to None, run_after=None
[2025-02-04T16:26:01.261+0000] {processor.py:208} INFO - Processing /home/airflow/.local/lib/python3.9/site-packages/airflow/example_dags/example_setup_teardown.py took 0.085 seconds
[2025-02-04T16:26:31.358+0000] {processor.py:186} INFO - Started process (PID=539) to work on /home/airflow/.local/lib/python3.9/site-packages/airflow/example_dags/example_setup_teardown.py
[2025-02-04T16:26:31.359+0000] {processor.py:914} INFO - Processing file /home/airflow/.local/lib/python3.9/site-packages/airflow/example_dags/example_setup_teardown.py for tasks to queue
[2025-02-04T16:26:31.362+0000] {logging_mixin.py:190} INFO - [2025-02-04T16:26:31.362+0000] {dagbag.py:588} INFO - Filling up the DagBag from /home/airflow/.local/lib/python3.9/site-packages/airflow/example_dags/example_setup_teardown.py
[2025-02-04T16:26:31.372+0000] {processor.py:925} INFO - DAG(s) 'example_setup_teardown' retrieved from /home/airflow/.local/lib/python3.9/site-packages/airflow/example_dags/example_setup_teardown.py
[2025-02-04T16:26:31.396+0000] {logging_mixin.py:190} INFO - [2025-02-04T16:26:31.395+0000] {dag.py:3239} INFO - Sync 1 DAGs
[2025-02-04T16:26:31.413+0000] {logging_mixin.py:190} INFO - [2025-02-04T16:26:31.413+0000] {dag.py:4180} INFO - Setting next_dagrun for example_setup_teardown to None, run_after=None
[2025-02-04T16:26:31.441+0000] {processor.py:208} INFO - Processing /home/airflow/.local/lib/python3.9/site-packages/airflow/example_dags/example_setup_teardown.py took 0.090 seconds
[2025-02-04T16:27:01.558+0000] {processor.py:186} INFO - Started process (PID=603) to work on /home/airflow/.local/lib/python3.9/site-packages/airflow/example_dags/example_setup_teardown.py
[2025-02-04T16:27:01.559+0000] {processor.py:914} INFO - Processing file /home/airflow/.local/lib/python3.9/site-packages/airflow/example_dags/example_setup_teardown.py for tasks to queue
[2025-02-04T16:27:01.562+0000] {logging_mixin.py:190} INFO - [2025-02-04T16:27:01.562+0000] {dagbag.py:588} INFO - Filling up the DagBag from /home/airflow/.local/lib/python3.9/site-packages/airflow/example_dags/example_setup_teardown.py
[2025-02-04T16:27:01.571+0000] {processor.py:925} INFO - DAG(s) 'example_setup_teardown' retrieved from /home/airflow/.local/lib/python3.9/site-packages/airflow/example_dags/example_setup_teardown.py
[2025-02-04T16:27:01.594+0000] {logging_mixin.py:190} INFO - [2025-02-04T16:27:01.594+0000] {dag.py:3239} INFO - Sync 1 DAGs
[2025-02-04T16:27:01.608+0000] {logging_mixin.py:190} INFO - [2025-02-04T16:27:01.608+0000] {dag.py:4180} INFO - Setting next_dagrun for example_setup_teardown to None, run_after=None
[2025-02-04T16:27:01.637+0000] {processor.py:208} INFO - Processing /home/airflow/.local/lib/python3.9/site-packages/airflow/example_dags/example_setup_teardown.py took 0.085 seconds
[2025-02-04T16:27:32.445+0000] {processor.py:186} INFO - Started process (PID=674) to work on /home/airflow/.local/lib/python3.9/site-packages/airflow/example_dags/example_setup_teardown.py
[2025-02-04T16:27:32.446+0000] {processor.py:914} INFO - Processing file /home/airflow/.local/lib/python3.9/site-packages/airflow/example_dags/example_setup_teardown.py for tasks to queue
[2025-02-04T16:27:32.449+0000] {logging_mixin.py:190} INFO - [2025-02-04T16:27:32.449+0000] {dagbag.py:588} INFO - Filling up the DagBag from /home/airflow/.local/lib/python3.9/site-packages/airflow/example_dags/example_setup_teardown.py
[2025-02-04T16:27:32.458+0000] {processor.py:925} INFO - DAG(s) 'example_setup_teardown' retrieved from /home/airflow/.local/lib/python3.9/site-packages/airflow/example_dags/example_setup_teardown.py
[2025-02-04T16:27:32.480+0000] {logging_mixin.py:190} INFO - [2025-02-04T16:27:32.480+0000] {dag.py:3239} INFO - Sync 1 DAGs
[2025-02-04T16:27:32.494+0000] {logging_mixin.py:190} INFO - [2025-02-04T16:27:32.494+0000] {dag.py:4180} INFO - Setting next_dagrun for example_setup_teardown to None, run_after=None
[2025-02-04T16:27:32.522+0000] {processor.py:208} INFO - Processing /home/airflow/.local/lib/python3.9/site-packages/airflow/example_dags/example_setup_teardown.py took 0.084 seconds
[2025-02-04T16:28:03.319+0000] {processor.py:186} INFO - Started process (PID=738) to work on /home/airflow/.local/lib/python3.9/site-packages/airflow/example_dags/example_setup_teardown.py
[2025-02-04T16:28:03.320+0000] {processor.py:914} INFO - Processing file /home/airflow/.local/lib/python3.9/site-packages/airflow/example_dags/example_setup_teardown.py for tasks to queue
[2025-02-04T16:28:03.323+0000] {logging_mixin.py:190} INFO - [2025-02-04T16:28:03.323+0000] {dagbag.py:588} INFO - Filling up the DagBag from /home/airflow/.local/lib/python3.9/site-packages/airflow/example_dags/example_setup_teardown.py
[2025-02-04T16:28:03.339+0000] {processor.py:925} INFO - DAG(s) 'example_setup_teardown' retrieved from /home/airflow/.local/lib/python3.9/site-packages/airflow/example_dags/example_setup_teardown.py
[2025-02-04T16:28:03.362+0000] {logging_mixin.py:190} INFO - [2025-02-04T16:28:03.362+0000] {dag.py:3239} INFO - Sync 1 DAGs
[2025-02-04T16:28:03.376+0000] {logging_mixin.py:190} INFO - [2025-02-04T16:28:03.376+0000] {dag.py:4180} INFO - Setting next_dagrun for example_setup_teardown to None, run_after=None
[2025-02-04T16:28:03.402+0000] {processor.py:208} INFO - Processing /home/airflow/.local/lib/python3.9/site-packages/airflow/example_dags/example_setup_teardown.py took 0.089 seconds
[2025-02-04T16:28:33.851+0000] {processor.py:186} INFO - Started process (PID=802) to work on /home/airflow/.local/lib/python3.9/site-packages/airflow/example_dags/example_setup_teardown.py
[2025-02-04T16:28:33.852+0000] {processor.py:914} INFO - Processing file /home/airflow/.local/lib/python3.9/site-packages/airflow/example_dags/example_setup_teardown.py for tasks to queue
[2025-02-04T16:28:33.855+0000] {logging_mixin.py:190} INFO - [2025-02-04T16:28:33.855+0000] {dagbag.py:588} INFO - Filling up the DagBag from /home/airflow/.local/lib/python3.9/site-packages/airflow/example_dags/example_setup_teardown.py
[2025-02-04T16:28:33.864+0000] {processor.py:925} INFO - DAG(s) 'example_setup_teardown' retrieved from /home/airflow/.local/lib/python3.9/site-packages/airflow/example_dags/example_setup_teardown.py
[2025-02-04T16:28:33.885+0000] {logging_mixin.py:190} INFO - [2025-02-04T16:28:33.885+0000] {dag.py:3239} INFO - Sync 1 DAGs
[2025-02-04T16:28:33.899+0000] {logging_mixin.py:190} INFO - [2025-02-04T16:28:33.898+0000] {dag.py:4180} INFO - Setting next_dagrun for example_setup_teardown to None, run_after=None
[2025-02-04T16:28:33.928+0000] {processor.py:208} INFO - Processing /home/airflow/.local/lib/python3.9/site-packages/airflow/example_dags/example_setup_teardown.py took 0.083 seconds
[2025-02-04T16:29:04.336+0000] {processor.py:186} INFO - Started process (PID=866) to work on /home/airflow/.local/lib/python3.9/site-packages/airflow/example_dags/example_setup_teardown.py
[2025-02-04T16:29:04.337+0000] {processor.py:914} INFO - Processing file /home/airflow/.local/lib/python3.9/site-packages/airflow/example_dags/example_setup_teardown.py for tasks to queue
[2025-02-04T16:29:04.340+0000] {logging_mixin.py:190} INFO - [2025-02-04T16:29:04.340+0000] {dagbag.py:588} INFO - Filling up the DagBag from /home/airflow/.local/lib/python3.9/site-packages/airflow/example_dags/example_setup_teardown.py
[2025-02-04T16:29:04.348+0000] {processor.py:925} INFO - DAG(s) 'example_setup_teardown' retrieved from /home/airflow/.local/lib/python3.9/site-packages/airflow/example_dags/example_setup_teardown.py
[2025-02-04T16:29:04.370+0000] {logging_mixin.py:190} INFO - [2025-02-04T16:29:04.370+0000] {dag.py:3239} INFO - Sync 1 DAGs
[2025-02-04T16:29:04.384+0000] {logging_mixin.py:190} INFO - [2025-02-04T16:29:04.384+0000] {dag.py:4180} INFO - Setting next_dagrun for example_setup_teardown to None, run_after=None
[2025-02-04T16:29:04.411+0000] {processor.py:208} INFO - Processing /home/airflow/.local/lib/python3.9/site-packages/airflow/example_dags/example_setup_teardown.py took 0.082 seconds
[2025-02-04T16:29:34.667+0000] {processor.py:186} INFO - Started process (PID=930) to work on /home/airflow/.local/lib/python3.9/site-packages/airflow/example_dags/example_setup_teardown.py
[2025-02-04T16:29:34.669+0000] {processor.py:914} INFO - Processing file /home/airflow/.local/lib/python3.9/site-packages/airflow/example_dags/example_setup_teardown.py for tasks to queue
[2025-02-04T16:29:34.672+0000] {logging_mixin.py:190} INFO - [2025-02-04T16:29:34.671+0000] {dagbag.py:588} INFO - Filling up the DagBag from /home/airflow/.local/lib/python3.9/site-packages/airflow/example_dags/example_setup_teardown.py
[2025-02-04T16:29:34.681+0000] {processor.py:925} INFO - DAG(s) 'example_setup_teardown' retrieved from /home/airflow/.local/lib/python3.9/site-packages/airflow/example_dags/example_setup_teardown.py
[2025-02-04T16:29:34.704+0000] {logging_mixin.py:190} INFO - [2025-02-04T16:29:34.704+0000] {dag.py:3239} INFO - Sync 1 DAGs
[2025-02-04T16:29:34.721+0000] {logging_mixin.py:190} INFO - [2025-02-04T16:29:34.721+0000] {dag.py:4180} INFO - Setting next_dagrun for example_setup_teardown to None, run_after=None
[2025-02-04T16:29:34.754+0000] {processor.py:208} INFO - Processing /home/airflow/.local/lib/python3.9/site-packages/airflow/example_dags/example_setup_teardown.py took 0.093 seconds
[2025-02-04T16:30:05.182+0000] {processor.py:186} INFO - Started process (PID=994) to work on /home/airflow/.local/lib/python3.9/site-packages/airflow/example_dags/example_setup_teardown.py
[2025-02-04T16:30:05.183+0000] {processor.py:914} INFO - Processing file /home/airflow/.local/lib/python3.9/site-packages/airflow/example_dags/example_setup_teardown.py for tasks to queue
[2025-02-04T16:30:05.186+0000] {logging_mixin.py:190} INFO - [2025-02-04T16:30:05.186+0000] {dagbag.py:588} INFO - Filling up the DagBag from /home/airflow/.local/lib/python3.9/site-packages/airflow/example_dags/example_setup_teardown.py
[2025-02-04T16:30:05.199+0000] {processor.py:925} INFO - DAG(s) 'example_setup_teardown' retrieved from /home/airflow/.local/lib/python3.9/site-packages/airflow/example_dags/example_setup_teardown.py
[2025-02-04T16:30:05.223+0000] {logging_mixin.py:190} INFO - [2025-02-04T16:30:05.223+0000] {dag.py:3239} INFO - Sync 1 DAGs
[2025-02-04T16:30:05.238+0000] {logging_mixin.py:190} INFO - [2025-02-04T16:30:05.238+0000] {dag.py:4180} INFO - Setting next_dagrun for example_setup_teardown to None, run_after=None
[2025-02-04T16:30:05.272+0000] {processor.py:208} INFO - Processing /home/airflow/.local/lib/python3.9/site-packages/airflow/example_dags/example_setup_teardown.py took 0.097 seconds
[2025-02-04T16:30:36.127+0000] {processor.py:186} INFO - Started process (PID=1058) to work on /home/airflow/.local/lib/python3.9/site-packages/airflow/example_dags/example_setup_teardown.py
[2025-02-04T16:30:36.128+0000] {processor.py:914} INFO - Processing file /home/airflow/.local/lib/python3.9/site-packages/airflow/example_dags/example_setup_teardown.py for tasks to queue
[2025-02-04T16:30:36.131+0000] {logging_mixin.py:190} INFO - [2025-02-04T16:30:36.131+0000] {dagbag.py:588} INFO - Filling up the DagBag from /home/airflow/.local/lib/python3.9/site-packages/airflow/example_dags/example_setup_teardown.py
[2025-02-04T16:30:36.140+0000] {processor.py:925} INFO - DAG(s) 'example_setup_teardown' retrieved from /home/airflow/.local/lib/python3.9/site-packages/airflow/example_dags/example_setup_teardown.py
[2025-02-04T16:30:36.163+0000] {logging_mixin.py:190} INFO - [2025-02-04T16:30:36.162+0000] {dag.py:3239} INFO - Sync 1 DAGs
[2025-02-04T16:30:36.177+0000] {logging_mixin.py:190} INFO - [2025-02-04T16:30:36.177+0000] {dag.py:4180} INFO - Setting next_dagrun for example_setup_teardown to None, run_after=None
[2025-02-04T16:30:36.258+0000] {processor.py:208} INFO - Processing /home/airflow/.local/lib/python3.9/site-packages/airflow/example_dags/example_setup_teardown.py took 0.138 seconds
[2025-02-04T16:31:06.681+0000] {processor.py:186} INFO - Started process (PID=1122) to work on /home/airflow/.local/lib/python3.9/site-packages/airflow/example_dags/example_setup_teardown.py
[2025-02-04T16:31:06.683+0000] {processor.py:914} INFO - Processing file /home/airflow/.local/lib/python3.9/site-packages/airflow/example_dags/example_setup_teardown.py for tasks to queue
[2025-02-04T16:31:06.686+0000] {logging_mixin.py:190} INFO - [2025-02-04T16:31:06.686+0000] {dagbag.py:588} INFO - Filling up the DagBag from /home/airflow/.local/lib/python3.9/site-packages/airflow/example_dags/example_setup_teardown.py
[2025-02-04T16:31:06.696+0000] {processor.py:925} INFO - DAG(s) 'example_setup_teardown' retrieved from /home/airflow/.local/lib/python3.9/site-packages/airflow/example_dags/example_setup_teardown.py
[2025-02-04T16:31:06.722+0000] {logging_mixin.py:190} INFO - [2025-02-04T16:31:06.722+0000] {dag.py:3239} INFO - Sync 1 DAGs
[2025-02-04T16:31:06.738+0000] {logging_mixin.py:190} INFO - [2025-02-04T16:31:06.738+0000] {dag.py:4180} INFO - Setting next_dagrun for example_setup_teardown to None, run_after=None
[2025-02-04T16:31:06.766+0000] {processor.py:208} INFO - Processing /home/airflow/.local/lib/python3.9/site-packages/airflow/example_dags/example_setup_teardown.py took 0.094 seconds
[2025-02-04T16:31:36.843+0000] {processor.py:186} INFO - Started process (PID=1186) to work on /home/airflow/.local/lib/python3.9/site-packages/airflow/example_dags/example_setup_teardown.py
[2025-02-04T16:31:36.844+0000] {processor.py:914} INFO - Processing file /home/airflow/.local/lib/python3.9/site-packages/airflow/example_dags/example_setup_teardown.py for tasks to queue
[2025-02-04T16:31:36.848+0000] {logging_mixin.py:190} INFO - [2025-02-04T16:31:36.848+0000] {dagbag.py:588} INFO - Filling up the DagBag from /home/airflow/.local/lib/python3.9/site-packages/airflow/example_dags/example_setup_teardown.py
[2025-02-04T16:31:36.859+0000] {processor.py:925} INFO - DAG(s) 'example_setup_teardown' retrieved from /home/airflow/.local/lib/python3.9/site-packages/airflow/example_dags/example_setup_teardown.py
[2025-02-04T16:31:36.881+0000] {logging_mixin.py:190} INFO - [2025-02-04T16:31:36.881+0000] {dag.py:3239} INFO - Sync 1 DAGs
[2025-02-04T16:31:36.896+0000] {logging_mixin.py:190} INFO - [2025-02-04T16:31:36.896+0000] {dag.py:4180} INFO - Setting next_dagrun for example_setup_teardown to None, run_after=None
[2025-02-04T16:31:36.925+0000] {processor.py:208} INFO - Processing /home/airflow/.local/lib/python3.9/site-packages/airflow/example_dags/example_setup_teardown.py took 0.091 seconds
[2025-02-04T16:32:07.274+0000] {processor.py:186} INFO - Started process (PID=1250) to work on /home/airflow/.local/lib/python3.9/site-packages/airflow/example_dags/example_setup_teardown.py
[2025-02-04T16:32:07.275+0000] {processor.py:914} INFO - Processing file /home/airflow/.local/lib/python3.9/site-packages/airflow/example_dags/example_setup_teardown.py for tasks to queue
[2025-02-04T16:32:07.278+0000] {logging_mixin.py:190} INFO - [2025-02-04T16:32:07.278+0000] {dagbag.py:588} INFO - Filling up the DagBag from /home/airflow/.local/lib/python3.9/site-packages/airflow/example_dags/example_setup_teardown.py
[2025-02-04T16:32:07.290+0000] {processor.py:925} INFO - DAG(s) 'example_setup_teardown' retrieved from /home/airflow/.local/lib/python3.9/site-packages/airflow/example_dags/example_setup_teardown.py
[2025-02-04T16:32:07.315+0000] {logging_mixin.py:190} INFO - [2025-02-04T16:32:07.315+0000] {dag.py:3239} INFO - Sync 1 DAGs
[2025-02-04T16:32:07.331+0000] {logging_mixin.py:190} INFO - [2025-02-04T16:32:07.331+0000] {dag.py:4180} INFO - Setting next_dagrun for example_setup_teardown to None, run_after=None
[2025-02-04T16:32:07.361+0000] {processor.py:208} INFO - Processing /home/airflow/.local/lib/python3.9/site-packages/airflow/example_dags/example_setup_teardown.py took 0.093 seconds
[2025-02-04T16:32:38.231+0000] {processor.py:186} INFO - Started process (PID=1314) to work on /home/airflow/.local/lib/python3.9/site-packages/airflow/example_dags/example_setup_teardown.py
[2025-02-04T16:32:38.233+0000] {processor.py:914} INFO - Processing file /home/airflow/.local/lib/python3.9/site-packages/airflow/example_dags/example_setup_teardown.py for tasks to queue
[2025-02-04T16:32:38.235+0000] {logging_mixin.py:190} INFO - [2025-02-04T16:32:38.235+0000] {dagbag.py:588} INFO - Filling up the DagBag from /home/airflow/.local/lib/python3.9/site-packages/airflow/example_dags/example_setup_teardown.py
[2025-02-04T16:32:38.249+0000] {processor.py:925} INFO - DAG(s) 'example_setup_teardown' retrieved from /home/airflow/.local/lib/python3.9/site-packages/airflow/example_dags/example_setup_teardown.py
[2025-02-04T16:32:38.275+0000] {logging_mixin.py:190} INFO - [2025-02-04T16:32:38.275+0000] {dag.py:3239} INFO - Sync 1 DAGs
[2025-02-04T16:32:38.294+0000] {logging_mixin.py:190} INFO - [2025-02-04T16:32:38.294+0000] {dag.py:4180} INFO - Setting next_dagrun for example_setup_teardown to None, run_after=None
[2025-02-04T16:32:38.330+0000] {processor.py:208} INFO - Processing /home/airflow/.local/lib/python3.9/site-packages/airflow/example_dags/example_setup_teardown.py took 0.109 seconds
[2025-02-04T16:33:08.424+0000] {processor.py:186} INFO - Started process (PID=1386) to work on /home/airflow/.local/lib/python3.9/site-packages/airflow/example_dags/example_setup_teardown.py
[2025-02-04T16:33:08.426+0000] {processor.py:914} INFO - Processing file /home/airflow/.local/lib/python3.9/site-packages/airflow/example_dags/example_setup_teardown.py for tasks to queue
[2025-02-04T16:33:08.429+0000] {logging_mixin.py:190} INFO - [2025-02-04T16:33:08.429+0000] {dagbag.py:588} INFO - Filling up the DagBag from /home/airflow/.local/lib/python3.9/site-packages/airflow/example_dags/example_setup_teardown.py
[2025-02-04T16:33:08.439+0000] {processor.py:925} INFO - DAG(s) 'example_setup_teardown' retrieved from /home/airflow/.local/lib/python3.9/site-packages/airflow/example_dags/example_setup_teardown.py
[2025-02-04T16:33:08.468+0000] {logging_mixin.py:190} INFO - [2025-02-04T16:33:08.468+0000] {dag.py:3239} INFO - Sync 1 DAGs
[2025-02-04T16:33:08.484+0000] {logging_mixin.py:190} INFO - [2025-02-04T16:33:08.484+0000] {dag.py:4180} INFO - Setting next_dagrun for example_setup_teardown to None, run_after=None
[2025-02-04T16:33:08.512+0000] {processor.py:208} INFO - Processing /home/airflow/.local/lib/python3.9/site-packages/airflow/example_dags/example_setup_teardown.py took 0.095 seconds
[2025-02-04T16:33:38.886+0000] {processor.py:186} INFO - Started process (PID=1450) to work on /home/airflow/.local/lib/python3.9/site-packages/airflow/example_dags/example_setup_teardown.py
[2025-02-04T16:33:38.888+0000] {processor.py:914} INFO - Processing file /home/airflow/.local/lib/python3.9/site-packages/airflow/example_dags/example_setup_teardown.py for tasks to queue
[2025-02-04T16:33:38.890+0000] {logging_mixin.py:190} INFO - [2025-02-04T16:33:38.890+0000] {dagbag.py:588} INFO - Filling up the DagBag from /home/airflow/.local/lib/python3.9/site-packages/airflow/example_dags/example_setup_teardown.py
[2025-02-04T16:33:38.900+0000] {processor.py:925} INFO - DAG(s) 'example_setup_teardown' retrieved from /home/airflow/.local/lib/python3.9/site-packages/airflow/example_dags/example_setup_teardown.py
[2025-02-04T16:33:38.923+0000] {logging_mixin.py:190} INFO - [2025-02-04T16:33:38.923+0000] {dag.py:3239} INFO - Sync 1 DAGs
[2025-02-04T16:33:38.941+0000] {logging_mixin.py:190} INFO - [2025-02-04T16:33:38.941+0000] {dag.py:4180} INFO - Setting next_dagrun for example_setup_teardown to None, run_after=None
[2025-02-04T16:33:39.018+0000] {processor.py:208} INFO - Processing /home/airflow/.local/lib/python3.9/site-packages/airflow/example_dags/example_setup_teardown.py took 0.138 seconds
[2025-02-04T16:34:10.024+0000] {processor.py:186} INFO - Started process (PID=1514) to work on /home/airflow/.local/lib/python3.9/site-packages/airflow/example_dags/example_setup_teardown.py
[2025-02-04T16:34:10.025+0000] {processor.py:914} INFO - Processing file /home/airflow/.local/lib/python3.9/site-packages/airflow/example_dags/example_setup_teardown.py for tasks to queue
[2025-02-04T16:34:10.028+0000] {logging_mixin.py:190} INFO - [2025-02-04T16:34:10.028+0000] {dagbag.py:588} INFO - Filling up the DagBag from /home/airflow/.local/lib/python3.9/site-packages/airflow/example_dags/example_setup_teardown.py
[2025-02-04T16:34:10.038+0000] {processor.py:925} INFO - DAG(s) 'example_setup_teardown' retrieved from /home/airflow/.local/lib/python3.9/site-packages/airflow/example_dags/example_setup_teardown.py
[2025-02-04T16:34:10.065+0000] {logging_mixin.py:190} INFO - [2025-02-04T16:34:10.065+0000] {dag.py:3239} INFO - Sync 1 DAGs
[2025-02-04T16:34:10.081+0000] {logging_mixin.py:190} INFO - [2025-02-04T16:34:10.081+0000] {dag.py:4180} INFO - Setting next_dagrun for example_setup_teardown to None, run_after=None
[2025-02-04T16:34:10.111+0000] {processor.py:208} INFO - Processing /home/airflow/.local/lib/python3.9/site-packages/airflow/example_dags/example_setup_teardown.py took 0.093 seconds
[2025-02-04T16:34:41.048+0000] {processor.py:186} INFO - Started process (PID=1568) to work on /home/airflow/.local/lib/python3.9/site-packages/airflow/example_dags/example_setup_teardown.py
[2025-02-04T16:34:41.049+0000] {processor.py:914} INFO - Processing file /home/airflow/.local/lib/python3.9/site-packages/airflow/example_dags/example_setup_teardown.py for tasks to queue
[2025-02-04T16:34:41.053+0000] {logging_mixin.py:190} INFO - [2025-02-04T16:34:41.053+0000] {dagbag.py:588} INFO - Filling up the DagBag from /home/airflow/.local/lib/python3.9/site-packages/airflow/example_dags/example_setup_teardown.py
[2025-02-04T16:34:41.064+0000] {processor.py:925} INFO - DAG(s) 'example_setup_teardown' retrieved from /home/airflow/.local/lib/python3.9/site-packages/airflow/example_dags/example_setup_teardown.py
[2025-02-04T16:34:41.088+0000] {logging_mixin.py:190} INFO - [2025-02-04T16:34:41.088+0000] {dag.py:3239} INFO - Sync 1 DAGs
[2025-02-04T16:34:41.106+0000] {logging_mixin.py:190} INFO - [2025-02-04T16:34:41.105+0000] {dag.py:4180} INFO - Setting next_dagrun for example_setup_teardown to None, run_after=None
[2025-02-04T16:34:41.131+0000] {processor.py:208} INFO - Processing /home/airflow/.local/lib/python3.9/site-packages/airflow/example_dags/example_setup_teardown.py took 0.090 seconds
[2025-02-04T16:35:11.986+0000] {processor.py:186} INFO - Started process (PID=1632) to work on /home/airflow/.local/lib/python3.9/site-packages/airflow/example_dags/example_setup_teardown.py
[2025-02-04T16:35:11.988+0000] {processor.py:914} INFO - Processing file /home/airflow/.local/lib/python3.9/site-packages/airflow/example_dags/example_setup_teardown.py for tasks to queue
[2025-02-04T16:35:11.990+0000] {logging_mixin.py:190} INFO - [2025-02-04T16:35:11.990+0000] {dagbag.py:588} INFO - Filling up the DagBag from /home/airflow/.local/lib/python3.9/site-packages/airflow/example_dags/example_setup_teardown.py
[2025-02-04T16:35:11.999+0000] {processor.py:925} INFO - DAG(s) 'example_setup_teardown' retrieved from /home/airflow/.local/lib/python3.9/site-packages/airflow/example_dags/example_setup_teardown.py
[2025-02-04T16:35:12.023+0000] {logging_mixin.py:190} INFO - [2025-02-04T16:35:12.023+0000] {dag.py:3239} INFO - Sync 1 DAGs
[2025-02-04T16:35:12.037+0000] {logging_mixin.py:190} INFO - [2025-02-04T16:35:12.037+0000] {dag.py:4180} INFO - Setting next_dagrun for example_setup_teardown to None, run_after=None
[2025-02-04T16:35:12.065+0000] {processor.py:208} INFO - Processing /home/airflow/.local/lib/python3.9/site-packages/airflow/example_dags/example_setup_teardown.py took 0.086 seconds
[2025-02-04T16:35:43.141+0000] {processor.py:186} INFO - Started process (PID=1696) to work on /home/airflow/.local/lib/python3.9/site-packages/airflow/example_dags/example_setup_teardown.py
[2025-02-04T16:35:43.142+0000] {processor.py:914} INFO - Processing file /home/airflow/.local/lib/python3.9/site-packages/airflow/example_dags/example_setup_teardown.py for tasks to queue
[2025-02-04T16:35:43.145+0000] {logging_mixin.py:190} INFO - [2025-02-04T16:35:43.145+0000] {dagbag.py:588} INFO - Filling up the DagBag from /home/airflow/.local/lib/python3.9/site-packages/airflow/example_dags/example_setup_teardown.py
[2025-02-04T16:35:43.156+0000] {processor.py:925} INFO - DAG(s) 'example_setup_teardown' retrieved from /home/airflow/.local/lib/python3.9/site-packages/airflow/example_dags/example_setup_teardown.py
[2025-02-04T16:35:43.181+0000] {logging_mixin.py:190} INFO - [2025-02-04T16:35:43.181+0000] {dag.py:3239} INFO - Sync 1 DAGs
[2025-02-04T16:35:43.198+0000] {logging_mixin.py:190} INFO - [2025-02-04T16:35:43.198+0000] {dag.py:4180} INFO - Setting next_dagrun for example_setup_teardown to None, run_after=None
[2025-02-04T16:35:43.225+0000] {processor.py:208} INFO - Processing /home/airflow/.local/lib/python3.9/site-packages/airflow/example_dags/example_setup_teardown.py took 0.091 seconds
[2025-02-04T16:36:14.229+0000] {processor.py:186} INFO - Started process (PID=1761) to work on /home/airflow/.local/lib/python3.9/site-packages/airflow/example_dags/example_setup_teardown.py
[2025-02-04T16:36:14.230+0000] {processor.py:914} INFO - Processing file /home/airflow/.local/lib/python3.9/site-packages/airflow/example_dags/example_setup_teardown.py for tasks to queue
[2025-02-04T16:36:14.234+0000] {logging_mixin.py:190} INFO - [2025-02-04T16:36:14.233+0000] {dagbag.py:588} INFO - Filling up the DagBag from /home/airflow/.local/lib/python3.9/site-packages/airflow/example_dags/example_setup_teardown.py
[2025-02-04T16:36:14.245+0000] {processor.py:925} INFO - DAG(s) 'example_setup_teardown' retrieved from /home/airflow/.local/lib/python3.9/site-packages/airflow/example_dags/example_setup_teardown.py
[2025-02-04T16:36:14.269+0000] {logging_mixin.py:190} INFO - [2025-02-04T16:36:14.269+0000] {dag.py:3239} INFO - Sync 1 DAGs
[2025-02-04T16:36:14.286+0000] {logging_mixin.py:190} INFO - [2025-02-04T16:36:14.286+0000] {dag.py:4180} INFO - Setting next_dagrun for example_setup_teardown to None, run_after=None
[2025-02-04T16:36:14.314+0000] {processor.py:208} INFO - Processing /home/airflow/.local/lib/python3.9/site-packages/airflow/example_dags/example_setup_teardown.py took 0.095 seconds
[2025-02-04T16:36:45.067+0000] {processor.py:186} INFO - Started process (PID=1825) to work on /home/airflow/.local/lib/python3.9/site-packages/airflow/example_dags/example_setup_teardown.py
[2025-02-04T16:36:45.068+0000] {processor.py:914} INFO - Processing file /home/airflow/.local/lib/python3.9/site-packages/airflow/example_dags/example_setup_teardown.py for tasks to queue
[2025-02-04T16:36:45.071+0000] {logging_mixin.py:190} INFO - [2025-02-04T16:36:45.071+0000] {dagbag.py:588} INFO - Filling up the DagBag from /home/airflow/.local/lib/python3.9/site-packages/airflow/example_dags/example_setup_teardown.py
[2025-02-04T16:36:45.081+0000] {processor.py:925} INFO - DAG(s) 'example_setup_teardown' retrieved from /home/airflow/.local/lib/python3.9/site-packages/airflow/example_dags/example_setup_teardown.py
[2025-02-04T16:36:45.103+0000] {logging_mixin.py:190} INFO - [2025-02-04T16:36:45.103+0000] {dag.py:3239} INFO - Sync 1 DAGs
[2025-02-04T16:36:45.118+0000] {logging_mixin.py:190} INFO - [2025-02-04T16:36:45.117+0000] {dag.py:4180} INFO - Setting next_dagrun for example_setup_teardown to None, run_after=None
[2025-02-04T16:36:45.142+0000] {processor.py:208} INFO - Processing /home/airflow/.local/lib/python3.9/site-packages/airflow/example_dags/example_setup_teardown.py took 0.083 seconds
[2025-02-04T16:39:23.546+0000] {processor.py:186} INFO - Started process (PID=1888) to work on /home/airflow/.local/lib/python3.9/site-packages/airflow/example_dags/example_setup_teardown.py
[2025-02-04T16:39:23.548+0000] {processor.py:914} INFO - Processing file /home/airflow/.local/lib/python3.9/site-packages/airflow/example_dags/example_setup_teardown.py for tasks to queue
[2025-02-04T16:39:23.549+0000] {logging_mixin.py:190} INFO - [2025-02-04T16:39:23.549+0000] {dagbag.py:588} INFO - Filling up the DagBag from /home/airflow/.local/lib/python3.9/site-packages/airflow/example_dags/example_setup_teardown.py
[2025-02-04T16:39:23.558+0000] {processor.py:925} INFO - DAG(s) 'example_setup_teardown' retrieved from /home/airflow/.local/lib/python3.9/site-packages/airflow/example_dags/example_setup_teardown.py
[2025-02-04T16:39:23.582+0000] {logging_mixin.py:190} INFO - [2025-02-04T16:39:23.582+0000] {dag.py:3239} INFO - Sync 1 DAGs
[2025-02-04T16:39:23.600+0000] {logging_mixin.py:190} INFO - [2025-02-04T16:39:23.600+0000] {dag.py:4180} INFO - Setting next_dagrun for example_setup_teardown to None, run_after=None
[2025-02-04T16:39:23.628+0000] {processor.py:208} INFO - Processing /home/airflow/.local/lib/python3.9/site-packages/airflow/example_dags/example_setup_teardown.py took 0.089 seconds
[2025-02-04T16:39:53.769+0000] {processor.py:186} INFO - Started process (PID=1952) to work on /home/airflow/.local/lib/python3.9/site-packages/airflow/example_dags/example_setup_teardown.py
[2025-02-04T16:39:53.770+0000] {processor.py:914} INFO - Processing file /home/airflow/.local/lib/python3.9/site-packages/airflow/example_dags/example_setup_teardown.py for tasks to queue
[2025-02-04T16:39:53.771+0000] {logging_mixin.py:190} INFO - [2025-02-04T16:39:53.771+0000] {dagbag.py:588} INFO - Filling up the DagBag from /home/airflow/.local/lib/python3.9/site-packages/airflow/example_dags/example_setup_teardown.py
[2025-02-04T16:39:53.781+0000] {processor.py:925} INFO - DAG(s) 'example_setup_teardown' retrieved from /home/airflow/.local/lib/python3.9/site-packages/airflow/example_dags/example_setup_teardown.py
[2025-02-04T16:39:53.812+0000] {logging_mixin.py:190} INFO - [2025-02-04T16:39:53.812+0000] {dag.py:3239} INFO - Sync 1 DAGs
[2025-02-04T16:39:53.825+0000] {logging_mixin.py:190} INFO - [2025-02-04T16:39:53.825+0000] {dag.py:4180} INFO - Setting next_dagrun for example_setup_teardown to None, run_after=None
[2025-02-04T16:39:53.849+0000] {processor.py:208} INFO - Processing /home/airflow/.local/lib/python3.9/site-packages/airflow/example_dags/example_setup_teardown.py took 0.086 seconds
[2025-02-04T16:40:24.935+0000] {processor.py:186} INFO - Started process (PID=2016) to work on /home/airflow/.local/lib/python3.9/site-packages/airflow/example_dags/example_setup_teardown.py
[2025-02-04T16:40:24.936+0000] {processor.py:914} INFO - Processing file /home/airflow/.local/lib/python3.9/site-packages/airflow/example_dags/example_setup_teardown.py for tasks to queue
[2025-02-04T16:40:24.938+0000] {logging_mixin.py:190} INFO - [2025-02-04T16:40:24.937+0000] {dagbag.py:588} INFO - Filling up the DagBag from /home/airflow/.local/lib/python3.9/site-packages/airflow/example_dags/example_setup_teardown.py
[2025-02-04T16:40:24.947+0000] {processor.py:925} INFO - DAG(s) 'example_setup_teardown' retrieved from /home/airflow/.local/lib/python3.9/site-packages/airflow/example_dags/example_setup_teardown.py
[2025-02-04T16:40:24.971+0000] {logging_mixin.py:190} INFO - [2025-02-04T16:40:24.970+0000] {dag.py:3239} INFO - Sync 1 DAGs
[2025-02-04T16:40:24.986+0000] {logging_mixin.py:190} INFO - [2025-02-04T16:40:24.986+0000] {dag.py:4180} INFO - Setting next_dagrun for example_setup_teardown to None, run_after=None
[2025-02-04T16:40:25.012+0000] {processor.py:208} INFO - Processing /home/airflow/.local/lib/python3.9/site-packages/airflow/example_dags/example_setup_teardown.py took 0.084 seconds
[2025-02-04T16:40:55.977+0000] {processor.py:186} INFO - Started process (PID=2080) to work on /home/airflow/.local/lib/python3.9/site-packages/airflow/example_dags/example_setup_teardown.py
[2025-02-04T16:40:55.978+0000] {processor.py:914} INFO - Processing file /home/airflow/.local/lib/python3.9/site-packages/airflow/example_dags/example_setup_teardown.py for tasks to queue
[2025-02-04T16:40:55.979+0000] {logging_mixin.py:190} INFO - [2025-02-04T16:40:55.979+0000] {dagbag.py:588} INFO - Filling up the DagBag from /home/airflow/.local/lib/python3.9/site-packages/airflow/example_dags/example_setup_teardown.py
[2025-02-04T16:40:55.987+0000] {processor.py:925} INFO - DAG(s) 'example_setup_teardown' retrieved from /home/airflow/.local/lib/python3.9/site-packages/airflow/example_dags/example_setup_teardown.py
[2025-02-04T16:40:56.009+0000] {logging_mixin.py:190} INFO - [2025-02-04T16:40:56.008+0000] {dag.py:3239} INFO - Sync 1 DAGs
[2025-02-04T16:40:56.023+0000] {logging_mixin.py:190} INFO - [2025-02-04T16:40:56.022+0000] {dag.py:4180} INFO - Setting next_dagrun for example_setup_teardown to None, run_after=None
[2025-02-04T16:40:56.046+0000] {processor.py:208} INFO - Processing /home/airflow/.local/lib/python3.9/site-packages/airflow/example_dags/example_setup_teardown.py took 0.076 seconds
[2025-02-04T16:41:26.911+0000] {processor.py:186} INFO - Started process (PID=2144) to work on /home/airflow/.local/lib/python3.9/site-packages/airflow/example_dags/example_setup_teardown.py
[2025-02-04T16:41:26.912+0000] {processor.py:914} INFO - Processing file /home/airflow/.local/lib/python3.9/site-packages/airflow/example_dags/example_setup_teardown.py for tasks to queue
[2025-02-04T16:41:26.913+0000] {logging_mixin.py:190} INFO - [2025-02-04T16:41:26.913+0000] {dagbag.py:588} INFO - Filling up the DagBag from /home/airflow/.local/lib/python3.9/site-packages/airflow/example_dags/example_setup_teardown.py
[2025-02-04T16:41:26.922+0000] {processor.py:925} INFO - DAG(s) 'example_setup_teardown' retrieved from /home/airflow/.local/lib/python3.9/site-packages/airflow/example_dags/example_setup_teardown.py
[2025-02-04T16:41:26.942+0000] {logging_mixin.py:190} INFO - [2025-02-04T16:41:26.942+0000] {dag.py:3239} INFO - Sync 1 DAGs
[2025-02-04T16:41:26.956+0000] {logging_mixin.py:190} INFO - [2025-02-04T16:41:26.956+0000] {dag.py:4180} INFO - Setting next_dagrun for example_setup_teardown to None, run_after=None
[2025-02-04T16:41:26.987+0000] {processor.py:208} INFO - Processing /home/airflow/.local/lib/python3.9/site-packages/airflow/example_dags/example_setup_teardown.py took 0.083 seconds
[2025-02-04T16:41:57.221+0000] {processor.py:186} INFO - Started process (PID=2208) to work on /home/airflow/.local/lib/python3.9/site-packages/airflow/example_dags/example_setup_teardown.py
[2025-02-04T16:41:57.222+0000] {processor.py:914} INFO - Processing file /home/airflow/.local/lib/python3.9/site-packages/airflow/example_dags/example_setup_teardown.py for tasks to queue
[2025-02-04T16:41:57.224+0000] {logging_mixin.py:190} INFO - [2025-02-04T16:41:57.223+0000] {dagbag.py:588} INFO - Filling up the DagBag from /home/airflow/.local/lib/python3.9/site-packages/airflow/example_dags/example_setup_teardown.py
[2025-02-04T16:41:57.232+0000] {processor.py:925} INFO - DAG(s) 'example_setup_teardown' retrieved from /home/airflow/.local/lib/python3.9/site-packages/airflow/example_dags/example_setup_teardown.py
[2025-02-04T16:41:57.254+0000] {logging_mixin.py:190} INFO - [2025-02-04T16:41:57.254+0000] {dag.py:3239} INFO - Sync 1 DAGs
[2025-02-04T16:41:57.268+0000] {logging_mixin.py:190} INFO - [2025-02-04T16:41:57.267+0000] {dag.py:4180} INFO - Setting next_dagrun for example_setup_teardown to None, run_after=None
[2025-02-04T16:41:57.296+0000] {processor.py:208} INFO - Processing /home/airflow/.local/lib/python3.9/site-packages/airflow/example_dags/example_setup_teardown.py took 0.082 seconds
[2025-02-04T16:42:28.257+0000] {processor.py:186} INFO - Started process (PID=2272) to work on /home/airflow/.local/lib/python3.9/site-packages/airflow/example_dags/example_setup_teardown.py
[2025-02-04T16:42:28.258+0000] {processor.py:914} INFO - Processing file /home/airflow/.local/lib/python3.9/site-packages/airflow/example_dags/example_setup_teardown.py for tasks to queue
[2025-02-04T16:42:28.259+0000] {logging_mixin.py:190} INFO - [2025-02-04T16:42:28.259+0000] {dagbag.py:588} INFO - Filling up the DagBag from /home/airflow/.local/lib/python3.9/site-packages/airflow/example_dags/example_setup_teardown.py
[2025-02-04T16:42:28.268+0000] {processor.py:925} INFO - DAG(s) 'example_setup_teardown' retrieved from /home/airflow/.local/lib/python3.9/site-packages/airflow/example_dags/example_setup_teardown.py
[2025-02-04T16:42:28.292+0000] {logging_mixin.py:190} INFO - [2025-02-04T16:42:28.291+0000] {dag.py:3239} INFO - Sync 1 DAGs
[2025-02-04T16:42:28.307+0000] {logging_mixin.py:190} INFO - [2025-02-04T16:42:28.306+0000] {dag.py:4180} INFO - Setting next_dagrun for example_setup_teardown to None, run_after=None
[2025-02-04T16:42:28.333+0000] {processor.py:208} INFO - Processing /home/airflow/.local/lib/python3.9/site-packages/airflow/example_dags/example_setup_teardown.py took 0.084 seconds
[2025-02-04T16:42:59.007+0000] {processor.py:186} INFO - Started process (PID=2336) to work on /home/airflow/.local/lib/python3.9/site-packages/airflow/example_dags/example_setup_teardown.py
[2025-02-04T16:42:59.008+0000] {processor.py:914} INFO - Processing file /home/airflow/.local/lib/python3.9/site-packages/airflow/example_dags/example_setup_teardown.py for tasks to queue
[2025-02-04T16:42:59.010+0000] {logging_mixin.py:190} INFO - [2025-02-04T16:42:59.009+0000] {dagbag.py:588} INFO - Filling up the DagBag from /home/airflow/.local/lib/python3.9/site-packages/airflow/example_dags/example_setup_teardown.py
[2025-02-04T16:42:59.018+0000] {processor.py:925} INFO - DAG(s) 'example_setup_teardown' retrieved from /home/airflow/.local/lib/python3.9/site-packages/airflow/example_dags/example_setup_teardown.py
[2025-02-04T16:42:59.041+0000] {logging_mixin.py:190} INFO - [2025-02-04T16:42:59.041+0000] {dag.py:3239} INFO - Sync 1 DAGs
[2025-02-04T16:42:59.056+0000] {logging_mixin.py:190} INFO - [2025-02-04T16:42:59.056+0000] {dag.py:4180} INFO - Setting next_dagrun for example_setup_teardown to None, run_after=None
[2025-02-04T16:42:59.083+0000] {processor.py:208} INFO - Processing /home/airflow/.local/lib/python3.9/site-packages/airflow/example_dags/example_setup_teardown.py took 0.083 seconds
[2025-02-04T16:43:29.159+0000] {processor.py:186} INFO - Started process (PID=2400) to work on /home/airflow/.local/lib/python3.9/site-packages/airflow/example_dags/example_setup_teardown.py
[2025-02-04T16:43:29.160+0000] {processor.py:914} INFO - Processing file /home/airflow/.local/lib/python3.9/site-packages/airflow/example_dags/example_setup_teardown.py for tasks to queue
[2025-02-04T16:43:29.162+0000] {logging_mixin.py:190} INFO - [2025-02-04T16:43:29.162+0000] {dagbag.py:588} INFO - Filling up the DagBag from /home/airflow/.local/lib/python3.9/site-packages/airflow/example_dags/example_setup_teardown.py
[2025-02-04T16:43:29.171+0000] {processor.py:925} INFO - DAG(s) 'example_setup_teardown' retrieved from /home/airflow/.local/lib/python3.9/site-packages/airflow/example_dags/example_setup_teardown.py
[2025-02-04T16:43:29.194+0000] {logging_mixin.py:190} INFO - [2025-02-04T16:43:29.193+0000] {dag.py:3239} INFO - Sync 1 DAGs
[2025-02-04T16:43:29.208+0000] {logging_mixin.py:190} INFO - [2025-02-04T16:43:29.208+0000] {dag.py:4180} INFO - Setting next_dagrun for example_setup_teardown to None, run_after=None
[2025-02-04T16:43:29.238+0000] {processor.py:208} INFO - Processing /home/airflow/.local/lib/python3.9/site-packages/airflow/example_dags/example_setup_teardown.py took 0.086 seconds
[2025-02-04T16:43:59.981+0000] {processor.py:186} INFO - Started process (PID=2464) to work on /home/airflow/.local/lib/python3.9/site-packages/airflow/example_dags/example_setup_teardown.py
[2025-02-04T16:43:59.983+0000] {processor.py:914} INFO - Processing file /home/airflow/.local/lib/python3.9/site-packages/airflow/example_dags/example_setup_teardown.py for tasks to queue
[2025-02-04T16:43:59.984+0000] {logging_mixin.py:190} INFO - [2025-02-04T16:43:59.984+0000] {dagbag.py:588} INFO - Filling up the DagBag from /home/airflow/.local/lib/python3.9/site-packages/airflow/example_dags/example_setup_teardown.py
[2025-02-04T16:43:59.994+0000] {processor.py:925} INFO - DAG(s) 'example_setup_teardown' retrieved from /home/airflow/.local/lib/python3.9/site-packages/airflow/example_dags/example_setup_teardown.py
[2025-02-04T16:44:00.018+0000] {logging_mixin.py:190} INFO - [2025-02-04T16:44:00.018+0000] {dag.py:3239} INFO - Sync 1 DAGs
[2025-02-04T16:44:00.033+0000] {logging_mixin.py:190} INFO - [2025-02-04T16:44:00.033+0000] {dag.py:4180} INFO - Setting next_dagrun for example_setup_teardown to None, run_after=None
[2025-02-04T16:44:00.061+0000] {processor.py:208} INFO - Processing /home/airflow/.local/lib/python3.9/site-packages/airflow/example_dags/example_setup_teardown.py took 0.086 seconds
[2025-02-04T16:44:30.200+0000] {processor.py:186} INFO - Started process (PID=2528) to work on /home/airflow/.local/lib/python3.9/site-packages/airflow/example_dags/example_setup_teardown.py
[2025-02-04T16:44:30.201+0000] {processor.py:914} INFO - Processing file /home/airflow/.local/lib/python3.9/site-packages/airflow/example_dags/example_setup_teardown.py for tasks to queue
[2025-02-04T16:44:30.203+0000] {logging_mixin.py:190} INFO - [2025-02-04T16:44:30.203+0000] {dagbag.py:588} INFO - Filling up the DagBag from /home/airflow/.local/lib/python3.9/site-packages/airflow/example_dags/example_setup_teardown.py
[2025-02-04T16:44:30.212+0000] {processor.py:925} INFO - DAG(s) 'example_setup_teardown' retrieved from /home/airflow/.local/lib/python3.9/site-packages/airflow/example_dags/example_setup_teardown.py
[2025-02-04T16:44:30.236+0000] {logging_mixin.py:190} INFO - [2025-02-04T16:44:30.236+0000] {dag.py:3239} INFO - Sync 1 DAGs
[2025-02-04T16:44:30.252+0000] {logging_mixin.py:190} INFO - [2025-02-04T16:44:30.251+0000] {dag.py:4180} INFO - Setting next_dagrun for example_setup_teardown to None, run_after=None
[2025-02-04T16:44:30.279+0000] {processor.py:208} INFO - Processing /home/airflow/.local/lib/python3.9/site-packages/airflow/example_dags/example_setup_teardown.py took 0.087 seconds
[2025-02-04T16:45:00.826+0000] {processor.py:186} INFO - Started process (PID=2592) to work on /home/airflow/.local/lib/python3.9/site-packages/airflow/example_dags/example_setup_teardown.py
[2025-02-04T16:45:00.827+0000] {processor.py:914} INFO - Processing file /home/airflow/.local/lib/python3.9/site-packages/airflow/example_dags/example_setup_teardown.py for tasks to queue
[2025-02-04T16:45:00.829+0000] {logging_mixin.py:190} INFO - [2025-02-04T16:45:00.829+0000] {dagbag.py:588} INFO - Filling up the DagBag from /home/airflow/.local/lib/python3.9/site-packages/airflow/example_dags/example_setup_teardown.py
[2025-02-04T16:45:00.840+0000] {processor.py:925} INFO - DAG(s) 'example_setup_teardown' retrieved from /home/airflow/.local/lib/python3.9/site-packages/airflow/example_dags/example_setup_teardown.py
[2025-02-04T16:45:00.863+0000] {logging_mixin.py:190} INFO - [2025-02-04T16:45:00.863+0000] {dag.py:3239} INFO - Sync 1 DAGs
[2025-02-04T16:45:00.878+0000] {logging_mixin.py:190} INFO - [2025-02-04T16:45:00.878+0000] {dag.py:4180} INFO - Setting next_dagrun for example_setup_teardown to None, run_after=None
[2025-02-04T16:45:00.904+0000] {processor.py:208} INFO - Processing /home/airflow/.local/lib/python3.9/site-packages/airflow/example_dags/example_setup_teardown.py took 0.087 seconds
[2025-02-04T16:45:31.168+0000] {processor.py:186} INFO - Started process (PID=2656) to work on /home/airflow/.local/lib/python3.9/site-packages/airflow/example_dags/example_setup_teardown.py
[2025-02-04T16:45:31.170+0000] {processor.py:914} INFO - Processing file /home/airflow/.local/lib/python3.9/site-packages/airflow/example_dags/example_setup_teardown.py for tasks to queue
[2025-02-04T16:45:31.171+0000] {logging_mixin.py:190} INFO - [2025-02-04T16:45:31.171+0000] {dagbag.py:588} INFO - Filling up the DagBag from /home/airflow/.local/lib/python3.9/site-packages/airflow/example_dags/example_setup_teardown.py
[2025-02-04T16:45:31.180+0000] {processor.py:925} INFO - DAG(s) 'example_setup_teardown' retrieved from /home/airflow/.local/lib/python3.9/site-packages/airflow/example_dags/example_setup_teardown.py
[2025-02-04T16:45:31.202+0000] {logging_mixin.py:190} INFO - [2025-02-04T16:45:31.201+0000] {dag.py:3239} INFO - Sync 1 DAGs
[2025-02-04T16:45:31.218+0000] {logging_mixin.py:190} INFO - [2025-02-04T16:45:31.218+0000] {dag.py:4180} INFO - Setting next_dagrun for example_setup_teardown to None, run_after=None
[2025-02-04T16:45:31.245+0000] {processor.py:208} INFO - Processing /home/airflow/.local/lib/python3.9/site-packages/airflow/example_dags/example_setup_teardown.py took 0.083 seconds
[2025-02-04T16:46:03.770+0000] {processor.py:186} INFO - Started process (PID=2727) to work on /home/airflow/.local/lib/python3.9/site-packages/airflow/example_dags/example_setup_teardown.py
[2025-02-04T16:46:03.772+0000] {processor.py:914} INFO - Processing file /home/airflow/.local/lib/python3.9/site-packages/airflow/example_dags/example_setup_teardown.py for tasks to queue
[2025-02-04T16:46:03.775+0000] {logging_mixin.py:190} INFO - [2025-02-04T16:46:03.774+0000] {dagbag.py:588} INFO - Filling up the DagBag from /home/airflow/.local/lib/python3.9/site-packages/airflow/example_dags/example_setup_teardown.py
[2025-02-04T16:46:03.793+0000] {processor.py:925} INFO - DAG(s) 'example_setup_teardown' retrieved from /home/airflow/.local/lib/python3.9/site-packages/airflow/example_dags/example_setup_teardown.py
[2025-02-04T16:46:03.834+0000] {logging_mixin.py:190} INFO - [2025-02-04T16:46:03.834+0000] {dag.py:3239} INFO - Sync 1 DAGs
[2025-02-04T16:46:03.856+0000] {logging_mixin.py:190} INFO - [2025-02-04T16:46:03.855+0000] {dag.py:4180} INFO - Setting next_dagrun for example_setup_teardown to None, run_after=None
[2025-02-04T16:46:03.907+0000] {processor.py:208} INFO - Processing /home/airflow/.local/lib/python3.9/site-packages/airflow/example_dags/example_setup_teardown.py took 0.148 seconds
[2025-02-04T16:46:33.941+0000] {processor.py:186} INFO - Started process (PID=2791) to work on /home/airflow/.local/lib/python3.9/site-packages/airflow/example_dags/example_setup_teardown.py
[2025-02-04T16:46:33.942+0000] {processor.py:914} INFO - Processing file /home/airflow/.local/lib/python3.9/site-packages/airflow/example_dags/example_setup_teardown.py for tasks to queue
[2025-02-04T16:46:33.944+0000] {logging_mixin.py:190} INFO - [2025-02-04T16:46:33.944+0000] {dagbag.py:588} INFO - Filling up the DagBag from /home/airflow/.local/lib/python3.9/site-packages/airflow/example_dags/example_setup_teardown.py
[2025-02-04T16:46:33.953+0000] {processor.py:925} INFO - DAG(s) 'example_setup_teardown' retrieved from /home/airflow/.local/lib/python3.9/site-packages/airflow/example_dags/example_setup_teardown.py
[2025-02-04T16:46:33.976+0000] {logging_mixin.py:190} INFO - [2025-02-04T16:46:33.975+0000] {dag.py:3239} INFO - Sync 1 DAGs
[2025-02-04T16:46:33.991+0000] {logging_mixin.py:190} INFO - [2025-02-04T16:46:33.991+0000] {dag.py:4180} INFO - Setting next_dagrun for example_setup_teardown to None, run_after=None
[2025-02-04T16:46:34.018+0000] {processor.py:208} INFO - Processing /home/airflow/.local/lib/python3.9/site-packages/airflow/example_dags/example_setup_teardown.py took 0.084 seconds
[2025-02-04T16:47:08.088+0000] {processor.py:186} INFO - Started process (PID=2855) to work on /home/airflow/.local/lib/python3.9/site-packages/airflow/example_dags/example_setup_teardown.py
[2025-02-04T16:47:08.089+0000] {processor.py:914} INFO - Processing file /home/airflow/.local/lib/python3.9/site-packages/airflow/example_dags/example_setup_teardown.py for tasks to queue
[2025-02-04T16:47:08.091+0000] {logging_mixin.py:190} INFO - [2025-02-04T16:47:08.091+0000] {dagbag.py:588} INFO - Filling up the DagBag from /home/airflow/.local/lib/python3.9/site-packages/airflow/example_dags/example_setup_teardown.py
[2025-02-04T16:47:08.100+0000] {processor.py:925} INFO - DAG(s) 'example_setup_teardown' retrieved from /home/airflow/.local/lib/python3.9/site-packages/airflow/example_dags/example_setup_teardown.py
[2025-02-04T16:47:08.138+0000] {logging_mixin.py:190} INFO - [2025-02-04T16:47:08.138+0000] {dag.py:3239} INFO - Sync 1 DAGs
[2025-02-04T16:47:08.152+0000] {logging_mixin.py:190} INFO - [2025-02-04T16:47:08.152+0000] {dag.py:4180} INFO - Setting next_dagrun for example_setup_teardown to None, run_after=None
[2025-02-04T16:47:08.185+0000] {processor.py:208} INFO - Processing /home/airflow/.local/lib/python3.9/site-packages/airflow/example_dags/example_setup_teardown.py took 0.104 seconds
[2025-02-04T16:47:47.009+0000] {processor.py:186} INFO - Started process (PID=2919) to work on /home/airflow/.local/lib/python3.9/site-packages/airflow/example_dags/example_setup_teardown.py
[2025-02-04T16:47:47.011+0000] {processor.py:914} INFO - Processing file /home/airflow/.local/lib/python3.9/site-packages/airflow/example_dags/example_setup_teardown.py for tasks to queue
[2025-02-04T16:47:47.131+0000] {logging_mixin.py:190} INFO - [2025-02-04T16:47:47.131+0000] {dagbag.py:588} INFO - Filling up the DagBag from /home/airflow/.local/lib/python3.9/site-packages/airflow/example_dags/example_setup_teardown.py
[2025-02-04T16:47:47.145+0000] {processor.py:925} INFO - DAG(s) 'example_setup_teardown' retrieved from /home/airflow/.local/lib/python3.9/site-packages/airflow/example_dags/example_setup_teardown.py
[2025-02-04T16:47:47.224+0000] {logging_mixin.py:190} INFO - [2025-02-04T16:47:47.224+0000] {dag.py:3239} INFO - Sync 1 DAGs
[2025-02-04T16:47:47.241+0000] {logging_mixin.py:190} INFO - [2025-02-04T16:47:47.240+0000] {dag.py:4180} INFO - Setting next_dagrun for example_setup_teardown to None, run_after=None
[2025-02-04T16:47:47.405+0000] {processor.py:208} INFO - Processing /home/airflow/.local/lib/python3.9/site-packages/airflow/example_dags/example_setup_teardown.py took 0.405 seconds
