[2025-02-04T16:22:48.569+0000] {processor.py:186} INFO - Started process (PID=112) to work on /home/airflow/.local/lib/python3.9/site-packages/airflow/example_dags/example_kubernetes_executor.py
[2025-02-04T16:22:48.571+0000] {processor.py:914} INFO - Processing file /home/airflow/.local/lib/python3.9/site-packages/airflow/example_dags/example_kubernetes_executor.py for tasks to queue
[2025-02-04T16:22:48.574+0000] {logging_mixin.py:190} INFO - [2025-02-04T16:22:48.573+0000] {dagbag.py:588} INFO - Filling up the DagBag from /home/airflow/.local/lib/python3.9/site-packages/airflow/example_dags/example_kubernetes_executor.py
[2025-02-04T16:22:48.868+0000] {processor.py:925} INFO - DAG(s) 'example_kubernetes_executor' retrieved from /home/airflow/.local/lib/python3.9/site-packages/airflow/example_dags/example_kubernetes_executor.py
[2025-02-04T16:22:48.904+0000] {logging_mixin.py:190} WARNING - /home/airflow/.local/lib/python3.9/site-packages/airflow/providers/cncf/kubernetes/utils/k8s_hashlib_wrapper.py:29 DeprecationWarning: Python version constraint 'PY39' is deprecated and will be removed in the future. Please get version info from the 'sys.version_info'.
[2025-02-04T16:22:49.017+0000] {logging_mixin.py:190} INFO - [2025-02-04T16:22:49.016+0000] {override.py:1912} INFO - Created Permission View: can delete on DAG:example_kubernetes_executor
[2025-02-04T16:22:49.042+0000] {logging_mixin.py:190} INFO - [2025-02-04T16:22:49.041+0000] {override.py:1912} INFO - Created Permission View: can edit on DAG:example_kubernetes_executor
[2025-02-04T16:22:49.061+0000] {logging_mixin.py:190} INFO - [2025-02-04T16:22:49.061+0000] {override.py:1912} INFO - Created Permission View: can read on DAG:example_kubernetes_executor
[2025-02-04T16:22:49.088+0000] {logging_mixin.py:190} INFO - [2025-02-04T16:22:49.088+0000] {override.py:1912} INFO - Created Permission View: can delete on DAG Run:example_kubernetes_executor
[2025-02-04T16:22:49.102+0000] {logging_mixin.py:190} INFO - [2025-02-04T16:22:49.102+0000] {override.py:1912} INFO - Created Permission View: menu access on DAG Run:example_kubernetes_executor
[2025-02-04T16:22:49.119+0000] {logging_mixin.py:190} INFO - [2025-02-04T16:22:49.119+0000] {override.py:1912} INFO - Created Permission View: can read on DAG Run:example_kubernetes_executor
[2025-02-04T16:22:49.135+0000] {logging_mixin.py:190} INFO - [2025-02-04T16:22:49.135+0000] {override.py:1912} INFO - Created Permission View: can create on DAG Run:example_kubernetes_executor
[2025-02-04T16:22:49.137+0000] {logging_mixin.py:190} INFO - [2025-02-04T16:22:49.137+0000] {dag.py:3239} INFO - Sync 1 DAGs
[2025-02-04T16:22:49.151+0000] {logging_mixin.py:190} INFO - [2025-02-04T16:22:49.151+0000] {dag.py:3262} INFO - Creating ORM DAG for example_kubernetes_executor
[2025-02-04T16:22:49.152+0000] {logging_mixin.py:190} INFO - [2025-02-04T16:22:49.152+0000] {dag.py:4180} INFO - Setting next_dagrun for example_kubernetes_executor to None, run_after=None
[2025-02-04T16:22:49.178+0000] {processor.py:208} INFO - Processing /home/airflow/.local/lib/python3.9/site-packages/airflow/example_dags/example_kubernetes_executor.py took 0.616 seconds
[2025-02-04T16:23:32.995+0000] {processor.py:186} INFO - Started process (PID=176) to work on /home/airflow/.local/lib/python3.9/site-packages/airflow/example_dags/example_kubernetes_executor.py
[2025-02-04T16:23:32.997+0000] {processor.py:914} INFO - Processing file /home/airflow/.local/lib/python3.9/site-packages/airflow/example_dags/example_kubernetes_executor.py for tasks to queue
[2025-02-04T16:23:33.001+0000] {logging_mixin.py:190} INFO - [2025-02-04T16:23:33.000+0000] {dagbag.py:588} INFO - Filling up the DagBag from /home/airflow/.local/lib/python3.9/site-packages/airflow/example_dags/example_kubernetes_executor.py
[2025-02-04T16:23:33.018+0000] {processor.py:925} INFO - DAG(s) 'example_kubernetes_executor' retrieved from /home/airflow/.local/lib/python3.9/site-packages/airflow/example_dags/example_kubernetes_executor.py
[2025-02-04T16:23:33.053+0000] {logging_mixin.py:190} WARNING - /home/airflow/.local/lib/python3.9/site-packages/airflow/providers/cncf/kubernetes/utils/k8s_hashlib_wrapper.py:29 DeprecationWarning: Python version constraint 'PY39' is deprecated and will be removed in the future. Please get version info from the 'sys.version_info'.
[2025-02-04T16:23:33.067+0000] {logging_mixin.py:190} INFO - [2025-02-04T16:23:33.067+0000] {dag.py:3239} INFO - Sync 1 DAGs
[2025-02-04T16:23:33.082+0000] {logging_mixin.py:190} INFO - [2025-02-04T16:23:33.082+0000] {dag.py:4180} INFO - Setting next_dagrun for example_kubernetes_executor to None, run_after=None
[2025-02-04T16:23:33.109+0000] {processor.py:208} INFO - Processing /home/airflow/.local/lib/python3.9/site-packages/airflow/example_dags/example_kubernetes_executor.py took 0.121 seconds
[2025-02-04T16:24:03.635+0000] {processor.py:186} INFO - Started process (PID=239) to work on /home/airflow/.local/lib/python3.9/site-packages/airflow/example_dags/example_kubernetes_executor.py
[2025-02-04T16:24:03.636+0000] {processor.py:914} INFO - Processing file /home/airflow/.local/lib/python3.9/site-packages/airflow/example_dags/example_kubernetes_executor.py for tasks to queue
[2025-02-04T16:24:03.639+0000] {logging_mixin.py:190} INFO - [2025-02-04T16:24:03.638+0000] {dagbag.py:588} INFO - Filling up the DagBag from /home/airflow/.local/lib/python3.9/site-packages/airflow/example_dags/example_kubernetes_executor.py
[2025-02-04T16:24:03.654+0000] {processor.py:925} INFO - DAG(s) 'example_kubernetes_executor' retrieved from /home/airflow/.local/lib/python3.9/site-packages/airflow/example_dags/example_kubernetes_executor.py
[2025-02-04T16:24:03.690+0000] {logging_mixin.py:190} WARNING - /home/airflow/.local/lib/python3.9/site-packages/airflow/providers/cncf/kubernetes/utils/k8s_hashlib_wrapper.py:29 DeprecationWarning: Python version constraint 'PY39' is deprecated and will be removed in the future. Please get version info from the 'sys.version_info'.
[2025-02-04T16:24:03.703+0000] {logging_mixin.py:190} INFO - [2025-02-04T16:24:03.702+0000] {dag.py:3239} INFO - Sync 1 DAGs
[2025-02-04T16:24:03.720+0000] {logging_mixin.py:190} INFO - [2025-02-04T16:24:03.720+0000] {dag.py:4180} INFO - Setting next_dagrun for example_kubernetes_executor to None, run_after=None
[2025-02-04T16:24:03.747+0000] {processor.py:208} INFO - Processing /home/airflow/.local/lib/python3.9/site-packages/airflow/example_dags/example_kubernetes_executor.py took 0.119 seconds
[2025-02-04T16:24:34.474+0000] {processor.py:186} INFO - Started process (PID=302) to work on /home/airflow/.local/lib/python3.9/site-packages/airflow/example_dags/example_kubernetes_executor.py
[2025-02-04T16:24:34.476+0000] {processor.py:914} INFO - Processing file /home/airflow/.local/lib/python3.9/site-packages/airflow/example_dags/example_kubernetes_executor.py for tasks to queue
[2025-02-04T16:24:34.481+0000] {logging_mixin.py:190} INFO - [2025-02-04T16:24:34.481+0000] {dagbag.py:588} INFO - Filling up the DagBag from /home/airflow/.local/lib/python3.9/site-packages/airflow/example_dags/example_kubernetes_executor.py
[2025-02-04T16:24:34.499+0000] {processor.py:925} INFO - DAG(s) 'example_kubernetes_executor' retrieved from /home/airflow/.local/lib/python3.9/site-packages/airflow/example_dags/example_kubernetes_executor.py
[2025-02-04T16:24:34.535+0000] {logging_mixin.py:190} WARNING - /home/airflow/.local/lib/python3.9/site-packages/airflow/providers/cncf/kubernetes/utils/k8s_hashlib_wrapper.py:29 DeprecationWarning: Python version constraint 'PY39' is deprecated and will be removed in the future. Please get version info from the 'sys.version_info'.
[2025-02-04T16:24:34.548+0000] {logging_mixin.py:190} INFO - [2025-02-04T16:24:34.548+0000] {dag.py:3239} INFO - Sync 1 DAGs
[2025-02-04T16:24:34.566+0000] {logging_mixin.py:190} INFO - [2025-02-04T16:24:34.565+0000] {dag.py:4180} INFO - Setting next_dagrun for example_kubernetes_executor to None, run_after=None
[2025-02-04T16:24:34.594+0000] {processor.py:208} INFO - Processing /home/airflow/.local/lib/python3.9/site-packages/airflow/example_dags/example_kubernetes_executor.py took 0.126 seconds
[2025-02-04T16:25:05.343+0000] {processor.py:186} INFO - Started process (PID=366) to work on /home/airflow/.local/lib/python3.9/site-packages/airflow/example_dags/example_kubernetes_executor.py
[2025-02-04T16:25:05.344+0000] {processor.py:914} INFO - Processing file /home/airflow/.local/lib/python3.9/site-packages/airflow/example_dags/example_kubernetes_executor.py for tasks to queue
[2025-02-04T16:25:05.347+0000] {logging_mixin.py:190} INFO - [2025-02-04T16:25:05.347+0000] {dagbag.py:588} INFO - Filling up the DagBag from /home/airflow/.local/lib/python3.9/site-packages/airflow/example_dags/example_kubernetes_executor.py
[2025-02-04T16:25:05.365+0000] {processor.py:925} INFO - DAG(s) 'example_kubernetes_executor' retrieved from /home/airflow/.local/lib/python3.9/site-packages/airflow/example_dags/example_kubernetes_executor.py
[2025-02-04T16:25:05.403+0000] {logging_mixin.py:190} WARNING - /home/airflow/.local/lib/python3.9/site-packages/airflow/providers/cncf/kubernetes/utils/k8s_hashlib_wrapper.py:29 DeprecationWarning: Python version constraint 'PY39' is deprecated and will be removed in the future. Please get version info from the 'sys.version_info'.
[2025-02-04T16:25:05.417+0000] {logging_mixin.py:190} INFO - [2025-02-04T16:25:05.417+0000] {dag.py:3239} INFO - Sync 1 DAGs
[2025-02-04T16:25:05.434+0000] {logging_mixin.py:190} INFO - [2025-02-04T16:25:05.434+0000] {dag.py:4180} INFO - Setting next_dagrun for example_kubernetes_executor to None, run_after=None
[2025-02-04T16:25:05.463+0000] {processor.py:208} INFO - Processing /home/airflow/.local/lib/python3.9/site-packages/airflow/example_dags/example_kubernetes_executor.py took 0.127 seconds
[2025-02-04T16:25:35.729+0000] {processor.py:186} INFO - Started process (PID=430) to work on /home/airflow/.local/lib/python3.9/site-packages/airflow/example_dags/example_kubernetes_executor.py
[2025-02-04T16:25:35.730+0000] {processor.py:914} INFO - Processing file /home/airflow/.local/lib/python3.9/site-packages/airflow/example_dags/example_kubernetes_executor.py for tasks to queue
[2025-02-04T16:25:35.733+0000] {logging_mixin.py:190} INFO - [2025-02-04T16:25:35.733+0000] {dagbag.py:588} INFO - Filling up the DagBag from /home/airflow/.local/lib/python3.9/site-packages/airflow/example_dags/example_kubernetes_executor.py
[2025-02-04T16:25:35.750+0000] {processor.py:925} INFO - DAG(s) 'example_kubernetes_executor' retrieved from /home/airflow/.local/lib/python3.9/site-packages/airflow/example_dags/example_kubernetes_executor.py
[2025-02-04T16:25:35.785+0000] {logging_mixin.py:190} WARNING - /home/airflow/.local/lib/python3.9/site-packages/airflow/providers/cncf/kubernetes/utils/k8s_hashlib_wrapper.py:29 DeprecationWarning: Python version constraint 'PY39' is deprecated and will be removed in the future. Please get version info from the 'sys.version_info'.
[2025-02-04T16:25:35.798+0000] {logging_mixin.py:190} INFO - [2025-02-04T16:25:35.797+0000] {dag.py:3239} INFO - Sync 1 DAGs
[2025-02-04T16:25:35.815+0000] {logging_mixin.py:190} INFO - [2025-02-04T16:25:35.815+0000] {dag.py:4180} INFO - Setting next_dagrun for example_kubernetes_executor to None, run_after=None
[2025-02-04T16:25:35.842+0000] {processor.py:208} INFO - Processing /home/airflow/.local/lib/python3.9/site-packages/airflow/example_dags/example_kubernetes_executor.py took 0.120 seconds
[2025-02-04T16:26:06.077+0000] {processor.py:186} INFO - Started process (PID=501) to work on /home/airflow/.local/lib/python3.9/site-packages/airflow/example_dags/example_kubernetes_executor.py
[2025-02-04T16:26:06.078+0000] {processor.py:914} INFO - Processing file /home/airflow/.local/lib/python3.9/site-packages/airflow/example_dags/example_kubernetes_executor.py for tasks to queue
[2025-02-04T16:26:06.081+0000] {logging_mixin.py:190} INFO - [2025-02-04T16:26:06.080+0000] {dagbag.py:588} INFO - Filling up the DagBag from /home/airflow/.local/lib/python3.9/site-packages/airflow/example_dags/example_kubernetes_executor.py
[2025-02-04T16:26:06.096+0000] {processor.py:925} INFO - DAG(s) 'example_kubernetes_executor' retrieved from /home/airflow/.local/lib/python3.9/site-packages/airflow/example_dags/example_kubernetes_executor.py
[2025-02-04T16:26:06.135+0000] {logging_mixin.py:190} WARNING - /home/airflow/.local/lib/python3.9/site-packages/airflow/providers/cncf/kubernetes/utils/k8s_hashlib_wrapper.py:29 DeprecationWarning: Python version constraint 'PY39' is deprecated and will be removed in the future. Please get version info from the 'sys.version_info'.
[2025-02-04T16:26:06.152+0000] {logging_mixin.py:190} INFO - [2025-02-04T16:26:06.152+0000] {dag.py:3239} INFO - Sync 1 DAGs
[2025-02-04T16:26:06.172+0000] {logging_mixin.py:190} INFO - [2025-02-04T16:26:06.171+0000] {dag.py:4180} INFO - Setting next_dagrun for example_kubernetes_executor to None, run_after=None
[2025-02-04T16:26:06.200+0000] {processor.py:208} INFO - Processing /home/airflow/.local/lib/python3.9/site-packages/airflow/example_dags/example_kubernetes_executor.py took 0.129 seconds
[2025-02-04T16:26:36.913+0000] {processor.py:186} INFO - Started process (PID=565) to work on /home/airflow/.local/lib/python3.9/site-packages/airflow/example_dags/example_kubernetes_executor.py
[2025-02-04T16:26:36.915+0000] {processor.py:914} INFO - Processing file /home/airflow/.local/lib/python3.9/site-packages/airflow/example_dags/example_kubernetes_executor.py for tasks to queue
[2025-02-04T16:26:36.919+0000] {logging_mixin.py:190} INFO - [2025-02-04T16:26:36.919+0000] {dagbag.py:588} INFO - Filling up the DagBag from /home/airflow/.local/lib/python3.9/site-packages/airflow/example_dags/example_kubernetes_executor.py
[2025-02-04T16:26:36.951+0000] {processor.py:925} INFO - DAG(s) 'example_kubernetes_executor' retrieved from /home/airflow/.local/lib/python3.9/site-packages/airflow/example_dags/example_kubernetes_executor.py
[2025-02-04T16:26:36.995+0000] {logging_mixin.py:190} WARNING - /home/airflow/.local/lib/python3.9/site-packages/airflow/providers/cncf/kubernetes/utils/k8s_hashlib_wrapper.py:29 DeprecationWarning: Python version constraint 'PY39' is deprecated and will be removed in the future. Please get version info from the 'sys.version_info'.
[2025-02-04T16:26:37.014+0000] {logging_mixin.py:190} INFO - [2025-02-04T16:26:37.014+0000] {dag.py:3239} INFO - Sync 1 DAGs
[2025-02-04T16:26:37.040+0000] {logging_mixin.py:190} INFO - [2025-02-04T16:26:37.040+0000] {dag.py:4180} INFO - Setting next_dagrun for example_kubernetes_executor to None, run_after=None
[2025-02-04T16:26:37.072+0000] {processor.py:208} INFO - Processing /home/airflow/.local/lib/python3.9/site-packages/airflow/example_dags/example_kubernetes_executor.py took 0.171 seconds
[2025-02-04T16:27:07.218+0000] {processor.py:186} INFO - Started process (PID=629) to work on /home/airflow/.local/lib/python3.9/site-packages/airflow/example_dags/example_kubernetes_executor.py
[2025-02-04T16:27:07.220+0000] {processor.py:914} INFO - Processing file /home/airflow/.local/lib/python3.9/site-packages/airflow/example_dags/example_kubernetes_executor.py for tasks to queue
[2025-02-04T16:27:07.224+0000] {logging_mixin.py:190} INFO - [2025-02-04T16:27:07.223+0000] {dagbag.py:588} INFO - Filling up the DagBag from /home/airflow/.local/lib/python3.9/site-packages/airflow/example_dags/example_kubernetes_executor.py
[2025-02-04T16:27:07.262+0000] {processor.py:925} INFO - DAG(s) 'example_kubernetes_executor' retrieved from /home/airflow/.local/lib/python3.9/site-packages/airflow/example_dags/example_kubernetes_executor.py
[2025-02-04T16:27:07.297+0000] {logging_mixin.py:190} WARNING - /home/airflow/.local/lib/python3.9/site-packages/airflow/providers/cncf/kubernetes/utils/k8s_hashlib_wrapper.py:29 DeprecationWarning: Python version constraint 'PY39' is deprecated and will be removed in the future. Please get version info from the 'sys.version_info'.
[2025-02-04T16:27:07.311+0000] {logging_mixin.py:190} INFO - [2025-02-04T16:27:07.310+0000] {dag.py:3239} INFO - Sync 1 DAGs
[2025-02-04T16:27:07.325+0000] {logging_mixin.py:190} INFO - [2025-02-04T16:27:07.325+0000] {dag.py:4180} INFO - Setting next_dagrun for example_kubernetes_executor to None, run_after=None
[2025-02-04T16:27:07.351+0000] {processor.py:208} INFO - Processing /home/airflow/.local/lib/python3.9/site-packages/airflow/example_dags/example_kubernetes_executor.py took 0.143 seconds
[2025-02-04T16:27:38.107+0000] {processor.py:186} INFO - Started process (PID=693) to work on /home/airflow/.local/lib/python3.9/site-packages/airflow/example_dags/example_kubernetes_executor.py
[2025-02-04T16:27:38.109+0000] {processor.py:914} INFO - Processing file /home/airflow/.local/lib/python3.9/site-packages/airflow/example_dags/example_kubernetes_executor.py for tasks to queue
[2025-02-04T16:27:38.112+0000] {logging_mixin.py:190} INFO - [2025-02-04T16:27:38.111+0000] {dagbag.py:588} INFO - Filling up the DagBag from /home/airflow/.local/lib/python3.9/site-packages/airflow/example_dags/example_kubernetes_executor.py
[2025-02-04T16:27:38.128+0000] {processor.py:925} INFO - DAG(s) 'example_kubernetes_executor' retrieved from /home/airflow/.local/lib/python3.9/site-packages/airflow/example_dags/example_kubernetes_executor.py
[2025-02-04T16:27:38.165+0000] {logging_mixin.py:190} WARNING - /home/airflow/.local/lib/python3.9/site-packages/airflow/providers/cncf/kubernetes/utils/k8s_hashlib_wrapper.py:29 DeprecationWarning: Python version constraint 'PY39' is deprecated and will be removed in the future. Please get version info from the 'sys.version_info'.
[2025-02-04T16:27:38.182+0000] {logging_mixin.py:190} INFO - [2025-02-04T16:27:38.182+0000] {dag.py:3239} INFO - Sync 1 DAGs
[2025-02-04T16:27:38.197+0000] {logging_mixin.py:190} INFO - [2025-02-04T16:27:38.197+0000] {dag.py:4180} INFO - Setting next_dagrun for example_kubernetes_executor to None, run_after=None
[2025-02-04T16:27:38.223+0000] {processor.py:208} INFO - Processing /home/airflow/.local/lib/python3.9/site-packages/airflow/example_dags/example_kubernetes_executor.py took 0.123 seconds
[2025-02-04T16:28:09.338+0000] {processor.py:186} INFO - Started process (PID=757) to work on /home/airflow/.local/lib/python3.9/site-packages/airflow/example_dags/example_kubernetes_executor.py
[2025-02-04T16:28:09.341+0000] {processor.py:914} INFO - Processing file /home/airflow/.local/lib/python3.9/site-packages/airflow/example_dags/example_kubernetes_executor.py for tasks to queue
[2025-02-04T16:28:09.345+0000] {logging_mixin.py:190} INFO - [2025-02-04T16:28:09.344+0000] {dagbag.py:588} INFO - Filling up the DagBag from /home/airflow/.local/lib/python3.9/site-packages/airflow/example_dags/example_kubernetes_executor.py
[2025-02-04T16:28:09.372+0000] {processor.py:925} INFO - DAG(s) 'example_kubernetes_executor' retrieved from /home/airflow/.local/lib/python3.9/site-packages/airflow/example_dags/example_kubernetes_executor.py
[2025-02-04T16:28:09.415+0000] {logging_mixin.py:190} WARNING - /home/airflow/.local/lib/python3.9/site-packages/airflow/providers/cncf/kubernetes/utils/k8s_hashlib_wrapper.py:29 DeprecationWarning: Python version constraint 'PY39' is deprecated and will be removed in the future. Please get version info from the 'sys.version_info'.
[2025-02-04T16:28:09.760+0000] {logging_mixin.py:190} INFO - [2025-02-04T16:28:09.760+0000] {dag.py:3239} INFO - Sync 1 DAGs
[2025-02-04T16:28:09.775+0000] {logging_mixin.py:190} INFO - [2025-02-04T16:28:09.775+0000] {dag.py:4180} INFO - Setting next_dagrun for example_kubernetes_executor to None, run_after=None
[2025-02-04T16:28:09.804+0000] {processor.py:208} INFO - Processing /home/airflow/.local/lib/python3.9/site-packages/airflow/example_dags/example_kubernetes_executor.py took 0.474 seconds
[2025-02-04T16:28:39.992+0000] {processor.py:186} INFO - Started process (PID=824) to work on /home/airflow/.local/lib/python3.9/site-packages/airflow/example_dags/example_kubernetes_executor.py
[2025-02-04T16:28:40.029+0000] {processor.py:914} INFO - Processing file /home/airflow/.local/lib/python3.9/site-packages/airflow/example_dags/example_kubernetes_executor.py for tasks to queue
[2025-02-04T16:28:40.032+0000] {logging_mixin.py:190} INFO - [2025-02-04T16:28:40.032+0000] {dagbag.py:588} INFO - Filling up the DagBag from /home/airflow/.local/lib/python3.9/site-packages/airflow/example_dags/example_kubernetes_executor.py
[2025-02-04T16:28:40.049+0000] {processor.py:925} INFO - DAG(s) 'example_kubernetes_executor' retrieved from /home/airflow/.local/lib/python3.9/site-packages/airflow/example_dags/example_kubernetes_executor.py
[2025-02-04T16:28:40.085+0000] {logging_mixin.py:190} WARNING - /home/airflow/.local/lib/python3.9/site-packages/airflow/providers/cncf/kubernetes/utils/k8s_hashlib_wrapper.py:29 DeprecationWarning: Python version constraint 'PY39' is deprecated and will be removed in the future. Please get version info from the 'sys.version_info'.
[2025-02-04T16:28:40.146+0000] {logging_mixin.py:190} INFO - [2025-02-04T16:28:40.146+0000] {dag.py:3239} INFO - Sync 1 DAGs
[2025-02-04T16:28:40.248+0000] {logging_mixin.py:190} INFO - [2025-02-04T16:28:40.248+0000] {dag.py:4180} INFO - Setting next_dagrun for example_kubernetes_executor to None, run_after=None
[2025-02-04T16:28:40.276+0000] {processor.py:208} INFO - Processing /home/airflow/.local/lib/python3.9/site-packages/airflow/example_dags/example_kubernetes_executor.py took 0.291 seconds
[2025-02-04T16:29:10.450+0000] {processor.py:186} INFO - Started process (PID=888) to work on /home/airflow/.local/lib/python3.9/site-packages/airflow/example_dags/example_kubernetes_executor.py
[2025-02-04T16:29:10.452+0000] {processor.py:914} INFO - Processing file /home/airflow/.local/lib/python3.9/site-packages/airflow/example_dags/example_kubernetes_executor.py for tasks to queue
[2025-02-04T16:29:10.456+0000] {logging_mixin.py:190} INFO - [2025-02-04T16:29:10.456+0000] {dagbag.py:588} INFO - Filling up the DagBag from /home/airflow/.local/lib/python3.9/site-packages/airflow/example_dags/example_kubernetes_executor.py
[2025-02-04T16:29:10.474+0000] {processor.py:925} INFO - DAG(s) 'example_kubernetes_executor' retrieved from /home/airflow/.local/lib/python3.9/site-packages/airflow/example_dags/example_kubernetes_executor.py
[2025-02-04T16:29:10.512+0000] {logging_mixin.py:190} WARNING - /home/airflow/.local/lib/python3.9/site-packages/airflow/providers/cncf/kubernetes/utils/k8s_hashlib_wrapper.py:29 DeprecationWarning: Python version constraint 'PY39' is deprecated and will be removed in the future. Please get version info from the 'sys.version_info'.
[2025-02-04T16:29:10.528+0000] {logging_mixin.py:190} INFO - [2025-02-04T16:29:10.528+0000] {dag.py:3239} INFO - Sync 1 DAGs
[2025-02-04T16:29:10.544+0000] {logging_mixin.py:190} INFO - [2025-02-04T16:29:10.543+0000] {dag.py:4180} INFO - Setting next_dagrun for example_kubernetes_executor to None, run_after=None
[2025-02-04T16:29:10.574+0000] {processor.py:208} INFO - Processing /home/airflow/.local/lib/python3.9/site-packages/airflow/example_dags/example_kubernetes_executor.py took 0.131 seconds
[2025-02-04T16:29:40.711+0000] {processor.py:186} INFO - Started process (PID=951) to work on /home/airflow/.local/lib/python3.9/site-packages/airflow/example_dags/example_kubernetes_executor.py
[2025-02-04T16:29:40.712+0000] {processor.py:914} INFO - Processing file /home/airflow/.local/lib/python3.9/site-packages/airflow/example_dags/example_kubernetes_executor.py for tasks to queue
[2025-02-04T16:29:40.715+0000] {logging_mixin.py:190} INFO - [2025-02-04T16:29:40.715+0000] {dagbag.py:588} INFO - Filling up the DagBag from /home/airflow/.local/lib/python3.9/site-packages/airflow/example_dags/example_kubernetes_executor.py
[2025-02-04T16:29:40.732+0000] {processor.py:925} INFO - DAG(s) 'example_kubernetes_executor' retrieved from /home/airflow/.local/lib/python3.9/site-packages/airflow/example_dags/example_kubernetes_executor.py
[2025-02-04T16:29:40.769+0000] {logging_mixin.py:190} WARNING - /home/airflow/.local/lib/python3.9/site-packages/airflow/providers/cncf/kubernetes/utils/k8s_hashlib_wrapper.py:29 DeprecationWarning: Python version constraint 'PY39' is deprecated and will be removed in the future. Please get version info from the 'sys.version_info'.
[2025-02-04T16:29:40.786+0000] {logging_mixin.py:190} INFO - [2025-02-04T16:29:40.786+0000] {dag.py:3239} INFO - Sync 1 DAGs
[2025-02-04T16:29:40.802+0000] {logging_mixin.py:190} INFO - [2025-02-04T16:29:40.801+0000] {dag.py:4180} INFO - Setting next_dagrun for example_kubernetes_executor to None, run_after=None
[2025-02-04T16:29:40.831+0000] {processor.py:208} INFO - Processing /home/airflow/.local/lib/python3.9/site-packages/airflow/example_dags/example_kubernetes_executor.py took 0.127 seconds
[2025-02-04T16:30:11.025+0000] {processor.py:186} INFO - Started process (PID=1015) to work on /home/airflow/.local/lib/python3.9/site-packages/airflow/example_dags/example_kubernetes_executor.py
[2025-02-04T16:30:11.027+0000] {processor.py:914} INFO - Processing file /home/airflow/.local/lib/python3.9/site-packages/airflow/example_dags/example_kubernetes_executor.py for tasks to queue
[2025-02-04T16:30:11.029+0000] {logging_mixin.py:190} INFO - [2025-02-04T16:30:11.029+0000] {dagbag.py:588} INFO - Filling up the DagBag from /home/airflow/.local/lib/python3.9/site-packages/airflow/example_dags/example_kubernetes_executor.py
[2025-02-04T16:30:11.045+0000] {processor.py:925} INFO - DAG(s) 'example_kubernetes_executor' retrieved from /home/airflow/.local/lib/python3.9/site-packages/airflow/example_dags/example_kubernetes_executor.py
[2025-02-04T16:30:11.085+0000] {logging_mixin.py:190} WARNING - /home/airflow/.local/lib/python3.9/site-packages/airflow/providers/cncf/kubernetes/utils/k8s_hashlib_wrapper.py:29 DeprecationWarning: Python version constraint 'PY39' is deprecated and will be removed in the future. Please get version info from the 'sys.version_info'.
[2025-02-04T16:30:11.100+0000] {logging_mixin.py:190} INFO - [2025-02-04T16:30:11.099+0000] {dag.py:3239} INFO - Sync 1 DAGs
[2025-02-04T16:30:11.114+0000] {logging_mixin.py:190} INFO - [2025-02-04T16:30:11.114+0000] {dag.py:4180} INFO - Setting next_dagrun for example_kubernetes_executor to None, run_after=None
[2025-02-04T16:30:11.146+0000] {processor.py:208} INFO - Processing /home/airflow/.local/lib/python3.9/site-packages/airflow/example_dags/example_kubernetes_executor.py took 0.127 seconds
[2025-02-04T16:30:41.529+0000] {processor.py:186} INFO - Started process (PID=1077) to work on /home/airflow/.local/lib/python3.9/site-packages/airflow/example_dags/example_kubernetes_executor.py
[2025-02-04T16:30:41.531+0000] {processor.py:914} INFO - Processing file /home/airflow/.local/lib/python3.9/site-packages/airflow/example_dags/example_kubernetes_executor.py for tasks to queue
[2025-02-04T16:30:41.533+0000] {logging_mixin.py:190} INFO - [2025-02-04T16:30:41.533+0000] {dagbag.py:588} INFO - Filling up the DagBag from /home/airflow/.local/lib/python3.9/site-packages/airflow/example_dags/example_kubernetes_executor.py
[2025-02-04T16:30:41.550+0000] {processor.py:925} INFO - DAG(s) 'example_kubernetes_executor' retrieved from /home/airflow/.local/lib/python3.9/site-packages/airflow/example_dags/example_kubernetes_executor.py
[2025-02-04T16:30:41.587+0000] {logging_mixin.py:190} WARNING - /home/airflow/.local/lib/python3.9/site-packages/airflow/providers/cncf/kubernetes/utils/k8s_hashlib_wrapper.py:29 DeprecationWarning: Python version constraint 'PY39' is deprecated and will be removed in the future. Please get version info from the 'sys.version_info'.
[2025-02-04T16:30:41.600+0000] {logging_mixin.py:190} INFO - [2025-02-04T16:30:41.599+0000] {dag.py:3239} INFO - Sync 1 DAGs
[2025-02-04T16:30:41.618+0000] {logging_mixin.py:190} INFO - [2025-02-04T16:30:41.617+0000] {dag.py:4180} INFO - Setting next_dagrun for example_kubernetes_executor to None, run_after=None
[2025-02-04T16:30:41.648+0000] {processor.py:208} INFO - Processing /home/airflow/.local/lib/python3.9/site-packages/airflow/example_dags/example_kubernetes_executor.py took 0.127 seconds
[2025-02-04T16:31:12.371+0000] {processor.py:186} INFO - Started process (PID=1141) to work on /home/airflow/.local/lib/python3.9/site-packages/airflow/example_dags/example_kubernetes_executor.py
[2025-02-04T16:31:12.373+0000] {processor.py:914} INFO - Processing file /home/airflow/.local/lib/python3.9/site-packages/airflow/example_dags/example_kubernetes_executor.py for tasks to queue
[2025-02-04T16:31:12.377+0000] {logging_mixin.py:190} INFO - [2025-02-04T16:31:12.376+0000] {dagbag.py:588} INFO - Filling up the DagBag from /home/airflow/.local/lib/python3.9/site-packages/airflow/example_dags/example_kubernetes_executor.py
[2025-02-04T16:31:12.398+0000] {processor.py:925} INFO - DAG(s) 'example_kubernetes_executor' retrieved from /home/airflow/.local/lib/python3.9/site-packages/airflow/example_dags/example_kubernetes_executor.py
[2025-02-04T16:31:12.440+0000] {logging_mixin.py:190} WARNING - /home/airflow/.local/lib/python3.9/site-packages/airflow/providers/cncf/kubernetes/utils/k8s_hashlib_wrapper.py:29 DeprecationWarning: Python version constraint 'PY39' is deprecated and will be removed in the future. Please get version info from the 'sys.version_info'.
[2025-02-04T16:31:12.457+0000] {logging_mixin.py:190} INFO - [2025-02-04T16:31:12.457+0000] {dag.py:3239} INFO - Sync 1 DAGs
[2025-02-04T16:31:12.478+0000] {logging_mixin.py:190} INFO - [2025-02-04T16:31:12.478+0000] {dag.py:4180} INFO - Setting next_dagrun for example_kubernetes_executor to None, run_after=None
[2025-02-04T16:31:12.515+0000] {processor.py:208} INFO - Processing /home/airflow/.local/lib/python3.9/site-packages/airflow/example_dags/example_kubernetes_executor.py took 0.150 seconds
[2025-02-04T16:31:43.425+0000] {processor.py:186} INFO - Started process (PID=1212) to work on /home/airflow/.local/lib/python3.9/site-packages/airflow/example_dags/example_kubernetes_executor.py
[2025-02-04T16:31:43.426+0000] {processor.py:914} INFO - Processing file /home/airflow/.local/lib/python3.9/site-packages/airflow/example_dags/example_kubernetes_executor.py for tasks to queue
[2025-02-04T16:31:43.430+0000] {logging_mixin.py:190} INFO - [2025-02-04T16:31:43.429+0000] {dagbag.py:588} INFO - Filling up the DagBag from /home/airflow/.local/lib/python3.9/site-packages/airflow/example_dags/example_kubernetes_executor.py
[2025-02-04T16:31:43.446+0000] {processor.py:925} INFO - DAG(s) 'example_kubernetes_executor' retrieved from /home/airflow/.local/lib/python3.9/site-packages/airflow/example_dags/example_kubernetes_executor.py
[2025-02-04T16:31:43.495+0000] {logging_mixin.py:190} WARNING - /home/airflow/.local/lib/python3.9/site-packages/airflow/providers/cncf/kubernetes/utils/k8s_hashlib_wrapper.py:29 DeprecationWarning: Python version constraint 'PY39' is deprecated and will be removed in the future. Please get version info from the 'sys.version_info'.
[2025-02-04T16:31:43.514+0000] {logging_mixin.py:190} INFO - [2025-02-04T16:31:43.514+0000] {dag.py:3239} INFO - Sync 1 DAGs
[2025-02-04T16:31:43.534+0000] {logging_mixin.py:190} INFO - [2025-02-04T16:31:43.534+0000] {dag.py:4180} INFO - Setting next_dagrun for example_kubernetes_executor to None, run_after=None
[2025-02-04T16:31:43.562+0000] {processor.py:208} INFO - Processing /home/airflow/.local/lib/python3.9/site-packages/airflow/example_dags/example_kubernetes_executor.py took 0.147 seconds
[2025-02-04T16:32:13.607+0000] {processor.py:186} INFO - Started process (PID=1276) to work on /home/airflow/.local/lib/python3.9/site-packages/airflow/example_dags/example_kubernetes_executor.py
[2025-02-04T16:32:13.634+0000] {processor.py:914} INFO - Processing file /home/airflow/.local/lib/python3.9/site-packages/airflow/example_dags/example_kubernetes_executor.py for tasks to queue
[2025-02-04T16:32:13.656+0000] {logging_mixin.py:190} INFO - [2025-02-04T16:32:13.655+0000] {dagbag.py:588} INFO - Filling up the DagBag from /home/airflow/.local/lib/python3.9/site-packages/airflow/example_dags/example_kubernetes_executor.py
[2025-02-04T16:32:13.683+0000] {processor.py:925} INFO - DAG(s) 'example_kubernetes_executor' retrieved from /home/airflow/.local/lib/python3.9/site-packages/airflow/example_dags/example_kubernetes_executor.py
[2025-02-04T16:32:13.722+0000] {logging_mixin.py:190} WARNING - /home/airflow/.local/lib/python3.9/site-packages/airflow/providers/cncf/kubernetes/utils/k8s_hashlib_wrapper.py:29 DeprecationWarning: Python version constraint 'PY39' is deprecated and will be removed in the future. Please get version info from the 'sys.version_info'.
[2025-02-04T16:32:13.735+0000] {logging_mixin.py:190} INFO - [2025-02-04T16:32:13.735+0000] {dag.py:3239} INFO - Sync 1 DAGs
[2025-02-04T16:32:13.753+0000] {logging_mixin.py:190} INFO - [2025-02-04T16:32:13.752+0000] {dag.py:4180} INFO - Setting next_dagrun for example_kubernetes_executor to None, run_after=None
[2025-02-04T16:32:13.777+0000] {processor.py:208} INFO - Processing /home/airflow/.local/lib/python3.9/site-packages/airflow/example_dags/example_kubernetes_executor.py took 0.178 seconds
[2025-02-04T16:32:43.973+0000] {processor.py:186} INFO - Started process (PID=1340) to work on /home/airflow/.local/lib/python3.9/site-packages/airflow/example_dags/example_kubernetes_executor.py
[2025-02-04T16:32:43.975+0000] {processor.py:914} INFO - Processing file /home/airflow/.local/lib/python3.9/site-packages/airflow/example_dags/example_kubernetes_executor.py for tasks to queue
[2025-02-04T16:32:43.979+0000] {logging_mixin.py:190} INFO - [2025-02-04T16:32:43.978+0000] {dagbag.py:588} INFO - Filling up the DagBag from /home/airflow/.local/lib/python3.9/site-packages/airflow/example_dags/example_kubernetes_executor.py
[2025-02-04T16:32:44.000+0000] {processor.py:925} INFO - DAG(s) 'example_kubernetes_executor' retrieved from /home/airflow/.local/lib/python3.9/site-packages/airflow/example_dags/example_kubernetes_executor.py
[2025-02-04T16:32:44.034+0000] {logging_mixin.py:190} WARNING - /home/airflow/.local/lib/python3.9/site-packages/airflow/providers/cncf/kubernetes/utils/k8s_hashlib_wrapper.py:29 DeprecationWarning: Python version constraint 'PY39' is deprecated and will be removed in the future. Please get version info from the 'sys.version_info'.
[2025-02-04T16:32:44.049+0000] {logging_mixin.py:190} INFO - [2025-02-04T16:32:44.048+0000] {dag.py:3239} INFO - Sync 1 DAGs
[2025-02-04T16:32:44.067+0000] {logging_mixin.py:190} INFO - [2025-02-04T16:32:44.067+0000] {dag.py:4180} INFO - Setting next_dagrun for example_kubernetes_executor to None, run_after=None
[2025-02-04T16:32:44.093+0000] {processor.py:208} INFO - Processing /home/airflow/.local/lib/python3.9/site-packages/airflow/example_dags/example_kubernetes_executor.py took 0.127 seconds
[2025-02-04T16:33:14.998+0000] {processor.py:186} INFO - Started process (PID=1406) to work on /home/airflow/.local/lib/python3.9/site-packages/airflow/example_dags/example_kubernetes_executor.py
[2025-02-04T16:33:14.999+0000] {processor.py:914} INFO - Processing file /home/airflow/.local/lib/python3.9/site-packages/airflow/example_dags/example_kubernetes_executor.py for tasks to queue
[2025-02-04T16:33:15.002+0000] {logging_mixin.py:190} INFO - [2025-02-04T16:33:15.002+0000] {dagbag.py:588} INFO - Filling up the DagBag from /home/airflow/.local/lib/python3.9/site-packages/airflow/example_dags/example_kubernetes_executor.py
[2025-02-04T16:33:15.019+0000] {processor.py:925} INFO - DAG(s) 'example_kubernetes_executor' retrieved from /home/airflow/.local/lib/python3.9/site-packages/airflow/example_dags/example_kubernetes_executor.py
[2025-02-04T16:33:15.054+0000] {logging_mixin.py:190} WARNING - /home/airflow/.local/lib/python3.9/site-packages/airflow/providers/cncf/kubernetes/utils/k8s_hashlib_wrapper.py:29 DeprecationWarning: Python version constraint 'PY39' is deprecated and will be removed in the future. Please get version info from the 'sys.version_info'.
[2025-02-04T16:33:15.067+0000] {logging_mixin.py:190} INFO - [2025-02-04T16:33:15.067+0000] {dag.py:3239} INFO - Sync 1 DAGs
[2025-02-04T16:33:15.087+0000] {logging_mixin.py:190} INFO - [2025-02-04T16:33:15.086+0000] {dag.py:4180} INFO - Setting next_dagrun for example_kubernetes_executor to None, run_after=None
[2025-02-04T16:33:15.115+0000] {processor.py:208} INFO - Processing /home/airflow/.local/lib/python3.9/site-packages/airflow/example_dags/example_kubernetes_executor.py took 0.124 seconds
[2025-02-04T16:33:45.750+0000] {processor.py:186} INFO - Started process (PID=1470) to work on /home/airflow/.local/lib/python3.9/site-packages/airflow/example_dags/example_kubernetes_executor.py
[2025-02-04T16:33:45.752+0000] {processor.py:914} INFO - Processing file /home/airflow/.local/lib/python3.9/site-packages/airflow/example_dags/example_kubernetes_executor.py for tasks to queue
[2025-02-04T16:33:45.755+0000] {logging_mixin.py:190} INFO - [2025-02-04T16:33:45.755+0000] {dagbag.py:588} INFO - Filling up the DagBag from /home/airflow/.local/lib/python3.9/site-packages/airflow/example_dags/example_kubernetes_executor.py
[2025-02-04T16:33:45.777+0000] {processor.py:925} INFO - DAG(s) 'example_kubernetes_executor' retrieved from /home/airflow/.local/lib/python3.9/site-packages/airflow/example_dags/example_kubernetes_executor.py
[2025-02-04T16:33:45.821+0000] {logging_mixin.py:190} WARNING - /home/airflow/.local/lib/python3.9/site-packages/airflow/providers/cncf/kubernetes/utils/k8s_hashlib_wrapper.py:29 DeprecationWarning: Python version constraint 'PY39' is deprecated and will be removed in the future. Please get version info from the 'sys.version_info'.
[2025-02-04T16:33:45.837+0000] {logging_mixin.py:190} INFO - [2025-02-04T16:33:45.836+0000] {dag.py:3239} INFO - Sync 1 DAGs
[2025-02-04T16:33:45.857+0000] {logging_mixin.py:190} INFO - [2025-02-04T16:33:45.857+0000] {dag.py:4180} INFO - Setting next_dagrun for example_kubernetes_executor to None, run_after=None
[2025-02-04T16:33:45.887+0000] {processor.py:208} INFO - Processing /home/airflow/.local/lib/python3.9/site-packages/airflow/example_dags/example_kubernetes_executor.py took 0.144 seconds
[2025-02-04T16:34:16.518+0000] {processor.py:186} INFO - Started process (PID=1534) to work on /home/airflow/.local/lib/python3.9/site-packages/airflow/example_dags/example_kubernetes_executor.py
[2025-02-04T16:34:16.519+0000] {processor.py:914} INFO - Processing file /home/airflow/.local/lib/python3.9/site-packages/airflow/example_dags/example_kubernetes_executor.py for tasks to queue
[2025-02-04T16:34:16.522+0000] {logging_mixin.py:190} INFO - [2025-02-04T16:34:16.522+0000] {dagbag.py:588} INFO - Filling up the DagBag from /home/airflow/.local/lib/python3.9/site-packages/airflow/example_dags/example_kubernetes_executor.py
[2025-02-04T16:34:16.537+0000] {processor.py:925} INFO - DAG(s) 'example_kubernetes_executor' retrieved from /home/airflow/.local/lib/python3.9/site-packages/airflow/example_dags/example_kubernetes_executor.py
[2025-02-04T16:34:16.574+0000] {logging_mixin.py:190} WARNING - /home/airflow/.local/lib/python3.9/site-packages/airflow/providers/cncf/kubernetes/utils/k8s_hashlib_wrapper.py:29 DeprecationWarning: Python version constraint 'PY39' is deprecated and will be removed in the future. Please get version info from the 'sys.version_info'.
[2025-02-04T16:34:16.587+0000] {logging_mixin.py:190} INFO - [2025-02-04T16:34:16.587+0000] {dag.py:3239} INFO - Sync 1 DAGs
[2025-02-04T16:34:16.604+0000] {logging_mixin.py:190} INFO - [2025-02-04T16:34:16.604+0000] {dag.py:4180} INFO - Setting next_dagrun for example_kubernetes_executor to None, run_after=None
[2025-02-04T16:34:16.629+0000] {processor.py:208} INFO - Processing /home/airflow/.local/lib/python3.9/site-packages/airflow/example_dags/example_kubernetes_executor.py took 0.119 seconds
[2025-02-04T16:34:47.978+0000] {processor.py:186} INFO - Started process (PID=1597) to work on /home/airflow/.local/lib/python3.9/site-packages/airflow/example_dags/example_kubernetes_executor.py
[2025-02-04T16:34:47.979+0000] {processor.py:914} INFO - Processing file /home/airflow/.local/lib/python3.9/site-packages/airflow/example_dags/example_kubernetes_executor.py for tasks to queue
[2025-02-04T16:34:47.981+0000] {logging_mixin.py:190} INFO - [2025-02-04T16:34:47.981+0000] {dagbag.py:588} INFO - Filling up the DagBag from /home/airflow/.local/lib/python3.9/site-packages/airflow/example_dags/example_kubernetes_executor.py
[2025-02-04T16:34:47.997+0000] {processor.py:925} INFO - DAG(s) 'example_kubernetes_executor' retrieved from /home/airflow/.local/lib/python3.9/site-packages/airflow/example_dags/example_kubernetes_executor.py
[2025-02-04T16:34:48.209+0000] {logging_mixin.py:190} WARNING - /home/airflow/.local/lib/python3.9/site-packages/airflow/providers/cncf/kubernetes/utils/k8s_hashlib_wrapper.py:29 DeprecationWarning: Python version constraint 'PY39' is deprecated and will be removed in the future. Please get version info from the 'sys.version_info'.
[2025-02-04T16:34:48.224+0000] {logging_mixin.py:190} INFO - [2025-02-04T16:34:48.224+0000] {dag.py:3239} INFO - Sync 1 DAGs
[2025-02-04T16:34:48.240+0000] {logging_mixin.py:190} INFO - [2025-02-04T16:34:48.240+0000] {dag.py:4180} INFO - Setting next_dagrun for example_kubernetes_executor to None, run_after=None
[2025-02-04T16:34:48.749+0000] {processor.py:208} INFO - Processing /home/airflow/.local/lib/python3.9/site-packages/airflow/example_dags/example_kubernetes_executor.py took 0.777 seconds
[2025-02-04T16:35:19.150+0000] {processor.py:186} INFO - Started process (PID=1662) to work on /home/airflow/.local/lib/python3.9/site-packages/airflow/example_dags/example_kubernetes_executor.py
[2025-02-04T16:35:19.151+0000] {processor.py:914} INFO - Processing file /home/airflow/.local/lib/python3.9/site-packages/airflow/example_dags/example_kubernetes_executor.py for tasks to queue
[2025-02-04T16:35:19.154+0000] {logging_mixin.py:190} INFO - [2025-02-04T16:35:19.154+0000] {dagbag.py:588} INFO - Filling up the DagBag from /home/airflow/.local/lib/python3.9/site-packages/airflow/example_dags/example_kubernetes_executor.py
[2025-02-04T16:35:19.175+0000] {processor.py:925} INFO - DAG(s) 'example_kubernetes_executor' retrieved from /home/airflow/.local/lib/python3.9/site-packages/airflow/example_dags/example_kubernetes_executor.py
[2025-02-04T16:35:19.210+0000] {logging_mixin.py:190} WARNING - /home/airflow/.local/lib/python3.9/site-packages/airflow/providers/cncf/kubernetes/utils/k8s_hashlib_wrapper.py:29 DeprecationWarning: Python version constraint 'PY39' is deprecated and will be removed in the future. Please get version info from the 'sys.version_info'.
[2025-02-04T16:35:19.222+0000] {logging_mixin.py:190} INFO - [2025-02-04T16:35:19.221+0000] {dag.py:3239} INFO - Sync 1 DAGs
[2025-02-04T16:35:19.237+0000] {logging_mixin.py:190} INFO - [2025-02-04T16:35:19.237+0000] {dag.py:4180} INFO - Setting next_dagrun for example_kubernetes_executor to None, run_after=None
[2025-02-04T16:35:19.269+0000] {processor.py:208} INFO - Processing /home/airflow/.local/lib/python3.9/site-packages/airflow/example_dags/example_kubernetes_executor.py took 0.125 seconds
[2025-02-04T16:35:50.062+0000] {processor.py:186} INFO - Started process (PID=1726) to work on /home/airflow/.local/lib/python3.9/site-packages/airflow/example_dags/example_kubernetes_executor.py
[2025-02-04T16:35:50.063+0000] {processor.py:914} INFO - Processing file /home/airflow/.local/lib/python3.9/site-packages/airflow/example_dags/example_kubernetes_executor.py for tasks to queue
[2025-02-04T16:35:50.067+0000] {logging_mixin.py:190} INFO - [2025-02-04T16:35:50.066+0000] {dagbag.py:588} INFO - Filling up the DagBag from /home/airflow/.local/lib/python3.9/site-packages/airflow/example_dags/example_kubernetes_executor.py
[2025-02-04T16:35:50.084+0000] {processor.py:925} INFO - DAG(s) 'example_kubernetes_executor' retrieved from /home/airflow/.local/lib/python3.9/site-packages/airflow/example_dags/example_kubernetes_executor.py
[2025-02-04T16:35:50.123+0000] {logging_mixin.py:190} WARNING - /home/airflow/.local/lib/python3.9/site-packages/airflow/providers/cncf/kubernetes/utils/k8s_hashlib_wrapper.py:29 DeprecationWarning: Python version constraint 'PY39' is deprecated and will be removed in the future. Please get version info from the 'sys.version_info'.
[2025-02-04T16:35:50.136+0000] {logging_mixin.py:190} INFO - [2025-02-04T16:35:50.135+0000] {dag.py:3239} INFO - Sync 1 DAGs
[2025-02-04T16:35:50.200+0000] {logging_mixin.py:190} INFO - [2025-02-04T16:35:50.200+0000] {dag.py:4180} INFO - Setting next_dagrun for example_kubernetes_executor to None, run_after=None
[2025-02-04T16:35:50.231+0000] {processor.py:208} INFO - Processing /home/airflow/.local/lib/python3.9/site-packages/airflow/example_dags/example_kubernetes_executor.py took 0.175 seconds
[2025-02-04T16:36:20.488+0000] {processor.py:186} INFO - Started process (PID=1791) to work on /home/airflow/.local/lib/python3.9/site-packages/airflow/example_dags/example_kubernetes_executor.py
[2025-02-04T16:36:20.489+0000] {processor.py:914} INFO - Processing file /home/airflow/.local/lib/python3.9/site-packages/airflow/example_dags/example_kubernetes_executor.py for tasks to queue
[2025-02-04T16:36:20.492+0000] {logging_mixin.py:190} INFO - [2025-02-04T16:36:20.492+0000] {dagbag.py:588} INFO - Filling up the DagBag from /home/airflow/.local/lib/python3.9/site-packages/airflow/example_dags/example_kubernetes_executor.py
[2025-02-04T16:36:20.514+0000] {processor.py:925} INFO - DAG(s) 'example_kubernetes_executor' retrieved from /home/airflow/.local/lib/python3.9/site-packages/airflow/example_dags/example_kubernetes_executor.py
[2025-02-04T16:36:20.545+0000] {logging_mixin.py:190} WARNING - /home/airflow/.local/lib/python3.9/site-packages/airflow/providers/cncf/kubernetes/utils/k8s_hashlib_wrapper.py:29 DeprecationWarning: Python version constraint 'PY39' is deprecated and will be removed in the future. Please get version info from the 'sys.version_info'.
[2025-02-04T16:36:20.556+0000] {logging_mixin.py:190} INFO - [2025-02-04T16:36:20.556+0000] {dag.py:3239} INFO - Sync 1 DAGs
[2025-02-04T16:36:20.570+0000] {logging_mixin.py:190} INFO - [2025-02-04T16:36:20.570+0000] {dag.py:4180} INFO - Setting next_dagrun for example_kubernetes_executor to None, run_after=None
[2025-02-04T16:36:20.595+0000] {processor.py:208} INFO - Processing /home/airflow/.local/lib/python3.9/site-packages/airflow/example_dags/example_kubernetes_executor.py took 0.114 seconds
[2025-02-04T16:36:51.920+0000] {processor.py:186} INFO - Started process (PID=1855) to work on /home/airflow/.local/lib/python3.9/site-packages/airflow/example_dags/example_kubernetes_executor.py
[2025-02-04T16:36:51.921+0000] {processor.py:914} INFO - Processing file /home/airflow/.local/lib/python3.9/site-packages/airflow/example_dags/example_kubernetes_executor.py for tasks to queue
[2025-02-04T16:36:51.924+0000] {logging_mixin.py:190} INFO - [2025-02-04T16:36:51.924+0000] {dagbag.py:588} INFO - Filling up the DagBag from /home/airflow/.local/lib/python3.9/site-packages/airflow/example_dags/example_kubernetes_executor.py
[2025-02-04T16:36:51.939+0000] {processor.py:925} INFO - DAG(s) 'example_kubernetes_executor' retrieved from /home/airflow/.local/lib/python3.9/site-packages/airflow/example_dags/example_kubernetes_executor.py
[2025-02-04T16:36:52.038+0000] {logging_mixin.py:190} WARNING - /home/airflow/.local/lib/python3.9/site-packages/airflow/providers/cncf/kubernetes/utils/k8s_hashlib_wrapper.py:29 DeprecationWarning: Python version constraint 'PY39' is deprecated and will be removed in the future. Please get version info from the 'sys.version_info'.
[2025-02-04T16:36:52.051+0000] {logging_mixin.py:190} INFO - [2025-02-04T16:36:52.050+0000] {dag.py:3239} INFO - Sync 1 DAGs
[2025-02-04T16:36:52.065+0000] {logging_mixin.py:190} INFO - [2025-02-04T16:36:52.065+0000] {dag.py:4180} INFO - Setting next_dagrun for example_kubernetes_executor to None, run_after=None
[2025-02-04T16:36:52.088+0000] {processor.py:208} INFO - Processing /home/airflow/.local/lib/python3.9/site-packages/airflow/example_dags/example_kubernetes_executor.py took 0.176 seconds
[2025-02-04T16:39:25.303+0000] {processor.py:186} INFO - Started process (PID=1907) to work on /home/airflow/.local/lib/python3.9/site-packages/airflow/example_dags/example_kubernetes_executor.py
[2025-02-04T16:39:25.306+0000] {processor.py:914} INFO - Processing file /home/airflow/.local/lib/python3.9/site-packages/airflow/example_dags/example_kubernetes_executor.py for tasks to queue
[2025-02-04T16:39:25.309+0000] {logging_mixin.py:190} INFO - [2025-02-04T16:39:25.309+0000] {dagbag.py:588} INFO - Filling up the DagBag from /home/airflow/.local/lib/python3.9/site-packages/airflow/example_dags/example_kubernetes_executor.py
[2025-02-04T16:39:25.329+0000] {processor.py:925} INFO - DAG(s) 'example_kubernetes_executor' retrieved from /home/airflow/.local/lib/python3.9/site-packages/airflow/example_dags/example_kubernetes_executor.py
[2025-02-04T16:39:25.368+0000] {logging_mixin.py:190} WARNING - /home/airflow/.local/lib/python3.9/site-packages/airflow/providers/cncf/kubernetes/utils/k8s_hashlib_wrapper.py:29 DeprecationWarning: Python version constraint 'PY39' is deprecated and will be removed in the future. Please get version info from the 'sys.version_info'.
[2025-02-04T16:39:25.381+0000] {logging_mixin.py:190} INFO - [2025-02-04T16:39:25.381+0000] {dag.py:3239} INFO - Sync 1 DAGs
[2025-02-04T16:39:25.398+0000] {logging_mixin.py:190} INFO - [2025-02-04T16:39:25.398+0000] {dag.py:4180} INFO - Setting next_dagrun for example_kubernetes_executor to None, run_after=None
[2025-02-04T16:39:25.428+0000] {processor.py:208} INFO - Processing /home/airflow/.local/lib/python3.9/site-packages/airflow/example_dags/example_kubernetes_executor.py took 0.142 seconds
[2025-02-04T16:39:56.250+0000] {processor.py:186} INFO - Started process (PID=1971) to work on /home/airflow/.local/lib/python3.9/site-packages/airflow/example_dags/example_kubernetes_executor.py
[2025-02-04T16:39:56.251+0000] {processor.py:914} INFO - Processing file /home/airflow/.local/lib/python3.9/site-packages/airflow/example_dags/example_kubernetes_executor.py for tasks to queue
[2025-02-04T16:39:56.252+0000] {logging_mixin.py:190} INFO - [2025-02-04T16:39:56.251+0000] {dagbag.py:588} INFO - Filling up the DagBag from /home/airflow/.local/lib/python3.9/site-packages/airflow/example_dags/example_kubernetes_executor.py
[2025-02-04T16:39:56.265+0000] {processor.py:925} INFO - DAG(s) 'example_kubernetes_executor' retrieved from /home/airflow/.local/lib/python3.9/site-packages/airflow/example_dags/example_kubernetes_executor.py
[2025-02-04T16:39:56.416+0000] {logging_mixin.py:190} WARNING - /home/airflow/.local/lib/python3.9/site-packages/airflow/providers/cncf/kubernetes/utils/k8s_hashlib_wrapper.py:29 DeprecationWarning: Python version constraint 'PY39' is deprecated and will be removed in the future. Please get version info from the 'sys.version_info'.
[2025-02-04T16:39:56.429+0000] {logging_mixin.py:190} INFO - [2025-02-04T16:39:56.429+0000] {dag.py:3239} INFO - Sync 1 DAGs
[2025-02-04T16:39:56.443+0000] {logging_mixin.py:190} INFO - [2025-02-04T16:39:56.443+0000] {dag.py:4180} INFO - Setting next_dagrun for example_kubernetes_executor to None, run_after=None
[2025-02-04T16:39:56.466+0000] {processor.py:208} INFO - Processing /home/airflow/.local/lib/python3.9/site-packages/airflow/example_dags/example_kubernetes_executor.py took 0.223 seconds
[2025-02-04T16:40:27.390+0000] {processor.py:186} INFO - Started process (PID=2035) to work on /home/airflow/.local/lib/python3.9/site-packages/airflow/example_dags/example_kubernetes_executor.py
[2025-02-04T16:40:27.391+0000] {processor.py:914} INFO - Processing file /home/airflow/.local/lib/python3.9/site-packages/airflow/example_dags/example_kubernetes_executor.py for tasks to queue
[2025-02-04T16:40:27.393+0000] {logging_mixin.py:190} INFO - [2025-02-04T16:40:27.392+0000] {dagbag.py:588} INFO - Filling up the DagBag from /home/airflow/.local/lib/python3.9/site-packages/airflow/example_dags/example_kubernetes_executor.py
[2025-02-04T16:40:27.410+0000] {processor.py:925} INFO - DAG(s) 'example_kubernetes_executor' retrieved from /home/airflow/.local/lib/python3.9/site-packages/airflow/example_dags/example_kubernetes_executor.py
[2025-02-04T16:40:27.443+0000] {logging_mixin.py:190} WARNING - /home/airflow/.local/lib/python3.9/site-packages/airflow/providers/cncf/kubernetes/utils/k8s_hashlib_wrapper.py:29 DeprecationWarning: Python version constraint 'PY39' is deprecated and will be removed in the future. Please get version info from the 'sys.version_info'.
[2025-02-04T16:40:27.455+0000] {logging_mixin.py:190} INFO - [2025-02-04T16:40:27.454+0000] {dag.py:3239} INFO - Sync 1 DAGs
[2025-02-04T16:40:27.470+0000] {logging_mixin.py:190} INFO - [2025-02-04T16:40:27.469+0000] {dag.py:4180} INFO - Setting next_dagrun for example_kubernetes_executor to None, run_after=None
[2025-02-04T16:40:27.496+0000] {processor.py:208} INFO - Processing /home/airflow/.local/lib/python3.9/site-packages/airflow/example_dags/example_kubernetes_executor.py took 0.113 seconds
[2025-02-04T16:40:58.201+0000] {processor.py:186} INFO - Started process (PID=2099) to work on /home/airflow/.local/lib/python3.9/site-packages/airflow/example_dags/example_kubernetes_executor.py
[2025-02-04T16:40:58.202+0000] {processor.py:914} INFO - Processing file /home/airflow/.local/lib/python3.9/site-packages/airflow/example_dags/example_kubernetes_executor.py for tasks to queue
[2025-02-04T16:40:58.203+0000] {logging_mixin.py:190} INFO - [2025-02-04T16:40:58.203+0000] {dagbag.py:588} INFO - Filling up the DagBag from /home/airflow/.local/lib/python3.9/site-packages/airflow/example_dags/example_kubernetes_executor.py
[2025-02-04T16:40:58.219+0000] {processor.py:925} INFO - DAG(s) 'example_kubernetes_executor' retrieved from /home/airflow/.local/lib/python3.9/site-packages/airflow/example_dags/example_kubernetes_executor.py
[2025-02-04T16:40:58.257+0000] {logging_mixin.py:190} WARNING - /home/airflow/.local/lib/python3.9/site-packages/airflow/providers/cncf/kubernetes/utils/k8s_hashlib_wrapper.py:29 DeprecationWarning: Python version constraint 'PY39' is deprecated and will be removed in the future. Please get version info from the 'sys.version_info'.
[2025-02-04T16:40:58.269+0000] {logging_mixin.py:190} INFO - [2025-02-04T16:40:58.269+0000] {dag.py:3239} INFO - Sync 1 DAGs
[2025-02-04T16:40:58.286+0000] {logging_mixin.py:190} INFO - [2025-02-04T16:40:58.286+0000] {dag.py:4180} INFO - Setting next_dagrun for example_kubernetes_executor to None, run_after=None
[2025-02-04T16:40:58.319+0000] {processor.py:208} INFO - Processing /home/airflow/.local/lib/python3.9/site-packages/airflow/example_dags/example_kubernetes_executor.py took 0.125 seconds
[2025-02-04T16:41:29.227+0000] {processor.py:186} INFO - Started process (PID=2163) to work on /home/airflow/.local/lib/python3.9/site-packages/airflow/example_dags/example_kubernetes_executor.py
[2025-02-04T16:41:29.228+0000] {processor.py:914} INFO - Processing file /home/airflow/.local/lib/python3.9/site-packages/airflow/example_dags/example_kubernetes_executor.py for tasks to queue
[2025-02-04T16:41:29.229+0000] {logging_mixin.py:190} INFO - [2025-02-04T16:41:29.229+0000] {dagbag.py:588} INFO - Filling up the DagBag from /home/airflow/.local/lib/python3.9/site-packages/airflow/example_dags/example_kubernetes_executor.py
[2025-02-04T16:41:29.246+0000] {processor.py:925} INFO - DAG(s) 'example_kubernetes_executor' retrieved from /home/airflow/.local/lib/python3.9/site-packages/airflow/example_dags/example_kubernetes_executor.py
[2025-02-04T16:41:29.283+0000] {logging_mixin.py:190} WARNING - /home/airflow/.local/lib/python3.9/site-packages/airflow/providers/cncf/kubernetes/utils/k8s_hashlib_wrapper.py:29 DeprecationWarning: Python version constraint 'PY39' is deprecated and will be removed in the future. Please get version info from the 'sys.version_info'.
[2025-02-04T16:41:29.299+0000] {logging_mixin.py:190} INFO - [2025-02-04T16:41:29.299+0000] {dag.py:3239} INFO - Sync 1 DAGs
[2025-02-04T16:41:29.314+0000] {logging_mixin.py:190} INFO - [2025-02-04T16:41:29.314+0000] {dag.py:4180} INFO - Setting next_dagrun for example_kubernetes_executor to None, run_after=None
[2025-02-04T16:41:29.349+0000] {processor.py:208} INFO - Processing /home/airflow/.local/lib/python3.9/site-packages/airflow/example_dags/example_kubernetes_executor.py took 0.128 seconds
[2025-02-04T16:41:59.451+0000] {processor.py:186} INFO - Started process (PID=2227) to work on /home/airflow/.local/lib/python3.9/site-packages/airflow/example_dags/example_kubernetes_executor.py
[2025-02-04T16:41:59.452+0000] {processor.py:914} INFO - Processing file /home/airflow/.local/lib/python3.9/site-packages/airflow/example_dags/example_kubernetes_executor.py for tasks to queue
[2025-02-04T16:41:59.454+0000] {logging_mixin.py:190} INFO - [2025-02-04T16:41:59.454+0000] {dagbag.py:588} INFO - Filling up the DagBag from /home/airflow/.local/lib/python3.9/site-packages/airflow/example_dags/example_kubernetes_executor.py
[2025-02-04T16:41:59.469+0000] {processor.py:925} INFO - DAG(s) 'example_kubernetes_executor' retrieved from /home/airflow/.local/lib/python3.9/site-packages/airflow/example_dags/example_kubernetes_executor.py
[2025-02-04T16:41:59.506+0000] {logging_mixin.py:190} WARNING - /home/airflow/.local/lib/python3.9/site-packages/airflow/providers/cncf/kubernetes/utils/k8s_hashlib_wrapper.py:29 DeprecationWarning: Python version constraint 'PY39' is deprecated and will be removed in the future. Please get version info from the 'sys.version_info'.
[2025-02-04T16:41:59.519+0000] {logging_mixin.py:190} INFO - [2025-02-04T16:41:59.518+0000] {dag.py:3239} INFO - Sync 1 DAGs
[2025-02-04T16:41:59.533+0000] {logging_mixin.py:190} INFO - [2025-02-04T16:41:59.533+0000] {dag.py:4180} INFO - Setting next_dagrun for example_kubernetes_executor to None, run_after=None
[2025-02-04T16:41:59.559+0000] {processor.py:208} INFO - Processing /home/airflow/.local/lib/python3.9/site-packages/airflow/example_dags/example_kubernetes_executor.py took 0.114 seconds
[2025-02-04T16:42:30.152+0000] {processor.py:186} INFO - Started process (PID=2291) to work on /home/airflow/.local/lib/python3.9/site-packages/airflow/example_dags/example_kubernetes_executor.py
[2025-02-04T16:42:30.154+0000] {processor.py:914} INFO - Processing file /home/airflow/.local/lib/python3.9/site-packages/airflow/example_dags/example_kubernetes_executor.py for tasks to queue
[2025-02-04T16:42:30.157+0000] {logging_mixin.py:190} INFO - [2025-02-04T16:42:30.156+0000] {dagbag.py:588} INFO - Filling up the DagBag from /home/airflow/.local/lib/python3.9/site-packages/airflow/example_dags/example_kubernetes_executor.py
[2025-02-04T16:42:30.174+0000] {processor.py:925} INFO - DAG(s) 'example_kubernetes_executor' retrieved from /home/airflow/.local/lib/python3.9/site-packages/airflow/example_dags/example_kubernetes_executor.py
[2025-02-04T16:42:30.211+0000] {logging_mixin.py:190} WARNING - /home/airflow/.local/lib/python3.9/site-packages/airflow/providers/cncf/kubernetes/utils/k8s_hashlib_wrapper.py:29 DeprecationWarning: Python version constraint 'PY39' is deprecated and will be removed in the future. Please get version info from the 'sys.version_info'.
[2025-02-04T16:42:30.225+0000] {logging_mixin.py:190} INFO - [2025-02-04T16:42:30.224+0000] {dag.py:3239} INFO - Sync 1 DAGs
[2025-02-04T16:42:30.243+0000] {logging_mixin.py:190} INFO - [2025-02-04T16:42:30.243+0000] {dag.py:4180} INFO - Setting next_dagrun for example_kubernetes_executor to None, run_after=None
[2025-02-04T16:42:30.273+0000] {processor.py:208} INFO - Processing /home/airflow/.local/lib/python3.9/site-packages/airflow/example_dags/example_kubernetes_executor.py took 0.127 seconds
[2025-02-04T16:43:00.457+0000] {processor.py:186} INFO - Started process (PID=2357) to work on /home/airflow/.local/lib/python3.9/site-packages/airflow/example_dags/example_kubernetes_executor.py
[2025-02-04T16:43:00.458+0000] {processor.py:914} INFO - Processing file /home/airflow/.local/lib/python3.9/site-packages/airflow/example_dags/example_kubernetes_executor.py for tasks to queue
[2025-02-04T16:43:00.460+0000] {logging_mixin.py:190} INFO - [2025-02-04T16:43:00.459+0000] {dagbag.py:588} INFO - Filling up the DagBag from /home/airflow/.local/lib/python3.9/site-packages/airflow/example_dags/example_kubernetes_executor.py
[2025-02-04T16:43:00.477+0000] {processor.py:925} INFO - DAG(s) 'example_kubernetes_executor' retrieved from /home/airflow/.local/lib/python3.9/site-packages/airflow/example_dags/example_kubernetes_executor.py
[2025-02-04T16:43:00.514+0000] {logging_mixin.py:190} WARNING - /home/airflow/.local/lib/python3.9/site-packages/airflow/providers/cncf/kubernetes/utils/k8s_hashlib_wrapper.py:29 DeprecationWarning: Python version constraint 'PY39' is deprecated and will be removed in the future. Please get version info from the 'sys.version_info'.
[2025-02-04T16:43:00.528+0000] {logging_mixin.py:190} INFO - [2025-02-04T16:43:00.528+0000] {dag.py:3239} INFO - Sync 1 DAGs
[2025-02-04T16:43:00.543+0000] {logging_mixin.py:190} INFO - [2025-02-04T16:43:00.542+0000] {dag.py:4180} INFO - Setting next_dagrun for example_kubernetes_executor to None, run_after=None
[2025-02-04T16:43:00.570+0000] {processor.py:208} INFO - Processing /home/airflow/.local/lib/python3.9/site-packages/airflow/example_dags/example_kubernetes_executor.py took 0.120 seconds
[2025-02-04T16:43:31.058+0000] {processor.py:186} INFO - Started process (PID=2421) to work on /home/airflow/.local/lib/python3.9/site-packages/airflow/example_dags/example_kubernetes_executor.py
[2025-02-04T16:43:31.059+0000] {processor.py:914} INFO - Processing file /home/airflow/.local/lib/python3.9/site-packages/airflow/example_dags/example_kubernetes_executor.py for tasks to queue
[2025-02-04T16:43:31.061+0000] {logging_mixin.py:190} INFO - [2025-02-04T16:43:31.061+0000] {dagbag.py:588} INFO - Filling up the DagBag from /home/airflow/.local/lib/python3.9/site-packages/airflow/example_dags/example_kubernetes_executor.py
[2025-02-04T16:43:31.077+0000] {processor.py:925} INFO - DAG(s) 'example_kubernetes_executor' retrieved from /home/airflow/.local/lib/python3.9/site-packages/airflow/example_dags/example_kubernetes_executor.py
[2025-02-04T16:43:31.113+0000] {logging_mixin.py:190} WARNING - /home/airflow/.local/lib/python3.9/site-packages/airflow/providers/cncf/kubernetes/utils/k8s_hashlib_wrapper.py:29 DeprecationWarning: Python version constraint 'PY39' is deprecated and will be removed in the future. Please get version info from the 'sys.version_info'.
[2025-02-04T16:43:31.126+0000] {logging_mixin.py:190} INFO - [2025-02-04T16:43:31.126+0000] {dag.py:3239} INFO - Sync 1 DAGs
[2025-02-04T16:43:31.144+0000] {logging_mixin.py:190} INFO - [2025-02-04T16:43:31.143+0000] {dag.py:4180} INFO - Setting next_dagrun for example_kubernetes_executor to None, run_after=None
[2025-02-04T16:43:31.199+0000] {processor.py:208} INFO - Processing /home/airflow/.local/lib/python3.9/site-packages/airflow/example_dags/example_kubernetes_executor.py took 0.147 seconds
[2025-02-04T16:44:01.591+0000] {processor.py:186} INFO - Started process (PID=2485) to work on /home/airflow/.local/lib/python3.9/site-packages/airflow/example_dags/example_kubernetes_executor.py
[2025-02-04T16:44:01.592+0000] {processor.py:914} INFO - Processing file /home/airflow/.local/lib/python3.9/site-packages/airflow/example_dags/example_kubernetes_executor.py for tasks to queue
[2025-02-04T16:44:01.594+0000] {logging_mixin.py:190} INFO - [2025-02-04T16:44:01.594+0000] {dagbag.py:588} INFO - Filling up the DagBag from /home/airflow/.local/lib/python3.9/site-packages/airflow/example_dags/example_kubernetes_executor.py
[2025-02-04T16:44:01.611+0000] {processor.py:925} INFO - DAG(s) 'example_kubernetes_executor' retrieved from /home/airflow/.local/lib/python3.9/site-packages/airflow/example_dags/example_kubernetes_executor.py
[2025-02-04T16:44:01.655+0000] {logging_mixin.py:190} WARNING - /home/airflow/.local/lib/python3.9/site-packages/airflow/providers/cncf/kubernetes/utils/k8s_hashlib_wrapper.py:29 DeprecationWarning: Python version constraint 'PY39' is deprecated and will be removed in the future. Please get version info from the 'sys.version_info'.
[2025-02-04T16:44:01.668+0000] {logging_mixin.py:190} INFO - [2025-02-04T16:44:01.668+0000] {dag.py:3239} INFO - Sync 1 DAGs
[2025-02-04T16:44:01.683+0000] {logging_mixin.py:190} INFO - [2025-02-04T16:44:01.683+0000] {dag.py:4180} INFO - Setting next_dagrun for example_kubernetes_executor to None, run_after=None
[2025-02-04T16:44:01.711+0000] {processor.py:208} INFO - Processing /home/airflow/.local/lib/python3.9/site-packages/airflow/example_dags/example_kubernetes_executor.py took 0.127 seconds
[2025-02-04T16:44:31.856+0000] {processor.py:186} INFO - Started process (PID=2549) to work on /home/airflow/.local/lib/python3.9/site-packages/airflow/example_dags/example_kubernetes_executor.py
[2025-02-04T16:44:31.857+0000] {processor.py:914} INFO - Processing file /home/airflow/.local/lib/python3.9/site-packages/airflow/example_dags/example_kubernetes_executor.py for tasks to queue
[2025-02-04T16:44:31.859+0000] {logging_mixin.py:190} INFO - [2025-02-04T16:44:31.859+0000] {dagbag.py:588} INFO - Filling up the DagBag from /home/airflow/.local/lib/python3.9/site-packages/airflow/example_dags/example_kubernetes_executor.py
[2025-02-04T16:44:31.880+0000] {processor.py:925} INFO - DAG(s) 'example_kubernetes_executor' retrieved from /home/airflow/.local/lib/python3.9/site-packages/airflow/example_dags/example_kubernetes_executor.py
[2025-02-04T16:44:31.917+0000] {logging_mixin.py:190} WARNING - /home/airflow/.local/lib/python3.9/site-packages/airflow/providers/cncf/kubernetes/utils/k8s_hashlib_wrapper.py:29 DeprecationWarning: Python version constraint 'PY39' is deprecated and will be removed in the future. Please get version info from the 'sys.version_info'.
[2025-02-04T16:44:31.935+0000] {logging_mixin.py:190} INFO - [2025-02-04T16:44:31.935+0000] {dag.py:3239} INFO - Sync 1 DAGs
[2025-02-04T16:44:31.952+0000] {logging_mixin.py:190} INFO - [2025-02-04T16:44:31.952+0000] {dag.py:4180} INFO - Setting next_dagrun for example_kubernetes_executor to None, run_after=None
[2025-02-04T16:44:31.978+0000] {processor.py:208} INFO - Processing /home/airflow/.local/lib/python3.9/site-packages/airflow/example_dags/example_kubernetes_executor.py took 0.130 seconds
[2025-02-04T16:45:02.583+0000] {processor.py:186} INFO - Started process (PID=2613) to work on /home/airflow/.local/lib/python3.9/site-packages/airflow/example_dags/example_kubernetes_executor.py
[2025-02-04T16:45:02.584+0000] {processor.py:914} INFO - Processing file /home/airflow/.local/lib/python3.9/site-packages/airflow/example_dags/example_kubernetes_executor.py for tasks to queue
[2025-02-04T16:45:02.585+0000] {logging_mixin.py:190} INFO - [2025-02-04T16:45:02.585+0000] {dagbag.py:588} INFO - Filling up the DagBag from /home/airflow/.local/lib/python3.9/site-packages/airflow/example_dags/example_kubernetes_executor.py
[2025-02-04T16:45:02.604+0000] {processor.py:925} INFO - DAG(s) 'example_kubernetes_executor' retrieved from /home/airflow/.local/lib/python3.9/site-packages/airflow/example_dags/example_kubernetes_executor.py
[2025-02-04T16:45:02.639+0000] {logging_mixin.py:190} WARNING - /home/airflow/.local/lib/python3.9/site-packages/airflow/providers/cncf/kubernetes/utils/k8s_hashlib_wrapper.py:29 DeprecationWarning: Python version constraint 'PY39' is deprecated and will be removed in the future. Please get version info from the 'sys.version_info'.
[2025-02-04T16:45:02.652+0000] {logging_mixin.py:190} INFO - [2025-02-04T16:45:02.652+0000] {dag.py:3239} INFO - Sync 1 DAGs
[2025-02-04T16:45:02.667+0000] {logging_mixin.py:190} INFO - [2025-02-04T16:45:02.667+0000] {dag.py:4180} INFO - Setting next_dagrun for example_kubernetes_executor to None, run_after=None
[2025-02-04T16:45:02.692+0000] {processor.py:208} INFO - Processing /home/airflow/.local/lib/python3.9/site-packages/airflow/example_dags/example_kubernetes_executor.py took 0.116 seconds
[2025-02-04T16:45:33.004+0000] {processor.py:186} INFO - Started process (PID=2683) to work on /home/airflow/.local/lib/python3.9/site-packages/airflow/example_dags/example_kubernetes_executor.py
[2025-02-04T16:45:33.006+0000] {processor.py:914} INFO - Processing file /home/airflow/.local/lib/python3.9/site-packages/airflow/example_dags/example_kubernetes_executor.py for tasks to queue
[2025-02-04T16:45:33.007+0000] {logging_mixin.py:190} INFO - [2025-02-04T16:45:33.007+0000] {dagbag.py:588} INFO - Filling up the DagBag from /home/airflow/.local/lib/python3.9/site-packages/airflow/example_dags/example_kubernetes_executor.py
[2025-02-04T16:45:33.023+0000] {processor.py:925} INFO - DAG(s) 'example_kubernetes_executor' retrieved from /home/airflow/.local/lib/python3.9/site-packages/airflow/example_dags/example_kubernetes_executor.py
[2025-02-04T16:45:33.057+0000] {logging_mixin.py:190} WARNING - /home/airflow/.local/lib/python3.9/site-packages/airflow/providers/cncf/kubernetes/utils/k8s_hashlib_wrapper.py:29 DeprecationWarning: Python version constraint 'PY39' is deprecated and will be removed in the future. Please get version info from the 'sys.version_info'.
[2025-02-04T16:45:33.074+0000] {logging_mixin.py:190} INFO - [2025-02-04T16:45:33.074+0000] {dag.py:3239} INFO - Sync 1 DAGs
[2025-02-04T16:45:33.090+0000] {logging_mixin.py:190} INFO - [2025-02-04T16:45:33.090+0000] {dag.py:4180} INFO - Setting next_dagrun for example_kubernetes_executor to None, run_after=None
[2025-02-04T16:45:33.115+0000] {processor.py:208} INFO - Processing /home/airflow/.local/lib/python3.9/site-packages/airflow/example_dags/example_kubernetes_executor.py took 0.119 seconds
[2025-02-04T16:46:05.314+0000] {processor.py:186} INFO - Started process (PID=2746) to work on /home/airflow/.local/lib/python3.9/site-packages/airflow/example_dags/example_kubernetes_executor.py
[2025-02-04T16:46:05.315+0000] {processor.py:914} INFO - Processing file /home/airflow/.local/lib/python3.9/site-packages/airflow/example_dags/example_kubernetes_executor.py for tasks to queue
[2025-02-04T16:46:05.317+0000] {logging_mixin.py:190} INFO - [2025-02-04T16:46:05.317+0000] {dagbag.py:588} INFO - Filling up the DagBag from /home/airflow/.local/lib/python3.9/site-packages/airflow/example_dags/example_kubernetes_executor.py
[2025-02-04T16:46:05.334+0000] {processor.py:925} INFO - DAG(s) 'example_kubernetes_executor' retrieved from /home/airflow/.local/lib/python3.9/site-packages/airflow/example_dags/example_kubernetes_executor.py
[2025-02-04T16:46:05.373+0000] {logging_mixin.py:190} WARNING - /home/airflow/.local/lib/python3.9/site-packages/airflow/providers/cncf/kubernetes/utils/k8s_hashlib_wrapper.py:29 DeprecationWarning: Python version constraint 'PY39' is deprecated and will be removed in the future. Please get version info from the 'sys.version_info'.
[2025-02-04T16:46:05.387+0000] {logging_mixin.py:190} INFO - [2025-02-04T16:46:05.387+0000] {dag.py:3239} INFO - Sync 1 DAGs
[2025-02-04T16:46:05.408+0000] {logging_mixin.py:190} INFO - [2025-02-04T16:46:05.407+0000] {dag.py:4180} INFO - Setting next_dagrun for example_kubernetes_executor to None, run_after=None
[2025-02-04T16:46:05.436+0000] {processor.py:208} INFO - Processing /home/airflow/.local/lib/python3.9/site-packages/airflow/example_dags/example_kubernetes_executor.py took 0.129 seconds
[2025-02-04T16:46:35.638+0000] {processor.py:186} INFO - Started process (PID=2810) to work on /home/airflow/.local/lib/python3.9/site-packages/airflow/example_dags/example_kubernetes_executor.py
[2025-02-04T16:46:35.639+0000] {processor.py:914} INFO - Processing file /home/airflow/.local/lib/python3.9/site-packages/airflow/example_dags/example_kubernetes_executor.py for tasks to queue
[2025-02-04T16:46:35.641+0000] {logging_mixin.py:190} INFO - [2025-02-04T16:46:35.641+0000] {dagbag.py:588} INFO - Filling up the DagBag from /home/airflow/.local/lib/python3.9/site-packages/airflow/example_dags/example_kubernetes_executor.py
[2025-02-04T16:46:35.657+0000] {processor.py:925} INFO - DAG(s) 'example_kubernetes_executor' retrieved from /home/airflow/.local/lib/python3.9/site-packages/airflow/example_dags/example_kubernetes_executor.py
[2025-02-04T16:46:35.690+0000] {logging_mixin.py:190} WARNING - /home/airflow/.local/lib/python3.9/site-packages/airflow/providers/cncf/kubernetes/utils/k8s_hashlib_wrapper.py:29 DeprecationWarning: Python version constraint 'PY39' is deprecated and will be removed in the future. Please get version info from the 'sys.version_info'.
[2025-02-04T16:46:35.705+0000] {logging_mixin.py:190} INFO - [2025-02-04T16:46:35.705+0000] {dag.py:3239} INFO - Sync 1 DAGs
[2025-02-04T16:46:35.725+0000] {logging_mixin.py:190} INFO - [2025-02-04T16:46:35.724+0000] {dag.py:4180} INFO - Setting next_dagrun for example_kubernetes_executor to None, run_after=None
[2025-02-04T16:46:35.758+0000] {processor.py:208} INFO - Processing /home/airflow/.local/lib/python3.9/site-packages/airflow/example_dags/example_kubernetes_executor.py took 0.126 seconds
[2025-02-04T16:47:10.669+0000] {processor.py:186} INFO - Started process (PID=2877) to work on /home/airflow/.local/lib/python3.9/site-packages/airflow/example_dags/example_kubernetes_executor.py
[2025-02-04T16:47:10.670+0000] {processor.py:914} INFO - Processing file /home/airflow/.local/lib/python3.9/site-packages/airflow/example_dags/example_kubernetes_executor.py for tasks to queue
[2025-02-04T16:47:10.672+0000] {logging_mixin.py:190} INFO - [2025-02-04T16:47:10.672+0000] {dagbag.py:588} INFO - Filling up the DagBag from /home/airflow/.local/lib/python3.9/site-packages/airflow/example_dags/example_kubernetes_executor.py
[2025-02-04T16:47:10.696+0000] {processor.py:925} INFO - DAG(s) 'example_kubernetes_executor' retrieved from /home/airflow/.local/lib/python3.9/site-packages/airflow/example_dags/example_kubernetes_executor.py
[2025-02-04T16:47:10.775+0000] {logging_mixin.py:190} WARNING - /home/airflow/.local/lib/python3.9/site-packages/airflow/providers/cncf/kubernetes/utils/k8s_hashlib_wrapper.py:29 DeprecationWarning: Python version constraint 'PY39' is deprecated and will be removed in the future. Please get version info from the 'sys.version_info'.
[2025-02-04T16:47:10.795+0000] {logging_mixin.py:190} INFO - [2025-02-04T16:47:10.795+0000] {dag.py:3239} INFO - Sync 1 DAGs
[2025-02-04T16:47:11.013+0000] {logging_mixin.py:190} INFO - [2025-02-04T16:47:11.012+0000] {dag.py:4180} INFO - Setting next_dagrun for example_kubernetes_executor to None, run_after=None
[2025-02-04T16:47:11.081+0000] {processor.py:208} INFO - Processing /home/airflow/.local/lib/python3.9/site-packages/airflow/example_dags/example_kubernetes_executor.py took 0.419 seconds
[2025-02-04T16:47:51.398+0000] {processor.py:186} INFO - Started process (PID=2941) to work on /home/airflow/.local/lib/python3.9/site-packages/airflow/example_dags/example_kubernetes_executor.py
[2025-02-04T16:47:51.400+0000] {processor.py:914} INFO - Processing file /home/airflow/.local/lib/python3.9/site-packages/airflow/example_dags/example_kubernetes_executor.py for tasks to queue
[2025-02-04T16:47:51.402+0000] {logging_mixin.py:190} INFO - [2025-02-04T16:47:51.402+0000] {dagbag.py:588} INFO - Filling up the DagBag from /home/airflow/.local/lib/python3.9/site-packages/airflow/example_dags/example_kubernetes_executor.py
[2025-02-04T16:47:51.430+0000] {processor.py:925} INFO - DAG(s) 'example_kubernetes_executor' retrieved from /home/airflow/.local/lib/python3.9/site-packages/airflow/example_dags/example_kubernetes_executor.py
[2025-02-04T16:47:51.469+0000] {logging_mixin.py:190} WARNING - /home/airflow/.local/lib/python3.9/site-packages/airflow/providers/cncf/kubernetes/utils/k8s_hashlib_wrapper.py:29 DeprecationWarning: Python version constraint 'PY39' is deprecated and will be removed in the future. Please get version info from the 'sys.version_info'.
[2025-02-04T16:47:51.492+0000] {logging_mixin.py:190} INFO - [2025-02-04T16:47:51.492+0000] {dag.py:3239} INFO - Sync 1 DAGs
[2025-02-04T16:47:51.509+0000] {logging_mixin.py:190} INFO - [2025-02-04T16:47:51.508+0000] {dag.py:4180} INFO - Setting next_dagrun for example_kubernetes_executor to None, run_after=None
[2025-02-04T16:47:51.537+0000] {processor.py:208} INFO - Processing /home/airflow/.local/lib/python3.9/site-packages/airflow/example_dags/example_kubernetes_executor.py took 0.147 seconds
[2025-02-04T16:48:22.008+0000] {processor.py:186} INFO - Started process (PID=3006) to work on /home/airflow/.local/lib/python3.9/site-packages/airflow/example_dags/example_kubernetes_executor.py
[2025-02-04T16:48:22.009+0000] {processor.py:914} INFO - Processing file /home/airflow/.local/lib/python3.9/site-packages/airflow/example_dags/example_kubernetes_executor.py for tasks to queue
[2025-02-04T16:48:22.011+0000] {logging_mixin.py:190} INFO - [2025-02-04T16:48:22.011+0000] {dagbag.py:588} INFO - Filling up the DagBag from /home/airflow/.local/lib/python3.9/site-packages/airflow/example_dags/example_kubernetes_executor.py
[2025-02-04T16:48:22.032+0000] {processor.py:925} INFO - DAG(s) 'example_kubernetes_executor' retrieved from /home/airflow/.local/lib/python3.9/site-packages/airflow/example_dags/example_kubernetes_executor.py
[2025-02-04T16:48:22.071+0000] {logging_mixin.py:190} WARNING - /home/airflow/.local/lib/python3.9/site-packages/airflow/providers/cncf/kubernetes/utils/k8s_hashlib_wrapper.py:29 DeprecationWarning: Python version constraint 'PY39' is deprecated and will be removed in the future. Please get version info from the 'sys.version_info'.
[2025-02-04T16:48:22.089+0000] {logging_mixin.py:190} INFO - [2025-02-04T16:48:22.089+0000] {dag.py:3239} INFO - Sync 1 DAGs
[2025-02-04T16:48:22.110+0000] {logging_mixin.py:190} INFO - [2025-02-04T16:48:22.109+0000] {dag.py:4180} INFO - Setting next_dagrun for example_kubernetes_executor to None, run_after=None
[2025-02-04T16:48:22.138+0000] {processor.py:208} INFO - Processing /home/airflow/.local/lib/python3.9/site-packages/airflow/example_dags/example_kubernetes_executor.py took 0.138 seconds
[2025-02-04T16:48:52.240+0000] {processor.py:186} INFO - Started process (PID=3070) to work on /home/airflow/.local/lib/python3.9/site-packages/airflow/example_dags/example_kubernetes_executor.py
[2025-02-04T16:48:52.241+0000] {processor.py:914} INFO - Processing file /home/airflow/.local/lib/python3.9/site-packages/airflow/example_dags/example_kubernetes_executor.py for tasks to queue
[2025-02-04T16:48:52.243+0000] {logging_mixin.py:190} INFO - [2025-02-04T16:48:52.243+0000] {dagbag.py:588} INFO - Filling up the DagBag from /home/airflow/.local/lib/python3.9/site-packages/airflow/example_dags/example_kubernetes_executor.py
[2025-02-04T16:48:52.260+0000] {processor.py:925} INFO - DAG(s) 'example_kubernetes_executor' retrieved from /home/airflow/.local/lib/python3.9/site-packages/airflow/example_dags/example_kubernetes_executor.py
[2025-02-04T16:48:52.292+0000] {logging_mixin.py:190} WARNING - /home/airflow/.local/lib/python3.9/site-packages/airflow/providers/cncf/kubernetes/utils/k8s_hashlib_wrapper.py:29 DeprecationWarning: Python version constraint 'PY39' is deprecated and will be removed in the future. Please get version info from the 'sys.version_info'.
[2025-02-04T16:48:52.304+0000] {logging_mixin.py:190} INFO - [2025-02-04T16:48:52.303+0000] {dag.py:3239} INFO - Sync 1 DAGs
[2025-02-04T16:48:52.319+0000] {logging_mixin.py:190} INFO - [2025-02-04T16:48:52.319+0000] {dag.py:4180} INFO - Setting next_dagrun for example_kubernetes_executor to None, run_after=None
[2025-02-04T16:48:52.346+0000] {processor.py:208} INFO - Processing /home/airflow/.local/lib/python3.9/site-packages/airflow/example_dags/example_kubernetes_executor.py took 0.112 seconds
[2025-02-04T16:49:22.568+0000] {processor.py:186} INFO - Started process (PID=3134) to work on /home/airflow/.local/lib/python3.9/site-packages/airflow/example_dags/example_kubernetes_executor.py
[2025-02-04T16:49:22.570+0000] {processor.py:914} INFO - Processing file /home/airflow/.local/lib/python3.9/site-packages/airflow/example_dags/example_kubernetes_executor.py for tasks to queue
[2025-02-04T16:49:22.572+0000] {logging_mixin.py:190} INFO - [2025-02-04T16:49:22.571+0000] {dagbag.py:588} INFO - Filling up the DagBag from /home/airflow/.local/lib/python3.9/site-packages/airflow/example_dags/example_kubernetes_executor.py
[2025-02-04T16:49:22.592+0000] {processor.py:925} INFO - DAG(s) 'example_kubernetes_executor' retrieved from /home/airflow/.local/lib/python3.9/site-packages/airflow/example_dags/example_kubernetes_executor.py
[2025-02-04T16:49:22.625+0000] {logging_mixin.py:190} WARNING - /home/airflow/.local/lib/python3.9/site-packages/airflow/providers/cncf/kubernetes/utils/k8s_hashlib_wrapper.py:29 DeprecationWarning: Python version constraint 'PY39' is deprecated and will be removed in the future. Please get version info from the 'sys.version_info'.
[2025-02-04T16:49:22.638+0000] {logging_mixin.py:190} INFO - [2025-02-04T16:49:22.638+0000] {dag.py:3239} INFO - Sync 1 DAGs
[2025-02-04T16:49:22.652+0000] {logging_mixin.py:190} INFO - [2025-02-04T16:49:22.652+0000] {dag.py:4180} INFO - Setting next_dagrun for example_kubernetes_executor to None, run_after=None
[2025-02-04T16:49:22.678+0000] {processor.py:208} INFO - Processing /home/airflow/.local/lib/python3.9/site-packages/airflow/example_dags/example_kubernetes_executor.py took 0.116 seconds
[2025-02-04T16:49:52.752+0000] {processor.py:186} INFO - Started process (PID=3205) to work on /home/airflow/.local/lib/python3.9/site-packages/airflow/example_dags/example_kubernetes_executor.py
[2025-02-04T16:49:52.754+0000] {processor.py:914} INFO - Processing file /home/airflow/.local/lib/python3.9/site-packages/airflow/example_dags/example_kubernetes_executor.py for tasks to queue
[2025-02-04T16:49:52.755+0000] {logging_mixin.py:190} INFO - [2025-02-04T16:49:52.755+0000] {dagbag.py:588} INFO - Filling up the DagBag from /home/airflow/.local/lib/python3.9/site-packages/airflow/example_dags/example_kubernetes_executor.py
[2025-02-04T16:49:52.772+0000] {processor.py:925} INFO - DAG(s) 'example_kubernetes_executor' retrieved from /home/airflow/.local/lib/python3.9/site-packages/airflow/example_dags/example_kubernetes_executor.py
[2025-02-04T16:49:52.807+0000] {logging_mixin.py:190} WARNING - /home/airflow/.local/lib/python3.9/site-packages/airflow/providers/cncf/kubernetes/utils/k8s_hashlib_wrapper.py:29 DeprecationWarning: Python version constraint 'PY39' is deprecated and will be removed in the future. Please get version info from the 'sys.version_info'.
[2025-02-04T16:49:52.821+0000] {logging_mixin.py:190} INFO - [2025-02-04T16:49:52.821+0000] {dag.py:3239} INFO - Sync 1 DAGs
[2025-02-04T16:49:52.836+0000] {logging_mixin.py:190} INFO - [2025-02-04T16:49:52.835+0000] {dag.py:4180} INFO - Setting next_dagrun for example_kubernetes_executor to None, run_after=None
[2025-02-04T16:49:52.863+0000] {processor.py:208} INFO - Processing /home/airflow/.local/lib/python3.9/site-packages/airflow/example_dags/example_kubernetes_executor.py took 0.117 seconds
