[2025-02-04T16:21:42.339+0000] {processor.py:186} INFO - Started process (PID=72) to work on /home/airflow/.local/lib/python3.9/site-packages/airflow/example_dags/example_branch_operator.py
[2025-02-04T16:21:42.341+0000] {processor.py:914} INFO - Processing file /home/airflow/.local/lib/python3.9/site-packages/airflow/example_dags/example_branch_operator.py for tasks to queue
[2025-02-04T16:21:42.345+0000] {logging_mixin.py:190} INFO - [2025-02-04T16:21:42.344+0000] {dagbag.py:588} INFO - Filling up the DagBag from /home/airflow/.local/lib/python3.9/site-packages/airflow/example_dags/example_branch_operator.py
[2025-02-04T16:21:43.748+0000] {processor.py:925} INFO - DAG(s) 'example_branch_operator' retrieved from /home/airflow/.local/lib/python3.9/site-packages/airflow/example_dags/example_branch_operator.py
[2025-02-04T16:21:44.159+0000] {logging_mixin.py:190} INFO - [2025-02-04T16:21:44.159+0000] {override.py:1912} INFO - Created Permission View: can delete on DAG:example_branch_operator
[2025-02-04T16:21:44.177+0000] {logging_mixin.py:190} INFO - [2025-02-04T16:21:44.176+0000] {override.py:1912} INFO - Created Permission View: can edit on DAG:example_branch_operator
[2025-02-04T16:21:44.191+0000] {logging_mixin.py:190} INFO - [2025-02-04T16:21:44.191+0000] {override.py:1912} INFO - Created Permission View: can read on DAG:example_branch_operator
[2025-02-04T16:21:44.212+0000] {logging_mixin.py:190} INFO - [2025-02-04T16:21:44.212+0000] {override.py:1912} INFO - Created Permission View: can delete on DAG Run:example_branch_operator
[2025-02-04T16:21:44.226+0000] {logging_mixin.py:190} INFO - [2025-02-04T16:21:44.226+0000] {override.py:1912} INFO - Created Permission View: menu access on DAG Run:example_branch_operator
[2025-02-04T16:21:44.240+0000] {logging_mixin.py:190} INFO - [2025-02-04T16:21:44.240+0000] {override.py:1912} INFO - Created Permission View: can read on DAG Run:example_branch_operator
[2025-02-04T16:21:44.255+0000] {logging_mixin.py:190} INFO - [2025-02-04T16:21:44.254+0000] {override.py:1912} INFO - Created Permission View: can create on DAG Run:example_branch_operator
[2025-02-04T16:21:44.256+0000] {logging_mixin.py:190} INFO - [2025-02-04T16:21:44.256+0000] {dag.py:3239} INFO - Sync 1 DAGs
[2025-02-04T16:21:44.270+0000] {logging_mixin.py:190} INFO - [2025-02-04T16:21:44.270+0000] {dag.py:3262} INFO - Creating ORM DAG for example_branch_operator
[2025-02-04T16:21:44.283+0000] {logging_mixin.py:190} INFO - [2025-02-04T16:21:44.283+0000] {dag.py:4180} INFO - Setting next_dagrun for example_branch_operator to 2025-02-03 00:00:00+00:00, run_after=2025-02-04 00:00:00+00:00
[2025-02-04T16:21:44.313+0000] {processor.py:208} INFO - Processing /home/airflow/.local/lib/python3.9/site-packages/airflow/example_dags/example_branch_operator.py took 1.984 seconds
[2025-02-04T16:23:23.826+0000] {processor.py:186} INFO - Started process (PID=151) to work on /home/airflow/.local/lib/python3.9/site-packages/airflow/example_dags/example_branch_operator.py
[2025-02-04T16:23:23.828+0000] {processor.py:914} INFO - Processing file /home/airflow/.local/lib/python3.9/site-packages/airflow/example_dags/example_branch_operator.py for tasks to queue
[2025-02-04T16:23:23.830+0000] {logging_mixin.py:190} INFO - [2025-02-04T16:23:23.830+0000] {dagbag.py:588} INFO - Filling up the DagBag from /home/airflow/.local/lib/python3.9/site-packages/airflow/example_dags/example_branch_operator.py
[2025-02-04T16:23:23.848+0000] {processor.py:925} INFO - DAG(s) 'example_branch_operator' retrieved from /home/airflow/.local/lib/python3.9/site-packages/airflow/example_dags/example_branch_operator.py
[2025-02-04T16:23:23.879+0000] {logging_mixin.py:190} INFO - [2025-02-04T16:23:23.879+0000] {dag.py:3239} INFO - Sync 1 DAGs
[2025-02-04T16:23:23.903+0000] {logging_mixin.py:190} INFO - [2025-02-04T16:23:23.903+0000] {dag.py:4180} INFO - Setting next_dagrun for example_branch_operator to 2025-02-03 00:00:00+00:00, run_after=2025-02-04 00:00:00+00:00
[2025-02-04T16:23:23.933+0000] {processor.py:208} INFO - Processing /home/airflow/.local/lib/python3.9/site-packages/airflow/example_dags/example_branch_operator.py took 0.113 seconds
[2025-02-04T16:23:54.773+0000] {processor.py:186} INFO - Started process (PID=216) to work on /home/airflow/.local/lib/python3.9/site-packages/airflow/example_dags/example_branch_operator.py
[2025-02-04T16:23:54.774+0000] {processor.py:914} INFO - Processing file /home/airflow/.local/lib/python3.9/site-packages/airflow/example_dags/example_branch_operator.py for tasks to queue
[2025-02-04T16:23:54.777+0000] {logging_mixin.py:190} INFO - [2025-02-04T16:23:54.777+0000] {dagbag.py:588} INFO - Filling up the DagBag from /home/airflow/.local/lib/python3.9/site-packages/airflow/example_dags/example_branch_operator.py
[2025-02-04T16:23:54.798+0000] {processor.py:925} INFO - DAG(s) 'example_branch_operator' retrieved from /home/airflow/.local/lib/python3.9/site-packages/airflow/example_dags/example_branch_operator.py
[2025-02-04T16:23:54.830+0000] {logging_mixin.py:190} INFO - [2025-02-04T16:23:54.829+0000] {dag.py:3239} INFO - Sync 1 DAGs
[2025-02-04T16:23:54.856+0000] {logging_mixin.py:190} INFO - [2025-02-04T16:23:54.856+0000] {dag.py:4180} INFO - Setting next_dagrun for example_branch_operator to 2025-02-03 00:00:00+00:00, run_after=2025-02-04 00:00:00+00:00
[2025-02-04T16:23:54.884+0000] {processor.py:208} INFO - Processing /home/airflow/.local/lib/python3.9/site-packages/airflow/example_dags/example_branch_operator.py took 0.119 seconds
[2025-02-04T16:24:25.167+0000] {processor.py:186} INFO - Started process (PID=279) to work on /home/airflow/.local/lib/python3.9/site-packages/airflow/example_dags/example_branch_operator.py
[2025-02-04T16:24:25.168+0000] {processor.py:914} INFO - Processing file /home/airflow/.local/lib/python3.9/site-packages/airflow/example_dags/example_branch_operator.py for tasks to queue
[2025-02-04T16:24:25.171+0000] {logging_mixin.py:190} INFO - [2025-02-04T16:24:25.170+0000] {dagbag.py:588} INFO - Filling up the DagBag from /home/airflow/.local/lib/python3.9/site-packages/airflow/example_dags/example_branch_operator.py
[2025-02-04T16:24:25.189+0000] {processor.py:925} INFO - DAG(s) 'example_branch_operator' retrieved from /home/airflow/.local/lib/python3.9/site-packages/airflow/example_dags/example_branch_operator.py
[2025-02-04T16:24:25.221+0000] {logging_mixin.py:190} INFO - [2025-02-04T16:24:25.220+0000] {dag.py:3239} INFO - Sync 1 DAGs
[2025-02-04T16:24:25.246+0000] {logging_mixin.py:190} INFO - [2025-02-04T16:24:25.245+0000] {dag.py:4180} INFO - Setting next_dagrun for example_branch_operator to 2025-02-03 00:00:00+00:00, run_after=2025-02-04 00:00:00+00:00
[2025-02-04T16:24:25.281+0000] {processor.py:208} INFO - Processing /home/airflow/.local/lib/python3.9/site-packages/airflow/example_dags/example_branch_operator.py took 0.120 seconds
[2025-02-04T16:24:55.363+0000] {processor.py:186} INFO - Started process (PID=343) to work on /home/airflow/.local/lib/python3.9/site-packages/airflow/example_dags/example_branch_operator.py
[2025-02-04T16:24:55.364+0000] {processor.py:914} INFO - Processing file /home/airflow/.local/lib/python3.9/site-packages/airflow/example_dags/example_branch_operator.py for tasks to queue
[2025-02-04T16:24:55.366+0000] {logging_mixin.py:190} INFO - [2025-02-04T16:24:55.366+0000] {dagbag.py:588} INFO - Filling up the DagBag from /home/airflow/.local/lib/python3.9/site-packages/airflow/example_dags/example_branch_operator.py
[2025-02-04T16:24:55.385+0000] {processor.py:925} INFO - DAG(s) 'example_branch_operator' retrieved from /home/airflow/.local/lib/python3.9/site-packages/airflow/example_dags/example_branch_operator.py
[2025-02-04T16:24:55.418+0000] {logging_mixin.py:190} INFO - [2025-02-04T16:24:55.418+0000] {dag.py:3239} INFO - Sync 1 DAGs
[2025-02-04T16:24:55.442+0000] {logging_mixin.py:190} INFO - [2025-02-04T16:24:55.442+0000] {dag.py:4180} INFO - Setting next_dagrun for example_branch_operator to 2025-02-03 00:00:00+00:00, run_after=2025-02-04 00:00:00+00:00
[2025-02-04T16:24:55.469+0000] {processor.py:208} INFO - Processing /home/airflow/.local/lib/python3.9/site-packages/airflow/example_dags/example_branch_operator.py took 0.113 seconds
[2025-02-04T16:25:26.167+0000] {processor.py:186} INFO - Started process (PID=407) to work on /home/airflow/.local/lib/python3.9/site-packages/airflow/example_dags/example_branch_operator.py
[2025-02-04T16:25:26.380+0000] {processor.py:914} INFO - Processing file /home/airflow/.local/lib/python3.9/site-packages/airflow/example_dags/example_branch_operator.py for tasks to queue
[2025-02-04T16:25:26.383+0000] {logging_mixin.py:190} INFO - [2025-02-04T16:25:26.383+0000] {dagbag.py:588} INFO - Filling up the DagBag from /home/airflow/.local/lib/python3.9/site-packages/airflow/example_dags/example_branch_operator.py
[2025-02-04T16:25:26.403+0000] {processor.py:925} INFO - DAG(s) 'example_branch_operator' retrieved from /home/airflow/.local/lib/python3.9/site-packages/airflow/example_dags/example_branch_operator.py
[2025-02-04T16:25:26.433+0000] {logging_mixin.py:190} INFO - [2025-02-04T16:25:26.433+0000] {dag.py:3239} INFO - Sync 1 DAGs
[2025-02-04T16:25:26.455+0000] {logging_mixin.py:190} INFO - [2025-02-04T16:25:26.455+0000] {dag.py:4180} INFO - Setting next_dagrun for example_branch_operator to 2025-02-03 00:00:00+00:00, run_after=2025-02-04 00:00:00+00:00
[2025-02-04T16:25:26.483+0000] {processor.py:208} INFO - Processing /home/airflow/.local/lib/python3.9/site-packages/airflow/example_dags/example_branch_operator.py took 0.325 seconds
[2025-02-04T16:25:56.904+0000] {processor.py:186} INFO - Started process (PID=471) to work on /home/airflow/.local/lib/python3.9/site-packages/airflow/example_dags/example_branch_operator.py
[2025-02-04T16:25:56.905+0000] {processor.py:914} INFO - Processing file /home/airflow/.local/lib/python3.9/site-packages/airflow/example_dags/example_branch_operator.py for tasks to queue
[2025-02-04T16:25:56.908+0000] {logging_mixin.py:190} INFO - [2025-02-04T16:25:56.908+0000] {dagbag.py:588} INFO - Filling up the DagBag from /home/airflow/.local/lib/python3.9/site-packages/airflow/example_dags/example_branch_operator.py
[2025-02-04T16:25:56.930+0000] {processor.py:925} INFO - DAG(s) 'example_branch_operator' retrieved from /home/airflow/.local/lib/python3.9/site-packages/airflow/example_dags/example_branch_operator.py
[2025-02-04T16:25:56.961+0000] {logging_mixin.py:190} INFO - [2025-02-04T16:25:56.961+0000] {dag.py:3239} INFO - Sync 1 DAGs
[2025-02-04T16:25:56.987+0000] {logging_mixin.py:190} INFO - [2025-02-04T16:25:56.986+0000] {dag.py:4180} INFO - Setting next_dagrun for example_branch_operator to 2025-02-03 00:00:00+00:00, run_after=2025-02-04 00:00:00+00:00
[2025-02-04T16:25:57.014+0000] {processor.py:208} INFO - Processing /home/airflow/.local/lib/python3.9/site-packages/airflow/example_dags/example_branch_operator.py took 0.117 seconds
[2025-02-04T16:26:27.599+0000] {processor.py:186} INFO - Started process (PID=533) to work on /home/airflow/.local/lib/python3.9/site-packages/airflow/example_dags/example_branch_operator.py
[2025-02-04T16:26:27.601+0000] {processor.py:914} INFO - Processing file /home/airflow/.local/lib/python3.9/site-packages/airflow/example_dags/example_branch_operator.py for tasks to queue
[2025-02-04T16:26:27.604+0000] {logging_mixin.py:190} INFO - [2025-02-04T16:26:27.604+0000] {dagbag.py:588} INFO - Filling up the DagBag from /home/airflow/.local/lib/python3.9/site-packages/airflow/example_dags/example_branch_operator.py
[2025-02-04T16:26:27.632+0000] {processor.py:925} INFO - DAG(s) 'example_branch_operator' retrieved from /home/airflow/.local/lib/python3.9/site-packages/airflow/example_dags/example_branch_operator.py
[2025-02-04T16:26:27.665+0000] {logging_mixin.py:190} INFO - [2025-02-04T16:26:27.665+0000] {dag.py:3239} INFO - Sync 1 DAGs
[2025-02-04T16:26:27.693+0000] {logging_mixin.py:190} INFO - [2025-02-04T16:26:27.693+0000] {dag.py:4180} INFO - Setting next_dagrun for example_branch_operator to 2025-02-03 00:00:00+00:00, run_after=2025-02-04 00:00:00+00:00
[2025-02-04T16:26:27.725+0000] {processor.py:208} INFO - Processing /home/airflow/.local/lib/python3.9/site-packages/airflow/example_dags/example_branch_operator.py took 0.136 seconds
[2025-02-04T16:26:57.919+0000] {processor.py:186} INFO - Started process (PID=597) to work on /home/airflow/.local/lib/python3.9/site-packages/airflow/example_dags/example_branch_operator.py
[2025-02-04T16:26:57.920+0000] {processor.py:914} INFO - Processing file /home/airflow/.local/lib/python3.9/site-packages/airflow/example_dags/example_branch_operator.py for tasks to queue
[2025-02-04T16:26:57.923+0000] {logging_mixin.py:190} INFO - [2025-02-04T16:26:57.923+0000] {dagbag.py:588} INFO - Filling up the DagBag from /home/airflow/.local/lib/python3.9/site-packages/airflow/example_dags/example_branch_operator.py
[2025-02-04T16:26:57.950+0000] {processor.py:925} INFO - DAG(s) 'example_branch_operator' retrieved from /home/airflow/.local/lib/python3.9/site-packages/airflow/example_dags/example_branch_operator.py
[2025-02-04T16:26:57.991+0000] {logging_mixin.py:190} INFO - [2025-02-04T16:26:57.991+0000] {dag.py:3239} INFO - Sync 1 DAGs
[2025-02-04T16:26:58.017+0000] {logging_mixin.py:190} INFO - [2025-02-04T16:26:58.017+0000] {dag.py:4180} INFO - Setting next_dagrun for example_branch_operator to 2025-02-03 00:00:00+00:00, run_after=2025-02-04 00:00:00+00:00
[2025-02-04T16:26:58.049+0000] {processor.py:208} INFO - Processing /home/airflow/.local/lib/python3.9/site-packages/airflow/example_dags/example_branch_operator.py took 0.141 seconds
[2025-02-04T16:27:28.950+0000] {processor.py:186} INFO - Started process (PID=661) to work on /home/airflow/.local/lib/python3.9/site-packages/airflow/example_dags/example_branch_operator.py
[2025-02-04T16:27:28.952+0000] {processor.py:914} INFO - Processing file /home/airflow/.local/lib/python3.9/site-packages/airflow/example_dags/example_branch_operator.py for tasks to queue
[2025-02-04T16:27:28.955+0000] {logging_mixin.py:190} INFO - [2025-02-04T16:27:28.954+0000] {dagbag.py:588} INFO - Filling up the DagBag from /home/airflow/.local/lib/python3.9/site-packages/airflow/example_dags/example_branch_operator.py
[2025-02-04T16:27:28.975+0000] {processor.py:925} INFO - DAG(s) 'example_branch_operator' retrieved from /home/airflow/.local/lib/python3.9/site-packages/airflow/example_dags/example_branch_operator.py
[2025-02-04T16:27:29.007+0000] {logging_mixin.py:190} INFO - [2025-02-04T16:27:29.007+0000] {dag.py:3239} INFO - Sync 1 DAGs
[2025-02-04T16:27:29.033+0000] {logging_mixin.py:190} INFO - [2025-02-04T16:27:29.032+0000] {dag.py:4180} INFO - Setting next_dagrun for example_branch_operator to 2025-02-03 00:00:00+00:00, run_after=2025-02-04 00:00:00+00:00
[2025-02-04T16:27:29.061+0000] {processor.py:208} INFO - Processing /home/airflow/.local/lib/python3.9/site-packages/airflow/example_dags/example_branch_operator.py took 0.117 seconds
[2025-02-04T16:27:59.814+0000] {processor.py:186} INFO - Started process (PID=732) to work on /home/airflow/.local/lib/python3.9/site-packages/airflow/example_dags/example_branch_operator.py
[2025-02-04T16:27:59.815+0000] {processor.py:914} INFO - Processing file /home/airflow/.local/lib/python3.9/site-packages/airflow/example_dags/example_branch_operator.py for tasks to queue
[2025-02-04T16:27:59.817+0000] {logging_mixin.py:190} INFO - [2025-02-04T16:27:59.817+0000] {dagbag.py:588} INFO - Filling up the DagBag from /home/airflow/.local/lib/python3.9/site-packages/airflow/example_dags/example_branch_operator.py
[2025-02-04T16:27:59.836+0000] {processor.py:925} INFO - DAG(s) 'example_branch_operator' retrieved from /home/airflow/.local/lib/python3.9/site-packages/airflow/example_dags/example_branch_operator.py
[2025-02-04T16:27:59.871+0000] {logging_mixin.py:190} INFO - [2025-02-04T16:27:59.870+0000] {dag.py:3239} INFO - Sync 1 DAGs
[2025-02-04T16:28:00.005+0000] {logging_mixin.py:190} INFO - [2025-02-04T16:28:00.004+0000] {dag.py:4180} INFO - Setting next_dagrun for example_branch_operator to 2025-02-03 00:00:00+00:00, run_after=2025-02-04 00:00:00+00:00
[2025-02-04T16:28:00.033+0000] {processor.py:208} INFO - Processing /home/airflow/.local/lib/python3.9/site-packages/airflow/example_dags/example_branch_operator.py took 0.226 seconds
[2025-02-04T16:28:30.317+0000] {processor.py:186} INFO - Started process (PID=796) to work on /home/airflow/.local/lib/python3.9/site-packages/airflow/example_dags/example_branch_operator.py
[2025-02-04T16:28:30.319+0000] {processor.py:914} INFO - Processing file /home/airflow/.local/lib/python3.9/site-packages/airflow/example_dags/example_branch_operator.py for tasks to queue
[2025-02-04T16:28:30.323+0000] {logging_mixin.py:190} INFO - [2025-02-04T16:28:30.322+0000] {dagbag.py:588} INFO - Filling up the DagBag from /home/airflow/.local/lib/python3.9/site-packages/airflow/example_dags/example_branch_operator.py
[2025-02-04T16:28:30.358+0000] {processor.py:925} INFO - DAG(s) 'example_branch_operator' retrieved from /home/airflow/.local/lib/python3.9/site-packages/airflow/example_dags/example_branch_operator.py
[2025-02-04T16:28:30.390+0000] {logging_mixin.py:190} INFO - [2025-02-04T16:28:30.389+0000] {dag.py:3239} INFO - Sync 1 DAGs
[2025-02-04T16:28:30.715+0000] {logging_mixin.py:190} INFO - [2025-02-04T16:28:30.715+0000] {dag.py:4180} INFO - Setting next_dagrun for example_branch_operator to 2025-02-03 00:00:00+00:00, run_after=2025-02-04 00:00:00+00:00
[2025-02-04T16:28:30.743+0000] {processor.py:208} INFO - Processing /home/airflow/.local/lib/python3.9/site-packages/airflow/example_dags/example_branch_operator.py took 0.443 seconds
[2025-02-04T16:29:00.787+0000] {processor.py:186} INFO - Started process (PID=860) to work on /home/airflow/.local/lib/python3.9/site-packages/airflow/example_dags/example_branch_operator.py
[2025-02-04T16:29:00.789+0000] {processor.py:914} INFO - Processing file /home/airflow/.local/lib/python3.9/site-packages/airflow/example_dags/example_branch_operator.py for tasks to queue
[2025-02-04T16:29:00.791+0000] {logging_mixin.py:190} INFO - [2025-02-04T16:29:00.791+0000] {dagbag.py:588} INFO - Filling up the DagBag from /home/airflow/.local/lib/python3.9/site-packages/airflow/example_dags/example_branch_operator.py
[2025-02-04T16:29:00.155+0000] {processor.py:925} INFO - DAG(s) 'example_branch_operator' retrieved from /home/airflow/.local/lib/python3.9/site-packages/airflow/example_dags/example_branch_operator.py
[2025-02-04T16:29:00.186+0000] {logging_mixin.py:190} INFO - [2025-02-04T16:29:00.186+0000] {dag.py:3239} INFO - Sync 1 DAGs
[2025-02-04T16:29:00.210+0000] {logging_mixin.py:190} INFO - [2025-02-04T16:29:00.210+0000] {dag.py:4180} INFO - Setting next_dagrun for example_branch_operator to 2025-02-03 00:00:00+00:00, run_after=2025-02-04 00:00:00+00:00
[2025-02-04T16:28:59.101+0000] {processor.py:208} INFO - Processing /home/airflow/.local/lib/python3.9/site-packages/airflow/example_dags/example_branch_operator.py took 0.283 seconds
[2025-02-04T16:29:29.253+0000] {processor.py:186} INFO - Started process (PID=913) to work on /home/airflow/.local/lib/python3.9/site-packages/airflow/example_dags/example_branch_operator.py
[2025-02-04T16:29:29.255+0000] {processor.py:914} INFO - Processing file /home/airflow/.local/lib/python3.9/site-packages/airflow/example_dags/example_branch_operator.py for tasks to queue
[2025-02-04T16:29:29.258+0000] {logging_mixin.py:190} INFO - [2025-02-04T16:29:29.258+0000] {dagbag.py:588} INFO - Filling up the DagBag from /home/airflow/.local/lib/python3.9/site-packages/airflow/example_dags/example_branch_operator.py
[2025-02-04T16:29:29.282+0000] {processor.py:925} INFO - DAG(s) 'example_branch_operator' retrieved from /home/airflow/.local/lib/python3.9/site-packages/airflow/example_dags/example_branch_operator.py
[2025-02-04T16:29:29.324+0000] {logging_mixin.py:190} INFO - [2025-02-04T16:29:29.324+0000] {dag.py:3239} INFO - Sync 1 DAGs
[2025-02-04T16:29:29.358+0000] {logging_mixin.py:190} INFO - [2025-02-04T16:29:29.358+0000] {dag.py:4180} INFO - Setting next_dagrun for example_branch_operator to 2025-02-03 00:00:00+00:00, run_after=2025-02-04 00:00:00+00:00
[2025-02-04T16:29:29.394+0000] {processor.py:208} INFO - Processing /home/airflow/.local/lib/python3.9/site-packages/airflow/example_dags/example_branch_operator.py took 0.151 seconds
[2025-02-04T16:29:59.520+0000] {processor.py:186} INFO - Started process (PID=977) to work on /home/airflow/.local/lib/python3.9/site-packages/airflow/example_dags/example_branch_operator.py
[2025-02-04T16:29:59.522+0000] {processor.py:914} INFO - Processing file /home/airflow/.local/lib/python3.9/site-packages/airflow/example_dags/example_branch_operator.py for tasks to queue
[2025-02-04T16:29:59.525+0000] {logging_mixin.py:190} INFO - [2025-02-04T16:29:59.525+0000] {dagbag.py:588} INFO - Filling up the DagBag from /home/airflow/.local/lib/python3.9/site-packages/airflow/example_dags/example_branch_operator.py
[2025-02-04T16:29:59.562+0000] {processor.py:925} INFO - DAG(s) 'example_branch_operator' retrieved from /home/airflow/.local/lib/python3.9/site-packages/airflow/example_dags/example_branch_operator.py
[2025-02-04T16:29:59.599+0000] {logging_mixin.py:190} INFO - [2025-02-04T16:29:59.599+0000] {dag.py:3239} INFO - Sync 1 DAGs
[2025-02-04T16:29:59.631+0000] {logging_mixin.py:190} INFO - [2025-02-04T16:29:59.631+0000] {dag.py:4180} INFO - Setting next_dagrun for example_branch_operator to 2025-02-03 00:00:00+00:00, run_after=2025-02-04 00:00:00+00:00
[2025-02-04T16:29:59.660+0000] {processor.py:208} INFO - Processing /home/airflow/.local/lib/python3.9/site-packages/airflow/example_dags/example_branch_operator.py took 0.150 seconds
[2025-02-04T16:30:29.859+0000] {processor.py:186} INFO - Started process (PID=1041) to work on /home/airflow/.local/lib/python3.9/site-packages/airflow/example_dags/example_branch_operator.py
[2025-02-04T16:30:29.861+0000] {processor.py:914} INFO - Processing file /home/airflow/.local/lib/python3.9/site-packages/airflow/example_dags/example_branch_operator.py for tasks to queue
[2025-02-04T16:30:29.864+0000] {logging_mixin.py:190} INFO - [2025-02-04T16:30:29.863+0000] {dagbag.py:588} INFO - Filling up the DagBag from /home/airflow/.local/lib/python3.9/site-packages/airflow/example_dags/example_branch_operator.py
[2025-02-04T16:30:29.973+0000] {processor.py:925} INFO - DAG(s) 'example_branch_operator' retrieved from /home/airflow/.local/lib/python3.9/site-packages/airflow/example_dags/example_branch_operator.py
[2025-02-04T16:30:30.696+0000] {logging_mixin.py:190} INFO - [2025-02-04T16:30:30.696+0000] {dag.py:3239} INFO - Sync 1 DAGs
[2025-02-04T16:30:30.911+0000] {logging_mixin.py:190} INFO - [2025-02-04T16:30:30.911+0000] {dag.py:4180} INFO - Setting next_dagrun for example_branch_operator to 2025-02-03 00:00:00+00:00, run_after=2025-02-04 00:00:00+00:00
[2025-02-04T16:30:30.963+0000] {processor.py:208} INFO - Processing /home/airflow/.local/lib/python3.9/site-packages/airflow/example_dags/example_branch_operator.py took 1.114 seconds
[2025-02-04T16:31:01.555+0000] {processor.py:186} INFO - Started process (PID=1105) to work on /home/airflow/.local/lib/python3.9/site-packages/airflow/example_dags/example_branch_operator.py
[2025-02-04T16:31:01.556+0000] {processor.py:914} INFO - Processing file /home/airflow/.local/lib/python3.9/site-packages/airflow/example_dags/example_branch_operator.py for tasks to queue
[2025-02-04T16:31:01.559+0000] {logging_mixin.py:190} INFO - [2025-02-04T16:31:01.559+0000] {dagbag.py:588} INFO - Filling up the DagBag from /home/airflow/.local/lib/python3.9/site-packages/airflow/example_dags/example_branch_operator.py
[2025-02-04T16:31:01.579+0000] {processor.py:925} INFO - DAG(s) 'example_branch_operator' retrieved from /home/airflow/.local/lib/python3.9/site-packages/airflow/example_dags/example_branch_operator.py
[2025-02-04T16:31:01.611+0000] {logging_mixin.py:190} INFO - [2025-02-04T16:31:01.611+0000] {dag.py:3239} INFO - Sync 1 DAGs
[2025-02-04T16:31:01.636+0000] {logging_mixin.py:190} INFO - [2025-02-04T16:31:01.636+0000] {dag.py:4180} INFO - Setting next_dagrun for example_branch_operator to 2025-02-03 00:00:00+00:00, run_after=2025-02-04 00:00:00+00:00
[2025-02-04T16:31:01.665+0000] {processor.py:208} INFO - Processing /home/airflow/.local/lib/python3.9/site-packages/airflow/example_dags/example_branch_operator.py took 0.118 seconds
[2025-02-04T16:31:32.364+0000] {processor.py:186} INFO - Started process (PID=1169) to work on /home/airflow/.local/lib/python3.9/site-packages/airflow/example_dags/example_branch_operator.py
[2025-02-04T16:31:32.366+0000] {processor.py:914} INFO - Processing file /home/airflow/.local/lib/python3.9/site-packages/airflow/example_dags/example_branch_operator.py for tasks to queue
[2025-02-04T16:31:32.369+0000] {logging_mixin.py:190} INFO - [2025-02-04T16:31:32.368+0000] {dagbag.py:588} INFO - Filling up the DagBag from /home/airflow/.local/lib/python3.9/site-packages/airflow/example_dags/example_branch_operator.py
[2025-02-04T16:31:32.394+0000] {processor.py:925} INFO - DAG(s) 'example_branch_operator' retrieved from /home/airflow/.local/lib/python3.9/site-packages/airflow/example_dags/example_branch_operator.py
[2025-02-04T16:31:32.425+0000] {logging_mixin.py:190} INFO - [2025-02-04T16:31:32.425+0000] {dag.py:3239} INFO - Sync 1 DAGs
[2025-02-04T16:31:32.453+0000] {logging_mixin.py:190} INFO - [2025-02-04T16:31:32.452+0000] {dag.py:4180} INFO - Setting next_dagrun for example_branch_operator to 2025-02-03 00:00:00+00:00, run_after=2025-02-04 00:00:00+00:00
[2025-02-04T16:31:32.481+0000] {processor.py:208} INFO - Processing /home/airflow/.local/lib/python3.9/site-packages/airflow/example_dags/example_branch_operator.py took 0.126 seconds
[2025-02-04T16:32:03.138+0000] {processor.py:186} INFO - Started process (PID=1233) to work on /home/airflow/.local/lib/python3.9/site-packages/airflow/example_dags/example_branch_operator.py
[2025-02-04T16:32:03.139+0000] {processor.py:914} INFO - Processing file /home/airflow/.local/lib/python3.9/site-packages/airflow/example_dags/example_branch_operator.py for tasks to queue
[2025-02-04T16:32:03.142+0000] {logging_mixin.py:190} INFO - [2025-02-04T16:32:03.142+0000] {dagbag.py:588} INFO - Filling up the DagBag from /home/airflow/.local/lib/python3.9/site-packages/airflow/example_dags/example_branch_operator.py
[2025-02-04T16:32:03.165+0000] {processor.py:925} INFO - DAG(s) 'example_branch_operator' retrieved from /home/airflow/.local/lib/python3.9/site-packages/airflow/example_dags/example_branch_operator.py
[2025-02-04T16:32:03.201+0000] {logging_mixin.py:190} INFO - [2025-02-04T16:32:03.201+0000] {dag.py:3239} INFO - Sync 1 DAGs
[2025-02-04T16:32:04.551+0000] {logging_mixin.py:190} INFO - [2025-02-04T16:32:04.551+0000] {dag.py:4180} INFO - Setting next_dagrun for example_branch_operator to 2025-02-03 00:00:00+00:00, run_after=2025-02-04 00:00:00+00:00
[2025-02-04T16:32:04.579+0000] {processor.py:208} INFO - Processing /home/airflow/.local/lib/python3.9/site-packages/airflow/example_dags/example_branch_operator.py took 1.448 seconds
[2025-02-04T16:32:34.775+0000] {processor.py:186} INFO - Started process (PID=1297) to work on /home/airflow/.local/lib/python3.9/site-packages/airflow/example_dags/example_branch_operator.py
[2025-02-04T16:32:34.776+0000] {processor.py:914} INFO - Processing file /home/airflow/.local/lib/python3.9/site-packages/airflow/example_dags/example_branch_operator.py for tasks to queue
[2025-02-04T16:32:34.779+0000] {logging_mixin.py:190} INFO - [2025-02-04T16:32:34.778+0000] {dagbag.py:588} INFO - Filling up the DagBag from /home/airflow/.local/lib/python3.9/site-packages/airflow/example_dags/example_branch_operator.py
[2025-02-04T16:32:34.801+0000] {processor.py:925} INFO - DAG(s) 'example_branch_operator' retrieved from /home/airflow/.local/lib/python3.9/site-packages/airflow/example_dags/example_branch_operator.py
[2025-02-04T16:32:34.837+0000] {logging_mixin.py:190} INFO - [2025-02-04T16:32:34.837+0000] {dag.py:3239} INFO - Sync 1 DAGs
[2025-02-04T16:32:34.870+0000] {logging_mixin.py:190} INFO - [2025-02-04T16:32:34.869+0000] {dag.py:4180} INFO - Setting next_dagrun for example_branch_operator to 2025-02-03 00:00:00+00:00, run_after=2025-02-04 00:00:00+00:00
[2025-02-04T16:32:34.901+0000] {processor.py:208} INFO - Processing /home/airflow/.local/lib/python3.9/site-packages/airflow/example_dags/example_branch_operator.py took 0.135 seconds
[2025-02-04T16:33:05.101+0000] {processor.py:186} INFO - Started process (PID=1361) to work on /home/airflow/.local/lib/python3.9/site-packages/airflow/example_dags/example_branch_operator.py
[2025-02-04T16:33:05.103+0000] {processor.py:914} INFO - Processing file /home/airflow/.local/lib/python3.9/site-packages/airflow/example_dags/example_branch_operator.py for tasks to queue
[2025-02-04T16:33:05.105+0000] {logging_mixin.py:190} INFO - [2025-02-04T16:33:05.105+0000] {dagbag.py:588} INFO - Filling up the DagBag from /home/airflow/.local/lib/python3.9/site-packages/airflow/example_dags/example_branch_operator.py
[2025-02-04T16:33:05.123+0000] {processor.py:925} INFO - DAG(s) 'example_branch_operator' retrieved from /home/airflow/.local/lib/python3.9/site-packages/airflow/example_dags/example_branch_operator.py
[2025-02-04T16:33:05.204+0000] {logging_mixin.py:190} INFO - [2025-02-04T16:33:05.204+0000] {dag.py:3239} INFO - Sync 1 DAGs
[2025-02-04T16:33:05.227+0000] {logging_mixin.py:190} INFO - [2025-02-04T16:33:05.227+0000] {dag.py:4180} INFO - Setting next_dagrun for example_branch_operator to 2025-02-03 00:00:00+00:00, run_after=2025-02-04 00:00:00+00:00
[2025-02-04T16:33:05.255+0000] {processor.py:208} INFO - Processing /home/airflow/.local/lib/python3.9/site-packages/airflow/example_dags/example_branch_operator.py took 0.160 seconds
[2025-02-04T16:33:35.695+0000] {processor.py:186} INFO - Started process (PID=1433) to work on /home/airflow/.local/lib/python3.9/site-packages/airflow/example_dags/example_branch_operator.py
[2025-02-04T16:33:35.696+0000] {processor.py:914} INFO - Processing file /home/airflow/.local/lib/python3.9/site-packages/airflow/example_dags/example_branch_operator.py for tasks to queue
[2025-02-04T16:33:35.699+0000] {logging_mixin.py:190} INFO - [2025-02-04T16:33:35.698+0000] {dagbag.py:588} INFO - Filling up the DagBag from /home/airflow/.local/lib/python3.9/site-packages/airflow/example_dags/example_branch_operator.py
[2025-02-04T16:33:35.717+0000] {processor.py:925} INFO - DAG(s) 'example_branch_operator' retrieved from /home/airflow/.local/lib/python3.9/site-packages/airflow/example_dags/example_branch_operator.py
[2025-02-04T16:33:35.749+0000] {logging_mixin.py:190} INFO - [2025-02-04T16:33:35.748+0000] {dag.py:3239} INFO - Sync 1 DAGs
[2025-02-04T16:33:35.773+0000] {logging_mixin.py:190} INFO - [2025-02-04T16:33:35.773+0000] {dag.py:4180} INFO - Setting next_dagrun for example_branch_operator to 2025-02-03 00:00:00+00:00, run_after=2025-02-04 00:00:00+00:00
[2025-02-04T16:33:35.802+0000] {processor.py:208} INFO - Processing /home/airflow/.local/lib/python3.9/site-packages/airflow/example_dags/example_branch_operator.py took 0.114 seconds
[2025-02-04T16:34:06.502+0000] {processor.py:186} INFO - Started process (PID=1497) to work on /home/airflow/.local/lib/python3.9/site-packages/airflow/example_dags/example_branch_operator.py
[2025-02-04T16:34:06.503+0000] {processor.py:914} INFO - Processing file /home/airflow/.local/lib/python3.9/site-packages/airflow/example_dags/example_branch_operator.py for tasks to queue
[2025-02-04T16:34:06.506+0000] {logging_mixin.py:190} INFO - [2025-02-04T16:34:06.506+0000] {dagbag.py:588} INFO - Filling up the DagBag from /home/airflow/.local/lib/python3.9/site-packages/airflow/example_dags/example_branch_operator.py
[2025-02-04T16:34:06.523+0000] {processor.py:925} INFO - DAG(s) 'example_branch_operator' retrieved from /home/airflow/.local/lib/python3.9/site-packages/airflow/example_dags/example_branch_operator.py
[2025-02-04T16:34:06.551+0000] {logging_mixin.py:190} INFO - [2025-02-04T16:34:06.550+0000] {dag.py:3239} INFO - Sync 1 DAGs
[2025-02-04T16:34:06.574+0000] {logging_mixin.py:190} INFO - [2025-02-04T16:34:06.573+0000] {dag.py:4180} INFO - Setting next_dagrun for example_branch_operator to 2025-02-03 00:00:00+00:00, run_after=2025-02-04 00:00:00+00:00
[2025-02-04T16:34:06.600+0000] {processor.py:208} INFO - Processing /home/airflow/.local/lib/python3.9/site-packages/airflow/example_dags/example_branch_operator.py took 0.103 seconds
[2025-02-04T16:34:37.905+0000] {processor.py:186} INFO - Started process (PID=1562) to work on /home/airflow/.local/lib/python3.9/site-packages/airflow/example_dags/example_branch_operator.py
[2025-02-04T16:34:37.906+0000] {processor.py:914} INFO - Processing file /home/airflow/.local/lib/python3.9/site-packages/airflow/example_dags/example_branch_operator.py for tasks to queue
[2025-02-04T16:34:37.909+0000] {logging_mixin.py:190} INFO - [2025-02-04T16:34:37.909+0000] {dagbag.py:588} INFO - Filling up the DagBag from /home/airflow/.local/lib/python3.9/site-packages/airflow/example_dags/example_branch_operator.py
[2025-02-04T16:34:37.928+0000] {processor.py:925} INFO - DAG(s) 'example_branch_operator' retrieved from /home/airflow/.local/lib/python3.9/site-packages/airflow/example_dags/example_branch_operator.py
[2025-02-04T16:34:37.960+0000] {logging_mixin.py:190} INFO - [2025-02-04T16:34:37.960+0000] {dag.py:3239} INFO - Sync 1 DAGs
[2025-02-04T16:34:37.984+0000] {logging_mixin.py:190} INFO - [2025-02-04T16:34:37.984+0000] {dag.py:4180} INFO - Setting next_dagrun for example_branch_operator to 2025-02-03 00:00:00+00:00, run_after=2025-02-04 00:00:00+00:00
[2025-02-04T16:34:38.011+0000] {processor.py:208} INFO - Processing /home/airflow/.local/lib/python3.9/site-packages/airflow/example_dags/example_branch_operator.py took 0.112 seconds
[2025-02-04T16:35:08.344+0000] {processor.py:186} INFO - Started process (PID=1626) to work on /home/airflow/.local/lib/python3.9/site-packages/airflow/example_dags/example_branch_operator.py
[2025-02-04T16:35:08.345+0000] {processor.py:914} INFO - Processing file /home/airflow/.local/lib/python3.9/site-packages/airflow/example_dags/example_branch_operator.py for tasks to queue
[2025-02-04T16:35:08.348+0000] {logging_mixin.py:190} INFO - [2025-02-04T16:35:08.348+0000] {dagbag.py:588} INFO - Filling up the DagBag from /home/airflow/.local/lib/python3.9/site-packages/airflow/example_dags/example_branch_operator.py
[2025-02-04T16:35:08.370+0000] {processor.py:925} INFO - DAG(s) 'example_branch_operator' retrieved from /home/airflow/.local/lib/python3.9/site-packages/airflow/example_dags/example_branch_operator.py
[2025-02-04T16:35:08.407+0000] {logging_mixin.py:190} INFO - [2025-02-04T16:35:08.407+0000] {dag.py:3239} INFO - Sync 1 DAGs
[2025-02-04T16:35:08.431+0000] {logging_mixin.py:190} INFO - [2025-02-04T16:35:08.431+0000] {dag.py:4180} INFO - Setting next_dagrun for example_branch_operator to 2025-02-03 00:00:00+00:00, run_after=2025-02-04 00:00:00+00:00
[2025-02-04T16:35:08.463+0000] {processor.py:208} INFO - Processing /home/airflow/.local/lib/python3.9/site-packages/airflow/example_dags/example_branch_operator.py took 0.126 seconds
[2025-02-04T16:35:38.824+0000] {processor.py:186} INFO - Started process (PID=1689) to work on /home/airflow/.local/lib/python3.9/site-packages/airflow/example_dags/example_branch_operator.py
[2025-02-04T16:35:38.825+0000] {processor.py:914} INFO - Processing file /home/airflow/.local/lib/python3.9/site-packages/airflow/example_dags/example_branch_operator.py for tasks to queue
[2025-02-04T16:35:38.828+0000] {logging_mixin.py:190} INFO - [2025-02-04T16:35:38.828+0000] {dagbag.py:588} INFO - Filling up the DagBag from /home/airflow/.local/lib/python3.9/site-packages/airflow/example_dags/example_branch_operator.py
[2025-02-04T16:35:38.862+0000] {processor.py:925} INFO - DAG(s) 'example_branch_operator' retrieved from /home/airflow/.local/lib/python3.9/site-packages/airflow/example_dags/example_branch_operator.py
[2025-02-04T16:35:38.900+0000] {logging_mixin.py:190} INFO - [2025-02-04T16:35:38.899+0000] {dag.py:3239} INFO - Sync 1 DAGs
[2025-02-04T16:35:38.925+0000] {logging_mixin.py:190} INFO - [2025-02-04T16:35:38.925+0000] {dag.py:4180} INFO - Setting next_dagrun for example_branch_operator to 2025-02-03 00:00:00+00:00, run_after=2025-02-04 00:00:00+00:00
[2025-02-04T16:35:38.951+0000] {processor.py:208} INFO - Processing /home/airflow/.local/lib/python3.9/site-packages/airflow/example_dags/example_branch_operator.py took 0.136 seconds
[2025-02-04T16:36:09.295+0000] {processor.py:186} INFO - Started process (PID=1755) to work on /home/airflow/.local/lib/python3.9/site-packages/airflow/example_dags/example_branch_operator.py
[2025-02-04T16:36:09.297+0000] {processor.py:914} INFO - Processing file /home/airflow/.local/lib/python3.9/site-packages/airflow/example_dags/example_branch_operator.py for tasks to queue
[2025-02-04T16:36:09.299+0000] {logging_mixin.py:190} INFO - [2025-02-04T16:36:09.299+0000] {dagbag.py:588} INFO - Filling up the DagBag from /home/airflow/.local/lib/python3.9/site-packages/airflow/example_dags/example_branch_operator.py
[2025-02-04T16:36:09.318+0000] {processor.py:925} INFO - DAG(s) 'example_branch_operator' retrieved from /home/airflow/.local/lib/python3.9/site-packages/airflow/example_dags/example_branch_operator.py
[2025-02-04T16:36:09.349+0000] {logging_mixin.py:190} INFO - [2025-02-04T16:36:09.349+0000] {dag.py:3239} INFO - Sync 1 DAGs
[2025-02-04T16:36:09.374+0000] {logging_mixin.py:190} INFO - [2025-02-04T16:36:09.374+0000] {dag.py:4180} INFO - Setting next_dagrun for example_branch_operator to 2025-02-03 00:00:00+00:00, run_after=2025-02-04 00:00:00+00:00
[2025-02-04T16:36:09.402+0000] {processor.py:208} INFO - Processing /home/airflow/.local/lib/python3.9/site-packages/airflow/example_dags/example_branch_operator.py took 0.114 seconds
[2025-02-04T16:36:39.621+0000] {processor.py:186} INFO - Started process (PID=1818) to work on /home/airflow/.local/lib/python3.9/site-packages/airflow/example_dags/example_branch_operator.py
[2025-02-04T16:36:39.622+0000] {processor.py:914} INFO - Processing file /home/airflow/.local/lib/python3.9/site-packages/airflow/example_dags/example_branch_operator.py for tasks to queue
[2025-02-04T16:36:39.625+0000] {logging_mixin.py:190} INFO - [2025-02-04T16:36:39.624+0000] {dagbag.py:588} INFO - Filling up the DagBag from /home/airflow/.local/lib/python3.9/site-packages/airflow/example_dags/example_branch_operator.py
[2025-02-04T16:36:39.644+0000] {processor.py:925} INFO - DAG(s) 'example_branch_operator' retrieved from /home/airflow/.local/lib/python3.9/site-packages/airflow/example_dags/example_branch_operator.py
[2025-02-04T16:36:39.676+0000] {logging_mixin.py:190} INFO - [2025-02-04T16:36:39.675+0000] {dag.py:3239} INFO - Sync 1 DAGs
[2025-02-04T16:36:39.703+0000] {logging_mixin.py:190} INFO - [2025-02-04T16:36:39.703+0000] {dag.py:4180} INFO - Setting next_dagrun for example_branch_operator to 2025-02-03 00:00:00+00:00, run_after=2025-02-04 00:00:00+00:00
[2025-02-04T16:36:39.730+0000] {processor.py:208} INFO - Processing /home/airflow/.local/lib/python3.9/site-packages/airflow/example_dags/example_branch_operator.py took 0.116 seconds
[2025-02-04T16:38:18.966+0000] {processor.py:186} INFO - Started process (PID=1882) to work on /home/airflow/.local/lib/python3.9/site-packages/airflow/example_dags/example_branch_operator.py
[2025-02-04T16:38:18.968+0000] {processor.py:914} INFO - Processing file /home/airflow/.local/lib/python3.9/site-packages/airflow/example_dags/example_branch_operator.py for tasks to queue
[2025-02-04T16:38:18.970+0000] {logging_mixin.py:190} INFO - [2025-02-04T16:38:18.970+0000] {dagbag.py:588} INFO - Filling up the DagBag from /home/airflow/.local/lib/python3.9/site-packages/airflow/example_dags/example_branch_operator.py
[2025-02-04T16:38:18.988+0000] {processor.py:925} INFO - DAG(s) 'example_branch_operator' retrieved from /home/airflow/.local/lib/python3.9/site-packages/airflow/example_dags/example_branch_operator.py
[2025-02-04T16:38:19.415+0000] {logging_mixin.py:190} INFO - [2025-02-04T16:38:19.414+0000] {dag.py:3239} INFO - Sync 1 DAGs
[2025-02-04T16:38:19.442+0000] {logging_mixin.py:190} INFO - [2025-02-04T16:38:19.442+0000] {dag.py:4180} INFO - Setting next_dagrun for example_branch_operator to 2025-02-03 00:00:00+00:00, run_after=2025-02-04 00:00:00+00:00
[2025-02-04T16:38:19.470+0000] {processor.py:208} INFO - Processing /home/airflow/.local/lib/python3.9/site-packages/airflow/example_dags/example_branch_operator.py took 0.510 seconds
[2025-02-04T16:39:28.458+0000] {processor.py:186} INFO - Started process (PID=1939) to work on /home/airflow/.local/lib/python3.9/site-packages/airflow/example_dags/example_branch_operator.py
[2025-02-04T16:39:28.459+0000] {processor.py:914} INFO - Processing file /home/airflow/.local/lib/python3.9/site-packages/airflow/example_dags/example_branch_operator.py for tasks to queue
[2025-02-04T16:39:28.461+0000] {logging_mixin.py:190} INFO - [2025-02-04T16:39:28.461+0000] {dagbag.py:588} INFO - Filling up the DagBag from /home/airflow/.local/lib/python3.9/site-packages/airflow/example_dags/example_branch_operator.py
[2025-02-04T16:39:28.478+0000] {processor.py:925} INFO - DAG(s) 'example_branch_operator' retrieved from /home/airflow/.local/lib/python3.9/site-packages/airflow/example_dags/example_branch_operator.py
[2025-02-04T16:39:28.508+0000] {logging_mixin.py:190} INFO - [2025-02-04T16:39:28.508+0000] {dag.py:3239} INFO - Sync 1 DAGs
[2025-02-04T16:39:28.534+0000] {logging_mixin.py:190} INFO - [2025-02-04T16:39:28.534+0000] {dag.py:4180} INFO - Setting next_dagrun for example_branch_operator to 2025-02-03 00:00:00+00:00, run_after=2025-02-04 00:00:00+00:00
[2025-02-04T16:39:28.561+0000] {processor.py:208} INFO - Processing /home/airflow/.local/lib/python3.9/site-packages/airflow/example_dags/example_branch_operator.py took 0.110 seconds
[2025-02-04T16:39:58.626+0000] {processor.py:186} INFO - Started process (PID=2003) to work on /home/airflow/.local/lib/python3.9/site-packages/airflow/example_dags/example_branch_operator.py
[2025-02-04T16:39:58.627+0000] {processor.py:914} INFO - Processing file /home/airflow/.local/lib/python3.9/site-packages/airflow/example_dags/example_branch_operator.py for tasks to queue
[2025-02-04T16:39:58.628+0000] {logging_mixin.py:190} INFO - [2025-02-04T16:39:58.628+0000] {dagbag.py:588} INFO - Filling up the DagBag from /home/airflow/.local/lib/python3.9/site-packages/airflow/example_dags/example_branch_operator.py
[2025-02-04T16:39:58.647+0000] {processor.py:925} INFO - DAG(s) 'example_branch_operator' retrieved from /home/airflow/.local/lib/python3.9/site-packages/airflow/example_dags/example_branch_operator.py
[2025-02-04T16:39:58.673+0000] {logging_mixin.py:190} INFO - [2025-02-04T16:39:58.672+0000] {dag.py:3239} INFO - Sync 1 DAGs
[2025-02-04T16:39:58.695+0000] {logging_mixin.py:190} INFO - [2025-02-04T16:39:58.694+0000] {dag.py:4180} INFO - Setting next_dagrun for example_branch_operator to 2025-02-03 00:00:00+00:00, run_after=2025-02-04 00:00:00+00:00
[2025-02-04T16:39:58.715+0000] {processor.py:208} INFO - Processing /home/airflow/.local/lib/python3.9/site-packages/airflow/example_dags/example_branch_operator.py took 0.096 seconds
[2025-02-04T16:40:29.267+0000] {processor.py:186} INFO - Started process (PID=2065) to work on /home/airflow/.local/lib/python3.9/site-packages/airflow/example_dags/example_branch_operator.py
[2025-02-04T16:40:29.269+0000] {processor.py:914} INFO - Processing file /home/airflow/.local/lib/python3.9/site-packages/airflow/example_dags/example_branch_operator.py for tasks to queue
[2025-02-04T16:40:29.270+0000] {logging_mixin.py:190} INFO - [2025-02-04T16:40:29.270+0000] {dagbag.py:588} INFO - Filling up the DagBag from /home/airflow/.local/lib/python3.9/site-packages/airflow/example_dags/example_branch_operator.py
[2025-02-04T16:40:29.288+0000] {processor.py:925} INFO - DAG(s) 'example_branch_operator' retrieved from /home/airflow/.local/lib/python3.9/site-packages/airflow/example_dags/example_branch_operator.py
[2025-02-04T16:40:29.317+0000] {logging_mixin.py:190} INFO - [2025-02-04T16:40:29.317+0000] {dag.py:3239} INFO - Sync 1 DAGs
[2025-02-04T16:40:29.340+0000] {logging_mixin.py:190} INFO - [2025-02-04T16:40:29.340+0000] {dag.py:4180} INFO - Setting next_dagrun for example_branch_operator to 2025-02-03 00:00:00+00:00, run_after=2025-02-04 00:00:00+00:00
[2025-02-04T16:40:29.365+0000] {processor.py:208} INFO - Processing /home/airflow/.local/lib/python3.9/site-packages/airflow/example_dags/example_branch_operator.py took 0.104 seconds
[2025-02-04T16:41:00.097+0000] {processor.py:186} INFO - Started process (PID=2129) to work on /home/airflow/.local/lib/python3.9/site-packages/airflow/example_dags/example_branch_operator.py
[2025-02-04T16:41:00.098+0000] {processor.py:914} INFO - Processing file /home/airflow/.local/lib/python3.9/site-packages/airflow/example_dags/example_branch_operator.py for tasks to queue
[2025-02-04T16:41:00.100+0000] {logging_mixin.py:190} INFO - [2025-02-04T16:41:00.099+0000] {dagbag.py:588} INFO - Filling up the DagBag from /home/airflow/.local/lib/python3.9/site-packages/airflow/example_dags/example_branch_operator.py
[2025-02-04T16:41:00.118+0000] {processor.py:925} INFO - DAG(s) 'example_branch_operator' retrieved from /home/airflow/.local/lib/python3.9/site-packages/airflow/example_dags/example_branch_operator.py
[2025-02-04T16:41:00.148+0000] {logging_mixin.py:190} INFO - [2025-02-04T16:41:00.148+0000] {dag.py:3239} INFO - Sync 1 DAGs
[2025-02-04T16:41:00.172+0000] {logging_mixin.py:190} INFO - [2025-02-04T16:41:00.172+0000] {dag.py:4180} INFO - Setting next_dagrun for example_branch_operator to 2025-02-03 00:00:00+00:00, run_after=2025-02-04 00:00:00+00:00
[2025-02-04T16:41:00.251+0000] {processor.py:208} INFO - Processing /home/airflow/.local/lib/python3.9/site-packages/airflow/example_dags/example_branch_operator.py took 0.161 seconds
[2025-02-04T16:41:31.357+0000] {processor.py:186} INFO - Started process (PID=2193) to work on /home/airflow/.local/lib/python3.9/site-packages/airflow/example_dags/example_branch_operator.py
[2025-02-04T16:41:31.359+0000] {processor.py:914} INFO - Processing file /home/airflow/.local/lib/python3.9/site-packages/airflow/example_dags/example_branch_operator.py for tasks to queue
[2025-02-04T16:41:31.361+0000] {logging_mixin.py:190} INFO - [2025-02-04T16:41:31.360+0000] {dagbag.py:588} INFO - Filling up the DagBag from /home/airflow/.local/lib/python3.9/site-packages/airflow/example_dags/example_branch_operator.py
[2025-02-04T16:41:31.380+0000] {processor.py:925} INFO - DAG(s) 'example_branch_operator' retrieved from /home/airflow/.local/lib/python3.9/site-packages/airflow/example_dags/example_branch_operator.py
[2025-02-04T16:41:31.410+0000] {logging_mixin.py:190} INFO - [2025-02-04T16:41:31.410+0000] {dag.py:3239} INFO - Sync 1 DAGs
[2025-02-04T16:41:31.434+0000] {logging_mixin.py:190} INFO - [2025-02-04T16:41:31.434+0000] {dag.py:4180} INFO - Setting next_dagrun for example_branch_operator to 2025-02-03 00:00:00+00:00, run_after=2025-02-04 00:00:00+00:00
[2025-02-04T16:41:31.460+0000] {processor.py:208} INFO - Processing /home/airflow/.local/lib/python3.9/site-packages/airflow/example_dags/example_branch_operator.py took 0.111 seconds
[2025-02-04T16:42:02.370+0000] {processor.py:186} INFO - Started process (PID=2253) to work on /home/airflow/.local/lib/python3.9/site-packages/airflow/example_dags/example_branch_operator.py
[2025-02-04T16:42:02.371+0000] {processor.py:914} INFO - Processing file /home/airflow/.local/lib/python3.9/site-packages/airflow/example_dags/example_branch_operator.py for tasks to queue
[2025-02-04T16:42:02.373+0000] {logging_mixin.py:190} INFO - [2025-02-04T16:42:02.373+0000] {dagbag.py:588} INFO - Filling up the DagBag from /home/airflow/.local/lib/python3.9/site-packages/airflow/example_dags/example_branch_operator.py
[2025-02-04T16:42:02.391+0000] {processor.py:925} INFO - DAG(s) 'example_branch_operator' retrieved from /home/airflow/.local/lib/python3.9/site-packages/airflow/example_dags/example_branch_operator.py
[2025-02-04T16:42:02.421+0000] {logging_mixin.py:190} INFO - [2025-02-04T16:42:02.421+0000] {dag.py:3239} INFO - Sync 1 DAGs
[2025-02-04T16:42:02.445+0000] {logging_mixin.py:190} INFO - [2025-02-04T16:42:02.445+0000] {dag.py:4180} INFO - Setting next_dagrun for example_branch_operator to 2025-02-03 00:00:00+00:00, run_after=2025-02-04 00:00:00+00:00
[2025-02-04T16:42:02.469+0000] {processor.py:208} INFO - Processing /home/airflow/.local/lib/python3.9/site-packages/airflow/example_dags/example_branch_operator.py took 0.106 seconds
[2025-02-04T16:42:33.012+0000] {processor.py:186} INFO - Started process (PID=2317) to work on /home/airflow/.local/lib/python3.9/site-packages/airflow/example_dags/example_branch_operator.py
[2025-02-04T16:42:33.014+0000] {processor.py:914} INFO - Processing file /home/airflow/.local/lib/python3.9/site-packages/airflow/example_dags/example_branch_operator.py for tasks to queue
[2025-02-04T16:42:33.015+0000] {logging_mixin.py:190} INFO - [2025-02-04T16:42:33.015+0000] {dagbag.py:588} INFO - Filling up the DagBag from /home/airflow/.local/lib/python3.9/site-packages/airflow/example_dags/example_branch_operator.py
[2025-02-04T16:42:33.034+0000] {processor.py:925} INFO - DAG(s) 'example_branch_operator' retrieved from /home/airflow/.local/lib/python3.9/site-packages/airflow/example_dags/example_branch_operator.py
[2025-02-04T16:42:33.066+0000] {logging_mixin.py:190} INFO - [2025-02-04T16:42:33.066+0000] {dag.py:3239} INFO - Sync 1 DAGs
[2025-02-04T16:42:33.098+0000] {logging_mixin.py:190} INFO - [2025-02-04T16:42:33.098+0000] {dag.py:4180} INFO - Setting next_dagrun for example_branch_operator to 2025-02-03 00:00:00+00:00, run_after=2025-02-04 00:00:00+00:00
[2025-02-04T16:42:33.130+0000] {processor.py:208} INFO - Processing /home/airflow/.local/lib/python3.9/site-packages/airflow/example_dags/example_branch_operator.py took 0.124 seconds
[2025-02-04T16:43:03.481+0000] {processor.py:186} INFO - Started process (PID=2380) to work on /home/airflow/.local/lib/python3.9/site-packages/airflow/example_dags/example_branch_operator.py
[2025-02-04T16:43:03.482+0000] {processor.py:914} INFO - Processing file /home/airflow/.local/lib/python3.9/site-packages/airflow/example_dags/example_branch_operator.py for tasks to queue
[2025-02-04T16:43:03.484+0000] {logging_mixin.py:190} INFO - [2025-02-04T16:43:03.484+0000] {dagbag.py:588} INFO - Filling up the DagBag from /home/airflow/.local/lib/python3.9/site-packages/airflow/example_dags/example_branch_operator.py
[2025-02-04T16:43:03.503+0000] {processor.py:925} INFO - DAG(s) 'example_branch_operator' retrieved from /home/airflow/.local/lib/python3.9/site-packages/airflow/example_dags/example_branch_operator.py
[2025-02-04T16:43:03.535+0000] {logging_mixin.py:190} INFO - [2025-02-04T16:43:03.535+0000] {dag.py:3239} INFO - Sync 1 DAGs
[2025-02-04T16:43:03.560+0000] {logging_mixin.py:190} INFO - [2025-02-04T16:43:03.560+0000] {dag.py:4180} INFO - Setting next_dagrun for example_branch_operator to 2025-02-03 00:00:00+00:00, run_after=2025-02-04 00:00:00+00:00
[2025-02-04T16:43:03.589+0000] {processor.py:208} INFO - Processing /home/airflow/.local/lib/python3.9/site-packages/airflow/example_dags/example_branch_operator.py took 0.114 seconds
[2025-02-04T16:43:33.914+0000] {processor.py:186} INFO - Started process (PID=2443) to work on /home/airflow/.local/lib/python3.9/site-packages/airflow/example_dags/example_branch_operator.py
[2025-02-04T16:43:33.916+0000] {processor.py:914} INFO - Processing file /home/airflow/.local/lib/python3.9/site-packages/airflow/example_dags/example_branch_operator.py for tasks to queue
[2025-02-04T16:43:33.917+0000] {logging_mixin.py:190} INFO - [2025-02-04T16:43:33.917+0000] {dagbag.py:588} INFO - Filling up the DagBag from /home/airflow/.local/lib/python3.9/site-packages/airflow/example_dags/example_branch_operator.py
[2025-02-04T16:43:33.937+0000] {processor.py:925} INFO - DAG(s) 'example_branch_operator' retrieved from /home/airflow/.local/lib/python3.9/site-packages/airflow/example_dags/example_branch_operator.py
[2025-02-04T16:43:33.970+0000] {logging_mixin.py:190} INFO - [2025-02-04T16:43:33.969+0000] {dag.py:3239} INFO - Sync 1 DAGs
[2025-02-04T16:43:33.997+0000] {logging_mixin.py:190} INFO - [2025-02-04T16:43:33.997+0000] {dag.py:4180} INFO - Setting next_dagrun for example_branch_operator to 2025-02-03 00:00:00+00:00, run_after=2025-02-04 00:00:00+00:00
[2025-02-04T16:43:34.035+0000] {processor.py:208} INFO - Processing /home/airflow/.local/lib/python3.9/site-packages/airflow/example_dags/example_branch_operator.py took 0.128 seconds
[2025-02-04T16:44:04.544+0000] {processor.py:186} INFO - Started process (PID=2506) to work on /home/airflow/.local/lib/python3.9/site-packages/airflow/example_dags/example_branch_operator.py
[2025-02-04T16:44:04.546+0000] {processor.py:914} INFO - Processing file /home/airflow/.local/lib/python3.9/site-packages/airflow/example_dags/example_branch_operator.py for tasks to queue
[2025-02-04T16:44:04.583+0000] {logging_mixin.py:190} INFO - [2025-02-04T16:44:04.582+0000] {dagbag.py:588} INFO - Filling up the DagBag from /home/airflow/.local/lib/python3.9/site-packages/airflow/example_dags/example_branch_operator.py
[2025-02-04T16:44:04.604+0000] {processor.py:925} INFO - DAG(s) 'example_branch_operator' retrieved from /home/airflow/.local/lib/python3.9/site-packages/airflow/example_dags/example_branch_operator.py
[2025-02-04T16:44:04.642+0000] {logging_mixin.py:190} INFO - [2025-02-04T16:44:04.642+0000] {dag.py:3239} INFO - Sync 1 DAGs
[2025-02-04T16:44:04.668+0000] {logging_mixin.py:190} INFO - [2025-02-04T16:44:04.668+0000] {dag.py:4180} INFO - Setting next_dagrun for example_branch_operator to 2025-02-03 00:00:00+00:00, run_after=2025-02-04 00:00:00+00:00
[2025-02-04T16:44:04.695+0000] {processor.py:208} INFO - Processing /home/airflow/.local/lib/python3.9/site-packages/airflow/example_dags/example_branch_operator.py took 0.157 seconds
[2025-02-04T16:44:34.754+0000] {processor.py:186} INFO - Started process (PID=2569) to work on /home/airflow/.local/lib/python3.9/site-packages/airflow/example_dags/example_branch_operator.py
[2025-02-04T16:44:34.755+0000] {processor.py:914} INFO - Processing file /home/airflow/.local/lib/python3.9/site-packages/airflow/example_dags/example_branch_operator.py for tasks to queue
[2025-02-04T16:44:34.757+0000] {logging_mixin.py:190} INFO - [2025-02-04T16:44:34.757+0000] {dagbag.py:588} INFO - Filling up the DagBag from /home/airflow/.local/lib/python3.9/site-packages/airflow/example_dags/example_branch_operator.py
[2025-02-04T16:44:34.778+0000] {processor.py:925} INFO - DAG(s) 'example_branch_operator' retrieved from /home/airflow/.local/lib/python3.9/site-packages/airflow/example_dags/example_branch_operator.py
[2025-02-04T16:44:34.812+0000] {logging_mixin.py:190} INFO - [2025-02-04T16:44:34.812+0000] {dag.py:3239} INFO - Sync 1 DAGs
[2025-02-04T16:44:34.838+0000] {logging_mixin.py:190} INFO - [2025-02-04T16:44:34.838+0000] {dag.py:4180} INFO - Setting next_dagrun for example_branch_operator to 2025-02-03 00:00:00+00:00, run_after=2025-02-04 00:00:00+00:00
[2025-02-04T16:44:34.866+0000] {processor.py:208} INFO - Processing /home/airflow/.local/lib/python3.9/site-packages/airflow/example_dags/example_branch_operator.py took 0.118 seconds
[2025-02-04T16:45:05.162+0000] {processor.py:186} INFO - Started process (PID=2640) to work on /home/airflow/.local/lib/python3.9/site-packages/airflow/example_dags/example_branch_operator.py
[2025-02-04T16:45:05.163+0000] {processor.py:914} INFO - Processing file /home/airflow/.local/lib/python3.9/site-packages/airflow/example_dags/example_branch_operator.py for tasks to queue
[2025-02-04T16:45:05.165+0000] {logging_mixin.py:190} INFO - [2025-02-04T16:45:05.164+0000] {dagbag.py:588} INFO - Filling up the DagBag from /home/airflow/.local/lib/python3.9/site-packages/airflow/example_dags/example_branch_operator.py
[2025-02-04T16:45:05.183+0000] {processor.py:925} INFO - DAG(s) 'example_branch_operator' retrieved from /home/airflow/.local/lib/python3.9/site-packages/airflow/example_dags/example_branch_operator.py
[2025-02-04T16:45:05.215+0000] {logging_mixin.py:190} INFO - [2025-02-04T16:45:05.215+0000] {dag.py:3239} INFO - Sync 1 DAGs
[2025-02-04T16:45:05.243+0000] {logging_mixin.py:190} INFO - [2025-02-04T16:45:05.243+0000] {dag.py:4180} INFO - Setting next_dagrun for example_branch_operator to 2025-02-03 00:00:00+00:00, run_after=2025-02-04 00:00:00+00:00
[2025-02-04T16:45:05.271+0000] {processor.py:208} INFO - Processing /home/airflow/.local/lib/python3.9/site-packages/airflow/example_dags/example_branch_operator.py took 0.116 seconds
[2025-02-04T16:45:35.415+0000] {processor.py:186} INFO - Started process (PID=2702) to work on /home/airflow/.local/lib/python3.9/site-packages/airflow/example_dags/example_branch_operator.py
[2025-02-04T16:45:35.416+0000] {processor.py:914} INFO - Processing file /home/airflow/.local/lib/python3.9/site-packages/airflow/example_dags/example_branch_operator.py for tasks to queue
[2025-02-04T16:45:35.418+0000] {logging_mixin.py:190} INFO - [2025-02-04T16:45:35.417+0000] {dagbag.py:588} INFO - Filling up the DagBag from /home/airflow/.local/lib/python3.9/site-packages/airflow/example_dags/example_branch_operator.py
[2025-02-04T16:45:35.437+0000] {processor.py:925} INFO - DAG(s) 'example_branch_operator' retrieved from /home/airflow/.local/lib/python3.9/site-packages/airflow/example_dags/example_branch_operator.py
[2025-02-04T16:45:35.473+0000] {logging_mixin.py:190} INFO - [2025-02-04T16:45:35.473+0000] {dag.py:3239} INFO - Sync 1 DAGs
[2025-02-04T16:45:35.502+0000] {logging_mixin.py:190} INFO - [2025-02-04T16:45:35.502+0000] {dag.py:4180} INFO - Setting next_dagrun for example_branch_operator to 2025-02-03 00:00:00+00:00, run_after=2025-02-04 00:00:00+00:00
[2025-02-04T16:45:35.527+0000] {processor.py:208} INFO - Processing /home/airflow/.local/lib/python3.9/site-packages/airflow/example_dags/example_branch_operator.py took 0.119 seconds
[2025-02-04T16:46:06.102+0000] {processor.py:186} INFO - Started process (PID=2757) to work on /home/airflow/.local/lib/python3.9/site-packages/airflow/example_dags/example_branch_operator.py
[2025-02-04T16:46:06.103+0000] {processor.py:914} INFO - Processing file /home/airflow/.local/lib/python3.9/site-packages/airflow/example_dags/example_branch_operator.py for tasks to queue
[2025-02-04T16:46:06.105+0000] {logging_mixin.py:190} INFO - [2025-02-04T16:46:06.105+0000] {dagbag.py:588} INFO - Filling up the DagBag from /home/airflow/.local/lib/python3.9/site-packages/airflow/example_dags/example_branch_operator.py
[2025-02-04T16:46:06.126+0000] {processor.py:925} INFO - DAG(s) 'example_branch_operator' retrieved from /home/airflow/.local/lib/python3.9/site-packages/airflow/example_dags/example_branch_operator.py
[2025-02-04T16:46:06.159+0000] {logging_mixin.py:190} INFO - [2025-02-04T16:46:06.159+0000] {dag.py:3239} INFO - Sync 1 DAGs
[2025-02-04T16:46:06.188+0000] {logging_mixin.py:190} INFO - [2025-02-04T16:46:06.188+0000] {dag.py:4180} INFO - Setting next_dagrun for example_branch_operator to 2025-02-03 00:00:00+00:00, run_after=2025-02-04 00:00:00+00:00
[2025-02-04T16:46:06.216+0000] {processor.py:208} INFO - Processing /home/airflow/.local/lib/python3.9/site-packages/airflow/example_dags/example_branch_operator.py took 0.120 seconds
[2025-02-04T16:46:36.644+0000] {processor.py:186} INFO - Started process (PID=2821) to work on /home/airflow/.local/lib/python3.9/site-packages/airflow/example_dags/example_branch_operator.py
[2025-02-04T16:46:36.646+0000] {processor.py:914} INFO - Processing file /home/airflow/.local/lib/python3.9/site-packages/airflow/example_dags/example_branch_operator.py for tasks to queue
[2025-02-04T16:46:36.648+0000] {logging_mixin.py:190} INFO - [2025-02-04T16:46:36.648+0000] {dagbag.py:588} INFO - Filling up the DagBag from /home/airflow/.local/lib/python3.9/site-packages/airflow/example_dags/example_branch_operator.py
[2025-02-04T16:46:36.671+0000] {processor.py:925} INFO - DAG(s) 'example_branch_operator' retrieved from /home/airflow/.local/lib/python3.9/site-packages/airflow/example_dags/example_branch_operator.py
[2025-02-04T16:46:36.706+0000] {logging_mixin.py:190} INFO - [2025-02-04T16:46:36.706+0000] {dag.py:3239} INFO - Sync 1 DAGs
[2025-02-04T16:46:36.736+0000] {logging_mixin.py:190} INFO - [2025-02-04T16:46:36.736+0000] {dag.py:4180} INFO - Setting next_dagrun for example_branch_operator to 2025-02-03 00:00:00+00:00, run_after=2025-02-04 00:00:00+00:00
[2025-02-04T16:46:36.763+0000] {processor.py:208} INFO - Processing /home/airflow/.local/lib/python3.9/site-packages/airflow/example_dags/example_branch_operator.py took 0.126 seconds
[2025-02-04T16:47:08.227+0000] {processor.py:186} INFO - Started process (PID=2857) to work on /home/airflow/.local/lib/python3.9/site-packages/airflow/example_dags/example_branch_operator.py
[2025-02-04T16:47:08.228+0000] {processor.py:914} INFO - Processing file /home/airflow/.local/lib/python3.9/site-packages/airflow/example_dags/example_branch_operator.py for tasks to queue
[2025-02-04T16:47:08.230+0000] {logging_mixin.py:190} INFO - [2025-02-04T16:47:08.230+0000] {dagbag.py:588} INFO - Filling up the DagBag from /home/airflow/.local/lib/python3.9/site-packages/airflow/example_dags/example_branch_operator.py
[2025-02-04T16:47:08.249+0000] {processor.py:925} INFO - DAG(s) 'example_branch_operator' retrieved from /home/airflow/.local/lib/python3.9/site-packages/airflow/example_dags/example_branch_operator.py
[2025-02-04T16:47:08.282+0000] {logging_mixin.py:190} INFO - [2025-02-04T16:47:08.282+0000] {dag.py:3239} INFO - Sync 1 DAGs
[2025-02-04T16:47:08.325+0000] {logging_mixin.py:190} INFO - [2025-02-04T16:47:08.325+0000] {dag.py:4180} INFO - Setting next_dagrun for example_branch_operator to 2025-02-03 00:00:00+00:00, run_after=2025-02-04 00:00:00+00:00
[2025-02-04T16:47:08.359+0000] {processor.py:208} INFO - Processing /home/airflow/.local/lib/python3.9/site-packages/airflow/example_dags/example_branch_operator.py took 0.138 seconds
[2025-02-04T16:47:48.641+0000] {processor.py:186} INFO - Started process (PID=2921) to work on /home/airflow/.local/lib/python3.9/site-packages/airflow/example_dags/example_branch_operator.py
[2025-02-04T16:47:48.644+0000] {processor.py:914} INFO - Processing file /home/airflow/.local/lib/python3.9/site-packages/airflow/example_dags/example_branch_operator.py for tasks to queue
[2025-02-04T16:47:48.645+0000] {logging_mixin.py:190} INFO - [2025-02-04T16:47:48.645+0000] {dagbag.py:588} INFO - Filling up the DagBag from /home/airflow/.local/lib/python3.9/site-packages/airflow/example_dags/example_branch_operator.py
[2025-02-04T16:47:48.693+0000] {processor.py:925} INFO - DAG(s) 'example_branch_operator' retrieved from /home/airflow/.local/lib/python3.9/site-packages/airflow/example_dags/example_branch_operator.py
[2025-02-04T16:47:48.776+0000] {logging_mixin.py:190} INFO - [2025-02-04T16:47:48.775+0000] {dag.py:3239} INFO - Sync 1 DAGs
[2025-02-04T16:47:48.807+0000] {logging_mixin.py:190} INFO - [2025-02-04T16:47:48.807+0000] {dag.py:4180} INFO - Setting next_dagrun for example_branch_operator to 2025-02-03 00:00:00+00:00, run_after=2025-02-04 00:00:00+00:00
[2025-02-04T16:47:49.078+0000] {processor.py:208} INFO - Processing /home/airflow/.local/lib/python3.9/site-packages/airflow/example_dags/example_branch_operator.py took 1.520 seconds
[2025-02-04T16:48:19.370+0000] {processor.py:186} INFO - Started process (PID=2986) to work on /home/airflow/.local/lib/python3.9/site-packages/airflow/example_dags/example_branch_operator.py
[2025-02-04T16:48:19.372+0000] {processor.py:914} INFO - Processing file /home/airflow/.local/lib/python3.9/site-packages/airflow/example_dags/example_branch_operator.py for tasks to queue
[2025-02-04T16:48:19.373+0000] {logging_mixin.py:190} INFO - [2025-02-04T16:48:19.373+0000] {dagbag.py:588} INFO - Filling up the DagBag from /home/airflow/.local/lib/python3.9/site-packages/airflow/example_dags/example_branch_operator.py
[2025-02-04T16:48:19.400+0000] {processor.py:925} INFO - DAG(s) 'example_branch_operator' retrieved from /home/airflow/.local/lib/python3.9/site-packages/airflow/example_dags/example_branch_operator.py
[2025-02-04T16:48:19.429+0000] {logging_mixin.py:190} INFO - [2025-02-04T16:48:19.429+0000] {dag.py:3239} INFO - Sync 1 DAGs
[2025-02-04T16:48:19.452+0000] {logging_mixin.py:190} INFO - [2025-02-04T16:48:19.451+0000] {dag.py:4180} INFO - Setting next_dagrun for example_branch_operator to 2025-02-03 00:00:00+00:00, run_after=2025-02-04 00:00:00+00:00
[2025-02-04T16:48:19.503+0000] {processor.py:208} INFO - Processing /home/airflow/.local/lib/python3.9/site-packages/airflow/example_dags/example_branch_operator.py took 0.139 seconds
[2025-02-04T16:48:49.643+0000] {processor.py:186} INFO - Started process (PID=3050) to work on /home/airflow/.local/lib/python3.9/site-packages/airflow/example_dags/example_branch_operator.py
[2025-02-04T16:48:49.644+0000] {processor.py:914} INFO - Processing file /home/airflow/.local/lib/python3.9/site-packages/airflow/example_dags/example_branch_operator.py for tasks to queue
[2025-02-04T16:48:49.646+0000] {logging_mixin.py:190} INFO - [2025-02-04T16:48:49.645+0000] {dagbag.py:588} INFO - Filling up the DagBag from /home/airflow/.local/lib/python3.9/site-packages/airflow/example_dags/example_branch_operator.py
[2025-02-04T16:48:49.673+0000] {processor.py:925} INFO - DAG(s) 'example_branch_operator' retrieved from /home/airflow/.local/lib/python3.9/site-packages/airflow/example_dags/example_branch_operator.py
[2025-02-04T16:48:49.711+0000] {logging_mixin.py:190} INFO - [2025-02-04T16:48:49.711+0000] {dag.py:3239} INFO - Sync 1 DAGs
[2025-02-04T16:48:49.739+0000] {logging_mixin.py:190} INFO - [2025-02-04T16:48:49.739+0000] {dag.py:4180} INFO - Setting next_dagrun for example_branch_operator to 2025-02-03 00:00:00+00:00, run_after=2025-02-04 00:00:00+00:00
[2025-02-04T16:48:49.774+0000] {processor.py:208} INFO - Processing /home/airflow/.local/lib/python3.9/site-packages/airflow/example_dags/example_branch_operator.py took 0.138 seconds
[2025-02-04T16:49:20.793+0000] {processor.py:186} INFO - Started process (PID=3114) to work on /home/airflow/.local/lib/python3.9/site-packages/airflow/example_dags/example_branch_operator.py
[2025-02-04T16:49:20.794+0000] {processor.py:914} INFO - Processing file /home/airflow/.local/lib/python3.9/site-packages/airflow/example_dags/example_branch_operator.py for tasks to queue
[2025-02-04T16:49:20.796+0000] {logging_mixin.py:190} INFO - [2025-02-04T16:49:20.796+0000] {dagbag.py:588} INFO - Filling up the DagBag from /home/airflow/.local/lib/python3.9/site-packages/airflow/example_dags/example_branch_operator.py
[2025-02-04T16:49:20.819+0000] {processor.py:925} INFO - DAG(s) 'example_branch_operator' retrieved from /home/airflow/.local/lib/python3.9/site-packages/airflow/example_dags/example_branch_operator.py
[2025-02-04T16:49:20.851+0000] {logging_mixin.py:190} INFO - [2025-02-04T16:49:20.851+0000] {dag.py:3239} INFO - Sync 1 DAGs
[2025-02-04T16:49:20.875+0000] {logging_mixin.py:190} INFO - [2025-02-04T16:49:20.875+0000] {dag.py:4180} INFO - Setting next_dagrun for example_branch_operator to 2025-02-03 00:00:00+00:00, run_after=2025-02-04 00:00:00+00:00
[2025-02-04T16:49:20.906+0000] {processor.py:208} INFO - Processing /home/airflow/.local/lib/python3.9/site-packages/airflow/example_dags/example_branch_operator.py took 0.119 seconds
[2025-02-04T16:49:50.977+0000] {processor.py:186} INFO - Started process (PID=3178) to work on /home/airflow/.local/lib/python3.9/site-packages/airflow/example_dags/example_branch_operator.py
[2025-02-04T16:49:50.979+0000] {processor.py:914} INFO - Processing file /home/airflow/.local/lib/python3.9/site-packages/airflow/example_dags/example_branch_operator.py for tasks to queue
[2025-02-04T16:49:50.981+0000] {logging_mixin.py:190} INFO - [2025-02-04T16:49:50.981+0000] {dagbag.py:588} INFO - Filling up the DagBag from /home/airflow/.local/lib/python3.9/site-packages/airflow/example_dags/example_branch_operator.py
[2025-02-04T16:49:50.999+0000] {processor.py:925} INFO - DAG(s) 'example_branch_operator' retrieved from /home/airflow/.local/lib/python3.9/site-packages/airflow/example_dags/example_branch_operator.py
[2025-02-04T16:49:51.030+0000] {logging_mixin.py:190} INFO - [2025-02-04T16:49:51.030+0000] {dag.py:3239} INFO - Sync 1 DAGs
[2025-02-04T16:49:51.054+0000] {logging_mixin.py:190} INFO - [2025-02-04T16:49:51.054+0000] {dag.py:4180} INFO - Setting next_dagrun for example_branch_operator to 2025-02-03 00:00:00+00:00, run_after=2025-02-04 00:00:00+00:00
[2025-02-04T16:49:51.086+0000] {processor.py:208} INFO - Processing /home/airflow/.local/lib/python3.9/site-packages/airflow/example_dags/example_branch_operator.py took 0.118 seconds
