[2025-02-04T16:22:46.275+0000] {processor.py:186} INFO - Started process (PID=106) to work on /home/airflow/.local/lib/python3.9/site-packages/airflow/example_dags/tutorial_taskflow_api_virtualenv.py
[2025-02-04T16:22:46.277+0000] {processor.py:914} INFO - Processing file /home/airflow/.local/lib/python3.9/site-packages/airflow/example_dags/tutorial_taskflow_api_virtualenv.py for tasks to queue
[2025-02-04T16:22:46.279+0000] {logging_mixin.py:190} INFO - [2025-02-04T16:22:46.279+0000] {dagbag.py:588} INFO - Filling up the DagBag from /home/airflow/.local/lib/python3.9/site-packages/airflow/example_dags/tutorial_taskflow_api_virtualenv.py
[2025-02-04T16:22:46.319+0000] {processor.py:925} INFO - DAG(s) 'tutorial_taskflow_api_virtualenv' retrieved from /home/airflow/.local/lib/python3.9/site-packages/airflow/example_dags/tutorial_taskflow_api_virtualenv.py
[2025-02-04T16:22:46.438+0000] {logging_mixin.py:190} INFO - [2025-02-04T16:22:46.437+0000] {override.py:1912} INFO - Created Permission View: can delete on DAG:tutorial_taskflow_api_virtualenv
[2025-02-04T16:22:46.455+0000] {logging_mixin.py:190} INFO - [2025-02-04T16:22:46.454+0000] {override.py:1912} INFO - Created Permission View: can edit on DAG:tutorial_taskflow_api_virtualenv
[2025-02-04T16:22:46.469+0000] {logging_mixin.py:190} INFO - [2025-02-04T16:22:46.469+0000] {override.py:1912} INFO - Created Permission View: can read on DAG:tutorial_taskflow_api_virtualenv
[2025-02-04T16:22:46.493+0000] {logging_mixin.py:190} INFO - [2025-02-04T16:22:46.492+0000] {override.py:1912} INFO - Created Permission View: can delete on DAG Run:tutorial_taskflow_api_virtualenv
[2025-02-04T16:22:46.505+0000] {logging_mixin.py:190} INFO - [2025-02-04T16:22:46.505+0000] {override.py:1912} INFO - Created Permission View: menu access on DAG Run:tutorial_taskflow_api_virtualenv
[2025-02-04T16:22:46.518+0000] {logging_mixin.py:190} INFO - [2025-02-04T16:22:46.518+0000] {override.py:1912} INFO - Created Permission View: can read on DAG Run:tutorial_taskflow_api_virtualenv
[2025-02-04T16:22:46.532+0000] {logging_mixin.py:190} INFO - [2025-02-04T16:22:46.532+0000] {override.py:1912} INFO - Created Permission View: can create on DAG Run:tutorial_taskflow_api_virtualenv
[2025-02-04T16:22:46.533+0000] {logging_mixin.py:190} INFO - [2025-02-04T16:22:46.533+0000] {dag.py:3239} INFO - Sync 1 DAGs
[2025-02-04T16:22:46.548+0000] {logging_mixin.py:190} INFO - [2025-02-04T16:22:46.548+0000] {dag.py:3262} INFO - Creating ORM DAG for tutorial_taskflow_api_virtualenv
[2025-02-04T16:22:46.550+0000] {logging_mixin.py:190} INFO - [2025-02-04T16:22:46.549+0000] {dag.py:4180} INFO - Setting next_dagrun for tutorial_taskflow_api_virtualenv to None, run_after=None
[2025-02-04T16:22:46.586+0000] {processor.py:208} INFO - Processing /home/airflow/.local/lib/python3.9/site-packages/airflow/example_dags/tutorial_taskflow_api_virtualenv.py took 0.317 seconds
[2025-02-04T16:23:30.724+0000] {processor.py:186} INFO - Started process (PID=170) to work on /home/airflow/.local/lib/python3.9/site-packages/airflow/example_dags/tutorial_taskflow_api_virtualenv.py
[2025-02-04T16:23:30.725+0000] {processor.py:914} INFO - Processing file /home/airflow/.local/lib/python3.9/site-packages/airflow/example_dags/tutorial_taskflow_api_virtualenv.py for tasks to queue
[2025-02-04T16:23:30.728+0000] {logging_mixin.py:190} INFO - [2025-02-04T16:23:30.727+0000] {dagbag.py:588} INFO - Filling up the DagBag from /home/airflow/.local/lib/python3.9/site-packages/airflow/example_dags/tutorial_taskflow_api_virtualenv.py
[2025-02-04T16:23:30.739+0000] {processor.py:925} INFO - DAG(s) 'tutorial_taskflow_api_virtualenv' retrieved from /home/airflow/.local/lib/python3.9/site-packages/airflow/example_dags/tutorial_taskflow_api_virtualenv.py
[2025-02-04T16:23:30.761+0000] {logging_mixin.py:190} INFO - [2025-02-04T16:23:30.760+0000] {dag.py:3239} INFO - Sync 1 DAGs
[2025-02-04T16:23:30.774+0000] {logging_mixin.py:190} INFO - [2025-02-04T16:23:30.774+0000] {dag.py:4180} INFO - Setting next_dagrun for tutorial_taskflow_api_virtualenv to None, run_after=None
[2025-02-04T16:23:30.801+0000] {processor.py:208} INFO - Processing /home/airflow/.local/lib/python3.9/site-packages/airflow/example_dags/tutorial_taskflow_api_virtualenv.py took 0.084 seconds
[2025-02-04T16:24:01.056+0000] {processor.py:186} INFO - Started process (PID=233) to work on /home/airflow/.local/lib/python3.9/site-packages/airflow/example_dags/tutorial_taskflow_api_virtualenv.py
[2025-02-04T16:24:01.057+0000] {processor.py:914} INFO - Processing file /home/airflow/.local/lib/python3.9/site-packages/airflow/example_dags/tutorial_taskflow_api_virtualenv.py for tasks to queue
[2025-02-04T16:24:01.060+0000] {logging_mixin.py:190} INFO - [2025-02-04T16:24:01.060+0000] {dagbag.py:588} INFO - Filling up the DagBag from /home/airflow/.local/lib/python3.9/site-packages/airflow/example_dags/tutorial_taskflow_api_virtualenv.py
[2025-02-04T16:24:01.074+0000] {processor.py:925} INFO - DAG(s) 'tutorial_taskflow_api_virtualenv' retrieved from /home/airflow/.local/lib/python3.9/site-packages/airflow/example_dags/tutorial_taskflow_api_virtualenv.py
[2025-02-04T16:24:01.096+0000] {logging_mixin.py:190} INFO - [2025-02-04T16:24:01.095+0000] {dag.py:3239} INFO - Sync 1 DAGs
[2025-02-04T16:24:01.110+0000] {logging_mixin.py:190} INFO - [2025-02-04T16:24:01.110+0000] {dag.py:4180} INFO - Setting next_dagrun for tutorial_taskflow_api_virtualenv to None, run_after=None
[2025-02-04T16:24:01.138+0000] {processor.py:208} INFO - Processing /home/airflow/.local/lib/python3.9/site-packages/airflow/example_dags/tutorial_taskflow_api_virtualenv.py took 0.088 seconds
[2025-02-04T16:24:31.863+0000] {processor.py:186} INFO - Started process (PID=296) to work on /home/airflow/.local/lib/python3.9/site-packages/airflow/example_dags/tutorial_taskflow_api_virtualenv.py
[2025-02-04T16:24:31.865+0000] {processor.py:914} INFO - Processing file /home/airflow/.local/lib/python3.9/site-packages/airflow/example_dags/tutorial_taskflow_api_virtualenv.py for tasks to queue
[2025-02-04T16:24:31.868+0000] {logging_mixin.py:190} INFO - [2025-02-04T16:24:31.867+0000] {dagbag.py:588} INFO - Filling up the DagBag from /home/airflow/.local/lib/python3.9/site-packages/airflow/example_dags/tutorial_taskflow_api_virtualenv.py
[2025-02-04T16:24:31.880+0000] {processor.py:925} INFO - DAG(s) 'tutorial_taskflow_api_virtualenv' retrieved from /home/airflow/.local/lib/python3.9/site-packages/airflow/example_dags/tutorial_taskflow_api_virtualenv.py
[2025-02-04T16:24:31.903+0000] {logging_mixin.py:190} INFO - [2025-02-04T16:24:31.902+0000] {dag.py:3239} INFO - Sync 1 DAGs
[2025-02-04T16:24:31.917+0000] {logging_mixin.py:190} INFO - [2025-02-04T16:24:31.917+0000] {dag.py:4180} INFO - Setting next_dagrun for tutorial_taskflow_api_virtualenv to None, run_after=None
[2025-02-04T16:24:31.945+0000] {processor.py:208} INFO - Processing /home/airflow/.local/lib/python3.9/site-packages/airflow/example_dags/tutorial_taskflow_api_virtualenv.py took 0.095 seconds
[2025-02-04T16:25:02.624+0000] {processor.py:186} INFO - Started process (PID=360) to work on /home/airflow/.local/lib/python3.9/site-packages/airflow/example_dags/tutorial_taskflow_api_virtualenv.py
[2025-02-04T16:25:02.625+0000] {processor.py:914} INFO - Processing file /home/airflow/.local/lib/python3.9/site-packages/airflow/example_dags/tutorial_taskflow_api_virtualenv.py for tasks to queue
[2025-02-04T16:25:02.629+0000] {logging_mixin.py:190} INFO - [2025-02-04T16:25:02.628+0000] {dagbag.py:588} INFO - Filling up the DagBag from /home/airflow/.local/lib/python3.9/site-packages/airflow/example_dags/tutorial_taskflow_api_virtualenv.py
[2025-02-04T16:25:02.641+0000] {processor.py:925} INFO - DAG(s) 'tutorial_taskflow_api_virtualenv' retrieved from /home/airflow/.local/lib/python3.9/site-packages/airflow/example_dags/tutorial_taskflow_api_virtualenv.py
[2025-02-04T16:25:02.699+0000] {logging_mixin.py:190} INFO - [2025-02-04T16:25:02.698+0000] {dag.py:3239} INFO - Sync 1 DAGs
[2025-02-04T16:25:02.731+0000] {logging_mixin.py:190} INFO - [2025-02-04T16:25:02.731+0000] {dag.py:4180} INFO - Setting next_dagrun for tutorial_taskflow_api_virtualenv to None, run_after=None
[2025-02-04T16:25:02.759+0000] {processor.py:208} INFO - Processing /home/airflow/.local/lib/python3.9/site-packages/airflow/example_dags/tutorial_taskflow_api_virtualenv.py took 0.141 seconds
[2025-02-04T16:25:33.124+0000] {processor.py:186} INFO - Started process (PID=424) to work on /home/airflow/.local/lib/python3.9/site-packages/airflow/example_dags/tutorial_taskflow_api_virtualenv.py
[2025-02-04T16:25:33.125+0000] {processor.py:914} INFO - Processing file /home/airflow/.local/lib/python3.9/site-packages/airflow/example_dags/tutorial_taskflow_api_virtualenv.py for tasks to queue
[2025-02-04T16:25:33.129+0000] {logging_mixin.py:190} INFO - [2025-02-04T16:25:33.129+0000] {dagbag.py:588} INFO - Filling up the DagBag from /home/airflow/.local/lib/python3.9/site-packages/airflow/example_dags/tutorial_taskflow_api_virtualenv.py
[2025-02-04T16:25:33.142+0000] {processor.py:925} INFO - DAG(s) 'tutorial_taskflow_api_virtualenv' retrieved from /home/airflow/.local/lib/python3.9/site-packages/airflow/example_dags/tutorial_taskflow_api_virtualenv.py
[2025-02-04T16:25:33.165+0000] {logging_mixin.py:190} INFO - [2025-02-04T16:25:33.165+0000] {dag.py:3239} INFO - Sync 1 DAGs
[2025-02-04T16:25:33.185+0000] {logging_mixin.py:190} INFO - [2025-02-04T16:25:33.184+0000] {dag.py:4180} INFO - Setting next_dagrun for tutorial_taskflow_api_virtualenv to None, run_after=None
[2025-02-04T16:25:33.228+0000] {processor.py:208} INFO - Processing /home/airflow/.local/lib/python3.9/site-packages/airflow/example_dags/tutorial_taskflow_api_virtualenv.py took 0.110 seconds
[2025-02-04T16:26:03.575+0000] {processor.py:186} INFO - Started process (PID=488) to work on /home/airflow/.local/lib/python3.9/site-packages/airflow/example_dags/tutorial_taskflow_api_virtualenv.py
[2025-02-04T16:26:03.576+0000] {processor.py:914} INFO - Processing file /home/airflow/.local/lib/python3.9/site-packages/airflow/example_dags/tutorial_taskflow_api_virtualenv.py for tasks to queue
[2025-02-04T16:26:03.579+0000] {logging_mixin.py:190} INFO - [2025-02-04T16:26:03.579+0000] {dagbag.py:588} INFO - Filling up the DagBag from /home/airflow/.local/lib/python3.9/site-packages/airflow/example_dags/tutorial_taskflow_api_virtualenv.py
[2025-02-04T16:26:03.591+0000] {processor.py:925} INFO - DAG(s) 'tutorial_taskflow_api_virtualenv' retrieved from /home/airflow/.local/lib/python3.9/site-packages/airflow/example_dags/tutorial_taskflow_api_virtualenv.py
[2025-02-04T16:26:03.614+0000] {logging_mixin.py:190} INFO - [2025-02-04T16:26:03.614+0000] {dag.py:3239} INFO - Sync 1 DAGs
[2025-02-04T16:26:03.628+0000] {logging_mixin.py:190} INFO - [2025-02-04T16:26:03.628+0000] {dag.py:4180} INFO - Setting next_dagrun for tutorial_taskflow_api_virtualenv to None, run_after=None
[2025-02-04T16:26:03.655+0000] {processor.py:208} INFO - Processing /home/airflow/.local/lib/python3.9/site-packages/airflow/example_dags/tutorial_taskflow_api_virtualenv.py took 0.087 seconds
[2025-02-04T16:26:34.465+0000] {processor.py:186} INFO - Started process (PID=559) to work on /home/airflow/.local/lib/python3.9/site-packages/airflow/example_dags/tutorial_taskflow_api_virtualenv.py
[2025-02-04T16:26:34.466+0000] {processor.py:914} INFO - Processing file /home/airflow/.local/lib/python3.9/site-packages/airflow/example_dags/tutorial_taskflow_api_virtualenv.py for tasks to queue
[2025-02-04T16:26:34.469+0000] {logging_mixin.py:190} INFO - [2025-02-04T16:26:34.469+0000] {dagbag.py:588} INFO - Filling up the DagBag from /home/airflow/.local/lib/python3.9/site-packages/airflow/example_dags/tutorial_taskflow_api_virtualenv.py
[2025-02-04T16:26:34.482+0000] {processor.py:925} INFO - DAG(s) 'tutorial_taskflow_api_virtualenv' retrieved from /home/airflow/.local/lib/python3.9/site-packages/airflow/example_dags/tutorial_taskflow_api_virtualenv.py
[2025-02-04T16:26:34.505+0000] {logging_mixin.py:190} INFO - [2025-02-04T16:26:34.504+0000] {dag.py:3239} INFO - Sync 1 DAGs
[2025-02-04T16:26:34.520+0000] {logging_mixin.py:190} INFO - [2025-02-04T16:26:34.519+0000] {dag.py:4180} INFO - Setting next_dagrun for tutorial_taskflow_api_virtualenv to None, run_after=None
[2025-02-04T16:26:34.550+0000] {processor.py:208} INFO - Processing /home/airflow/.local/lib/python3.9/site-packages/airflow/example_dags/tutorial_taskflow_api_virtualenv.py took 0.091 seconds
[2025-02-04T16:27:04.605+0000] {processor.py:186} INFO - Started process (PID=622) to work on /home/airflow/.local/lib/python3.9/site-packages/airflow/example_dags/tutorial_taskflow_api_virtualenv.py
[2025-02-04T16:27:04.607+0000] {processor.py:914} INFO - Processing file /home/airflow/.local/lib/python3.9/site-packages/airflow/example_dags/tutorial_taskflow_api_virtualenv.py for tasks to queue
[2025-02-04T16:27:04.609+0000] {logging_mixin.py:190} INFO - [2025-02-04T16:27:04.609+0000] {dagbag.py:588} INFO - Filling up the DagBag from /home/airflow/.local/lib/python3.9/site-packages/airflow/example_dags/tutorial_taskflow_api_virtualenv.py
[2025-02-04T16:27:04.622+0000] {processor.py:925} INFO - DAG(s) 'tutorial_taskflow_api_virtualenv' retrieved from /home/airflow/.local/lib/python3.9/site-packages/airflow/example_dags/tutorial_taskflow_api_virtualenv.py
[2025-02-04T16:27:04.647+0000] {logging_mixin.py:190} INFO - [2025-02-04T16:27:04.646+0000] {dag.py:3239} INFO - Sync 1 DAGs
[2025-02-04T16:27:04.661+0000] {logging_mixin.py:190} INFO - [2025-02-04T16:27:04.661+0000] {dag.py:4180} INFO - Setting next_dagrun for tutorial_taskflow_api_virtualenv to None, run_after=None
[2025-02-04T16:27:04.684+0000] {processor.py:208} INFO - Processing /home/airflow/.local/lib/python3.9/site-packages/airflow/example_dags/tutorial_taskflow_api_virtualenv.py took 0.085 seconds
[2025-02-04T16:27:35.381+0000] {processor.py:186} INFO - Started process (PID=686) to work on /home/airflow/.local/lib/python3.9/site-packages/airflow/example_dags/tutorial_taskflow_api_virtualenv.py
[2025-02-04T16:27:35.383+0000] {processor.py:914} INFO - Processing file /home/airflow/.local/lib/python3.9/site-packages/airflow/example_dags/tutorial_taskflow_api_virtualenv.py for tasks to queue
[2025-02-04T16:27:35.387+0000] {logging_mixin.py:190} INFO - [2025-02-04T16:27:35.387+0000] {dagbag.py:588} INFO - Filling up the DagBag from /home/airflow/.local/lib/python3.9/site-packages/airflow/example_dags/tutorial_taskflow_api_virtualenv.py
[2025-02-04T16:27:35.402+0000] {processor.py:925} INFO - DAG(s) 'tutorial_taskflow_api_virtualenv' retrieved from /home/airflow/.local/lib/python3.9/site-packages/airflow/example_dags/tutorial_taskflow_api_virtualenv.py
[2025-02-04T16:27:35.426+0000] {logging_mixin.py:190} INFO - [2025-02-04T16:27:35.426+0000] {dag.py:3239} INFO - Sync 1 DAGs
[2025-02-04T16:27:35.443+0000] {logging_mixin.py:190} INFO - [2025-02-04T16:27:35.443+0000] {dag.py:4180} INFO - Setting next_dagrun for tutorial_taskflow_api_virtualenv to None, run_after=None
[2025-02-04T16:27:35.470+0000] {processor.py:208} INFO - Processing /home/airflow/.local/lib/python3.9/site-packages/airflow/example_dags/tutorial_taskflow_api_virtualenv.py took 0.097 seconds
[2025-02-04T16:28:06.376+0000] {processor.py:186} INFO - Started process (PID=751) to work on /home/airflow/.local/lib/python3.9/site-packages/airflow/example_dags/tutorial_taskflow_api_virtualenv.py
[2025-02-04T16:28:06.378+0000] {processor.py:914} INFO - Processing file /home/airflow/.local/lib/python3.9/site-packages/airflow/example_dags/tutorial_taskflow_api_virtualenv.py for tasks to queue
[2025-02-04T16:28:06.381+0000] {logging_mixin.py:190} INFO - [2025-02-04T16:28:06.381+0000] {dagbag.py:588} INFO - Filling up the DagBag from /home/airflow/.local/lib/python3.9/site-packages/airflow/example_dags/tutorial_taskflow_api_virtualenv.py
[2025-02-04T16:28:06.393+0000] {processor.py:925} INFO - DAG(s) 'tutorial_taskflow_api_virtualenv' retrieved from /home/airflow/.local/lib/python3.9/site-packages/airflow/example_dags/tutorial_taskflow_api_virtualenv.py
[2025-02-04T16:28:06.415+0000] {logging_mixin.py:190} INFO - [2025-02-04T16:28:06.415+0000] {dag.py:3239} INFO - Sync 1 DAGs
[2025-02-04T16:28:06.428+0000] {logging_mixin.py:190} INFO - [2025-02-04T16:28:06.428+0000] {dag.py:4180} INFO - Setting next_dagrun for tutorial_taskflow_api_virtualenv to None, run_after=None
[2025-02-04T16:28:06.658+0000] {processor.py:208} INFO - Processing /home/airflow/.local/lib/python3.9/site-packages/airflow/example_dags/tutorial_taskflow_api_virtualenv.py took 0.288 seconds
[2025-02-04T16:28:37.005+0000] {processor.py:186} INFO - Started process (PID=815) to work on /home/airflow/.local/lib/python3.9/site-packages/airflow/example_dags/tutorial_taskflow_api_virtualenv.py
[2025-02-04T16:28:37.006+0000] {processor.py:914} INFO - Processing file /home/airflow/.local/lib/python3.9/site-packages/airflow/example_dags/tutorial_taskflow_api_virtualenv.py for tasks to queue
[2025-02-04T16:28:37.010+0000] {logging_mixin.py:190} INFO - [2025-02-04T16:28:37.010+0000] {dagbag.py:588} INFO - Filling up the DagBag from /home/airflow/.local/lib/python3.9/site-packages/airflow/example_dags/tutorial_taskflow_api_virtualenv.py
[2025-02-04T16:28:37.024+0000] {processor.py:925} INFO - DAG(s) 'tutorial_taskflow_api_virtualenv' retrieved from /home/airflow/.local/lib/python3.9/site-packages/airflow/example_dags/tutorial_taskflow_api_virtualenv.py
[2025-02-04T16:28:37.047+0000] {logging_mixin.py:190} INFO - [2025-02-04T16:28:37.046+0000] {dag.py:3239} INFO - Sync 1 DAGs
[2025-02-04T16:28:37.061+0000] {logging_mixin.py:190} INFO - [2025-02-04T16:28:37.061+0000] {dag.py:4180} INFO - Setting next_dagrun for tutorial_taskflow_api_virtualenv to None, run_after=None
[2025-02-04T16:28:37.090+0000] {processor.py:208} INFO - Processing /home/airflow/.local/lib/python3.9/site-packages/airflow/example_dags/tutorial_taskflow_api_virtualenv.py took 0.091 seconds
[2025-02-04T16:29:07.627+0000] {processor.py:186} INFO - Started process (PID=879) to work on /home/airflow/.local/lib/python3.9/site-packages/airflow/example_dags/tutorial_taskflow_api_virtualenv.py
[2025-02-04T16:29:07.628+0000] {processor.py:914} INFO - Processing file /home/airflow/.local/lib/python3.9/site-packages/airflow/example_dags/tutorial_taskflow_api_virtualenv.py for tasks to queue
[2025-02-04T16:29:07.631+0000] {logging_mixin.py:190} INFO - [2025-02-04T16:29:07.631+0000] {dagbag.py:588} INFO - Filling up the DagBag from /home/airflow/.local/lib/python3.9/site-packages/airflow/example_dags/tutorial_taskflow_api_virtualenv.py
[2025-02-04T16:29:07.644+0000] {processor.py:925} INFO - DAG(s) 'tutorial_taskflow_api_virtualenv' retrieved from /home/airflow/.local/lib/python3.9/site-packages/airflow/example_dags/tutorial_taskflow_api_virtualenv.py
[2025-02-04T16:29:07.667+0000] {logging_mixin.py:190} INFO - [2025-02-04T16:29:07.666+0000] {dag.py:3239} INFO - Sync 1 DAGs
[2025-02-04T16:29:07.685+0000] {logging_mixin.py:190} INFO - [2025-02-04T16:29:07.685+0000] {dag.py:4180} INFO - Setting next_dagrun for tutorial_taskflow_api_virtualenv to None, run_after=None
[2025-02-04T16:29:07.713+0000] {processor.py:208} INFO - Processing /home/airflow/.local/lib/python3.9/site-packages/airflow/example_dags/tutorial_taskflow_api_virtualenv.py took 0.093 seconds
[2025-02-04T16:29:38.151+0000] {processor.py:186} INFO - Started process (PID=943) to work on /home/airflow/.local/lib/python3.9/site-packages/airflow/example_dags/tutorial_taskflow_api_virtualenv.py
[2025-02-04T16:29:38.152+0000] {processor.py:914} INFO - Processing file /home/airflow/.local/lib/python3.9/site-packages/airflow/example_dags/tutorial_taskflow_api_virtualenv.py for tasks to queue
[2025-02-04T16:29:38.155+0000] {logging_mixin.py:190} INFO - [2025-02-04T16:29:38.155+0000] {dagbag.py:588} INFO - Filling up the DagBag from /home/airflow/.local/lib/python3.9/site-packages/airflow/example_dags/tutorial_taskflow_api_virtualenv.py
[2025-02-04T16:29:38.167+0000] {processor.py:925} INFO - DAG(s) 'tutorial_taskflow_api_virtualenv' retrieved from /home/airflow/.local/lib/python3.9/site-packages/airflow/example_dags/tutorial_taskflow_api_virtualenv.py
[2025-02-04T16:29:38.190+0000] {logging_mixin.py:190} INFO - [2025-02-04T16:29:38.190+0000] {dag.py:3239} INFO - Sync 1 DAGs
[2025-02-04T16:29:38.206+0000] {logging_mixin.py:190} INFO - [2025-02-04T16:29:38.206+0000] {dag.py:4180} INFO - Setting next_dagrun for tutorial_taskflow_api_virtualenv to None, run_after=None
[2025-02-04T16:29:38.239+0000] {processor.py:208} INFO - Processing /home/airflow/.local/lib/python3.9/site-packages/airflow/example_dags/tutorial_taskflow_api_virtualenv.py took 0.095 seconds
[2025-02-04T16:30:08.433+0000] {processor.py:186} INFO - Started process (PID=1008) to work on /home/airflow/.local/lib/python3.9/site-packages/airflow/example_dags/tutorial_taskflow_api_virtualenv.py
[2025-02-04T16:30:08.435+0000] {processor.py:914} INFO - Processing file /home/airflow/.local/lib/python3.9/site-packages/airflow/example_dags/tutorial_taskflow_api_virtualenv.py for tasks to queue
[2025-02-04T16:30:08.439+0000] {logging_mixin.py:190} INFO - [2025-02-04T16:30:08.438+0000] {dagbag.py:588} INFO - Filling up the DagBag from /home/airflow/.local/lib/python3.9/site-packages/airflow/example_dags/tutorial_taskflow_api_virtualenv.py
[2025-02-04T16:30:08.453+0000] {processor.py:925} INFO - DAG(s) 'tutorial_taskflow_api_virtualenv' retrieved from /home/airflow/.local/lib/python3.9/site-packages/airflow/example_dags/tutorial_taskflow_api_virtualenv.py
[2025-02-04T16:30:08.481+0000] {logging_mixin.py:190} INFO - [2025-02-04T16:30:08.480+0000] {dag.py:3239} INFO - Sync 1 DAGs
[2025-02-04T16:30:08.497+0000] {logging_mixin.py:190} INFO - [2025-02-04T16:30:08.497+0000] {dag.py:4180} INFO - Setting next_dagrun for tutorial_taskflow_api_virtualenv to None, run_after=None
[2025-02-04T16:30:08.525+0000] {processor.py:208} INFO - Processing /home/airflow/.local/lib/python3.9/site-packages/airflow/example_dags/tutorial_taskflow_api_virtualenv.py took 0.099 seconds
[2025-02-04T16:30:39.034+0000] {processor.py:186} INFO - Started process (PID=1071) to work on /home/airflow/.local/lib/python3.9/site-packages/airflow/example_dags/tutorial_taskflow_api_virtualenv.py
[2025-02-04T16:30:39.036+0000] {processor.py:914} INFO - Processing file /home/airflow/.local/lib/python3.9/site-packages/airflow/example_dags/tutorial_taskflow_api_virtualenv.py for tasks to queue
[2025-02-04T16:30:39.039+0000] {logging_mixin.py:190} INFO - [2025-02-04T16:30:39.039+0000] {dagbag.py:588} INFO - Filling up the DagBag from /home/airflow/.local/lib/python3.9/site-packages/airflow/example_dags/tutorial_taskflow_api_virtualenv.py
[2025-02-04T16:30:39.051+0000] {processor.py:925} INFO - DAG(s) 'tutorial_taskflow_api_virtualenv' retrieved from /home/airflow/.local/lib/python3.9/site-packages/airflow/example_dags/tutorial_taskflow_api_virtualenv.py
[2025-02-04T16:30:39.075+0000] {logging_mixin.py:190} INFO - [2025-02-04T16:30:39.074+0000] {dag.py:3239} INFO - Sync 1 DAGs
[2025-02-04T16:30:39.089+0000] {logging_mixin.py:190} INFO - [2025-02-04T16:30:39.088+0000] {dag.py:4180} INFO - Setting next_dagrun for tutorial_taskflow_api_virtualenv to None, run_after=None
[2025-02-04T16:30:39.117+0000] {processor.py:208} INFO - Processing /home/airflow/.local/lib/python3.9/site-packages/airflow/example_dags/tutorial_taskflow_api_virtualenv.py took 0.089 seconds
[2025-02-04T16:31:09.901+0000] {processor.py:186} INFO - Started process (PID=1135) to work on /home/airflow/.local/lib/python3.9/site-packages/airflow/example_dags/tutorial_taskflow_api_virtualenv.py
[2025-02-04T16:31:09.902+0000] {processor.py:914} INFO - Processing file /home/airflow/.local/lib/python3.9/site-packages/airflow/example_dags/tutorial_taskflow_api_virtualenv.py for tasks to queue
[2025-02-04T16:31:09.909+0000] {logging_mixin.py:190} INFO - [2025-02-04T16:31:09.908+0000] {dagbag.py:588} INFO - Filling up the DagBag from /home/airflow/.local/lib/python3.9/site-packages/airflow/example_dags/tutorial_taskflow_api_virtualenv.py
[2025-02-04T16:31:09.925+0000] {processor.py:925} INFO - DAG(s) 'tutorial_taskflow_api_virtualenv' retrieved from /home/airflow/.local/lib/python3.9/site-packages/airflow/example_dags/tutorial_taskflow_api_virtualenv.py
[2025-02-04T16:31:09.951+0000] {logging_mixin.py:190} INFO - [2025-02-04T16:31:09.951+0000] {dag.py:3239} INFO - Sync 1 DAGs
[2025-02-04T16:31:09.972+0000] {logging_mixin.py:190} INFO - [2025-02-04T16:31:09.971+0000] {dag.py:4180} INFO - Setting next_dagrun for tutorial_taskflow_api_virtualenv to None, run_after=None
[2025-02-04T16:31:10.008+0000] {processor.py:208} INFO - Processing /home/airflow/.local/lib/python3.9/site-packages/airflow/example_dags/tutorial_taskflow_api_virtualenv.py took 0.114 seconds
[2025-02-04T16:31:41.042+0000] {processor.py:186} INFO - Started process (PID=1199) to work on /home/airflow/.local/lib/python3.9/site-packages/airflow/example_dags/tutorial_taskflow_api_virtualenv.py
[2025-02-04T16:31:41.044+0000] {processor.py:914} INFO - Processing file /home/airflow/.local/lib/python3.9/site-packages/airflow/example_dags/tutorial_taskflow_api_virtualenv.py for tasks to queue
[2025-02-04T16:31:41.047+0000] {logging_mixin.py:190} INFO - [2025-02-04T16:31:41.046+0000] {dagbag.py:588} INFO - Filling up the DagBag from /home/airflow/.local/lib/python3.9/site-packages/airflow/example_dags/tutorial_taskflow_api_virtualenv.py
[2025-02-04T16:31:41.061+0000] {processor.py:925} INFO - DAG(s) 'tutorial_taskflow_api_virtualenv' retrieved from /home/airflow/.local/lib/python3.9/site-packages/airflow/example_dags/tutorial_taskflow_api_virtualenv.py
[2025-02-04T16:31:41.085+0000] {logging_mixin.py:190} INFO - [2025-02-04T16:31:41.084+0000] {dag.py:3239} INFO - Sync 1 DAGs
[2025-02-04T16:31:41.099+0000] {logging_mixin.py:190} INFO - [2025-02-04T16:31:41.099+0000] {dag.py:4180} INFO - Setting next_dagrun for tutorial_taskflow_api_virtualenv to None, run_after=None
[2025-02-04T16:31:41.131+0000] {processor.py:208} INFO - Processing /home/airflow/.local/lib/python3.9/site-packages/airflow/example_dags/tutorial_taskflow_api_virtualenv.py took 0.097 seconds
[2025-02-04T16:32:11.183+0000] {processor.py:186} INFO - Started process (PID=1270) to work on /home/airflow/.local/lib/python3.9/site-packages/airflow/example_dags/tutorial_taskflow_api_virtualenv.py
[2025-02-04T16:32:11.185+0000] {processor.py:914} INFO - Processing file /home/airflow/.local/lib/python3.9/site-packages/airflow/example_dags/tutorial_taskflow_api_virtualenv.py for tasks to queue
[2025-02-04T16:32:11.188+0000] {logging_mixin.py:190} INFO - [2025-02-04T16:32:11.188+0000] {dagbag.py:588} INFO - Filling up the DagBag from /home/airflow/.local/lib/python3.9/site-packages/airflow/example_dags/tutorial_taskflow_api_virtualenv.py
[2025-02-04T16:32:11.201+0000] {processor.py:925} INFO - DAG(s) 'tutorial_taskflow_api_virtualenv' retrieved from /home/airflow/.local/lib/python3.9/site-packages/airflow/example_dags/tutorial_taskflow_api_virtualenv.py
[2025-02-04T16:32:11.224+0000] {logging_mixin.py:190} INFO - [2025-02-04T16:32:11.224+0000] {dag.py:3239} INFO - Sync 1 DAGs
[2025-02-04T16:32:11.239+0000] {logging_mixin.py:190} INFO - [2025-02-04T16:32:11.239+0000] {dag.py:4180} INFO - Setting next_dagrun for tutorial_taskflow_api_virtualenv to None, run_after=None
[2025-02-04T16:32:11.268+0000] {processor.py:208} INFO - Processing /home/airflow/.local/lib/python3.9/site-packages/airflow/example_dags/tutorial_taskflow_api_virtualenv.py took 0.094 seconds
[2025-02-04T16:32:41.521+0000] {processor.py:186} INFO - Started process (PID=1334) to work on /home/airflow/.local/lib/python3.9/site-packages/airflow/example_dags/tutorial_taskflow_api_virtualenv.py
[2025-02-04T16:32:41.523+0000] {processor.py:914} INFO - Processing file /home/airflow/.local/lib/python3.9/site-packages/airflow/example_dags/tutorial_taskflow_api_virtualenv.py for tasks to queue
[2025-02-04T16:32:41.526+0000] {logging_mixin.py:190} INFO - [2025-02-04T16:32:41.526+0000] {dagbag.py:588} INFO - Filling up the DagBag from /home/airflow/.local/lib/python3.9/site-packages/airflow/example_dags/tutorial_taskflow_api_virtualenv.py
[2025-02-04T16:32:41.544+0000] {processor.py:925} INFO - DAG(s) 'tutorial_taskflow_api_virtualenv' retrieved from /home/airflow/.local/lib/python3.9/site-packages/airflow/example_dags/tutorial_taskflow_api_virtualenv.py
[2025-02-04T16:32:41.591+0000] {logging_mixin.py:190} INFO - [2025-02-04T16:32:41.591+0000] {dag.py:3239} INFO - Sync 1 DAGs
[2025-02-04T16:32:41.633+0000] {logging_mixin.py:190} INFO - [2025-02-04T16:32:41.632+0000] {dag.py:4180} INFO - Setting next_dagrun for tutorial_taskflow_api_virtualenv to None, run_after=None
[2025-02-04T16:32:41.660+0000] {processor.py:208} INFO - Processing /home/airflow/.local/lib/python3.9/site-packages/airflow/example_dags/tutorial_taskflow_api_virtualenv.py took 0.146 seconds
[2025-02-04T16:33:12.543+0000] {processor.py:186} INFO - Started process (PID=1399) to work on /home/airflow/.local/lib/python3.9/site-packages/airflow/example_dags/tutorial_taskflow_api_virtualenv.py
[2025-02-04T16:33:12.544+0000] {processor.py:914} INFO - Processing file /home/airflow/.local/lib/python3.9/site-packages/airflow/example_dags/tutorial_taskflow_api_virtualenv.py for tasks to queue
[2025-02-04T16:33:12.547+0000] {logging_mixin.py:190} INFO - [2025-02-04T16:33:12.547+0000] {dagbag.py:588} INFO - Filling up the DagBag from /home/airflow/.local/lib/python3.9/site-packages/airflow/example_dags/tutorial_taskflow_api_virtualenv.py
[2025-02-04T16:33:12.560+0000] {processor.py:925} INFO - DAG(s) 'tutorial_taskflow_api_virtualenv' retrieved from /home/airflow/.local/lib/python3.9/site-packages/airflow/example_dags/tutorial_taskflow_api_virtualenv.py
[2025-02-04T16:33:12.583+0000] {logging_mixin.py:190} INFO - [2025-02-04T16:33:12.583+0000] {dag.py:3239} INFO - Sync 1 DAGs
[2025-02-04T16:33:12.598+0000] {logging_mixin.py:190} INFO - [2025-02-04T16:33:12.598+0000] {dag.py:4180} INFO - Setting next_dagrun for tutorial_taskflow_api_virtualenv to None, run_after=None
[2025-02-04T16:33:12.627+0000] {processor.py:208} INFO - Processing /home/airflow/.local/lib/python3.9/site-packages/airflow/example_dags/tutorial_taskflow_api_virtualenv.py took 0.091 seconds
[2025-02-04T16:33:43.215+0000] {processor.py:186} INFO - Started process (PID=1463) to work on /home/airflow/.local/lib/python3.9/site-packages/airflow/example_dags/tutorial_taskflow_api_virtualenv.py
[2025-02-04T16:33:43.216+0000] {processor.py:914} INFO - Processing file /home/airflow/.local/lib/python3.9/site-packages/airflow/example_dags/tutorial_taskflow_api_virtualenv.py for tasks to queue
[2025-02-04T16:33:43.219+0000] {logging_mixin.py:190} INFO - [2025-02-04T16:33:43.219+0000] {dagbag.py:588} INFO - Filling up the DagBag from /home/airflow/.local/lib/python3.9/site-packages/airflow/example_dags/tutorial_taskflow_api_virtualenv.py
[2025-02-04T16:33:43.232+0000] {processor.py:925} INFO - DAG(s) 'tutorial_taskflow_api_virtualenv' retrieved from /home/airflow/.local/lib/python3.9/site-packages/airflow/example_dags/tutorial_taskflow_api_virtualenv.py
[2025-02-04T16:33:43.254+0000] {logging_mixin.py:190} INFO - [2025-02-04T16:33:43.253+0000] {dag.py:3239} INFO - Sync 1 DAGs
[2025-02-04T16:33:43.269+0000] {logging_mixin.py:190} INFO - [2025-02-04T16:33:43.269+0000] {dag.py:4180} INFO - Setting next_dagrun for tutorial_taskflow_api_virtualenv to None, run_after=None
[2025-02-04T16:33:43.296+0000] {processor.py:208} INFO - Processing /home/airflow/.local/lib/python3.9/site-packages/airflow/example_dags/tutorial_taskflow_api_virtualenv.py took 0.091 seconds
[2025-02-04T16:34:13.522+0000] {processor.py:186} INFO - Started process (PID=1527) to work on /home/airflow/.local/lib/python3.9/site-packages/airflow/example_dags/tutorial_taskflow_api_virtualenv.py
[2025-02-04T16:34:13.523+0000] {processor.py:914} INFO - Processing file /home/airflow/.local/lib/python3.9/site-packages/airflow/example_dags/tutorial_taskflow_api_virtualenv.py for tasks to queue
[2025-02-04T16:34:13.526+0000] {logging_mixin.py:190} INFO - [2025-02-04T16:34:13.526+0000] {dagbag.py:588} INFO - Filling up the DagBag from /home/airflow/.local/lib/python3.9/site-packages/airflow/example_dags/tutorial_taskflow_api_virtualenv.py
[2025-02-04T16:34:13.538+0000] {processor.py:925} INFO - DAG(s) 'tutorial_taskflow_api_virtualenv' retrieved from /home/airflow/.local/lib/python3.9/site-packages/airflow/example_dags/tutorial_taskflow_api_virtualenv.py
[2025-02-04T16:34:13.560+0000] {logging_mixin.py:190} INFO - [2025-02-04T16:34:13.559+0000] {dag.py:3239} INFO - Sync 1 DAGs
[2025-02-04T16:34:13.575+0000] {logging_mixin.py:190} INFO - [2025-02-04T16:34:13.575+0000] {dag.py:4180} INFO - Setting next_dagrun for tutorial_taskflow_api_virtualenv to None, run_after=None
[2025-02-04T16:34:13.599+0000] {processor.py:208} INFO - Processing /home/airflow/.local/lib/python3.9/site-packages/airflow/example_dags/tutorial_taskflow_api_virtualenv.py took 0.085 seconds
[2025-02-04T16:34:46.910+0000] {processor.py:186} INFO - Started process (PID=1591) to work on /home/airflow/.local/lib/python3.9/site-packages/airflow/example_dags/tutorial_taskflow_api_virtualenv.py
[2025-02-04T16:34:46.911+0000] {processor.py:914} INFO - Processing file /home/airflow/.local/lib/python3.9/site-packages/airflow/example_dags/tutorial_taskflow_api_virtualenv.py for tasks to queue
[2025-02-04T16:34:46.915+0000] {logging_mixin.py:190} INFO - [2025-02-04T16:34:46.914+0000] {dagbag.py:588} INFO - Filling up the DagBag from /home/airflow/.local/lib/python3.9/site-packages/airflow/example_dags/tutorial_taskflow_api_virtualenv.py
[2025-02-04T16:34:46.928+0000] {processor.py:925} INFO - DAG(s) 'tutorial_taskflow_api_virtualenv' retrieved from /home/airflow/.local/lib/python3.9/site-packages/airflow/example_dags/tutorial_taskflow_api_virtualenv.py
[2025-02-04T16:34:46.951+0000] {logging_mixin.py:190} INFO - [2025-02-04T16:34:46.950+0000] {dag.py:3239} INFO - Sync 1 DAGs
[2025-02-04T16:34:46.964+0000] {logging_mixin.py:190} INFO - [2025-02-04T16:34:46.963+0000] {dag.py:4180} INFO - Setting next_dagrun for tutorial_taskflow_api_virtualenv to None, run_after=None
[2025-02-04T16:34:46.993+0000] {processor.py:208} INFO - Processing /home/airflow/.local/lib/python3.9/site-packages/airflow/example_dags/tutorial_taskflow_api_virtualenv.py took 0.089 seconds
[2025-02-04T16:35:17.636+0000] {processor.py:186} INFO - Started process (PID=1655) to work on /home/airflow/.local/lib/python3.9/site-packages/airflow/example_dags/tutorial_taskflow_api_virtualenv.py
[2025-02-04T16:35:17.638+0000] {processor.py:914} INFO - Processing file /home/airflow/.local/lib/python3.9/site-packages/airflow/example_dags/tutorial_taskflow_api_virtualenv.py for tasks to queue
[2025-02-04T16:35:17.641+0000] {logging_mixin.py:190} INFO - [2025-02-04T16:35:17.640+0000] {dagbag.py:588} INFO - Filling up the DagBag from /home/airflow/.local/lib/python3.9/site-packages/airflow/example_dags/tutorial_taskflow_api_virtualenv.py
[2025-02-04T16:35:17.654+0000] {processor.py:925} INFO - DAG(s) 'tutorial_taskflow_api_virtualenv' retrieved from /home/airflow/.local/lib/python3.9/site-packages/airflow/example_dags/tutorial_taskflow_api_virtualenv.py
[2025-02-04T16:35:17.677+0000] {logging_mixin.py:190} INFO - [2025-02-04T16:35:17.677+0000] {dag.py:3239} INFO - Sync 1 DAGs
[2025-02-04T16:35:17.691+0000] {logging_mixin.py:190} INFO - [2025-02-04T16:35:17.691+0000] {dag.py:4180} INFO - Setting next_dagrun for tutorial_taskflow_api_virtualenv to None, run_after=None
[2025-02-04T16:35:17.723+0000] {processor.py:208} INFO - Processing /home/airflow/.local/lib/python3.9/site-packages/airflow/example_dags/tutorial_taskflow_api_virtualenv.py took 0.093 seconds
[2025-02-04T16:35:48.587+0000] {processor.py:186} INFO - Started process (PID=1719) to work on /home/airflow/.local/lib/python3.9/site-packages/airflow/example_dags/tutorial_taskflow_api_virtualenv.py
[2025-02-04T16:35:48.589+0000] {processor.py:914} INFO - Processing file /home/airflow/.local/lib/python3.9/site-packages/airflow/example_dags/tutorial_taskflow_api_virtualenv.py for tasks to queue
[2025-02-04T16:35:48.592+0000] {logging_mixin.py:190} INFO - [2025-02-04T16:35:48.592+0000] {dagbag.py:588} INFO - Filling up the DagBag from /home/airflow/.local/lib/python3.9/site-packages/airflow/example_dags/tutorial_taskflow_api_virtualenv.py
[2025-02-04T16:35:48.605+0000] {processor.py:925} INFO - DAG(s) 'tutorial_taskflow_api_virtualenv' retrieved from /home/airflow/.local/lib/python3.9/site-packages/airflow/example_dags/tutorial_taskflow_api_virtualenv.py
[2025-02-04T16:35:48.628+0000] {logging_mixin.py:190} INFO - [2025-02-04T16:35:48.627+0000] {dag.py:3239} INFO - Sync 1 DAGs
[2025-02-04T16:35:48.642+0000] {logging_mixin.py:190} INFO - [2025-02-04T16:35:48.641+0000] {dag.py:4180} INFO - Setting next_dagrun for tutorial_taskflow_api_virtualenv to None, run_after=None
[2025-02-04T16:35:48.670+0000] {processor.py:208} INFO - Processing /home/airflow/.local/lib/python3.9/site-packages/airflow/example_dags/tutorial_taskflow_api_virtualenv.py took 0.089 seconds
[2025-02-04T16:36:18.910+0000] {processor.py:186} INFO - Started process (PID=1784) to work on /home/airflow/.local/lib/python3.9/site-packages/airflow/example_dags/tutorial_taskflow_api_virtualenv.py
[2025-02-04T16:36:18.912+0000] {processor.py:914} INFO - Processing file /home/airflow/.local/lib/python3.9/site-packages/airflow/example_dags/tutorial_taskflow_api_virtualenv.py for tasks to queue
[2025-02-04T16:36:18.914+0000] {logging_mixin.py:190} INFO - [2025-02-04T16:36:18.914+0000] {dagbag.py:588} INFO - Filling up the DagBag from /home/airflow/.local/lib/python3.9/site-packages/airflow/example_dags/tutorial_taskflow_api_virtualenv.py
[2025-02-04T16:36:18.926+0000] {processor.py:925} INFO - DAG(s) 'tutorial_taskflow_api_virtualenv' retrieved from /home/airflow/.local/lib/python3.9/site-packages/airflow/example_dags/tutorial_taskflow_api_virtualenv.py
[2025-02-04T16:36:18.945+0000] {logging_mixin.py:190} INFO - [2025-02-04T16:36:18.945+0000] {dag.py:3239} INFO - Sync 1 DAGs
[2025-02-04T16:36:18.958+0000] {logging_mixin.py:190} INFO - [2025-02-04T16:36:18.958+0000] {dag.py:4180} INFO - Setting next_dagrun for tutorial_taskflow_api_virtualenv to None, run_after=None
[2025-02-04T16:36:18.982+0000] {processor.py:208} INFO - Processing /home/airflow/.local/lib/python3.9/site-packages/airflow/example_dags/tutorial_taskflow_api_virtualenv.py took 0.078 seconds
[2025-02-04T16:36:49.600+0000] {processor.py:186} INFO - Started process (PID=1848) to work on /home/airflow/.local/lib/python3.9/site-packages/airflow/example_dags/tutorial_taskflow_api_virtualenv.py
[2025-02-04T16:36:49.601+0000] {processor.py:914} INFO - Processing file /home/airflow/.local/lib/python3.9/site-packages/airflow/example_dags/tutorial_taskflow_api_virtualenv.py for tasks to queue
[2025-02-04T16:36:49.604+0000] {logging_mixin.py:190} INFO - [2025-02-04T16:36:49.603+0000] {dagbag.py:588} INFO - Filling up the DagBag from /home/airflow/.local/lib/python3.9/site-packages/airflow/example_dags/tutorial_taskflow_api_virtualenv.py
[2025-02-04T16:36:49.615+0000] {processor.py:925} INFO - DAG(s) 'tutorial_taskflow_api_virtualenv' retrieved from /home/airflow/.local/lib/python3.9/site-packages/airflow/example_dags/tutorial_taskflow_api_virtualenv.py
[2025-02-04T16:36:49.640+0000] {logging_mixin.py:190} INFO - [2025-02-04T16:36:49.640+0000] {dag.py:3239} INFO - Sync 1 DAGs
[2025-02-04T16:36:50.692+0000] {logging_mixin.py:190} INFO - [2025-02-04T16:36:50.691+0000] {dag.py:4180} INFO - Setting next_dagrun for tutorial_taskflow_api_virtualenv to None, run_after=None
[2025-02-04T16:36:50.798+0000] {processor.py:208} INFO - Processing /home/airflow/.local/lib/python3.9/site-packages/airflow/example_dags/tutorial_taskflow_api_virtualenv.py took 1.205 seconds
[2025-02-04T16:39:24.749+0000] {processor.py:186} INFO - Started process (PID=1901) to work on /home/airflow/.local/lib/python3.9/site-packages/airflow/example_dags/tutorial_taskflow_api_virtualenv.py
[2025-02-04T16:39:24.750+0000] {processor.py:914} INFO - Processing file /home/airflow/.local/lib/python3.9/site-packages/airflow/example_dags/tutorial_taskflow_api_virtualenv.py for tasks to queue
[2025-02-04T16:39:24.751+0000] {logging_mixin.py:190} INFO - [2025-02-04T16:39:24.751+0000] {dagbag.py:588} INFO - Filling up the DagBag from /home/airflow/.local/lib/python3.9/site-packages/airflow/example_dags/tutorial_taskflow_api_virtualenv.py
[2025-02-04T16:39:24.764+0000] {processor.py:925} INFO - DAG(s) 'tutorial_taskflow_api_virtualenv' retrieved from /home/airflow/.local/lib/python3.9/site-packages/airflow/example_dags/tutorial_taskflow_api_virtualenv.py
[2025-02-04T16:39:24.784+0000] {logging_mixin.py:190} INFO - [2025-02-04T16:39:24.784+0000] {dag.py:3239} INFO - Sync 1 DAGs
[2025-02-04T16:39:24.808+0000] {logging_mixin.py:190} INFO - [2025-02-04T16:39:24.807+0000] {dag.py:4180} INFO - Setting next_dagrun for tutorial_taskflow_api_virtualenv to None, run_after=None
[2025-02-04T16:39:24.838+0000] {processor.py:208} INFO - Processing /home/airflow/.local/lib/python3.9/site-packages/airflow/example_dags/tutorial_taskflow_api_virtualenv.py took 0.095 seconds
[2025-02-04T16:39:55.754+0000] {processor.py:186} INFO - Started process (PID=1965) to work on /home/airflow/.local/lib/python3.9/site-packages/airflow/example_dags/tutorial_taskflow_api_virtualenv.py
[2025-02-04T16:39:55.755+0000] {processor.py:914} INFO - Processing file /home/airflow/.local/lib/python3.9/site-packages/airflow/example_dags/tutorial_taskflow_api_virtualenv.py for tasks to queue
[2025-02-04T16:39:55.757+0000] {logging_mixin.py:190} INFO - [2025-02-04T16:39:55.757+0000] {dagbag.py:588} INFO - Filling up the DagBag from /home/airflow/.local/lib/python3.9/site-packages/airflow/example_dags/tutorial_taskflow_api_virtualenv.py
[2025-02-04T16:39:55.768+0000] {processor.py:925} INFO - DAG(s) 'tutorial_taskflow_api_virtualenv' retrieved from /home/airflow/.local/lib/python3.9/site-packages/airflow/example_dags/tutorial_taskflow_api_virtualenv.py
[2025-02-04T16:39:55.788+0000] {logging_mixin.py:190} INFO - [2025-02-04T16:39:55.787+0000] {dag.py:3239} INFO - Sync 1 DAGs
[2025-02-04T16:39:55.803+0000] {logging_mixin.py:190} INFO - [2025-02-04T16:39:55.802+0000] {dag.py:4180} INFO - Setting next_dagrun for tutorial_taskflow_api_virtualenv to None, run_after=None
[2025-02-04T16:39:55.826+0000] {processor.py:208} INFO - Processing /home/airflow/.local/lib/python3.9/site-packages/airflow/example_dags/tutorial_taskflow_api_virtualenv.py took 0.078 seconds
[2025-02-04T16:40:27.022+0000] {processor.py:186} INFO - Started process (PID=2029) to work on /home/airflow/.local/lib/python3.9/site-packages/airflow/example_dags/tutorial_taskflow_api_virtualenv.py
[2025-02-04T16:40:27.024+0000] {processor.py:914} INFO - Processing file /home/airflow/.local/lib/python3.9/site-packages/airflow/example_dags/tutorial_taskflow_api_virtualenv.py for tasks to queue
[2025-02-04T16:40:27.025+0000] {logging_mixin.py:190} INFO - [2025-02-04T16:40:27.025+0000] {dagbag.py:588} INFO - Filling up the DagBag from /home/airflow/.local/lib/python3.9/site-packages/airflow/example_dags/tutorial_taskflow_api_virtualenv.py
[2025-02-04T16:40:27.044+0000] {processor.py:925} INFO - DAG(s) 'tutorial_taskflow_api_virtualenv' retrieved from /home/airflow/.local/lib/python3.9/site-packages/airflow/example_dags/tutorial_taskflow_api_virtualenv.py
[2025-02-04T16:40:27.069+0000] {logging_mixin.py:190} INFO - [2025-02-04T16:40:27.069+0000] {dag.py:3239} INFO - Sync 1 DAGs
[2025-02-04T16:40:27.087+0000] {logging_mixin.py:190} INFO - [2025-02-04T16:40:27.087+0000] {dag.py:4180} INFO - Setting next_dagrun for tutorial_taskflow_api_virtualenv to None, run_after=None
[2025-02-04T16:40:27.115+0000] {processor.py:208} INFO - Processing /home/airflow/.local/lib/python3.9/site-packages/airflow/example_dags/tutorial_taskflow_api_virtualenv.py took 0.100 seconds
[2025-02-04T16:40:57.845+0000] {processor.py:186} INFO - Started process (PID=2093) to work on /home/airflow/.local/lib/python3.9/site-packages/airflow/example_dags/tutorial_taskflow_api_virtualenv.py
[2025-02-04T16:40:57.847+0000] {processor.py:914} INFO - Processing file /home/airflow/.local/lib/python3.9/site-packages/airflow/example_dags/tutorial_taskflow_api_virtualenv.py for tasks to queue
[2025-02-04T16:40:57.848+0000] {logging_mixin.py:190} INFO - [2025-02-04T16:40:57.848+0000] {dagbag.py:588} INFO - Filling up the DagBag from /home/airflow/.local/lib/python3.9/site-packages/airflow/example_dags/tutorial_taskflow_api_virtualenv.py
[2025-02-04T16:40:57.865+0000] {processor.py:925} INFO - DAG(s) 'tutorial_taskflow_api_virtualenv' retrieved from /home/airflow/.local/lib/python3.9/site-packages/airflow/example_dags/tutorial_taskflow_api_virtualenv.py
[2025-02-04T16:40:57.887+0000] {logging_mixin.py:190} INFO - [2025-02-04T16:40:57.886+0000] {dag.py:3239} INFO - Sync 1 DAGs
[2025-02-04T16:40:57.904+0000] {logging_mixin.py:190} INFO - [2025-02-04T16:40:57.903+0000] {dag.py:4180} INFO - Setting next_dagrun for tutorial_taskflow_api_virtualenv to None, run_after=None
[2025-02-04T16:40:57.933+0000] {processor.py:208} INFO - Processing /home/airflow/.local/lib/python3.9/site-packages/airflow/example_dags/tutorial_taskflow_api_virtualenv.py took 0.095 seconds
[2025-02-04T16:41:28.700+0000] {processor.py:186} INFO - Started process (PID=2157) to work on /home/airflow/.local/lib/python3.9/site-packages/airflow/example_dags/tutorial_taskflow_api_virtualenv.py
[2025-02-04T16:41:28.702+0000] {processor.py:914} INFO - Processing file /home/airflow/.local/lib/python3.9/site-packages/airflow/example_dags/tutorial_taskflow_api_virtualenv.py for tasks to queue
[2025-02-04T16:41:28.703+0000] {logging_mixin.py:190} INFO - [2025-02-04T16:41:28.703+0000] {dagbag.py:588} INFO - Filling up the DagBag from /home/airflow/.local/lib/python3.9/site-packages/airflow/example_dags/tutorial_taskflow_api_virtualenv.py
[2025-02-04T16:41:28.717+0000] {processor.py:925} INFO - DAG(s) 'tutorial_taskflow_api_virtualenv' retrieved from /home/airflow/.local/lib/python3.9/site-packages/airflow/example_dags/tutorial_taskflow_api_virtualenv.py
[2025-02-04T16:41:28.738+0000] {logging_mixin.py:190} INFO - [2025-02-04T16:41:28.737+0000] {dag.py:3239} INFO - Sync 1 DAGs
[2025-02-04T16:41:28.755+0000] {logging_mixin.py:190} INFO - [2025-02-04T16:41:28.755+0000] {dag.py:4180} INFO - Setting next_dagrun for tutorial_taskflow_api_virtualenv to None, run_after=None
[2025-02-04T16:41:28.784+0000] {processor.py:208} INFO - Processing /home/airflow/.local/lib/python3.9/site-packages/airflow/example_dags/tutorial_taskflow_api_virtualenv.py took 0.091 seconds
[2025-02-04T16:41:59.087+0000] {processor.py:186} INFO - Started process (PID=2221) to work on /home/airflow/.local/lib/python3.9/site-packages/airflow/example_dags/tutorial_taskflow_api_virtualenv.py
[2025-02-04T16:41:59.089+0000] {processor.py:914} INFO - Processing file /home/airflow/.local/lib/python3.9/site-packages/airflow/example_dags/tutorial_taskflow_api_virtualenv.py for tasks to queue
[2025-02-04T16:41:59.090+0000] {logging_mixin.py:190} INFO - [2025-02-04T16:41:59.090+0000] {dagbag.py:588} INFO - Filling up the DagBag from /home/airflow/.local/lib/python3.9/site-packages/airflow/example_dags/tutorial_taskflow_api_virtualenv.py
[2025-02-04T16:41:59.103+0000] {processor.py:925} INFO - DAG(s) 'tutorial_taskflow_api_virtualenv' retrieved from /home/airflow/.local/lib/python3.9/site-packages/airflow/example_dags/tutorial_taskflow_api_virtualenv.py
[2025-02-04T16:41:59.124+0000] {logging_mixin.py:190} INFO - [2025-02-04T16:41:59.124+0000] {dag.py:3239} INFO - Sync 1 DAGs
[2025-02-04T16:41:59.139+0000] {logging_mixin.py:190} INFO - [2025-02-04T16:41:59.138+0000] {dag.py:4180} INFO - Setting next_dagrun for tutorial_taskflow_api_virtualenv to None, run_after=None
[2025-02-04T16:41:59.164+0000] {processor.py:208} INFO - Processing /home/airflow/.local/lib/python3.9/site-packages/airflow/example_dags/tutorial_taskflow_api_virtualenv.py took 0.083 seconds
[2025-02-04T16:42:29.508+0000] {processor.py:186} INFO - Started process (PID=2285) to work on /home/airflow/.local/lib/python3.9/site-packages/airflow/example_dags/tutorial_taskflow_api_virtualenv.py
[2025-02-04T16:42:29.510+0000] {processor.py:914} INFO - Processing file /home/airflow/.local/lib/python3.9/site-packages/airflow/example_dags/tutorial_taskflow_api_virtualenv.py for tasks to queue
[2025-02-04T16:42:29.511+0000] {logging_mixin.py:190} INFO - [2025-02-04T16:42:29.511+0000] {dagbag.py:588} INFO - Filling up the DagBag from /home/airflow/.local/lib/python3.9/site-packages/airflow/example_dags/tutorial_taskflow_api_virtualenv.py
[2025-02-04T16:42:29.525+0000] {processor.py:925} INFO - DAG(s) 'tutorial_taskflow_api_virtualenv' retrieved from /home/airflow/.local/lib/python3.9/site-packages/airflow/example_dags/tutorial_taskflow_api_virtualenv.py
[2025-02-04T16:42:29.548+0000] {logging_mixin.py:190} INFO - [2025-02-04T16:42:29.547+0000] {dag.py:3239} INFO - Sync 1 DAGs
[2025-02-04T16:42:29.564+0000] {logging_mixin.py:190} INFO - [2025-02-04T16:42:29.564+0000] {dag.py:4180} INFO - Setting next_dagrun for tutorial_taskflow_api_virtualenv to None, run_after=None
[2025-02-04T16:42:29.597+0000] {processor.py:208} INFO - Processing /home/airflow/.local/lib/python3.9/site-packages/airflow/example_dags/tutorial_taskflow_api_virtualenv.py took 0.098 seconds
[2025-02-04T16:43:00.072+0000] {processor.py:186} INFO - Started process (PID=2351) to work on /home/airflow/.local/lib/python3.9/site-packages/airflow/example_dags/tutorial_taskflow_api_virtualenv.py
[2025-02-04T16:43:00.074+0000] {processor.py:914} INFO - Processing file /home/airflow/.local/lib/python3.9/site-packages/airflow/example_dags/tutorial_taskflow_api_virtualenv.py for tasks to queue
[2025-02-04T16:43:00.076+0000] {logging_mixin.py:190} INFO - [2025-02-04T16:43:00.076+0000] {dagbag.py:588} INFO - Filling up the DagBag from /home/airflow/.local/lib/python3.9/site-packages/airflow/example_dags/tutorial_taskflow_api_virtualenv.py
[2025-02-04T16:43:00.091+0000] {processor.py:925} INFO - DAG(s) 'tutorial_taskflow_api_virtualenv' retrieved from /home/airflow/.local/lib/python3.9/site-packages/airflow/example_dags/tutorial_taskflow_api_virtualenv.py
[2025-02-04T16:43:00.116+0000] {logging_mixin.py:190} INFO - [2025-02-04T16:43:00.116+0000] {dag.py:3239} INFO - Sync 1 DAGs
[2025-02-04T16:43:00.134+0000] {logging_mixin.py:190} INFO - [2025-02-04T16:43:00.134+0000] {dag.py:4180} INFO - Setting next_dagrun for tutorial_taskflow_api_virtualenv to None, run_after=None
[2025-02-04T16:43:00.164+0000] {processor.py:208} INFO - Processing /home/airflow/.local/lib/python3.9/site-packages/airflow/example_dags/tutorial_taskflow_api_virtualenv.py took 0.098 seconds
[2025-02-04T16:43:30.313+0000] {processor.py:186} INFO - Started process (PID=2415) to work on /home/airflow/.local/lib/python3.9/site-packages/airflow/example_dags/tutorial_taskflow_api_virtualenv.py
[2025-02-04T16:43:30.314+0000] {processor.py:914} INFO - Processing file /home/airflow/.local/lib/python3.9/site-packages/airflow/example_dags/tutorial_taskflow_api_virtualenv.py for tasks to queue
[2025-02-04T16:43:30.316+0000] {logging_mixin.py:190} INFO - [2025-02-04T16:43:30.315+0000] {dagbag.py:588} INFO - Filling up the DagBag from /home/airflow/.local/lib/python3.9/site-packages/airflow/example_dags/tutorial_taskflow_api_virtualenv.py
[2025-02-04T16:43:30.329+0000] {processor.py:925} INFO - DAG(s) 'tutorial_taskflow_api_virtualenv' retrieved from /home/airflow/.local/lib/python3.9/site-packages/airflow/example_dags/tutorial_taskflow_api_virtualenv.py
[2025-02-04T16:43:30.352+0000] {logging_mixin.py:190} INFO - [2025-02-04T16:43:30.352+0000] {dag.py:3239} INFO - Sync 1 DAGs
[2025-02-04T16:43:30.368+0000] {logging_mixin.py:190} INFO - [2025-02-04T16:43:30.367+0000] {dag.py:4180} INFO - Setting next_dagrun for tutorial_taskflow_api_virtualenv to None, run_after=None
[2025-02-04T16:43:30.399+0000] {processor.py:208} INFO - Processing /home/airflow/.local/lib/python3.9/site-packages/airflow/example_dags/tutorial_taskflow_api_virtualenv.py took 0.093 seconds
[2025-02-04T16:44:01.197+0000] {processor.py:186} INFO - Started process (PID=2479) to work on /home/airflow/.local/lib/python3.9/site-packages/airflow/example_dags/tutorial_taskflow_api_virtualenv.py
[2025-02-04T16:44:01.199+0000] {processor.py:914} INFO - Processing file /home/airflow/.local/lib/python3.9/site-packages/airflow/example_dags/tutorial_taskflow_api_virtualenv.py for tasks to queue
[2025-02-04T16:44:01.200+0000] {logging_mixin.py:190} INFO - [2025-02-04T16:44:01.200+0000] {dagbag.py:588} INFO - Filling up the DagBag from /home/airflow/.local/lib/python3.9/site-packages/airflow/example_dags/tutorial_taskflow_api_virtualenv.py
[2025-02-04T16:44:01.213+0000] {processor.py:925} INFO - DAG(s) 'tutorial_taskflow_api_virtualenv' retrieved from /home/airflow/.local/lib/python3.9/site-packages/airflow/example_dags/tutorial_taskflow_api_virtualenv.py
[2025-02-04T16:44:01.237+0000] {logging_mixin.py:190} INFO - [2025-02-04T16:44:01.236+0000] {dag.py:3239} INFO - Sync 1 DAGs
[2025-02-04T16:44:01.252+0000] {logging_mixin.py:190} INFO - [2025-02-04T16:44:01.252+0000] {dag.py:4180} INFO - Setting next_dagrun for tutorial_taskflow_api_virtualenv to None, run_after=None
[2025-02-04T16:44:01.281+0000] {processor.py:208} INFO - Processing /home/airflow/.local/lib/python3.9/site-packages/airflow/example_dags/tutorial_taskflow_api_virtualenv.py took 0.092 seconds
[2025-02-04T16:44:31.356+0000] {processor.py:186} INFO - Started process (PID=2543) to work on /home/airflow/.local/lib/python3.9/site-packages/airflow/example_dags/tutorial_taskflow_api_virtualenv.py
[2025-02-04T16:44:31.358+0000] {processor.py:914} INFO - Processing file /home/airflow/.local/lib/python3.9/site-packages/airflow/example_dags/tutorial_taskflow_api_virtualenv.py for tasks to queue
[2025-02-04T16:44:31.359+0000] {logging_mixin.py:190} INFO - [2025-02-04T16:44:31.359+0000] {dagbag.py:588} INFO - Filling up the DagBag from /home/airflow/.local/lib/python3.9/site-packages/airflow/example_dags/tutorial_taskflow_api_virtualenv.py
[2025-02-04T16:44:31.372+0000] {processor.py:925} INFO - DAG(s) 'tutorial_taskflow_api_virtualenv' retrieved from /home/airflow/.local/lib/python3.9/site-packages/airflow/example_dags/tutorial_taskflow_api_virtualenv.py
[2025-02-04T16:44:31.393+0000] {logging_mixin.py:190} INFO - [2025-02-04T16:44:31.393+0000] {dag.py:3239} INFO - Sync 1 DAGs
[2025-02-04T16:44:31.408+0000] {logging_mixin.py:190} INFO - [2025-02-04T16:44:31.408+0000] {dag.py:4180} INFO - Setting next_dagrun for tutorial_taskflow_api_virtualenv to None, run_after=None
[2025-02-04T16:44:31.441+0000] {processor.py:208} INFO - Processing /home/airflow/.local/lib/python3.9/site-packages/airflow/example_dags/tutorial_taskflow_api_virtualenv.py took 0.091 seconds
[2025-02-04T16:45:02.097+0000] {processor.py:186} INFO - Started process (PID=2605) to work on /home/airflow/.local/lib/python3.9/site-packages/airflow/example_dags/tutorial_taskflow_api_virtualenv.py
[2025-02-04T16:45:02.099+0000] {processor.py:914} INFO - Processing file /home/airflow/.local/lib/python3.9/site-packages/airflow/example_dags/tutorial_taskflow_api_virtualenv.py for tasks to queue
[2025-02-04T16:45:02.101+0000] {logging_mixin.py:190} INFO - [2025-02-04T16:45:02.100+0000] {dagbag.py:588} INFO - Filling up the DagBag from /home/airflow/.local/lib/python3.9/site-packages/airflow/example_dags/tutorial_taskflow_api_virtualenv.py
[2025-02-04T16:45:02.118+0000] {processor.py:925} INFO - DAG(s) 'tutorial_taskflow_api_virtualenv' retrieved from /home/airflow/.local/lib/python3.9/site-packages/airflow/example_dags/tutorial_taskflow_api_virtualenv.py
[2025-02-04T16:45:02.138+0000] {logging_mixin.py:190} INFO - [2025-02-04T16:45:02.138+0000] {dag.py:3239} INFO - Sync 1 DAGs
[2025-02-04T16:45:02.153+0000] {logging_mixin.py:190} INFO - [2025-02-04T16:45:02.153+0000] {dag.py:4180} INFO - Setting next_dagrun for tutorial_taskflow_api_virtualenv to None, run_after=None
[2025-02-04T16:45:02.179+0000] {processor.py:208} INFO - Processing /home/airflow/.local/lib/python3.9/site-packages/airflow/example_dags/tutorial_taskflow_api_virtualenv.py took 0.089 seconds
[2025-02-04T16:45:32.358+0000] {processor.py:186} INFO - Started process (PID=2669) to work on /home/airflow/.local/lib/python3.9/site-packages/airflow/example_dags/tutorial_taskflow_api_virtualenv.py
[2025-02-04T16:45:32.359+0000] {processor.py:914} INFO - Processing file /home/airflow/.local/lib/python3.9/site-packages/airflow/example_dags/tutorial_taskflow_api_virtualenv.py for tasks to queue
[2025-02-04T16:45:32.361+0000] {logging_mixin.py:190} INFO - [2025-02-04T16:45:32.360+0000] {dagbag.py:588} INFO - Filling up the DagBag from /home/airflow/.local/lib/python3.9/site-packages/airflow/example_dags/tutorial_taskflow_api_virtualenv.py
[2025-02-04T16:45:32.375+0000] {processor.py:925} INFO - DAG(s) 'tutorial_taskflow_api_virtualenv' retrieved from /home/airflow/.local/lib/python3.9/site-packages/airflow/example_dags/tutorial_taskflow_api_virtualenv.py
[2025-02-04T16:45:32.398+0000] {logging_mixin.py:190} INFO - [2025-02-04T16:45:32.398+0000] {dag.py:3239} INFO - Sync 1 DAGs
[2025-02-04T16:45:32.416+0000] {logging_mixin.py:190} INFO - [2025-02-04T16:45:32.416+0000] {dag.py:4180} INFO - Setting next_dagrun for tutorial_taskflow_api_virtualenv to None, run_after=None
[2025-02-04T16:45:32.443+0000] {processor.py:208} INFO - Processing /home/airflow/.local/lib/python3.9/site-packages/airflow/example_dags/tutorial_taskflow_api_virtualenv.py took 0.091 seconds
[2025-02-04T16:46:04.935+0000] {processor.py:186} INFO - Started process (PID=2740) to work on /home/airflow/.local/lib/python3.9/site-packages/airflow/example_dags/tutorial_taskflow_api_virtualenv.py
[2025-02-04T16:46:04.936+0000] {processor.py:914} INFO - Processing file /home/airflow/.local/lib/python3.9/site-packages/airflow/example_dags/tutorial_taskflow_api_virtualenv.py for tasks to queue
[2025-02-04T16:46:04.938+0000] {logging_mixin.py:190} INFO - [2025-02-04T16:46:04.937+0000] {dagbag.py:588} INFO - Filling up the DagBag from /home/airflow/.local/lib/python3.9/site-packages/airflow/example_dags/tutorial_taskflow_api_virtualenv.py
[2025-02-04T16:46:04.954+0000] {processor.py:925} INFO - DAG(s) 'tutorial_taskflow_api_virtualenv' retrieved from /home/airflow/.local/lib/python3.9/site-packages/airflow/example_dags/tutorial_taskflow_api_virtualenv.py
[2025-02-04T16:46:04.975+0000] {logging_mixin.py:190} INFO - [2025-02-04T16:46:04.974+0000] {dag.py:3239} INFO - Sync 1 DAGs
[2025-02-04T16:46:04.992+0000] {logging_mixin.py:190} INFO - [2025-02-04T16:46:04.992+0000] {dag.py:4180} INFO - Setting next_dagrun for tutorial_taskflow_api_virtualenv to None, run_after=None
[2025-02-04T16:46:05.035+0000] {processor.py:208} INFO - Processing /home/airflow/.local/lib/python3.9/site-packages/airflow/example_dags/tutorial_taskflow_api_virtualenv.py took 0.108 seconds
[2025-02-04T16:46:35.213+0000] {processor.py:186} INFO - Started process (PID=2804) to work on /home/airflow/.local/lib/python3.9/site-packages/airflow/example_dags/tutorial_taskflow_api_virtualenv.py
[2025-02-04T16:46:35.214+0000] {processor.py:914} INFO - Processing file /home/airflow/.local/lib/python3.9/site-packages/airflow/example_dags/tutorial_taskflow_api_virtualenv.py for tasks to queue
[2025-02-04T16:46:35.216+0000] {logging_mixin.py:190} INFO - [2025-02-04T16:46:35.215+0000] {dagbag.py:588} INFO - Filling up the DagBag from /home/airflow/.local/lib/python3.9/site-packages/airflow/example_dags/tutorial_taskflow_api_virtualenv.py
[2025-02-04T16:46:35.232+0000] {processor.py:925} INFO - DAG(s) 'tutorial_taskflow_api_virtualenv' retrieved from /home/airflow/.local/lib/python3.9/site-packages/airflow/example_dags/tutorial_taskflow_api_virtualenv.py
[2025-02-04T16:46:35.258+0000] {logging_mixin.py:190} INFO - [2025-02-04T16:46:35.258+0000] {dag.py:3239} INFO - Sync 1 DAGs
[2025-02-04T16:46:35.279+0000] {logging_mixin.py:190} INFO - [2025-02-04T16:46:35.279+0000] {dag.py:4180} INFO - Setting next_dagrun for tutorial_taskflow_api_virtualenv to None, run_after=None
[2025-02-04T16:46:35.308+0000] {processor.py:208} INFO - Processing /home/airflow/.local/lib/python3.9/site-packages/airflow/example_dags/tutorial_taskflow_api_virtualenv.py took 0.104 seconds
[2025-02-04T16:47:10.276+0000] {processor.py:186} INFO - Started process (PID=2871) to work on /home/airflow/.local/lib/python3.9/site-packages/airflow/example_dags/tutorial_taskflow_api_virtualenv.py
[2025-02-04T16:47:10.277+0000] {processor.py:914} INFO - Processing file /home/airflow/.local/lib/python3.9/site-packages/airflow/example_dags/tutorial_taskflow_api_virtualenv.py for tasks to queue
[2025-02-04T16:47:10.279+0000] {logging_mixin.py:190} INFO - [2025-02-04T16:47:10.278+0000] {dagbag.py:588} INFO - Filling up the DagBag from /home/airflow/.local/lib/python3.9/site-packages/airflow/example_dags/tutorial_taskflow_api_virtualenv.py
[2025-02-04T16:47:10.294+0000] {processor.py:925} INFO - DAG(s) 'tutorial_taskflow_api_virtualenv' retrieved from /home/airflow/.local/lib/python3.9/site-packages/airflow/example_dags/tutorial_taskflow_api_virtualenv.py
[2025-02-04T16:47:10.319+0000] {logging_mixin.py:190} INFO - [2025-02-04T16:47:10.319+0000] {dag.py:3239} INFO - Sync 1 DAGs
[2025-02-04T16:47:10.337+0000] {logging_mixin.py:190} INFO - [2025-02-04T16:47:10.336+0000] {dag.py:4180} INFO - Setting next_dagrun for tutorial_taskflow_api_virtualenv to None, run_after=None
[2025-02-04T16:47:10.362+0000] {processor.py:208} INFO - Processing /home/airflow/.local/lib/python3.9/site-packages/airflow/example_dags/tutorial_taskflow_api_virtualenv.py took 0.093 seconds
[2025-02-04T16:47:50.966+0000] {processor.py:186} INFO - Started process (PID=2935) to work on /home/airflow/.local/lib/python3.9/site-packages/airflow/example_dags/tutorial_taskflow_api_virtualenv.py
[2025-02-04T16:47:50.967+0000] {processor.py:914} INFO - Processing file /home/airflow/.local/lib/python3.9/site-packages/airflow/example_dags/tutorial_taskflow_api_virtualenv.py for tasks to queue
[2025-02-04T16:47:50.969+0000] {logging_mixin.py:190} INFO - [2025-02-04T16:47:50.968+0000] {dagbag.py:588} INFO - Filling up the DagBag from /home/airflow/.local/lib/python3.9/site-packages/airflow/example_dags/tutorial_taskflow_api_virtualenv.py
[2025-02-04T16:47:50.982+0000] {processor.py:925} INFO - DAG(s) 'tutorial_taskflow_api_virtualenv' retrieved from /home/airflow/.local/lib/python3.9/site-packages/airflow/example_dags/tutorial_taskflow_api_virtualenv.py
[2025-02-04T16:47:51.003+0000] {logging_mixin.py:190} INFO - [2025-02-04T16:47:51.003+0000] {dag.py:3239} INFO - Sync 1 DAGs
[2025-02-04T16:47:51.019+0000] {logging_mixin.py:190} INFO - [2025-02-04T16:47:51.018+0000] {dag.py:4180} INFO - Setting next_dagrun for tutorial_taskflow_api_virtualenv to None, run_after=None
[2025-02-04T16:47:51.071+0000] {processor.py:208} INFO - Processing /home/airflow/.local/lib/python3.9/site-packages/airflow/example_dags/tutorial_taskflow_api_virtualenv.py took 0.111 seconds
[2025-02-04T16:48:21.477+0000] {processor.py:186} INFO - Started process (PID=3000) to work on /home/airflow/.local/lib/python3.9/site-packages/airflow/example_dags/tutorial_taskflow_api_virtualenv.py
[2025-02-04T16:48:21.479+0000] {processor.py:914} INFO - Processing file /home/airflow/.local/lib/python3.9/site-packages/airflow/example_dags/tutorial_taskflow_api_virtualenv.py for tasks to queue
[2025-02-04T16:48:21.481+0000] {logging_mixin.py:190} INFO - [2025-02-04T16:48:21.480+0000] {dagbag.py:588} INFO - Filling up the DagBag from /home/airflow/.local/lib/python3.9/site-packages/airflow/example_dags/tutorial_taskflow_api_virtualenv.py
[2025-02-04T16:48:21.498+0000] {processor.py:925} INFO - DAG(s) 'tutorial_taskflow_api_virtualenv' retrieved from /home/airflow/.local/lib/python3.9/site-packages/airflow/example_dags/tutorial_taskflow_api_virtualenv.py
[2025-02-04T16:48:21.523+0000] {logging_mixin.py:190} INFO - [2025-02-04T16:48:21.523+0000] {dag.py:3239} INFO - Sync 1 DAGs
[2025-02-04T16:48:21.540+0000] {logging_mixin.py:190} INFO - [2025-02-04T16:48:21.539+0000] {dag.py:4180} INFO - Setting next_dagrun for tutorial_taskflow_api_virtualenv to None, run_after=None
[2025-02-04T16:48:21.566+0000] {processor.py:208} INFO - Processing /home/airflow/.local/lib/python3.9/site-packages/airflow/example_dags/tutorial_taskflow_api_virtualenv.py took 0.095 seconds
[2025-02-04T16:48:51.632+0000] {processor.py:186} INFO - Started process (PID=3064) to work on /home/airflow/.local/lib/python3.9/site-packages/airflow/example_dags/tutorial_taskflow_api_virtualenv.py
[2025-02-04T16:48:51.634+0000] {processor.py:914} INFO - Processing file /home/airflow/.local/lib/python3.9/site-packages/airflow/example_dags/tutorial_taskflow_api_virtualenv.py for tasks to queue
[2025-02-04T16:48:51.635+0000] {logging_mixin.py:190} INFO - [2025-02-04T16:48:51.635+0000] {dagbag.py:588} INFO - Filling up the DagBag from /home/airflow/.local/lib/python3.9/site-packages/airflow/example_dags/tutorial_taskflow_api_virtualenv.py
[2025-02-04T16:48:51.648+0000] {processor.py:925} INFO - DAG(s) 'tutorial_taskflow_api_virtualenv' retrieved from /home/airflow/.local/lib/python3.9/site-packages/airflow/example_dags/tutorial_taskflow_api_virtualenv.py
[2025-02-04T16:48:51.671+0000] {logging_mixin.py:190} INFO - [2025-02-04T16:48:51.670+0000] {dag.py:3239} INFO - Sync 1 DAGs
[2025-02-04T16:48:51.685+0000] {logging_mixin.py:190} INFO - [2025-02-04T16:48:51.685+0000] {dag.py:4180} INFO - Setting next_dagrun for tutorial_taskflow_api_virtualenv to None, run_after=None
[2025-02-04T16:48:51.712+0000] {processor.py:208} INFO - Processing /home/airflow/.local/lib/python3.9/site-packages/airflow/example_dags/tutorial_taskflow_api_virtualenv.py took 0.087 seconds
[2025-02-04T16:49:21.935+0000] {processor.py:186} INFO - Started process (PID=3128) to work on /home/airflow/.local/lib/python3.9/site-packages/airflow/example_dags/tutorial_taskflow_api_virtualenv.py
[2025-02-04T16:49:21.937+0000] {processor.py:914} INFO - Processing file /home/airflow/.local/lib/python3.9/site-packages/airflow/example_dags/tutorial_taskflow_api_virtualenv.py for tasks to queue
[2025-02-04T16:49:21.939+0000] {logging_mixin.py:190} INFO - [2025-02-04T16:49:21.938+0000] {dagbag.py:588} INFO - Filling up the DagBag from /home/airflow/.local/lib/python3.9/site-packages/airflow/example_dags/tutorial_taskflow_api_virtualenv.py
[2025-02-04T16:49:21.954+0000] {processor.py:925} INFO - DAG(s) 'tutorial_taskflow_api_virtualenv' retrieved from /home/airflow/.local/lib/python3.9/site-packages/airflow/example_dags/tutorial_taskflow_api_virtualenv.py
[2025-02-04T16:49:21.976+0000] {logging_mixin.py:190} INFO - [2025-02-04T16:49:21.976+0000] {dag.py:3239} INFO - Sync 1 DAGs
[2025-02-04T16:49:21.991+0000] {logging_mixin.py:190} INFO - [2025-02-04T16:49:21.991+0000] {dag.py:4180} INFO - Setting next_dagrun for tutorial_taskflow_api_virtualenv to None, run_after=None
[2025-02-04T16:49:22.018+0000] {processor.py:208} INFO - Processing /home/airflow/.local/lib/python3.9/site-packages/airflow/example_dags/tutorial_taskflow_api_virtualenv.py took 0.090 seconds
[2025-02-04T16:49:52.168+0000] {processor.py:186} INFO - Started process (PID=3199) to work on /home/airflow/.local/lib/python3.9/site-packages/airflow/example_dags/tutorial_taskflow_api_virtualenv.py
[2025-02-04T16:49:52.169+0000] {processor.py:914} INFO - Processing file /home/airflow/.local/lib/python3.9/site-packages/airflow/example_dags/tutorial_taskflow_api_virtualenv.py for tasks to queue
[2025-02-04T16:49:52.171+0000] {logging_mixin.py:190} INFO - [2025-02-04T16:49:52.171+0000] {dagbag.py:588} INFO - Filling up the DagBag from /home/airflow/.local/lib/python3.9/site-packages/airflow/example_dags/tutorial_taskflow_api_virtualenv.py
[2025-02-04T16:49:52.184+0000] {processor.py:925} INFO - DAG(s) 'tutorial_taskflow_api_virtualenv' retrieved from /home/airflow/.local/lib/python3.9/site-packages/airflow/example_dags/tutorial_taskflow_api_virtualenv.py
[2025-02-04T16:49:52.205+0000] {logging_mixin.py:190} INFO - [2025-02-04T16:49:52.205+0000] {dag.py:3239} INFO - Sync 1 DAGs
[2025-02-04T16:49:52.219+0000] {logging_mixin.py:190} INFO - [2025-02-04T16:49:52.219+0000] {dag.py:4180} INFO - Setting next_dagrun for tutorial_taskflow_api_virtualenv to None, run_after=None
[2025-02-04T16:49:52.246+0000] {processor.py:208} INFO - Processing /home/airflow/.local/lib/python3.9/site-packages/airflow/example_dags/tutorial_taskflow_api_virtualenv.py took 0.086 seconds
