[2025-02-04T16:22:44.663+0000] {processor.py:186} INFO - Started process (PID=93) to work on /home/airflow/.local/lib/python3.9/site-packages/airflow/example_dags/tutorial_dag.py
[2025-02-04T16:22:44.664+0000] {processor.py:914} INFO - Processing file /home/airflow/.local/lib/python3.9/site-packages/airflow/example_dags/tutorial_dag.py for tasks to queue
[2025-02-04T16:22:44.667+0000] {logging_mixin.py:190} INFO - [2025-02-04T16:22:44.667+0000] {dagbag.py:588} INFO - Filling up the DagBag from /home/airflow/.local/lib/python3.9/site-packages/airflow/example_dags/tutorial_dag.py
[2025-02-04T16:22:44.675+0000] {processor.py:925} INFO - DAG(s) 'tutorial_dag' retrieved from /home/airflow/.local/lib/python3.9/site-packages/airflow/example_dags/tutorial_dag.py
[2025-02-04T16:22:44.812+0000] {logging_mixin.py:190} INFO - [2025-02-04T16:22:44.811+0000] {override.py:1912} INFO - Created Permission View: can delete on DAG:tutorial_dag
[2025-02-04T16:22:44.829+0000] {logging_mixin.py:190} INFO - [2025-02-04T16:22:44.828+0000] {override.py:1912} INFO - Created Permission View: can edit on DAG:tutorial_dag
[2025-02-04T16:22:44.844+0000] {logging_mixin.py:190} INFO - [2025-02-04T16:22:44.844+0000] {override.py:1912} INFO - Created Permission View: can read on DAG:tutorial_dag
[2025-02-04T16:22:44.867+0000] {logging_mixin.py:190} INFO - [2025-02-04T16:22:44.866+0000] {override.py:1912} INFO - Created Permission View: can delete on DAG Run:tutorial_dag
[2025-02-04T16:22:44.898+0000] {logging_mixin.py:190} INFO - [2025-02-04T16:22:44.898+0000] {override.py:1912} INFO - Created Permission View: menu access on DAG Run:tutorial_dag
[2025-02-04T16:22:44.917+0000] {logging_mixin.py:190} INFO - [2025-02-04T16:22:44.916+0000] {override.py:1912} INFO - Created Permission View: can read on DAG Run:tutorial_dag
[2025-02-04T16:22:44.934+0000] {logging_mixin.py:190} INFO - [2025-02-04T16:22:44.933+0000] {override.py:1912} INFO - Created Permission View: can create on DAG Run:tutorial_dag
[2025-02-04T16:22:44.935+0000] {logging_mixin.py:190} INFO - [2025-02-04T16:22:44.935+0000] {dag.py:3239} INFO - Sync 1 DAGs
[2025-02-04T16:22:44.948+0000] {logging_mixin.py:190} INFO - [2025-02-04T16:22:44.947+0000] {dag.py:3262} INFO - Creating ORM DAG for tutorial_dag
[2025-02-04T16:22:44.949+0000] {logging_mixin.py:190} INFO - [2025-02-04T16:22:44.949+0000] {dag.py:4180} INFO - Setting next_dagrun for tutorial_dag to None, run_after=None
[2025-02-04T16:22:44.975+0000] {processor.py:208} INFO - Processing /home/airflow/.local/lib/python3.9/site-packages/airflow/example_dags/tutorial_dag.py took 0.318 seconds
[2025-02-04T16:23:28.282+0000] {processor.py:186} INFO - Started process (PID=164) to work on /home/airflow/.local/lib/python3.9/site-packages/airflow/example_dags/tutorial_dag.py
[2025-02-04T16:23:28.284+0000] {processor.py:914} INFO - Processing file /home/airflow/.local/lib/python3.9/site-packages/airflow/example_dags/tutorial_dag.py for tasks to queue
[2025-02-04T16:23:28.286+0000] {logging_mixin.py:190} INFO - [2025-02-04T16:23:28.286+0000] {dagbag.py:588} INFO - Filling up the DagBag from /home/airflow/.local/lib/python3.9/site-packages/airflow/example_dags/tutorial_dag.py
[2025-02-04T16:23:28.294+0000] {processor.py:925} INFO - DAG(s) 'tutorial_dag' retrieved from /home/airflow/.local/lib/python3.9/site-packages/airflow/example_dags/tutorial_dag.py
[2025-02-04T16:23:28.314+0000] {logging_mixin.py:190} INFO - [2025-02-04T16:23:28.314+0000] {dag.py:3239} INFO - Sync 1 DAGs
[2025-02-04T16:23:28.327+0000] {logging_mixin.py:190} INFO - [2025-02-04T16:23:28.327+0000] {dag.py:4180} INFO - Setting next_dagrun for tutorial_dag to None, run_after=None
[2025-02-04T16:23:28.354+0000] {processor.py:208} INFO - Processing /home/airflow/.local/lib/python3.9/site-packages/airflow/example_dags/tutorial_dag.py took 0.078 seconds
[2025-02-04T16:23:58.770+0000] {processor.py:186} INFO - Started process (PID=227) to work on /home/airflow/.local/lib/python3.9/site-packages/airflow/example_dags/tutorial_dag.py
[2025-02-04T16:23:58.772+0000] {processor.py:914} INFO - Processing file /home/airflow/.local/lib/python3.9/site-packages/airflow/example_dags/tutorial_dag.py for tasks to queue
[2025-02-04T16:23:58.774+0000] {logging_mixin.py:190} INFO - [2025-02-04T16:23:58.774+0000] {dagbag.py:588} INFO - Filling up the DagBag from /home/airflow/.local/lib/python3.9/site-packages/airflow/example_dags/tutorial_dag.py
[2025-02-04T16:23:58.782+0000] {processor.py:925} INFO - DAG(s) 'tutorial_dag' retrieved from /home/airflow/.local/lib/python3.9/site-packages/airflow/example_dags/tutorial_dag.py
[2025-02-04T16:23:58.802+0000] {logging_mixin.py:190} INFO - [2025-02-04T16:23:58.801+0000] {dag.py:3239} INFO - Sync 1 DAGs
[2025-02-04T16:23:58.816+0000] {logging_mixin.py:190} INFO - [2025-02-04T16:23:58.815+0000] {dag.py:4180} INFO - Setting next_dagrun for tutorial_dag to None, run_after=None
[2025-02-04T16:23:58.840+0000] {processor.py:208} INFO - Processing /home/airflow/.local/lib/python3.9/site-packages/airflow/example_dags/tutorial_dag.py took 0.077 seconds
[2025-02-04T16:24:29.572+0000] {processor.py:186} INFO - Started process (PID=290) to work on /home/airflow/.local/lib/python3.9/site-packages/airflow/example_dags/tutorial_dag.py
[2025-02-04T16:24:29.573+0000] {processor.py:914} INFO - Processing file /home/airflow/.local/lib/python3.9/site-packages/airflow/example_dags/tutorial_dag.py for tasks to queue
[2025-02-04T16:24:29.576+0000] {logging_mixin.py:190} INFO - [2025-02-04T16:24:29.575+0000] {dagbag.py:588} INFO - Filling up the DagBag from /home/airflow/.local/lib/python3.9/site-packages/airflow/example_dags/tutorial_dag.py
[2025-02-04T16:24:29.586+0000] {processor.py:925} INFO - DAG(s) 'tutorial_dag' retrieved from /home/airflow/.local/lib/python3.9/site-packages/airflow/example_dags/tutorial_dag.py
[2025-02-04T16:24:29.613+0000] {logging_mixin.py:190} INFO - [2025-02-04T16:24:29.612+0000] {dag.py:3239} INFO - Sync 1 DAGs
[2025-02-04T16:24:29.629+0000] {logging_mixin.py:190} INFO - [2025-02-04T16:24:29.628+0000] {dag.py:4180} INFO - Setting next_dagrun for tutorial_dag to None, run_after=None
[2025-02-04T16:24:29.654+0000] {processor.py:208} INFO - Processing /home/airflow/.local/lib/python3.9/site-packages/airflow/example_dags/tutorial_dag.py took 0.090 seconds
[2025-02-04T16:25:00.339+0000] {processor.py:186} INFO - Started process (PID=354) to work on /home/airflow/.local/lib/python3.9/site-packages/airflow/example_dags/tutorial_dag.py
[2025-02-04T16:25:00.341+0000] {processor.py:914} INFO - Processing file /home/airflow/.local/lib/python3.9/site-packages/airflow/example_dags/tutorial_dag.py for tasks to queue
[2025-02-04T16:25:00.344+0000] {logging_mixin.py:190} INFO - [2025-02-04T16:25:00.343+0000] {dagbag.py:588} INFO - Filling up the DagBag from /home/airflow/.local/lib/python3.9/site-packages/airflow/example_dags/tutorial_dag.py
[2025-02-04T16:25:00.354+0000] {processor.py:925} INFO - DAG(s) 'tutorial_dag' retrieved from /home/airflow/.local/lib/python3.9/site-packages/airflow/example_dags/tutorial_dag.py
[2025-02-04T16:25:00.377+0000] {logging_mixin.py:190} INFO - [2025-02-04T16:25:00.377+0000] {dag.py:3239} INFO - Sync 1 DAGs
[2025-02-04T16:25:00.392+0000] {logging_mixin.py:190} INFO - [2025-02-04T16:25:00.392+0000] {dag.py:4180} INFO - Setting next_dagrun for tutorial_dag to None, run_after=None
[2025-02-04T16:25:00.420+0000] {processor.py:208} INFO - Processing /home/airflow/.local/lib/python3.9/site-packages/airflow/example_dags/tutorial_dag.py took 0.087 seconds
[2025-02-04T16:25:31.536+0000] {processor.py:186} INFO - Started process (PID=418) to work on /home/airflow/.local/lib/python3.9/site-packages/airflow/example_dags/tutorial_dag.py
[2025-02-04T16:25:31.538+0000] {processor.py:914} INFO - Processing file /home/airflow/.local/lib/python3.9/site-packages/airflow/example_dags/tutorial_dag.py for tasks to queue
[2025-02-04T16:25:31.541+0000] {logging_mixin.py:190} INFO - [2025-02-04T16:25:31.540+0000] {dagbag.py:588} INFO - Filling up the DagBag from /home/airflow/.local/lib/python3.9/site-packages/airflow/example_dags/tutorial_dag.py
[2025-02-04T16:25:31.553+0000] {processor.py:925} INFO - DAG(s) 'tutorial_dag' retrieved from /home/airflow/.local/lib/python3.9/site-packages/airflow/example_dags/tutorial_dag.py
[2025-02-04T16:25:31.579+0000] {logging_mixin.py:190} INFO - [2025-02-04T16:25:31.579+0000] {dag.py:3239} INFO - Sync 1 DAGs
[2025-02-04T16:25:31.596+0000] {logging_mixin.py:190} INFO - [2025-02-04T16:25:31.596+0000] {dag.py:4180} INFO - Setting next_dagrun for tutorial_dag to None, run_after=None
[2025-02-04T16:25:31.624+0000] {processor.py:208} INFO - Processing /home/airflow/.local/lib/python3.9/site-packages/airflow/example_dags/tutorial_dag.py took 0.097 seconds
[2025-02-04T16:26:02.291+0000] {processor.py:186} INFO - Started process (PID=482) to work on /home/airflow/.local/lib/python3.9/site-packages/airflow/example_dags/tutorial_dag.py
[2025-02-04T16:26:02.293+0000] {processor.py:914} INFO - Processing file /home/airflow/.local/lib/python3.9/site-packages/airflow/example_dags/tutorial_dag.py for tasks to queue
[2025-02-04T16:26:02.296+0000] {logging_mixin.py:190} INFO - [2025-02-04T16:26:02.296+0000] {dagbag.py:588} INFO - Filling up the DagBag from /home/airflow/.local/lib/python3.9/site-packages/airflow/example_dags/tutorial_dag.py
[2025-02-04T16:26:02.305+0000] {processor.py:925} INFO - DAG(s) 'tutorial_dag' retrieved from /home/airflow/.local/lib/python3.9/site-packages/airflow/example_dags/tutorial_dag.py
[2025-02-04T16:26:02.326+0000] {logging_mixin.py:190} INFO - [2025-02-04T16:26:02.326+0000] {dag.py:3239} INFO - Sync 1 DAGs
[2025-02-04T16:26:02.340+0000] {logging_mixin.py:190} INFO - [2025-02-04T16:26:02.339+0000] {dag.py:4180} INFO - Setting next_dagrun for tutorial_dag to None, run_after=None
[2025-02-04T16:26:02.366+0000] {processor.py:208} INFO - Processing /home/airflow/.local/lib/python3.9/site-packages/airflow/example_dags/tutorial_dag.py took 0.082 seconds
[2025-02-04T16:26:33.075+0000] {processor.py:186} INFO - Started process (PID=546) to work on /home/airflow/.local/lib/python3.9/site-packages/airflow/example_dags/tutorial_dag.py
[2025-02-04T16:26:33.076+0000] {processor.py:914} INFO - Processing file /home/airflow/.local/lib/python3.9/site-packages/airflow/example_dags/tutorial_dag.py for tasks to queue
[2025-02-04T16:26:33.079+0000] {logging_mixin.py:190} INFO - [2025-02-04T16:26:33.079+0000] {dagbag.py:588} INFO - Filling up the DagBag from /home/airflow/.local/lib/python3.9/site-packages/airflow/example_dags/tutorial_dag.py
[2025-02-04T16:26:33.087+0000] {processor.py:925} INFO - DAG(s) 'tutorial_dag' retrieved from /home/airflow/.local/lib/python3.9/site-packages/airflow/example_dags/tutorial_dag.py
[2025-02-04T16:26:33.109+0000] {logging_mixin.py:190} INFO - [2025-02-04T16:26:33.109+0000] {dag.py:3239} INFO - Sync 1 DAGs
[2025-02-04T16:26:33.124+0000] {logging_mixin.py:190} INFO - [2025-02-04T16:26:33.124+0000] {dag.py:4180} INFO - Setting next_dagrun for tutorial_dag to None, run_after=None
[2025-02-04T16:26:33.151+0000] {processor.py:208} INFO - Processing /home/airflow/.local/lib/python3.9/site-packages/airflow/example_dags/tutorial_dag.py took 0.083 seconds
[2025-02-04T16:27:04.152+0000] {processor.py:186} INFO - Started process (PID=617) to work on /home/airflow/.local/lib/python3.9/site-packages/airflow/example_dags/tutorial_dag.py
[2025-02-04T16:27:04.153+0000] {processor.py:914} INFO - Processing file /home/airflow/.local/lib/python3.9/site-packages/airflow/example_dags/tutorial_dag.py for tasks to queue
[2025-02-04T16:27:04.156+0000] {logging_mixin.py:190} INFO - [2025-02-04T16:27:04.156+0000] {dagbag.py:588} INFO - Filling up the DagBag from /home/airflow/.local/lib/python3.9/site-packages/airflow/example_dags/tutorial_dag.py
[2025-02-04T16:27:04.166+0000] {processor.py:925} INFO - DAG(s) 'tutorial_dag' retrieved from /home/airflow/.local/lib/python3.9/site-packages/airflow/example_dags/tutorial_dag.py
[2025-02-04T16:27:04.188+0000] {logging_mixin.py:190} INFO - [2025-02-04T16:27:04.188+0000] {dag.py:3239} INFO - Sync 1 DAGs
[2025-02-04T16:27:04.203+0000] {logging_mixin.py:190} INFO - [2025-02-04T16:27:04.202+0000] {dag.py:4180} INFO - Setting next_dagrun for tutorial_dag to None, run_after=None
[2025-02-04T16:27:04.232+0000] {processor.py:208} INFO - Processing /home/airflow/.local/lib/python3.9/site-packages/airflow/example_dags/tutorial_dag.py took 0.087 seconds
[2025-02-04T16:27:34.970+0000] {processor.py:186} INFO - Started process (PID=681) to work on /home/airflow/.local/lib/python3.9/site-packages/airflow/example_dags/tutorial_dag.py
[2025-02-04T16:27:34.972+0000] {processor.py:914} INFO - Processing file /home/airflow/.local/lib/python3.9/site-packages/airflow/example_dags/tutorial_dag.py for tasks to queue
[2025-02-04T16:27:34.975+0000] {logging_mixin.py:190} INFO - [2025-02-04T16:27:34.975+0000] {dagbag.py:588} INFO - Filling up the DagBag from /home/airflow/.local/lib/python3.9/site-packages/airflow/example_dags/tutorial_dag.py
[2025-02-04T16:27:34.985+0000] {processor.py:925} INFO - DAG(s) 'tutorial_dag' retrieved from /home/airflow/.local/lib/python3.9/site-packages/airflow/example_dags/tutorial_dag.py
[2025-02-04T16:27:35.010+0000] {logging_mixin.py:190} INFO - [2025-02-04T16:27:35.009+0000] {dag.py:3239} INFO - Sync 1 DAGs
[2025-02-04T16:27:35.026+0000] {logging_mixin.py:190} INFO - [2025-02-04T16:27:35.026+0000] {dag.py:4180} INFO - Setting next_dagrun for tutorial_dag to None, run_after=None
[2025-02-04T16:27:35.055+0000] {processor.py:208} INFO - Processing /home/airflow/.local/lib/python3.9/site-packages/airflow/example_dags/tutorial_dag.py took 0.095 seconds
[2025-02-04T16:28:05.950+0000] {processor.py:186} INFO - Started process (PID=745) to work on /home/airflow/.local/lib/python3.9/site-packages/airflow/example_dags/tutorial_dag.py
[2025-02-04T16:28:05.951+0000] {processor.py:914} INFO - Processing file /home/airflow/.local/lib/python3.9/site-packages/airflow/example_dags/tutorial_dag.py for tasks to queue
[2025-02-04T16:28:05.954+0000] {logging_mixin.py:190} INFO - [2025-02-04T16:28:05.954+0000] {dagbag.py:588} INFO - Filling up the DagBag from /home/airflow/.local/lib/python3.9/site-packages/airflow/example_dags/tutorial_dag.py
[2025-02-04T16:28:05.963+0000] {processor.py:925} INFO - DAG(s) 'tutorial_dag' retrieved from /home/airflow/.local/lib/python3.9/site-packages/airflow/example_dags/tutorial_dag.py
[2025-02-04T16:28:05.991+0000] {logging_mixin.py:190} INFO - [2025-02-04T16:28:05.990+0000] {dag.py:3239} INFO - Sync 1 DAGs
[2025-02-04T16:28:06.012+0000] {logging_mixin.py:190} INFO - [2025-02-04T16:28:06.012+0000] {dag.py:4180} INFO - Setting next_dagrun for tutorial_dag to None, run_after=None
[2025-02-04T16:28:06.042+0000] {processor.py:208} INFO - Processing /home/airflow/.local/lib/python3.9/site-packages/airflow/example_dags/tutorial_dag.py took 0.100 seconds
[2025-02-04T16:28:36.399+0000] {processor.py:186} INFO - Started process (PID=809) to work on /home/airflow/.local/lib/python3.9/site-packages/airflow/example_dags/tutorial_dag.py
[2025-02-04T16:28:36.401+0000] {processor.py:914} INFO - Processing file /home/airflow/.local/lib/python3.9/site-packages/airflow/example_dags/tutorial_dag.py for tasks to queue
[2025-02-04T16:28:36.404+0000] {logging_mixin.py:190} INFO - [2025-02-04T16:28:36.404+0000] {dagbag.py:588} INFO - Filling up the DagBag from /home/airflow/.local/lib/python3.9/site-packages/airflow/example_dags/tutorial_dag.py
[2025-02-04T16:28:36.412+0000] {processor.py:925} INFO - DAG(s) 'tutorial_dag' retrieved from /home/airflow/.local/lib/python3.9/site-packages/airflow/example_dags/tutorial_dag.py
[2025-02-04T16:28:36.436+0000] {logging_mixin.py:190} INFO - [2025-02-04T16:28:36.435+0000] {dag.py:3239} INFO - Sync 1 DAGs
[2025-02-04T16:28:36.451+0000] {logging_mixin.py:190} INFO - [2025-02-04T16:28:36.450+0000] {dag.py:4180} INFO - Setting next_dagrun for tutorial_dag to None, run_after=None
[2025-02-04T16:28:36.479+0000] {processor.py:208} INFO - Processing /home/airflow/.local/lib/python3.9/site-packages/airflow/example_dags/tutorial_dag.py took 0.087 seconds
[2025-02-04T16:29:07.251+0000] {processor.py:186} INFO - Started process (PID=873) to work on /home/airflow/.local/lib/python3.9/site-packages/airflow/example_dags/tutorial_dag.py
[2025-02-04T16:29:07.253+0000] {processor.py:914} INFO - Processing file /home/airflow/.local/lib/python3.9/site-packages/airflow/example_dags/tutorial_dag.py for tasks to queue
[2025-02-04T16:29:07.255+0000] {logging_mixin.py:190} INFO - [2025-02-04T16:29:07.255+0000] {dagbag.py:588} INFO - Filling up the DagBag from /home/airflow/.local/lib/python3.9/site-packages/airflow/example_dags/tutorial_dag.py
[2025-02-04T16:29:07.263+0000] {processor.py:925} INFO - DAG(s) 'tutorial_dag' retrieved from /home/airflow/.local/lib/python3.9/site-packages/airflow/example_dags/tutorial_dag.py
[2025-02-04T16:29:07.286+0000] {logging_mixin.py:190} INFO - [2025-02-04T16:29:07.286+0000] {dag.py:3239} INFO - Sync 1 DAGs
[2025-02-04T16:29:07.301+0000] {logging_mixin.py:190} INFO - [2025-02-04T16:29:07.301+0000] {dag.py:4180} INFO - Setting next_dagrun for tutorial_dag to None, run_after=None
[2025-02-04T16:29:07.328+0000] {processor.py:208} INFO - Processing /home/airflow/.local/lib/python3.9/site-packages/airflow/example_dags/tutorial_dag.py took 0.084 seconds
[2025-02-04T16:29:37.462+0000] {processor.py:186} INFO - Started process (PID=937) to work on /home/airflow/.local/lib/python3.9/site-packages/airflow/example_dags/tutorial_dag.py
[2025-02-04T16:29:37.463+0000] {processor.py:914} INFO - Processing file /home/airflow/.local/lib/python3.9/site-packages/airflow/example_dags/tutorial_dag.py for tasks to queue
[2025-02-04T16:29:37.466+0000] {logging_mixin.py:190} INFO - [2025-02-04T16:29:37.465+0000] {dagbag.py:588} INFO - Filling up the DagBag from /home/airflow/.local/lib/python3.9/site-packages/airflow/example_dags/tutorial_dag.py
[2025-02-04T16:29:37.474+0000] {processor.py:925} INFO - DAG(s) 'tutorial_dag' retrieved from /home/airflow/.local/lib/python3.9/site-packages/airflow/example_dags/tutorial_dag.py
[2025-02-04T16:29:37.498+0000] {logging_mixin.py:190} INFO - [2025-02-04T16:29:37.497+0000] {dag.py:3239} INFO - Sync 1 DAGs
[2025-02-04T16:29:37.515+0000] {logging_mixin.py:190} INFO - [2025-02-04T16:29:37.515+0000] {dag.py:4180} INFO - Setting next_dagrun for tutorial_dag to None, run_after=None
[2025-02-04T16:29:37.544+0000] {processor.py:208} INFO - Processing /home/airflow/.local/lib/python3.9/site-packages/airflow/example_dags/tutorial_dag.py took 0.089 seconds
[2025-02-04T16:30:07.950+0000] {processor.py:186} INFO - Started process (PID=1001) to work on /home/airflow/.local/lib/python3.9/site-packages/airflow/example_dags/tutorial_dag.py
[2025-02-04T16:30:07.951+0000] {processor.py:914} INFO - Processing file /home/airflow/.local/lib/python3.9/site-packages/airflow/example_dags/tutorial_dag.py for tasks to queue
[2025-02-04T16:30:07.955+0000] {logging_mixin.py:190} INFO - [2025-02-04T16:30:07.954+0000] {dagbag.py:588} INFO - Filling up the DagBag from /home/airflow/.local/lib/python3.9/site-packages/airflow/example_dags/tutorial_dag.py
[2025-02-04T16:30:07.964+0000] {processor.py:925} INFO - DAG(s) 'tutorial_dag' retrieved from /home/airflow/.local/lib/python3.9/site-packages/airflow/example_dags/tutorial_dag.py
[2025-02-04T16:30:07.987+0000] {logging_mixin.py:190} INFO - [2025-02-04T16:30:07.986+0000] {dag.py:3239} INFO - Sync 1 DAGs
[2025-02-04T16:30:08.006+0000] {logging_mixin.py:190} INFO - [2025-02-04T16:30:08.005+0000] {dag.py:4180} INFO - Setting next_dagrun for tutorial_dag to None, run_after=None
[2025-02-04T16:30:08.036+0000] {processor.py:208} INFO - Processing /home/airflow/.local/lib/python3.9/site-packages/airflow/example_dags/tutorial_dag.py took 0.093 seconds
[2025-02-04T16:30:38.634+0000] {processor.py:186} INFO - Started process (PID=1065) to work on /home/airflow/.local/lib/python3.9/site-packages/airflow/example_dags/tutorial_dag.py
[2025-02-04T16:30:38.636+0000] {processor.py:914} INFO - Processing file /home/airflow/.local/lib/python3.9/site-packages/airflow/example_dags/tutorial_dag.py for tasks to queue
[2025-02-04T16:30:38.640+0000] {logging_mixin.py:190} INFO - [2025-02-04T16:30:38.639+0000] {dagbag.py:588} INFO - Filling up the DagBag from /home/airflow/.local/lib/python3.9/site-packages/airflow/example_dags/tutorial_dag.py
[2025-02-04T16:30:38.661+0000] {processor.py:925} INFO - DAG(s) 'tutorial_dag' retrieved from /home/airflow/.local/lib/python3.9/site-packages/airflow/example_dags/tutorial_dag.py
[2025-02-04T16:30:38.696+0000] {logging_mixin.py:190} INFO - [2025-02-04T16:30:38.695+0000] {dag.py:3239} INFO - Sync 1 DAGs
[2025-02-04T16:30:38.716+0000] {logging_mixin.py:190} INFO - [2025-02-04T16:30:38.716+0000] {dag.py:4180} INFO - Setting next_dagrun for tutorial_dag to None, run_after=None
[2025-02-04T16:30:38.741+0000] {processor.py:208} INFO - Processing /home/airflow/.local/lib/python3.9/site-packages/airflow/example_dags/tutorial_dag.py took 0.117 seconds
[2025-02-04T16:31:09.252+0000] {processor.py:186} INFO - Started process (PID=1129) to work on /home/airflow/.local/lib/python3.9/site-packages/airflow/example_dags/tutorial_dag.py
[2025-02-04T16:31:09.253+0000] {processor.py:914} INFO - Processing file /home/airflow/.local/lib/python3.9/site-packages/airflow/example_dags/tutorial_dag.py for tasks to queue
[2025-02-04T16:31:09.257+0000] {logging_mixin.py:190} INFO - [2025-02-04T16:31:09.256+0000] {dagbag.py:588} INFO - Filling up the DagBag from /home/airflow/.local/lib/python3.9/site-packages/airflow/example_dags/tutorial_dag.py
[2025-02-04T16:31:09.267+0000] {processor.py:925} INFO - DAG(s) 'tutorial_dag' retrieved from /home/airflow/.local/lib/python3.9/site-packages/airflow/example_dags/tutorial_dag.py
[2025-02-04T16:31:09.292+0000] {logging_mixin.py:190} INFO - [2025-02-04T16:31:09.291+0000] {dag.py:3239} INFO - Sync 1 DAGs
[2025-02-04T16:31:09.308+0000] {logging_mixin.py:190} INFO - [2025-02-04T16:31:09.307+0000] {dag.py:4180} INFO - Setting next_dagrun for tutorial_dag to None, run_after=None
[2025-02-04T16:31:09.342+0000] {processor.py:208} INFO - Processing /home/airflow/.local/lib/python3.9/site-packages/airflow/example_dags/tutorial_dag.py took 0.100 seconds
[2025-02-04T16:31:39.507+0000] {processor.py:186} INFO - Started process (PID=1193) to work on /home/airflow/.local/lib/python3.9/site-packages/airflow/example_dags/tutorial_dag.py
[2025-02-04T16:31:39.508+0000] {processor.py:914} INFO - Processing file /home/airflow/.local/lib/python3.9/site-packages/airflow/example_dags/tutorial_dag.py for tasks to queue
[2025-02-04T16:31:39.511+0000] {logging_mixin.py:190} INFO - [2025-02-04T16:31:39.511+0000] {dagbag.py:588} INFO - Filling up the DagBag from /home/airflow/.local/lib/python3.9/site-packages/airflow/example_dags/tutorial_dag.py
[2025-02-04T16:31:39.520+0000] {processor.py:925} INFO - DAG(s) 'tutorial_dag' retrieved from /home/airflow/.local/lib/python3.9/site-packages/airflow/example_dags/tutorial_dag.py
[2025-02-04T16:31:39.542+0000] {logging_mixin.py:190} INFO - [2025-02-04T16:31:39.542+0000] {dag.py:3239} INFO - Sync 1 DAGs
[2025-02-04T16:31:39.559+0000] {logging_mixin.py:190} INFO - [2025-02-04T16:31:39.559+0000] {dag.py:4180} INFO - Setting next_dagrun for tutorial_dag to None, run_after=None
[2025-02-04T16:31:39.588+0000] {processor.py:208} INFO - Processing /home/airflow/.local/lib/python3.9/site-packages/airflow/example_dags/tutorial_dag.py took 0.088 seconds
[2025-02-04T16:32:09.797+0000] {processor.py:186} INFO - Started process (PID=1257) to work on /home/airflow/.local/lib/python3.9/site-packages/airflow/example_dags/tutorial_dag.py
[2025-02-04T16:32:09.799+0000] {processor.py:914} INFO - Processing file /home/airflow/.local/lib/python3.9/site-packages/airflow/example_dags/tutorial_dag.py for tasks to queue
[2025-02-04T16:32:09.802+0000] {logging_mixin.py:190} INFO - [2025-02-04T16:32:09.802+0000] {dagbag.py:588} INFO - Filling up the DagBag from /home/airflow/.local/lib/python3.9/site-packages/airflow/example_dags/tutorial_dag.py
[2025-02-04T16:32:09.811+0000] {processor.py:925} INFO - DAG(s) 'tutorial_dag' retrieved from /home/airflow/.local/lib/python3.9/site-packages/airflow/example_dags/tutorial_dag.py
[2025-02-04T16:32:09.836+0000] {logging_mixin.py:190} INFO - [2025-02-04T16:32:09.836+0000] {dag.py:3239} INFO - Sync 1 DAGs
[2025-02-04T16:32:09.853+0000] {logging_mixin.py:190} INFO - [2025-02-04T16:32:09.853+0000] {dag.py:4180} INFO - Setting next_dagrun for tutorial_dag to None, run_after=None
[2025-02-04T16:32:09.881+0000] {processor.py:208} INFO - Processing /home/airflow/.local/lib/python3.9/site-packages/airflow/example_dags/tutorial_dag.py took 0.091 seconds
[2025-02-04T16:32:40.050+0000] {processor.py:186} INFO - Started process (PID=1328) to work on /home/airflow/.local/lib/python3.9/site-packages/airflow/example_dags/tutorial_dag.py
[2025-02-04T16:32:40.052+0000] {processor.py:914} INFO - Processing file /home/airflow/.local/lib/python3.9/site-packages/airflow/example_dags/tutorial_dag.py for tasks to queue
[2025-02-04T16:32:40.054+0000] {logging_mixin.py:190} INFO - [2025-02-04T16:32:40.054+0000] {dagbag.py:588} INFO - Filling up the DagBag from /home/airflow/.local/lib/python3.9/site-packages/airflow/example_dags/tutorial_dag.py
[2025-02-04T16:32:40.063+0000] {processor.py:925} INFO - DAG(s) 'tutorial_dag' retrieved from /home/airflow/.local/lib/python3.9/site-packages/airflow/example_dags/tutorial_dag.py
[2025-02-04T16:32:40.086+0000] {logging_mixin.py:190} INFO - [2025-02-04T16:32:40.086+0000] {dag.py:3239} INFO - Sync 1 DAGs
[2025-02-04T16:32:40.101+0000] {logging_mixin.py:190} INFO - [2025-02-04T16:32:40.100+0000] {dag.py:4180} INFO - Setting next_dagrun for tutorial_dag to None, run_after=None
[2025-02-04T16:32:40.127+0000] {processor.py:208} INFO - Processing /home/airflow/.local/lib/python3.9/site-packages/airflow/example_dags/tutorial_dag.py took 0.085 seconds
[2025-02-04T16:33:11.031+0000] {processor.py:186} INFO - Started process (PID=1393) to work on /home/airflow/.local/lib/python3.9/site-packages/airflow/example_dags/tutorial_dag.py
[2025-02-04T16:33:11.032+0000] {processor.py:914} INFO - Processing file /home/airflow/.local/lib/python3.9/site-packages/airflow/example_dags/tutorial_dag.py for tasks to queue
[2025-02-04T16:33:11.035+0000] {logging_mixin.py:190} INFO - [2025-02-04T16:33:11.035+0000] {dagbag.py:588} INFO - Filling up the DagBag from /home/airflow/.local/lib/python3.9/site-packages/airflow/example_dags/tutorial_dag.py
[2025-02-04T16:33:11.044+0000] {processor.py:925} INFO - DAG(s) 'tutorial_dag' retrieved from /home/airflow/.local/lib/python3.9/site-packages/airflow/example_dags/tutorial_dag.py
[2025-02-04T16:33:11.068+0000] {logging_mixin.py:190} INFO - [2025-02-04T16:33:11.067+0000] {dag.py:3239} INFO - Sync 1 DAGs
[2025-02-04T16:33:11.083+0000] {logging_mixin.py:190} INFO - [2025-02-04T16:33:11.083+0000] {dag.py:4180} INFO - Setting next_dagrun for tutorial_dag to None, run_after=None
[2025-02-04T16:33:11.111+0000] {processor.py:208} INFO - Processing /home/airflow/.local/lib/python3.9/site-packages/airflow/example_dags/tutorial_dag.py took 0.088 seconds
[2025-02-04T16:33:41.773+0000] {processor.py:186} INFO - Started process (PID=1457) to work on /home/airflow/.local/lib/python3.9/site-packages/airflow/example_dags/tutorial_dag.py
[2025-02-04T16:33:41.774+0000] {processor.py:914} INFO - Processing file /home/airflow/.local/lib/python3.9/site-packages/airflow/example_dags/tutorial_dag.py for tasks to queue
[2025-02-04T16:33:41.777+0000] {logging_mixin.py:190} INFO - [2025-02-04T16:33:41.777+0000] {dagbag.py:588} INFO - Filling up the DagBag from /home/airflow/.local/lib/python3.9/site-packages/airflow/example_dags/tutorial_dag.py
[2025-02-04T16:33:41.785+0000] {processor.py:925} INFO - DAG(s) 'tutorial_dag' retrieved from /home/airflow/.local/lib/python3.9/site-packages/airflow/example_dags/tutorial_dag.py
[2025-02-04T16:33:41.807+0000] {logging_mixin.py:190} INFO - [2025-02-04T16:33:41.807+0000] {dag.py:3239} INFO - Sync 1 DAGs
[2025-02-04T16:33:41.821+0000] {logging_mixin.py:190} INFO - [2025-02-04T16:33:41.821+0000] {dag.py:4180} INFO - Setting next_dagrun for tutorial_dag to None, run_after=None
[2025-02-04T16:33:41.849+0000] {processor.py:208} INFO - Processing /home/airflow/.local/lib/python3.9/site-packages/airflow/example_dags/tutorial_dag.py took 0.082 seconds
[2025-02-04T16:34:12.769+0000] {processor.py:186} INFO - Started process (PID=1521) to work on /home/airflow/.local/lib/python3.9/site-packages/airflow/example_dags/tutorial_dag.py
[2025-02-04T16:34:12.770+0000] {processor.py:914} INFO - Processing file /home/airflow/.local/lib/python3.9/site-packages/airflow/example_dags/tutorial_dag.py for tasks to queue
[2025-02-04T16:34:12.773+0000] {logging_mixin.py:190} INFO - [2025-02-04T16:34:12.773+0000] {dagbag.py:588} INFO - Filling up the DagBag from /home/airflow/.local/lib/python3.9/site-packages/airflow/example_dags/tutorial_dag.py
[2025-02-04T16:34:12.782+0000] {processor.py:925} INFO - DAG(s) 'tutorial_dag' retrieved from /home/airflow/.local/lib/python3.9/site-packages/airflow/example_dags/tutorial_dag.py
[2025-02-04T16:34:12.805+0000] {logging_mixin.py:190} INFO - [2025-02-04T16:34:12.805+0000] {dag.py:3239} INFO - Sync 1 DAGs
[2025-02-04T16:34:12.819+0000] {logging_mixin.py:190} INFO - [2025-02-04T16:34:12.819+0000] {dag.py:4180} INFO - Setting next_dagrun for tutorial_dag to None, run_after=None
[2025-02-04T16:34:12.846+0000] {processor.py:208} INFO - Processing /home/airflow/.local/lib/python3.9/site-packages/airflow/example_dags/tutorial_dag.py took 0.084 seconds
[2025-02-04T16:34:46.223+0000] {processor.py:186} INFO - Started process (PID=1585) to work on /home/airflow/.local/lib/python3.9/site-packages/airflow/example_dags/tutorial_dag.py
[2025-02-04T16:34:46.224+0000] {processor.py:914} INFO - Processing file /home/airflow/.local/lib/python3.9/site-packages/airflow/example_dags/tutorial_dag.py for tasks to queue
[2025-02-04T16:34:46.227+0000] {logging_mixin.py:190} INFO - [2025-02-04T16:34:46.227+0000] {dagbag.py:588} INFO - Filling up the DagBag from /home/airflow/.local/lib/python3.9/site-packages/airflow/example_dags/tutorial_dag.py
[2025-02-04T16:34:46.237+0000] {processor.py:925} INFO - DAG(s) 'tutorial_dag' retrieved from /home/airflow/.local/lib/python3.9/site-packages/airflow/example_dags/tutorial_dag.py
[2025-02-04T16:34:46.263+0000] {logging_mixin.py:190} INFO - [2025-02-04T16:34:46.262+0000] {dag.py:3239} INFO - Sync 1 DAGs
[2025-02-04T16:34:46.280+0000] {logging_mixin.py:190} INFO - [2025-02-04T16:34:46.279+0000] {dag.py:4180} INFO - Setting next_dagrun for tutorial_dag to None, run_after=None
[2025-02-04T16:34:46.311+0000] {processor.py:208} INFO - Processing /home/airflow/.local/lib/python3.9/site-packages/airflow/example_dags/tutorial_dag.py took 0.095 seconds
[2025-02-04T16:35:17.118+0000] {processor.py:186} INFO - Started process (PID=1649) to work on /home/airflow/.local/lib/python3.9/site-packages/airflow/example_dags/tutorial_dag.py
[2025-02-04T16:35:17.119+0000] {processor.py:914} INFO - Processing file /home/airflow/.local/lib/python3.9/site-packages/airflow/example_dags/tutorial_dag.py for tasks to queue
[2025-02-04T16:35:17.121+0000] {logging_mixin.py:190} INFO - [2025-02-04T16:35:17.121+0000] {dagbag.py:588} INFO - Filling up the DagBag from /home/airflow/.local/lib/python3.9/site-packages/airflow/example_dags/tutorial_dag.py
[2025-02-04T16:35:17.130+0000] {processor.py:925} INFO - DAG(s) 'tutorial_dag' retrieved from /home/airflow/.local/lib/python3.9/site-packages/airflow/example_dags/tutorial_dag.py
[2025-02-04T16:35:17.154+0000] {logging_mixin.py:190} INFO - [2025-02-04T16:35:17.154+0000] {dag.py:3239} INFO - Sync 1 DAGs
[2025-02-04T16:35:17.168+0000] {logging_mixin.py:190} INFO - [2025-02-04T16:35:17.168+0000] {dag.py:4180} INFO - Setting next_dagrun for tutorial_dag to None, run_after=None
[2025-02-04T16:35:17.196+0000] {processor.py:208} INFO - Processing /home/airflow/.local/lib/python3.9/site-packages/airflow/example_dags/tutorial_dag.py took 0.085 seconds
[2025-02-04T16:35:48.344+0000] {processor.py:186} INFO - Started process (PID=1713) to work on /home/airflow/.local/lib/python3.9/site-packages/airflow/example_dags/tutorial_dag.py
[2025-02-04T16:35:48.346+0000] {processor.py:914} INFO - Processing file /home/airflow/.local/lib/python3.9/site-packages/airflow/example_dags/tutorial_dag.py for tasks to queue
[2025-02-04T16:35:48.349+0000] {logging_mixin.py:190} INFO - [2025-02-04T16:35:48.349+0000] {dagbag.py:588} INFO - Filling up the DagBag from /home/airflow/.local/lib/python3.9/site-packages/airflow/example_dags/tutorial_dag.py
[2025-02-04T16:35:48.358+0000] {processor.py:925} INFO - DAG(s) 'tutorial_dag' retrieved from /home/airflow/.local/lib/python3.9/site-packages/airflow/example_dags/tutorial_dag.py
[2025-02-04T16:35:48.383+0000] {logging_mixin.py:190} INFO - [2025-02-04T16:35:48.383+0000] {dag.py:3239} INFO - Sync 1 DAGs
[2025-02-04T16:35:48.399+0000] {logging_mixin.py:190} INFO - [2025-02-04T16:35:48.398+0000] {dag.py:4180} INFO - Setting next_dagrun for tutorial_dag to None, run_after=None
[2025-02-04T16:35:48.426+0000] {processor.py:208} INFO - Processing /home/airflow/.local/lib/python3.9/site-packages/airflow/example_dags/tutorial_dag.py took 0.220 seconds
[2025-02-04T16:36:18.533+0000] {processor.py:186} INFO - Started process (PID=1780) to work on /home/airflow/.local/lib/python3.9/site-packages/airflow/example_dags/tutorial_dag.py
[2025-02-04T16:36:18.535+0000] {processor.py:914} INFO - Processing file /home/airflow/.local/lib/python3.9/site-packages/airflow/example_dags/tutorial_dag.py for tasks to queue
[2025-02-04T16:36:18.537+0000] {logging_mixin.py:190} INFO - [2025-02-04T16:36:18.537+0000] {dagbag.py:588} INFO - Filling up the DagBag from /home/airflow/.local/lib/python3.9/site-packages/airflow/example_dags/tutorial_dag.py
[2025-02-04T16:36:18.545+0000] {processor.py:925} INFO - DAG(s) 'tutorial_dag' retrieved from /home/airflow/.local/lib/python3.9/site-packages/airflow/example_dags/tutorial_dag.py
[2025-02-04T16:36:18.572+0000] {logging_mixin.py:190} INFO - [2025-02-04T16:36:18.571+0000] {dag.py:3239} INFO - Sync 1 DAGs
[2025-02-04T16:36:18.586+0000] {logging_mixin.py:190} INFO - [2025-02-04T16:36:18.586+0000] {dag.py:4180} INFO - Setting next_dagrun for tutorial_dag to None, run_after=None
[2025-02-04T16:36:18.609+0000] {processor.py:208} INFO - Processing /home/airflow/.local/lib/python3.9/site-packages/airflow/example_dags/tutorial_dag.py took 0.081 seconds
[2025-02-04T16:36:48.993+0000] {processor.py:186} INFO - Started process (PID=1842) to work on /home/airflow/.local/lib/python3.9/site-packages/airflow/example_dags/tutorial_dag.py
[2025-02-04T16:36:48.994+0000] {processor.py:914} INFO - Processing file /home/airflow/.local/lib/python3.9/site-packages/airflow/example_dags/tutorial_dag.py for tasks to queue
[2025-02-04T16:36:48.997+0000] {logging_mixin.py:190} INFO - [2025-02-04T16:36:48.996+0000] {dagbag.py:588} INFO - Filling up the DagBag from /home/airflow/.local/lib/python3.9/site-packages/airflow/example_dags/tutorial_dag.py
[2025-02-04T16:36:49.007+0000] {processor.py:925} INFO - DAG(s) 'tutorial_dag' retrieved from /home/airflow/.local/lib/python3.9/site-packages/airflow/example_dags/tutorial_dag.py
[2025-02-04T16:36:49.028+0000] {logging_mixin.py:190} INFO - [2025-02-04T16:36:49.028+0000] {dag.py:3239} INFO - Sync 1 DAGs
[2025-02-04T16:36:49.043+0000] {logging_mixin.py:190} INFO - [2025-02-04T16:36:49.043+0000] {dag.py:4180} INFO - Setting next_dagrun for tutorial_dag to None, run_after=None
[2025-02-04T16:36:49.072+0000] {processor.py:208} INFO - Processing /home/airflow/.local/lib/python3.9/site-packages/airflow/example_dags/tutorial_dag.py took 0.086 seconds
[2025-02-04T16:39:24.268+0000] {processor.py:186} INFO - Started process (PID=1895) to work on /home/airflow/.local/lib/python3.9/site-packages/airflow/example_dags/tutorial_dag.py
[2025-02-04T16:39:24.269+0000] {processor.py:914} INFO - Processing file /home/airflow/.local/lib/python3.9/site-packages/airflow/example_dags/tutorial_dag.py for tasks to queue
[2025-02-04T16:39:24.271+0000] {logging_mixin.py:190} INFO - [2025-02-04T16:39:24.270+0000] {dagbag.py:588} INFO - Filling up the DagBag from /home/airflow/.local/lib/python3.9/site-packages/airflow/example_dags/tutorial_dag.py
[2025-02-04T16:39:24.280+0000] {processor.py:925} INFO - DAG(s) 'tutorial_dag' retrieved from /home/airflow/.local/lib/python3.9/site-packages/airflow/example_dags/tutorial_dag.py
[2025-02-04T16:39:24.300+0000] {logging_mixin.py:190} INFO - [2025-02-04T16:39:24.300+0000] {dag.py:3239} INFO - Sync 1 DAGs
[2025-02-04T16:39:24.316+0000] {logging_mixin.py:190} INFO - [2025-02-04T16:39:24.315+0000] {dag.py:4180} INFO - Setting next_dagrun for tutorial_dag to None, run_after=None
[2025-02-04T16:39:24.358+0000] {processor.py:208} INFO - Processing /home/airflow/.local/lib/python3.9/site-packages/airflow/example_dags/tutorial_dag.py took 0.098 seconds
[2025-02-04T16:39:55.434+0000] {processor.py:186} INFO - Started process (PID=1959) to work on /home/airflow/.local/lib/python3.9/site-packages/airflow/example_dags/tutorial_dag.py
[2025-02-04T16:39:55.436+0000] {processor.py:914} INFO - Processing file /home/airflow/.local/lib/python3.9/site-packages/airflow/example_dags/tutorial_dag.py for tasks to queue
[2025-02-04T16:39:55.437+0000] {logging_mixin.py:190} INFO - [2025-02-04T16:39:55.437+0000] {dagbag.py:588} INFO - Filling up the DagBag from /home/airflow/.local/lib/python3.9/site-packages/airflow/example_dags/tutorial_dag.py
[2025-02-04T16:39:55.445+0000] {processor.py:925} INFO - DAG(s) 'tutorial_dag' retrieved from /home/airflow/.local/lib/python3.9/site-packages/airflow/example_dags/tutorial_dag.py
[2025-02-04T16:39:55.463+0000] {logging_mixin.py:190} INFO - [2025-02-04T16:39:55.463+0000] {dag.py:3239} INFO - Sync 1 DAGs
[2025-02-04T16:39:55.478+0000] {logging_mixin.py:190} INFO - [2025-02-04T16:39:55.477+0000] {dag.py:4180} INFO - Setting next_dagrun for tutorial_dag to None, run_after=None
[2025-02-04T16:39:55.500+0000] {processor.py:208} INFO - Processing /home/airflow/.local/lib/python3.9/site-packages/airflow/example_dags/tutorial_dag.py took 0.072 seconds
[2025-02-04T16:40:26.449+0000] {processor.py:186} INFO - Started process (PID=2023) to work on /home/airflow/.local/lib/python3.9/site-packages/airflow/example_dags/tutorial_dag.py
[2025-02-04T16:40:26.451+0000] {processor.py:914} INFO - Processing file /home/airflow/.local/lib/python3.9/site-packages/airflow/example_dags/tutorial_dag.py for tasks to queue
[2025-02-04T16:40:26.452+0000] {logging_mixin.py:190} INFO - [2025-02-04T16:40:26.452+0000] {dagbag.py:588} INFO - Filling up the DagBag from /home/airflow/.local/lib/python3.9/site-packages/airflow/example_dags/tutorial_dag.py
[2025-02-04T16:40:26.461+0000] {processor.py:925} INFO - DAG(s) 'tutorial_dag' retrieved from /home/airflow/.local/lib/python3.9/site-packages/airflow/example_dags/tutorial_dag.py
[2025-02-04T16:40:26.485+0000] {logging_mixin.py:190} INFO - [2025-02-04T16:40:26.485+0000] {dag.py:3239} INFO - Sync 1 DAGs
[2025-02-04T16:40:26.501+0000] {logging_mixin.py:190} INFO - [2025-02-04T16:40:26.501+0000] {dag.py:4180} INFO - Setting next_dagrun for tutorial_dag to None, run_after=None
[2025-02-04T16:40:26.531+0000] {processor.py:208} INFO - Processing /home/airflow/.local/lib/python3.9/site-packages/airflow/example_dags/tutorial_dag.py took 0.089 seconds
[2025-02-04T16:40:57.460+0000] {processor.py:186} INFO - Started process (PID=2087) to work on /home/airflow/.local/lib/python3.9/site-packages/airflow/example_dags/tutorial_dag.py
[2025-02-04T16:40:57.461+0000] {processor.py:914} INFO - Processing file /home/airflow/.local/lib/python3.9/site-packages/airflow/example_dags/tutorial_dag.py for tasks to queue
[2025-02-04T16:40:57.463+0000] {logging_mixin.py:190} INFO - [2025-02-04T16:40:57.463+0000] {dagbag.py:588} INFO - Filling up the DagBag from /home/airflow/.local/lib/python3.9/site-packages/airflow/example_dags/tutorial_dag.py
[2025-02-04T16:40:57.472+0000] {processor.py:925} INFO - DAG(s) 'tutorial_dag' retrieved from /home/airflow/.local/lib/python3.9/site-packages/airflow/example_dags/tutorial_dag.py
[2025-02-04T16:40:57.493+0000] {logging_mixin.py:190} INFO - [2025-02-04T16:40:57.493+0000] {dag.py:3239} INFO - Sync 1 DAGs
[2025-02-04T16:40:57.507+0000] {logging_mixin.py:190} INFO - [2025-02-04T16:40:57.507+0000] {dag.py:4180} INFO - Setting next_dagrun for tutorial_dag to None, run_after=None
[2025-02-04T16:40:57.533+0000] {processor.py:208} INFO - Processing /home/airflow/.local/lib/python3.9/site-packages/airflow/example_dags/tutorial_dag.py took 0.079 seconds
[2025-02-04T16:41:28.351+0000] {processor.py:186} INFO - Started process (PID=2151) to work on /home/airflow/.local/lib/python3.9/site-packages/airflow/example_dags/tutorial_dag.py
[2025-02-04T16:41:28.352+0000] {processor.py:914} INFO - Processing file /home/airflow/.local/lib/python3.9/site-packages/airflow/example_dags/tutorial_dag.py for tasks to queue
[2025-02-04T16:41:28.354+0000] {logging_mixin.py:190} INFO - [2025-02-04T16:41:28.354+0000] {dagbag.py:588} INFO - Filling up the DagBag from /home/airflow/.local/lib/python3.9/site-packages/airflow/example_dags/tutorial_dag.py
[2025-02-04T16:41:28.362+0000] {processor.py:925} INFO - DAG(s) 'tutorial_dag' retrieved from /home/airflow/.local/lib/python3.9/site-packages/airflow/example_dags/tutorial_dag.py
[2025-02-04T16:41:28.384+0000] {logging_mixin.py:190} INFO - [2025-02-04T16:41:28.384+0000] {dag.py:3239} INFO - Sync 1 DAGs
[2025-02-04T16:41:28.400+0000] {logging_mixin.py:190} INFO - [2025-02-04T16:41:28.400+0000] {dag.py:4180} INFO - Setting next_dagrun for tutorial_dag to None, run_after=None
[2025-02-04T16:41:28.424+0000] {processor.py:208} INFO - Processing /home/airflow/.local/lib/python3.9/site-packages/airflow/example_dags/tutorial_dag.py took 0.079 seconds
[2025-02-04T16:41:58.703+0000] {processor.py:186} INFO - Started process (PID=2215) to work on /home/airflow/.local/lib/python3.9/site-packages/airflow/example_dags/tutorial_dag.py
[2025-02-04T16:41:58.704+0000] {processor.py:914} INFO - Processing file /home/airflow/.local/lib/python3.9/site-packages/airflow/example_dags/tutorial_dag.py for tasks to queue
[2025-02-04T16:41:58.706+0000] {logging_mixin.py:190} INFO - [2025-02-04T16:41:58.706+0000] {dagbag.py:588} INFO - Filling up the DagBag from /home/airflow/.local/lib/python3.9/site-packages/airflow/example_dags/tutorial_dag.py
[2025-02-04T16:41:58.715+0000] {processor.py:925} INFO - DAG(s) 'tutorial_dag' retrieved from /home/airflow/.local/lib/python3.9/site-packages/airflow/example_dags/tutorial_dag.py
[2025-02-04T16:41:58.740+0000] {logging_mixin.py:190} INFO - [2025-02-04T16:41:58.739+0000] {dag.py:3239} INFO - Sync 1 DAGs
[2025-02-04T16:41:58.760+0000] {logging_mixin.py:190} INFO - [2025-02-04T16:41:58.759+0000] {dag.py:4180} INFO - Setting next_dagrun for tutorial_dag to None, run_after=None
[2025-02-04T16:41:58.787+0000] {processor.py:208} INFO - Processing /home/airflow/.local/lib/python3.9/site-packages/airflow/example_dags/tutorial_dag.py took 0.094 seconds
[2025-02-04T16:42:28.977+0000] {processor.py:186} INFO - Started process (PID=2279) to work on /home/airflow/.local/lib/python3.9/site-packages/airflow/example_dags/tutorial_dag.py
[2025-02-04T16:42:28.978+0000] {processor.py:914} INFO - Processing file /home/airflow/.local/lib/python3.9/site-packages/airflow/example_dags/tutorial_dag.py for tasks to queue
[2025-02-04T16:42:28.980+0000] {logging_mixin.py:190} INFO - [2025-02-04T16:42:28.979+0000] {dagbag.py:588} INFO - Filling up the DagBag from /home/airflow/.local/lib/python3.9/site-packages/airflow/example_dags/tutorial_dag.py
[2025-02-04T16:42:28.992+0000] {processor.py:925} INFO - DAG(s) 'tutorial_dag' retrieved from /home/airflow/.local/lib/python3.9/site-packages/airflow/example_dags/tutorial_dag.py
[2025-02-04T16:42:29.098+0000] {logging_mixin.py:190} INFO - [2025-02-04T16:42:29.097+0000] {dag.py:3239} INFO - Sync 1 DAGs
[2025-02-04T16:42:29.138+0000] {logging_mixin.py:190} INFO - [2025-02-04T16:42:29.137+0000] {dag.py:4180} INFO - Setting next_dagrun for tutorial_dag to None, run_after=None
[2025-02-04T16:42:29.178+0000] {processor.py:208} INFO - Processing /home/airflow/.local/lib/python3.9/site-packages/airflow/example_dags/tutorial_dag.py took 0.210 seconds
[2025-02-04T16:42:59.545+0000] {processor.py:186} INFO - Started process (PID=2343) to work on /home/airflow/.local/lib/python3.9/site-packages/airflow/example_dags/tutorial_dag.py
[2025-02-04T16:42:59.546+0000] {processor.py:914} INFO - Processing file /home/airflow/.local/lib/python3.9/site-packages/airflow/example_dags/tutorial_dag.py for tasks to queue
[2025-02-04T16:42:59.548+0000] {logging_mixin.py:190} INFO - [2025-02-04T16:42:59.548+0000] {dagbag.py:588} INFO - Filling up the DagBag from /home/airflow/.local/lib/python3.9/site-packages/airflow/example_dags/tutorial_dag.py
[2025-02-04T16:42:59.558+0000] {processor.py:925} INFO - DAG(s) 'tutorial_dag' retrieved from /home/airflow/.local/lib/python3.9/site-packages/airflow/example_dags/tutorial_dag.py
[2025-02-04T16:42:59.583+0000] {logging_mixin.py:190} INFO - [2025-02-04T16:42:59.582+0000] {dag.py:3239} INFO - Sync 1 DAGs
[2025-02-04T16:42:59.600+0000] {logging_mixin.py:190} INFO - [2025-02-04T16:42:59.600+0000] {dag.py:4180} INFO - Setting next_dagrun for tutorial_dag to None, run_after=None
[2025-02-04T16:42:59.630+0000] {processor.py:208} INFO - Processing /home/airflow/.local/lib/python3.9/site-packages/airflow/example_dags/tutorial_dag.py took 0.092 seconds
[2025-02-04T16:43:29.795+0000] {processor.py:186} INFO - Started process (PID=2407) to work on /home/airflow/.local/lib/python3.9/site-packages/airflow/example_dags/tutorial_dag.py
[2025-02-04T16:43:29.797+0000] {processor.py:914} INFO - Processing file /home/airflow/.local/lib/python3.9/site-packages/airflow/example_dags/tutorial_dag.py for tasks to queue
[2025-02-04T16:43:29.799+0000] {logging_mixin.py:190} INFO - [2025-02-04T16:43:29.799+0000] {dagbag.py:588} INFO - Filling up the DagBag from /home/airflow/.local/lib/python3.9/site-packages/airflow/example_dags/tutorial_dag.py
[2025-02-04T16:43:29.808+0000] {processor.py:925} INFO - DAG(s) 'tutorial_dag' retrieved from /home/airflow/.local/lib/python3.9/site-packages/airflow/example_dags/tutorial_dag.py
[2025-02-04T16:43:29.830+0000] {logging_mixin.py:190} INFO - [2025-02-04T16:43:29.830+0000] {dag.py:3239} INFO - Sync 1 DAGs
[2025-02-04T16:43:29.846+0000] {logging_mixin.py:190} INFO - [2025-02-04T16:43:29.846+0000] {dag.py:4180} INFO - Setting next_dagrun for tutorial_dag to None, run_after=None
[2025-02-04T16:43:29.876+0000] {processor.py:208} INFO - Processing /home/airflow/.local/lib/python3.9/site-packages/airflow/example_dags/tutorial_dag.py took 0.088 seconds
[2025-02-04T16:44:00.663+0000] {processor.py:186} INFO - Started process (PID=2471) to work on /home/airflow/.local/lib/python3.9/site-packages/airflow/example_dags/tutorial_dag.py
[2025-02-04T16:44:00.665+0000] {processor.py:914} INFO - Processing file /home/airflow/.local/lib/python3.9/site-packages/airflow/example_dags/tutorial_dag.py for tasks to queue
[2025-02-04T16:44:00.666+0000] {logging_mixin.py:190} INFO - [2025-02-04T16:44:00.666+0000] {dagbag.py:588} INFO - Filling up the DagBag from /home/airflow/.local/lib/python3.9/site-packages/airflow/example_dags/tutorial_dag.py
[2025-02-04T16:44:00.675+0000] {processor.py:925} INFO - DAG(s) 'tutorial_dag' retrieved from /home/airflow/.local/lib/python3.9/site-packages/airflow/example_dags/tutorial_dag.py
[2025-02-04T16:44:00.700+0000] {logging_mixin.py:190} INFO - [2025-02-04T16:44:00.699+0000] {dag.py:3239} INFO - Sync 1 DAGs
[2025-02-04T16:44:00.720+0000] {logging_mixin.py:190} INFO - [2025-02-04T16:44:00.719+0000] {dag.py:4180} INFO - Setting next_dagrun for tutorial_dag to None, run_after=None
[2025-02-04T16:44:00.746+0000] {processor.py:208} INFO - Processing /home/airflow/.local/lib/python3.9/site-packages/airflow/example_dags/tutorial_dag.py took 0.090 seconds
[2025-02-04T16:44:30.862+0000] {processor.py:186} INFO - Started process (PID=2535) to work on /home/airflow/.local/lib/python3.9/site-packages/airflow/example_dags/tutorial_dag.py
[2025-02-04T16:44:30.863+0000] {processor.py:914} INFO - Processing file /home/airflow/.local/lib/python3.9/site-packages/airflow/example_dags/tutorial_dag.py for tasks to queue
[2025-02-04T16:44:30.865+0000] {logging_mixin.py:190} INFO - [2025-02-04T16:44:30.865+0000] {dagbag.py:588} INFO - Filling up the DagBag from /home/airflow/.local/lib/python3.9/site-packages/airflow/example_dags/tutorial_dag.py
[2025-02-04T16:44:30.873+0000] {processor.py:925} INFO - DAG(s) 'tutorial_dag' retrieved from /home/airflow/.local/lib/python3.9/site-packages/airflow/example_dags/tutorial_dag.py
[2025-02-04T16:44:30.894+0000] {logging_mixin.py:190} INFO - [2025-02-04T16:44:30.894+0000] {dag.py:3239} INFO - Sync 1 DAGs
[2025-02-04T16:44:30.918+0000] {logging_mixin.py:190} INFO - [2025-02-04T16:44:30.917+0000] {dag.py:4180} INFO - Setting next_dagrun for tutorial_dag to None, run_after=None
[2025-02-04T16:44:30.946+0000] {processor.py:208} INFO - Processing /home/airflow/.local/lib/python3.9/site-packages/airflow/example_dags/tutorial_dag.py took 0.090 seconds
[2025-02-04T16:45:01.602+0000] {processor.py:186} INFO - Started process (PID=2599) to work on /home/airflow/.local/lib/python3.9/site-packages/airflow/example_dags/tutorial_dag.py
[2025-02-04T16:45:01.603+0000] {processor.py:914} INFO - Processing file /home/airflow/.local/lib/python3.9/site-packages/airflow/example_dags/tutorial_dag.py for tasks to queue
[2025-02-04T16:45:01.605+0000] {logging_mixin.py:190} INFO - [2025-02-04T16:45:01.605+0000] {dagbag.py:588} INFO - Filling up the DagBag from /home/airflow/.local/lib/python3.9/site-packages/airflow/example_dags/tutorial_dag.py
[2025-02-04T16:45:01.613+0000] {processor.py:925} INFO - DAG(s) 'tutorial_dag' retrieved from /home/airflow/.local/lib/python3.9/site-packages/airflow/example_dags/tutorial_dag.py
[2025-02-04T16:45:01.635+0000] {logging_mixin.py:190} INFO - [2025-02-04T16:45:01.634+0000] {dag.py:3239} INFO - Sync 1 DAGs
[2025-02-04T16:45:01.649+0000] {logging_mixin.py:190} INFO - [2025-02-04T16:45:01.649+0000] {dag.py:4180} INFO - Setting next_dagrun for tutorial_dag to None, run_after=None
[2025-02-04T16:45:01.676+0000] {processor.py:208} INFO - Processing /home/airflow/.local/lib/python3.9/site-packages/airflow/example_dags/tutorial_dag.py took 0.081 seconds
[2025-02-04T16:45:31.818+0000] {processor.py:186} INFO - Started process (PID=2663) to work on /home/airflow/.local/lib/python3.9/site-packages/airflow/example_dags/tutorial_dag.py
[2025-02-04T16:45:31.820+0000] {processor.py:914} INFO - Processing file /home/airflow/.local/lib/python3.9/site-packages/airflow/example_dags/tutorial_dag.py for tasks to queue
[2025-02-04T16:45:31.821+0000] {logging_mixin.py:190} INFO - [2025-02-04T16:45:31.821+0000] {dagbag.py:588} INFO - Filling up the DagBag from /home/airflow/.local/lib/python3.9/site-packages/airflow/example_dags/tutorial_dag.py
[2025-02-04T16:45:31.829+0000] {processor.py:925} INFO - DAG(s) 'tutorial_dag' retrieved from /home/airflow/.local/lib/python3.9/site-packages/airflow/example_dags/tutorial_dag.py
[2025-02-04T16:45:31.852+0000] {logging_mixin.py:190} INFO - [2025-02-04T16:45:31.852+0000] {dag.py:3239} INFO - Sync 1 DAGs
[2025-02-04T16:45:31.867+0000] {logging_mixin.py:190} INFO - [2025-02-04T16:45:31.866+0000] {dag.py:4180} INFO - Setting next_dagrun for tutorial_dag to None, run_after=None
[2025-02-04T16:45:31.890+0000] {processor.py:208} INFO - Processing /home/airflow/.local/lib/python3.9/site-packages/airflow/example_dags/tutorial_dag.py took 0.079 seconds
[2025-02-04T16:46:04.555+0000] {processor.py:186} INFO - Started process (PID=2734) to work on /home/airflow/.local/lib/python3.9/site-packages/airflow/example_dags/tutorial_dag.py
[2025-02-04T16:46:04.557+0000] {processor.py:914} INFO - Processing file /home/airflow/.local/lib/python3.9/site-packages/airflow/example_dags/tutorial_dag.py for tasks to queue
[2025-02-04T16:46:04.559+0000] {logging_mixin.py:190} INFO - [2025-02-04T16:46:04.559+0000] {dagbag.py:588} INFO - Filling up the DagBag from /home/airflow/.local/lib/python3.9/site-packages/airflow/example_dags/tutorial_dag.py
[2025-02-04T16:46:04.571+0000] {processor.py:925} INFO - DAG(s) 'tutorial_dag' retrieved from /home/airflow/.local/lib/python3.9/site-packages/airflow/example_dags/tutorial_dag.py
[2025-02-04T16:46:04.595+0000] {logging_mixin.py:190} INFO - [2025-02-04T16:46:04.595+0000] {dag.py:3239} INFO - Sync 1 DAGs
[2025-02-04T16:46:04.617+0000] {logging_mixin.py:190} INFO - [2025-02-04T16:46:04.617+0000] {dag.py:4180} INFO - Setting next_dagrun for tutorial_dag to None, run_after=None
[2025-02-04T16:46:04.646+0000] {processor.py:208} INFO - Processing /home/airflow/.local/lib/python3.9/site-packages/airflow/example_dags/tutorial_dag.py took 0.098 seconds
[2025-02-04T16:46:34.692+0000] {processor.py:186} INFO - Started process (PID=2798) to work on /home/airflow/.local/lib/python3.9/site-packages/airflow/example_dags/tutorial_dag.py
[2025-02-04T16:46:34.693+0000] {processor.py:914} INFO - Processing file /home/airflow/.local/lib/python3.9/site-packages/airflow/example_dags/tutorial_dag.py for tasks to queue
[2025-02-04T16:46:34.695+0000] {logging_mixin.py:190} INFO - [2025-02-04T16:46:34.694+0000] {dagbag.py:588} INFO - Filling up the DagBag from /home/airflow/.local/lib/python3.9/site-packages/airflow/example_dags/tutorial_dag.py
[2025-02-04T16:46:34.703+0000] {processor.py:925} INFO - DAG(s) 'tutorial_dag' retrieved from /home/airflow/.local/lib/python3.9/site-packages/airflow/example_dags/tutorial_dag.py
[2025-02-04T16:46:34.726+0000] {logging_mixin.py:190} INFO - [2025-02-04T16:46:34.726+0000] {dag.py:3239} INFO - Sync 1 DAGs
[2025-02-04T16:46:34.742+0000] {logging_mixin.py:190} INFO - [2025-02-04T16:46:34.742+0000] {dag.py:4180} INFO - Setting next_dagrun for tutorial_dag to None, run_after=None
[2025-02-04T16:46:34.771+0000] {processor.py:208} INFO - Processing /home/airflow/.local/lib/python3.9/site-packages/airflow/example_dags/tutorial_dag.py took 0.086 seconds
[2025-02-04T16:47:09.433+0000] {processor.py:186} INFO - Started process (PID=2865) to work on /home/airflow/.local/lib/python3.9/site-packages/airflow/example_dags/tutorial_dag.py
[2025-02-04T16:47:09.434+0000] {processor.py:914} INFO - Processing file /home/airflow/.local/lib/python3.9/site-packages/airflow/example_dags/tutorial_dag.py for tasks to queue
[2025-02-04T16:47:09.436+0000] {logging_mixin.py:190} INFO - [2025-02-04T16:47:09.436+0000] {dagbag.py:588} INFO - Filling up the DagBag from /home/airflow/.local/lib/python3.9/site-packages/airflow/example_dags/tutorial_dag.py
[2025-02-04T16:47:09.448+0000] {processor.py:925} INFO - DAG(s) 'tutorial_dag' retrieved from /home/airflow/.local/lib/python3.9/site-packages/airflow/example_dags/tutorial_dag.py
[2025-02-04T16:47:09.522+0000] {logging_mixin.py:190} INFO - [2025-02-04T16:47:09.522+0000] {dag.py:3239} INFO - Sync 1 DAGs
[2025-02-04T16:47:09.543+0000] {logging_mixin.py:190} INFO - [2025-02-04T16:47:09.542+0000] {dag.py:4180} INFO - Setting next_dagrun for tutorial_dag to None, run_after=None
[2025-02-04T16:47:09.569+0000] {processor.py:208} INFO - Processing /home/airflow/.local/lib/python3.9/site-packages/airflow/example_dags/tutorial_dag.py took 0.145 seconds
[2025-02-04T16:47:50.416+0000] {processor.py:186} INFO - Started process (PID=2929) to work on /home/airflow/.local/lib/python3.9/site-packages/airflow/example_dags/tutorial_dag.py
[2025-02-04T16:47:50.417+0000] {processor.py:914} INFO - Processing file /home/airflow/.local/lib/python3.9/site-packages/airflow/example_dags/tutorial_dag.py for tasks to queue
[2025-02-04T16:47:50.419+0000] {logging_mixin.py:190} INFO - [2025-02-04T16:47:50.419+0000] {dagbag.py:588} INFO - Filling up the DagBag from /home/airflow/.local/lib/python3.9/site-packages/airflow/example_dags/tutorial_dag.py
[2025-02-04T16:47:50.427+0000] {processor.py:925} INFO - DAG(s) 'tutorial_dag' retrieved from /home/airflow/.local/lib/python3.9/site-packages/airflow/example_dags/tutorial_dag.py
[2025-02-04T16:47:50.452+0000] {logging_mixin.py:190} INFO - [2025-02-04T16:47:50.451+0000] {dag.py:3239} INFO - Sync 1 DAGs
[2025-02-04T16:47:50.470+0000] {logging_mixin.py:190} INFO - [2025-02-04T16:47:50.469+0000] {dag.py:4180} INFO - Setting next_dagrun for tutorial_dag to None, run_after=None
[2025-02-04T16:47:50.499+0000] {processor.py:208} INFO - Processing /home/airflow/.local/lib/python3.9/site-packages/airflow/example_dags/tutorial_dag.py took 0.090 seconds
[2025-02-04T16:48:21.089+0000] {processor.py:186} INFO - Started process (PID=2994) to work on /home/airflow/.local/lib/python3.9/site-packages/airflow/example_dags/tutorial_dag.py
[2025-02-04T16:48:21.091+0000] {processor.py:914} INFO - Processing file /home/airflow/.local/lib/python3.9/site-packages/airflow/example_dags/tutorial_dag.py for tasks to queue
[2025-02-04T16:48:21.092+0000] {logging_mixin.py:190} INFO - [2025-02-04T16:48:21.092+0000] {dagbag.py:588} INFO - Filling up the DagBag from /home/airflow/.local/lib/python3.9/site-packages/airflow/example_dags/tutorial_dag.py
[2025-02-04T16:48:21.101+0000] {processor.py:925} INFO - DAG(s) 'tutorial_dag' retrieved from /home/airflow/.local/lib/python3.9/site-packages/airflow/example_dags/tutorial_dag.py
[2025-02-04T16:48:21.125+0000] {logging_mixin.py:190} INFO - [2025-02-04T16:48:21.125+0000] {dag.py:3239} INFO - Sync 1 DAGs
[2025-02-04T16:48:21.140+0000] {logging_mixin.py:190} INFO - [2025-02-04T16:48:21.140+0000] {dag.py:4180} INFO - Setting next_dagrun for tutorial_dag to None, run_after=None
[2025-02-04T16:48:21.171+0000] {processor.py:208} INFO - Processing /home/airflow/.local/lib/python3.9/site-packages/airflow/example_dags/tutorial_dag.py took 0.092 seconds
[2025-02-04T16:48:51.285+0000] {processor.py:186} INFO - Started process (PID=3058) to work on /home/airflow/.local/lib/python3.9/site-packages/airflow/example_dags/tutorial_dag.py
[2025-02-04T16:48:51.287+0000] {processor.py:914} INFO - Processing file /home/airflow/.local/lib/python3.9/site-packages/airflow/example_dags/tutorial_dag.py for tasks to queue
[2025-02-04T16:48:51.288+0000] {logging_mixin.py:190} INFO - [2025-02-04T16:48:51.288+0000] {dagbag.py:588} INFO - Filling up the DagBag from /home/airflow/.local/lib/python3.9/site-packages/airflow/example_dags/tutorial_dag.py
[2025-02-04T16:48:51.297+0000] {processor.py:925} INFO - DAG(s) 'tutorial_dag' retrieved from /home/airflow/.local/lib/python3.9/site-packages/airflow/example_dags/tutorial_dag.py
[2025-02-04T16:48:51.318+0000] {logging_mixin.py:190} INFO - [2025-02-04T16:48:51.317+0000] {dag.py:3239} INFO - Sync 1 DAGs
[2025-02-04T16:48:51.332+0000] {logging_mixin.py:190} INFO - [2025-02-04T16:48:51.332+0000] {dag.py:4180} INFO - Setting next_dagrun for tutorial_dag to None, run_after=None
[2025-02-04T16:48:51.360+0000] {processor.py:208} INFO - Processing /home/airflow/.local/lib/python3.9/site-packages/airflow/example_dags/tutorial_dag.py took 0.083 seconds
[2025-02-04T16:49:21.552+0000] {processor.py:186} INFO - Started process (PID=3122) to work on /home/airflow/.local/lib/python3.9/site-packages/airflow/example_dags/tutorial_dag.py
[2025-02-04T16:49:21.553+0000] {processor.py:914} INFO - Processing file /home/airflow/.local/lib/python3.9/site-packages/airflow/example_dags/tutorial_dag.py for tasks to queue
[2025-02-04T16:49:21.555+0000] {logging_mixin.py:190} INFO - [2025-02-04T16:49:21.555+0000] {dagbag.py:588} INFO - Filling up the DagBag from /home/airflow/.local/lib/python3.9/site-packages/airflow/example_dags/tutorial_dag.py
[2025-02-04T16:49:21.563+0000] {processor.py:925} INFO - DAG(s) 'tutorial_dag' retrieved from /home/airflow/.local/lib/python3.9/site-packages/airflow/example_dags/tutorial_dag.py
[2025-02-04T16:49:21.585+0000] {logging_mixin.py:190} INFO - [2025-02-04T16:49:21.585+0000] {dag.py:3239} INFO - Sync 1 DAGs
[2025-02-04T16:49:21.601+0000] {logging_mixin.py:190} INFO - [2025-02-04T16:49:21.601+0000] {dag.py:4180} INFO - Setting next_dagrun for tutorial_dag to None, run_after=None
[2025-02-04T16:49:21.633+0000] {processor.py:208} INFO - Processing /home/airflow/.local/lib/python3.9/site-packages/airflow/example_dags/tutorial_dag.py took 0.088 seconds
[2025-02-04T16:49:51.793+0000] {processor.py:186} INFO - Started process (PID=3193) to work on /home/airflow/.local/lib/python3.9/site-packages/airflow/example_dags/tutorial_dag.py
[2025-02-04T16:49:51.795+0000] {processor.py:914} INFO - Processing file /home/airflow/.local/lib/python3.9/site-packages/airflow/example_dags/tutorial_dag.py for tasks to queue
[2025-02-04T16:49:51.796+0000] {logging_mixin.py:190} INFO - [2025-02-04T16:49:51.796+0000] {dagbag.py:588} INFO - Filling up the DagBag from /home/airflow/.local/lib/python3.9/site-packages/airflow/example_dags/tutorial_dag.py
[2025-02-04T16:49:51.804+0000] {processor.py:925} INFO - DAG(s) 'tutorial_dag' retrieved from /home/airflow/.local/lib/python3.9/site-packages/airflow/example_dags/tutorial_dag.py
[2025-02-04T16:49:51.827+0000] {logging_mixin.py:190} INFO - [2025-02-04T16:49:51.826+0000] {dag.py:3239} INFO - Sync 1 DAGs
[2025-02-04T16:49:51.845+0000] {logging_mixin.py:190} INFO - [2025-02-04T16:49:51.844+0000] {dag.py:4180} INFO - Setting next_dagrun for tutorial_dag to None, run_after=None
[2025-02-04T16:49:51.874+0000] {processor.py:208} INFO - Processing /home/airflow/.local/lib/python3.9/site-packages/airflow/example_dags/tutorial_dag.py took 0.087 seconds
