[2025-02-04T16:23:15.447+0000] {processor.py:186} INFO - Started process (PID=144) to work on /home/airflow/.local/lib/python3.9/site-packages/airflow/example_dags/tutorial_taskflow_templates.py
[2025-02-04T16:23:15.448+0000] {processor.py:914} INFO - Processing file /home/airflow/.local/lib/python3.9/site-packages/airflow/example_dags/tutorial_taskflow_templates.py for tasks to queue
[2025-02-04T16:23:15.451+0000] {logging_mixin.py:190} INFO - [2025-02-04T16:23:15.450+0000] {dagbag.py:588} INFO - Filling up the DagBag from /home/airflow/.local/lib/python3.9/site-packages/airflow/example_dags/tutorial_taskflow_templates.py
[2025-02-04T16:23:15.516+0000] {processor.py:925} INFO - DAG(s) 'tutorial_taskflow_templates' retrieved from /home/airflow/.local/lib/python3.9/site-packages/airflow/example_dags/tutorial_taskflow_templates.py
[2025-02-04T16:23:15.619+0000] {logging_mixin.py:190} INFO - [2025-02-04T16:23:15.618+0000] {override.py:1912} INFO - Created Permission View: can delete on DAG:tutorial_taskflow_templates
[2025-02-04T16:23:15.636+0000] {logging_mixin.py:190} INFO - [2025-02-04T16:23:15.635+0000] {override.py:1912} INFO - Created Permission View: can edit on DAG:tutorial_taskflow_templates
[2025-02-04T16:23:15.649+0000] {logging_mixin.py:190} INFO - [2025-02-04T16:23:15.649+0000] {override.py:1912} INFO - Created Permission View: can read on DAG:tutorial_taskflow_templates
[2025-02-04T16:23:15.671+0000] {logging_mixin.py:190} INFO - [2025-02-04T16:23:15.670+0000] {override.py:1912} INFO - Created Permission View: can delete on DAG Run:tutorial_taskflow_templates
[2025-02-04T16:23:15.686+0000] {logging_mixin.py:190} INFO - [2025-02-04T16:23:15.685+0000] {override.py:1912} INFO - Created Permission View: menu access on DAG Run:tutorial_taskflow_templates
[2025-02-04T16:23:15.701+0000] {logging_mixin.py:190} INFO - [2025-02-04T16:23:15.701+0000] {override.py:1912} INFO - Created Permission View: can read on DAG Run:tutorial_taskflow_templates
[2025-02-04T16:23:15.715+0000] {logging_mixin.py:190} INFO - [2025-02-04T16:23:15.715+0000] {override.py:1912} INFO - Created Permission View: can create on DAG Run:tutorial_taskflow_templates
[2025-02-04T16:23:15.717+0000] {logging_mixin.py:190} INFO - [2025-02-04T16:23:15.716+0000] {dag.py:3239} INFO - Sync 1 DAGs
[2025-02-04T16:23:15.729+0000] {logging_mixin.py:190} INFO - [2025-02-04T16:23:15.729+0000] {dag.py:3262} INFO - Creating ORM DAG for tutorial_taskflow_templates
[2025-02-04T16:23:15.740+0000] {logging_mixin.py:190} INFO - [2025-02-04T16:23:15.739+0000] {dag.py:4180} INFO - Setting next_dagrun for tutorial_taskflow_templates to 2025-02-03 00:00:00+00:00, run_after=2025-02-04 00:00:00+00:00
[2025-02-04T16:23:15.763+0000] {processor.py:208} INFO - Processing /home/airflow/.local/lib/python3.9/site-packages/airflow/example_dags/tutorial_taskflow_templates.py took 0.322 seconds
[2025-02-04T16:23:46.860+0000] {processor.py:186} INFO - Started process (PID=207) to work on /home/airflow/.local/lib/python3.9/site-packages/airflow/example_dags/tutorial_taskflow_templates.py
[2025-02-04T16:23:46.862+0000] {processor.py:914} INFO - Processing file /home/airflow/.local/lib/python3.9/site-packages/airflow/example_dags/tutorial_taskflow_templates.py for tasks to queue
[2025-02-04T16:23:46.864+0000] {logging_mixin.py:190} INFO - [2025-02-04T16:23:46.864+0000] {dagbag.py:588} INFO - Filling up the DagBag from /home/airflow/.local/lib/python3.9/site-packages/airflow/example_dags/tutorial_taskflow_templates.py
[2025-02-04T16:23:46.881+0000] {processor.py:925} INFO - DAG(s) 'tutorial_taskflow_templates' retrieved from /home/airflow/.local/lib/python3.9/site-packages/airflow/example_dags/tutorial_taskflow_templates.py
[2025-02-04T16:23:46.906+0000] {logging_mixin.py:190} INFO - [2025-02-04T16:23:46.906+0000] {dag.py:3239} INFO - Sync 1 DAGs
[2025-02-04T16:23:46.931+0000] {logging_mixin.py:190} INFO - [2025-02-04T16:23:46.931+0000] {dag.py:4180} INFO - Setting next_dagrun for tutorial_taskflow_templates to 2025-02-03 00:00:00+00:00, run_after=2025-02-04 00:00:00+00:00
[2025-02-04T16:23:47.910+0000] {processor.py:208} INFO - Processing /home/airflow/.local/lib/python3.9/site-packages/airflow/example_dags/tutorial_taskflow_templates.py took 1.057 seconds
[2025-02-04T16:24:18.413+0000] {processor.py:186} INFO - Started process (PID=270) to work on /home/airflow/.local/lib/python3.9/site-packages/airflow/example_dags/tutorial_taskflow_templates.py
[2025-02-04T16:24:18.414+0000] {processor.py:914} INFO - Processing file /home/airflow/.local/lib/python3.9/site-packages/airflow/example_dags/tutorial_taskflow_templates.py for tasks to queue
[2025-02-04T16:24:18.417+0000] {logging_mixin.py:190} INFO - [2025-02-04T16:24:18.416+0000] {dagbag.py:588} INFO - Filling up the DagBag from /home/airflow/.local/lib/python3.9/site-packages/airflow/example_dags/tutorial_taskflow_templates.py
[2025-02-04T16:24:18.432+0000] {processor.py:925} INFO - DAG(s) 'tutorial_taskflow_templates' retrieved from /home/airflow/.local/lib/python3.9/site-packages/airflow/example_dags/tutorial_taskflow_templates.py
[2025-02-04T16:24:18.461+0000] {logging_mixin.py:190} INFO - [2025-02-04T16:24:18.460+0000] {dag.py:3239} INFO - Sync 1 DAGs
[2025-02-04T16:24:18.488+0000] {logging_mixin.py:190} INFO - [2025-02-04T16:24:18.487+0000] {dag.py:4180} INFO - Setting next_dagrun for tutorial_taskflow_templates to 2025-02-03 00:00:00+00:00, run_after=2025-02-04 00:00:00+00:00
[2025-02-04T16:24:18.514+0000] {processor.py:208} INFO - Processing /home/airflow/.local/lib/python3.9/site-packages/airflow/example_dags/tutorial_taskflow_templates.py took 0.109 seconds
[2025-02-04T16:24:48.965+0000] {processor.py:186} INFO - Started process (PID=334) to work on /home/airflow/.local/lib/python3.9/site-packages/airflow/example_dags/tutorial_taskflow_templates.py
[2025-02-04T16:24:48.967+0000] {processor.py:914} INFO - Processing file /home/airflow/.local/lib/python3.9/site-packages/airflow/example_dags/tutorial_taskflow_templates.py for tasks to queue
[2025-02-04T16:24:48.970+0000] {logging_mixin.py:190} INFO - [2025-02-04T16:24:48.969+0000] {dagbag.py:588} INFO - Filling up the DagBag from /home/airflow/.local/lib/python3.9/site-packages/airflow/example_dags/tutorial_taskflow_templates.py
[2025-02-04T16:24:48.984+0000] {processor.py:925} INFO - DAG(s) 'tutorial_taskflow_templates' retrieved from /home/airflow/.local/lib/python3.9/site-packages/airflow/example_dags/tutorial_taskflow_templates.py
[2025-02-04T16:24:49.008+0000] {logging_mixin.py:190} INFO - [2025-02-04T16:24:49.007+0000] {dag.py:3239} INFO - Sync 1 DAGs
[2025-02-04T16:24:49.035+0000] {logging_mixin.py:190} INFO - [2025-02-04T16:24:49.035+0000] {dag.py:4180} INFO - Setting next_dagrun for tutorial_taskflow_templates to 2025-02-03 00:00:00+00:00, run_after=2025-02-04 00:00:00+00:00
[2025-02-04T16:24:49.059+0000] {processor.py:208} INFO - Processing /home/airflow/.local/lib/python3.9/site-packages/airflow/example_dags/tutorial_taskflow_templates.py took 0.102 seconds
[2025-02-04T16:25:19.191+0000] {processor.py:186} INFO - Started process (PID=398) to work on /home/airflow/.local/lib/python3.9/site-packages/airflow/example_dags/tutorial_taskflow_templates.py
[2025-02-04T16:25:19.295+0000] {processor.py:914} INFO - Processing file /home/airflow/.local/lib/python3.9/site-packages/airflow/example_dags/tutorial_taskflow_templates.py for tasks to queue
[2025-02-04T16:25:19.299+0000] {logging_mixin.py:190} INFO - [2025-02-04T16:25:19.299+0000] {dagbag.py:588} INFO - Filling up the DagBag from /home/airflow/.local/lib/python3.9/site-packages/airflow/example_dags/tutorial_taskflow_templates.py
[2025-02-04T16:25:19.319+0000] {processor.py:925} INFO - DAG(s) 'tutorial_taskflow_templates' retrieved from /home/airflow/.local/lib/python3.9/site-packages/airflow/example_dags/tutorial_taskflow_templates.py
[2025-02-04T16:25:19.349+0000] {logging_mixin.py:190} INFO - [2025-02-04T16:25:19.348+0000] {dag.py:3239} INFO - Sync 1 DAGs
[2025-02-04T16:25:19.383+0000] {logging_mixin.py:190} INFO - [2025-02-04T16:25:19.383+0000] {dag.py:4180} INFO - Setting next_dagrun for tutorial_taskflow_templates to 2025-02-03 00:00:00+00:00, run_after=2025-02-04 00:00:00+00:00
[2025-02-04T16:25:19.422+0000] {processor.py:208} INFO - Processing /home/airflow/.local/lib/python3.9/site-packages/airflow/example_dags/tutorial_taskflow_templates.py took 0.241 seconds
[2025-02-04T16:25:50.080+0000] {processor.py:186} INFO - Started process (PID=462) to work on /home/airflow/.local/lib/python3.9/site-packages/airflow/example_dags/tutorial_taskflow_templates.py
[2025-02-04T16:25:50.081+0000] {processor.py:914} INFO - Processing file /home/airflow/.local/lib/python3.9/site-packages/airflow/example_dags/tutorial_taskflow_templates.py for tasks to queue
[2025-02-04T16:25:50.129+0000] {logging_mixin.py:190} INFO - [2025-02-04T16:25:50.128+0000] {dagbag.py:588} INFO - Filling up the DagBag from /home/airflow/.local/lib/python3.9/site-packages/airflow/example_dags/tutorial_taskflow_templates.py
[2025-02-04T16:25:50.150+0000] {processor.py:925} INFO - DAG(s) 'tutorial_taskflow_templates' retrieved from /home/airflow/.local/lib/python3.9/site-packages/airflow/example_dags/tutorial_taskflow_templates.py
[2025-02-04T16:25:50.170+0000] {logging_mixin.py:190} INFO - [2025-02-04T16:25:50.170+0000] {dag.py:3239} INFO - Sync 1 DAGs
[2025-02-04T16:25:50.192+0000] {logging_mixin.py:190} INFO - [2025-02-04T16:25:50.192+0000] {dag.py:4180} INFO - Setting next_dagrun for tutorial_taskflow_templates to 2025-02-03 00:00:00+00:00, run_after=2025-02-04 00:00:00+00:00
[2025-02-04T16:25:50.220+0000] {processor.py:208} INFO - Processing /home/airflow/.local/lib/python3.9/site-packages/airflow/example_dags/tutorial_taskflow_templates.py took 0.471 seconds
[2025-02-04T16:26:21.299+0000] {processor.py:186} INFO - Started process (PID=526) to work on /home/airflow/.local/lib/python3.9/site-packages/airflow/example_dags/tutorial_taskflow_templates.py
[2025-02-04T16:26:21.300+0000] {processor.py:914} INFO - Processing file /home/airflow/.local/lib/python3.9/site-packages/airflow/example_dags/tutorial_taskflow_templates.py for tasks to queue
[2025-02-04T16:26:21.303+0000] {logging_mixin.py:190} INFO - [2025-02-04T16:26:21.303+0000] {dagbag.py:588} INFO - Filling up the DagBag from /home/airflow/.local/lib/python3.9/site-packages/airflow/example_dags/tutorial_taskflow_templates.py
[2025-02-04T16:26:21.318+0000] {processor.py:925} INFO - DAG(s) 'tutorial_taskflow_templates' retrieved from /home/airflow/.local/lib/python3.9/site-packages/airflow/example_dags/tutorial_taskflow_templates.py
[2025-02-04T16:26:21.343+0000] {logging_mixin.py:190} INFO - [2025-02-04T16:26:21.342+0000] {dag.py:3239} INFO - Sync 1 DAGs
[2025-02-04T16:26:21.367+0000] {logging_mixin.py:190} INFO - [2025-02-04T16:26:21.367+0000] {dag.py:4180} INFO - Setting next_dagrun for tutorial_taskflow_templates to 2025-02-03 00:00:00+00:00, run_after=2025-02-04 00:00:00+00:00
[2025-02-04T16:26:21.437+0000] {processor.py:208} INFO - Processing /home/airflow/.local/lib/python3.9/site-packages/airflow/example_dags/tutorial_taskflow_templates.py took 0.144 seconds
[2025-02-04T16:26:53.543+0000] {processor.py:186} INFO - Started process (PID=590) to work on /home/airflow/.local/lib/python3.9/site-packages/airflow/example_dags/tutorial_taskflow_templates.py
[2025-02-04T16:26:53.544+0000] {processor.py:914} INFO - Processing file /home/airflow/.local/lib/python3.9/site-packages/airflow/example_dags/tutorial_taskflow_templates.py for tasks to queue
[2025-02-04T16:26:53.547+0000] {logging_mixin.py:190} INFO - [2025-02-04T16:26:53.547+0000] {dagbag.py:588} INFO - Filling up the DagBag from /home/airflow/.local/lib/python3.9/site-packages/airflow/example_dags/tutorial_taskflow_templates.py
[2025-02-04T16:26:53.562+0000] {processor.py:925} INFO - DAG(s) 'tutorial_taskflow_templates' retrieved from /home/airflow/.local/lib/python3.9/site-packages/airflow/example_dags/tutorial_taskflow_templates.py
[2025-02-04T16:26:53.585+0000] {logging_mixin.py:190} INFO - [2025-02-04T16:26:53.585+0000] {dag.py:3239} INFO - Sync 1 DAGs
[2025-02-04T16:26:53.608+0000] {logging_mixin.py:190} INFO - [2025-02-04T16:26:53.608+0000] {dag.py:4180} INFO - Setting next_dagrun for tutorial_taskflow_templates to 2025-02-03 00:00:00+00:00, run_after=2025-02-04 00:00:00+00:00
[2025-02-04T16:26:53.634+0000] {processor.py:208} INFO - Processing /home/airflow/.local/lib/python3.9/site-packages/airflow/example_dags/tutorial_taskflow_templates.py took 0.103 seconds
[2025-02-04T16:27:24.508+0000] {processor.py:186} INFO - Started process (PID=654) to work on /home/airflow/.local/lib/python3.9/site-packages/airflow/example_dags/tutorial_taskflow_templates.py
[2025-02-04T16:27:24.510+0000] {processor.py:914} INFO - Processing file /home/airflow/.local/lib/python3.9/site-packages/airflow/example_dags/tutorial_taskflow_templates.py for tasks to queue
[2025-02-04T16:27:24.513+0000] {logging_mixin.py:190} INFO - [2025-02-04T16:27:24.513+0000] {dagbag.py:588} INFO - Filling up the DagBag from /home/airflow/.local/lib/python3.9/site-packages/airflow/example_dags/tutorial_taskflow_templates.py
[2025-02-04T16:27:24.528+0000] {processor.py:925} INFO - DAG(s) 'tutorial_taskflow_templates' retrieved from /home/airflow/.local/lib/python3.9/site-packages/airflow/example_dags/tutorial_taskflow_templates.py
[2025-02-04T16:27:24.555+0000] {logging_mixin.py:190} INFO - [2025-02-04T16:27:24.554+0000] {dag.py:3239} INFO - Sync 1 DAGs
[2025-02-04T16:27:24.582+0000] {logging_mixin.py:190} INFO - [2025-02-04T16:27:24.582+0000] {dag.py:4180} INFO - Setting next_dagrun for tutorial_taskflow_templates to 2025-02-03 00:00:00+00:00, run_after=2025-02-04 00:00:00+00:00
[2025-02-04T16:27:24.611+0000] {processor.py:208} INFO - Processing /home/airflow/.local/lib/python3.9/site-packages/airflow/example_dags/tutorial_taskflow_templates.py took 0.110 seconds
[2025-02-04T16:27:57.359+0000] {processor.py:186} INFO - Started process (PID=718) to work on /home/airflow/.local/lib/python3.9/site-packages/airflow/example_dags/tutorial_taskflow_templates.py
[2025-02-04T16:27:57.360+0000] {processor.py:914} INFO - Processing file /home/airflow/.local/lib/python3.9/site-packages/airflow/example_dags/tutorial_taskflow_templates.py for tasks to queue
[2025-02-04T16:27:57.363+0000] {logging_mixin.py:190} INFO - [2025-02-04T16:27:57.363+0000] {dagbag.py:588} INFO - Filling up the DagBag from /home/airflow/.local/lib/python3.9/site-packages/airflow/example_dags/tutorial_taskflow_templates.py
[2025-02-04T16:27:57.378+0000] {processor.py:925} INFO - DAG(s) 'tutorial_taskflow_templates' retrieved from /home/airflow/.local/lib/python3.9/site-packages/airflow/example_dags/tutorial_taskflow_templates.py
[2025-02-04T16:27:57.405+0000] {logging_mixin.py:190} INFO - [2025-02-04T16:27:57.404+0000] {dag.py:3239} INFO - Sync 1 DAGs
[2025-02-04T16:27:57.431+0000] {logging_mixin.py:190} INFO - [2025-02-04T16:27:57.431+0000] {dag.py:4180} INFO - Setting next_dagrun for tutorial_taskflow_templates to 2025-02-03 00:00:00+00:00, run_after=2025-02-04 00:00:00+00:00
[2025-02-04T16:27:57.459+0000] {processor.py:208} INFO - Processing /home/airflow/.local/lib/python3.9/site-packages/airflow/example_dags/tutorial_taskflow_templates.py took 0.108 seconds
[2025-02-04T16:28:27.880+0000] {processor.py:186} INFO - Started process (PID=789) to work on /home/airflow/.local/lib/python3.9/site-packages/airflow/example_dags/tutorial_taskflow_templates.py
[2025-02-04T16:28:27.881+0000] {processor.py:914} INFO - Processing file /home/airflow/.local/lib/python3.9/site-packages/airflow/example_dags/tutorial_taskflow_templates.py for tasks to queue
[2025-02-04T16:28:27.884+0000] {logging_mixin.py:190} INFO - [2025-02-04T16:28:27.883+0000] {dagbag.py:588} INFO - Filling up the DagBag from /home/airflow/.local/lib/python3.9/site-packages/airflow/example_dags/tutorial_taskflow_templates.py
[2025-02-04T16:28:27.900+0000] {processor.py:925} INFO - DAG(s) 'tutorial_taskflow_templates' retrieved from /home/airflow/.local/lib/python3.9/site-packages/airflow/example_dags/tutorial_taskflow_templates.py
[2025-02-04T16:28:27.926+0000] {logging_mixin.py:190} INFO - [2025-02-04T16:28:27.926+0000] {dag.py:3239} INFO - Sync 1 DAGs
[2025-02-04T16:28:27.953+0000] {logging_mixin.py:190} INFO - [2025-02-04T16:28:27.952+0000] {dag.py:4180} INFO - Setting next_dagrun for tutorial_taskflow_templates to 2025-02-03 00:00:00+00:00, run_after=2025-02-04 00:00:00+00:00
[2025-02-04T16:28:27.981+0000] {processor.py:208} INFO - Processing /home/airflow/.local/lib/python3.9/site-packages/airflow/example_dags/tutorial_taskflow_templates.py took 0.110 seconds
[2025-02-04T16:29:00.464+0000] {processor.py:186} INFO - Started process (PID=855) to work on /home/airflow/.local/lib/python3.9/site-packages/airflow/example_dags/tutorial_taskflow_templates.py
[2025-02-04T16:29:00.466+0000] {processor.py:914} INFO - Processing file /home/airflow/.local/lib/python3.9/site-packages/airflow/example_dags/tutorial_taskflow_templates.py for tasks to queue
[2025-02-04T16:29:00.469+0000] {logging_mixin.py:190} INFO - [2025-02-04T16:29:00.469+0000] {dagbag.py:588} INFO - Filling up the DagBag from /home/airflow/.local/lib/python3.9/site-packages/airflow/example_dags/tutorial_taskflow_templates.py
[2025-02-04T16:29:00.484+0000] {processor.py:925} INFO - DAG(s) 'tutorial_taskflow_templates' retrieved from /home/airflow/.local/lib/python3.9/site-packages/airflow/example_dags/tutorial_taskflow_templates.py
[2025-02-04T16:29:00.508+0000] {logging_mixin.py:190} INFO - [2025-02-04T16:29:00.507+0000] {dag.py:3239} INFO - Sync 1 DAGs
[2025-02-04T16:29:00.537+0000] {logging_mixin.py:190} INFO - [2025-02-04T16:29:00.537+0000] {dag.py:4180} INFO - Setting next_dagrun for tutorial_taskflow_templates to 2025-02-03 00:00:00+00:00, run_after=2025-02-04 00:00:00+00:00
[2025-02-04T16:29:00.574+0000] {processor.py:208} INFO - Processing /home/airflow/.local/lib/python3.9/site-packages/airflow/example_dags/tutorial_taskflow_templates.py took 0.117 seconds
[2025-02-04T16:29:31.235+0000] {processor.py:186} INFO - Started process (PID=922) to work on /home/airflow/.local/lib/python3.9/site-packages/airflow/example_dags/tutorial_taskflow_templates.py
[2025-02-04T16:29:31.237+0000] {processor.py:914} INFO - Processing file /home/airflow/.local/lib/python3.9/site-packages/airflow/example_dags/tutorial_taskflow_templates.py for tasks to queue
[2025-02-04T16:29:31.241+0000] {logging_mixin.py:190} INFO - [2025-02-04T16:29:31.240+0000] {dagbag.py:588} INFO - Filling up the DagBag from /home/airflow/.local/lib/python3.9/site-packages/airflow/example_dags/tutorial_taskflow_templates.py
[2025-02-04T16:29:31.257+0000] {processor.py:925} INFO - DAG(s) 'tutorial_taskflow_templates' retrieved from /home/airflow/.local/lib/python3.9/site-packages/airflow/example_dags/tutorial_taskflow_templates.py
[2025-02-04T16:29:31.285+0000] {logging_mixin.py:190} INFO - [2025-02-04T16:29:31.284+0000] {dag.py:3239} INFO - Sync 1 DAGs
[2025-02-04T16:29:31.314+0000] {logging_mixin.py:190} INFO - [2025-02-04T16:29:31.313+0000] {dag.py:4180} INFO - Setting next_dagrun for tutorial_taskflow_templates to 2025-02-03 00:00:00+00:00, run_after=2025-02-04 00:00:00+00:00
[2025-02-04T16:29:31.348+0000] {processor.py:208} INFO - Processing /home/airflow/.local/lib/python3.9/site-packages/airflow/example_dags/tutorial_taskflow_templates.py took 0.120 seconds
[2025-02-04T16:30:01.778+0000] {processor.py:186} INFO - Started process (PID=986) to work on /home/airflow/.local/lib/python3.9/site-packages/airflow/example_dags/tutorial_taskflow_templates.py
[2025-02-04T16:30:01.779+0000] {processor.py:914} INFO - Processing file /home/airflow/.local/lib/python3.9/site-packages/airflow/example_dags/tutorial_taskflow_templates.py for tasks to queue
[2025-02-04T16:30:01.783+0000] {logging_mixin.py:190} INFO - [2025-02-04T16:30:01.782+0000] {dagbag.py:588} INFO - Filling up the DagBag from /home/airflow/.local/lib/python3.9/site-packages/airflow/example_dags/tutorial_taskflow_templates.py
[2025-02-04T16:30:01.815+0000] {processor.py:925} INFO - DAG(s) 'tutorial_taskflow_templates' retrieved from /home/airflow/.local/lib/python3.9/site-packages/airflow/example_dags/tutorial_taskflow_templates.py
[2025-02-04T16:30:01.875+0000] {logging_mixin.py:190} INFO - [2025-02-04T16:30:01.874+0000] {dag.py:3239} INFO - Sync 1 DAGs
[2025-02-04T16:30:01.921+0000] {logging_mixin.py:190} INFO - [2025-02-04T16:30:01.920+0000] {dag.py:4180} INFO - Setting next_dagrun for tutorial_taskflow_templates to 2025-02-03 00:00:00+00:00, run_after=2025-02-04 00:00:00+00:00
[2025-02-04T16:30:01.956+0000] {processor.py:208} INFO - Processing /home/airflow/.local/lib/python3.9/site-packages/airflow/example_dags/tutorial_taskflow_templates.py took 0.186 seconds
[2025-02-04T16:30:32.853+0000] {processor.py:186} INFO - Started process (PID=1051) to work on /home/airflow/.local/lib/python3.9/site-packages/airflow/example_dags/tutorial_taskflow_templates.py
[2025-02-04T16:30:32.855+0000] {processor.py:914} INFO - Processing file /home/airflow/.local/lib/python3.9/site-packages/airflow/example_dags/tutorial_taskflow_templates.py for tasks to queue
[2025-02-04T16:30:32.858+0000] {logging_mixin.py:190} INFO - [2025-02-04T16:30:32.858+0000] {dagbag.py:588} INFO - Filling up the DagBag from /home/airflow/.local/lib/python3.9/site-packages/airflow/example_dags/tutorial_taskflow_templates.py
[2025-02-04T16:30:32.875+0000] {processor.py:925} INFO - DAG(s) 'tutorial_taskflow_templates' retrieved from /home/airflow/.local/lib/python3.9/site-packages/airflow/example_dags/tutorial_taskflow_templates.py
[2025-02-04T16:30:32.905+0000] {logging_mixin.py:190} INFO - [2025-02-04T16:30:32.905+0000] {dag.py:3239} INFO - Sync 1 DAGs
[2025-02-04T16:30:32.931+0000] {logging_mixin.py:190} INFO - [2025-02-04T16:30:32.931+0000] {dag.py:4180} INFO - Setting next_dagrun for tutorial_taskflow_templates to 2025-02-03 00:00:00+00:00, run_after=2025-02-04 00:00:00+00:00
[2025-02-04T16:30:32.958+0000] {processor.py:208} INFO - Processing /home/airflow/.local/lib/python3.9/site-packages/airflow/example_dags/tutorial_taskflow_templates.py took 0.116 seconds
[2025-02-04T16:31:03.351+0000] {processor.py:186} INFO - Started process (PID=1115) to work on /home/airflow/.local/lib/python3.9/site-packages/airflow/example_dags/tutorial_taskflow_templates.py
[2025-02-04T16:31:03.352+0000] {processor.py:914} INFO - Processing file /home/airflow/.local/lib/python3.9/site-packages/airflow/example_dags/tutorial_taskflow_templates.py for tasks to queue
[2025-02-04T16:31:03.355+0000] {logging_mixin.py:190} INFO - [2025-02-04T16:31:03.355+0000] {dagbag.py:588} INFO - Filling up the DagBag from /home/airflow/.local/lib/python3.9/site-packages/airflow/example_dags/tutorial_taskflow_templates.py
[2025-02-04T16:31:03.368+0000] {processor.py:925} INFO - DAG(s) 'tutorial_taskflow_templates' retrieved from /home/airflow/.local/lib/python3.9/site-packages/airflow/example_dags/tutorial_taskflow_templates.py
[2025-02-04T16:31:03.393+0000] {logging_mixin.py:190} INFO - [2025-02-04T16:31:03.392+0000] {dag.py:3239} INFO - Sync 1 DAGs
[2025-02-04T16:31:03.417+0000] {logging_mixin.py:190} INFO - [2025-02-04T16:31:03.417+0000] {dag.py:4180} INFO - Setting next_dagrun for tutorial_taskflow_templates to 2025-02-03 00:00:00+00:00, run_after=2025-02-04 00:00:00+00:00
[2025-02-04T16:31:03.445+0000] {processor.py:208} INFO - Processing /home/airflow/.local/lib/python3.9/site-packages/airflow/example_dags/tutorial_taskflow_templates.py took 0.100 seconds
[2025-02-04T16:31:34.456+0000] {processor.py:186} INFO - Started process (PID=1179) to work on /home/airflow/.local/lib/python3.9/site-packages/airflow/example_dags/tutorial_taskflow_templates.py
[2025-02-04T16:31:34.458+0000] {processor.py:914} INFO - Processing file /home/airflow/.local/lib/python3.9/site-packages/airflow/example_dags/tutorial_taskflow_templates.py for tasks to queue
[2025-02-04T16:31:34.461+0000] {logging_mixin.py:190} INFO - [2025-02-04T16:31:34.461+0000] {dagbag.py:588} INFO - Filling up the DagBag from /home/airflow/.local/lib/python3.9/site-packages/airflow/example_dags/tutorial_taskflow_templates.py
[2025-02-04T16:31:34.476+0000] {processor.py:925} INFO - DAG(s) 'tutorial_taskflow_templates' retrieved from /home/airflow/.local/lib/python3.9/site-packages/airflow/example_dags/tutorial_taskflow_templates.py
[2025-02-04T16:31:34.499+0000] {logging_mixin.py:190} INFO - [2025-02-04T16:31:34.499+0000] {dag.py:3239} INFO - Sync 1 DAGs
[2025-02-04T16:31:34.527+0000] {logging_mixin.py:190} INFO - [2025-02-04T16:31:34.527+0000] {dag.py:4180} INFO - Setting next_dagrun for tutorial_taskflow_templates to 2025-02-03 00:00:00+00:00, run_after=2025-02-04 00:00:00+00:00
[2025-02-04T16:31:34.562+0000] {processor.py:208} INFO - Processing /home/airflow/.local/lib/python3.9/site-packages/airflow/example_dags/tutorial_taskflow_templates.py took 0.113 seconds
[2025-02-04T16:32:05.933+0000] {processor.py:186} INFO - Started process (PID=1243) to work on /home/airflow/.local/lib/python3.9/site-packages/airflow/example_dags/tutorial_taskflow_templates.py
[2025-02-04T16:32:05.934+0000] {processor.py:914} INFO - Processing file /home/airflow/.local/lib/python3.9/site-packages/airflow/example_dags/tutorial_taskflow_templates.py for tasks to queue
[2025-02-04T16:32:05.938+0000] {logging_mixin.py:190} INFO - [2025-02-04T16:32:05.937+0000] {dagbag.py:588} INFO - Filling up the DagBag from /home/airflow/.local/lib/python3.9/site-packages/airflow/example_dags/tutorial_taskflow_templates.py
[2025-02-04T16:32:05.957+0000] {processor.py:925} INFO - DAG(s) 'tutorial_taskflow_templates' retrieved from /home/airflow/.local/lib/python3.9/site-packages/airflow/example_dags/tutorial_taskflow_templates.py
[2025-02-04T16:32:05.983+0000] {logging_mixin.py:190} INFO - [2025-02-04T16:32:05.982+0000] {dag.py:3239} INFO - Sync 1 DAGs
[2025-02-04T16:32:06.011+0000] {logging_mixin.py:190} INFO - [2025-02-04T16:32:06.010+0000] {dag.py:4180} INFO - Setting next_dagrun for tutorial_taskflow_templates to 2025-02-03 00:00:00+00:00, run_after=2025-02-04 00:00:00+00:00
[2025-02-04T16:32:06.036+0000] {processor.py:208} INFO - Processing /home/airflow/.local/lib/python3.9/site-packages/airflow/example_dags/tutorial_taskflow_templates.py took 0.113 seconds
[2025-02-04T16:32:36.899+0000] {processor.py:186} INFO - Started process (PID=1307) to work on /home/airflow/.local/lib/python3.9/site-packages/airflow/example_dags/tutorial_taskflow_templates.py
[2025-02-04T16:32:36.901+0000] {processor.py:914} INFO - Processing file /home/airflow/.local/lib/python3.9/site-packages/airflow/example_dags/tutorial_taskflow_templates.py for tasks to queue
[2025-02-04T16:32:36.905+0000] {logging_mixin.py:190} INFO - [2025-02-04T16:32:36.904+0000] {dagbag.py:588} INFO - Filling up the DagBag from /home/airflow/.local/lib/python3.9/site-packages/airflow/example_dags/tutorial_taskflow_templates.py
[2025-02-04T16:32:36.927+0000] {processor.py:925} INFO - DAG(s) 'tutorial_taskflow_templates' retrieved from /home/airflow/.local/lib/python3.9/site-packages/airflow/example_dags/tutorial_taskflow_templates.py
[2025-02-04T16:32:36.963+0000] {logging_mixin.py:190} INFO - [2025-02-04T16:32:36.963+0000] {dag.py:3239} INFO - Sync 1 DAGs
[2025-02-04T16:32:37.002+0000] {logging_mixin.py:190} INFO - [2025-02-04T16:32:37.001+0000] {dag.py:4180} INFO - Setting next_dagrun for tutorial_taskflow_templates to 2025-02-03 00:00:00+00:00, run_after=2025-02-04 00:00:00+00:00
[2025-02-04T16:32:37.056+0000] {processor.py:208} INFO - Processing /home/airflow/.local/lib/python3.9/site-packages/airflow/example_dags/tutorial_taskflow_templates.py took 0.165 seconds
[2025-02-04T16:33:07.204+0000] {processor.py:186} INFO - Started process (PID=1381) to work on /home/airflow/.local/lib/python3.9/site-packages/airflow/example_dags/tutorial_taskflow_templates.py
[2025-02-04T16:33:07.206+0000] {processor.py:914} INFO - Processing file /home/airflow/.local/lib/python3.9/site-packages/airflow/example_dags/tutorial_taskflow_templates.py for tasks to queue
[2025-02-04T16:33:07.208+0000] {logging_mixin.py:190} INFO - [2025-02-04T16:33:07.208+0000] {dagbag.py:588} INFO - Filling up the DagBag from /home/airflow/.local/lib/python3.9/site-packages/airflow/example_dags/tutorial_taskflow_templates.py
[2025-02-04T16:33:07.223+0000] {processor.py:925} INFO - DAG(s) 'tutorial_taskflow_templates' retrieved from /home/airflow/.local/lib/python3.9/site-packages/airflow/example_dags/tutorial_taskflow_templates.py
[2025-02-04T16:33:07.247+0000] {logging_mixin.py:190} INFO - [2025-02-04T16:33:07.246+0000] {dag.py:3239} INFO - Sync 1 DAGs
[2025-02-04T16:33:07.271+0000] {logging_mixin.py:190} INFO - [2025-02-04T16:33:07.271+0000] {dag.py:4180} INFO - Setting next_dagrun for tutorial_taskflow_templates to 2025-02-03 00:00:00+00:00, run_after=2025-02-04 00:00:00+00:00
[2025-02-04T16:33:07.300+0000] {processor.py:208} INFO - Processing /home/airflow/.local/lib/python3.9/site-packages/airflow/example_dags/tutorial_taskflow_templates.py took 0.102 seconds
[2025-02-04T16:33:37.664+0000] {processor.py:186} INFO - Started process (PID=1445) to work on /home/airflow/.local/lib/python3.9/site-packages/airflow/example_dags/tutorial_taskflow_templates.py
[2025-02-04T16:33:37.665+0000] {processor.py:914} INFO - Processing file /home/airflow/.local/lib/python3.9/site-packages/airflow/example_dags/tutorial_taskflow_templates.py for tasks to queue
[2025-02-04T16:33:37.669+0000] {logging_mixin.py:190} INFO - [2025-02-04T16:33:37.668+0000] {dagbag.py:588} INFO - Filling up the DagBag from /home/airflow/.local/lib/python3.9/site-packages/airflow/example_dags/tutorial_taskflow_templates.py
[2025-02-04T16:33:37.685+0000] {processor.py:925} INFO - DAG(s) 'tutorial_taskflow_templates' retrieved from /home/airflow/.local/lib/python3.9/site-packages/airflow/example_dags/tutorial_taskflow_templates.py
[2025-02-04T16:33:37.711+0000] {logging_mixin.py:190} INFO - [2025-02-04T16:33:37.711+0000] {dag.py:3239} INFO - Sync 1 DAGs
[2025-02-04T16:33:37.737+0000] {logging_mixin.py:190} INFO - [2025-02-04T16:33:37.736+0000] {dag.py:4180} INFO - Setting next_dagrun for tutorial_taskflow_templates to 2025-02-03 00:00:00+00:00, run_after=2025-02-04 00:00:00+00:00
[2025-02-04T16:33:37.765+0000] {processor.py:208} INFO - Processing /home/airflow/.local/lib/python3.9/site-packages/airflow/example_dags/tutorial_taskflow_templates.py took 0.108 seconds
[2025-02-04T16:34:08.392+0000] {processor.py:186} INFO - Started process (PID=1507) to work on /home/airflow/.local/lib/python3.9/site-packages/airflow/example_dags/tutorial_taskflow_templates.py
[2025-02-04T16:34:08.394+0000] {processor.py:914} INFO - Processing file /home/airflow/.local/lib/python3.9/site-packages/airflow/example_dags/tutorial_taskflow_templates.py for tasks to queue
[2025-02-04T16:34:08.396+0000] {logging_mixin.py:190} INFO - [2025-02-04T16:34:08.396+0000] {dagbag.py:588} INFO - Filling up the DagBag from /home/airflow/.local/lib/python3.9/site-packages/airflow/example_dags/tutorial_taskflow_templates.py
[2025-02-04T16:34:08.409+0000] {processor.py:925} INFO - DAG(s) 'tutorial_taskflow_templates' retrieved from /home/airflow/.local/lib/python3.9/site-packages/airflow/example_dags/tutorial_taskflow_templates.py
[2025-02-04T16:34:08.430+0000] {logging_mixin.py:190} INFO - [2025-02-04T16:34:08.430+0000] {dag.py:3239} INFO - Sync 1 DAGs
[2025-02-04T16:34:08.453+0000] {logging_mixin.py:190} INFO - [2025-02-04T16:34:08.453+0000] {dag.py:4180} INFO - Setting next_dagrun for tutorial_taskflow_templates to 2025-02-03 00:00:00+00:00, run_after=2025-02-04 00:00:00+00:00
[2025-02-04T16:34:08.479+0000] {processor.py:208} INFO - Processing /home/airflow/.local/lib/python3.9/site-packages/airflow/example_dags/tutorial_taskflow_templates.py took 0.093 seconds
[2025-02-04T16:34:42.962+0000] {processor.py:186} INFO - Started process (PID=1575) to work on /home/airflow/.local/lib/python3.9/site-packages/airflow/example_dags/tutorial_taskflow_templates.py
[2025-02-04T16:34:43.099+0000] {processor.py:914} INFO - Processing file /home/airflow/.local/lib/python3.9/site-packages/airflow/example_dags/tutorial_taskflow_templates.py for tasks to queue
[2025-02-04T16:34:43.102+0000] {logging_mixin.py:190} INFO - [2025-02-04T16:34:43.101+0000] {dagbag.py:588} INFO - Filling up the DagBag from /home/airflow/.local/lib/python3.9/site-packages/airflow/example_dags/tutorial_taskflow_templates.py
[2025-02-04T16:34:43.116+0000] {processor.py:925} INFO - DAG(s) 'tutorial_taskflow_templates' retrieved from /home/airflow/.local/lib/python3.9/site-packages/airflow/example_dags/tutorial_taskflow_templates.py
[2025-02-04T16:34:43.140+0000] {logging_mixin.py:190} INFO - [2025-02-04T16:34:43.140+0000] {dag.py:3239} INFO - Sync 1 DAGs
[2025-02-04T16:34:43.169+0000] {logging_mixin.py:190} INFO - [2025-02-04T16:34:43.168+0000] {dag.py:4180} INFO - Setting next_dagrun for tutorial_taskflow_templates to 2025-02-03 00:00:00+00:00, run_after=2025-02-04 00:00:00+00:00
[2025-02-04T16:34:43.195+0000] {processor.py:208} INFO - Processing /home/airflow/.local/lib/python3.9/site-packages/airflow/example_dags/tutorial_taskflow_templates.py took 0.240 seconds
[2025-02-04T16:35:13.425+0000] {processor.py:186} INFO - Started process (PID=1639) to work on /home/airflow/.local/lib/python3.9/site-packages/airflow/example_dags/tutorial_taskflow_templates.py
[2025-02-04T16:35:13.426+0000] {processor.py:914} INFO - Processing file /home/airflow/.local/lib/python3.9/site-packages/airflow/example_dags/tutorial_taskflow_templates.py for tasks to queue
[2025-02-04T16:35:13.428+0000] {logging_mixin.py:190} INFO - [2025-02-04T16:35:13.428+0000] {dagbag.py:588} INFO - Filling up the DagBag from /home/airflow/.local/lib/python3.9/site-packages/airflow/example_dags/tutorial_taskflow_templates.py
[2025-02-04T16:35:13.442+0000] {processor.py:925} INFO - DAG(s) 'tutorial_taskflow_templates' retrieved from /home/airflow/.local/lib/python3.9/site-packages/airflow/example_dags/tutorial_taskflow_templates.py
[2025-02-04T16:35:13.465+0000] {logging_mixin.py:190} INFO - [2025-02-04T16:35:13.465+0000] {dag.py:3239} INFO - Sync 1 DAGs
[2025-02-04T16:35:13.490+0000] {logging_mixin.py:190} INFO - [2025-02-04T16:35:13.490+0000] {dag.py:4180} INFO - Setting next_dagrun for tutorial_taskflow_templates to 2025-02-03 00:00:00+00:00, run_after=2025-02-04 00:00:00+00:00
[2025-02-04T16:35:13.518+0000] {processor.py:208} INFO - Processing /home/airflow/.local/lib/python3.9/site-packages/airflow/example_dags/tutorial_taskflow_templates.py took 0.100 seconds
[2025-02-04T16:35:44.199+0000] {processor.py:186} INFO - Started process (PID=1703) to work on /home/airflow/.local/lib/python3.9/site-packages/airflow/example_dags/tutorial_taskflow_templates.py
[2025-02-04T16:35:44.200+0000] {processor.py:914} INFO - Processing file /home/airflow/.local/lib/python3.9/site-packages/airflow/example_dags/tutorial_taskflow_templates.py for tasks to queue
[2025-02-04T16:35:44.203+0000] {logging_mixin.py:190} INFO - [2025-02-04T16:35:44.203+0000] {dagbag.py:588} INFO - Filling up the DagBag from /home/airflow/.local/lib/python3.9/site-packages/airflow/example_dags/tutorial_taskflow_templates.py
[2025-02-04T16:35:44.225+0000] {processor.py:925} INFO - DAG(s) 'tutorial_taskflow_templates' retrieved from /home/airflow/.local/lib/python3.9/site-packages/airflow/example_dags/tutorial_taskflow_templates.py
[2025-02-04T16:35:44.248+0000] {logging_mixin.py:190} INFO - [2025-02-04T16:35:44.248+0000] {dag.py:3239} INFO - Sync 1 DAGs
[2025-02-04T16:35:44.279+0000] {logging_mixin.py:190} INFO - [2025-02-04T16:35:44.279+0000] {dag.py:4180} INFO - Setting next_dagrun for tutorial_taskflow_templates to 2025-02-03 00:00:00+00:00, run_after=2025-02-04 00:00:00+00:00
[2025-02-04T16:35:44.304+0000] {processor.py:208} INFO - Processing /home/airflow/.local/lib/python3.9/site-packages/airflow/example_dags/tutorial_taskflow_templates.py took 0.113 seconds
[2025-02-04T16:36:14.698+0000] {processor.py:186} INFO - Started process (PID=1768) to work on /home/airflow/.local/lib/python3.9/site-packages/airflow/example_dags/tutorial_taskflow_templates.py
[2025-02-04T16:36:14.699+0000] {processor.py:914} INFO - Processing file /home/airflow/.local/lib/python3.9/site-packages/airflow/example_dags/tutorial_taskflow_templates.py for tasks to queue
[2025-02-04T16:36:14.702+0000] {logging_mixin.py:190} INFO - [2025-02-04T16:36:14.702+0000] {dagbag.py:588} INFO - Filling up the DagBag from /home/airflow/.local/lib/python3.9/site-packages/airflow/example_dags/tutorial_taskflow_templates.py
[2025-02-04T16:36:14.717+0000] {processor.py:925} INFO - DAG(s) 'tutorial_taskflow_templates' retrieved from /home/airflow/.local/lib/python3.9/site-packages/airflow/example_dags/tutorial_taskflow_templates.py
[2025-02-04T16:36:14.741+0000] {logging_mixin.py:190} INFO - [2025-02-04T16:36:14.741+0000] {dag.py:3239} INFO - Sync 1 DAGs
[2025-02-04T16:36:14.767+0000] {logging_mixin.py:190} INFO - [2025-02-04T16:36:14.767+0000] {dag.py:4180} INFO - Setting next_dagrun for tutorial_taskflow_templates to 2025-02-03 00:00:00+00:00, run_after=2025-02-04 00:00:00+00:00
[2025-02-04T16:36:14.795+0000] {processor.py:208} INFO - Processing /home/airflow/.local/lib/python3.9/site-packages/airflow/example_dags/tutorial_taskflow_templates.py took 0.104 seconds
[2025-02-04T16:36:45.518+0000] {processor.py:186} INFO - Started process (PID=1832) to work on /home/airflow/.local/lib/python3.9/site-packages/airflow/example_dags/tutorial_taskflow_templates.py
[2025-02-04T16:36:45.519+0000] {processor.py:914} INFO - Processing file /home/airflow/.local/lib/python3.9/site-packages/airflow/example_dags/tutorial_taskflow_templates.py for tasks to queue
[2025-02-04T16:36:45.522+0000] {logging_mixin.py:190} INFO - [2025-02-04T16:36:45.521+0000] {dagbag.py:588} INFO - Filling up the DagBag from /home/airflow/.local/lib/python3.9/site-packages/airflow/example_dags/tutorial_taskflow_templates.py
[2025-02-04T16:36:45.536+0000] {processor.py:925} INFO - DAG(s) 'tutorial_taskflow_templates' retrieved from /home/airflow/.local/lib/python3.9/site-packages/airflow/example_dags/tutorial_taskflow_templates.py
[2025-02-04T16:36:45.559+0000] {logging_mixin.py:190} INFO - [2025-02-04T16:36:45.559+0000] {dag.py:3239} INFO - Sync 1 DAGs
[2025-02-04T16:36:45.587+0000] {logging_mixin.py:190} INFO - [2025-02-04T16:36:45.586+0000] {dag.py:4180} INFO - Setting next_dagrun for tutorial_taskflow_templates to 2025-02-03 00:00:00+00:00, run_after=2025-02-04 00:00:00+00:00
[2025-02-04T16:36:45.618+0000] {processor.py:208} INFO - Processing /home/airflow/.local/lib/python3.9/site-packages/airflow/example_dags/tutorial_taskflow_templates.py took 0.106 seconds
[2025-02-04T16:39:27.836+0000] {processor.py:186} INFO - Started process (PID=1932) to work on /home/airflow/.local/lib/python3.9/site-packages/airflow/example_dags/tutorial_taskflow_templates.py
[2025-02-04T16:39:27.838+0000] {processor.py:914} INFO - Processing file /home/airflow/.local/lib/python3.9/site-packages/airflow/example_dags/tutorial_taskflow_templates.py for tasks to queue
[2025-02-04T16:39:27.840+0000] {logging_mixin.py:190} INFO - [2025-02-04T16:39:27.839+0000] {dagbag.py:588} INFO - Filling up the DagBag from /home/airflow/.local/lib/python3.9/site-packages/airflow/example_dags/tutorial_taskflow_templates.py
[2025-02-04T16:39:27.858+0000] {processor.py:925} INFO - DAG(s) 'tutorial_taskflow_templates' retrieved from /home/airflow/.local/lib/python3.9/site-packages/airflow/example_dags/tutorial_taskflow_templates.py
[2025-02-04T16:39:27.888+0000] {logging_mixin.py:190} INFO - [2025-02-04T16:39:27.887+0000] {dag.py:3239} INFO - Sync 1 DAGs
[2025-02-04T16:39:27.918+0000] {logging_mixin.py:190} INFO - [2025-02-04T16:39:27.918+0000] {dag.py:4180} INFO - Setting next_dagrun for tutorial_taskflow_templates to 2025-02-03 00:00:00+00:00, run_after=2025-02-04 00:00:00+00:00
[2025-02-04T16:39:27.946+0000] {processor.py:208} INFO - Processing /home/airflow/.local/lib/python3.9/site-packages/airflow/example_dags/tutorial_taskflow_templates.py took 0.117 seconds
[2025-02-04T16:39:58.177+0000] {processor.py:186} INFO - Started process (PID=1996) to work on /home/airflow/.local/lib/python3.9/site-packages/airflow/example_dags/tutorial_taskflow_templates.py
[2025-02-04T16:39:58.178+0000] {processor.py:914} INFO - Processing file /home/airflow/.local/lib/python3.9/site-packages/airflow/example_dags/tutorial_taskflow_templates.py for tasks to queue
[2025-02-04T16:39:58.180+0000] {logging_mixin.py:190} INFO - [2025-02-04T16:39:58.180+0000] {dagbag.py:588} INFO - Filling up the DagBag from /home/airflow/.local/lib/python3.9/site-packages/airflow/example_dags/tutorial_taskflow_templates.py
[2025-02-04T16:39:58.193+0000] {processor.py:925} INFO - DAG(s) 'tutorial_taskflow_templates' retrieved from /home/airflow/.local/lib/python3.9/site-packages/airflow/example_dags/tutorial_taskflow_templates.py
[2025-02-04T16:39:58.212+0000] {logging_mixin.py:190} INFO - [2025-02-04T16:39:58.212+0000] {dag.py:3239} INFO - Sync 1 DAGs
[2025-02-04T16:39:58.238+0000] {logging_mixin.py:190} INFO - [2025-02-04T16:39:58.238+0000] {dag.py:4180} INFO - Setting next_dagrun for tutorial_taskflow_templates to 2025-02-03 00:00:00+00:00, run_after=2025-02-04 00:00:00+00:00
[2025-02-04T16:39:58.262+0000] {processor.py:208} INFO - Processing /home/airflow/.local/lib/python3.9/site-packages/airflow/example_dags/tutorial_taskflow_templates.py took 0.090 seconds
[2025-02-04T16:40:29.058+0000] {processor.py:186} INFO - Started process (PID=2060) to work on /home/airflow/.local/lib/python3.9/site-packages/airflow/example_dags/tutorial_taskflow_templates.py
[2025-02-04T16:40:29.059+0000] {processor.py:914} INFO - Processing file /home/airflow/.local/lib/python3.9/site-packages/airflow/example_dags/tutorial_taskflow_templates.py for tasks to queue
[2025-02-04T16:40:29.061+0000] {logging_mixin.py:190} INFO - [2025-02-04T16:40:29.061+0000] {dagbag.py:588} INFO - Filling up the DagBag from /home/airflow/.local/lib/python3.9/site-packages/airflow/example_dags/tutorial_taskflow_templates.py
[2025-02-04T16:40:29.075+0000] {processor.py:925} INFO - DAG(s) 'tutorial_taskflow_templates' retrieved from /home/airflow/.local/lib/python3.9/site-packages/airflow/example_dags/tutorial_taskflow_templates.py
[2025-02-04T16:40:29.098+0000] {logging_mixin.py:190} INFO - [2025-02-04T16:40:29.097+0000] {dag.py:3239} INFO - Sync 1 DAGs
[2025-02-04T16:40:29.122+0000] {logging_mixin.py:190} INFO - [2025-02-04T16:40:29.122+0000] {dag.py:4180} INFO - Setting next_dagrun for tutorial_taskflow_templates to 2025-02-03 00:00:00+00:00, run_after=2025-02-04 00:00:00+00:00
[2025-02-04T16:40:29.148+0000] {processor.py:208} INFO - Processing /home/airflow/.local/lib/python3.9/site-packages/airflow/example_dags/tutorial_taskflow_templates.py took 0.096 seconds
[2025-02-04T16:40:59.826+0000] {processor.py:186} INFO - Started process (PID=2124) to work on /home/airflow/.local/lib/python3.9/site-packages/airflow/example_dags/tutorial_taskflow_templates.py
[2025-02-04T16:40:59.827+0000] {processor.py:914} INFO - Processing file /home/airflow/.local/lib/python3.9/site-packages/airflow/example_dags/tutorial_taskflow_templates.py for tasks to queue
[2025-02-04T16:40:59.829+0000] {logging_mixin.py:190} INFO - [2025-02-04T16:40:59.829+0000] {dagbag.py:588} INFO - Filling up the DagBag from /home/airflow/.local/lib/python3.9/site-packages/airflow/example_dags/tutorial_taskflow_templates.py
[2025-02-04T16:40:59.843+0000] {processor.py:925} INFO - DAG(s) 'tutorial_taskflow_templates' retrieved from /home/airflow/.local/lib/python3.9/site-packages/airflow/example_dags/tutorial_taskflow_templates.py
[2025-02-04T16:40:59.868+0000] {logging_mixin.py:190} INFO - [2025-02-04T16:40:59.868+0000] {dag.py:3239} INFO - Sync 1 DAGs
[2025-02-04T16:40:59.894+0000] {logging_mixin.py:190} INFO - [2025-02-04T16:40:59.894+0000] {dag.py:4180} INFO - Setting next_dagrun for tutorial_taskflow_templates to 2025-02-03 00:00:00+00:00, run_after=2025-02-04 00:00:00+00:00
[2025-02-04T16:40:59.919+0000] {processor.py:208} INFO - Processing /home/airflow/.local/lib/python3.9/site-packages/airflow/example_dags/tutorial_taskflow_templates.py took 0.099 seconds
[2025-02-04T16:41:31.164+0000] {processor.py:186} INFO - Started process (PID=2188) to work on /home/airflow/.local/lib/python3.9/site-packages/airflow/example_dags/tutorial_taskflow_templates.py
[2025-02-04T16:41:31.166+0000] {processor.py:914} INFO - Processing file /home/airflow/.local/lib/python3.9/site-packages/airflow/example_dags/tutorial_taskflow_templates.py for tasks to queue
[2025-02-04T16:41:31.167+0000] {logging_mixin.py:190} INFO - [2025-02-04T16:41:31.167+0000] {dagbag.py:588} INFO - Filling up the DagBag from /home/airflow/.local/lib/python3.9/site-packages/airflow/example_dags/tutorial_taskflow_templates.py
[2025-02-04T16:41:31.184+0000] {processor.py:925} INFO - DAG(s) 'tutorial_taskflow_templates' retrieved from /home/airflow/.local/lib/python3.9/site-packages/airflow/example_dags/tutorial_taskflow_templates.py
[2025-02-04T16:41:31.206+0000] {logging_mixin.py:190} INFO - [2025-02-04T16:41:31.206+0000] {dag.py:3239} INFO - Sync 1 DAGs
[2025-02-04T16:41:31.233+0000] {logging_mixin.py:190} INFO - [2025-02-04T16:41:31.233+0000] {dag.py:4180} INFO - Setting next_dagrun for tutorial_taskflow_templates to 2025-02-03 00:00:00+00:00, run_after=2025-02-04 00:00:00+00:00
[2025-02-04T16:41:31.259+0000] {processor.py:208} INFO - Processing /home/airflow/.local/lib/python3.9/site-packages/airflow/example_dags/tutorial_taskflow_templates.py took 0.101 seconds
[2025-02-04T16:42:02.509+0000] {processor.py:186} INFO - Started process (PID=2255) to work on /home/airflow/.local/lib/python3.9/site-packages/airflow/example_dags/tutorial_taskflow_templates.py
[2025-02-04T16:42:02.510+0000] {processor.py:914} INFO - Processing file /home/airflow/.local/lib/python3.9/site-packages/airflow/example_dags/tutorial_taskflow_templates.py for tasks to queue
[2025-02-04T16:42:02.512+0000] {logging_mixin.py:190} INFO - [2025-02-04T16:42:02.512+0000] {dagbag.py:588} INFO - Filling up the DagBag from /home/airflow/.local/lib/python3.9/site-packages/airflow/example_dags/tutorial_taskflow_templates.py
[2025-02-04T16:42:02.531+0000] {processor.py:925} INFO - DAG(s) 'tutorial_taskflow_templates' retrieved from /home/airflow/.local/lib/python3.9/site-packages/airflow/example_dags/tutorial_taskflow_templates.py
[2025-02-04T16:42:02.553+0000] {logging_mixin.py:190} INFO - [2025-02-04T16:42:02.553+0000] {dag.py:3239} INFO - Sync 1 DAGs
[2025-02-04T16:42:02.578+0000] {logging_mixin.py:190} INFO - [2025-02-04T16:42:02.578+0000] {dag.py:4180} INFO - Setting next_dagrun for tutorial_taskflow_templates to 2025-02-03 00:00:00+00:00, run_after=2025-02-04 00:00:00+00:00
[2025-02-04T16:42:02.604+0000] {processor.py:208} INFO - Processing /home/airflow/.local/lib/python3.9/site-packages/airflow/example_dags/tutorial_taskflow_templates.py took 0.102 seconds
[2025-02-04T16:42:33.168+0000] {processor.py:186} INFO - Started process (PID=2319) to work on /home/airflow/.local/lib/python3.9/site-packages/airflow/example_dags/tutorial_taskflow_templates.py
[2025-02-04T16:42:33.169+0000] {processor.py:914} INFO - Processing file /home/airflow/.local/lib/python3.9/site-packages/airflow/example_dags/tutorial_taskflow_templates.py for tasks to queue
[2025-02-04T16:42:33.172+0000] {logging_mixin.py:190} INFO - [2025-02-04T16:42:33.171+0000] {dagbag.py:588} INFO - Filling up the DagBag from /home/airflow/.local/lib/python3.9/site-packages/airflow/example_dags/tutorial_taskflow_templates.py
[2025-02-04T16:42:33.186+0000] {processor.py:925} INFO - DAG(s) 'tutorial_taskflow_templates' retrieved from /home/airflow/.local/lib/python3.9/site-packages/airflow/example_dags/tutorial_taskflow_templates.py
[2025-02-04T16:42:33.215+0000] {logging_mixin.py:190} INFO - [2025-02-04T16:42:33.215+0000] {dag.py:3239} INFO - Sync 1 DAGs
[2025-02-04T16:42:33.245+0000] {logging_mixin.py:190} INFO - [2025-02-04T16:42:33.245+0000] {dag.py:4180} INFO - Setting next_dagrun for tutorial_taskflow_templates to 2025-02-03 00:00:00+00:00, run_after=2025-02-04 00:00:00+00:00
[2025-02-04T16:42:33.273+0000] {processor.py:208} INFO - Processing /home/airflow/.local/lib/python3.9/site-packages/airflow/example_dags/tutorial_taskflow_templates.py took 0.112 seconds
[2025-02-04T16:43:03.630+0000] {processor.py:186} INFO - Started process (PID=2383) to work on /home/airflow/.local/lib/python3.9/site-packages/airflow/example_dags/tutorial_taskflow_templates.py
[2025-02-04T16:43:03.631+0000] {processor.py:914} INFO - Processing file /home/airflow/.local/lib/python3.9/site-packages/airflow/example_dags/tutorial_taskflow_templates.py for tasks to queue
[2025-02-04T16:43:03.633+0000] {logging_mixin.py:190} INFO - [2025-02-04T16:43:03.633+0000] {dagbag.py:588} INFO - Filling up the DagBag from /home/airflow/.local/lib/python3.9/site-packages/airflow/example_dags/tutorial_taskflow_templates.py
[2025-02-04T16:43:03.647+0000] {processor.py:925} INFO - DAG(s) 'tutorial_taskflow_templates' retrieved from /home/airflow/.local/lib/python3.9/site-packages/airflow/example_dags/tutorial_taskflow_templates.py
[2025-02-04T16:43:03.671+0000] {logging_mixin.py:190} INFO - [2025-02-04T16:43:03.670+0000] {dag.py:3239} INFO - Sync 1 DAGs
[2025-02-04T16:43:03.698+0000] {logging_mixin.py:190} INFO - [2025-02-04T16:43:03.698+0000] {dag.py:4180} INFO - Setting next_dagrun for tutorial_taskflow_templates to 2025-02-03 00:00:00+00:00, run_after=2025-02-04 00:00:00+00:00
[2025-02-04T16:43:03.726+0000] {processor.py:208} INFO - Processing /home/airflow/.local/lib/python3.9/site-packages/airflow/example_dags/tutorial_taskflow_templates.py took 0.104 seconds
[2025-02-04T16:43:34.229+0000] {processor.py:186} INFO - Started process (PID=2447) to work on /home/airflow/.local/lib/python3.9/site-packages/airflow/example_dags/tutorial_taskflow_templates.py
[2025-02-04T16:43:34.230+0000] {processor.py:914} INFO - Processing file /home/airflow/.local/lib/python3.9/site-packages/airflow/example_dags/tutorial_taskflow_templates.py for tasks to queue
[2025-02-04T16:43:34.232+0000] {logging_mixin.py:190} INFO - [2025-02-04T16:43:34.232+0000] {dagbag.py:588} INFO - Filling up the DagBag from /home/airflow/.local/lib/python3.9/site-packages/airflow/example_dags/tutorial_taskflow_templates.py
[2025-02-04T16:43:34.246+0000] {processor.py:925} INFO - DAG(s) 'tutorial_taskflow_templates' retrieved from /home/airflow/.local/lib/python3.9/site-packages/airflow/example_dags/tutorial_taskflow_templates.py
[2025-02-04T16:43:34.271+0000] {logging_mixin.py:190} INFO - [2025-02-04T16:43:34.271+0000] {dag.py:3239} INFO - Sync 1 DAGs
[2025-02-04T16:43:34.298+0000] {logging_mixin.py:190} INFO - [2025-02-04T16:43:34.298+0000] {dag.py:4180} INFO - Setting next_dagrun for tutorial_taskflow_templates to 2025-02-03 00:00:00+00:00, run_after=2025-02-04 00:00:00+00:00
[2025-02-04T16:43:34.334+0000] {processor.py:208} INFO - Processing /home/airflow/.local/lib/python3.9/site-packages/airflow/example_dags/tutorial_taskflow_templates.py took 0.111 seconds
[2025-02-04T16:44:04.873+0000] {processor.py:186} INFO - Started process (PID=2511) to work on /home/airflow/.local/lib/python3.9/site-packages/airflow/example_dags/tutorial_taskflow_templates.py
[2025-02-04T16:44:04.874+0000] {processor.py:914} INFO - Processing file /home/airflow/.local/lib/python3.9/site-packages/airflow/example_dags/tutorial_taskflow_templates.py for tasks to queue
[2025-02-04T16:44:04.876+0000] {logging_mixin.py:190} INFO - [2025-02-04T16:44:04.876+0000] {dagbag.py:588} INFO - Filling up the DagBag from /home/airflow/.local/lib/python3.9/site-packages/airflow/example_dags/tutorial_taskflow_templates.py
[2025-02-04T16:44:04.890+0000] {processor.py:925} INFO - DAG(s) 'tutorial_taskflow_templates' retrieved from /home/airflow/.local/lib/python3.9/site-packages/airflow/example_dags/tutorial_taskflow_templates.py
[2025-02-04T16:44:04.914+0000] {logging_mixin.py:190} INFO - [2025-02-04T16:44:04.914+0000] {dag.py:3239} INFO - Sync 1 DAGs
[2025-02-04T16:44:04.941+0000] {logging_mixin.py:190} INFO - [2025-02-04T16:44:04.940+0000] {dag.py:4180} INFO - Setting next_dagrun for tutorial_taskflow_templates to 2025-02-03 00:00:00+00:00, run_after=2025-02-04 00:00:00+00:00
[2025-02-04T16:44:04.969+0000] {processor.py:208} INFO - Processing /home/airflow/.local/lib/python3.9/site-packages/airflow/example_dags/tutorial_taskflow_templates.py took 0.103 seconds
[2025-02-04T16:44:35.176+0000] {processor.py:186} INFO - Started process (PID=2575) to work on /home/airflow/.local/lib/python3.9/site-packages/airflow/example_dags/tutorial_taskflow_templates.py
[2025-02-04T16:44:35.177+0000] {processor.py:914} INFO - Processing file /home/airflow/.local/lib/python3.9/site-packages/airflow/example_dags/tutorial_taskflow_templates.py for tasks to queue
[2025-02-04T16:44:35.179+0000] {logging_mixin.py:190} INFO - [2025-02-04T16:44:35.178+0000] {dagbag.py:588} INFO - Filling up the DagBag from /home/airflow/.local/lib/python3.9/site-packages/airflow/example_dags/tutorial_taskflow_templates.py
[2025-02-04T16:44:35.194+0000] {processor.py:925} INFO - DAG(s) 'tutorial_taskflow_templates' retrieved from /home/airflow/.local/lib/python3.9/site-packages/airflow/example_dags/tutorial_taskflow_templates.py
[2025-02-04T16:44:35.217+0000] {logging_mixin.py:190} INFO - [2025-02-04T16:44:35.217+0000] {dag.py:3239} INFO - Sync 1 DAGs
[2025-02-04T16:44:35.245+0000] {logging_mixin.py:190} INFO - [2025-02-04T16:44:35.244+0000] {dag.py:4180} INFO - Setting next_dagrun for tutorial_taskflow_templates to 2025-02-03 00:00:00+00:00, run_after=2025-02-04 00:00:00+00:00
[2025-02-04T16:44:35.273+0000] {processor.py:208} INFO - Processing /home/airflow/.local/lib/python3.9/site-packages/airflow/example_dags/tutorial_taskflow_templates.py took 0.104 seconds
[2025-02-04T16:45:05.621+0000] {processor.py:186} INFO - Started process (PID=2646) to work on /home/airflow/.local/lib/python3.9/site-packages/airflow/example_dags/tutorial_taskflow_templates.py
[2025-02-04T16:45:05.622+0000] {processor.py:914} INFO - Processing file /home/airflow/.local/lib/python3.9/site-packages/airflow/example_dags/tutorial_taskflow_templates.py for tasks to queue
[2025-02-04T16:45:05.624+0000] {logging_mixin.py:190} INFO - [2025-02-04T16:45:05.624+0000] {dagbag.py:588} INFO - Filling up the DagBag from /home/airflow/.local/lib/python3.9/site-packages/airflow/example_dags/tutorial_taskflow_templates.py
[2025-02-04T16:45:05.640+0000] {processor.py:925} INFO - DAG(s) 'tutorial_taskflow_templates' retrieved from /home/airflow/.local/lib/python3.9/site-packages/airflow/example_dags/tutorial_taskflow_templates.py
[2025-02-04T16:45:05.665+0000] {logging_mixin.py:190} INFO - [2025-02-04T16:45:05.665+0000] {dag.py:3239} INFO - Sync 1 DAGs
[2025-02-04T16:45:05.694+0000] {logging_mixin.py:190} INFO - [2025-02-04T16:45:05.694+0000] {dag.py:4180} INFO - Setting next_dagrun for tutorial_taskflow_templates to 2025-02-03 00:00:00+00:00, run_after=2025-02-04 00:00:00+00:00
[2025-02-04T16:45:05.726+0000] {processor.py:208} INFO - Processing /home/airflow/.local/lib/python3.9/site-packages/airflow/example_dags/tutorial_taskflow_templates.py took 0.112 seconds
[2025-02-04T16:45:36.057+0000] {processor.py:186} INFO - Started process (PID=2711) to work on /home/airflow/.local/lib/python3.9/site-packages/airflow/example_dags/tutorial_taskflow_templates.py
[2025-02-04T16:45:36.058+0000] {processor.py:914} INFO - Processing file /home/airflow/.local/lib/python3.9/site-packages/airflow/example_dags/tutorial_taskflow_templates.py for tasks to queue
[2025-02-04T16:45:36.060+0000] {logging_mixin.py:190} INFO - [2025-02-04T16:45:36.059+0000] {dagbag.py:588} INFO - Filling up the DagBag from /home/airflow/.local/lib/python3.9/site-packages/airflow/example_dags/tutorial_taskflow_templates.py
[2025-02-04T16:45:36.077+0000] {processor.py:925} INFO - DAG(s) 'tutorial_taskflow_templates' retrieved from /home/airflow/.local/lib/python3.9/site-packages/airflow/example_dags/tutorial_taskflow_templates.py
[2025-02-04T16:45:36.100+0000] {logging_mixin.py:190} INFO - [2025-02-04T16:45:36.099+0000] {dag.py:3239} INFO - Sync 1 DAGs
[2025-02-04T16:45:36.126+0000] {logging_mixin.py:190} INFO - [2025-02-04T16:45:36.126+0000] {dag.py:4180} INFO - Setting next_dagrun for tutorial_taskflow_templates to 2025-02-03 00:00:00+00:00, run_after=2025-02-04 00:00:00+00:00
[2025-02-04T16:45:36.151+0000] {processor.py:208} INFO - Processing /home/airflow/.local/lib/python3.9/site-packages/airflow/example_dags/tutorial_taskflow_templates.py took 0.102 seconds
[2025-02-04T16:46:07.383+0000] {processor.py:186} INFO - Started process (PID=2774) to work on /home/airflow/.local/lib/python3.9/site-packages/airflow/example_dags/tutorial_taskflow_templates.py
[2025-02-04T16:46:07.385+0000] {processor.py:914} INFO - Processing file /home/airflow/.local/lib/python3.9/site-packages/airflow/example_dags/tutorial_taskflow_templates.py for tasks to queue
[2025-02-04T16:46:07.386+0000] {logging_mixin.py:190} INFO - [2025-02-04T16:46:07.386+0000] {dagbag.py:588} INFO - Filling up the DagBag from /home/airflow/.local/lib/python3.9/site-packages/airflow/example_dags/tutorial_taskflow_templates.py
[2025-02-04T16:46:07.402+0000] {processor.py:925} INFO - DAG(s) 'tutorial_taskflow_templates' retrieved from /home/airflow/.local/lib/python3.9/site-packages/airflow/example_dags/tutorial_taskflow_templates.py
[2025-02-04T16:46:07.430+0000] {logging_mixin.py:190} INFO - [2025-02-04T16:46:07.429+0000] {dag.py:3239} INFO - Sync 1 DAGs
[2025-02-04T16:46:07.457+0000] {logging_mixin.py:190} INFO - [2025-02-04T16:46:07.457+0000] {dag.py:4180} INFO - Setting next_dagrun for tutorial_taskflow_templates to 2025-02-03 00:00:00+00:00, run_after=2025-02-04 00:00:00+00:00
[2025-02-04T16:46:07.486+0000] {processor.py:208} INFO - Processing /home/airflow/.local/lib/python3.9/site-packages/airflow/example_dags/tutorial_taskflow_templates.py took 0.110 seconds
[2025-02-04T16:46:37.872+0000] {processor.py:186} INFO - Started process (PID=2838) to work on /home/airflow/.local/lib/python3.9/site-packages/airflow/example_dags/tutorial_taskflow_templates.py
[2025-02-04T16:46:37.873+0000] {processor.py:914} INFO - Processing file /home/airflow/.local/lib/python3.9/site-packages/airflow/example_dags/tutorial_taskflow_templates.py for tasks to queue
[2025-02-04T16:46:37.875+0000] {logging_mixin.py:190} INFO - [2025-02-04T16:46:37.874+0000] {dagbag.py:588} INFO - Filling up the DagBag from /home/airflow/.local/lib/python3.9/site-packages/airflow/example_dags/tutorial_taskflow_templates.py
[2025-02-04T16:46:37.889+0000] {processor.py:925} INFO - DAG(s) 'tutorial_taskflow_templates' retrieved from /home/airflow/.local/lib/python3.9/site-packages/airflow/example_dags/tutorial_taskflow_templates.py
[2025-02-04T16:46:37.913+0000] {logging_mixin.py:190} INFO - [2025-02-04T16:46:37.913+0000] {dag.py:3239} INFO - Sync 1 DAGs
[2025-02-04T16:46:37.941+0000] {logging_mixin.py:190} INFO - [2025-02-04T16:46:37.940+0000] {dag.py:4180} INFO - Setting next_dagrun for tutorial_taskflow_templates to 2025-02-03 00:00:00+00:00, run_after=2025-02-04 00:00:00+00:00
[2025-02-04T16:46:37.967+0000] {processor.py:208} INFO - Processing /home/airflow/.local/lib/python3.9/site-packages/airflow/example_dags/tutorial_taskflow_templates.py took 0.102 seconds
[2025-02-04T16:47:12.999+0000] {processor.py:186} INFO - Started process (PID=2902) to work on /home/airflow/.local/lib/python3.9/site-packages/airflow/example_dags/tutorial_taskflow_templates.py
[2025-02-04T16:47:13.001+0000] {processor.py:914} INFO - Processing file /home/airflow/.local/lib/python3.9/site-packages/airflow/example_dags/tutorial_taskflow_templates.py for tasks to queue
[2025-02-04T16:47:13.003+0000] {logging_mixin.py:190} INFO - [2025-02-04T16:47:13.002+0000] {dagbag.py:588} INFO - Filling up the DagBag from /home/airflow/.local/lib/python3.9/site-packages/airflow/example_dags/tutorial_taskflow_templates.py
[2025-02-04T16:47:13.028+0000] {processor.py:925} INFO - DAG(s) 'tutorial_taskflow_templates' retrieved from /home/airflow/.local/lib/python3.9/site-packages/airflow/example_dags/tutorial_taskflow_templates.py
[2025-02-04T16:47:13.062+0000] {logging_mixin.py:190} INFO - [2025-02-04T16:47:13.060+0000] {dag.py:3239} INFO - Sync 1 DAGs
[2025-02-04T16:47:13.099+0000] {logging_mixin.py:190} INFO - [2025-02-04T16:47:13.099+0000] {dag.py:4180} INFO - Setting next_dagrun for tutorial_taskflow_templates to 2025-02-03 00:00:00+00:00, run_after=2025-02-04 00:00:00+00:00
[2025-02-04T16:47:13.126+0000] {processor.py:208} INFO - Processing /home/airflow/.local/lib/python3.9/site-packages/airflow/example_dags/tutorial_taskflow_templates.py took 0.137 seconds
[2025-02-04T16:47:53.613+0000] {processor.py:186} INFO - Started process (PID=2966) to work on /home/airflow/.local/lib/python3.9/site-packages/airflow/example_dags/tutorial_taskflow_templates.py
[2025-02-04T16:47:53.615+0000] {processor.py:914} INFO - Processing file /home/airflow/.local/lib/python3.9/site-packages/airflow/example_dags/tutorial_taskflow_templates.py for tasks to queue
[2025-02-04T16:47:53.617+0000] {logging_mixin.py:190} INFO - [2025-02-04T16:47:53.617+0000] {dagbag.py:588} INFO - Filling up the DagBag from /home/airflow/.local/lib/python3.9/site-packages/airflow/example_dags/tutorial_taskflow_templates.py
[2025-02-04T16:47:53.632+0000] {processor.py:925} INFO - DAG(s) 'tutorial_taskflow_templates' retrieved from /home/airflow/.local/lib/python3.9/site-packages/airflow/example_dags/tutorial_taskflow_templates.py
[2025-02-04T16:47:53.655+0000] {logging_mixin.py:190} INFO - [2025-02-04T16:47:53.654+0000] {dag.py:3239} INFO - Sync 1 DAGs
[2025-02-04T16:47:53.680+0000] {logging_mixin.py:190} INFO - [2025-02-04T16:47:53.679+0000] {dag.py:4180} INFO - Setting next_dagrun for tutorial_taskflow_templates to 2025-02-03 00:00:00+00:00, run_after=2025-02-04 00:00:00+00:00
[2025-02-04T16:47:53.706+0000] {processor.py:208} INFO - Processing /home/airflow/.local/lib/python3.9/site-packages/airflow/example_dags/tutorial_taskflow_templates.py took 0.100 seconds
[2025-02-04T16:48:24.205+0000] {processor.py:186} INFO - Started process (PID=3031) to work on /home/airflow/.local/lib/python3.9/site-packages/airflow/example_dags/tutorial_taskflow_templates.py
[2025-02-04T16:48:24.206+0000] {processor.py:914} INFO - Processing file /home/airflow/.local/lib/python3.9/site-packages/airflow/example_dags/tutorial_taskflow_templates.py for tasks to queue
[2025-02-04T16:48:24.208+0000] {logging_mixin.py:190} INFO - [2025-02-04T16:48:24.208+0000] {dagbag.py:588} INFO - Filling up the DagBag from /home/airflow/.local/lib/python3.9/site-packages/airflow/example_dags/tutorial_taskflow_templates.py
[2025-02-04T16:48:24.223+0000] {processor.py:925} INFO - DAG(s) 'tutorial_taskflow_templates' retrieved from /home/airflow/.local/lib/python3.9/site-packages/airflow/example_dags/tutorial_taskflow_templates.py
[2025-02-04T16:48:24.248+0000] {logging_mixin.py:190} INFO - [2025-02-04T16:48:24.248+0000] {dag.py:3239} INFO - Sync 1 DAGs
[2025-02-04T16:48:24.278+0000] {logging_mixin.py:190} INFO - [2025-02-04T16:48:24.278+0000] {dag.py:4180} INFO - Setting next_dagrun for tutorial_taskflow_templates to 2025-02-03 00:00:00+00:00, run_after=2025-02-04 00:00:00+00:00
[2025-02-04T16:48:24.306+0000] {processor.py:208} INFO - Processing /home/airflow/.local/lib/python3.9/site-packages/airflow/example_dags/tutorial_taskflow_templates.py took 0.109 seconds
[2025-02-04T16:48:55.306+0000] {processor.py:186} INFO - Started process (PID=3102) to work on /home/airflow/.local/lib/python3.9/site-packages/airflow/example_dags/tutorial_taskflow_templates.py
[2025-02-04T16:48:55.307+0000] {processor.py:914} INFO - Processing file /home/airflow/.local/lib/python3.9/site-packages/airflow/example_dags/tutorial_taskflow_templates.py for tasks to queue
[2025-02-04T16:48:55.309+0000] {logging_mixin.py:190} INFO - [2025-02-04T16:48:55.308+0000] {dagbag.py:588} INFO - Filling up the DagBag from /home/airflow/.local/lib/python3.9/site-packages/airflow/example_dags/tutorial_taskflow_templates.py
[2025-02-04T16:48:55.322+0000] {processor.py:925} INFO - DAG(s) 'tutorial_taskflow_templates' retrieved from /home/airflow/.local/lib/python3.9/site-packages/airflow/example_dags/tutorial_taskflow_templates.py
[2025-02-04T16:48:55.346+0000] {logging_mixin.py:190} INFO - [2025-02-04T16:48:55.345+0000] {dag.py:3239} INFO - Sync 1 DAGs
[2025-02-04T16:48:55.370+0000] {logging_mixin.py:190} INFO - [2025-02-04T16:48:55.370+0000] {dag.py:4180} INFO - Setting next_dagrun for tutorial_taskflow_templates to 2025-02-03 00:00:00+00:00, run_after=2025-02-04 00:00:00+00:00
[2025-02-04T16:48:55.397+0000] {processor.py:208} INFO - Processing /home/airflow/.local/lib/python3.9/site-packages/airflow/example_dags/tutorial_taskflow_templates.py took 0.098 seconds
[2025-02-04T16:49:25.629+0000] {processor.py:186} INFO - Started process (PID=3166) to work on /home/airflow/.local/lib/python3.9/site-packages/airflow/example_dags/tutorial_taskflow_templates.py
[2025-02-04T16:49:25.630+0000] {processor.py:914} INFO - Processing file /home/airflow/.local/lib/python3.9/site-packages/airflow/example_dags/tutorial_taskflow_templates.py for tasks to queue
[2025-02-04T16:49:25.631+0000] {logging_mixin.py:190} INFO - [2025-02-04T16:49:25.631+0000] {dagbag.py:588} INFO - Filling up the DagBag from /home/airflow/.local/lib/python3.9/site-packages/airflow/example_dags/tutorial_taskflow_templates.py
[2025-02-04T16:49:25.644+0000] {processor.py:925} INFO - DAG(s) 'tutorial_taskflow_templates' retrieved from /home/airflow/.local/lib/python3.9/site-packages/airflow/example_dags/tutorial_taskflow_templates.py
[2025-02-04T16:49:25.667+0000] {logging_mixin.py:190} INFO - [2025-02-04T16:49:25.667+0000] {dag.py:3239} INFO - Sync 1 DAGs
[2025-02-04T16:49:25.692+0000] {logging_mixin.py:190} INFO - [2025-02-04T16:49:25.691+0000] {dag.py:4180} INFO - Setting next_dagrun for tutorial_taskflow_templates to 2025-02-03 00:00:00+00:00, run_after=2025-02-04 00:00:00+00:00
[2025-02-04T16:49:25.717+0000] {processor.py:208} INFO - Processing /home/airflow/.local/lib/python3.9/site-packages/airflow/example_dags/tutorial_taskflow_templates.py took 0.094 seconds
[2025-02-04T16:49:56.481+0000] {processor.py:186} INFO - Started process (PID=3230) to work on /home/airflow/.local/lib/python3.9/site-packages/airflow/example_dags/tutorial_taskflow_templates.py
[2025-02-04T16:49:56.483+0000] {processor.py:914} INFO - Processing file /home/airflow/.local/lib/python3.9/site-packages/airflow/example_dags/tutorial_taskflow_templates.py for tasks to queue
[2025-02-04T16:49:56.485+0000] {logging_mixin.py:190} INFO - [2025-02-04T16:49:56.484+0000] {dagbag.py:588} INFO - Filling up the DagBag from /home/airflow/.local/lib/python3.9/site-packages/airflow/example_dags/tutorial_taskflow_templates.py
[2025-02-04T16:49:56.498+0000] {processor.py:925} INFO - DAG(s) 'tutorial_taskflow_templates' retrieved from /home/airflow/.local/lib/python3.9/site-packages/airflow/example_dags/tutorial_taskflow_templates.py
[2025-02-04T16:49:56.522+0000] {logging_mixin.py:190} INFO - [2025-02-04T16:49:56.522+0000] {dag.py:3239} INFO - Sync 1 DAGs
[2025-02-04T16:49:56.548+0000] {logging_mixin.py:190} INFO - [2025-02-04T16:49:56.548+0000] {dag.py:4180} INFO - Setting next_dagrun for tutorial_taskflow_templates to 2025-02-03 00:00:00+00:00, run_after=2025-02-04 00:00:00+00:00
[2025-02-04T16:49:56.575+0000] {processor.py:208} INFO - Processing /home/airflow/.local/lib/python3.9/site-packages/airflow/example_dags/tutorial_taskflow_templates.py took 0.100 seconds
