[2025-02-04T16:23:00.281+0000] {processor.py:186} INFO - Started process (PID=128) to work on /home/airflow/.local/lib/python3.9/site-packages/airflow/example_dags/tutorial_objectstorage.py
[2025-02-04T16:23:00.283+0000] {processor.py:914} INFO - Processing file /home/airflow/.local/lib/python3.9/site-packages/airflow/example_dags/tutorial_objectstorage.py for tasks to queue
[2025-02-04T16:23:00.286+0000] {logging_mixin.py:190} INFO - [2025-02-04T16:23:00.286+0000] {dagbag.py:588} INFO - Filling up the DagBag from /home/airflow/.local/lib/python3.9/site-packages/airflow/example_dags/tutorial_objectstorage.py
[2025-02-04T16:23:00.370+0000] {processor.py:925} INFO - DAG(s) 'tutorial_objectstorage' retrieved from /home/airflow/.local/lib/python3.9/site-packages/airflow/example_dags/tutorial_objectstorage.py
[2025-02-04T16:23:00.479+0000] {logging_mixin.py:190} INFO - [2025-02-04T16:23:00.478+0000] {override.py:1912} INFO - Created Permission View: can delete on DAG:tutorial_objectstorage
[2025-02-04T16:23:00.499+0000] {logging_mixin.py:190} INFO - [2025-02-04T16:23:00.498+0000] {override.py:1912} INFO - Created Permission View: can edit on DAG:tutorial_objectstorage
[2025-02-04T16:23:00.512+0000] {logging_mixin.py:190} INFO - [2025-02-04T16:23:00.512+0000] {override.py:1912} INFO - Created Permission View: can read on DAG:tutorial_objectstorage
[2025-02-04T16:23:00.535+0000] {logging_mixin.py:190} INFO - [2025-02-04T16:23:00.535+0000] {override.py:1912} INFO - Created Permission View: can delete on DAG Run:tutorial_objectstorage
[2025-02-04T16:23:00.548+0000] {logging_mixin.py:190} INFO - [2025-02-04T16:23:00.548+0000] {override.py:1912} INFO - Created Permission View: menu access on DAG Run:tutorial_objectstorage
[2025-02-04T16:23:00.563+0000] {logging_mixin.py:190} INFO - [2025-02-04T16:23:00.562+0000] {override.py:1912} INFO - Created Permission View: can read on DAG Run:tutorial_objectstorage
[2025-02-04T16:23:00.577+0000] {logging_mixin.py:190} INFO - [2025-02-04T16:23:00.576+0000] {override.py:1912} INFO - Created Permission View: can create on DAG Run:tutorial_objectstorage
[2025-02-04T16:23:00.578+0000] {logging_mixin.py:190} INFO - [2025-02-04T16:23:00.577+0000] {dag.py:3239} INFO - Sync 1 DAGs
[2025-02-04T16:23:00.592+0000] {logging_mixin.py:190} INFO - [2025-02-04T16:23:00.592+0000] {dag.py:3262} INFO - Creating ORM DAG for tutorial_objectstorage
[2025-02-04T16:23:00.593+0000] {logging_mixin.py:190} INFO - [2025-02-04T16:23:00.593+0000] {dag.py:4180} INFO - Setting next_dagrun for tutorial_objectstorage to None, run_after=None
[2025-02-04T16:23:00.619+0000] {processor.py:208} INFO - Processing /home/airflow/.local/lib/python3.9/site-packages/airflow/example_dags/tutorial_objectstorage.py took 0.344 seconds
[2025-02-04T16:23:34.598+0000] {processor.py:186} INFO - Started process (PID=192) to work on /home/airflow/.local/lib/python3.9/site-packages/airflow/example_dags/tutorial_objectstorage.py
[2025-02-04T16:23:34.600+0000] {processor.py:914} INFO - Processing file /home/airflow/.local/lib/python3.9/site-packages/airflow/example_dags/tutorial_objectstorage.py for tasks to queue
[2025-02-04T16:23:34.602+0000] {logging_mixin.py:190} INFO - [2025-02-04T16:23:34.602+0000] {dagbag.py:588} INFO - Filling up the DagBag from /home/airflow/.local/lib/python3.9/site-packages/airflow/example_dags/tutorial_objectstorage.py
[2025-02-04T16:23:34.612+0000] {processor.py:925} INFO - DAG(s) 'tutorial_objectstorage' retrieved from /home/airflow/.local/lib/python3.9/site-packages/airflow/example_dags/tutorial_objectstorage.py
[2025-02-04T16:23:34.632+0000] {logging_mixin.py:190} INFO - [2025-02-04T16:23:34.632+0000] {dag.py:3239} INFO - Sync 1 DAGs
[2025-02-04T16:23:34.645+0000] {logging_mixin.py:190} INFO - [2025-02-04T16:23:34.645+0000] {dag.py:4180} INFO - Setting next_dagrun for tutorial_objectstorage to None, run_after=None
[2025-02-04T16:23:34.670+0000] {processor.py:208} INFO - Processing /home/airflow/.local/lib/python3.9/site-packages/airflow/example_dags/tutorial_objectstorage.py took 0.078 seconds
[2025-02-04T16:24:04.930+0000] {processor.py:186} INFO - Started process (PID=254) to work on /home/airflow/.local/lib/python3.9/site-packages/airflow/example_dags/tutorial_objectstorage.py
[2025-02-04T16:24:04.932+0000] {processor.py:914} INFO - Processing file /home/airflow/.local/lib/python3.9/site-packages/airflow/example_dags/tutorial_objectstorage.py for tasks to queue
[2025-02-04T16:24:04.935+0000] {logging_mixin.py:190} INFO - [2025-02-04T16:24:04.935+0000] {dagbag.py:588} INFO - Filling up the DagBag from /home/airflow/.local/lib/python3.9/site-packages/airflow/example_dags/tutorial_objectstorage.py
[2025-02-04T16:24:04.945+0000] {processor.py:925} INFO - DAG(s) 'tutorial_objectstorage' retrieved from /home/airflow/.local/lib/python3.9/site-packages/airflow/example_dags/tutorial_objectstorage.py
[2025-02-04T16:24:04.968+0000] {logging_mixin.py:190} INFO - [2025-02-04T16:24:04.968+0000] {dag.py:3239} INFO - Sync 1 DAGs
[2025-02-04T16:24:04.987+0000] {logging_mixin.py:190} INFO - [2025-02-04T16:24:04.987+0000] {dag.py:4180} INFO - Setting next_dagrun for tutorial_objectstorage to None, run_after=None
[2025-02-04T16:24:05.018+0000] {processor.py:208} INFO - Processing /home/airflow/.local/lib/python3.9/site-packages/airflow/example_dags/tutorial_objectstorage.py took 0.096 seconds
[2025-02-04T16:24:35.795+0000] {processor.py:186} INFO - Started process (PID=318) to work on /home/airflow/.local/lib/python3.9/site-packages/airflow/example_dags/tutorial_objectstorage.py
[2025-02-04T16:24:35.797+0000] {processor.py:914} INFO - Processing file /home/airflow/.local/lib/python3.9/site-packages/airflow/example_dags/tutorial_objectstorage.py for tasks to queue
[2025-02-04T16:24:35.800+0000] {logging_mixin.py:190} INFO - [2025-02-04T16:24:35.800+0000] {dagbag.py:588} INFO - Filling up the DagBag from /home/airflow/.local/lib/python3.9/site-packages/airflow/example_dags/tutorial_objectstorage.py
[2025-02-04T16:24:35.811+0000] {processor.py:925} INFO - DAG(s) 'tutorial_objectstorage' retrieved from /home/airflow/.local/lib/python3.9/site-packages/airflow/example_dags/tutorial_objectstorage.py
[2025-02-04T16:24:35.832+0000] {logging_mixin.py:190} INFO - [2025-02-04T16:24:35.832+0000] {dag.py:3239} INFO - Sync 1 DAGs
[2025-02-04T16:24:35.847+0000] {logging_mixin.py:190} INFO - [2025-02-04T16:24:35.846+0000] {dag.py:4180} INFO - Setting next_dagrun for tutorial_objectstorage to None, run_after=None
[2025-02-04T16:24:35.873+0000] {processor.py:208} INFO - Processing /home/airflow/.local/lib/python3.9/site-packages/airflow/example_dags/tutorial_objectstorage.py took 0.084 seconds
[2025-02-04T16:25:06.474+0000] {processor.py:186} INFO - Started process (PID=382) to work on /home/airflow/.local/lib/python3.9/site-packages/airflow/example_dags/tutorial_objectstorage.py
[2025-02-04T16:25:06.476+0000] {processor.py:914} INFO - Processing file /home/airflow/.local/lib/python3.9/site-packages/airflow/example_dags/tutorial_objectstorage.py for tasks to queue
[2025-02-04T16:25:06.479+0000] {logging_mixin.py:190} INFO - [2025-02-04T16:25:06.478+0000] {dagbag.py:588} INFO - Filling up the DagBag from /home/airflow/.local/lib/python3.9/site-packages/airflow/example_dags/tutorial_objectstorage.py
[2025-02-04T16:25:06.488+0000] {processor.py:925} INFO - DAG(s) 'tutorial_objectstorage' retrieved from /home/airflow/.local/lib/python3.9/site-packages/airflow/example_dags/tutorial_objectstorage.py
[2025-02-04T16:25:06.509+0000] {logging_mixin.py:190} INFO - [2025-02-04T16:25:06.508+0000] {dag.py:3239} INFO - Sync 1 DAGs
[2025-02-04T16:25:06.526+0000] {logging_mixin.py:190} INFO - [2025-02-04T16:25:06.525+0000] {dag.py:4180} INFO - Setting next_dagrun for tutorial_objectstorage to None, run_after=None
[2025-02-04T16:25:06.556+0000] {processor.py:208} INFO - Processing /home/airflow/.local/lib/python3.9/site-packages/airflow/example_dags/tutorial_objectstorage.py took 0.091 seconds
[2025-02-04T16:25:36.901+0000] {processor.py:186} INFO - Started process (PID=446) to work on /home/airflow/.local/lib/python3.9/site-packages/airflow/example_dags/tutorial_objectstorage.py
[2025-02-04T16:25:36.902+0000] {processor.py:914} INFO - Processing file /home/airflow/.local/lib/python3.9/site-packages/airflow/example_dags/tutorial_objectstorage.py for tasks to queue
[2025-02-04T16:25:36.907+0000] {logging_mixin.py:190} INFO - [2025-02-04T16:25:36.906+0000] {dagbag.py:588} INFO - Filling up the DagBag from /home/airflow/.local/lib/python3.9/site-packages/airflow/example_dags/tutorial_objectstorage.py
[2025-02-04T16:25:36.923+0000] {processor.py:925} INFO - DAG(s) 'tutorial_objectstorage' retrieved from /home/airflow/.local/lib/python3.9/site-packages/airflow/example_dags/tutorial_objectstorage.py
[2025-02-04T16:25:36.945+0000] {logging_mixin.py:190} INFO - [2025-02-04T16:25:36.945+0000] {dag.py:3239} INFO - Sync 1 DAGs
[2025-02-04T16:25:36.962+0000] {logging_mixin.py:190} INFO - [2025-02-04T16:25:36.961+0000] {dag.py:4180} INFO - Setting next_dagrun for tutorial_objectstorage to None, run_after=None
[2025-02-04T16:25:36.990+0000] {processor.py:208} INFO - Processing /home/airflow/.local/lib/python3.9/site-packages/airflow/example_dags/tutorial_objectstorage.py took 0.099 seconds
[2025-02-04T16:26:07.192+0000] {processor.py:186} INFO - Started process (PID=517) to work on /home/airflow/.local/lib/python3.9/site-packages/airflow/example_dags/tutorial_objectstorage.py
[2025-02-04T16:26:07.194+0000] {processor.py:914} INFO - Processing file /home/airflow/.local/lib/python3.9/site-packages/airflow/example_dags/tutorial_objectstorage.py for tasks to queue
[2025-02-04T16:26:07.197+0000] {logging_mixin.py:190} INFO - [2025-02-04T16:26:07.197+0000] {dagbag.py:588} INFO - Filling up the DagBag from /home/airflow/.local/lib/python3.9/site-packages/airflow/example_dags/tutorial_objectstorage.py
[2025-02-04T16:26:07.208+0000] {processor.py:925} INFO - DAG(s) 'tutorial_objectstorage' retrieved from /home/airflow/.local/lib/python3.9/site-packages/airflow/example_dags/tutorial_objectstorage.py
[2025-02-04T16:26:07.228+0000] {logging_mixin.py:190} INFO - [2025-02-04T16:26:07.227+0000] {dag.py:3239} INFO - Sync 1 DAGs
[2025-02-04T16:26:07.243+0000] {logging_mixin.py:190} INFO - [2025-02-04T16:26:07.243+0000] {dag.py:4180} INFO - Setting next_dagrun for tutorial_objectstorage to None, run_after=None
[2025-02-04T16:26:07.270+0000] {processor.py:208} INFO - Processing /home/airflow/.local/lib/python3.9/site-packages/airflow/example_dags/tutorial_objectstorage.py took 0.085 seconds
[2025-02-04T16:26:38.683+0000] {processor.py:186} INFO - Started process (PID=581) to work on /home/airflow/.local/lib/python3.9/site-packages/airflow/example_dags/tutorial_objectstorage.py
[2025-02-04T16:26:38.685+0000] {processor.py:914} INFO - Processing file /home/airflow/.local/lib/python3.9/site-packages/airflow/example_dags/tutorial_objectstorage.py for tasks to queue
[2025-02-04T16:26:38.688+0000] {logging_mixin.py:190} INFO - [2025-02-04T16:26:38.688+0000] {dagbag.py:588} INFO - Filling up the DagBag from /home/airflow/.local/lib/python3.9/site-packages/airflow/example_dags/tutorial_objectstorage.py
[2025-02-04T16:26:38.697+0000] {processor.py:925} INFO - DAG(s) 'tutorial_objectstorage' retrieved from /home/airflow/.local/lib/python3.9/site-packages/airflow/example_dags/tutorial_objectstorage.py
[2025-02-04T16:26:38.718+0000] {logging_mixin.py:190} INFO - [2025-02-04T16:26:38.717+0000] {dag.py:3239} INFO - Sync 1 DAGs
[2025-02-04T16:26:38.732+0000] {logging_mixin.py:190} INFO - [2025-02-04T16:26:38.732+0000] {dag.py:4180} INFO - Setting next_dagrun for tutorial_objectstorage to None, run_after=None
[2025-02-04T16:26:38.762+0000] {processor.py:208} INFO - Processing /home/airflow/.local/lib/python3.9/site-packages/airflow/example_dags/tutorial_objectstorage.py took 0.085 seconds
[2025-02-04T16:27:09.654+0000] {processor.py:186} INFO - Started process (PID=645) to work on /home/airflow/.local/lib/python3.9/site-packages/airflow/example_dags/tutorial_objectstorage.py
[2025-02-04T16:27:09.656+0000] {processor.py:914} INFO - Processing file /home/airflow/.local/lib/python3.9/site-packages/airflow/example_dags/tutorial_objectstorage.py for tasks to queue
[2025-02-04T16:27:09.658+0000] {logging_mixin.py:190} INFO - [2025-02-04T16:27:09.658+0000] {dagbag.py:588} INFO - Filling up the DagBag from /home/airflow/.local/lib/python3.9/site-packages/airflow/example_dags/tutorial_objectstorage.py
[2025-02-04T16:27:09.668+0000] {processor.py:925} INFO - DAG(s) 'tutorial_objectstorage' retrieved from /home/airflow/.local/lib/python3.9/site-packages/airflow/example_dags/tutorial_objectstorage.py
[2025-02-04T16:27:09.688+0000] {logging_mixin.py:190} INFO - [2025-02-04T16:27:09.688+0000] {dag.py:3239} INFO - Sync 1 DAGs
[2025-02-04T16:27:09.702+0000] {logging_mixin.py:190} INFO - [2025-02-04T16:27:09.702+0000] {dag.py:4180} INFO - Setting next_dagrun for tutorial_objectstorage to None, run_after=None
[2025-02-04T16:27:09.728+0000] {processor.py:208} INFO - Processing /home/airflow/.local/lib/python3.9/site-packages/airflow/example_dags/tutorial_objectstorage.py took 0.081 seconds
[2025-02-04T16:27:40.430+0000] {processor.py:186} INFO - Started process (PID=709) to work on /home/airflow/.local/lib/python3.9/site-packages/airflow/example_dags/tutorial_objectstorage.py
[2025-02-04T16:27:40.431+0000] {processor.py:914} INFO - Processing file /home/airflow/.local/lib/python3.9/site-packages/airflow/example_dags/tutorial_objectstorage.py for tasks to queue
[2025-02-04T16:27:40.434+0000] {logging_mixin.py:190} INFO - [2025-02-04T16:27:40.433+0000] {dagbag.py:588} INFO - Filling up the DagBag from /home/airflow/.local/lib/python3.9/site-packages/airflow/example_dags/tutorial_objectstorage.py
[2025-02-04T16:27:40.443+0000] {processor.py:925} INFO - DAG(s) 'tutorial_objectstorage' retrieved from /home/airflow/.local/lib/python3.9/site-packages/airflow/example_dags/tutorial_objectstorage.py
[2025-02-04T16:27:40.465+0000] {logging_mixin.py:190} INFO - [2025-02-04T16:27:40.465+0000] {dag.py:3239} INFO - Sync 1 DAGs
[2025-02-04T16:27:40.481+0000] {logging_mixin.py:190} INFO - [2025-02-04T16:27:40.481+0000] {dag.py:4180} INFO - Setting next_dagrun for tutorial_objectstorage to None, run_after=None
[2025-02-04T16:27:40.505+0000] {processor.py:208} INFO - Processing /home/airflow/.local/lib/python3.9/site-packages/airflow/example_dags/tutorial_objectstorage.py took 0.082 seconds
[2025-02-04T16:28:11.480+0000] {processor.py:186} INFO - Started process (PID=773) to work on /home/airflow/.local/lib/python3.9/site-packages/airflow/example_dags/tutorial_objectstorage.py
[2025-02-04T16:28:11.481+0000] {processor.py:914} INFO - Processing file /home/airflow/.local/lib/python3.9/site-packages/airflow/example_dags/tutorial_objectstorage.py for tasks to queue
[2025-02-04T16:28:11.485+0000] {logging_mixin.py:190} INFO - [2025-02-04T16:28:11.484+0000] {dagbag.py:588} INFO - Filling up the DagBag from /home/airflow/.local/lib/python3.9/site-packages/airflow/example_dags/tutorial_objectstorage.py
[2025-02-04T16:28:11.496+0000] {processor.py:925} INFO - DAG(s) 'tutorial_objectstorage' retrieved from /home/airflow/.local/lib/python3.9/site-packages/airflow/example_dags/tutorial_objectstorage.py
[2025-02-04T16:28:11.519+0000] {logging_mixin.py:190} INFO - [2025-02-04T16:28:11.518+0000] {dag.py:3239} INFO - Sync 1 DAGs
[2025-02-04T16:28:11.535+0000] {logging_mixin.py:190} INFO - [2025-02-04T16:28:11.534+0000] {dag.py:4180} INFO - Setting next_dagrun for tutorial_objectstorage to None, run_after=None
[2025-02-04T16:28:11.563+0000] {processor.py:208} INFO - Processing /home/airflow/.local/lib/python3.9/site-packages/airflow/example_dags/tutorial_objectstorage.py took 0.093 seconds
[2025-02-04T16:28:42.293+0000] {processor.py:186} INFO - Started process (PID=837) to work on /home/airflow/.local/lib/python3.9/site-packages/airflow/example_dags/tutorial_objectstorage.py
[2025-02-04T16:28:42.295+0000] {processor.py:914} INFO - Processing file /home/airflow/.local/lib/python3.9/site-packages/airflow/example_dags/tutorial_objectstorage.py for tasks to queue
[2025-02-04T16:28:42.298+0000] {logging_mixin.py:190} INFO - [2025-02-04T16:28:42.297+0000] {dagbag.py:588} INFO - Filling up the DagBag from /home/airflow/.local/lib/python3.9/site-packages/airflow/example_dags/tutorial_objectstorage.py
[2025-02-04T16:28:42.307+0000] {processor.py:925} INFO - DAG(s) 'tutorial_objectstorage' retrieved from /home/airflow/.local/lib/python3.9/site-packages/airflow/example_dags/tutorial_objectstorage.py
[2025-02-04T16:28:42.328+0000] {logging_mixin.py:190} INFO - [2025-02-04T16:28:42.328+0000] {dag.py:3239} INFO - Sync 1 DAGs
[2025-02-04T16:28:42.344+0000] {logging_mixin.py:190} INFO - [2025-02-04T16:28:42.344+0000] {dag.py:4180} INFO - Setting next_dagrun for tutorial_objectstorage to None, run_after=None
[2025-02-04T16:28:42.371+0000] {processor.py:208} INFO - Processing /home/airflow/.local/lib/python3.9/site-packages/airflow/example_dags/tutorial_objectstorage.py took 0.085 seconds
[2025-02-04T16:29:12.684+0000] {processor.py:186} INFO - Started process (PID=901) to work on /home/airflow/.local/lib/python3.9/site-packages/airflow/example_dags/tutorial_objectstorage.py
[2025-02-04T16:29:12.685+0000] {processor.py:914} INFO - Processing file /home/airflow/.local/lib/python3.9/site-packages/airflow/example_dags/tutorial_objectstorage.py for tasks to queue
[2025-02-04T16:29:12.688+0000] {logging_mixin.py:190} INFO - [2025-02-04T16:29:12.688+0000] {dagbag.py:588} INFO - Filling up the DagBag from /home/airflow/.local/lib/python3.9/site-packages/airflow/example_dags/tutorial_objectstorage.py
[2025-02-04T16:29:12.700+0000] {processor.py:925} INFO - DAG(s) 'tutorial_objectstorage' retrieved from /home/airflow/.local/lib/python3.9/site-packages/airflow/example_dags/tutorial_objectstorage.py
[2025-02-04T16:29:12.723+0000] {logging_mixin.py:190} INFO - [2025-02-04T16:29:12.723+0000] {dag.py:3239} INFO - Sync 1 DAGs
[2025-02-04T16:29:12.741+0000] {logging_mixin.py:190} INFO - [2025-02-04T16:29:12.741+0000] {dag.py:4180} INFO - Setting next_dagrun for tutorial_objectstorage to None, run_after=None
[2025-02-04T16:29:12.770+0000] {processor.py:208} INFO - Processing /home/airflow/.local/lib/python3.9/site-packages/airflow/example_dags/tutorial_objectstorage.py took 0.096 seconds
[2025-02-04T16:29:42.911+0000] {processor.py:186} INFO - Started process (PID=965) to work on /home/airflow/.local/lib/python3.9/site-packages/airflow/example_dags/tutorial_objectstorage.py
[2025-02-04T16:29:42.913+0000] {processor.py:914} INFO - Processing file /home/airflow/.local/lib/python3.9/site-packages/airflow/example_dags/tutorial_objectstorage.py for tasks to queue
[2025-02-04T16:29:42.916+0000] {logging_mixin.py:190} INFO - [2025-02-04T16:29:42.916+0000] {dagbag.py:588} INFO - Filling up the DagBag from /home/airflow/.local/lib/python3.9/site-packages/airflow/example_dags/tutorial_objectstorage.py
[2025-02-04T16:29:42.926+0000] {processor.py:925} INFO - DAG(s) 'tutorial_objectstorage' retrieved from /home/airflow/.local/lib/python3.9/site-packages/airflow/example_dags/tutorial_objectstorage.py
[2025-02-04T16:29:42.948+0000] {logging_mixin.py:190} INFO - [2025-02-04T16:29:42.948+0000] {dag.py:3239} INFO - Sync 1 DAGs
[2025-02-04T16:29:42.963+0000] {logging_mixin.py:190} INFO - [2025-02-04T16:29:42.963+0000] {dag.py:4180} INFO - Setting next_dagrun for tutorial_objectstorage to None, run_after=None
[2025-02-04T16:29:42.991+0000] {processor.py:208} INFO - Processing /home/airflow/.local/lib/python3.9/site-packages/airflow/example_dags/tutorial_objectstorage.py took 0.087 seconds
[2025-02-04T16:30:13.228+0000] {processor.py:186} INFO - Started process (PID=1029) to work on /home/airflow/.local/lib/python3.9/site-packages/airflow/example_dags/tutorial_objectstorage.py
[2025-02-04T16:30:13.229+0000] {processor.py:914} INFO - Processing file /home/airflow/.local/lib/python3.9/site-packages/airflow/example_dags/tutorial_objectstorage.py for tasks to queue
[2025-02-04T16:30:13.232+0000] {logging_mixin.py:190} INFO - [2025-02-04T16:30:13.232+0000] {dagbag.py:588} INFO - Filling up the DagBag from /home/airflow/.local/lib/python3.9/site-packages/airflow/example_dags/tutorial_objectstorage.py
[2025-02-04T16:30:13.243+0000] {processor.py:925} INFO - DAG(s) 'tutorial_objectstorage' retrieved from /home/airflow/.local/lib/python3.9/site-packages/airflow/example_dags/tutorial_objectstorage.py
[2025-02-04T16:30:13.265+0000] {logging_mixin.py:190} INFO - [2025-02-04T16:30:13.265+0000] {dag.py:3239} INFO - Sync 1 DAGs
[2025-02-04T16:30:13.280+0000] {logging_mixin.py:190} INFO - [2025-02-04T16:30:13.279+0000] {dag.py:4180} INFO - Setting next_dagrun for tutorial_objectstorage to None, run_after=None
[2025-02-04T16:30:13.307+0000] {processor.py:208} INFO - Processing /home/airflow/.local/lib/python3.9/site-packages/airflow/example_dags/tutorial_objectstorage.py took 0.086 seconds
[2025-02-04T16:30:43.796+0000] {processor.py:186} INFO - Started process (PID=1093) to work on /home/airflow/.local/lib/python3.9/site-packages/airflow/example_dags/tutorial_objectstorage.py
[2025-02-04T16:30:43.798+0000] {processor.py:914} INFO - Processing file /home/airflow/.local/lib/python3.9/site-packages/airflow/example_dags/tutorial_objectstorage.py for tasks to queue
[2025-02-04T16:30:43.800+0000] {logging_mixin.py:190} INFO - [2025-02-04T16:30:43.800+0000] {dagbag.py:588} INFO - Filling up the DagBag from /home/airflow/.local/lib/python3.9/site-packages/airflow/example_dags/tutorial_objectstorage.py
[2025-02-04T16:30:43.810+0000] {processor.py:925} INFO - DAG(s) 'tutorial_objectstorage' retrieved from /home/airflow/.local/lib/python3.9/site-packages/airflow/example_dags/tutorial_objectstorage.py
[2025-02-04T16:30:43.830+0000] {logging_mixin.py:190} INFO - [2025-02-04T16:30:43.830+0000] {dag.py:3239} INFO - Sync 1 DAGs
[2025-02-04T16:30:43.847+0000] {logging_mixin.py:190} INFO - [2025-02-04T16:30:43.847+0000] {dag.py:4180} INFO - Setting next_dagrun for tutorial_objectstorage to None, run_after=None
[2025-02-04T16:30:43.876+0000] {processor.py:208} INFO - Processing /home/airflow/.local/lib/python3.9/site-packages/airflow/example_dags/tutorial_objectstorage.py took 0.086 seconds
[2025-02-04T16:31:14.741+0000] {processor.py:186} INFO - Started process (PID=1164) to work on /home/airflow/.local/lib/python3.9/site-packages/airflow/example_dags/tutorial_objectstorage.py
[2025-02-04T16:31:14.742+0000] {processor.py:914} INFO - Processing file /home/airflow/.local/lib/python3.9/site-packages/airflow/example_dags/tutorial_objectstorage.py for tasks to queue
[2025-02-04T16:31:14.745+0000] {logging_mixin.py:190} INFO - [2025-02-04T16:31:14.745+0000] {dagbag.py:588} INFO - Filling up the DagBag from /home/airflow/.local/lib/python3.9/site-packages/airflow/example_dags/tutorial_objectstorage.py
[2025-02-04T16:31:14.758+0000] {processor.py:925} INFO - DAG(s) 'tutorial_objectstorage' retrieved from /home/airflow/.local/lib/python3.9/site-packages/airflow/example_dags/tutorial_objectstorage.py
[2025-02-04T16:31:14.784+0000] {logging_mixin.py:190} INFO - [2025-02-04T16:31:14.783+0000] {dag.py:3239} INFO - Sync 1 DAGs
[2025-02-04T16:31:14.804+0000] {logging_mixin.py:190} INFO - [2025-02-04T16:31:14.803+0000] {dag.py:4180} INFO - Setting next_dagrun for tutorial_objectstorage to None, run_after=None
[2025-02-04T16:31:14.834+0000] {processor.py:208} INFO - Processing /home/airflow/.local/lib/python3.9/site-packages/airflow/example_dags/tutorial_objectstorage.py took 0.102 seconds
[2025-02-04T16:31:45.634+0000] {processor.py:186} INFO - Started process (PID=1228) to work on /home/airflow/.local/lib/python3.9/site-packages/airflow/example_dags/tutorial_objectstorage.py
[2025-02-04T16:31:45.636+0000] {processor.py:914} INFO - Processing file /home/airflow/.local/lib/python3.9/site-packages/airflow/example_dags/tutorial_objectstorage.py for tasks to queue
[2025-02-04T16:31:45.638+0000] {logging_mixin.py:190} INFO - [2025-02-04T16:31:45.638+0000] {dagbag.py:588} INFO - Filling up the DagBag from /home/airflow/.local/lib/python3.9/site-packages/airflow/example_dags/tutorial_objectstorage.py
[2025-02-04T16:31:45.648+0000] {processor.py:925} INFO - DAG(s) 'tutorial_objectstorage' retrieved from /home/airflow/.local/lib/python3.9/site-packages/airflow/example_dags/tutorial_objectstorage.py
[2025-02-04T16:31:45.671+0000] {logging_mixin.py:190} INFO - [2025-02-04T16:31:45.671+0000] {dag.py:3239} INFO - Sync 1 DAGs
[2025-02-04T16:31:45.685+0000] {logging_mixin.py:190} INFO - [2025-02-04T16:31:45.685+0000] {dag.py:4180} INFO - Setting next_dagrun for tutorial_objectstorage to None, run_after=None
[2025-02-04T16:31:45.711+0000] {processor.py:208} INFO - Processing /home/airflow/.local/lib/python3.9/site-packages/airflow/example_dags/tutorial_objectstorage.py took 0.084 seconds
[2025-02-04T16:32:16.079+0000] {processor.py:186} INFO - Started process (PID=1292) to work on /home/airflow/.local/lib/python3.9/site-packages/airflow/example_dags/tutorial_objectstorage.py
[2025-02-04T16:32:16.081+0000] {processor.py:914} INFO - Processing file /home/airflow/.local/lib/python3.9/site-packages/airflow/example_dags/tutorial_objectstorage.py for tasks to queue
[2025-02-04T16:32:16.085+0000] {logging_mixin.py:190} INFO - [2025-02-04T16:32:16.085+0000] {dagbag.py:588} INFO - Filling up the DagBag from /home/airflow/.local/lib/python3.9/site-packages/airflow/example_dags/tutorial_objectstorage.py
[2025-02-04T16:32:16.100+0000] {processor.py:925} INFO - DAG(s) 'tutorial_objectstorage' retrieved from /home/airflow/.local/lib/python3.9/site-packages/airflow/example_dags/tutorial_objectstorage.py
[2025-02-04T16:32:16.129+0000] {logging_mixin.py:190} INFO - [2025-02-04T16:32:16.128+0000] {dag.py:3239} INFO - Sync 1 DAGs
[2025-02-04T16:32:16.146+0000] {logging_mixin.py:190} INFO - [2025-02-04T16:32:16.146+0000] {dag.py:4180} INFO - Setting next_dagrun for tutorial_objectstorage to None, run_after=None
[2025-02-04T16:32:16.179+0000] {processor.py:208} INFO - Processing /home/airflow/.local/lib/python3.9/site-packages/airflow/example_dags/tutorial_objectstorage.py took 0.110 seconds
[2025-02-04T16:32:46.251+0000] {processor.py:186} INFO - Started process (PID=1356) to work on /home/airflow/.local/lib/python3.9/site-packages/airflow/example_dags/tutorial_objectstorage.py
[2025-02-04T16:32:46.253+0000] {processor.py:914} INFO - Processing file /home/airflow/.local/lib/python3.9/site-packages/airflow/example_dags/tutorial_objectstorage.py for tasks to queue
[2025-02-04T16:32:46.255+0000] {logging_mixin.py:190} INFO - [2025-02-04T16:32:46.255+0000] {dagbag.py:588} INFO - Filling up the DagBag from /home/airflow/.local/lib/python3.9/site-packages/airflow/example_dags/tutorial_objectstorage.py
[2025-02-04T16:32:46.266+0000] {processor.py:925} INFO - DAG(s) 'tutorial_objectstorage' retrieved from /home/airflow/.local/lib/python3.9/site-packages/airflow/example_dags/tutorial_objectstorage.py
[2025-02-04T16:32:46.288+0000] {logging_mixin.py:190} INFO - [2025-02-04T16:32:46.288+0000] {dag.py:3239} INFO - Sync 1 DAGs
[2025-02-04T16:32:46.304+0000] {logging_mixin.py:190} INFO - [2025-02-04T16:32:46.303+0000] {dag.py:4180} INFO - Setting next_dagrun for tutorial_objectstorage to None, run_after=None
[2025-02-04T16:32:46.334+0000] {processor.py:208} INFO - Processing /home/airflow/.local/lib/python3.9/site-packages/airflow/example_dags/tutorial_objectstorage.py took 0.090 seconds
[2025-02-04T16:33:17.111+0000] {processor.py:186} INFO - Started process (PID=1421) to work on /home/airflow/.local/lib/python3.9/site-packages/airflow/example_dags/tutorial_objectstorage.py
[2025-02-04T16:33:17.113+0000] {processor.py:914} INFO - Processing file /home/airflow/.local/lib/python3.9/site-packages/airflow/example_dags/tutorial_objectstorage.py for tasks to queue
[2025-02-04T16:33:17.116+0000] {logging_mixin.py:190} INFO - [2025-02-04T16:33:17.116+0000] {dagbag.py:588} INFO - Filling up the DagBag from /home/airflow/.local/lib/python3.9/site-packages/airflow/example_dags/tutorial_objectstorage.py
[2025-02-04T16:33:17.141+0000] {processor.py:925} INFO - DAG(s) 'tutorial_objectstorage' retrieved from /home/airflow/.local/lib/python3.9/site-packages/airflow/example_dags/tutorial_objectstorage.py
[2025-02-04T16:33:17.165+0000] {logging_mixin.py:190} INFO - [2025-02-04T16:33:17.165+0000] {dag.py:3239} INFO - Sync 1 DAGs
[2025-02-04T16:33:17.181+0000] {logging_mixin.py:190} INFO - [2025-02-04T16:33:17.181+0000] {dag.py:4180} INFO - Setting next_dagrun for tutorial_objectstorage to None, run_after=None
[2025-02-04T16:33:17.209+0000] {processor.py:208} INFO - Processing /home/airflow/.local/lib/python3.9/site-packages/airflow/example_dags/tutorial_objectstorage.py took 0.104 seconds
[2025-02-04T16:33:47.913+0000] {processor.py:186} INFO - Started process (PID=1485) to work on /home/airflow/.local/lib/python3.9/site-packages/airflow/example_dags/tutorial_objectstorage.py
[2025-02-04T16:33:47.914+0000] {processor.py:914} INFO - Processing file /home/airflow/.local/lib/python3.9/site-packages/airflow/example_dags/tutorial_objectstorage.py for tasks to queue
[2025-02-04T16:33:47.916+0000] {logging_mixin.py:190} INFO - [2025-02-04T16:33:47.916+0000] {dagbag.py:588} INFO - Filling up the DagBag from /home/airflow/.local/lib/python3.9/site-packages/airflow/example_dags/tutorial_objectstorage.py
[2025-02-04T16:33:47.926+0000] {processor.py:925} INFO - DAG(s) 'tutorial_objectstorage' retrieved from /home/airflow/.local/lib/python3.9/site-packages/airflow/example_dags/tutorial_objectstorage.py
[2025-02-04T16:33:47.947+0000] {logging_mixin.py:190} INFO - [2025-02-04T16:33:47.946+0000] {dag.py:3239} INFO - Sync 1 DAGs
[2025-02-04T16:33:47.960+0000] {logging_mixin.py:190} INFO - [2025-02-04T16:33:47.959+0000] {dag.py:4180} INFO - Setting next_dagrun for tutorial_objectstorage to None, run_after=None
[2025-02-04T16:33:47.987+0000] {processor.py:208} INFO - Processing /home/airflow/.local/lib/python3.9/site-packages/airflow/example_dags/tutorial_objectstorage.py took 0.081 seconds
[2025-02-04T16:34:20.549+0000] {processor.py:186} INFO - Started process (PID=1549) to work on /home/airflow/.local/lib/python3.9/site-packages/airflow/example_dags/tutorial_objectstorage.py
[2025-02-04T16:34:20.551+0000] {processor.py:914} INFO - Processing file /home/airflow/.local/lib/python3.9/site-packages/airflow/example_dags/tutorial_objectstorage.py for tasks to queue
[2025-02-04T16:34:20.554+0000] {logging_mixin.py:190} INFO - [2025-02-04T16:34:20.553+0000] {dagbag.py:588} INFO - Filling up the DagBag from /home/airflow/.local/lib/python3.9/site-packages/airflow/example_dags/tutorial_objectstorage.py
[2025-02-04T16:34:20.562+0000] {processor.py:925} INFO - DAG(s) 'tutorial_objectstorage' retrieved from /home/airflow/.local/lib/python3.9/site-packages/airflow/example_dags/tutorial_objectstorage.py
[2025-02-04T16:34:20.584+0000] {logging_mixin.py:190} INFO - [2025-02-04T16:34:20.584+0000] {dag.py:3239} INFO - Sync 1 DAGs
[2025-02-04T16:34:20.598+0000] {logging_mixin.py:190} INFO - [2025-02-04T16:34:20.598+0000] {dag.py:4180} INFO - Setting next_dagrun for tutorial_objectstorage to None, run_after=None
[2025-02-04T16:34:20.622+0000] {processor.py:208} INFO - Processing /home/airflow/.local/lib/python3.9/site-packages/airflow/example_dags/tutorial_objectstorage.py took 0.079 seconds
[2025-02-04T16:34:51.020+0000] {processor.py:186} INFO - Started process (PID=1613) to work on /home/airflow/.local/lib/python3.9/site-packages/airflow/example_dags/tutorial_objectstorage.py
[2025-02-04T16:34:51.021+0000] {processor.py:914} INFO - Processing file /home/airflow/.local/lib/python3.9/site-packages/airflow/example_dags/tutorial_objectstorage.py for tasks to queue
[2025-02-04T16:34:51.023+0000] {logging_mixin.py:190} INFO - [2025-02-04T16:34:51.023+0000] {dagbag.py:588} INFO - Filling up the DagBag from /home/airflow/.local/lib/python3.9/site-packages/airflow/example_dags/tutorial_objectstorage.py
[2025-02-04T16:34:51.033+0000] {processor.py:925} INFO - DAG(s) 'tutorial_objectstorage' retrieved from /home/airflow/.local/lib/python3.9/site-packages/airflow/example_dags/tutorial_objectstorage.py
[2025-02-04T16:34:51.053+0000] {logging_mixin.py:190} INFO - [2025-02-04T16:34:51.053+0000] {dag.py:3239} INFO - Sync 1 DAGs
[2025-02-04T16:34:51.067+0000] {logging_mixin.py:190} INFO - [2025-02-04T16:34:51.067+0000] {dag.py:4180} INFO - Setting next_dagrun for tutorial_objectstorage to None, run_after=None
[2025-02-04T16:34:51.197+0000] {processor.py:208} INFO - Processing /home/airflow/.local/lib/python3.9/site-packages/airflow/example_dags/tutorial_objectstorage.py took 0.184 seconds
[2025-02-04T16:35:22.135+0000] {processor.py:186} INFO - Started process (PID=1677) to work on /home/airflow/.local/lib/python3.9/site-packages/airflow/example_dags/tutorial_objectstorage.py
[2025-02-04T16:35:22.136+0000] {processor.py:914} INFO - Processing file /home/airflow/.local/lib/python3.9/site-packages/airflow/example_dags/tutorial_objectstorage.py for tasks to queue
[2025-02-04T16:35:22.140+0000] {logging_mixin.py:190} INFO - [2025-02-04T16:35:22.139+0000] {dagbag.py:588} INFO - Filling up the DagBag from /home/airflow/.local/lib/python3.9/site-packages/airflow/example_dags/tutorial_objectstorage.py
[2025-02-04T16:35:22.149+0000] {processor.py:925} INFO - DAG(s) 'tutorial_objectstorage' retrieved from /home/airflow/.local/lib/python3.9/site-packages/airflow/example_dags/tutorial_objectstorage.py
[2025-02-04T16:35:22.169+0000] {logging_mixin.py:190} INFO - [2025-02-04T16:35:22.169+0000] {dag.py:3239} INFO - Sync 1 DAGs
[2025-02-04T16:35:22.184+0000] {logging_mixin.py:190} INFO - [2025-02-04T16:35:22.184+0000] {dag.py:4180} INFO - Setting next_dagrun for tutorial_objectstorage to None, run_after=None
[2025-02-04T16:35:22.223+0000] {processor.py:208} INFO - Processing /home/airflow/.local/lib/python3.9/site-packages/airflow/example_dags/tutorial_objectstorage.py took 0.095 seconds
[2025-02-04T16:35:52.311+0000] {processor.py:186} INFO - Started process (PID=1741) to work on /home/airflow/.local/lib/python3.9/site-packages/airflow/example_dags/tutorial_objectstorage.py
[2025-02-04T16:35:52.313+0000] {processor.py:914} INFO - Processing file /home/airflow/.local/lib/python3.9/site-packages/airflow/example_dags/tutorial_objectstorage.py for tasks to queue
[2025-02-04T16:35:52.316+0000] {logging_mixin.py:190} INFO - [2025-02-04T16:35:52.315+0000] {dagbag.py:588} INFO - Filling up the DagBag from /home/airflow/.local/lib/python3.9/site-packages/airflow/example_dags/tutorial_objectstorage.py
[2025-02-04T16:35:52.325+0000] {processor.py:925} INFO - DAG(s) 'tutorial_objectstorage' retrieved from /home/airflow/.local/lib/python3.9/site-packages/airflow/example_dags/tutorial_objectstorage.py
[2025-02-04T16:35:52.346+0000] {logging_mixin.py:190} INFO - [2025-02-04T16:35:52.345+0000] {dag.py:3239} INFO - Sync 1 DAGs
[2025-02-04T16:35:52.361+0000] {logging_mixin.py:190} INFO - [2025-02-04T16:35:52.361+0000] {dag.py:4180} INFO - Setting next_dagrun for tutorial_objectstorage to None, run_after=None
[2025-02-04T16:35:52.387+0000] {processor.py:208} INFO - Processing /home/airflow/.local/lib/python3.9/site-packages/airflow/example_dags/tutorial_objectstorage.py took 0.082 seconds
[2025-02-04T16:36:22.591+0000] {processor.py:186} INFO - Started process (PID=1806) to work on /home/airflow/.local/lib/python3.9/site-packages/airflow/example_dags/tutorial_objectstorage.py
[2025-02-04T16:36:22.592+0000] {processor.py:914} INFO - Processing file /home/airflow/.local/lib/python3.9/site-packages/airflow/example_dags/tutorial_objectstorage.py for tasks to queue
[2025-02-04T16:36:22.595+0000] {logging_mixin.py:190} INFO - [2025-02-04T16:36:22.594+0000] {dagbag.py:588} INFO - Filling up the DagBag from /home/airflow/.local/lib/python3.9/site-packages/airflow/example_dags/tutorial_objectstorage.py
[2025-02-04T16:36:22.604+0000] {processor.py:925} INFO - DAG(s) 'tutorial_objectstorage' retrieved from /home/airflow/.local/lib/python3.9/site-packages/airflow/example_dags/tutorial_objectstorage.py
[2025-02-04T16:36:22.625+0000] {logging_mixin.py:190} INFO - [2025-02-04T16:36:22.625+0000] {dag.py:3239} INFO - Sync 1 DAGs
[2025-02-04T16:36:22.639+0000] {logging_mixin.py:190} INFO - [2025-02-04T16:36:22.638+0000] {dag.py:4180} INFO - Setting next_dagrun for tutorial_objectstorage to None, run_after=None
[2025-02-04T16:36:22.671+0000] {processor.py:208} INFO - Processing /home/airflow/.local/lib/python3.9/site-packages/airflow/example_dags/tutorial_objectstorage.py took 0.086 seconds
[2025-02-04T16:36:52.985+0000] {processor.py:186} INFO - Started process (PID=1870) to work on /home/airflow/.local/lib/python3.9/site-packages/airflow/example_dags/tutorial_objectstorage.py
[2025-02-04T16:36:52.986+0000] {processor.py:914} INFO - Processing file /home/airflow/.local/lib/python3.9/site-packages/airflow/example_dags/tutorial_objectstorage.py for tasks to queue
[2025-02-04T16:36:52.989+0000] {logging_mixin.py:190} INFO - [2025-02-04T16:36:52.989+0000] {dagbag.py:588} INFO - Filling up the DagBag from /home/airflow/.local/lib/python3.9/site-packages/airflow/example_dags/tutorial_objectstorage.py
[2025-02-04T16:36:52.998+0000] {processor.py:925} INFO - DAG(s) 'tutorial_objectstorage' retrieved from /home/airflow/.local/lib/python3.9/site-packages/airflow/example_dags/tutorial_objectstorage.py
[2025-02-04T16:36:53.021+0000] {logging_mixin.py:190} INFO - [2025-02-04T16:36:53.021+0000] {dag.py:3239} INFO - Sync 1 DAGs
[2025-02-04T16:36:53.037+0000] {logging_mixin.py:190} INFO - [2025-02-04T16:36:53.036+0000] {dag.py:4180} INFO - Setting next_dagrun for tutorial_objectstorage to None, run_after=None
[2025-02-04T16:36:53.061+0000] {processor.py:208} INFO - Processing /home/airflow/.local/lib/python3.9/site-packages/airflow/example_dags/tutorial_objectstorage.py took 0.082 seconds
[2025-02-04T16:39:26.616+0000] {processor.py:186} INFO - Started process (PID=1923) to work on /home/airflow/.local/lib/python3.9/site-packages/airflow/example_dags/tutorial_objectstorage.py
[2025-02-04T16:39:26.618+0000] {processor.py:914} INFO - Processing file /home/airflow/.local/lib/python3.9/site-packages/airflow/example_dags/tutorial_objectstorage.py for tasks to queue
[2025-02-04T16:39:26.620+0000] {logging_mixin.py:190} INFO - [2025-02-04T16:39:26.619+0000] {dagbag.py:588} INFO - Filling up the DagBag from /home/airflow/.local/lib/python3.9/site-packages/airflow/example_dags/tutorial_objectstorage.py
[2025-02-04T16:39:26.637+0000] {processor.py:925} INFO - DAG(s) 'tutorial_objectstorage' retrieved from /home/airflow/.local/lib/python3.9/site-packages/airflow/example_dags/tutorial_objectstorage.py
[2025-02-04T16:39:26.663+0000] {logging_mixin.py:190} INFO - [2025-02-04T16:39:26.663+0000] {dag.py:3239} INFO - Sync 1 DAGs
[2025-02-04T16:39:27.021+0000] {logging_mixin.py:190} INFO - [2025-02-04T16:39:27.020+0000] {dag.py:4180} INFO - Setting next_dagrun for tutorial_objectstorage to None, run_after=None
[2025-02-04T16:39:27.190+0000] {processor.py:208} INFO - Processing /home/airflow/.local/lib/python3.9/site-packages/airflow/example_dags/tutorial_objectstorage.py took 0.583 seconds
[2025-02-04T16:39:57.446+0000] {processor.py:186} INFO - Started process (PID=1987) to work on /home/airflow/.local/lib/python3.9/site-packages/airflow/example_dags/tutorial_objectstorage.py
[2025-02-04T16:39:57.448+0000] {processor.py:914} INFO - Processing file /home/airflow/.local/lib/python3.9/site-packages/airflow/example_dags/tutorial_objectstorage.py for tasks to queue
[2025-02-04T16:39:57.450+0000] {logging_mixin.py:190} INFO - [2025-02-04T16:39:57.450+0000] {dagbag.py:588} INFO - Filling up the DagBag from /home/airflow/.local/lib/python3.9/site-packages/airflow/example_dags/tutorial_objectstorage.py
[2025-02-04T16:39:57.464+0000] {processor.py:925} INFO - DAG(s) 'tutorial_objectstorage' retrieved from /home/airflow/.local/lib/python3.9/site-packages/airflow/example_dags/tutorial_objectstorage.py
[2025-02-04T16:39:57.486+0000] {logging_mixin.py:190} INFO - [2025-02-04T16:39:57.486+0000] {dag.py:3239} INFO - Sync 1 DAGs
[2025-02-04T16:39:57.513+0000] {logging_mixin.py:190} INFO - [2025-02-04T16:39:57.513+0000] {dag.py:4180} INFO - Setting next_dagrun for tutorial_objectstorage to None, run_after=None
[2025-02-04T16:39:57.536+0000] {processor.py:208} INFO - Processing /home/airflow/.local/lib/python3.9/site-packages/airflow/example_dags/tutorial_objectstorage.py took 0.105 seconds
[2025-02-04T16:40:28.503+0000] {processor.py:186} INFO - Started process (PID=2051) to work on /home/airflow/.local/lib/python3.9/site-packages/airflow/example_dags/tutorial_objectstorage.py
[2025-02-04T16:40:28.504+0000] {processor.py:914} INFO - Processing file /home/airflow/.local/lib/python3.9/site-packages/airflow/example_dags/tutorial_objectstorage.py for tasks to queue
[2025-02-04T16:40:28.506+0000] {logging_mixin.py:190} INFO - [2025-02-04T16:40:28.505+0000] {dagbag.py:588} INFO - Filling up the DagBag from /home/airflow/.local/lib/python3.9/site-packages/airflow/example_dags/tutorial_objectstorage.py
[2025-02-04T16:40:28.517+0000] {processor.py:925} INFO - DAG(s) 'tutorial_objectstorage' retrieved from /home/airflow/.local/lib/python3.9/site-packages/airflow/example_dags/tutorial_objectstorage.py
[2025-02-04T16:40:28.537+0000] {logging_mixin.py:190} INFO - [2025-02-04T16:40:28.537+0000] {dag.py:3239} INFO - Sync 1 DAGs
[2025-02-04T16:40:28.551+0000] {logging_mixin.py:190} INFO - [2025-02-04T16:40:28.551+0000] {dag.py:4180} INFO - Setting next_dagrun for tutorial_objectstorage to None, run_after=None
[2025-02-04T16:40:28.576+0000] {processor.py:208} INFO - Processing /home/airflow/.local/lib/python3.9/site-packages/airflow/example_dags/tutorial_objectstorage.py took 0.081 seconds
[2025-02-04T16:40:59.245+0000] {processor.py:186} INFO - Started process (PID=2115) to work on /home/airflow/.local/lib/python3.9/site-packages/airflow/example_dags/tutorial_objectstorage.py
[2025-02-04T16:40:59.246+0000] {processor.py:914} INFO - Processing file /home/airflow/.local/lib/python3.9/site-packages/airflow/example_dags/tutorial_objectstorage.py for tasks to queue
[2025-02-04T16:40:59.248+0000] {logging_mixin.py:190} INFO - [2025-02-04T16:40:59.247+0000] {dagbag.py:588} INFO - Filling up the DagBag from /home/airflow/.local/lib/python3.9/site-packages/airflow/example_dags/tutorial_objectstorage.py
[2025-02-04T16:40:59.259+0000] {processor.py:925} INFO - DAG(s) 'tutorial_objectstorage' retrieved from /home/airflow/.local/lib/python3.9/site-packages/airflow/example_dags/tutorial_objectstorage.py
[2025-02-04T16:40:59.278+0000] {logging_mixin.py:190} INFO - [2025-02-04T16:40:59.278+0000] {dag.py:3239} INFO - Sync 1 DAGs
[2025-02-04T16:40:59.292+0000] {logging_mixin.py:190} INFO - [2025-02-04T16:40:59.292+0000] {dag.py:4180} INFO - Setting next_dagrun for tutorial_objectstorage to None, run_after=None
[2025-02-04T16:40:59.317+0000] {processor.py:208} INFO - Processing /home/airflow/.local/lib/python3.9/site-packages/airflow/example_dags/tutorial_objectstorage.py took 0.080 seconds
[2025-02-04T16:41:30.527+0000] {processor.py:186} INFO - Started process (PID=2179) to work on /home/airflow/.local/lib/python3.9/site-packages/airflow/example_dags/tutorial_objectstorage.py
[2025-02-04T16:41:30.528+0000] {processor.py:914} INFO - Processing file /home/airflow/.local/lib/python3.9/site-packages/airflow/example_dags/tutorial_objectstorage.py for tasks to queue
[2025-02-04T16:41:30.530+0000] {logging_mixin.py:190} INFO - [2025-02-04T16:41:30.530+0000] {dagbag.py:588} INFO - Filling up the DagBag from /home/airflow/.local/lib/python3.9/site-packages/airflow/example_dags/tutorial_objectstorage.py
[2025-02-04T16:41:30.541+0000] {processor.py:925} INFO - DAG(s) 'tutorial_objectstorage' retrieved from /home/airflow/.local/lib/python3.9/site-packages/airflow/example_dags/tutorial_objectstorage.py
[2025-02-04T16:41:30.562+0000] {logging_mixin.py:190} INFO - [2025-02-04T16:41:30.562+0000] {dag.py:3239} INFO - Sync 1 DAGs
[2025-02-04T16:41:30.580+0000] {logging_mixin.py:190} INFO - [2025-02-04T16:41:30.580+0000] {dag.py:4180} INFO - Setting next_dagrun for tutorial_objectstorage to None, run_after=None
[2025-02-04T16:41:30.607+0000] {processor.py:208} INFO - Processing /home/airflow/.local/lib/python3.9/site-packages/airflow/example_dags/tutorial_objectstorage.py took 0.087 seconds
[2025-02-04T16:42:01.690+0000] {processor.py:186} INFO - Started process (PID=2243) to work on /home/airflow/.local/lib/python3.9/site-packages/airflow/example_dags/tutorial_objectstorage.py
[2025-02-04T16:42:01.691+0000] {processor.py:914} INFO - Processing file /home/airflow/.local/lib/python3.9/site-packages/airflow/example_dags/tutorial_objectstorage.py for tasks to queue
[2025-02-04T16:42:01.692+0000] {logging_mixin.py:190} INFO - [2025-02-04T16:42:01.692+0000] {dagbag.py:588} INFO - Filling up the DagBag from /home/airflow/.local/lib/python3.9/site-packages/airflow/example_dags/tutorial_objectstorage.py
[2025-02-04T16:42:01.702+0000] {processor.py:925} INFO - DAG(s) 'tutorial_objectstorage' retrieved from /home/airflow/.local/lib/python3.9/site-packages/airflow/example_dags/tutorial_objectstorage.py
[2025-02-04T16:42:01.723+0000] {logging_mixin.py:190} INFO - [2025-02-04T16:42:01.722+0000] {dag.py:3239} INFO - Sync 1 DAGs
[2025-02-04T16:42:01.736+0000] {logging_mixin.py:190} INFO - [2025-02-04T16:42:01.736+0000] {dag.py:4180} INFO - Setting next_dagrun for tutorial_objectstorage to None, run_after=None
[2025-02-04T16:42:01.759+0000] {processor.py:208} INFO - Processing /home/airflow/.local/lib/python3.9/site-packages/airflow/example_dags/tutorial_objectstorage.py took 0.076 seconds
[2025-02-04T16:42:32.181+0000] {processor.py:186} INFO - Started process (PID=2307) to work on /home/airflow/.local/lib/python3.9/site-packages/airflow/example_dags/tutorial_objectstorage.py
[2025-02-04T16:42:32.184+0000] {processor.py:914} INFO - Processing file /home/airflow/.local/lib/python3.9/site-packages/airflow/example_dags/tutorial_objectstorage.py for tasks to queue
[2025-02-04T16:42:32.189+0000] {logging_mixin.py:190} INFO - [2025-02-04T16:42:32.189+0000] {dagbag.py:588} INFO - Filling up the DagBag from /home/airflow/.local/lib/python3.9/site-packages/airflow/example_dags/tutorial_objectstorage.py
[2025-02-04T16:42:32.205+0000] {processor.py:925} INFO - DAG(s) 'tutorial_objectstorage' retrieved from /home/airflow/.local/lib/python3.9/site-packages/airflow/example_dags/tutorial_objectstorage.py
[2025-02-04T16:42:32.232+0000] {logging_mixin.py:190} INFO - [2025-02-04T16:42:32.232+0000] {dag.py:3239} INFO - Sync 1 DAGs
[2025-02-04T16:42:32.250+0000] {logging_mixin.py:190} INFO - [2025-02-04T16:42:32.249+0000] {dag.py:4180} INFO - Setting next_dagrun for tutorial_objectstorage to None, run_after=None
[2025-02-04T16:42:32.281+0000] {processor.py:208} INFO - Processing /home/airflow/.local/lib/python3.9/site-packages/airflow/example_dags/tutorial_objectstorage.py took 0.109 seconds
[2025-02-04T16:43:02.552+0000] {processor.py:186} INFO - Started process (PID=2371) to work on /home/airflow/.local/lib/python3.9/site-packages/airflow/example_dags/tutorial_objectstorage.py
[2025-02-04T16:43:02.554+0000] {processor.py:914} INFO - Processing file /home/airflow/.local/lib/python3.9/site-packages/airflow/example_dags/tutorial_objectstorage.py for tasks to queue
[2025-02-04T16:43:02.555+0000] {logging_mixin.py:190} INFO - [2025-02-04T16:43:02.555+0000] {dagbag.py:588} INFO - Filling up the DagBag from /home/airflow/.local/lib/python3.9/site-packages/airflow/example_dags/tutorial_objectstorage.py
[2025-02-04T16:43:02.566+0000] {processor.py:925} INFO - DAG(s) 'tutorial_objectstorage' retrieved from /home/airflow/.local/lib/python3.9/site-packages/airflow/example_dags/tutorial_objectstorage.py
[2025-02-04T16:43:02.588+0000] {logging_mixin.py:190} INFO - [2025-02-04T16:43:02.587+0000] {dag.py:3239} INFO - Sync 1 DAGs
[2025-02-04T16:43:02.604+0000] {logging_mixin.py:190} INFO - [2025-02-04T16:43:02.604+0000] {dag.py:4180} INFO - Setting next_dagrun for tutorial_objectstorage to None, run_after=None
[2025-02-04T16:43:02.671+0000] {processor.py:208} INFO - Processing /home/airflow/.local/lib/python3.9/site-packages/airflow/example_dags/tutorial_objectstorage.py took 0.125 seconds
[2025-02-04T16:43:33.278+0000] {processor.py:186} INFO - Started process (PID=2435) to work on /home/airflow/.local/lib/python3.9/site-packages/airflow/example_dags/tutorial_objectstorage.py
[2025-02-04T16:43:33.280+0000] {processor.py:914} INFO - Processing file /home/airflow/.local/lib/python3.9/site-packages/airflow/example_dags/tutorial_objectstorage.py for tasks to queue
[2025-02-04T16:43:33.282+0000] {logging_mixin.py:190} INFO - [2025-02-04T16:43:33.281+0000] {dagbag.py:588} INFO - Filling up the DagBag from /home/airflow/.local/lib/python3.9/site-packages/airflow/example_dags/tutorial_objectstorage.py
[2025-02-04T16:43:33.292+0000] {processor.py:925} INFO - DAG(s) 'tutorial_objectstorage' retrieved from /home/airflow/.local/lib/python3.9/site-packages/airflow/example_dags/tutorial_objectstorage.py
[2025-02-04T16:43:33.313+0000] {logging_mixin.py:190} INFO - [2025-02-04T16:43:33.313+0000] {dag.py:3239} INFO - Sync 1 DAGs
[2025-02-04T16:43:33.328+0000] {logging_mixin.py:190} INFO - [2025-02-04T16:43:33.328+0000] {dag.py:4180} INFO - Setting next_dagrun for tutorial_objectstorage to None, run_after=None
[2025-02-04T16:43:33.364+0000] {processor.py:208} INFO - Processing /home/airflow/.local/lib/python3.9/site-packages/airflow/example_dags/tutorial_objectstorage.py took 0.092 seconds
[2025-02-04T16:44:03.860+0000] {processor.py:186} INFO - Started process (PID=2499) to work on /home/airflow/.local/lib/python3.9/site-packages/airflow/example_dags/tutorial_objectstorage.py
[2025-02-04T16:44:03.861+0000] {processor.py:914} INFO - Processing file /home/airflow/.local/lib/python3.9/site-packages/airflow/example_dags/tutorial_objectstorage.py for tasks to queue
[2025-02-04T16:44:03.863+0000] {logging_mixin.py:190} INFO - [2025-02-04T16:44:03.862+0000] {dagbag.py:588} INFO - Filling up the DagBag from /home/airflow/.local/lib/python3.9/site-packages/airflow/example_dags/tutorial_objectstorage.py
[2025-02-04T16:44:03.874+0000] {processor.py:925} INFO - DAG(s) 'tutorial_objectstorage' retrieved from /home/airflow/.local/lib/python3.9/site-packages/airflow/example_dags/tutorial_objectstorage.py
[2025-02-04T16:44:03.898+0000] {logging_mixin.py:190} INFO - [2025-02-04T16:44:03.897+0000] {dag.py:3239} INFO - Sync 1 DAGs
[2025-02-04T16:44:03.914+0000] {logging_mixin.py:190} INFO - [2025-02-04T16:44:03.914+0000] {dag.py:4180} INFO - Setting next_dagrun for tutorial_objectstorage to None, run_after=None
[2025-02-04T16:44:03.944+0000] {processor.py:208} INFO - Processing /home/airflow/.local/lib/python3.9/site-packages/airflow/example_dags/tutorial_objectstorage.py took 0.091 seconds
[2025-02-04T16:44:34.072+0000] {processor.py:186} INFO - Started process (PID=2563) to work on /home/airflow/.local/lib/python3.9/site-packages/airflow/example_dags/tutorial_objectstorage.py
[2025-02-04T16:44:34.073+0000] {processor.py:914} INFO - Processing file /home/airflow/.local/lib/python3.9/site-packages/airflow/example_dags/tutorial_objectstorage.py for tasks to queue
[2025-02-04T16:44:34.075+0000] {logging_mixin.py:190} INFO - [2025-02-04T16:44:34.075+0000] {dagbag.py:588} INFO - Filling up the DagBag from /home/airflow/.local/lib/python3.9/site-packages/airflow/example_dags/tutorial_objectstorage.py
[2025-02-04T16:44:34.085+0000] {processor.py:925} INFO - DAG(s) 'tutorial_objectstorage' retrieved from /home/airflow/.local/lib/python3.9/site-packages/airflow/example_dags/tutorial_objectstorage.py
[2025-02-04T16:44:34.107+0000] {logging_mixin.py:190} INFO - [2025-02-04T16:44:34.107+0000] {dag.py:3239} INFO - Sync 1 DAGs
[2025-02-04T16:44:34.123+0000] {logging_mixin.py:190} INFO - [2025-02-04T16:44:34.122+0000] {dag.py:4180} INFO - Setting next_dagrun for tutorial_objectstorage to None, run_after=None
[2025-02-04T16:44:34.153+0000] {processor.py:208} INFO - Processing /home/airflow/.local/lib/python3.9/site-packages/airflow/example_dags/tutorial_objectstorage.py took 0.088 seconds
[2025-02-04T16:45:04.711+0000] {processor.py:186} INFO - Started process (PID=2627) to work on /home/airflow/.local/lib/python3.9/site-packages/airflow/example_dags/tutorial_objectstorage.py
[2025-02-04T16:45:04.713+0000] {processor.py:914} INFO - Processing file /home/airflow/.local/lib/python3.9/site-packages/airflow/example_dags/tutorial_objectstorage.py for tasks to queue
[2025-02-04T16:45:04.715+0000] {logging_mixin.py:190} INFO - [2025-02-04T16:45:04.714+0000] {dagbag.py:588} INFO - Filling up the DagBag from /home/airflow/.local/lib/python3.9/site-packages/airflow/example_dags/tutorial_objectstorage.py
[2025-02-04T16:45:04.725+0000] {processor.py:925} INFO - DAG(s) 'tutorial_objectstorage' retrieved from /home/airflow/.local/lib/python3.9/site-packages/airflow/example_dags/tutorial_objectstorage.py
[2025-02-04T16:45:04.749+0000] {logging_mixin.py:190} INFO - [2025-02-04T16:45:04.749+0000] {dag.py:3239} INFO - Sync 1 DAGs
[2025-02-04T16:45:04.764+0000] {logging_mixin.py:190} INFO - [2025-02-04T16:45:04.764+0000] {dag.py:4180} INFO - Setting next_dagrun for tutorial_objectstorage to None, run_after=None
[2025-02-04T16:45:04.804+0000] {processor.py:208} INFO - Processing /home/airflow/.local/lib/python3.9/site-packages/airflow/example_dags/tutorial_objectstorage.py took 0.099 seconds
[2025-02-04T16:45:35.245+0000] {processor.py:186} INFO - Started process (PID=2699) to work on /home/airflow/.local/lib/python3.9/site-packages/airflow/example_dags/tutorial_objectstorage.py
[2025-02-04T16:45:35.246+0000] {processor.py:914} INFO - Processing file /home/airflow/.local/lib/python3.9/site-packages/airflow/example_dags/tutorial_objectstorage.py for tasks to queue
[2025-02-04T16:45:35.248+0000] {logging_mixin.py:190} INFO - [2025-02-04T16:45:35.248+0000] {dagbag.py:588} INFO - Filling up the DagBag from /home/airflow/.local/lib/python3.9/site-packages/airflow/example_dags/tutorial_objectstorage.py
[2025-02-04T16:45:35.258+0000] {processor.py:925} INFO - DAG(s) 'tutorial_objectstorage' retrieved from /home/airflow/.local/lib/python3.9/site-packages/airflow/example_dags/tutorial_objectstorage.py
[2025-02-04T16:45:35.282+0000] {logging_mixin.py:190} INFO - [2025-02-04T16:45:35.281+0000] {dag.py:3239} INFO - Sync 1 DAGs
[2025-02-04T16:45:35.299+0000] {logging_mixin.py:190} INFO - [2025-02-04T16:45:35.298+0000] {dag.py:4180} INFO - Setting next_dagrun for tutorial_objectstorage to None, run_after=None
[2025-02-04T16:45:35.324+0000] {processor.py:208} INFO - Processing /home/airflow/.local/lib/python3.9/site-packages/airflow/example_dags/tutorial_objectstorage.py took 0.087 seconds
[2025-02-04T16:46:06.647+0000] {processor.py:186} INFO - Started process (PID=2765) to work on /home/airflow/.local/lib/python3.9/site-packages/airflow/example_dags/tutorial_objectstorage.py
[2025-02-04T16:46:06.648+0000] {processor.py:914} INFO - Processing file /home/airflow/.local/lib/python3.9/site-packages/airflow/example_dags/tutorial_objectstorage.py for tasks to queue
[2025-02-04T16:46:06.650+0000] {logging_mixin.py:190} INFO - [2025-02-04T16:46:06.650+0000] {dagbag.py:588} INFO - Filling up the DagBag from /home/airflow/.local/lib/python3.9/site-packages/airflow/example_dags/tutorial_objectstorage.py
[2025-02-04T16:46:06.660+0000] {processor.py:925} INFO - DAG(s) 'tutorial_objectstorage' retrieved from /home/airflow/.local/lib/python3.9/site-packages/airflow/example_dags/tutorial_objectstorage.py
[2025-02-04T16:46:06.683+0000] {logging_mixin.py:190} INFO - [2025-02-04T16:46:06.683+0000] {dag.py:3239} INFO - Sync 1 DAGs
[2025-02-04T16:46:06.700+0000] {logging_mixin.py:190} INFO - [2025-02-04T16:46:06.699+0000] {dag.py:4180} INFO - Setting next_dagrun for tutorial_objectstorage to None, run_after=None
[2025-02-04T16:46:06.725+0000] {processor.py:208} INFO - Processing /home/airflow/.local/lib/python3.9/site-packages/airflow/example_dags/tutorial_objectstorage.py took 0.085 seconds
[2025-02-04T16:46:37.217+0000] {processor.py:186} INFO - Started process (PID=2829) to work on /home/airflow/.local/lib/python3.9/site-packages/airflow/example_dags/tutorial_objectstorage.py
[2025-02-04T16:46:37.219+0000] {processor.py:914} INFO - Processing file /home/airflow/.local/lib/python3.9/site-packages/airflow/example_dags/tutorial_objectstorage.py for tasks to queue
[2025-02-04T16:46:37.220+0000] {logging_mixin.py:190} INFO - [2025-02-04T16:46:37.220+0000] {dagbag.py:588} INFO - Filling up the DagBag from /home/airflow/.local/lib/python3.9/site-packages/airflow/example_dags/tutorial_objectstorage.py
[2025-02-04T16:46:37.231+0000] {processor.py:925} INFO - DAG(s) 'tutorial_objectstorage' retrieved from /home/airflow/.local/lib/python3.9/site-packages/airflow/example_dags/tutorial_objectstorage.py
[2025-02-04T16:46:37.255+0000] {logging_mixin.py:190} INFO - [2025-02-04T16:46:37.254+0000] {dag.py:3239} INFO - Sync 1 DAGs
[2025-02-04T16:46:37.271+0000] {logging_mixin.py:190} INFO - [2025-02-04T16:46:37.271+0000] {dag.py:4180} INFO - Setting next_dagrun for tutorial_objectstorage to None, run_after=None
[2025-02-04T16:46:37.300+0000] {processor.py:208} INFO - Processing /home/airflow/.local/lib/python3.9/site-packages/airflow/example_dags/tutorial_objectstorage.py took 0.090 seconds
[2025-02-04T16:47:12.220+0000] {processor.py:186} INFO - Started process (PID=2893) to work on /home/airflow/.local/lib/python3.9/site-packages/airflow/example_dags/tutorial_objectstorage.py
[2025-02-04T16:47:12.222+0000] {processor.py:914} INFO - Processing file /home/airflow/.local/lib/python3.9/site-packages/airflow/example_dags/tutorial_objectstorage.py for tasks to queue
[2025-02-04T16:47:12.224+0000] {logging_mixin.py:190} INFO - [2025-02-04T16:47:12.223+0000] {dagbag.py:588} INFO - Filling up the DagBag from /home/airflow/.local/lib/python3.9/site-packages/airflow/example_dags/tutorial_objectstorage.py
[2025-02-04T16:47:12.238+0000] {processor.py:925} INFO - DAG(s) 'tutorial_objectstorage' retrieved from /home/airflow/.local/lib/python3.9/site-packages/airflow/example_dags/tutorial_objectstorage.py
[2025-02-04T16:47:12.260+0000] {logging_mixin.py:190} INFO - [2025-02-04T16:47:12.260+0000] {dag.py:3239} INFO - Sync 1 DAGs
[2025-02-04T16:47:12.276+0000] {logging_mixin.py:190} INFO - [2025-02-04T16:47:12.276+0000] {dag.py:4180} INFO - Setting next_dagrun for tutorial_objectstorage to None, run_after=None
[2025-02-04T16:47:12.302+0000] {processor.py:208} INFO - Processing /home/airflow/.local/lib/python3.9/site-packages/airflow/example_dags/tutorial_objectstorage.py took 0.089 seconds
[2025-02-04T16:47:52.814+0000] {processor.py:186} INFO - Started process (PID=2957) to work on /home/airflow/.local/lib/python3.9/site-packages/airflow/example_dags/tutorial_objectstorage.py
[2025-02-04T16:47:52.816+0000] {processor.py:914} INFO - Processing file /home/airflow/.local/lib/python3.9/site-packages/airflow/example_dags/tutorial_objectstorage.py for tasks to queue
[2025-02-04T16:47:52.817+0000] {logging_mixin.py:190} INFO - [2025-02-04T16:47:52.817+0000] {dagbag.py:588} INFO - Filling up the DagBag from /home/airflow/.local/lib/python3.9/site-packages/airflow/example_dags/tutorial_objectstorage.py
[2025-02-04T16:47:52.831+0000] {processor.py:925} INFO - DAG(s) 'tutorial_objectstorage' retrieved from /home/airflow/.local/lib/python3.9/site-packages/airflow/example_dags/tutorial_objectstorage.py
[2025-02-04T16:47:52.866+0000] {logging_mixin.py:190} INFO - [2025-02-04T16:47:52.866+0000] {dag.py:3239} INFO - Sync 1 DAGs
[2025-02-04T16:47:52.887+0000] {logging_mixin.py:190} INFO - [2025-02-04T16:47:52.887+0000] {dag.py:4180} INFO - Setting next_dagrun for tutorial_objectstorage to None, run_after=None
[2025-02-04T16:47:52.921+0000] {processor.py:208} INFO - Processing /home/airflow/.local/lib/python3.9/site-packages/airflow/example_dags/tutorial_objectstorage.py took 0.114 seconds
[2025-02-04T16:48:23.457+0000] {processor.py:186} INFO - Started process (PID=3022) to work on /home/airflow/.local/lib/python3.9/site-packages/airflow/example_dags/tutorial_objectstorage.py
[2025-02-04T16:48:23.458+0000] {processor.py:914} INFO - Processing file /home/airflow/.local/lib/python3.9/site-packages/airflow/example_dags/tutorial_objectstorage.py for tasks to queue
[2025-02-04T16:48:23.460+0000] {logging_mixin.py:190} INFO - [2025-02-04T16:48:23.459+0000] {dagbag.py:588} INFO - Filling up the DagBag from /home/airflow/.local/lib/python3.9/site-packages/airflow/example_dags/tutorial_objectstorage.py
[2025-02-04T16:48:23.470+0000] {processor.py:925} INFO - DAG(s) 'tutorial_objectstorage' retrieved from /home/airflow/.local/lib/python3.9/site-packages/airflow/example_dags/tutorial_objectstorage.py
[2025-02-04T16:48:23.492+0000] {logging_mixin.py:190} INFO - [2025-02-04T16:48:23.492+0000] {dag.py:3239} INFO - Sync 1 DAGs
[2025-02-04T16:48:23.506+0000] {logging_mixin.py:190} INFO - [2025-02-04T16:48:23.506+0000] {dag.py:4180} INFO - Setting next_dagrun for tutorial_objectstorage to None, run_after=None
[2025-02-04T16:48:23.535+0000] {processor.py:208} INFO - Processing /home/airflow/.local/lib/python3.9/site-packages/airflow/example_dags/tutorial_objectstorage.py took 0.085 seconds
[2025-02-04T16:48:53.599+0000] {processor.py:186} INFO - Started process (PID=3086) to work on /home/airflow/.local/lib/python3.9/site-packages/airflow/example_dags/tutorial_objectstorage.py
[2025-02-04T16:48:53.600+0000] {processor.py:914} INFO - Processing file /home/airflow/.local/lib/python3.9/site-packages/airflow/example_dags/tutorial_objectstorage.py for tasks to queue
[2025-02-04T16:48:53.602+0000] {logging_mixin.py:190} INFO - [2025-02-04T16:48:53.602+0000] {dagbag.py:588} INFO - Filling up the DagBag from /home/airflow/.local/lib/python3.9/site-packages/airflow/example_dags/tutorial_objectstorage.py
[2025-02-04T16:48:53.613+0000] {processor.py:925} INFO - DAG(s) 'tutorial_objectstorage' retrieved from /home/airflow/.local/lib/python3.9/site-packages/airflow/example_dags/tutorial_objectstorage.py
[2025-02-04T16:48:53.634+0000] {logging_mixin.py:190} INFO - [2025-02-04T16:48:53.633+0000] {dag.py:3239} INFO - Sync 1 DAGs
[2025-02-04T16:48:53.649+0000] {logging_mixin.py:190} INFO - [2025-02-04T16:48:53.648+0000] {dag.py:4180} INFO - Setting next_dagrun for tutorial_objectstorage to None, run_after=None
[2025-02-04T16:48:53.675+0000] {processor.py:208} INFO - Processing /home/airflow/.local/lib/python3.9/site-packages/airflow/example_dags/tutorial_objectstorage.py took 0.083 seconds
[2025-02-04T16:49:24.033+0000] {processor.py:186} INFO - Started process (PID=3157) to work on /home/airflow/.local/lib/python3.9/site-packages/airflow/example_dags/tutorial_objectstorage.py
[2025-02-04T16:49:24.034+0000] {processor.py:914} INFO - Processing file /home/airflow/.local/lib/python3.9/site-packages/airflow/example_dags/tutorial_objectstorage.py for tasks to queue
[2025-02-04T16:49:24.035+0000] {logging_mixin.py:190} INFO - [2025-02-04T16:49:24.035+0000] {dagbag.py:588} INFO - Filling up the DagBag from /home/airflow/.local/lib/python3.9/site-packages/airflow/example_dags/tutorial_objectstorage.py
[2025-02-04T16:49:24.046+0000] {processor.py:925} INFO - DAG(s) 'tutorial_objectstorage' retrieved from /home/airflow/.local/lib/python3.9/site-packages/airflow/example_dags/tutorial_objectstorage.py
[2025-02-04T16:49:24.066+0000] {logging_mixin.py:190} INFO - [2025-02-04T16:49:24.066+0000] {dag.py:3239} INFO - Sync 1 DAGs
[2025-02-04T16:49:24.081+0000] {logging_mixin.py:190} INFO - [2025-02-04T16:49:24.081+0000] {dag.py:4180} INFO - Setting next_dagrun for tutorial_objectstorage to None, run_after=None
[2025-02-04T16:49:24.115+0000] {processor.py:208} INFO - Processing /home/airflow/.local/lib/python3.9/site-packages/airflow/example_dags/tutorial_objectstorage.py took 0.090 seconds
[2025-02-04T16:49:54.207+0000] {processor.py:186} INFO - Started process (PID=3221) to work on /home/airflow/.local/lib/python3.9/site-packages/airflow/example_dags/tutorial_objectstorage.py
[2025-02-04T16:49:54.208+0000] {processor.py:914} INFO - Processing file /home/airflow/.local/lib/python3.9/site-packages/airflow/example_dags/tutorial_objectstorage.py for tasks to queue
[2025-02-04T16:49:54.210+0000] {logging_mixin.py:190} INFO - [2025-02-04T16:49:54.209+0000] {dagbag.py:588} INFO - Filling up the DagBag from /home/airflow/.local/lib/python3.9/site-packages/airflow/example_dags/tutorial_objectstorage.py
[2025-02-04T16:49:54.220+0000] {processor.py:925} INFO - DAG(s) 'tutorial_objectstorage' retrieved from /home/airflow/.local/lib/python3.9/site-packages/airflow/example_dags/tutorial_objectstorage.py
[2025-02-04T16:49:54.241+0000] {logging_mixin.py:190} INFO - [2025-02-04T16:49:54.241+0000] {dag.py:3239} INFO - Sync 1 DAGs
[2025-02-04T16:49:54.260+0000] {logging_mixin.py:190} INFO - [2025-02-04T16:49:54.260+0000] {dag.py:4180} INFO - Setting next_dagrun for tutorial_objectstorage to None, run_after=None
[2025-02-04T16:49:54.291+0000] {processor.py:208} INFO - Processing /home/airflow/.local/lib/python3.9/site-packages/airflow/example_dags/tutorial_objectstorage.py took 0.090 seconds
