[2025-02-04T16:22:48.886+0000] {processor.py:186} INFO - Started process (PID=113) to work on /home/airflow/.local/lib/python3.9/site-packages/airflow/example_dags/tutorial_taskflow_api.py
[2025-02-04T16:22:48.887+0000] {processor.py:914} INFO - Processing file /home/airflow/.local/lib/python3.9/site-packages/airflow/example_dags/tutorial_taskflow_api.py for tasks to queue
[2025-02-04T16:22:48.890+0000] {logging_mixin.py:190} INFO - [2025-02-04T16:22:48.890+0000] {dagbag.py:588} INFO - Filling up the DagBag from /home/airflow/.local/lib/python3.9/site-packages/airflow/example_dags/tutorial_taskflow_api.py
[2025-02-04T16:22:48.914+0000] {processor.py:925} INFO - DAG(s) 'tutorial_taskflow_api' retrieved from /home/airflow/.local/lib/python3.9/site-packages/airflow/example_dags/tutorial_taskflow_api.py
[2025-02-04T16:22:49.036+0000] {logging_mixin.py:190} INFO - [2025-02-04T16:22:49.035+0000] {override.py:1912} INFO - Created Permission View: can delete on DAG:tutorial_taskflow_api
[2025-02-04T16:22:49.055+0000] {logging_mixin.py:190} INFO - [2025-02-04T16:22:49.054+0000] {override.py:1912} INFO - Created Permission View: can edit on DAG:tutorial_taskflow_api
[2025-02-04T16:22:49.070+0000] {logging_mixin.py:190} INFO - [2025-02-04T16:22:49.069+0000] {override.py:1912} INFO - Created Permission View: can read on DAG:tutorial_taskflow_api
[2025-02-04T16:22:49.094+0000] {logging_mixin.py:190} INFO - [2025-02-04T16:22:49.094+0000] {override.py:1912} INFO - Created Permission View: can delete on DAG Run:tutorial_taskflow_api
[2025-02-04T16:22:49.109+0000] {logging_mixin.py:190} INFO - [2025-02-04T16:22:49.108+0000] {override.py:1912} INFO - Created Permission View: menu access on DAG Run:tutorial_taskflow_api
[2025-02-04T16:22:49.125+0000] {logging_mixin.py:190} INFO - [2025-02-04T16:22:49.125+0000] {override.py:1912} INFO - Created Permission View: can read on DAG Run:tutorial_taskflow_api
[2025-02-04T16:22:49.141+0000] {logging_mixin.py:190} INFO - [2025-02-04T16:22:49.141+0000] {override.py:1912} INFO - Created Permission View: can create on DAG Run:tutorial_taskflow_api
[2025-02-04T16:22:49.142+0000] {logging_mixin.py:190} INFO - [2025-02-04T16:22:49.142+0000] {dag.py:3239} INFO - Sync 1 DAGs
[2025-02-04T16:22:49.156+0000] {logging_mixin.py:190} INFO - [2025-02-04T16:22:49.156+0000] {dag.py:3262} INFO - Creating ORM DAG for tutorial_taskflow_api
[2025-02-04T16:22:49.158+0000] {logging_mixin.py:190} INFO - [2025-02-04T16:22:49.157+0000] {dag.py:4180} INFO - Setting next_dagrun for tutorial_taskflow_api to None, run_after=None
[2025-02-04T16:22:49.186+0000] {processor.py:208} INFO - Processing /home/airflow/.local/lib/python3.9/site-packages/airflow/example_dags/tutorial_taskflow_api.py took 0.307 seconds
[2025-02-04T16:23:33.098+0000] {processor.py:186} INFO - Started process (PID=177) to work on /home/airflow/.local/lib/python3.9/site-packages/airflow/example_dags/tutorial_taskflow_api.py
[2025-02-04T16:23:33.099+0000] {processor.py:914} INFO - Processing file /home/airflow/.local/lib/python3.9/site-packages/airflow/example_dags/tutorial_taskflow_api.py for tasks to queue
[2025-02-04T16:23:33.103+0000] {logging_mixin.py:190} INFO - [2025-02-04T16:23:33.102+0000] {dagbag.py:588} INFO - Filling up the DagBag from /home/airflow/.local/lib/python3.9/site-packages/airflow/example_dags/tutorial_taskflow_api.py
[2025-02-04T16:23:33.113+0000] {processor.py:925} INFO - DAG(s) 'tutorial_taskflow_api' retrieved from /home/airflow/.local/lib/python3.9/site-packages/airflow/example_dags/tutorial_taskflow_api.py
[2025-02-04T16:23:33.136+0000] {logging_mixin.py:190} INFO - [2025-02-04T16:23:33.135+0000] {dag.py:3239} INFO - Sync 1 DAGs
[2025-02-04T16:23:33.150+0000] {logging_mixin.py:190} INFO - [2025-02-04T16:23:33.150+0000] {dag.py:4180} INFO - Setting next_dagrun for tutorial_taskflow_api to None, run_after=None
[2025-02-04T16:23:33.177+0000] {processor.py:208} INFO - Processing /home/airflow/.local/lib/python3.9/site-packages/airflow/example_dags/tutorial_taskflow_api.py took 0.085 seconds
[2025-02-04T16:24:03.786+0000] {processor.py:186} INFO - Started process (PID=240) to work on /home/airflow/.local/lib/python3.9/site-packages/airflow/example_dags/tutorial_taskflow_api.py
[2025-02-04T16:24:03.787+0000] {processor.py:914} INFO - Processing file /home/airflow/.local/lib/python3.9/site-packages/airflow/example_dags/tutorial_taskflow_api.py for tasks to queue
[2025-02-04T16:24:03.790+0000] {logging_mixin.py:190} INFO - [2025-02-04T16:24:03.789+0000] {dagbag.py:588} INFO - Filling up the DagBag from /home/airflow/.local/lib/python3.9/site-packages/airflow/example_dags/tutorial_taskflow_api.py
[2025-02-04T16:24:03.798+0000] {processor.py:925} INFO - DAG(s) 'tutorial_taskflow_api' retrieved from /home/airflow/.local/lib/python3.9/site-packages/airflow/example_dags/tutorial_taskflow_api.py
[2025-02-04T16:24:03.821+0000] {logging_mixin.py:190} INFO - [2025-02-04T16:24:03.821+0000] {dag.py:3239} INFO - Sync 1 DAGs
[2025-02-04T16:24:03.835+0000] {logging_mixin.py:190} INFO - [2025-02-04T16:24:03.835+0000] {dag.py:4180} INFO - Setting next_dagrun for tutorial_taskflow_api to None, run_after=None
[2025-02-04T16:24:03.862+0000] {processor.py:208} INFO - Processing /home/airflow/.local/lib/python3.9/site-packages/airflow/example_dags/tutorial_taskflow_api.py took 0.082 seconds
[2025-02-04T16:24:34.475+0000] {processor.py:186} INFO - Started process (PID=303) to work on /home/airflow/.local/lib/python3.9/site-packages/airflow/example_dags/tutorial_taskflow_api.py
[2025-02-04T16:24:34.476+0000] {processor.py:914} INFO - Processing file /home/airflow/.local/lib/python3.9/site-packages/airflow/example_dags/tutorial_taskflow_api.py for tasks to queue
[2025-02-04T16:24:34.481+0000] {logging_mixin.py:190} INFO - [2025-02-04T16:24:34.481+0000] {dagbag.py:588} INFO - Filling up the DagBag from /home/airflow/.local/lib/python3.9/site-packages/airflow/example_dags/tutorial_taskflow_api.py
[2025-02-04T16:24:34.492+0000] {processor.py:925} INFO - DAG(s) 'tutorial_taskflow_api' retrieved from /home/airflow/.local/lib/python3.9/site-packages/airflow/example_dags/tutorial_taskflow_api.py
[2025-02-04T16:24:34.517+0000] {logging_mixin.py:190} INFO - [2025-02-04T16:24:34.517+0000] {dag.py:3239} INFO - Sync 1 DAGs
[2025-02-04T16:24:34.532+0000] {logging_mixin.py:190} INFO - [2025-02-04T16:24:34.532+0000] {dag.py:4180} INFO - Setting next_dagrun for tutorial_taskflow_api to None, run_after=None
[2025-02-04T16:24:34.560+0000] {processor.py:208} INFO - Processing /home/airflow/.local/lib/python3.9/site-packages/airflow/example_dags/tutorial_taskflow_api.py took 0.092 seconds
[2025-02-04T16:25:05.343+0000] {processor.py:186} INFO - Started process (PID=367) to work on /home/airflow/.local/lib/python3.9/site-packages/airflow/example_dags/tutorial_taskflow_api.py
[2025-02-04T16:25:05.344+0000] {processor.py:914} INFO - Processing file /home/airflow/.local/lib/python3.9/site-packages/airflow/example_dags/tutorial_taskflow_api.py for tasks to queue
[2025-02-04T16:25:05.347+0000] {logging_mixin.py:190} INFO - [2025-02-04T16:25:05.347+0000] {dagbag.py:588} INFO - Filling up the DagBag from /home/airflow/.local/lib/python3.9/site-packages/airflow/example_dags/tutorial_taskflow_api.py
[2025-02-04T16:25:05.357+0000] {processor.py:925} INFO - DAG(s) 'tutorial_taskflow_api' retrieved from /home/airflow/.local/lib/python3.9/site-packages/airflow/example_dags/tutorial_taskflow_api.py
[2025-02-04T16:25:05.382+0000] {logging_mixin.py:190} INFO - [2025-02-04T16:25:05.381+0000] {dag.py:3239} INFO - Sync 1 DAGs
[2025-02-04T16:25:05.396+0000] {logging_mixin.py:190} INFO - [2025-02-04T16:25:05.396+0000] {dag.py:4180} INFO - Setting next_dagrun for tutorial_taskflow_api to None, run_after=None
[2025-02-04T16:25:05.424+0000] {processor.py:208} INFO - Processing /home/airflow/.local/lib/python3.9/site-packages/airflow/example_dags/tutorial_taskflow_api.py took 0.087 seconds
[2025-02-04T16:25:35.729+0000] {processor.py:186} INFO - Started process (PID=431) to work on /home/airflow/.local/lib/python3.9/site-packages/airflow/example_dags/tutorial_taskflow_api.py
[2025-02-04T16:25:35.730+0000] {processor.py:914} INFO - Processing file /home/airflow/.local/lib/python3.9/site-packages/airflow/example_dags/tutorial_taskflow_api.py for tasks to queue
[2025-02-04T16:25:35.733+0000] {logging_mixin.py:190} INFO - [2025-02-04T16:25:35.733+0000] {dagbag.py:588} INFO - Filling up the DagBag from /home/airflow/.local/lib/python3.9/site-packages/airflow/example_dags/tutorial_taskflow_api.py
[2025-02-04T16:25:35.742+0000] {processor.py:925} INFO - DAG(s) 'tutorial_taskflow_api' retrieved from /home/airflow/.local/lib/python3.9/site-packages/airflow/example_dags/tutorial_taskflow_api.py
[2025-02-04T16:25:35.765+0000] {logging_mixin.py:190} INFO - [2025-02-04T16:25:35.764+0000] {dag.py:3239} INFO - Sync 1 DAGs
[2025-02-04T16:25:35.780+0000] {logging_mixin.py:190} INFO - [2025-02-04T16:25:35.780+0000] {dag.py:4180} INFO - Setting next_dagrun for tutorial_taskflow_api to None, run_after=None
[2025-02-04T16:25:35.806+0000] {processor.py:208} INFO - Processing /home/airflow/.local/lib/python3.9/site-packages/airflow/example_dags/tutorial_taskflow_api.py took 0.084 seconds
[2025-02-04T16:26:06.077+0000] {processor.py:186} INFO - Started process (PID=502) to work on /home/airflow/.local/lib/python3.9/site-packages/airflow/example_dags/tutorial_taskflow_api.py
[2025-02-04T16:26:06.078+0000] {processor.py:914} INFO - Processing file /home/airflow/.local/lib/python3.9/site-packages/airflow/example_dags/tutorial_taskflow_api.py for tasks to queue
[2025-02-04T16:26:06.081+0000] {logging_mixin.py:190} INFO - [2025-02-04T16:26:06.080+0000] {dagbag.py:588} INFO - Filling up the DagBag from /home/airflow/.local/lib/python3.9/site-packages/airflow/example_dags/tutorial_taskflow_api.py
[2025-02-04T16:26:06.089+0000] {processor.py:925} INFO - DAG(s) 'tutorial_taskflow_api' retrieved from /home/airflow/.local/lib/python3.9/site-packages/airflow/example_dags/tutorial_taskflow_api.py
[2025-02-04T16:26:06.113+0000] {logging_mixin.py:190} INFO - [2025-02-04T16:26:06.113+0000] {dag.py:3239} INFO - Sync 1 DAGs
[2025-02-04T16:26:06.132+0000] {logging_mixin.py:190} INFO - [2025-02-04T16:26:06.131+0000] {dag.py:4180} INFO - Setting next_dagrun for tutorial_taskflow_api to None, run_after=None
[2025-02-04T16:26:06.168+0000] {processor.py:208} INFO - Processing /home/airflow/.local/lib/python3.9/site-packages/airflow/example_dags/tutorial_taskflow_api.py took 0.097 seconds
[2025-02-04T16:26:37.045+0000] {processor.py:186} INFO - Started process (PID=566) to work on /home/airflow/.local/lib/python3.9/site-packages/airflow/example_dags/tutorial_taskflow_api.py
[2025-02-04T16:26:37.046+0000] {processor.py:914} INFO - Processing file /home/airflow/.local/lib/python3.9/site-packages/airflow/example_dags/tutorial_taskflow_api.py for tasks to queue
[2025-02-04T16:26:37.051+0000] {logging_mixin.py:190} INFO - [2025-02-04T16:26:37.050+0000] {dagbag.py:588} INFO - Filling up the DagBag from /home/airflow/.local/lib/python3.9/site-packages/airflow/example_dags/tutorial_taskflow_api.py
[2025-02-04T16:26:37.064+0000] {processor.py:925} INFO - DAG(s) 'tutorial_taskflow_api' retrieved from /home/airflow/.local/lib/python3.9/site-packages/airflow/example_dags/tutorial_taskflow_api.py
[2025-02-04T16:26:37.105+0000] {logging_mixin.py:190} INFO - [2025-02-04T16:26:37.104+0000] {dag.py:3239} INFO - Sync 1 DAGs
[2025-02-04T16:26:37.138+0000] {logging_mixin.py:190} INFO - [2025-02-04T16:26:37.138+0000] {dag.py:4180} INFO - Setting next_dagrun for tutorial_taskflow_api to None, run_after=None
[2025-02-04T16:26:37.168+0000] {processor.py:208} INFO - Processing /home/airflow/.local/lib/python3.9/site-packages/airflow/example_dags/tutorial_taskflow_api.py took 0.135 seconds
[2025-02-04T16:27:07.259+0000] {processor.py:186} INFO - Started process (PID=630) to work on /home/airflow/.local/lib/python3.9/site-packages/airflow/example_dags/tutorial_taskflow_api.py
[2025-02-04T16:27:07.260+0000] {processor.py:914} INFO - Processing file /home/airflow/.local/lib/python3.9/site-packages/airflow/example_dags/tutorial_taskflow_api.py for tasks to queue
[2025-02-04T16:27:07.263+0000] {logging_mixin.py:190} INFO - [2025-02-04T16:27:07.263+0000] {dagbag.py:588} INFO - Filling up the DagBag from /home/airflow/.local/lib/python3.9/site-packages/airflow/example_dags/tutorial_taskflow_api.py
[2025-02-04T16:27:07.273+0000] {processor.py:925} INFO - DAG(s) 'tutorial_taskflow_api' retrieved from /home/airflow/.local/lib/python3.9/site-packages/airflow/example_dags/tutorial_taskflow_api.py
[2025-02-04T16:27:07.294+0000] {logging_mixin.py:190} INFO - [2025-02-04T16:27:07.293+0000] {dag.py:3239} INFO - Sync 1 DAGs
[2025-02-04T16:27:07.309+0000] {logging_mixin.py:190} INFO - [2025-02-04T16:27:07.308+0000] {dag.py:4180} INFO - Setting next_dagrun for tutorial_taskflow_api to None, run_after=None
[2025-02-04T16:27:07.334+0000] {processor.py:208} INFO - Processing /home/airflow/.local/lib/python3.9/site-packages/airflow/example_dags/tutorial_taskflow_api.py took 0.084 seconds
[2025-02-04T16:27:38.147+0000] {processor.py:186} INFO - Started process (PID=694) to work on /home/airflow/.local/lib/python3.9/site-packages/airflow/example_dags/tutorial_taskflow_api.py
[2025-02-04T16:27:38.149+0000] {processor.py:914} INFO - Processing file /home/airflow/.local/lib/python3.9/site-packages/airflow/example_dags/tutorial_taskflow_api.py for tasks to queue
[2025-02-04T16:27:38.151+0000] {logging_mixin.py:190} INFO - [2025-02-04T16:27:38.151+0000] {dagbag.py:588} INFO - Filling up the DagBag from /home/airflow/.local/lib/python3.9/site-packages/airflow/example_dags/tutorial_taskflow_api.py
[2025-02-04T16:27:38.161+0000] {processor.py:925} INFO - DAG(s) 'tutorial_taskflow_api' retrieved from /home/airflow/.local/lib/python3.9/site-packages/airflow/example_dags/tutorial_taskflow_api.py
[2025-02-04T16:27:38.183+0000] {logging_mixin.py:190} INFO - [2025-02-04T16:27:38.183+0000] {dag.py:3239} INFO - Sync 1 DAGs
[2025-02-04T16:27:38.197+0000] {logging_mixin.py:190} INFO - [2025-02-04T16:27:38.197+0000] {dag.py:4180} INFO - Setting next_dagrun for tutorial_taskflow_api to None, run_after=None
[2025-02-04T16:27:38.232+0000] {processor.py:208} INFO - Processing /home/airflow/.local/lib/python3.9/site-packages/airflow/example_dags/tutorial_taskflow_api.py took 0.091 seconds
[2025-02-04T16:28:09.382+0000] {processor.py:186} INFO - Started process (PID=758) to work on /home/airflow/.local/lib/python3.9/site-packages/airflow/example_dags/tutorial_taskflow_api.py
[2025-02-04T16:28:09.384+0000] {processor.py:914} INFO - Processing file /home/airflow/.local/lib/python3.9/site-packages/airflow/example_dags/tutorial_taskflow_api.py for tasks to queue
[2025-02-04T16:28:09.388+0000] {logging_mixin.py:190} INFO - [2025-02-04T16:28:09.388+0000] {dagbag.py:588} INFO - Filling up the DagBag from /home/airflow/.local/lib/python3.9/site-packages/airflow/example_dags/tutorial_taskflow_api.py
[2025-02-04T16:28:09.399+0000] {processor.py:925} INFO - DAG(s) 'tutorial_taskflow_api' retrieved from /home/airflow/.local/lib/python3.9/site-packages/airflow/example_dags/tutorial_taskflow_api.py
[2025-02-04T16:28:09.422+0000] {logging_mixin.py:190} INFO - [2025-02-04T16:28:09.421+0000] {dag.py:3239} INFO - Sync 1 DAGs
[2025-02-04T16:28:09.437+0000] {logging_mixin.py:190} INFO - [2025-02-04T16:28:09.436+0000] {dag.py:4180} INFO - Setting next_dagrun for tutorial_taskflow_api to None, run_after=None
[2025-02-04T16:28:09.462+0000] {processor.py:208} INFO - Processing /home/airflow/.local/lib/python3.9/site-packages/airflow/example_dags/tutorial_taskflow_api.py took 0.093 seconds
[2025-02-04T16:28:39.563+0000] {processor.py:186} INFO - Started process (PID=821) to work on /home/airflow/.local/lib/python3.9/site-packages/airflow/example_dags/tutorial_taskflow_api.py
[2025-02-04T16:28:39.564+0000] {processor.py:914} INFO - Processing file /home/airflow/.local/lib/python3.9/site-packages/airflow/example_dags/tutorial_taskflow_api.py for tasks to queue
[2025-02-04T16:28:39.567+0000] {logging_mixin.py:190} INFO - [2025-02-04T16:28:39.567+0000] {dagbag.py:588} INFO - Filling up the DagBag from /home/airflow/.local/lib/python3.9/site-packages/airflow/example_dags/tutorial_taskflow_api.py
[2025-02-04T16:28:39.576+0000] {processor.py:925} INFO - DAG(s) 'tutorial_taskflow_api' retrieved from /home/airflow/.local/lib/python3.9/site-packages/airflow/example_dags/tutorial_taskflow_api.py
[2025-02-04T16:28:39.598+0000] {logging_mixin.py:190} INFO - [2025-02-04T16:28:39.598+0000] {dag.py:3239} INFO - Sync 1 DAGs
[2025-02-04T16:28:39.612+0000] {logging_mixin.py:190} INFO - [2025-02-04T16:28:39.612+0000] {dag.py:4180} INFO - Setting next_dagrun for tutorial_taskflow_api to None, run_after=None
[2025-02-04T16:28:39.638+0000] {processor.py:208} INFO - Processing /home/airflow/.local/lib/python3.9/site-packages/airflow/example_dags/tutorial_taskflow_api.py took 0.081 seconds
[2025-02-04T16:29:10.017+0000] {processor.py:186} INFO - Started process (PID=885) to work on /home/airflow/.local/lib/python3.9/site-packages/airflow/example_dags/tutorial_taskflow_api.py
[2025-02-04T16:29:10.019+0000] {processor.py:914} INFO - Processing file /home/airflow/.local/lib/python3.9/site-packages/airflow/example_dags/tutorial_taskflow_api.py for tasks to queue
[2025-02-04T16:29:10.023+0000] {logging_mixin.py:190} INFO - [2025-02-04T16:29:10.022+0000] {dagbag.py:588} INFO - Filling up the DagBag from /home/airflow/.local/lib/python3.9/site-packages/airflow/example_dags/tutorial_taskflow_api.py
[2025-02-04T16:29:10.031+0000] {processor.py:925} INFO - DAG(s) 'tutorial_taskflow_api' retrieved from /home/airflow/.local/lib/python3.9/site-packages/airflow/example_dags/tutorial_taskflow_api.py
[2025-02-04T16:29:10.056+0000] {logging_mixin.py:190} INFO - [2025-02-04T16:29:10.055+0000] {dag.py:3239} INFO - Sync 1 DAGs
[2025-02-04T16:29:10.074+0000] {logging_mixin.py:190} INFO - [2025-02-04T16:29:10.074+0000] {dag.py:4180} INFO - Setting next_dagrun for tutorial_taskflow_api to None, run_after=None
[2025-02-04T16:29:10.104+0000] {processor.py:208} INFO - Processing /home/airflow/.local/lib/python3.9/site-packages/airflow/example_dags/tutorial_taskflow_api.py took 0.093 seconds
[2025-02-04T16:29:40.572+0000] {processor.py:186} INFO - Started process (PID=949) to work on /home/airflow/.local/lib/python3.9/site-packages/airflow/example_dags/tutorial_taskflow_api.py
[2025-02-04T16:29:40.574+0000] {processor.py:914} INFO - Processing file /home/airflow/.local/lib/python3.9/site-packages/airflow/example_dags/tutorial_taskflow_api.py for tasks to queue
[2025-02-04T16:29:40.576+0000] {logging_mixin.py:190} INFO - [2025-02-04T16:29:40.576+0000] {dagbag.py:588} INFO - Filling up the DagBag from /home/airflow/.local/lib/python3.9/site-packages/airflow/example_dags/tutorial_taskflow_api.py
[2025-02-04T16:29:40.585+0000] {processor.py:925} INFO - DAG(s) 'tutorial_taskflow_api' retrieved from /home/airflow/.local/lib/python3.9/site-packages/airflow/example_dags/tutorial_taskflow_api.py
[2025-02-04T16:29:40.613+0000] {logging_mixin.py:190} INFO - [2025-02-04T16:29:40.612+0000] {dag.py:3239} INFO - Sync 1 DAGs
[2025-02-04T16:29:40.627+0000] {logging_mixin.py:190} INFO - [2025-02-04T16:29:40.627+0000] {dag.py:4180} INFO - Setting next_dagrun for tutorial_taskflow_api to None, run_after=None
[2025-02-04T16:29:40.659+0000] {processor.py:208} INFO - Processing /home/airflow/.local/lib/python3.9/site-packages/airflow/example_dags/tutorial_taskflow_api.py took 0.094 seconds
[2025-02-04T16:30:10.757+0000] {processor.py:186} INFO - Started process (PID=1013) to work on /home/airflow/.local/lib/python3.9/site-packages/airflow/example_dags/tutorial_taskflow_api.py
[2025-02-04T16:30:10.759+0000] {processor.py:914} INFO - Processing file /home/airflow/.local/lib/python3.9/site-packages/airflow/example_dags/tutorial_taskflow_api.py for tasks to queue
[2025-02-04T16:30:10.762+0000] {logging_mixin.py:190} INFO - [2025-02-04T16:30:10.762+0000] {dagbag.py:588} INFO - Filling up the DagBag from /home/airflow/.local/lib/python3.9/site-packages/airflow/example_dags/tutorial_taskflow_api.py
[2025-02-04T16:30:10.772+0000] {processor.py:925} INFO - DAG(s) 'tutorial_taskflow_api' retrieved from /home/airflow/.local/lib/python3.9/site-packages/airflow/example_dags/tutorial_taskflow_api.py
[2025-02-04T16:30:10.798+0000] {logging_mixin.py:190} INFO - [2025-02-04T16:30:10.798+0000] {dag.py:3239} INFO - Sync 1 DAGs
[2025-02-04T16:30:10.816+0000] {logging_mixin.py:190} INFO - [2025-02-04T16:30:10.815+0000] {dag.py:4180} INFO - Setting next_dagrun for tutorial_taskflow_api to None, run_after=None
[2025-02-04T16:30:10.844+0000] {processor.py:208} INFO - Processing /home/airflow/.local/lib/python3.9/site-packages/airflow/example_dags/tutorial_taskflow_api.py took 0.094 seconds
[2025-02-04T16:30:41.529+0000] {processor.py:186} INFO - Started process (PID=1078) to work on /home/airflow/.local/lib/python3.9/site-packages/airflow/example_dags/tutorial_taskflow_api.py
[2025-02-04T16:30:41.531+0000] {processor.py:914} INFO - Processing file /home/airflow/.local/lib/python3.9/site-packages/airflow/example_dags/tutorial_taskflow_api.py for tasks to queue
[2025-02-04T16:30:41.533+0000] {logging_mixin.py:190} INFO - [2025-02-04T16:30:41.533+0000] {dagbag.py:588} INFO - Filling up the DagBag from /home/airflow/.local/lib/python3.9/site-packages/airflow/example_dags/tutorial_taskflow_api.py
[2025-02-04T16:30:41.542+0000] {processor.py:925} INFO - DAG(s) 'tutorial_taskflow_api' retrieved from /home/airflow/.local/lib/python3.9/site-packages/airflow/example_dags/tutorial_taskflow_api.py
[2025-02-04T16:30:41.566+0000] {logging_mixin.py:190} INFO - [2025-02-04T16:30:41.566+0000] {dag.py:3239} INFO - Sync 1 DAGs
[2025-02-04T16:30:41.582+0000] {logging_mixin.py:190} INFO - [2025-02-04T16:30:41.581+0000] {dag.py:4180} INFO - Setting next_dagrun for tutorial_taskflow_api to None, run_after=None
[2025-02-04T16:30:41.609+0000] {processor.py:208} INFO - Processing /home/airflow/.local/lib/python3.9/site-packages/airflow/example_dags/tutorial_taskflow_api.py took 0.088 seconds
[2025-02-04T16:31:12.495+0000] {processor.py:186} INFO - Started process (PID=1142) to work on /home/airflow/.local/lib/python3.9/site-packages/airflow/example_dags/tutorial_taskflow_api.py
[2025-02-04T16:31:12.496+0000] {processor.py:914} INFO - Processing file /home/airflow/.local/lib/python3.9/site-packages/airflow/example_dags/tutorial_taskflow_api.py for tasks to queue
[2025-02-04T16:31:12.499+0000] {logging_mixin.py:190} INFO - [2025-02-04T16:31:12.499+0000] {dagbag.py:588} INFO - Filling up the DagBag from /home/airflow/.local/lib/python3.9/site-packages/airflow/example_dags/tutorial_taskflow_api.py
[2025-02-04T16:31:12.513+0000] {processor.py:925} INFO - DAG(s) 'tutorial_taskflow_api' retrieved from /home/airflow/.local/lib/python3.9/site-packages/airflow/example_dags/tutorial_taskflow_api.py
[2025-02-04T16:31:12.541+0000] {logging_mixin.py:190} INFO - [2025-02-04T16:31:12.540+0000] {dag.py:3239} INFO - Sync 1 DAGs
[2025-02-04T16:31:12.562+0000] {logging_mixin.py:190} INFO - [2025-02-04T16:31:12.561+0000] {dag.py:4180} INFO - Setting next_dagrun for tutorial_taskflow_api to None, run_after=None
[2025-02-04T16:31:12.594+0000] {processor.py:208} INFO - Processing /home/airflow/.local/lib/python3.9/site-packages/airflow/example_dags/tutorial_taskflow_api.py took 0.107 seconds
[2025-02-04T16:31:43.522+0000] {processor.py:186} INFO - Started process (PID=1213) to work on /home/airflow/.local/lib/python3.9/site-packages/airflow/example_dags/tutorial_taskflow_api.py
[2025-02-04T16:31:43.523+0000] {processor.py:914} INFO - Processing file /home/airflow/.local/lib/python3.9/site-packages/airflow/example_dags/tutorial_taskflow_api.py for tasks to queue
[2025-02-04T16:31:43.526+0000] {logging_mixin.py:190} INFO - [2025-02-04T16:31:43.526+0000] {dagbag.py:588} INFO - Filling up the DagBag from /home/airflow/.local/lib/python3.9/site-packages/airflow/example_dags/tutorial_taskflow_api.py
[2025-02-04T16:31:43.539+0000] {processor.py:925} INFO - DAG(s) 'tutorial_taskflow_api' retrieved from /home/airflow/.local/lib/python3.9/site-packages/airflow/example_dags/tutorial_taskflow_api.py
[2025-02-04T16:31:43.562+0000] {logging_mixin.py:190} INFO - [2025-02-04T16:31:43.562+0000] {dag.py:3239} INFO - Sync 1 DAGs
[2025-02-04T16:31:43.578+0000] {logging_mixin.py:190} INFO - [2025-02-04T16:31:43.578+0000] {dag.py:4180} INFO - Setting next_dagrun for tutorial_taskflow_api to None, run_after=None
[2025-02-04T16:31:43.605+0000] {processor.py:208} INFO - Processing /home/airflow/.local/lib/python3.9/site-packages/airflow/example_dags/tutorial_taskflow_api.py took 0.093 seconds
[2025-02-04T16:32:13.757+0000] {processor.py:186} INFO - Started process (PID=1277) to work on /home/airflow/.local/lib/python3.9/site-packages/airflow/example_dags/tutorial_taskflow_api.py
[2025-02-04T16:32:13.758+0000] {processor.py:914} INFO - Processing file /home/airflow/.local/lib/python3.9/site-packages/airflow/example_dags/tutorial_taskflow_api.py for tasks to queue
[2025-02-04T16:32:13.761+0000] {logging_mixin.py:190} INFO - [2025-02-04T16:32:13.761+0000] {dagbag.py:588} INFO - Filling up the DagBag from /home/airflow/.local/lib/python3.9/site-packages/airflow/example_dags/tutorial_taskflow_api.py
[2025-02-04T16:32:13.770+0000] {processor.py:925} INFO - DAG(s) 'tutorial_taskflow_api' retrieved from /home/airflow/.local/lib/python3.9/site-packages/airflow/example_dags/tutorial_taskflow_api.py
[2025-02-04T16:32:13.794+0000] {logging_mixin.py:190} INFO - [2025-02-04T16:32:13.793+0000] {dag.py:3239} INFO - Sync 1 DAGs
[2025-02-04T16:32:13.810+0000] {logging_mixin.py:190} INFO - [2025-02-04T16:32:13.809+0000] {dag.py:4180} INFO - Setting next_dagrun for tutorial_taskflow_api to None, run_after=None
[2025-02-04T16:32:13.837+0000] {processor.py:208} INFO - Processing /home/airflow/.local/lib/python3.9/site-packages/airflow/example_dags/tutorial_taskflow_api.py took 0.087 seconds
[2025-02-04T16:32:44.078+0000] {processor.py:186} INFO - Started process (PID=1341) to work on /home/airflow/.local/lib/python3.9/site-packages/airflow/example_dags/tutorial_taskflow_api.py
[2025-02-04T16:32:44.079+0000] {processor.py:914} INFO - Processing file /home/airflow/.local/lib/python3.9/site-packages/airflow/example_dags/tutorial_taskflow_api.py for tasks to queue
[2025-02-04T16:32:44.082+0000] {logging_mixin.py:190} INFO - [2025-02-04T16:32:44.082+0000] {dagbag.py:588} INFO - Filling up the DagBag from /home/airflow/.local/lib/python3.9/site-packages/airflow/example_dags/tutorial_taskflow_api.py
[2025-02-04T16:32:44.092+0000] {processor.py:925} INFO - DAG(s) 'tutorial_taskflow_api' retrieved from /home/airflow/.local/lib/python3.9/site-packages/airflow/example_dags/tutorial_taskflow_api.py
[2025-02-04T16:32:44.123+0000] {logging_mixin.py:190} INFO - [2025-02-04T16:32:44.123+0000] {dag.py:3239} INFO - Sync 1 DAGs
[2025-02-04T16:32:44.143+0000] {logging_mixin.py:190} INFO - [2025-02-04T16:32:44.142+0000] {dag.py:4180} INFO - Setting next_dagrun for tutorial_taskflow_api to None, run_after=None
[2025-02-04T16:32:44.175+0000] {processor.py:208} INFO - Processing /home/airflow/.local/lib/python3.9/site-packages/airflow/example_dags/tutorial_taskflow_api.py took 0.106 seconds
[2025-02-04T16:33:14.999+0000] {processor.py:186} INFO - Started process (PID=1407) to work on /home/airflow/.local/lib/python3.9/site-packages/airflow/example_dags/tutorial_taskflow_api.py
[2025-02-04T16:33:15.001+0000] {processor.py:914} INFO - Processing file /home/airflow/.local/lib/python3.9/site-packages/airflow/example_dags/tutorial_taskflow_api.py for tasks to queue
[2025-02-04T16:33:15.003+0000] {logging_mixin.py:190} INFO - [2025-02-04T16:33:15.003+0000] {dagbag.py:588} INFO - Filling up the DagBag from /home/airflow/.local/lib/python3.9/site-packages/airflow/example_dags/tutorial_taskflow_api.py
[2025-02-04T16:33:15.013+0000] {processor.py:925} INFO - DAG(s) 'tutorial_taskflow_api' retrieved from /home/airflow/.local/lib/python3.9/site-packages/airflow/example_dags/tutorial_taskflow_api.py
[2025-02-04T16:33:15.035+0000] {logging_mixin.py:190} INFO - [2025-02-04T16:33:15.035+0000] {dag.py:3239} INFO - Sync 1 DAGs
[2025-02-04T16:33:15.050+0000] {logging_mixin.py:190} INFO - [2025-02-04T16:33:15.050+0000] {dag.py:4180} INFO - Setting next_dagrun for tutorial_taskflow_api to None, run_after=None
[2025-02-04T16:33:15.078+0000] {processor.py:208} INFO - Processing /home/airflow/.local/lib/python3.9/site-packages/airflow/example_dags/tutorial_taskflow_api.py took 0.086 seconds
[2025-02-04T16:33:45.750+0000] {processor.py:186} INFO - Started process (PID=1471) to work on /home/airflow/.local/lib/python3.9/site-packages/airflow/example_dags/tutorial_taskflow_api.py
[2025-02-04T16:33:45.752+0000] {processor.py:914} INFO - Processing file /home/airflow/.local/lib/python3.9/site-packages/airflow/example_dags/tutorial_taskflow_api.py for tasks to queue
[2025-02-04T16:33:45.755+0000] {logging_mixin.py:190} INFO - [2025-02-04T16:33:45.755+0000] {dagbag.py:588} INFO - Filling up the DagBag from /home/airflow/.local/lib/python3.9/site-packages/airflow/example_dags/tutorial_taskflow_api.py
[2025-02-04T16:33:45.766+0000] {processor.py:925} INFO - DAG(s) 'tutorial_taskflow_api' retrieved from /home/airflow/.local/lib/python3.9/site-packages/airflow/example_dags/tutorial_taskflow_api.py
[2025-02-04T16:33:45.794+0000] {logging_mixin.py:190} INFO - [2025-02-04T16:33:45.793+0000] {dag.py:3239} INFO - Sync 1 DAGs
[2025-02-04T16:33:45.816+0000] {logging_mixin.py:190} INFO - [2025-02-04T16:33:45.815+0000] {dag.py:4180} INFO - Setting next_dagrun for tutorial_taskflow_api to None, run_after=None
[2025-02-04T16:33:45.849+0000] {processor.py:208} INFO - Processing /home/airflow/.local/lib/python3.9/site-packages/airflow/example_dags/tutorial_taskflow_api.py took 0.105 seconds
[2025-02-04T16:34:16.610+0000] {processor.py:186} INFO - Started process (PID=1535) to work on /home/airflow/.local/lib/python3.9/site-packages/airflow/example_dags/tutorial_taskflow_api.py
[2025-02-04T16:34:16.611+0000] {processor.py:914} INFO - Processing file /home/airflow/.local/lib/python3.9/site-packages/airflow/example_dags/tutorial_taskflow_api.py for tasks to queue
[2025-02-04T16:34:16.614+0000] {logging_mixin.py:190} INFO - [2025-02-04T16:34:16.614+0000] {dagbag.py:588} INFO - Filling up the DagBag from /home/airflow/.local/lib/python3.9/site-packages/airflow/example_dags/tutorial_taskflow_api.py
[2025-02-04T16:34:16.623+0000] {processor.py:925} INFO - DAG(s) 'tutorial_taskflow_api' retrieved from /home/airflow/.local/lib/python3.9/site-packages/airflow/example_dags/tutorial_taskflow_api.py
[2025-02-04T16:34:16.646+0000] {logging_mixin.py:190} INFO - [2025-02-04T16:34:16.646+0000] {dag.py:3239} INFO - Sync 1 DAGs
[2025-02-04T16:34:16.663+0000] {logging_mixin.py:190} INFO - [2025-02-04T16:34:16.663+0000] {dag.py:4180} INFO - Setting next_dagrun for tutorial_taskflow_api to None, run_after=None
[2025-02-04T16:34:16.690+0000] {processor.py:208} INFO - Processing /home/airflow/.local/lib/python3.9/site-packages/airflow/example_dags/tutorial_taskflow_api.py took 0.087 seconds
[2025-02-04T16:34:47.982+0000] {processor.py:186} INFO - Started process (PID=1598) to work on /home/airflow/.local/lib/python3.9/site-packages/airflow/example_dags/tutorial_taskflow_api.py
[2025-02-04T16:34:47.983+0000] {processor.py:914} INFO - Processing file /home/airflow/.local/lib/python3.9/site-packages/airflow/example_dags/tutorial_taskflow_api.py for tasks to queue
[2025-02-04T16:34:47.986+0000] {logging_mixin.py:190} INFO - [2025-02-04T16:34:47.985+0000] {dagbag.py:588} INFO - Filling up the DagBag from /home/airflow/.local/lib/python3.9/site-packages/airflow/example_dags/tutorial_taskflow_api.py
[2025-02-04T16:34:47.994+0000] {processor.py:925} INFO - DAG(s) 'tutorial_taskflow_api' retrieved from /home/airflow/.local/lib/python3.9/site-packages/airflow/example_dags/tutorial_taskflow_api.py
[2025-02-04T16:34:48.016+0000] {logging_mixin.py:190} INFO - [2025-02-04T16:34:48.016+0000] {dag.py:3239} INFO - Sync 1 DAGs
[2025-02-04T16:34:48.031+0000] {logging_mixin.py:190} INFO - [2025-02-04T16:34:48.031+0000] {dag.py:4180} INFO - Setting next_dagrun for tutorial_taskflow_api to None, run_after=None
[2025-02-04T16:34:48.058+0000] {processor.py:208} INFO - Processing /home/airflow/.local/lib/python3.9/site-packages/airflow/example_dags/tutorial_taskflow_api.py took 0.083 seconds
[2025-02-04T16:35:18.131+0000] {processor.py:186} INFO - Started process (PID=1661) to work on /home/airflow/.local/lib/python3.9/site-packages/airflow/example_dags/tutorial_taskflow_api.py
[2025-02-04T16:35:18.133+0000] {processor.py:914} INFO - Processing file /home/airflow/.local/lib/python3.9/site-packages/airflow/example_dags/tutorial_taskflow_api.py for tasks to queue
[2025-02-04T16:35:18.136+0000] {logging_mixin.py:190} INFO - [2025-02-04T16:35:18.135+0000] {dagbag.py:588} INFO - Filling up the DagBag from /home/airflow/.local/lib/python3.9/site-packages/airflow/example_dags/tutorial_taskflow_api.py
[2025-02-04T16:35:18.144+0000] {processor.py:925} INFO - DAG(s) 'tutorial_taskflow_api' retrieved from /home/airflow/.local/lib/python3.9/site-packages/airflow/example_dags/tutorial_taskflow_api.py
[2025-02-04T16:35:18.167+0000] {logging_mixin.py:190} INFO - [2025-02-04T16:35:18.167+0000] {dag.py:3239} INFO - Sync 1 DAGs
[2025-02-04T16:35:18.182+0000] {logging_mixin.py:190} INFO - [2025-02-04T16:35:18.182+0000] {dag.py:4180} INFO - Setting next_dagrun for tutorial_taskflow_api to None, run_after=None
[2025-02-04T16:35:18.207+0000] {processor.py:208} INFO - Processing /home/airflow/.local/lib/python3.9/site-packages/airflow/example_dags/tutorial_taskflow_api.py took 0.082 seconds
[2025-02-04T16:35:48.975+0000] {processor.py:186} INFO - Started process (PID=1725) to work on /home/airflow/.local/lib/python3.9/site-packages/airflow/example_dags/tutorial_taskflow_api.py
[2025-02-04T16:35:48.977+0000] {processor.py:914} INFO - Processing file /home/airflow/.local/lib/python3.9/site-packages/airflow/example_dags/tutorial_taskflow_api.py for tasks to queue
[2025-02-04T16:35:48.980+0000] {logging_mixin.py:190} INFO - [2025-02-04T16:35:48.979+0000] {dagbag.py:588} INFO - Filling up the DagBag from /home/airflow/.local/lib/python3.9/site-packages/airflow/example_dags/tutorial_taskflow_api.py
[2025-02-04T16:35:48.988+0000] {processor.py:925} INFO - DAG(s) 'tutorial_taskflow_api' retrieved from /home/airflow/.local/lib/python3.9/site-packages/airflow/example_dags/tutorial_taskflow_api.py
[2025-02-04T16:35:49.012+0000] {logging_mixin.py:190} INFO - [2025-02-04T16:35:49.012+0000] {dag.py:3239} INFO - Sync 1 DAGs
[2025-02-04T16:35:49.031+0000] {logging_mixin.py:190} INFO - [2025-02-04T16:35:49.030+0000] {dag.py:4180} INFO - Setting next_dagrun for tutorial_taskflow_api to None, run_after=None
[2025-02-04T16:35:49.058+0000] {processor.py:208} INFO - Processing /home/airflow/.local/lib/python3.9/site-packages/airflow/example_dags/tutorial_taskflow_api.py took 0.090 seconds
[2025-02-04T16:36:19.358+0000] {processor.py:186} INFO - Started process (PID=1790) to work on /home/airflow/.local/lib/python3.9/site-packages/airflow/example_dags/tutorial_taskflow_api.py
[2025-02-04T16:36:19.360+0000] {processor.py:914} INFO - Processing file /home/airflow/.local/lib/python3.9/site-packages/airflow/example_dags/tutorial_taskflow_api.py for tasks to queue
[2025-02-04T16:36:19.362+0000] {logging_mixin.py:190} INFO - [2025-02-04T16:36:19.362+0000] {dagbag.py:588} INFO - Filling up the DagBag from /home/airflow/.local/lib/python3.9/site-packages/airflow/example_dags/tutorial_taskflow_api.py
[2025-02-04T16:36:19.371+0000] {processor.py:925} INFO - DAG(s) 'tutorial_taskflow_api' retrieved from /home/airflow/.local/lib/python3.9/site-packages/airflow/example_dags/tutorial_taskflow_api.py
[2025-02-04T16:36:19.392+0000] {logging_mixin.py:190} INFO - [2025-02-04T16:36:19.391+0000] {dag.py:3239} INFO - Sync 1 DAGs
[2025-02-04T16:36:19.405+0000] {logging_mixin.py:190} INFO - [2025-02-04T16:36:19.405+0000] {dag.py:4180} INFO - Setting next_dagrun for tutorial_taskflow_api to None, run_after=None
[2025-02-04T16:36:19.432+0000] {processor.py:208} INFO - Processing /home/airflow/.local/lib/python3.9/site-packages/airflow/example_dags/tutorial_taskflow_api.py took 0.079 seconds
[2025-02-04T16:36:51.891+0000] {processor.py:186} INFO - Started process (PID=1854) to work on /home/airflow/.local/lib/python3.9/site-packages/airflow/example_dags/tutorial_taskflow_api.py
[2025-02-04T16:36:51.893+0000] {processor.py:914} INFO - Processing file /home/airflow/.local/lib/python3.9/site-packages/airflow/example_dags/tutorial_taskflow_api.py for tasks to queue
[2025-02-04T16:36:51.895+0000] {logging_mixin.py:190} INFO - [2025-02-04T16:36:51.895+0000] {dagbag.py:588} INFO - Filling up the DagBag from /home/airflow/.local/lib/python3.9/site-packages/airflow/example_dags/tutorial_taskflow_api.py
[2025-02-04T16:36:51.904+0000] {processor.py:925} INFO - DAG(s) 'tutorial_taskflow_api' retrieved from /home/airflow/.local/lib/python3.9/site-packages/airflow/example_dags/tutorial_taskflow_api.py
[2025-02-04T16:36:51.925+0000] {logging_mixin.py:190} INFO - [2025-02-04T16:36:51.925+0000] {dag.py:3239} INFO - Sync 1 DAGs
[2025-02-04T16:36:51.938+0000] {logging_mixin.py:190} INFO - [2025-02-04T16:36:51.938+0000] {dag.py:4180} INFO - Setting next_dagrun for tutorial_taskflow_api to None, run_after=None
[2025-02-04T16:36:51.961+0000] {processor.py:208} INFO - Processing /home/airflow/.local/lib/python3.9/site-packages/airflow/example_dags/tutorial_taskflow_api.py took 0.077 seconds
[2025-02-04T16:39:25.471+0000] {processor.py:186} INFO - Started process (PID=1908) to work on /home/airflow/.local/lib/python3.9/site-packages/airflow/example_dags/tutorial_taskflow_api.py
[2025-02-04T16:39:25.472+0000] {processor.py:914} INFO - Processing file /home/airflow/.local/lib/python3.9/site-packages/airflow/example_dags/tutorial_taskflow_api.py for tasks to queue
[2025-02-04T16:39:25.474+0000] {logging_mixin.py:190} INFO - [2025-02-04T16:39:25.473+0000] {dagbag.py:588} INFO - Filling up the DagBag from /home/airflow/.local/lib/python3.9/site-packages/airflow/example_dags/tutorial_taskflow_api.py
[2025-02-04T16:39:25.483+0000] {processor.py:925} INFO - DAG(s) 'tutorial_taskflow_api' retrieved from /home/airflow/.local/lib/python3.9/site-packages/airflow/example_dags/tutorial_taskflow_api.py
[2025-02-04T16:39:25.504+0000] {logging_mixin.py:190} INFO - [2025-02-04T16:39:25.503+0000] {dag.py:3239} INFO - Sync 1 DAGs
[2025-02-04T16:39:25.519+0000] {logging_mixin.py:190} INFO - [2025-02-04T16:39:25.519+0000] {dag.py:4180} INFO - Setting next_dagrun for tutorial_taskflow_api to None, run_after=None
[2025-02-04T16:39:25.546+0000] {processor.py:208} INFO - Processing /home/airflow/.local/lib/python3.9/site-packages/airflow/example_dags/tutorial_taskflow_api.py took 0.081 seconds
[2025-02-04T16:39:56.349+0000] {processor.py:186} INFO - Started process (PID=1972) to work on /home/airflow/.local/lib/python3.9/site-packages/airflow/example_dags/tutorial_taskflow_api.py
[2025-02-04T16:39:56.351+0000] {processor.py:914} INFO - Processing file /home/airflow/.local/lib/python3.9/site-packages/airflow/example_dags/tutorial_taskflow_api.py for tasks to queue
[2025-02-04T16:39:56.352+0000] {logging_mixin.py:190} INFO - [2025-02-04T16:39:56.352+0000] {dagbag.py:588} INFO - Filling up the DagBag from /home/airflow/.local/lib/python3.9/site-packages/airflow/example_dags/tutorial_taskflow_api.py
[2025-02-04T16:39:56.360+0000] {processor.py:925} INFO - DAG(s) 'tutorial_taskflow_api' retrieved from /home/airflow/.local/lib/python3.9/site-packages/airflow/example_dags/tutorial_taskflow_api.py
[2025-02-04T16:39:56.378+0000] {logging_mixin.py:190} INFO - [2025-02-04T16:39:56.378+0000] {dag.py:3239} INFO - Sync 1 DAGs
[2025-02-04T16:39:56.390+0000] {logging_mixin.py:190} INFO - [2025-02-04T16:39:56.390+0000] {dag.py:4180} INFO - Setting next_dagrun for tutorial_taskflow_api to None, run_after=None
[2025-02-04T16:39:56.412+0000] {processor.py:208} INFO - Processing /home/airflow/.local/lib/python3.9/site-packages/airflow/example_dags/tutorial_taskflow_api.py took 0.068 seconds
[2025-02-04T16:40:27.503+0000] {processor.py:186} INFO - Started process (PID=2036) to work on /home/airflow/.local/lib/python3.9/site-packages/airflow/example_dags/tutorial_taskflow_api.py
[2025-02-04T16:40:27.505+0000] {processor.py:914} INFO - Processing file /home/airflow/.local/lib/python3.9/site-packages/airflow/example_dags/tutorial_taskflow_api.py for tasks to queue
[2025-02-04T16:40:27.506+0000] {logging_mixin.py:190} INFO - [2025-02-04T16:40:27.506+0000] {dagbag.py:588} INFO - Filling up the DagBag from /home/airflow/.local/lib/python3.9/site-packages/airflow/example_dags/tutorial_taskflow_api.py
[2025-02-04T16:40:27.517+0000] {processor.py:925} INFO - DAG(s) 'tutorial_taskflow_api' retrieved from /home/airflow/.local/lib/python3.9/site-packages/airflow/example_dags/tutorial_taskflow_api.py
[2025-02-04T16:40:27.538+0000] {logging_mixin.py:190} INFO - [2025-02-04T16:40:27.538+0000] {dag.py:3239} INFO - Sync 1 DAGs
[2025-02-04T16:40:27.556+0000] {logging_mixin.py:190} INFO - [2025-02-04T16:40:27.556+0000] {dag.py:4180} INFO - Setting next_dagrun for tutorial_taskflow_api to None, run_after=None
[2025-02-04T16:40:27.583+0000] {processor.py:208} INFO - Processing /home/airflow/.local/lib/python3.9/site-packages/airflow/example_dags/tutorial_taskflow_api.py took 0.087 seconds
[2025-02-04T16:40:58.252+0000] {processor.py:186} INFO - Started process (PID=2100) to work on /home/airflow/.local/lib/python3.9/site-packages/airflow/example_dags/tutorial_taskflow_api.py
[2025-02-04T16:40:58.254+0000] {processor.py:914} INFO - Processing file /home/airflow/.local/lib/python3.9/site-packages/airflow/example_dags/tutorial_taskflow_api.py for tasks to queue
[2025-02-04T16:40:58.256+0000] {logging_mixin.py:190} INFO - [2025-02-04T16:40:58.255+0000] {dagbag.py:588} INFO - Filling up the DagBag from /home/airflow/.local/lib/python3.9/site-packages/airflow/example_dags/tutorial_taskflow_api.py
[2025-02-04T16:40:58.264+0000] {processor.py:925} INFO - DAG(s) 'tutorial_taskflow_api' retrieved from /home/airflow/.local/lib/python3.9/site-packages/airflow/example_dags/tutorial_taskflow_api.py
[2025-02-04T16:40:58.287+0000] {logging_mixin.py:190} INFO - [2025-02-04T16:40:58.287+0000] {dag.py:3239} INFO - Sync 1 DAGs
[2025-02-04T16:40:58.318+0000] {logging_mixin.py:190} INFO - [2025-02-04T16:40:58.317+0000] {dag.py:4180} INFO - Setting next_dagrun for tutorial_taskflow_api to None, run_after=None
[2025-02-04T16:40:58.352+0000] {processor.py:208} INFO - Processing /home/airflow/.local/lib/python3.9/site-packages/airflow/example_dags/tutorial_taskflow_api.py took 0.109 seconds
[2025-02-04T16:41:29.352+0000] {processor.py:186} INFO - Started process (PID=2164) to work on /home/airflow/.local/lib/python3.9/site-packages/airflow/example_dags/tutorial_taskflow_api.py
[2025-02-04T16:41:29.354+0000] {processor.py:914} INFO - Processing file /home/airflow/.local/lib/python3.9/site-packages/airflow/example_dags/tutorial_taskflow_api.py for tasks to queue
[2025-02-04T16:41:29.357+0000] {logging_mixin.py:190} INFO - [2025-02-04T16:41:29.356+0000] {dagbag.py:588} INFO - Filling up the DagBag from /home/airflow/.local/lib/python3.9/site-packages/airflow/example_dags/tutorial_taskflow_api.py
[2025-02-04T16:41:29.366+0000] {processor.py:925} INFO - DAG(s) 'tutorial_taskflow_api' retrieved from /home/airflow/.local/lib/python3.9/site-packages/airflow/example_dags/tutorial_taskflow_api.py
[2025-02-04T16:41:29.388+0000] {logging_mixin.py:190} INFO - [2025-02-04T16:41:29.387+0000] {dag.py:3239} INFO - Sync 1 DAGs
[2025-02-04T16:41:29.402+0000] {logging_mixin.py:190} INFO - [2025-02-04T16:41:29.402+0000] {dag.py:4180} INFO - Setting next_dagrun for tutorial_taskflow_api to None, run_after=None
[2025-02-04T16:41:29.428+0000] {processor.py:208} INFO - Processing /home/airflow/.local/lib/python3.9/site-packages/airflow/example_dags/tutorial_taskflow_api.py took 0.084 seconds
[2025-02-04T16:41:59.529+0000] {processor.py:186} INFO - Started process (PID=2228) to work on /home/airflow/.local/lib/python3.9/site-packages/airflow/example_dags/tutorial_taskflow_api.py
[2025-02-04T16:41:59.531+0000] {processor.py:914} INFO - Processing file /home/airflow/.local/lib/python3.9/site-packages/airflow/example_dags/tutorial_taskflow_api.py for tasks to queue
[2025-02-04T16:41:59.533+0000] {logging_mixin.py:190} INFO - [2025-02-04T16:41:59.532+0000] {dagbag.py:588} INFO - Filling up the DagBag from /home/airflow/.local/lib/python3.9/site-packages/airflow/example_dags/tutorial_taskflow_api.py
[2025-02-04T16:41:59.542+0000] {processor.py:925} INFO - DAG(s) 'tutorial_taskflow_api' retrieved from /home/airflow/.local/lib/python3.9/site-packages/airflow/example_dags/tutorial_taskflow_api.py
[2025-02-04T16:41:59.564+0000] {logging_mixin.py:190} INFO - [2025-02-04T16:41:59.563+0000] {dag.py:3239} INFO - Sync 1 DAGs
[2025-02-04T16:41:59.579+0000] {logging_mixin.py:190} INFO - [2025-02-04T16:41:59.579+0000] {dag.py:4180} INFO - Setting next_dagrun for tutorial_taskflow_api to None, run_after=None
[2025-02-04T16:41:59.606+0000] {processor.py:208} INFO - Processing /home/airflow/.local/lib/python3.9/site-packages/airflow/example_dags/tutorial_taskflow_api.py took 0.083 seconds
[2025-02-04T16:42:30.152+0000] {processor.py:186} INFO - Started process (PID=2292) to work on /home/airflow/.local/lib/python3.9/site-packages/airflow/example_dags/tutorial_taskflow_api.py
[2025-02-04T16:42:30.154+0000] {processor.py:914} INFO - Processing file /home/airflow/.local/lib/python3.9/site-packages/airflow/example_dags/tutorial_taskflow_api.py for tasks to queue
[2025-02-04T16:42:30.157+0000] {logging_mixin.py:190} INFO - [2025-02-04T16:42:30.156+0000] {dagbag.py:588} INFO - Filling up the DagBag from /home/airflow/.local/lib/python3.9/site-packages/airflow/example_dags/tutorial_taskflow_api.py
[2025-02-04T16:42:30.165+0000] {processor.py:925} INFO - DAG(s) 'tutorial_taskflow_api' retrieved from /home/airflow/.local/lib/python3.9/site-packages/airflow/example_dags/tutorial_taskflow_api.py
[2025-02-04T16:42:30.190+0000] {logging_mixin.py:190} INFO - [2025-02-04T16:42:30.190+0000] {dag.py:3239} INFO - Sync 1 DAGs
[2025-02-04T16:42:30.206+0000] {logging_mixin.py:190} INFO - [2025-02-04T16:42:30.206+0000] {dag.py:4180} INFO - Setting next_dagrun for tutorial_taskflow_api to None, run_after=None
[2025-02-04T16:42:30.232+0000] {processor.py:208} INFO - Processing /home/airflow/.local/lib/python3.9/site-packages/airflow/example_dags/tutorial_taskflow_api.py took 0.087 seconds
[2025-02-04T16:43:00.531+0000] {processor.py:186} INFO - Started process (PID=2358) to work on /home/airflow/.local/lib/python3.9/site-packages/airflow/example_dags/tutorial_taskflow_api.py
[2025-02-04T16:43:00.533+0000] {processor.py:914} INFO - Processing file /home/airflow/.local/lib/python3.9/site-packages/airflow/example_dags/tutorial_taskflow_api.py for tasks to queue
[2025-02-04T16:43:00.535+0000] {logging_mixin.py:190} INFO - [2025-02-04T16:43:00.534+0000] {dagbag.py:588} INFO - Filling up the DagBag from /home/airflow/.local/lib/python3.9/site-packages/airflow/example_dags/tutorial_taskflow_api.py
[2025-02-04T16:43:00.544+0000] {processor.py:925} INFO - DAG(s) 'tutorial_taskflow_api' retrieved from /home/airflow/.local/lib/python3.9/site-packages/airflow/example_dags/tutorial_taskflow_api.py
[2025-02-04T16:43:00.566+0000] {logging_mixin.py:190} INFO - [2025-02-04T16:43:00.566+0000] {dag.py:3239} INFO - Sync 1 DAGs
[2025-02-04T16:43:00.582+0000] {logging_mixin.py:190} INFO - [2025-02-04T16:43:00.582+0000] {dag.py:4180} INFO - Setting next_dagrun for tutorial_taskflow_api to None, run_after=None
[2025-02-04T16:43:00.607+0000] {processor.py:208} INFO - Processing /home/airflow/.local/lib/python3.9/site-packages/airflow/example_dags/tutorial_taskflow_api.py took 0.083 seconds
[2025-02-04T16:43:31.148+0000] {processor.py:186} INFO - Started process (PID=2422) to work on /home/airflow/.local/lib/python3.9/site-packages/airflow/example_dags/tutorial_taskflow_api.py
[2025-02-04T16:43:31.150+0000] {processor.py:914} INFO - Processing file /home/airflow/.local/lib/python3.9/site-packages/airflow/example_dags/tutorial_taskflow_api.py for tasks to queue
[2025-02-04T16:43:31.151+0000] {logging_mixin.py:190} INFO - [2025-02-04T16:43:31.151+0000] {dagbag.py:588} INFO - Filling up the DagBag from /home/airflow/.local/lib/python3.9/site-packages/airflow/example_dags/tutorial_taskflow_api.py
[2025-02-04T16:43:31.162+0000] {processor.py:925} INFO - DAG(s) 'tutorial_taskflow_api' retrieved from /home/airflow/.local/lib/python3.9/site-packages/airflow/example_dags/tutorial_taskflow_api.py
[2025-02-04T16:43:31.207+0000] {logging_mixin.py:190} INFO - [2025-02-04T16:43:31.207+0000] {dag.py:3239} INFO - Sync 1 DAGs
[2025-02-04T16:43:31.226+0000] {logging_mixin.py:190} INFO - [2025-02-04T16:43:31.226+0000] {dag.py:4180} INFO - Setting next_dagrun for tutorial_taskflow_api to None, run_after=None
[2025-02-04T16:43:31.258+0000] {processor.py:208} INFO - Processing /home/airflow/.local/lib/python3.9/site-packages/airflow/example_dags/tutorial_taskflow_api.py took 0.117 seconds
[2025-02-04T16:44:01.666+0000] {processor.py:186} INFO - Started process (PID=2486) to work on /home/airflow/.local/lib/python3.9/site-packages/airflow/example_dags/tutorial_taskflow_api.py
[2025-02-04T16:44:01.668+0000] {processor.py:914} INFO - Processing file /home/airflow/.local/lib/python3.9/site-packages/airflow/example_dags/tutorial_taskflow_api.py for tasks to queue
[2025-02-04T16:44:01.670+0000] {logging_mixin.py:190} INFO - [2025-02-04T16:44:01.669+0000] {dagbag.py:588} INFO - Filling up the DagBag from /home/airflow/.local/lib/python3.9/site-packages/airflow/example_dags/tutorial_taskflow_api.py
[2025-02-04T16:44:01.679+0000] {processor.py:925} INFO - DAG(s) 'tutorial_taskflow_api' retrieved from /home/airflow/.local/lib/python3.9/site-packages/airflow/example_dags/tutorial_taskflow_api.py
[2025-02-04T16:44:01.701+0000] {logging_mixin.py:190} INFO - [2025-02-04T16:44:01.701+0000] {dag.py:3239} INFO - Sync 1 DAGs
[2025-02-04T16:44:01.717+0000] {logging_mixin.py:190} INFO - [2025-02-04T16:44:01.717+0000] {dag.py:4180} INFO - Setting next_dagrun for tutorial_taskflow_api to None, run_after=None
[2025-02-04T16:44:01.746+0000] {processor.py:208} INFO - Processing /home/airflow/.local/lib/python3.9/site-packages/airflow/example_dags/tutorial_taskflow_api.py took 0.086 seconds
[2025-02-04T16:44:31.968+0000] {processor.py:186} INFO - Started process (PID=2550) to work on /home/airflow/.local/lib/python3.9/site-packages/airflow/example_dags/tutorial_taskflow_api.py
[2025-02-04T16:44:31.969+0000] {processor.py:914} INFO - Processing file /home/airflow/.local/lib/python3.9/site-packages/airflow/example_dags/tutorial_taskflow_api.py for tasks to queue
[2025-02-04T16:44:31.971+0000] {logging_mixin.py:190} INFO - [2025-02-04T16:44:31.970+0000] {dagbag.py:588} INFO - Filling up the DagBag from /home/airflow/.local/lib/python3.9/site-packages/airflow/example_dags/tutorial_taskflow_api.py
[2025-02-04T16:44:31.980+0000] {processor.py:925} INFO - DAG(s) 'tutorial_taskflow_api' retrieved from /home/airflow/.local/lib/python3.9/site-packages/airflow/example_dags/tutorial_taskflow_api.py
[2025-02-04T16:44:32.003+0000] {logging_mixin.py:190} INFO - [2025-02-04T16:44:32.003+0000] {dag.py:3239} INFO - Sync 1 DAGs
[2025-02-04T16:44:32.019+0000] {logging_mixin.py:190} INFO - [2025-02-04T16:44:32.019+0000] {dag.py:4180} INFO - Setting next_dagrun for tutorial_taskflow_api to None, run_after=None
[2025-02-04T16:44:32.044+0000] {processor.py:208} INFO - Processing /home/airflow/.local/lib/python3.9/site-packages/airflow/example_dags/tutorial_taskflow_api.py took 0.085 seconds
[2025-02-04T16:45:02.608+0000] {processor.py:186} INFO - Started process (PID=2614) to work on /home/airflow/.local/lib/python3.9/site-packages/airflow/example_dags/tutorial_taskflow_api.py
[2025-02-04T16:45:02.610+0000] {processor.py:914} INFO - Processing file /home/airflow/.local/lib/python3.9/site-packages/airflow/example_dags/tutorial_taskflow_api.py for tasks to queue
[2025-02-04T16:45:02.612+0000] {logging_mixin.py:190} INFO - [2025-02-04T16:45:02.611+0000] {dagbag.py:588} INFO - Filling up the DagBag from /home/airflow/.local/lib/python3.9/site-packages/airflow/example_dags/tutorial_taskflow_api.py
[2025-02-04T16:45:02.622+0000] {processor.py:925} INFO - DAG(s) 'tutorial_taskflow_api' retrieved from /home/airflow/.local/lib/python3.9/site-packages/airflow/example_dags/tutorial_taskflow_api.py
[2025-02-04T16:45:02.643+0000] {logging_mixin.py:190} INFO - [2025-02-04T16:45:02.643+0000] {dag.py:3239} INFO - Sync 1 DAGs
[2025-02-04T16:45:02.658+0000] {logging_mixin.py:190} INFO - [2025-02-04T16:45:02.658+0000] {dag.py:4180} INFO - Setting next_dagrun for tutorial_taskflow_api to None, run_after=None
[2025-02-04T16:45:02.685+0000] {processor.py:208} INFO - Processing /home/airflow/.local/lib/python3.9/site-packages/airflow/example_dags/tutorial_taskflow_api.py took 0.083 seconds
[2025-02-04T16:45:33.102+0000] {processor.py:186} INFO - Started process (PID=2684) to work on /home/airflow/.local/lib/python3.9/site-packages/airflow/example_dags/tutorial_taskflow_api.py
[2025-02-04T16:45:33.104+0000] {processor.py:914} INFO - Processing file /home/airflow/.local/lib/python3.9/site-packages/airflow/example_dags/tutorial_taskflow_api.py for tasks to queue
[2025-02-04T16:45:33.105+0000] {logging_mixin.py:190} INFO - [2025-02-04T16:45:33.105+0000] {dagbag.py:588} INFO - Filling up the DagBag from /home/airflow/.local/lib/python3.9/site-packages/airflow/example_dags/tutorial_taskflow_api.py
[2025-02-04T16:45:33.116+0000] {processor.py:925} INFO - DAG(s) 'tutorial_taskflow_api' retrieved from /home/airflow/.local/lib/python3.9/site-packages/airflow/example_dags/tutorial_taskflow_api.py
[2025-02-04T16:45:33.138+0000] {logging_mixin.py:190} INFO - [2025-02-04T16:45:33.138+0000] {dag.py:3239} INFO - Sync 1 DAGs
[2025-02-04T16:45:33.158+0000] {logging_mixin.py:190} INFO - [2025-02-04T16:45:33.158+0000] {dag.py:4180} INFO - Setting next_dagrun for tutorial_taskflow_api to None, run_after=None
[2025-02-04T16:45:33.188+0000] {processor.py:208} INFO - Processing /home/airflow/.local/lib/python3.9/site-packages/airflow/example_dags/tutorial_taskflow_api.py took 0.094 seconds
[2025-02-04T16:46:05.375+0000] {processor.py:186} INFO - Started process (PID=2747) to work on /home/airflow/.local/lib/python3.9/site-packages/airflow/example_dags/tutorial_taskflow_api.py
[2025-02-04T16:46:05.376+0000] {processor.py:914} INFO - Processing file /home/airflow/.local/lib/python3.9/site-packages/airflow/example_dags/tutorial_taskflow_api.py for tasks to queue
[2025-02-04T16:46:05.378+0000] {logging_mixin.py:190} INFO - [2025-02-04T16:46:05.378+0000] {dagbag.py:588} INFO - Filling up the DagBag from /home/airflow/.local/lib/python3.9/site-packages/airflow/example_dags/tutorial_taskflow_api.py
[2025-02-04T16:46:05.388+0000] {processor.py:925} INFO - DAG(s) 'tutorial_taskflow_api' retrieved from /home/airflow/.local/lib/python3.9/site-packages/airflow/example_dags/tutorial_taskflow_api.py
[2025-02-04T16:46:05.411+0000] {logging_mixin.py:190} INFO - [2025-02-04T16:46:05.410+0000] {dag.py:3239} INFO - Sync 1 DAGs
[2025-02-04T16:46:05.426+0000] {logging_mixin.py:190} INFO - [2025-02-04T16:46:05.425+0000] {dag.py:4180} INFO - Setting next_dagrun for tutorial_taskflow_api to None, run_after=None
[2025-02-04T16:46:05.454+0000] {processor.py:208} INFO - Processing /home/airflow/.local/lib/python3.9/site-packages/airflow/example_dags/tutorial_taskflow_api.py took 0.087 seconds
[2025-02-04T16:46:35.738+0000] {processor.py:186} INFO - Started process (PID=2811) to work on /home/airflow/.local/lib/python3.9/site-packages/airflow/example_dags/tutorial_taskflow_api.py
[2025-02-04T16:46:35.740+0000] {processor.py:914} INFO - Processing file /home/airflow/.local/lib/python3.9/site-packages/airflow/example_dags/tutorial_taskflow_api.py for tasks to queue
[2025-02-04T16:46:35.742+0000] {logging_mixin.py:190} INFO - [2025-02-04T16:46:35.741+0000] {dagbag.py:588} INFO - Filling up the DagBag from /home/airflow/.local/lib/python3.9/site-packages/airflow/example_dags/tutorial_taskflow_api.py
[2025-02-04T16:46:35.752+0000] {processor.py:925} INFO - DAG(s) 'tutorial_taskflow_api' retrieved from /home/airflow/.local/lib/python3.9/site-packages/airflow/example_dags/tutorial_taskflow_api.py
[2025-02-04T16:46:35.780+0000] {logging_mixin.py:190} INFO - [2025-02-04T16:46:35.780+0000] {dag.py:3239} INFO - Sync 1 DAGs
[2025-02-04T16:46:35.799+0000] {logging_mixin.py:190} INFO - [2025-02-04T16:46:35.799+0000] {dag.py:4180} INFO - Setting next_dagrun for tutorial_taskflow_api to None, run_after=None
[2025-02-04T16:46:35.825+0000] {processor.py:208} INFO - Processing /home/airflow/.local/lib/python3.9/site-packages/airflow/example_dags/tutorial_taskflow_api.py took 0.097 seconds
[2025-02-04T16:47:10.932+0000] {processor.py:186} INFO - Started process (PID=2878) to work on /home/airflow/.local/lib/python3.9/site-packages/airflow/example_dags/tutorial_taskflow_api.py
[2025-02-04T16:47:10.933+0000] {processor.py:914} INFO - Processing file /home/airflow/.local/lib/python3.9/site-packages/airflow/example_dags/tutorial_taskflow_api.py for tasks to queue
[2025-02-04T16:47:10.935+0000] {logging_mixin.py:190} INFO - [2025-02-04T16:47:10.935+0000] {dagbag.py:588} INFO - Filling up the DagBag from /home/airflow/.local/lib/python3.9/site-packages/airflow/example_dags/tutorial_taskflow_api.py
[2025-02-04T16:47:10.944+0000] {processor.py:925} INFO - DAG(s) 'tutorial_taskflow_api' retrieved from /home/airflow/.local/lib/python3.9/site-packages/airflow/example_dags/tutorial_taskflow_api.py
[2025-02-04T16:47:10.966+0000] {logging_mixin.py:190} INFO - [2025-02-04T16:47:10.966+0000] {dag.py:3239} INFO - Sync 1 DAGs
[2025-02-04T16:47:10.980+0000] {logging_mixin.py:190} INFO - [2025-02-04T16:47:10.980+0000] {dag.py:4180} INFO - Setting next_dagrun for tutorial_taskflow_api to None, run_after=None
[2025-02-04T16:47:11.003+0000] {processor.py:208} INFO - Processing /home/airflow/.local/lib/python3.9/site-packages/airflow/example_dags/tutorial_taskflow_api.py took 0.078 seconds
[2025-02-04T16:47:51.443+0000] {processor.py:186} INFO - Started process (PID=2942) to work on /home/airflow/.local/lib/python3.9/site-packages/airflow/example_dags/tutorial_taskflow_api.py
[2025-02-04T16:47:51.444+0000] {processor.py:914} INFO - Processing file /home/airflow/.local/lib/python3.9/site-packages/airflow/example_dags/tutorial_taskflow_api.py for tasks to queue
[2025-02-04T16:47:51.447+0000] {logging_mixin.py:190} INFO - [2025-02-04T16:47:51.447+0000] {dagbag.py:588} INFO - Filling up the DagBag from /home/airflow/.local/lib/python3.9/site-packages/airflow/example_dags/tutorial_taskflow_api.py
[2025-02-04T16:47:51.461+0000] {processor.py:925} INFO - DAG(s) 'tutorial_taskflow_api' retrieved from /home/airflow/.local/lib/python3.9/site-packages/airflow/example_dags/tutorial_taskflow_api.py
[2025-02-04T16:47:51.485+0000] {logging_mixin.py:190} INFO - [2025-02-04T16:47:51.484+0000] {dag.py:3239} INFO - Sync 1 DAGs
[2025-02-04T16:47:51.502+0000] {logging_mixin.py:190} INFO - [2025-02-04T16:47:51.501+0000] {dag.py:4180} INFO - Setting next_dagrun for tutorial_taskflow_api to None, run_after=None
[2025-02-04T16:47:51.532+0000] {processor.py:208} INFO - Processing /home/airflow/.local/lib/python3.9/site-packages/airflow/example_dags/tutorial_taskflow_api.py took 0.096 seconds
[2025-02-04T16:48:22.141+0000] {processor.py:186} INFO - Started process (PID=3007) to work on /home/airflow/.local/lib/python3.9/site-packages/airflow/example_dags/tutorial_taskflow_api.py
[2025-02-04T16:48:22.143+0000] {processor.py:914} INFO - Processing file /home/airflow/.local/lib/python3.9/site-packages/airflow/example_dags/tutorial_taskflow_api.py for tasks to queue
[2025-02-04T16:48:22.144+0000] {logging_mixin.py:190} INFO - [2025-02-04T16:48:22.144+0000] {dagbag.py:588} INFO - Filling up the DagBag from /home/airflow/.local/lib/python3.9/site-packages/airflow/example_dags/tutorial_taskflow_api.py
[2025-02-04T16:48:22.153+0000] {processor.py:925} INFO - DAG(s) 'tutorial_taskflow_api' retrieved from /home/airflow/.local/lib/python3.9/site-packages/airflow/example_dags/tutorial_taskflow_api.py
[2025-02-04T16:48:22.173+0000] {logging_mixin.py:190} INFO - [2025-02-04T16:48:22.173+0000] {dag.py:3239} INFO - Sync 1 DAGs
[2025-02-04T16:48:22.188+0000] {logging_mixin.py:190} INFO - [2025-02-04T16:48:22.187+0000] {dag.py:4180} INFO - Setting next_dagrun for tutorial_taskflow_api to None, run_after=None
[2025-02-04T16:48:22.215+0000] {processor.py:208} INFO - Processing /home/airflow/.local/lib/python3.9/site-packages/airflow/example_dags/tutorial_taskflow_api.py took 0.081 seconds
[2025-02-04T16:48:52.350+0000] {processor.py:186} INFO - Started process (PID=3071) to work on /home/airflow/.local/lib/python3.9/site-packages/airflow/example_dags/tutorial_taskflow_api.py
[2025-02-04T16:48:52.351+0000] {processor.py:914} INFO - Processing file /home/airflow/.local/lib/python3.9/site-packages/airflow/example_dags/tutorial_taskflow_api.py for tasks to queue
[2025-02-04T16:48:52.353+0000] {logging_mixin.py:190} INFO - [2025-02-04T16:48:52.352+0000] {dagbag.py:588} INFO - Filling up the DagBag from /home/airflow/.local/lib/python3.9/site-packages/airflow/example_dags/tutorial_taskflow_api.py
[2025-02-04T16:48:52.363+0000] {processor.py:925} INFO - DAG(s) 'tutorial_taskflow_api' retrieved from /home/airflow/.local/lib/python3.9/site-packages/airflow/example_dags/tutorial_taskflow_api.py
[2025-02-04T16:48:52.383+0000] {logging_mixin.py:190} INFO - [2025-02-04T16:48:52.382+0000] {dag.py:3239} INFO - Sync 1 DAGs
[2025-02-04T16:48:52.400+0000] {logging_mixin.py:190} INFO - [2025-02-04T16:48:52.400+0000] {dag.py:4180} INFO - Setting next_dagrun for tutorial_taskflow_api to None, run_after=None
[2025-02-04T16:48:52.428+0000] {processor.py:208} INFO - Processing /home/airflow/.local/lib/python3.9/site-packages/airflow/example_dags/tutorial_taskflow_api.py took 0.085 seconds
[2025-02-04T16:49:22.736+0000] {processor.py:186} INFO - Started process (PID=3135) to work on /home/airflow/.local/lib/python3.9/site-packages/airflow/example_dags/tutorial_taskflow_api.py
[2025-02-04T16:49:22.738+0000] {processor.py:914} INFO - Processing file /home/airflow/.local/lib/python3.9/site-packages/airflow/example_dags/tutorial_taskflow_api.py for tasks to queue
[2025-02-04T16:49:22.740+0000] {logging_mixin.py:190} INFO - [2025-02-04T16:49:22.739+0000] {dagbag.py:588} INFO - Filling up the DagBag from /home/airflow/.local/lib/python3.9/site-packages/airflow/example_dags/tutorial_taskflow_api.py
[2025-02-04T16:49:22.749+0000] {processor.py:925} INFO - DAG(s) 'tutorial_taskflow_api' retrieved from /home/airflow/.local/lib/python3.9/site-packages/airflow/example_dags/tutorial_taskflow_api.py
[2025-02-04T16:49:22.772+0000] {logging_mixin.py:190} INFO - [2025-02-04T16:49:22.771+0000] {dag.py:3239} INFO - Sync 1 DAGs
[2025-02-04T16:49:22.795+0000] {logging_mixin.py:190} INFO - [2025-02-04T16:49:22.795+0000] {dag.py:4180} INFO - Setting next_dagrun for tutorial_taskflow_api to None, run_after=None
[2025-02-04T16:49:22.824+0000] {processor.py:208} INFO - Processing /home/airflow/.local/lib/python3.9/site-packages/airflow/example_dags/tutorial_taskflow_api.py took 0.094 seconds
[2025-02-04T16:49:52.910+0000] {processor.py:186} INFO - Started process (PID=3206) to work on /home/airflow/.local/lib/python3.9/site-packages/airflow/example_dags/tutorial_taskflow_api.py
[2025-02-04T16:49:52.911+0000] {processor.py:914} INFO - Processing file /home/airflow/.local/lib/python3.9/site-packages/airflow/example_dags/tutorial_taskflow_api.py for tasks to queue
[2025-02-04T16:49:52.913+0000] {logging_mixin.py:190} INFO - [2025-02-04T16:49:52.913+0000] {dagbag.py:588} INFO - Filling up the DagBag from /home/airflow/.local/lib/python3.9/site-packages/airflow/example_dags/tutorial_taskflow_api.py
[2025-02-04T16:49:52.922+0000] {processor.py:925} INFO - DAG(s) 'tutorial_taskflow_api' retrieved from /home/airflow/.local/lib/python3.9/site-packages/airflow/example_dags/tutorial_taskflow_api.py
[2025-02-04T16:49:52.943+0000] {logging_mixin.py:190} INFO - [2025-02-04T16:49:52.943+0000] {dag.py:3239} INFO - Sync 1 DAGs
[2025-02-04T16:49:52.958+0000] {logging_mixin.py:190} INFO - [2025-02-04T16:49:52.957+0000] {dag.py:4180} INFO - Setting next_dagrun for tutorial_taskflow_api to None, run_after=None
[2025-02-04T16:49:52.982+0000] {processor.py:208} INFO - Processing /home/airflow/.local/lib/python3.9/site-packages/airflow/example_dags/tutorial_taskflow_api.py took 0.078 seconds
