[2025-02-04T16:22:55.952+0000] {processor.py:186} INFO - Started process (PID=121) to work on /home/airflow/.local/lib/python3.9/site-packages/airflow/example_dags/tutorial.py
[2025-02-04T16:22:55.954+0000] {processor.py:914} INFO - Processing file /home/airflow/.local/lib/python3.9/site-packages/airflow/example_dags/tutorial.py for tasks to queue
[2025-02-04T16:22:55.957+0000] {logging_mixin.py:190} INFO - [2025-02-04T16:22:55.956+0000] {dagbag.py:588} INFO - Filling up the DagBag from /home/airflow/.local/lib/python3.9/site-packages/airflow/example_dags/tutorial.py
[2025-02-04T16:22:55.968+0000] {processor.py:925} INFO - DAG(s) 'tutorial' retrieved from /home/airflow/.local/lib/python3.9/site-packages/airflow/example_dags/tutorial.py
[2025-02-04T16:22:56.104+0000] {logging_mixin.py:190} INFO - [2025-02-04T16:22:56.103+0000] {override.py:1912} INFO - Created Permission View: can delete on DAG:tutorial
[2025-02-04T16:22:56.131+0000] {logging_mixin.py:190} INFO - [2025-02-04T16:22:56.130+0000] {override.py:1912} INFO - Created Permission View: can edit on DAG:tutorial
[2025-02-04T16:22:56.146+0000] {logging_mixin.py:190} INFO - [2025-02-04T16:22:56.146+0000] {override.py:1912} INFO - Created Permission View: can read on DAG:tutorial
[2025-02-04T16:22:56.176+0000] {logging_mixin.py:190} INFO - [2025-02-04T16:22:56.175+0000] {override.py:1912} INFO - Created Permission View: can delete on DAG Run:tutorial
[2025-02-04T16:22:56.192+0000] {logging_mixin.py:190} INFO - [2025-02-04T16:22:56.192+0000] {override.py:1912} INFO - Created Permission View: menu access on DAG Run:tutorial
[2025-02-04T16:22:56.208+0000] {logging_mixin.py:190} INFO - [2025-02-04T16:22:56.208+0000] {override.py:1912} INFO - Created Permission View: can read on DAG Run:tutorial
[2025-02-04T16:22:56.225+0000] {logging_mixin.py:190} INFO - [2025-02-04T16:22:56.224+0000] {override.py:1912} INFO - Created Permission View: can create on DAG Run:tutorial
[2025-02-04T16:22:56.226+0000] {logging_mixin.py:190} INFO - [2025-02-04T16:22:56.226+0000] {dag.py:3239} INFO - Sync 1 DAGs
[2025-02-04T16:22:56.243+0000] {logging_mixin.py:190} INFO - [2025-02-04T16:22:56.243+0000] {dag.py:3262} INFO - Creating ORM DAG for tutorial
[2025-02-04T16:22:56.255+0000] {logging_mixin.py:190} INFO - [2025-02-04T16:22:56.255+0000] {dag.py:4180} INFO - Setting next_dagrun for tutorial to 2025-02-03 00:00:00+00:00, run_after=2025-02-04 00:00:00+00:00
[2025-02-04T16:22:56.288+0000] {processor.py:208} INFO - Processing /home/airflow/.local/lib/python3.9/site-packages/airflow/example_dags/tutorial.py took 0.343 seconds
[2025-02-04T16:23:33.984+0000] {processor.py:186} INFO - Started process (PID=185) to work on /home/airflow/.local/lib/python3.9/site-packages/airflow/example_dags/tutorial.py
[2025-02-04T16:23:33.986+0000] {processor.py:914} INFO - Processing file /home/airflow/.local/lib/python3.9/site-packages/airflow/example_dags/tutorial.py for tasks to queue
[2025-02-04T16:23:33.989+0000] {logging_mixin.py:190} INFO - [2025-02-04T16:23:33.988+0000] {dagbag.py:588} INFO - Filling up the DagBag from /home/airflow/.local/lib/python3.9/site-packages/airflow/example_dags/tutorial.py
[2025-02-04T16:23:33.998+0000] {processor.py:925} INFO - DAG(s) 'tutorial' retrieved from /home/airflow/.local/lib/python3.9/site-packages/airflow/example_dags/tutorial.py
[2025-02-04T16:23:34.021+0000] {logging_mixin.py:190} INFO - [2025-02-04T16:23:34.020+0000] {dag.py:3239} INFO - Sync 1 DAGs
[2025-02-04T16:23:34.044+0000] {logging_mixin.py:190} INFO - [2025-02-04T16:23:34.043+0000] {dag.py:4180} INFO - Setting next_dagrun for tutorial to 2025-02-03 00:00:00+00:00, run_after=2025-02-04 00:00:00+00:00
[2025-02-04T16:23:34.071+0000] {processor.py:208} INFO - Processing /home/airflow/.local/lib/python3.9/site-packages/airflow/example_dags/tutorial.py took 0.092 seconds
[2025-02-04T16:24:04.524+0000] {processor.py:186} INFO - Started process (PID=248) to work on /home/airflow/.local/lib/python3.9/site-packages/airflow/example_dags/tutorial.py
[2025-02-04T16:24:04.525+0000] {processor.py:914} INFO - Processing file /home/airflow/.local/lib/python3.9/site-packages/airflow/example_dags/tutorial.py for tasks to queue
[2025-02-04T16:24:04.528+0000] {logging_mixin.py:190} INFO - [2025-02-04T16:24:04.528+0000] {dagbag.py:588} INFO - Filling up the DagBag from /home/airflow/.local/lib/python3.9/site-packages/airflow/example_dags/tutorial.py
[2025-02-04T16:24:04.538+0000] {processor.py:925} INFO - DAG(s) 'tutorial' retrieved from /home/airflow/.local/lib/python3.9/site-packages/airflow/example_dags/tutorial.py
[2025-02-04T16:24:04.561+0000] {logging_mixin.py:190} INFO - [2025-02-04T16:24:04.561+0000] {dag.py:3239} INFO - Sync 1 DAGs
[2025-02-04T16:24:04.588+0000] {logging_mixin.py:190} INFO - [2025-02-04T16:24:04.588+0000] {dag.py:4180} INFO - Setting next_dagrun for tutorial to 2025-02-03 00:00:00+00:00, run_after=2025-02-04 00:00:00+00:00
[2025-02-04T16:24:04.617+0000] {processor.py:208} INFO - Processing /home/airflow/.local/lib/python3.9/site-packages/airflow/example_dags/tutorial.py took 0.100 seconds
[2025-02-04T16:24:35.247+0000] {processor.py:186} INFO - Started process (PID=311) to work on /home/airflow/.local/lib/python3.9/site-packages/airflow/example_dags/tutorial.py
[2025-02-04T16:24:35.248+0000] {processor.py:914} INFO - Processing file /home/airflow/.local/lib/python3.9/site-packages/airflow/example_dags/tutorial.py for tasks to queue
[2025-02-04T16:24:35.252+0000] {logging_mixin.py:190} INFO - [2025-02-04T16:24:35.252+0000] {dagbag.py:588} INFO - Filling up the DagBag from /home/airflow/.local/lib/python3.9/site-packages/airflow/example_dags/tutorial.py
[2025-02-04T16:24:35.262+0000] {processor.py:925} INFO - DAG(s) 'tutorial' retrieved from /home/airflow/.local/lib/python3.9/site-packages/airflow/example_dags/tutorial.py
[2025-02-04T16:24:35.488+0000] {logging_mixin.py:190} INFO - [2025-02-04T16:24:35.488+0000] {dag.py:3239} INFO - Sync 1 DAGs
[2025-02-04T16:24:35.516+0000] {logging_mixin.py:190} INFO - [2025-02-04T16:24:35.516+0000] {dag.py:4180} INFO - Setting next_dagrun for tutorial to 2025-02-03 00:00:00+00:00, run_after=2025-02-04 00:00:00+00:00
[2025-02-04T16:24:35.544+0000] {processor.py:208} INFO - Processing /home/airflow/.local/lib/python3.9/site-packages/airflow/example_dags/tutorial.py took 0.305 seconds
[2025-02-04T16:25:05.974+0000] {processor.py:186} INFO - Started process (PID=375) to work on /home/airflow/.local/lib/python3.9/site-packages/airflow/example_dags/tutorial.py
[2025-02-04T16:25:05.975+0000] {processor.py:914} INFO - Processing file /home/airflow/.local/lib/python3.9/site-packages/airflow/example_dags/tutorial.py for tasks to queue
[2025-02-04T16:25:05.978+0000] {logging_mixin.py:190} INFO - [2025-02-04T16:25:05.977+0000] {dagbag.py:588} INFO - Filling up the DagBag from /home/airflow/.local/lib/python3.9/site-packages/airflow/example_dags/tutorial.py
[2025-02-04T16:25:05.986+0000] {processor.py:925} INFO - DAG(s) 'tutorial' retrieved from /home/airflow/.local/lib/python3.9/site-packages/airflow/example_dags/tutorial.py
[2025-02-04T16:25:06.008+0000] {logging_mixin.py:190} INFO - [2025-02-04T16:25:06.008+0000] {dag.py:3239} INFO - Sync 1 DAGs
[2025-02-04T16:25:06.031+0000] {logging_mixin.py:190} INFO - [2025-02-04T16:25:06.031+0000] {dag.py:4180} INFO - Setting next_dagrun for tutorial to 2025-02-03 00:00:00+00:00, run_after=2025-02-04 00:00:00+00:00
[2025-02-04T16:25:06.062+0000] {processor.py:208} INFO - Processing /home/airflow/.local/lib/python3.9/site-packages/airflow/example_dags/tutorial.py took 0.095 seconds
[2025-02-04T16:25:36.380+0000] {processor.py:186} INFO - Started process (PID=439) to work on /home/airflow/.local/lib/python3.9/site-packages/airflow/example_dags/tutorial.py
[2025-02-04T16:25:36.382+0000] {processor.py:914} INFO - Processing file /home/airflow/.local/lib/python3.9/site-packages/airflow/example_dags/tutorial.py for tasks to queue
[2025-02-04T16:25:36.385+0000] {logging_mixin.py:190} INFO - [2025-02-04T16:25:36.385+0000] {dagbag.py:588} INFO - Filling up the DagBag from /home/airflow/.local/lib/python3.9/site-packages/airflow/example_dags/tutorial.py
[2025-02-04T16:25:36.394+0000] {processor.py:925} INFO - DAG(s) 'tutorial' retrieved from /home/airflow/.local/lib/python3.9/site-packages/airflow/example_dags/tutorial.py
[2025-02-04T16:25:36.422+0000] {logging_mixin.py:190} INFO - [2025-02-04T16:25:36.421+0000] {dag.py:3239} INFO - Sync 1 DAGs
[2025-02-04T16:25:36.451+0000] {logging_mixin.py:190} INFO - [2025-02-04T16:25:36.450+0000] {dag.py:4180} INFO - Setting next_dagrun for tutorial to 2025-02-03 00:00:00+00:00, run_after=2025-02-04 00:00:00+00:00
[2025-02-04T16:25:36.486+0000] {processor.py:208} INFO - Processing /home/airflow/.local/lib/python3.9/site-packages/airflow/example_dags/tutorial.py took 0.113 seconds
[2025-02-04T16:26:06.704+0000] {processor.py:186} INFO - Started process (PID=510) to work on /home/airflow/.local/lib/python3.9/site-packages/airflow/example_dags/tutorial.py
[2025-02-04T16:26:06.705+0000] {processor.py:914} INFO - Processing file /home/airflow/.local/lib/python3.9/site-packages/airflow/example_dags/tutorial.py for tasks to queue
[2025-02-04T16:26:06.708+0000] {logging_mixin.py:190} INFO - [2025-02-04T16:26:06.708+0000] {dagbag.py:588} INFO - Filling up the DagBag from /home/airflow/.local/lib/python3.9/site-packages/airflow/example_dags/tutorial.py
[2025-02-04T16:26:06.717+0000] {processor.py:925} INFO - DAG(s) 'tutorial' retrieved from /home/airflow/.local/lib/python3.9/site-packages/airflow/example_dags/tutorial.py
[2025-02-04T16:26:06.740+0000] {logging_mixin.py:190} INFO - [2025-02-04T16:26:06.740+0000] {dag.py:3239} INFO - Sync 1 DAGs
[2025-02-04T16:26:06.766+0000] {logging_mixin.py:190} INFO - [2025-02-04T16:26:06.765+0000] {dag.py:4180} INFO - Setting next_dagrun for tutorial to 2025-02-03 00:00:00+00:00, run_after=2025-02-04 00:00:00+00:00
[2025-02-04T16:26:06.796+0000] {processor.py:208} INFO - Processing /home/airflow/.local/lib/python3.9/site-packages/airflow/example_dags/tutorial.py took 0.098 seconds
[2025-02-04T16:26:38.161+0000] {processor.py:186} INFO - Started process (PID=574) to work on /home/airflow/.local/lib/python3.9/site-packages/airflow/example_dags/tutorial.py
[2025-02-04T16:26:38.162+0000] {processor.py:914} INFO - Processing file /home/airflow/.local/lib/python3.9/site-packages/airflow/example_dags/tutorial.py for tasks to queue
[2025-02-04T16:26:38.165+0000] {logging_mixin.py:190} INFO - [2025-02-04T16:26:38.165+0000] {dagbag.py:588} INFO - Filling up the DagBag from /home/airflow/.local/lib/python3.9/site-packages/airflow/example_dags/tutorial.py
[2025-02-04T16:26:38.176+0000] {processor.py:925} INFO - DAG(s) 'tutorial' retrieved from /home/airflow/.local/lib/python3.9/site-packages/airflow/example_dags/tutorial.py
[2025-02-04T16:26:38.198+0000] {logging_mixin.py:190} INFO - [2025-02-04T16:26:38.198+0000] {dag.py:3239} INFO - Sync 1 DAGs
[2025-02-04T16:26:38.222+0000] {logging_mixin.py:190} INFO - [2025-02-04T16:26:38.222+0000] {dag.py:4180} INFO - Setting next_dagrun for tutorial to 2025-02-03 00:00:00+00:00, run_after=2025-02-04 00:00:00+00:00
[2025-02-04T16:26:38.251+0000] {processor.py:208} INFO - Processing /home/airflow/.local/lib/python3.9/site-packages/airflow/example_dags/tutorial.py took 0.096 seconds
[2025-02-04T16:27:06.961+0000] {processor.py:186} INFO - Started process (PID=638) to work on /home/airflow/.local/lib/python3.9/site-packages/airflow/example_dags/tutorial.py
[2025-02-04T16:27:06.962+0000] {processor.py:914} INFO - Processing file /home/airflow/.local/lib/python3.9/site-packages/airflow/example_dags/tutorial.py for tasks to queue
[2025-02-04T16:27:06.965+0000] {logging_mixin.py:190} INFO - [2025-02-04T16:27:06.965+0000] {dagbag.py:588} INFO - Filling up the DagBag from /home/airflow/.local/lib/python3.9/site-packages/airflow/example_dags/tutorial.py
[2025-02-04T16:27:06.975+0000] {processor.py:925} INFO - DAG(s) 'tutorial' retrieved from /home/airflow/.local/lib/python3.9/site-packages/airflow/example_dags/tutorial.py
[2025-02-04T16:27:06.997+0000] {logging_mixin.py:190} INFO - [2025-02-04T16:27:06.997+0000] {dag.py:3239} INFO - Sync 1 DAGs
[2025-02-04T16:27:07.023+0000] {logging_mixin.py:190} INFO - [2025-02-04T16:27:07.022+0000] {dag.py:4180} INFO - Setting next_dagrun for tutorial to 2025-02-03 00:00:00+00:00, run_after=2025-02-04 00:00:00+00:00
[2025-02-04T16:27:07.048+0000] {processor.py:208} INFO - Processing /home/airflow/.local/lib/python3.9/site-packages/airflow/example_dags/tutorial.py took 0.093 seconds
[2025-02-04T16:27:38.403+0000] {processor.py:186} INFO - Started process (PID=697) to work on /home/airflow/.local/lib/python3.9/site-packages/airflow/example_dags/tutorial.py
[2025-02-04T16:27:38.405+0000] {processor.py:914} INFO - Processing file /home/airflow/.local/lib/python3.9/site-packages/airflow/example_dags/tutorial.py for tasks to queue
[2025-02-04T16:27:38.408+0000] {logging_mixin.py:190} INFO - [2025-02-04T16:27:38.407+0000] {dagbag.py:588} INFO - Filling up the DagBag from /home/airflow/.local/lib/python3.9/site-packages/airflow/example_dags/tutorial.py
[2025-02-04T16:27:38.417+0000] {processor.py:925} INFO - DAG(s) 'tutorial' retrieved from /home/airflow/.local/lib/python3.9/site-packages/airflow/example_dags/tutorial.py
[2025-02-04T16:27:38.441+0000] {logging_mixin.py:190} INFO - [2025-02-04T16:27:38.441+0000] {dag.py:3239} INFO - Sync 1 DAGs
[2025-02-04T16:27:38.468+0000] {logging_mixin.py:190} INFO - [2025-02-04T16:27:38.468+0000] {dag.py:4180} INFO - Setting next_dagrun for tutorial to 2025-02-03 00:00:00+00:00, run_after=2025-02-04 00:00:00+00:00
[2025-02-04T16:27:38.496+0000] {processor.py:208} INFO - Processing /home/airflow/.local/lib/python3.9/site-packages/airflow/example_dags/tutorial.py took 0.099 seconds
[2025-02-04T16:28:09.844+0000] {processor.py:186} INFO - Started process (PID=762) to work on /home/airflow/.local/lib/python3.9/site-packages/airflow/example_dags/tutorial.py
[2025-02-04T16:28:09.845+0000] {processor.py:914} INFO - Processing file /home/airflow/.local/lib/python3.9/site-packages/airflow/example_dags/tutorial.py for tasks to queue
[2025-02-04T16:28:09.848+0000] {logging_mixin.py:190} INFO - [2025-02-04T16:28:09.848+0000] {dagbag.py:588} INFO - Filling up the DagBag from /home/airflow/.local/lib/python3.9/site-packages/airflow/example_dags/tutorial.py
[2025-02-04T16:28:09.857+0000] {processor.py:925} INFO - DAG(s) 'tutorial' retrieved from /home/airflow/.local/lib/python3.9/site-packages/airflow/example_dags/tutorial.py
[2025-02-04T16:28:09.882+0000] {logging_mixin.py:190} INFO - [2025-02-04T16:28:09.881+0000] {dag.py:3239} INFO - Sync 1 DAGs
[2025-02-04T16:28:09.907+0000] {logging_mixin.py:190} INFO - [2025-02-04T16:28:09.907+0000] {dag.py:4180} INFO - Setting next_dagrun for tutorial to 2025-02-03 00:00:00+00:00, run_after=2025-02-04 00:00:00+00:00
[2025-02-04T16:28:09.941+0000] {processor.py:208} INFO - Processing /home/airflow/.local/lib/python3.9/site-packages/airflow/example_dags/tutorial.py took 0.105 seconds
[2025-02-04T16:28:40.327+0000] {processor.py:186} INFO - Started process (PID=826) to work on /home/airflow/.local/lib/python3.9/site-packages/airflow/example_dags/tutorial.py
[2025-02-04T16:28:40.328+0000] {processor.py:914} INFO - Processing file /home/airflow/.local/lib/python3.9/site-packages/airflow/example_dags/tutorial.py for tasks to queue
[2025-02-04T16:28:40.331+0000] {logging_mixin.py:190} INFO - [2025-02-04T16:28:40.330+0000] {dagbag.py:588} INFO - Filling up the DagBag from /home/airflow/.local/lib/python3.9/site-packages/airflow/example_dags/tutorial.py
[2025-02-04T16:28:40.340+0000] {processor.py:925} INFO - DAG(s) 'tutorial' retrieved from /home/airflow/.local/lib/python3.9/site-packages/airflow/example_dags/tutorial.py
[2025-02-04T16:28:40.363+0000] {logging_mixin.py:190} INFO - [2025-02-04T16:28:40.363+0000] {dag.py:3239} INFO - Sync 1 DAGs
[2025-02-04T16:28:40.389+0000] {logging_mixin.py:190} INFO - [2025-02-04T16:28:40.388+0000] {dag.py:4180} INFO - Setting next_dagrun for tutorial to 2025-02-03 00:00:00+00:00, run_after=2025-02-04 00:00:00+00:00
[2025-02-04T16:28:40.415+0000] {processor.py:208} INFO - Processing /home/airflow/.local/lib/python3.9/site-packages/airflow/example_dags/tutorial.py took 0.095 seconds
[2025-02-04T16:29:10.595+0000] {processor.py:186} INFO - Started process (PID=890) to work on /home/airflow/.local/lib/python3.9/site-packages/airflow/example_dags/tutorial.py
[2025-02-04T16:29:10.597+0000] {processor.py:914} INFO - Processing file /home/airflow/.local/lib/python3.9/site-packages/airflow/example_dags/tutorial.py for tasks to queue
[2025-02-04T16:29:10.601+0000] {logging_mixin.py:190} INFO - [2025-02-04T16:29:10.601+0000] {dagbag.py:588} INFO - Filling up the DagBag from /home/airflow/.local/lib/python3.9/site-packages/airflow/example_dags/tutorial.py
[2025-02-04T16:29:10.611+0000] {processor.py:925} INFO - DAG(s) 'tutorial' retrieved from /home/airflow/.local/lib/python3.9/site-packages/airflow/example_dags/tutorial.py
[2025-02-04T16:29:10.636+0000] {logging_mixin.py:190} INFO - [2025-02-04T16:29:10.635+0000] {dag.py:3239} INFO - Sync 1 DAGs
[2025-02-04T16:29:10.664+0000] {logging_mixin.py:190} INFO - [2025-02-04T16:29:10.664+0000] {dag.py:4180} INFO - Setting next_dagrun for tutorial to 2025-02-03 00:00:00+00:00, run_after=2025-02-04 00:00:00+00:00
[2025-02-04T16:29:10.696+0000] {processor.py:208} INFO - Processing /home/airflow/.local/lib/python3.9/site-packages/airflow/example_dags/tutorial.py took 0.110 seconds
[2025-02-04T16:29:41.190+0000] {processor.py:186} INFO - Started process (PID=955) to work on /home/airflow/.local/lib/python3.9/site-packages/airflow/example_dags/tutorial.py
[2025-02-04T16:29:41.192+0000] {processor.py:914} INFO - Processing file /home/airflow/.local/lib/python3.9/site-packages/airflow/example_dags/tutorial.py for tasks to queue
[2025-02-04T16:29:41.195+0000] {logging_mixin.py:190} INFO - [2025-02-04T16:29:41.195+0000] {dagbag.py:588} INFO - Filling up the DagBag from /home/airflow/.local/lib/python3.9/site-packages/airflow/example_dags/tutorial.py
[2025-02-04T16:29:41.204+0000] {processor.py:925} INFO - DAG(s) 'tutorial' retrieved from /home/airflow/.local/lib/python3.9/site-packages/airflow/example_dags/tutorial.py
[2025-02-04T16:29:41.227+0000] {logging_mixin.py:190} INFO - [2025-02-04T16:29:41.227+0000] {dag.py:3239} INFO - Sync 1 DAGs
[2025-02-04T16:29:41.280+0000] {logging_mixin.py:190} INFO - [2025-02-04T16:29:41.279+0000] {dag.py:4180} INFO - Setting next_dagrun for tutorial to 2025-02-03 00:00:00+00:00, run_after=2025-02-04 00:00:00+00:00
[2025-02-04T16:29:41.308+0000] {processor.py:208} INFO - Processing /home/airflow/.local/lib/python3.9/site-packages/airflow/example_dags/tutorial.py took 0.125 seconds
[2025-02-04T16:30:11.364+0000] {processor.py:186} INFO - Started process (PID=1019) to work on /home/airflow/.local/lib/python3.9/site-packages/airflow/example_dags/tutorial.py
[2025-02-04T16:30:11.365+0000] {processor.py:914} INFO - Processing file /home/airflow/.local/lib/python3.9/site-packages/airflow/example_dags/tutorial.py for tasks to queue
[2025-02-04T16:30:11.367+0000] {logging_mixin.py:190} INFO - [2025-02-04T16:30:11.367+0000] {dagbag.py:588} INFO - Filling up the DagBag from /home/airflow/.local/lib/python3.9/site-packages/airflow/example_dags/tutorial.py
[2025-02-04T16:30:11.376+0000] {processor.py:925} INFO - DAG(s) 'tutorial' retrieved from /home/airflow/.local/lib/python3.9/site-packages/airflow/example_dags/tutorial.py
[2025-02-04T16:30:11.398+0000] {logging_mixin.py:190} INFO - [2025-02-04T16:30:11.398+0000] {dag.py:3239} INFO - Sync 1 DAGs
[2025-02-04T16:30:11.429+0000] {logging_mixin.py:190} INFO - [2025-02-04T16:30:11.428+0000] {dag.py:4180} INFO - Setting next_dagrun for tutorial to 2025-02-03 00:00:00+00:00, run_after=2025-02-04 00:00:00+00:00
[2025-02-04T16:30:11.457+0000] {processor.py:208} INFO - Processing /home/airflow/.local/lib/python3.9/site-packages/airflow/example_dags/tutorial.py took 0.101 seconds
[2025-02-04T16:30:42.103+0000] {processor.py:186} INFO - Started process (PID=1085) to work on /home/airflow/.local/lib/python3.9/site-packages/airflow/example_dags/tutorial.py
[2025-02-04T16:30:42.104+0000] {processor.py:914} INFO - Processing file /home/airflow/.local/lib/python3.9/site-packages/airflow/example_dags/tutorial.py for tasks to queue
[2025-02-04T16:30:42.107+0000] {logging_mixin.py:190} INFO - [2025-02-04T16:30:42.106+0000] {dagbag.py:588} INFO - Filling up the DagBag from /home/airflow/.local/lib/python3.9/site-packages/airflow/example_dags/tutorial.py
[2025-02-04T16:30:42.115+0000] {processor.py:925} INFO - DAG(s) 'tutorial' retrieved from /home/airflow/.local/lib/python3.9/site-packages/airflow/example_dags/tutorial.py
[2025-02-04T16:30:42.139+0000] {logging_mixin.py:190} INFO - [2025-02-04T16:30:42.139+0000] {dag.py:3239} INFO - Sync 1 DAGs
[2025-02-04T16:30:42.165+0000] {logging_mixin.py:190} INFO - [2025-02-04T16:30:42.164+0000] {dag.py:4180} INFO - Setting next_dagrun for tutorial to 2025-02-03 00:00:00+00:00, run_after=2025-02-04 00:00:00+00:00
[2025-02-04T16:30:42.194+0000] {processor.py:208} INFO - Processing /home/airflow/.local/lib/python3.9/site-packages/airflow/example_dags/tutorial.py took 0.098 seconds
[2025-02-04T16:31:13.172+0000] {processor.py:186} INFO - Started process (PID=1150) to work on /home/airflow/.local/lib/python3.9/site-packages/airflow/example_dags/tutorial.py
[2025-02-04T16:31:13.173+0000] {processor.py:914} INFO - Processing file /home/airflow/.local/lib/python3.9/site-packages/airflow/example_dags/tutorial.py for tasks to queue
[2025-02-04T16:31:13.176+0000] {logging_mixin.py:190} INFO - [2025-02-04T16:31:13.175+0000] {dagbag.py:588} INFO - Filling up the DagBag from /home/airflow/.local/lib/python3.9/site-packages/airflow/example_dags/tutorial.py
[2025-02-04T16:31:13.187+0000] {processor.py:925} INFO - DAG(s) 'tutorial' retrieved from /home/airflow/.local/lib/python3.9/site-packages/airflow/example_dags/tutorial.py
[2025-02-04T16:31:13.214+0000] {logging_mixin.py:190} INFO - [2025-02-04T16:31:13.213+0000] {dag.py:3239} INFO - Sync 1 DAGs
[2025-02-04T16:31:13.247+0000] {logging_mixin.py:190} INFO - [2025-02-04T16:31:13.246+0000] {dag.py:4180} INFO - Setting next_dagrun for tutorial to 2025-02-03 00:00:00+00:00, run_after=2025-02-04 00:00:00+00:00
[2025-02-04T16:31:13.279+0000] {processor.py:208} INFO - Processing /home/airflow/.local/lib/python3.9/site-packages/airflow/example_dags/tutorial.py took 0.114 seconds
[2025-02-04T16:31:44.091+0000] {processor.py:186} INFO - Started process (PID=1221) to work on /home/airflow/.local/lib/python3.9/site-packages/airflow/example_dags/tutorial.py
[2025-02-04T16:31:44.092+0000] {processor.py:914} INFO - Processing file /home/airflow/.local/lib/python3.9/site-packages/airflow/example_dags/tutorial.py for tasks to queue
[2025-02-04T16:31:44.095+0000] {logging_mixin.py:190} INFO - [2025-02-04T16:31:44.095+0000] {dagbag.py:588} INFO - Filling up the DagBag from /home/airflow/.local/lib/python3.9/site-packages/airflow/example_dags/tutorial.py
[2025-02-04T16:31:44.105+0000] {processor.py:925} INFO - DAG(s) 'tutorial' retrieved from /home/airflow/.local/lib/python3.9/site-packages/airflow/example_dags/tutorial.py
[2025-02-04T16:31:44.132+0000] {logging_mixin.py:190} INFO - [2025-02-04T16:31:44.131+0000] {dag.py:3239} INFO - Sync 1 DAGs
[2025-02-04T16:31:44.158+0000] {logging_mixin.py:190} INFO - [2025-02-04T16:31:44.158+0000] {dag.py:4180} INFO - Setting next_dagrun for tutorial to 2025-02-03 00:00:00+00:00, run_after=2025-02-04 00:00:00+00:00
[2025-02-04T16:31:44.186+0000] {processor.py:208} INFO - Processing /home/airflow/.local/lib/python3.9/site-packages/airflow/example_dags/tutorial.py took 0.102 seconds
[2025-02-04T16:32:14.356+0000] {processor.py:186} INFO - Started process (PID=1285) to work on /home/airflow/.local/lib/python3.9/site-packages/airflow/example_dags/tutorial.py
[2025-02-04T16:32:14.358+0000] {processor.py:914} INFO - Processing file /home/airflow/.local/lib/python3.9/site-packages/airflow/example_dags/tutorial.py for tasks to queue
[2025-02-04T16:32:14.364+0000] {logging_mixin.py:190} INFO - [2025-02-04T16:32:14.363+0000] {dagbag.py:588} INFO - Filling up the DagBag from /home/airflow/.local/lib/python3.9/site-packages/airflow/example_dags/tutorial.py
[2025-02-04T16:32:14.379+0000] {processor.py:925} INFO - DAG(s) 'tutorial' retrieved from /home/airflow/.local/lib/python3.9/site-packages/airflow/example_dags/tutorial.py
[2025-02-04T16:32:14.412+0000] {logging_mixin.py:190} INFO - [2025-02-04T16:32:14.411+0000] {dag.py:3239} INFO - Sync 1 DAGs
[2025-02-04T16:32:14.439+0000] {logging_mixin.py:190} INFO - [2025-02-04T16:32:14.439+0000] {dag.py:4180} INFO - Setting next_dagrun for tutorial to 2025-02-03 00:00:00+00:00, run_after=2025-02-04 00:00:00+00:00
[2025-02-04T16:32:14.473+0000] {processor.py:208} INFO - Processing /home/airflow/.local/lib/python3.9/site-packages/airflow/example_dags/tutorial.py took 0.128 seconds
[2025-02-04T16:32:44.742+0000] {processor.py:186} INFO - Started process (PID=1349) to work on /home/airflow/.local/lib/python3.9/site-packages/airflow/example_dags/tutorial.py
[2025-02-04T16:32:44.743+0000] {processor.py:914} INFO - Processing file /home/airflow/.local/lib/python3.9/site-packages/airflow/example_dags/tutorial.py for tasks to queue
[2025-02-04T16:32:44.746+0000] {logging_mixin.py:190} INFO - [2025-02-04T16:32:44.746+0000] {dagbag.py:588} INFO - Filling up the DagBag from /home/airflow/.local/lib/python3.9/site-packages/airflow/example_dags/tutorial.py
[2025-02-04T16:32:44.757+0000] {processor.py:925} INFO - DAG(s) 'tutorial' retrieved from /home/airflow/.local/lib/python3.9/site-packages/airflow/example_dags/tutorial.py
[2025-02-04T16:32:44.786+0000] {logging_mixin.py:190} INFO - [2025-02-04T16:32:44.785+0000] {dag.py:3239} INFO - Sync 1 DAGs
[2025-02-04T16:32:44.815+0000] {logging_mixin.py:190} INFO - [2025-02-04T16:32:44.815+0000] {dag.py:4180} INFO - Setting next_dagrun for tutorial to 2025-02-03 00:00:00+00:00, run_after=2025-02-04 00:00:00+00:00
[2025-02-04T16:32:44.862+0000] {processor.py:208} INFO - Processing /home/airflow/.local/lib/python3.9/site-packages/airflow/example_dags/tutorial.py took 0.127 seconds
[2025-02-04T16:33:15.707+0000] {processor.py:186} INFO - Started process (PID=1416) to work on /home/airflow/.local/lib/python3.9/site-packages/airflow/example_dags/tutorial.py
[2025-02-04T16:33:15.708+0000] {processor.py:914} INFO - Processing file /home/airflow/.local/lib/python3.9/site-packages/airflow/example_dags/tutorial.py for tasks to queue
[2025-02-04T16:33:15.711+0000] {logging_mixin.py:190} INFO - [2025-02-04T16:33:15.711+0000] {dagbag.py:588} INFO - Filling up the DagBag from /home/airflow/.local/lib/python3.9/site-packages/airflow/example_dags/tutorial.py
[2025-02-04T16:33:15.720+0000] {processor.py:925} INFO - DAG(s) 'tutorial' retrieved from /home/airflow/.local/lib/python3.9/site-packages/airflow/example_dags/tutorial.py
[2025-02-04T16:33:15.742+0000] {logging_mixin.py:190} INFO - [2025-02-04T16:33:15.742+0000] {dag.py:3239} INFO - Sync 1 DAGs
[2025-02-04T16:33:15.767+0000] {logging_mixin.py:190} INFO - [2025-02-04T16:33:15.766+0000] {dag.py:4180} INFO - Setting next_dagrun for tutorial to 2025-02-03 00:00:00+00:00, run_after=2025-02-04 00:00:00+00:00
[2025-02-04T16:33:15.796+0000] {processor.py:208} INFO - Processing /home/airflow/.local/lib/python3.9/site-packages/airflow/example_dags/tutorial.py took 0.096 seconds
[2025-02-04T16:33:46.523+0000] {processor.py:186} INFO - Started process (PID=1479) to work on /home/airflow/.local/lib/python3.9/site-packages/airflow/example_dags/tutorial.py
[2025-02-04T16:33:46.525+0000] {processor.py:914} INFO - Processing file /home/airflow/.local/lib/python3.9/site-packages/airflow/example_dags/tutorial.py for tasks to queue
[2025-02-04T16:33:46.527+0000] {logging_mixin.py:190} INFO - [2025-02-04T16:33:46.527+0000] {dagbag.py:588} INFO - Filling up the DagBag from /home/airflow/.local/lib/python3.9/site-packages/airflow/example_dags/tutorial.py
[2025-02-04T16:33:46.536+0000] {processor.py:925} INFO - DAG(s) 'tutorial' retrieved from /home/airflow/.local/lib/python3.9/site-packages/airflow/example_dags/tutorial.py
[2025-02-04T16:33:46.559+0000] {logging_mixin.py:190} INFO - [2025-02-04T16:33:46.558+0000] {dag.py:3239} INFO - Sync 1 DAGs
[2025-02-04T16:33:46.581+0000] {logging_mixin.py:190} INFO - [2025-02-04T16:33:46.581+0000] {dag.py:4180} INFO - Setting next_dagrun for tutorial to 2025-02-03 00:00:00+00:00, run_after=2025-02-04 00:00:00+00:00
[2025-02-04T16:33:46.611+0000] {processor.py:208} INFO - Processing /home/airflow/.local/lib/python3.9/site-packages/airflow/example_dags/tutorial.py took 0.094 seconds
[2025-02-04T16:34:17.606+0000] {processor.py:186} INFO - Started process (PID=1543) to work on /home/airflow/.local/lib/python3.9/site-packages/airflow/example_dags/tutorial.py
[2025-02-04T16:34:17.607+0000] {processor.py:914} INFO - Processing file /home/airflow/.local/lib/python3.9/site-packages/airflow/example_dags/tutorial.py for tasks to queue
[2025-02-04T16:34:17.610+0000] {logging_mixin.py:190} INFO - [2025-02-04T16:34:17.609+0000] {dagbag.py:588} INFO - Filling up the DagBag from /home/airflow/.local/lib/python3.9/site-packages/airflow/example_dags/tutorial.py
[2025-02-04T16:34:17.618+0000] {processor.py:925} INFO - DAG(s) 'tutorial' retrieved from /home/airflow/.local/lib/python3.9/site-packages/airflow/example_dags/tutorial.py
[2025-02-04T16:34:17.642+0000] {logging_mixin.py:190} INFO - [2025-02-04T16:34:17.642+0000] {dag.py:3239} INFO - Sync 1 DAGs
[2025-02-04T16:34:17.664+0000] {logging_mixin.py:190} INFO - [2025-02-04T16:34:17.664+0000] {dag.py:4180} INFO - Setting next_dagrun for tutorial to 2025-02-03 00:00:00+00:00, run_after=2025-02-04 00:00:00+00:00
[2025-02-04T16:34:17.693+0000] {processor.py:208} INFO - Processing /home/airflow/.local/lib/python3.9/site-packages/airflow/example_dags/tutorial.py took 0.094 seconds
[2025-02-04T16:34:49.633+0000] {processor.py:186} INFO - Started process (PID=1607) to work on /home/airflow/.local/lib/python3.9/site-packages/airflow/example_dags/tutorial.py
[2025-02-04T16:34:49.635+0000] {processor.py:914} INFO - Processing file /home/airflow/.local/lib/python3.9/site-packages/airflow/example_dags/tutorial.py for tasks to queue
[2025-02-04T16:34:49.637+0000] {logging_mixin.py:190} INFO - [2025-02-04T16:34:49.637+0000] {dagbag.py:588} INFO - Filling up the DagBag from /home/airflow/.local/lib/python3.9/site-packages/airflow/example_dags/tutorial.py
[2025-02-04T16:34:49.646+0000] {processor.py:925} INFO - DAG(s) 'tutorial' retrieved from /home/airflow/.local/lib/python3.9/site-packages/airflow/example_dags/tutorial.py
[2025-02-04T16:34:49.667+0000] {logging_mixin.py:190} INFO - [2025-02-04T16:34:49.667+0000] {dag.py:3239} INFO - Sync 1 DAGs
[2025-02-04T16:34:49.689+0000] {logging_mixin.py:190} INFO - [2025-02-04T16:34:49.688+0000] {dag.py:4180} INFO - Setting next_dagrun for tutorial to 2025-02-03 00:00:00+00:00, run_after=2025-02-04 00:00:00+00:00
[2025-02-04T16:34:49.714+0000] {processor.py:208} INFO - Processing /home/airflow/.local/lib/python3.9/site-packages/airflow/example_dags/tutorial.py took 0.087 seconds
[2025-02-04T16:35:19.810+0000] {processor.py:186} INFO - Started process (PID=1671) to work on /home/airflow/.local/lib/python3.9/site-packages/airflow/example_dags/tutorial.py
[2025-02-04T16:35:19.811+0000] {processor.py:914} INFO - Processing file /home/airflow/.local/lib/python3.9/site-packages/airflow/example_dags/tutorial.py for tasks to queue
[2025-02-04T16:35:19.814+0000] {logging_mixin.py:190} INFO - [2025-02-04T16:35:19.814+0000] {dagbag.py:588} INFO - Filling up the DagBag from /home/airflow/.local/lib/python3.9/site-packages/airflow/example_dags/tutorial.py
[2025-02-04T16:35:19.822+0000] {processor.py:925} INFO - DAG(s) 'tutorial' retrieved from /home/airflow/.local/lib/python3.9/site-packages/airflow/example_dags/tutorial.py
[2025-02-04T16:35:19.844+0000] {logging_mixin.py:190} INFO - [2025-02-04T16:35:19.843+0000] {dag.py:3239} INFO - Sync 1 DAGs
[2025-02-04T16:35:19.870+0000] {logging_mixin.py:190} INFO - [2025-02-04T16:35:19.869+0000] {dag.py:4180} INFO - Setting next_dagrun for tutorial to 2025-02-03 00:00:00+00:00, run_after=2025-02-04 00:00:00+00:00
[2025-02-04T16:35:19.902+0000] {processor.py:208} INFO - Processing /home/airflow/.local/lib/python3.9/site-packages/airflow/example_dags/tutorial.py took 0.099 seconds
[2025-02-04T16:35:50.793+0000] {processor.py:186} INFO - Started process (PID=1734) to work on /home/airflow/.local/lib/python3.9/site-packages/airflow/example_dags/tutorial.py
[2025-02-04T16:35:50.794+0000] {processor.py:914} INFO - Processing file /home/airflow/.local/lib/python3.9/site-packages/airflow/example_dags/tutorial.py for tasks to queue
[2025-02-04T16:35:50.797+0000] {logging_mixin.py:190} INFO - [2025-02-04T16:35:50.796+0000] {dagbag.py:588} INFO - Filling up the DagBag from /home/airflow/.local/lib/python3.9/site-packages/airflow/example_dags/tutorial.py
[2025-02-04T16:35:50.804+0000] {processor.py:925} INFO - DAG(s) 'tutorial' retrieved from /home/airflow/.local/lib/python3.9/site-packages/airflow/example_dags/tutorial.py
[2025-02-04T16:35:50.827+0000] {logging_mixin.py:190} INFO - [2025-02-04T16:35:50.827+0000] {dag.py:3239} INFO - Sync 1 DAGs
[2025-02-04T16:35:50.851+0000] {logging_mixin.py:190} INFO - [2025-02-04T16:35:50.851+0000] {dag.py:4180} INFO - Setting next_dagrun for tutorial to 2025-02-03 00:00:00+00:00, run_after=2025-02-04 00:00:00+00:00
[2025-02-04T16:35:50.877+0000] {processor.py:208} INFO - Processing /home/airflow/.local/lib/python3.9/site-packages/airflow/example_dags/tutorial.py took 0.091 seconds
[2025-02-04T16:36:21.105+0000] {processor.py:186} INFO - Started process (PID=1799) to work on /home/airflow/.local/lib/python3.9/site-packages/airflow/example_dags/tutorial.py
[2025-02-04T16:36:21.106+0000] {processor.py:914} INFO - Processing file /home/airflow/.local/lib/python3.9/site-packages/airflow/example_dags/tutorial.py for tasks to queue
[2025-02-04T16:36:21.108+0000] {logging_mixin.py:190} INFO - [2025-02-04T16:36:21.108+0000] {dagbag.py:588} INFO - Filling up the DagBag from /home/airflow/.local/lib/python3.9/site-packages/airflow/example_dags/tutorial.py
[2025-02-04T16:36:21.116+0000] {processor.py:925} INFO - DAG(s) 'tutorial' retrieved from /home/airflow/.local/lib/python3.9/site-packages/airflow/example_dags/tutorial.py
[2025-02-04T16:36:21.141+0000] {logging_mixin.py:190} INFO - [2025-02-04T16:36:21.141+0000] {dag.py:3239} INFO - Sync 1 DAGs
[2025-02-04T16:36:21.163+0000] {logging_mixin.py:190} INFO - [2025-02-04T16:36:21.162+0000] {dag.py:4180} INFO - Setting next_dagrun for tutorial to 2025-02-03 00:00:00+00:00, run_after=2025-02-04 00:00:00+00:00
[2025-02-04T16:36:21.190+0000] {processor.py:208} INFO - Processing /home/airflow/.local/lib/python3.9/site-packages/airflow/example_dags/tutorial.py took 0.092 seconds
[2025-02-04T16:36:52.564+0000] {processor.py:186} INFO - Started process (PID=1863) to work on /home/airflow/.local/lib/python3.9/site-packages/airflow/example_dags/tutorial.py
[2025-02-04T16:36:52.566+0000] {processor.py:914} INFO - Processing file /home/airflow/.local/lib/python3.9/site-packages/airflow/example_dags/tutorial.py for tasks to queue
[2025-02-04T16:36:52.570+0000] {logging_mixin.py:190} INFO - [2025-02-04T16:36:52.570+0000] {dagbag.py:588} INFO - Filling up the DagBag from /home/airflow/.local/lib/python3.9/site-packages/airflow/example_dags/tutorial.py
[2025-02-04T16:36:52.580+0000] {processor.py:925} INFO - DAG(s) 'tutorial' retrieved from /home/airflow/.local/lib/python3.9/site-packages/airflow/example_dags/tutorial.py
[2025-02-04T16:36:52.602+0000] {logging_mixin.py:190} INFO - [2025-02-04T16:36:52.602+0000] {dag.py:3239} INFO - Sync 1 DAGs
[2025-02-04T16:36:52.630+0000] {logging_mixin.py:190} INFO - [2025-02-04T16:36:52.630+0000] {dag.py:4180} INFO - Setting next_dagrun for tutorial to 2025-02-03 00:00:00+00:00, run_after=2025-02-04 00:00:00+00:00
[2025-02-04T16:36:52.657+0000] {processor.py:208} INFO - Processing /home/airflow/.local/lib/python3.9/site-packages/airflow/example_dags/tutorial.py took 0.100 seconds
[2025-02-04T16:39:26.148+0000] {processor.py:186} INFO - Started process (PID=1916) to work on /home/airflow/.local/lib/python3.9/site-packages/airflow/example_dags/tutorial.py
[2025-02-04T16:39:26.150+0000] {processor.py:914} INFO - Processing file /home/airflow/.local/lib/python3.9/site-packages/airflow/example_dags/tutorial.py for tasks to queue
[2025-02-04T16:39:26.151+0000] {logging_mixin.py:190} INFO - [2025-02-04T16:39:26.151+0000] {dagbag.py:588} INFO - Filling up the DagBag from /home/airflow/.local/lib/python3.9/site-packages/airflow/example_dags/tutorial.py
[2025-02-04T16:39:26.232+0000] {processor.py:925} INFO - DAG(s) 'tutorial' retrieved from /home/airflow/.local/lib/python3.9/site-packages/airflow/example_dags/tutorial.py
[2025-02-04T16:39:26.255+0000] {logging_mixin.py:190} INFO - [2025-02-04T16:39:26.255+0000] {dag.py:3239} INFO - Sync 1 DAGs
[2025-02-04T16:39:26.282+0000] {logging_mixin.py:190} INFO - [2025-02-04T16:39:26.282+0000] {dag.py:4180} INFO - Setting next_dagrun for tutorial to 2025-02-03 00:00:00+00:00, run_after=2025-02-04 00:00:00+00:00
[2025-02-04T16:39:26.308+0000] {processor.py:208} INFO - Processing /home/airflow/.local/lib/python3.9/site-packages/airflow/example_dags/tutorial.py took 0.166 seconds
[2025-02-04T16:39:56.902+0000] {processor.py:186} INFO - Started process (PID=1980) to work on /home/airflow/.local/lib/python3.9/site-packages/airflow/example_dags/tutorial.py
[2025-02-04T16:39:56.903+0000] {processor.py:914} INFO - Processing file /home/airflow/.local/lib/python3.9/site-packages/airflow/example_dags/tutorial.py for tasks to queue
[2025-02-04T16:39:56.905+0000] {logging_mixin.py:190} INFO - [2025-02-04T16:39:56.905+0000] {dagbag.py:588} INFO - Filling up the DagBag from /home/airflow/.local/lib/python3.9/site-packages/airflow/example_dags/tutorial.py
[2025-02-04T16:39:56.913+0000] {processor.py:925} INFO - DAG(s) 'tutorial' retrieved from /home/airflow/.local/lib/python3.9/site-packages/airflow/example_dags/tutorial.py
[2025-02-04T16:39:56.933+0000] {logging_mixin.py:190} INFO - [2025-02-04T16:39:56.933+0000] {dag.py:3239} INFO - Sync 1 DAGs
[2025-02-04T16:39:56.954+0000] {logging_mixin.py:190} INFO - [2025-02-04T16:39:56.954+0000] {dag.py:4180} INFO - Setting next_dagrun for tutorial to 2025-02-03 00:00:00+00:00, run_after=2025-02-04 00:00:00+00:00
[2025-02-04T16:39:56.978+0000] {processor.py:208} INFO - Processing /home/airflow/.local/lib/python3.9/site-packages/airflow/example_dags/tutorial.py took 0.082 seconds
[2025-02-04T16:40:28.042+0000] {processor.py:186} INFO - Started process (PID=2044) to work on /home/airflow/.local/lib/python3.9/site-packages/airflow/example_dags/tutorial.py
[2025-02-04T16:40:28.043+0000] {processor.py:914} INFO - Processing file /home/airflow/.local/lib/python3.9/site-packages/airflow/example_dags/tutorial.py for tasks to queue
[2025-02-04T16:40:28.045+0000] {logging_mixin.py:190} INFO - [2025-02-04T16:40:28.044+0000] {dagbag.py:588} INFO - Filling up the DagBag from /home/airflow/.local/lib/python3.9/site-packages/airflow/example_dags/tutorial.py
[2025-02-04T16:40:28.053+0000] {processor.py:925} INFO - DAG(s) 'tutorial' retrieved from /home/airflow/.local/lib/python3.9/site-packages/airflow/example_dags/tutorial.py
[2025-02-04T16:40:28.075+0000] {logging_mixin.py:190} INFO - [2025-02-04T16:40:28.075+0000] {dag.py:3239} INFO - Sync 1 DAGs
[2025-02-04T16:40:28.098+0000] {logging_mixin.py:190} INFO - [2025-02-04T16:40:28.098+0000] {dag.py:4180} INFO - Setting next_dagrun for tutorial to 2025-02-03 00:00:00+00:00, run_after=2025-02-04 00:00:00+00:00
[2025-02-04T16:40:28.122+0000] {processor.py:208} INFO - Processing /home/airflow/.local/lib/python3.9/site-packages/airflow/example_dags/tutorial.py took 0.086 seconds
[2025-02-04T16:40:58.807+0000] {processor.py:186} INFO - Started process (PID=2108) to work on /home/airflow/.local/lib/python3.9/site-packages/airflow/example_dags/tutorial.py
[2025-02-04T16:40:58.808+0000] {processor.py:914} INFO - Processing file /home/airflow/.local/lib/python3.9/site-packages/airflow/example_dags/tutorial.py for tasks to queue
[2025-02-04T16:40:58.810+0000] {logging_mixin.py:190} INFO - [2025-02-04T16:40:58.810+0000] {dagbag.py:588} INFO - Filling up the DagBag from /home/airflow/.local/lib/python3.9/site-packages/airflow/example_dags/tutorial.py
[2025-02-04T16:40:58.819+0000] {processor.py:925} INFO - DAG(s) 'tutorial' retrieved from /home/airflow/.local/lib/python3.9/site-packages/airflow/example_dags/tutorial.py
[2025-02-04T16:40:58.840+0000] {logging_mixin.py:190} INFO - [2025-02-04T16:40:58.839+0000] {dag.py:3239} INFO - Sync 1 DAGs
[2025-02-04T16:40:58.863+0000] {logging_mixin.py:190} INFO - [2025-02-04T16:40:58.862+0000] {dag.py:4180} INFO - Setting next_dagrun for tutorial to 2025-02-03 00:00:00+00:00, run_after=2025-02-04 00:00:00+00:00
[2025-02-04T16:40:58.888+0000] {processor.py:208} INFO - Processing /home/airflow/.local/lib/python3.9/site-packages/airflow/example_dags/tutorial.py took 0.088 seconds
[2025-02-04T16:41:30.004+0000] {processor.py:186} INFO - Started process (PID=2172) to work on /home/airflow/.local/lib/python3.9/site-packages/airflow/example_dags/tutorial.py
[2025-02-04T16:41:30.006+0000] {processor.py:914} INFO - Processing file /home/airflow/.local/lib/python3.9/site-packages/airflow/example_dags/tutorial.py for tasks to queue
[2025-02-04T16:41:30.008+0000] {logging_mixin.py:190} INFO - [2025-02-04T16:41:30.007+0000] {dagbag.py:588} INFO - Filling up the DagBag from /home/airflow/.local/lib/python3.9/site-packages/airflow/example_dags/tutorial.py
[2025-02-04T16:41:30.017+0000] {processor.py:925} INFO - DAG(s) 'tutorial' retrieved from /home/airflow/.local/lib/python3.9/site-packages/airflow/example_dags/tutorial.py
[2025-02-04T16:41:30.038+0000] {logging_mixin.py:190} INFO - [2025-02-04T16:41:30.038+0000] {dag.py:3239} INFO - Sync 1 DAGs
[2025-02-04T16:41:30.060+0000] {logging_mixin.py:190} INFO - [2025-02-04T16:41:30.060+0000] {dag.py:4180} INFO - Setting next_dagrun for tutorial to 2025-02-03 00:00:00+00:00, run_after=2025-02-04 00:00:00+00:00
[2025-02-04T16:41:30.085+0000] {processor.py:208} INFO - Processing /home/airflow/.local/lib/python3.9/site-packages/airflow/example_dags/tutorial.py took 0.087 seconds
[2025-02-04T16:42:00.122+0000] {processor.py:186} INFO - Started process (PID=2236) to work on /home/airflow/.local/lib/python3.9/site-packages/airflow/example_dags/tutorial.py
[2025-02-04T16:42:00.123+0000] {processor.py:914} INFO - Processing file /home/airflow/.local/lib/python3.9/site-packages/airflow/example_dags/tutorial.py for tasks to queue
[2025-02-04T16:42:00.125+0000] {logging_mixin.py:190} INFO - [2025-02-04T16:42:00.124+0000] {dagbag.py:588} INFO - Filling up the DagBag from /home/airflow/.local/lib/python3.9/site-packages/airflow/example_dags/tutorial.py
[2025-02-04T16:42:00.134+0000] {processor.py:925} INFO - DAG(s) 'tutorial' retrieved from /home/airflow/.local/lib/python3.9/site-packages/airflow/example_dags/tutorial.py
[2025-02-04T16:42:00.155+0000] {logging_mixin.py:190} INFO - [2025-02-04T16:42:00.155+0000] {dag.py:3239} INFO - Sync 1 DAGs
[2025-02-04T16:42:00.177+0000] {logging_mixin.py:190} INFO - [2025-02-04T16:42:00.177+0000] {dag.py:4180} INFO - Setting next_dagrun for tutorial to 2025-02-03 00:00:00+00:00, run_after=2025-02-04 00:00:00+00:00
[2025-02-04T16:42:00.203+0000] {processor.py:208} INFO - Processing /home/airflow/.local/lib/python3.9/site-packages/airflow/example_dags/tutorial.py took 0.088 seconds
[2025-02-04T16:42:29.476+0000] {processor.py:186} INFO - Started process (PID=2300) to work on /home/airflow/.local/lib/python3.9/site-packages/airflow/example_dags/tutorial.py
[2025-02-04T16:42:29.477+0000] {processor.py:914} INFO - Processing file /home/airflow/.local/lib/python3.9/site-packages/airflow/example_dags/tutorial.py for tasks to queue
[2025-02-04T16:42:29.479+0000] {logging_mixin.py:190} INFO - [2025-02-04T16:42:29.479+0000] {dagbag.py:588} INFO - Filling up the DagBag from /home/airflow/.local/lib/python3.9/site-packages/airflow/example_dags/tutorial.py
[2025-02-04T16:42:29.492+0000] {processor.py:925} INFO - DAG(s) 'tutorial' retrieved from /home/airflow/.local/lib/python3.9/site-packages/airflow/example_dags/tutorial.py
[2025-02-04T16:42:29.514+0000] {logging_mixin.py:190} INFO - [2025-02-04T16:42:29.514+0000] {dag.py:3239} INFO - Sync 1 DAGs
[2025-02-04T16:42:29.540+0000] {logging_mixin.py:190} INFO - [2025-02-04T16:42:29.540+0000] {dag.py:4180} INFO - Setting next_dagrun for tutorial to 2025-02-03 00:00:00+00:00, run_after=2025-02-04 00:00:00+00:00
[2025-02-04T16:42:29.566+0000] {processor.py:208} INFO - Processing /home/airflow/.local/lib/python3.9/site-packages/airflow/example_dags/tutorial.py took 0.097 seconds
[2025-02-04T16:42:59.942+0000] {processor.py:186} INFO - Started process (PID=2349) to work on /home/airflow/.local/lib/python3.9/site-packages/airflow/example_dags/tutorial.py
[2025-02-04T16:42:59.943+0000] {processor.py:914} INFO - Processing file /home/airflow/.local/lib/python3.9/site-packages/airflow/example_dags/tutorial.py for tasks to queue
[2025-02-04T16:42:59.945+0000] {logging_mixin.py:190} INFO - [2025-02-04T16:42:59.945+0000] {dagbag.py:588} INFO - Filling up the DagBag from /home/airflow/.local/lib/python3.9/site-packages/airflow/example_dags/tutorial.py
[2025-02-04T16:42:59.955+0000] {processor.py:925} INFO - DAG(s) 'tutorial' retrieved from /home/airflow/.local/lib/python3.9/site-packages/airflow/example_dags/tutorial.py
[2025-02-04T16:42:59.977+0000] {logging_mixin.py:190} INFO - [2025-02-04T16:42:59.976+0000] {dag.py:3239} INFO - Sync 1 DAGs
[2025-02-04T16:43:00.004+0000] {logging_mixin.py:190} INFO - [2025-02-04T16:43:00.004+0000] {dag.py:4180} INFO - Setting next_dagrun for tutorial to 2025-02-03 00:00:00+00:00, run_after=2025-02-04 00:00:00+00:00
[2025-02-04T16:43:00.032+0000] {processor.py:208} INFO - Processing /home/airflow/.local/lib/python3.9/site-packages/airflow/example_dags/tutorial.py took 0.096 seconds
[2025-02-04T16:43:30.184+0000] {processor.py:186} INFO - Started process (PID=2413) to work on /home/airflow/.local/lib/python3.9/site-packages/airflow/example_dags/tutorial.py
[2025-02-04T16:43:30.185+0000] {processor.py:914} INFO - Processing file /home/airflow/.local/lib/python3.9/site-packages/airflow/example_dags/tutorial.py for tasks to queue
[2025-02-04T16:43:30.187+0000] {logging_mixin.py:190} INFO - [2025-02-04T16:43:30.187+0000] {dagbag.py:588} INFO - Filling up the DagBag from /home/airflow/.local/lib/python3.9/site-packages/airflow/example_dags/tutorial.py
[2025-02-04T16:43:30.196+0000] {processor.py:925} INFO - DAG(s) 'tutorial' retrieved from /home/airflow/.local/lib/python3.9/site-packages/airflow/example_dags/tutorial.py
[2025-02-04T16:43:30.218+0000] {logging_mixin.py:190} INFO - [2025-02-04T16:43:30.217+0000] {dag.py:3239} INFO - Sync 1 DAGs
[2025-02-04T16:43:30.242+0000] {logging_mixin.py:190} INFO - [2025-02-04T16:43:30.242+0000] {dag.py:4180} INFO - Setting next_dagrun for tutorial to 2025-02-03 00:00:00+00:00, run_after=2025-02-04 00:00:00+00:00
[2025-02-04T16:43:30.275+0000] {processor.py:208} INFO - Processing /home/airflow/.local/lib/python3.9/site-packages/airflow/example_dags/tutorial.py took 0.098 seconds
[2025-02-04T16:44:01.069+0000] {processor.py:186} INFO - Started process (PID=2477) to work on /home/airflow/.local/lib/python3.9/site-packages/airflow/example_dags/tutorial.py
[2025-02-04T16:44:01.070+0000] {processor.py:914} INFO - Processing file /home/airflow/.local/lib/python3.9/site-packages/airflow/example_dags/tutorial.py for tasks to queue
[2025-02-04T16:44:01.072+0000] {logging_mixin.py:190} INFO - [2025-02-04T16:44:01.072+0000] {dagbag.py:588} INFO - Filling up the DagBag from /home/airflow/.local/lib/python3.9/site-packages/airflow/example_dags/tutorial.py
[2025-02-04T16:44:01.082+0000] {processor.py:925} INFO - DAG(s) 'tutorial' retrieved from /home/airflow/.local/lib/python3.9/site-packages/airflow/example_dags/tutorial.py
[2025-02-04T16:44:01.105+0000] {logging_mixin.py:190} INFO - [2025-02-04T16:44:01.104+0000] {dag.py:3239} INFO - Sync 1 DAGs
[2025-02-04T16:44:01.130+0000] {logging_mixin.py:190} INFO - [2025-02-04T16:44:01.130+0000] {dag.py:4180} INFO - Setting next_dagrun for tutorial to 2025-02-03 00:00:00+00:00, run_after=2025-02-04 00:00:00+00:00
[2025-02-04T16:44:01.157+0000] {processor.py:208} INFO - Processing /home/airflow/.local/lib/python3.9/site-packages/airflow/example_dags/tutorial.py took 0.096 seconds
[2025-02-04T16:44:31.231+0000] {processor.py:186} INFO - Started process (PID=2541) to work on /home/airflow/.local/lib/python3.9/site-packages/airflow/example_dags/tutorial.py
[2025-02-04T16:44:31.232+0000] {processor.py:914} INFO - Processing file /home/airflow/.local/lib/python3.9/site-packages/airflow/example_dags/tutorial.py for tasks to queue
[2025-02-04T16:44:31.234+0000] {logging_mixin.py:190} INFO - [2025-02-04T16:44:31.233+0000] {dagbag.py:588} INFO - Filling up the DagBag from /home/airflow/.local/lib/python3.9/site-packages/airflow/example_dags/tutorial.py
[2025-02-04T16:44:31.243+0000] {processor.py:925} INFO - DAG(s) 'tutorial' retrieved from /home/airflow/.local/lib/python3.9/site-packages/airflow/example_dags/tutorial.py
[2025-02-04T16:44:31.265+0000] {logging_mixin.py:190} INFO - [2025-02-04T16:44:31.265+0000] {dag.py:3239} INFO - Sync 1 DAGs
[2025-02-04T16:44:31.289+0000] {logging_mixin.py:190} INFO - [2025-02-04T16:44:31.289+0000] {dag.py:4180} INFO - Setting next_dagrun for tutorial to 2025-02-03 00:00:00+00:00, run_after=2025-02-04 00:00:00+00:00
[2025-02-04T16:44:31.316+0000] {processor.py:208} INFO - Processing /home/airflow/.local/lib/python3.9/site-packages/airflow/example_dags/tutorial.py took 0.092 seconds
[2025-02-04T16:45:02.328+0000] {processor.py:186} INFO - Started process (PID=2609) to work on /home/airflow/.local/lib/python3.9/site-packages/airflow/example_dags/tutorial.py
[2025-02-04T16:45:02.330+0000] {processor.py:914} INFO - Processing file /home/airflow/.local/lib/python3.9/site-packages/airflow/example_dags/tutorial.py for tasks to queue
[2025-02-04T16:45:02.332+0000] {logging_mixin.py:190} INFO - [2025-02-04T16:45:02.331+0000] {dagbag.py:588} INFO - Filling up the DagBag from /home/airflow/.local/lib/python3.9/site-packages/airflow/example_dags/tutorial.py
[2025-02-04T16:45:02.345+0000] {processor.py:925} INFO - DAG(s) 'tutorial' retrieved from /home/airflow/.local/lib/python3.9/site-packages/airflow/example_dags/tutorial.py
[2025-02-04T16:45:02.368+0000] {logging_mixin.py:190} INFO - [2025-02-04T16:45:02.368+0000] {dag.py:3239} INFO - Sync 1 DAGs
[2025-02-04T16:45:02.393+0000] {logging_mixin.py:190} INFO - [2025-02-04T16:45:02.393+0000] {dag.py:4180} INFO - Setting next_dagrun for tutorial to 2025-02-03 00:00:00+00:00, run_after=2025-02-04 00:00:00+00:00
[2025-02-04T16:45:02.419+0000] {processor.py:208} INFO - Processing /home/airflow/.local/lib/python3.9/site-packages/airflow/example_dags/tutorial.py took 0.098 seconds
[2025-02-04T16:45:33.152+0000] {processor.py:186} INFO - Started process (PID=2685) to work on /home/airflow/.local/lib/python3.9/site-packages/airflow/example_dags/tutorial.py
[2025-02-04T16:45:33.153+0000] {processor.py:914} INFO - Processing file /home/airflow/.local/lib/python3.9/site-packages/airflow/example_dags/tutorial.py for tasks to queue
[2025-02-04T16:45:33.154+0000] {logging_mixin.py:190} INFO - [2025-02-04T16:45:33.154+0000] {dagbag.py:588} INFO - Filling up the DagBag from /home/airflow/.local/lib/python3.9/site-packages/airflow/example_dags/tutorial.py
[2025-02-04T16:45:33.164+0000] {processor.py:925} INFO - DAG(s) 'tutorial' retrieved from /home/airflow/.local/lib/python3.9/site-packages/airflow/example_dags/tutorial.py
[2025-02-04T16:45:33.185+0000] {logging_mixin.py:190} INFO - [2025-02-04T16:45:33.185+0000] {dag.py:3239} INFO - Sync 1 DAGs
[2025-02-04T16:45:33.211+0000] {logging_mixin.py:190} INFO - [2025-02-04T16:45:33.211+0000] {dag.py:4180} INFO - Setting next_dagrun for tutorial to 2025-02-03 00:00:00+00:00, run_after=2025-02-04 00:00:00+00:00
[2025-02-04T16:45:33.238+0000] {processor.py:208} INFO - Processing /home/airflow/.local/lib/python3.9/site-packages/airflow/example_dags/tutorial.py took 0.093 seconds
[2025-02-04T16:46:05.864+0000] {processor.py:186} INFO - Started process (PID=2755) to work on /home/airflow/.local/lib/python3.9/site-packages/airflow/example_dags/tutorial.py
[2025-02-04T16:46:05.865+0000] {processor.py:914} INFO - Processing file /home/airflow/.local/lib/python3.9/site-packages/airflow/example_dags/tutorial.py for tasks to queue
[2025-02-04T16:46:05.867+0000] {logging_mixin.py:190} INFO - [2025-02-04T16:46:05.867+0000] {dagbag.py:588} INFO - Filling up the DagBag from /home/airflow/.local/lib/python3.9/site-packages/airflow/example_dags/tutorial.py
[2025-02-04T16:46:05.876+0000] {processor.py:925} INFO - DAG(s) 'tutorial' retrieved from /home/airflow/.local/lib/python3.9/site-packages/airflow/example_dags/tutorial.py
[2025-02-04T16:46:05.897+0000] {logging_mixin.py:190} INFO - [2025-02-04T16:46:05.897+0000] {dag.py:3239} INFO - Sync 1 DAGs
[2025-02-04T16:46:05.922+0000] {logging_mixin.py:190} INFO - [2025-02-04T16:46:05.922+0000] {dag.py:4180} INFO - Setting next_dagrun for tutorial to 2025-02-03 00:00:00+00:00, run_after=2025-02-04 00:00:00+00:00
[2025-02-04T16:46:05.992+0000] {processor.py:208} INFO - Processing /home/airflow/.local/lib/python3.9/site-packages/airflow/example_dags/tutorial.py took 0.135 seconds
[2025-02-04T16:46:36.466+0000] {processor.py:186} INFO - Started process (PID=2819) to work on /home/airflow/.local/lib/python3.9/site-packages/airflow/example_dags/tutorial.py
[2025-02-04T16:46:36.467+0000] {processor.py:914} INFO - Processing file /home/airflow/.local/lib/python3.9/site-packages/airflow/example_dags/tutorial.py for tasks to queue
[2025-02-04T16:46:36.469+0000] {logging_mixin.py:190} INFO - [2025-02-04T16:46:36.468+0000] {dagbag.py:588} INFO - Filling up the DagBag from /home/airflow/.local/lib/python3.9/site-packages/airflow/example_dags/tutorial.py
[2025-02-04T16:46:36.478+0000] {processor.py:925} INFO - DAG(s) 'tutorial' retrieved from /home/airflow/.local/lib/python3.9/site-packages/airflow/example_dags/tutorial.py
[2025-02-04T16:46:36.502+0000] {logging_mixin.py:190} INFO - [2025-02-04T16:46:36.501+0000] {dag.py:3239} INFO - Sync 1 DAGs
[2025-02-04T16:46:36.525+0000] {logging_mixin.py:190} INFO - [2025-02-04T16:46:36.524+0000] {dag.py:4180} INFO - Setting next_dagrun for tutorial to 2025-02-03 00:00:00+00:00, run_after=2025-02-04 00:00:00+00:00
[2025-02-04T16:46:36.550+0000] {processor.py:208} INFO - Processing /home/airflow/.local/lib/python3.9/site-packages/airflow/example_dags/tutorial.py took 0.094 seconds
[2025-02-04T16:47:11.774+0000] {processor.py:186} INFO - Started process (PID=2886) to work on /home/airflow/.local/lib/python3.9/site-packages/airflow/example_dags/tutorial.py
[2025-02-04T16:47:11.775+0000] {processor.py:914} INFO - Processing file /home/airflow/.local/lib/python3.9/site-packages/airflow/example_dags/tutorial.py for tasks to queue
[2025-02-04T16:47:11.778+0000] {logging_mixin.py:190} INFO - [2025-02-04T16:47:11.777+0000] {dagbag.py:588} INFO - Filling up the DagBag from /home/airflow/.local/lib/python3.9/site-packages/airflow/example_dags/tutorial.py
[2025-02-04T16:47:11.790+0000] {processor.py:925} INFO - DAG(s) 'tutorial' retrieved from /home/airflow/.local/lib/python3.9/site-packages/airflow/example_dags/tutorial.py
[2025-02-04T16:47:11.813+0000] {logging_mixin.py:190} INFO - [2025-02-04T16:47:11.813+0000] {dag.py:3239} INFO - Sync 1 DAGs
[2025-02-04T16:47:11.844+0000] {logging_mixin.py:190} INFO - [2025-02-04T16:47:11.844+0000] {dag.py:4180} INFO - Setting next_dagrun for tutorial to 2025-02-03 00:00:00+00:00, run_after=2025-02-04 00:00:00+00:00
[2025-02-04T16:47:11.865+0000] {processor.py:208} INFO - Processing /home/airflow/.local/lib/python3.9/site-packages/airflow/example_dags/tutorial.py took 0.099 seconds
